# gmm-est --mix-up=10000 --power=0.25 --write-occs=exp/tri_ug/31.occs exp/tri_ug/30.mdl "gmm-sum-accs - exp/tri_ug/30.*.acc |" exp/tri_ug/31.mdl 
# Started at Mon Apr 29 12:44:14 EEST 2024
#
gmm-est --mix-up=10000 --power=0.25 --write-occs=exp/tri_ug/31.occs exp/tri_ug/30.mdl 'gmm-sum-accs - exp/tri_ug/30.*.acc |' exp/tri_ug/31.mdl 
gmm-sum-accs - exp/tri_ug/30.1.acc exp/tri_ug/30.2.acc exp/tri_ug/30.3.acc exp/tri_ug/30.4.acc 
LOG (gmm-sum-accs[5.5.1126~1-8c451]:main():gmm-sum-accs.cc:63) Summed 4 stats, total count 599290, avg like/frame -78.6655
LOG (gmm-sum-accs[5.5.1126~1-8c451]:main():gmm-sum-accs.cc:66) Total count of stats is 599290
LOG (gmm-sum-accs[5.5.1126~1-8c451]:main():gmm-sum-accs.cc:67) Written stats to -
LOG (gmm-est[5.5.1126~1-8c451]:MleUpdate():transition-model.cc:528) TransitionModel::Update, objf change is 9.57934e-05 per frame over 599290 frames. 
LOG (gmm-est[5.5.1126~1-8c451]:MleUpdate():transition-model.cc:531) 73 probabilities floored, 3108 out of 4145 transition-states skipped due to insuffient data (it is normal to have some skipped.)
LOG (gmm-est[5.5.1126~1-8c451]:main():gmm-est.cc:102) Transition model update: Overall 9.57934e-05 log-like improvement per frame over 599290 frames.
WARNING (gmm-est[5.5.1126~1-8c451]:MleDiagGmmUpdate():mle-diag-gmm.cc:365) Gaussian has too little data but not removing it because it is the last Gaussian: i = 0, occ = 0, weight = 1
WARNING (gmm-est[5.5.1126~1-8c451]:MleDiagGmmUpdate():mle-diag-gmm.cc:359) Too little data - removing Gaussian (weight 0.037992, occupation count 9.308077, vector size 39)
WARNING (gmm-est[5.5.1126~1-8c451]:MleDiagGmmUpdate():mle-diag-gmm.cc:359) Too little data - removing Gaussian (weight 0.045525, occupation count 9.014039, vector size 39)
WARNING (gmm-est[5.5.1126~1-8c451]:MleDiagGmmUpdate():mle-diag-gmm.cc:359) Too little data - removing Gaussian (weight 0.037814, occupation count 9.793818, vector size 39)
WARNING (gmm-est[5.5.1126~1-8c451]:MleDiagGmmUpdate():mle-diag-gmm.cc:359) Too little data - removing Gaussian (weight 0.042002, occupation count 9.744428, vector size 39)
WARNING (gmm-est[5.5.1126~1-8c451]:MleDiagGmmUpdate():mle-diag-gmm.cc:359) Too little data - removing Gaussian (weight 0.046694, occupation count 9.618940, vector size 39)
WARNING (gmm-est[5.5.1126~1-8c451]:MleDiagGmmUpdate():mle-diag-gmm.cc:359) Too little data - removing Gaussian (weight 0.029840, occupation count 9.011679, vector size 39)
WARNING (gmm-est[5.5.1126~1-8c451]:MleDiagGmmUpdate():mle-diag-gmm.cc:359) Too little data - removing Gaussian (weight 0.041519, occupation count 8.428277, vector size 39)
WARNING (gmm-est[5.5.1126~1-8c451]:MleDiagGmmUpdate():mle-diag-gmm.cc:359) Too little data - removing Gaussian (weight 0.045650, occupation count 9.266903, vector size 39)
LOG (gmm-est[5.5.1126~1-8c451]:MleAmDiagGmmUpdate():mle-am-diag-gmm.cc:225) 0 variance elements floored in 0 Gaussians, out of 10001
LOG (gmm-est[5.5.1126~1-8c451]:MleAmDiagGmmUpdate():mle-am-diag-gmm.cc:229) Removed 8 Gaussians due to counts < --min-gaussian-occupancy=10 and --remove-low-count-gaussians=true
LOG (gmm-est[5.5.1126~1-8c451]:main():gmm-est.cc:113) GMM update: Overall 0.0778271 objective function improvement per frame over 599290 frames
LOG (gmm-est[5.5.1126~1-8c451]:main():gmm-est.cc:116) GMM update: Overall avg like per frame = -78.6655 over 599290 frames.
LOG (gmm-est[5.5.1126~1-8c451]:SplitByCount():am-diag-gmm.cc:116) Split 952 states with target = 10000, power = 0.25, perturb_factor = 0.01 and min_count = 20, split #Gauss from 10001 to 10032
LOG (gmm-est[5.5.1126~1-8c451]:main():gmm-est.cc:146) Written model to exp/tri_ug/31.mdl
# Accounting: time=0 threads=1
# Ended (code 0) at Mon Apr 29 12:44:14 EEST 2024, elapsed time 0 seconds
