# lattice-scale --inv-acoustic-scale=9 "ark:gunzip -c ./exp/tri_bg/decode_dnn/lat.*.gz|" ark:- | lattice-add-penalty --word-ins-penalty=1.0 ark:- ark:- | lattice-best-path --word-symbol-table=./exp/tri_bg/graph/words.txt ark:- ark,t:- | utils/int2sym.pl -f 2- ./exp/tri_bg/graph/words.txt | cat > ./exp/tri_bg/decode_dnn/scoring_kaldi/penalty_1.0/9.txt 
# Started at Mon Apr 29 13:56:02 EEST 2024
#
lattice-add-penalty --word-ins-penalty=1.0 ark:- ark:- 
lattice-scale --inv-acoustic-scale=9 'ark:gunzip -c ./exp/tri_bg/decode_dnn/lat.*.gz|' ark:- 
lattice-best-path --word-symbol-table=./exp/tri_bg/graph/words.txt ark:- ark,t:- 
LOG (lattice-best-path[5.5.1126~1-8c451]:main():lattice-best-path.cc:99) For utterance f1_001, best cost 73.8616 + 268.175 = 342.036 over 237 frames.
f1_001 sil ih s ih z iy s iy f er aw s sil 
LOG (lattice-best-path[5.5.1126~1-8c451]:main():lattice-best-path.cc:99) For utterance f1_006, best cost 107.456 + 336.835 = 444.291 over 338 frames.
f1_006 sil w ay ey l ao r iy ow v er s ah l iy ay d ah n z sil 
LOG (lattice-best-path[5.5.1126~1-8c451]:main():lattice-best-path.cc:99) For utterance f1_011, best cost 87.1195 + 345.931 = 433.051 over 306 frames.
f1_011 sil s w iy aa r ah z hh ay z iy k aw n sil 
LOG (lattice-best-path[5.5.1126~1-8c451]:main():lattice-best-path.cc:99) For utterance f1_016, best cost 116.557 + 351.995 = 468.553 over 336 frames.
f1_016 sil ae l ah n iy hh ay z ah d ih f ao r s k ae n d ah l sil 
LOG (lattice-best-path[5.5.1126~1-8c451]:main():lattice-best-path.cc:99) For utterance f1_021, best cost 77.6704 + 336.208 = 413.878 over 290 frames.
f1_021 sil ah l iy l ay er z ah l er sil s sil 
LOG (lattice-best-path[5.5.1126~1-8c451]:main():lattice-best-path.cc:99) For utterance f1_026, best cost 106.607 + 315.913 = 422.52 over 305 frames.
f1_026 sil d ow n t uw ch er l iy s t er d iy d ih sh ah z sil 
LOG (lattice-best-path[5.5.1126~1-8c451]:main():lattice-best-path.cc:99) For utterance f1_031, best cost 139.747 + 400.508 = 540.255 over 395 frames.
f1_031 sil aa r s k ah l p er iy s l w ao z aa r jh uw ey sh ah n z ah n sil 
LOG (lattice-best-path[5.5.1126~1-8c451]:main():lattice-best-path.cc:99) For utterance f1_036, best cost 101.176 + 375.265 = 476.441 over 353 frames.
f1_036 sil eh s ah b aa n dh iy eh t ey n s w er t sil 
LOG (lattice-best-path[5.5.1126~1-8c451]:main():lattice-best-path.cc:99) For utterance f1_041, best cost 112.16 + 380.367 = 492.528 over 363 frames.
f1_041 sil dh ae sh ih z p ey p aa k aa m p ah s m ay er sil 
LOG (lattice-best-path[5.5.1126~1-8c451]:main():lattice-best-path.cc:99) For utterance f1_046, best cost 104.726 + 389.778 = 494.504 over 373 frames.
f1_046 sil dh iy p r l ao r s t iy ae s k ah s k ae z sil 
LOG (lattice-best-path[5.5.1126~1-8c451]:main():lattice-best-path.cc:99) For utterance f1_051, best cost 151.809 + 415.366 = 567.175 over 398 frames.
f1_051 sil ah n iy k ah n t uw dh ey sh ah n z ah l iy g r iy l iy p r iy ch ey t ah d sil 
LOG (lattice-best-path[5.5.1126~1-8c451]:main():lattice-best-path.cc:99) For utterance f1_056, best cost 139.365 + 423.258 = 562.623 over 439 frames.
f1_056 sil w eh s er z k ae sh er ch k ow s t iy p r iy s ih ng s ah z sil 
LOG (lattice-best-path[5.5.1126~1-8c451]:main():lattice-best-path.cc:99) For utterance f1_061, best cost 127.489 + 351.545 = 479.034 over 359 frames.
f1_061 sil ow s t ih s p oy l ih z ih z p l ey s ah n s k r ey n sil 
LOG (lattice-best-path[5.5.1126~1-8c451]:main():lattice-best-path.cc:99) For utterance f1_066, best cost 107.7 + 291.284 = 398.985 over 309 frames.
f1_066 sil er z k ah s k aa r g r eh s t uw f r iy l iy sil 
LOG (lattice-best-path[5.5.1126~1-8c451]:main():lattice-best-path.cc:99) For utterance f1_071, best cost 143.643 + 448.655 = 592.298 over 436 frames.
f1_071 sil ao r ey sh n ah l ah f ah n er z ae n d ih ng l iy v iy s t iy t sil 
LOG (lattice-best-path[5.5.1126~1-8c451]:main():lattice-best-path.cc:99) For utterance f1_076, best cost 88.0761 + 325.155 = 413.231 over 313 frames.
f1_076 sil ih ng g er z ah v ae n s k aa ch er sil 
LOG (lattice-best-path[5.5.1126~1-8c451]:main():lattice-best-path.cc:99) For utterance f1_081, best cost 138.799 + 359.296 = 498.095 over 360 frames.
f1_081 sil ae s k r ey p aa r d iy s hh aa s ah n t ih n ah n ey sh ah n sil 
LOG (lattice-best-path[5.5.1126~1-8c451]:main():lattice-best-path.cc:99) For utterance f1_086, best cost 193.039 + 503.133 = 696.172 over 522 frames.
f1_086 sil uw ch ah l d ah n t eh k r iy b eh k l ae s er m z f er hh aa k ao l aa l ah d ey z sil 
LOG (lattice-best-path[5.5.1126~1-8c451]:main():lattice-best-path.cc:99) For utterance f1_091, best cost 105.558 + 343.095 = 448.653 over 327 frames.
f1_091 sil iy ch t aa s t r iy aa n r m ao l ay d sil 
LOG (lattice-best-path[5.5.1126~1-8c451]:main():lattice-best-path.cc:99) For utterance f1_096, best cost 93.5933 + 348.418 = 442.012 over 339 frames.
f1_096 sil ih s ao ao r jh er s sh aa k ae s sil 
LOG (lattice-best-path[5.5.1126~1-8c451]:main():lattice-best-path.cc:99) For utterance f1_101, best cost 90.1116 + 303.023 = 393.134 over 300 frames.
f1_101 sil ae s ah s k er n ih r l ah t ae n sil 
LOG (lattice-best-path[5.5.1126~1-8c451]:main():lattice-best-path.cc:99) For utterance f1_106, best cost 123.079 + 403.524 = 526.603 over 388 frames.
f1_106 sil t ah s t eh s ih z f er b ah n s ah b ah p aa t iy sil 
LOG (lattice-best-path[5.5.1126~1-8c451]:main():lattice-best-path.cc:99) For utterance f1_111, best cost 117.044 + 318.596 = 435.64 over 329 frames.
f1_111 sil aa r d ih sh ow n t eh l ah jh ah n s ih z f er iy l sil 
LOG (lattice-best-path[5.5.1126~1-8c451]:main():lattice-best-path.cc:99) For utterance f1_116, best cost 120.969 + 342.16 = 463.129 over 323 frames.
f1_116 sil w ih n t uw b ae l d ih n uw b eh v er ch p l ae n sil 
LOG (lattice-best-path[5.5.1126~1-8c451]:main():lattice-best-path.cc:99) For utterance f1_121, best cost 142.998 + 533.165 = 676.163 over 494 frames.
f1_121 sil s ay n t ih p r aa r eh s k ah n ch ah n ah z aa l ah n ih s sil 
LOG (lattice-best-path[5.5.1126~1-8c451]:main():lattice-best-path.cc:99) For utterance f1_126, best cost 147.57 + 436.162 = 583.732 over 432 frames.
f1_126 sil w ih sh aa t ih k ah l ih z ah p ey t ih n iy p aa r f ih k ey sh ah n sil 
LOG (lattice-best-path[5.5.1126~1-8c451]:main():lattice-best-path.cc:99) For utterance f1_131, best cost 145.868 + 408.846 = 554.714 over 419 frames.
f1_131 sil r eh k ae s ih k ey sh ah m ay n sh er sh ah n z k r ih sh ah l sil 
LOG (lattice-best-path[5.5.1126~1-8c451]:main():lattice-best-path.cc:99) For utterance f1_136, best cost 112.701 + 382.205 = 494.906 over 352 frames.
f1_136 sil ih s t iy ah z ih z ih s ah n ao r d ay m ah n s sil 
LOG (lattice-best-path[5.5.1126~1-8c451]:main():lattice-best-path.cc:99) For utterance f1_141, best cost 83.3749 + 405.741 = 489.116 over 364 frames.
f1_141 sil uw s l ah n t er dh iy p eh r er z sil 
LOG (lattice-best-path[5.5.1126~1-8c451]:main():lattice-best-path.cc:99) For utterance f1_146, best cost 120.239 + 422.133 = 542.372 over 381 frames.
f1_146 sil er ao p er hh aw er m ay n t ah f ao t ah m l iy z sil 
LOG (lattice-best-path[5.5.1126~1-8c451]:main():lattice-best-path.cc:99) For utterance f1_151, best cost 75.8199 + 394.853 = 470.673 over 325 frames.
f1_151 sil hh ay ae k aw n ah b ay y uw sil 
LOG (lattice-best-path[5.5.1126~1-8c451]:main():lattice-best-path.cc:99) For utterance f1_156, best cost 183.503 + 511.658 = 695.161 over 482 frames.
f1_156 sil w eh v er k aa p r iy s ih n b ay n ih n ae n s k aw n iy ow b iy er w ao r d ah d sil 
LOG (lattice-best-path[5.5.1126~1-8c451]:main():lattice-best-path.cc:99) For utterance f1_161, best cost 131.798 + 488.276 = 620.073 over 455 frames.
f1_161 sil dh er l iy s ih f y ao r s t uw dh iy s m ah l f ao r iy z sil 
LOG (lattice-best-path[5.5.1126~1-8c451]:main():lattice-best-path.cc:99) For utterance f1_166, best cost 106.676 + 348.094 = 454.77 over 335 frames.
f1_166 sil dh iy k ae n aw t ao l ih z hh er s m ay er z sil 
LOG (lattice-best-path[5.5.1126~1-8c451]:main():lattice-best-path.cc:99) For utterance f1_171, best cost 115.93 + 404.889 = 520.82 over 379 frames.
f1_171 sil d r ay ae f ay l eh v ey t s m ay ao t ih z sil 
LOG (lattice-best-path[5.5.1126~1-8c451]:main():lattice-best-path.cc:99) For utterance f1_176, best cost 66.6672 + 302.339 = 369.006 over 262 frames.
f1_176 sil ey jh oy l ae b ih sh ah n sil 
LOG (lattice-best-path[5.5.1126~1-8c451]:main():lattice-best-path.cc:99) For utterance f1_181, best cost 177.39 + 477.56 = 654.95 over 466 frames.
f1_181 sil d ah n t ow sh ah n sh ah t ah b oy s p ow dh iy k ah n t ey t uw s t ih z iy z ah z sil 
LOG (lattice-best-path[5.5.1126~1-8c451]:main():lattice-best-path.cc:99) For utterance f1_186, best cost 82.5869 + 405.419 = 488.006 over 346 frames.
f1_186 sil iy v n ay ah m ah n d iy d uw z sil 
LOG (lattice-best-path[5.5.1126~1-8c451]:main():lattice-best-path.cc:99) For utterance f1_191, best cost 102.17 + 417.791 = 519.961 over 373 frames.
f1_191 sil m ay k ah k aa t ah v er m ao r ay ah n z sil 
LOG (lattice-best-path[5.5.1126~1-8c451]:main():lattice-best-path.cc:99) For utterance f1_196, best cost 144.065 + 442.437 = 586.502 over 428 frames.
f1_196 sil dh iy s er m ah n ae s ay s ih n iy f er f er m ah b aa sh ah n sil 
LOG (lattice-best-path[5.5.1126~1-8c451]:main():lattice-best-path.cc:99) For utterance f1_201, best cost 135.589 + 455.496 = 591.084 over 424 frames.
f1_201 sil k ao r ey t ae p r ae sh eh k ae sh uh d t er m ey sh ah n sil 
LOG (lattice-best-path[5.5.1126~1-8c451]:main():lattice-best-path.cc:99) For utterance f1_206, best cost 123.831 + 557.245 = 681.077 over 476 frames.
f1_206 sil s eh v er l iy ae n d ah s ay k ah l aa ch aa m ah sil 
LOG (lattice-best-path[5.5.1126~1-8c451]:main():lattice-best-path.cc:99) For utterance f1_211, best cost 91.0405 + 383.804 = 474.844 over 338 frames.
f1_211 sil ay oy n t r iy m ey t s ey n ih ng sil 
LOG (lattice-best-path[5.5.1126~1-8c451]:main():lattice-best-path.cc:99) For utterance f1_216, best cost 123.334 + 388.15 = 511.484 over 365 frames.
f1_216 sil d ae t er b ih z m iy ah n d ah n z ah dh iy p ey sh ah n sil 
LOG (lattice-best-path[5.5.1126~1-8c451]:main():lattice-best-path.cc:99) For utterance f1_221, best cost 104.655 + 327.027 = 431.682 over 312 frames.
f1_221 sil hh ae l iy t ih z ih s ah l ae s k ah l ey er sil 
LOG (lattice-best-path[5.5.1126~1-8c451]:main():lattice-best-path.cc:99) For utterance f1_226, best cost 123.84 + 398.137 = 521.978 over 376 frames.
f1_226 sil dh iy p ao r d ih z b aa t er f l ay t ah l aa n ay er sil 
LOG (lattice-best-path[5.5.1126~1-8c451]:main():lattice-best-path.cc:99) For utterance f1_231, best cost 103.709 + 325.174 = 428.883 over 300 frames.
f1_231 sil w eh r k ah n eh v er iy m ah n d ay iy ih ng sil 
LOG (lattice-best-path[5.5.1126~1-8c451]:main():lattice-best-path.cc:99) For utterance f1_236, best cost 113.635 + 374.133 = 487.768 over 358 frames.
f1_236 sil hh aw oy l iy t uw ey t ih s ae l ah jh ah s ih ng sil 
LOG (lattice-best-path[5.5.1126~1-8c451]:main():lattice-best-path.cc:99) For utterance f1_241, best cost 118.991 + 454.652 = 573.643 over 433 frames.
f1_241 sil ih jh aa t iy z ae n t ae n s t ih m ah s ah l z sil 
LOG (lattice-best-path[5.5.1126~1-8c451]:main():lattice-best-path.cc:99) For utterance f1_246, best cost 73.6999 + 440.473 = 514.172 over 347 frames.
f1_246 sil ey n ow ey n s ih k aa t sil 
LOG (lattice-best-path[5.5.1126~1-8c451]:main():lattice-best-path.cc:99) For utterance f1_251, best cost 198.833 + 528.215 = 727.048 over 526 frames.
f1_251 sil dh iy f r ih z p er s t iy z iy er k ay ey sh uw l iy w iy z ah l ao s t r iy ch ah n ah l sil 
LOG (lattice-best-path[5.5.1126~1-8c451]:main():lattice-best-path.cc:99) For utterance f1_256, best cost 163.378 + 459.535 = 622.912 over 447 frames.
f1_256 sil ae n g eh r ah n hh ay d ao r m ih z ey sh ah n s p er m ow ah n t r ah l sil 
LOG (lattice-best-path[5.5.1126~1-8c451]:main():lattice-best-path.cc:99) For utterance f1_261, best cost 129.092 + 435.806 = 564.898 over 423 frames.
f1_261 sil w ey p er f ao sh uw s t eh r iy f ah n s iy aa t ah l sil 
LOG (lattice-best-path[5.5.1126~1-8c451]:main():lattice-best-path.cc:99) For utterance f1_266, best cost 105.071 + 351.206 = 456.277 over 326 frames.
f1_266 sil ah jh er ae s t iy k ae n s m ao l z uw z sil 
LOG (lattice-best-path[5.5.1126~1-8c451]:main():lattice-best-path.cc:99) For utterance f1_271, best cost 98.9578 + 289.529 = 388.486 over 289 frames.
f1_271 sil ah n iy v ih sh ey n sh ey p aa s ah l iy sil 
LOG (lattice-best-path[5.5.1126~1-8c451]:main():lattice-best-path.cc:99) For utterance f1_276, best cost 99.2414 + 312.872 = 412.114 over 298 frames.
f1_276 sil ch ow z ah n f iy l d ah n jh ah n ah l z sil 
LOG (lattice-best-path[5.5.1126~1-8c451]:main():lattice-best-path.cc:99) For utterance f1_281, best cost 145.423 + 648.628 = 794.05 over 558 frames.
f1_281 sil ay d ih z ae n b ah l iy w aa n f ao r d ah p aa r b r eh s sil 
LOG (lattice-best-path[5.5.1126~1-8c451]:main():lattice-best-path.cc:99) For utterance f1_286, best cost 96.9426 + 333.45 = 430.393 over 302 frames.
f1_286 sil ah t ow ch ey z k ae s m er s ah l z sil 
LOG (lattice-best-path[5.5.1126~1-8c451]:main():lattice-best-path.cc:99) For utterance f1_291, best cost 95.8048 + 396.642 = 492.447 over 343 frames.
f1_291 sil g ae n t ae b iy s uw d ah l d ih z sil 
LOG (lattice-best-path[5.5.1126~1-8c451]:main():lattice-best-path.cc:99) For utterance f1_296, best cost 150.123 + 652.238 = 802.36 over 571 frames.
f1_296 sil aw s iy p oy n ah n ah b ay l ah jh ae n iy n ih r ah n d ih n z sil 
LOG (lattice-best-path[5.5.1126~1-8c451]:main():lattice-best-path.cc:99) For utterance f1_301, best cost 92.3079 + 482.294 = 574.602 over 417 frames.
f1_301 sil l iy s aa p er ih ng ih z b ay k s sil 
LOG (lattice-best-path[5.5.1126~1-8c451]:main():lattice-best-path.cc:99) For utterance f1_306, best cost 119.926 + 410.788 = 530.714 over 386 frames.
f1_306 sil aa r er k y uw n aa n t er aw n f er m ay l z sil 
LOG (lattice-best-path[5.5.1126~1-8c451]:main():lattice-best-path.cc:99) For utterance f1_311, best cost 152.333 + 551.936 = 704.269 over 495 frames.
f1_311 sil dh iy f r ey t uw ch ae z jh ah m ah s ah t uw b ay z b ih g r ae t er sil 
LOG (lattice-best-path[5.5.1126~1-8c451]:main():lattice-best-path.cc:99) For utterance f1_316, best cost 199.062 + 570.081 = 769.143 over 563 frames.
f1_316 sil dh iy p r iy s k ae n b er b ay s er f iy ah n z aa p iy m er z ah n s iy k ah n d ih sh ah n z sil 
LOG (lattice-best-path[5.5.1126~1-8c451]:main():lattice-best-path.cc:99) For utterance f1_321, best cost 120.096 + 367.312 = 487.408 over 353 frames.
f1_321 sil l oy ow z ah p oy s ae k s ih k y uw d er w eh l sil 
LOG (lattice-best-path[5.5.1126~1-8c451]:main():lattice-best-path.cc:99) For utterance f1_326, best cost 174.907 + 517.044 = 691.951 over 494 frames.
f1_326 sil dh iy s ih s t ah m ey b r ey t ae n s iy n z ih z ey t er b ay l z f r iy l iy sil 
LOG (lattice-best-path[5.5.1126~1-8c451]:main():lattice-best-path.cc:99) For utterance f1_331, best cost 141.59 + 534.27 = 675.859 over 492 frames.
f1_331 sil dh iy k ah n t eh k t ih z eh k ao r d ih g ah m p r iy aw er z sil 
LOG (lattice-best-path[5.5.1126~1-8c451]:main():lattice-best-path.cc:99) For utterance f1_336, best cost 102.646 + 484.009 = 586.655 over 404 frames.
f1_336 sil eh r ow z m ao r n ah l ih ng ih sh t ae d sil 
LOG (lattice-best-path[5.5.1126~1-8c451]:main():lattice-best-path.cc:99) For utterance f1_341, best cost 110.405 + 460.486 = 570.891 over 414 frames.
f1_341 sil w ih n ah n eh v er sil dh iy k ah l iy iy m ah n sil 
LOG (lattice-best-path[5.5.1126~1-8c451]:main():lattice-best-path.cc:99) For utterance f1_346, best cost 100.671 + 349.839 = 450.51 over 328 frames.
f1_346 sil w ao l k ah m ah n iy s t uw z iy ch iy er sil 
LOG (lattice-best-path[5.5.1126~1-8c451]:main():lattice-best-path.cc:99) For utterance f1_351, best cost 76.5115 + 368.797 = 445.308 over 336 frames.
f1_351 sil ch er ch s m er sh ah n sil 
LOG (lattice-best-path[5.5.1126~1-8c451]:main():lattice-best-path.cc:99) For utterance f1_356, best cost 79.3592 + 334.593 = 413.953 over 302 frames.
f1_356 sil ey ao l ay k w aa ch aw er z sil 
LOG (lattice-best-path[5.5.1126~1-8c451]:main():lattice-best-path.cc:99) For utterance f1_361, best cost 121.277 + 399.292 = 520.568 over 381 frames.
f1_361 sil t ih n z ih sh iy l ah s iy m l iy s f ay s ah l iy sil 
LOG (lattice-best-path[5.5.1126~1-8c451]:main():lattice-best-path.cc:99) For utterance f1_366, best cost 117.948 + 461.511 = 579.459 over 419 frames.
f1_366 sil ao r jh ih z ih s ah v ah l iy s k t ah m ah s ah z sil 
LOG (lattice-best-path[5.5.1126~1-8c451]:main():lattice-best-path.cc:99) For utterance f1_371, best cost 110.605 + 455.585 = 566.19 over 401 frames.
f1_371 sil r ay d ih s ah b oy b ae p ah n ah ch ey n z sil 
LOG (lattice-best-path[5.5.1126~1-8c451]:main():lattice-best-path.cc:99) For utterance f1_376, best cost 73.7174 + 418.57 = 492.288 over 370 frames.
f1_376 sil iy er z ah l aa r ah n d ah sil 
LOG (lattice-best-path[5.5.1126~1-8c451]:main():lattice-best-path.cc:99) For utterance f1_381, best cost 148.001 + 505.268 = 653.269 over 474 frames.
f1_381 sil f ah n jh g r iy s iy er ch ey n b iy ch er d w aa sh er l iy sil 
LOG (lattice-best-path[5.5.1126~1-8c451]:main():lattice-best-path.cc:99) For utterance f1_386, best cost 103.465 + 527.004 = 630.469 over 474 frames.
f1_386 sil ah k r ae ch aa n sh ah n iy s t ae t ah n sil 
LOG (lattice-best-path[5.5.1126~1-8c451]:main():lattice-best-path.cc:99) For utterance f1_391, best cost 86.2173 + 334.043 = 420.26 over 336 frames.
f1_391 sil iy ch t ih sh er l iy f ay z ah n sil 
LOG (lattice-best-path[5.5.1126~1-8c451]:main():lattice-best-path.cc:99) For utterance f1_396, best cost 155.198 + 525.533 = 680.73 over 507 frames.
f1_396 sil dh ae t ay z ih ng b er s ah v er ay d iy s p er n er ch ey n z s sil 
LOG (lattice-best-path[5.5.1126~1-8c451]:main():lattice-best-path.cc:99) For utterance f1_401, best cost 119.545 + 432.365 = 551.91 over 395 frames.
f1_401 sil t aa n s ah s ao r jh ah k l ae n s aa r aa k ah l sil 
LOG (lattice-best-path[5.5.1126~1-8c451]:main():lattice-best-path.cc:99) For utterance f1_406, best cost 140.556 + 568.85 = 709.405 over 518 frames.
f1_406 sil ih k ae l f aa r iy er l iy ow v er w ao ng t ah m z iy z sil 
LOG (lattice-best-path[5.5.1126~1-8c451]:main():lattice-best-path.cc:99) For utterance f1_411, best cost 108.17 + 361.131 = 469.3 over 343 frames.
f1_411 sil iy z ih sh ah n t aa m ay z m aa r ah s l iy sil 
LOG (lattice-best-path[5.5.1126~1-8c451]:main():lattice-best-path.cc:99) For utterance f1_416, best cost 60.0038 + 401.423 = 461.427 over 320 frames.
f1_416 sil ae k aa k ao t iy sil 
LOG (lattice-best-path[5.5.1126~1-8c451]:main():lattice-best-path.cc:99) For utterance f1_421, best cost 106.799 + 346.524 = 453.324 over 329 frames.
f1_421 sil ih z b ae k aa s t ah n z ah p ay p er ah l sil 
LOG (lattice-best-path[5.5.1126~1-8c451]:main():lattice-best-path.cc:99) For utterance f1_426, best cost 146.816 + 445.239 = 592.055 over 437 frames.
f1_426 sil dh iy z ih g ow n z aa l ah jh ah s f r l ae s t er ah p w ey jh sil 
LOG (lattice-best-path[5.5.1126~1-8c451]:main():lattice-best-path.cc:99) For utterance f1_431, best cost 110.009 + 477.909 = 587.918 over 432 frames.
f1_431 sil n ah m p r ah v er z ey sh ah n t eh v er iy z sil 
LOG (lattice-best-path[5.5.1126~1-8c451]:main():lattice-best-path.cc:99) For utterance f1_436, best cost 106.225 + 438.442 = 544.667 over 405 frames.
f1_436 sil ey f r iy k ae l iy p er z ah n t s k ih ng sil 
LOG (lattice-best-path[5.5.1126~1-8c451]:main():lattice-best-path.cc:99) For utterance f1_441, best cost 89.0614 + 376.901 = 465.962 over 335 frames.
f1_441 sil aa k ah n iy z ah k ae g r iy ah m sil 
LOG (lattice-best-path[5.5.1126~1-8c451]:main():lattice-best-path.cc:99) For utterance f1_446, best cost 116.75 + 409.132 = 525.882 over 379 frames.
f1_446 sil ih s t iy ch ah p ow z iy m ay ih g ae m ah n t er sil 
LOG (lattice-best-path[5.5.1126~1-8c451]:main():lattice-best-path.cc:99) For utterance f1_451, best cost 144.622 + 454.458 = 599.08 over 444 frames.
f1_451 sil ch eh jh ah n p ah n s ih m ah n iy f er r ah l ah m ah n s ih ng sil 
LOG (lattice-best-path[5.5.1126~1-8c451]:main():lattice-best-path.cc:99) For utterance f1_456, best cost 115.848 + 490.172 = 606.02 over 433 frames.
f1_456 sil ah m ah s ih z ae k ae t uw ae z k aa r d ah n sil 
LOG (lattice-best-path[5.5.1126~1-8c451]:main():lattice-best-path.cc:99) For utterance f5_001, best cost 52.0466 + 267.223 = 319.27 over 249 frames.
f5_001 sil ih z iy p er ah s sil 
LOG (lattice-best-path[5.5.1126~1-8c451]:main():lattice-best-path.cc:99) For utterance f5_006, best cost 72.3626 + 336.507 = 408.869 over 325 frames.
f5_006 sil w ay iy l w er iy ow v z sil 
LOG (lattice-best-path[5.5.1126~1-8c451]:main():lattice-best-path.cc:99) For utterance f5_011, best cost 26.4275 + 316.652 = 343.08 over 301 frames.
f5_011 sil n sil 
LOG (lattice-best-path[5.5.1126~1-8c451]:main():lattice-best-path.cc:99) For utterance f5_021, best cost 61.3116 + 296.842 = 358.154 over 301 frames.
f5_021 sil ah l iy l er z d er z sil 
LOG (lattice-best-path[5.5.1126~1-8c451]:main():lattice-best-path.cc:99) For utterance f5_031, best cost 46.7162 + 378.506 = 425.223 over 391 frames.
f5_031 sil uw ey sh ah n sil 
LOG (lattice-best-path[5.5.1126~1-8c451]:main():lattice-best-path.cc:99) For utterance f5_036, best cost 36.0782 + 347.177 = 383.256 over 348 frames.
f5_036 sil ao r t sil 
LOG (lattice-best-path[5.5.1126~1-8c451]:main():lattice-best-path.cc:99) For utterance f5_041, best cost 35.4741 + 371.15 = 406.624 over 364 frames.
f5_041 sil ih sh sil 
LOG (lattice-best-path[5.5.1126~1-8c451]:main():lattice-best-path.cc:99) For utterance f5_046, best cost 94.437 + 317.26 = 411.697 over 354 frames.
f5_046 sil dh iy p r aa l ao r s k y ah s k ay z sil 
LOG (lattice-best-path[5.5.1126~1-8c451]:main():lattice-best-path.cc:99) For utterance f5_051, best cost 68.1298 + 394.007 = 462.136 over 393 frames.
f5_051 sil r iy l iy p ey sh iy d sil 
LOG (lattice-best-path[5.5.1126~1-8c451]:main():lattice-best-path.cc:99) For utterance f5_056, best cost 124.019 + 394.905 = 518.924 over 446 frames.
f5_056 sil k ae s er d ih ch k aa s t iy p r ih k r iy s ih z sil 
LOG (lattice-best-path[5.5.1126~1-8c451]:main():lattice-best-path.cc:99) For utterance f5_061, best cost 132.917 + 302.081 = 434.998 over 377 frames.
f5_061 sil k l ih s t ih s p l ey ow z ah s p l iy s ah n s k r iy n sil 
LOG (lattice-best-path[5.5.1126~1-8c451]:main():lattice-best-path.cc:99) For utterance f5_066, best cost 37.7108 + 328.717 = 366.427 over 335 frames.
f5_066 sil r iy l iy sil 
LOG (lattice-best-path[5.5.1126~1-8c451]:main():lattice-best-path.cc:99) For utterance f5_071, best cost 122.804 + 409.832 = 532.636 over 448 frames.
f5_071 sil k w aa p er sh ah l aa ng l iy v iy t ih s p iy t sil 
LOG (lattice-best-path[5.5.1126~1-8c451]:main():lattice-best-path.cc:99) For utterance f5_076, best cost 25.5748 + 309.25 = 334.825 over 309 frames.
f5_076 sil er sil 
LOG (lattice-best-path[5.5.1126~1-8c451]:main():lattice-best-path.cc:99) For utterance f5_081, best cost 95.5716 + 353.402 = 448.974 over 373 frames.
f5_081 sil r ey p r iy z t ae k s w ey sh ah n sil 
LOG (lattice-best-path[5.5.1126~1-8c451]:main():lattice-best-path.cc:99) For utterance f5_086, best cost 62.5692 + 508.059 = 570.629 over 495 frames.
f5_086 sil r ao l hh ao l ih z sil 
LOG (lattice-best-path[5.5.1126~1-8c451]:main():lattice-best-path.cc:99) For utterance f5_091, best cost 66.9935 + 319.033 = 386.027 over 318 frames.
f5_091 sil t ae n hh er hh ao l iy sil 
LOG (lattice-best-path[5.5.1126~1-8c451]:main():lattice-best-path.cc:99) For utterance f5_096, best cost 40.4459 + 339.941 = 380.387 over 334 frames.
f5_096 sil ih sh uh k sil 
LOG (lattice-best-path[5.5.1126~1-8c451]:main():lattice-best-path.cc:99) For utterance f5_101, best cost 37.0066 + 319.1 = 356.107 over 302 frames.
f5_101 sil t ae n d sil 
LOG (lattice-best-path[5.5.1126~1-8c451]:main():lattice-best-path.cc:99) For utterance f5_106, best cost 23.2998 + 403.727 = 427.027 over 388 frames.
f5_106 sil iy sil 
LOG (lattice-best-path[5.5.1126~1-8c451]:main():lattice-best-path.cc:99) For utterance f5_111, best cost 108.442 + 291.076 = 399.518 over 318 frames.
f5_111 sil ih sh l ah n t eh l ah jh ah n z ih z f er iy l sil 
LOG (lattice-best-path[5.5.1126~1-8c451]:main():lattice-best-path.cc:99) For utterance f5_116, best cost 18.5611 + 341.323 = 359.884 over 326 frames.
f5_116 sil sil 
LOG (lattice-best-path[5.5.1126~1-8c451]:main():lattice-best-path.cc:99) For utterance f5_121, best cost 32.1007 + 514.804 = 546.905 over 496 frames.
f5_121 sil z sil sil 
LOG (lattice-best-path[5.5.1126~1-8c451]:main():lattice-best-path.cc:99) For utterance f5_126, best cost 92.0509 + 437.743 = 529.794 over 451 frames.
f5_126 sil dh iy ch aa m aa r er f ih k ey sh ah n sil 
LOG (lattice-best-path[5.5.1126~1-8c451]:main():lattice-best-path.cc:99) For utterance f5_131, best cost 95.7409 + 376.1 = 471.841 over 403 frames.
f5_131 sil m ay n s t r ah n z ah s k ah sh ah l sil 
LOG (lattice-best-path[5.5.1126~1-8c451]:main():lattice-best-path.cc:99) For utterance f5_136, best cost 23.4298 + 369.302 = 392.732 over 370 frames.
f5_136 sil s sil 
LOG (lattice-best-path[5.5.1126~1-8c451]:main():lattice-best-path.cc:99) For utterance f5_141, best cost 27.9021 + 370.202 = 398.104 over 366 frames.
f5_141 sil er z sil 
LOG (lattice-best-path[5.5.1126~1-8c451]:main():lattice-best-path.cc:99) For utterance f5_146, best cost 38.8541 + 422.059 = 460.913 over 398 frames.
f5_146 sil hh er ao z sil 
LOG (lattice-best-path[5.5.1126~1-8c451]:main():lattice-best-path.cc:99) For utterance f5_151, best cost 46.9147 + 316.988 = 363.903 over 304 frames.
f5_151 sil n dh iy b ay iy sil 
LOG (lattice-best-path[5.5.1126~1-8c451]:main():lattice-best-path.cc:99) For utterance f5_156, best cost 137.077 + 487.232 = 624.31 over 500 frames.
f5_156 sil w eh v er k w aa n ae n s k ae m iy l w iy w ao r d ah d sil 
LOG (lattice-best-path[5.5.1126~1-8c451]:main():lattice-best-path.cc:99) For utterance f5_161, best cost 39.4263 + 418.717 = 458.143 over 443 frames.
f5_161 sil l er iy z sil 
LOG (lattice-best-path[5.5.1126~1-8c451]:main():lattice-best-path.cc:99) For utterance f5_166, best cost 62.166 + 341.158 = 403.324 over 336 frames.
f5_166 sil k ae n ao l w er z sil 
LOG (lattice-best-path[5.5.1126~1-8c451]:main():lattice-best-path.cc:99) For utterance f5_171, best cost 113.726 + 340.569 = 454.295 over 374 frames.
f5_171 sil ih s t r oy iy f ay l r l iy t uw m ay s sil 
LOG (lattice-best-path[5.5.1126~1-8c451]:main():lattice-best-path.cc:99) For utterance f5_176, best cost 78.2465 + 270.485 = 348.731 over 282 frames.
f5_176 sil n jh oy ow ah n ay d ih sh ah n sil 
LOG (lattice-best-path[5.5.1126~1-8c451]:main():lattice-best-path.cc:99) For utterance f5_181, best cost 60.9096 + 482.579 = 543.489 over 465 frames.
f5_181 sil iy s t ih z iy z ah z sil 
LOG (lattice-best-path[5.5.1126~1-8c451]:main():lattice-best-path.cc:99) For utterance f5_186, best cost 27.637 + 375.787 = 403.424 over 352 frames.
f5_186 sil n z sil 
LOG (lattice-best-path[5.5.1126~1-8c451]:main():lattice-best-path.cc:99) For utterance f5_191, best cost 78.7696 + 396.175 = 474.944 over 383 frames.
f5_191 sil ah l k aa m ao k r ah n z sil 
LOG (lattice-best-path[5.5.1126~1-8c451]:main():lattice-best-path.cc:99) For utterance f5_196, best cost 93.6676 + 411.099 = 504.767 over 428 frames.
f5_196 sil dh iy s er er f er m ah v ae k sh ah n sil 
LOG (lattice-best-path[5.5.1126~1-8c451]:main():lattice-best-path.cc:99) For utterance f5_201, best cost 90.9094 + 405.326 = 496.235 over 415 frames.
f5_201 sil ao r uw dh iy p aa jh ih n ey sh ah n sil 
LOG (lattice-best-path[5.5.1126~1-8c451]:main():lattice-best-path.cc:99) For utterance f5_206, best cost 42.9237 + 443.885 = 486.808 over 417 frames.
f5_206 sil sil aa n ah sil 
LOG (lattice-best-path[5.5.1126~1-8c451]:main():lattice-best-path.cc:99) For utterance f5_211, best cost 101.774 + 313.524 = 415.299 over 329 frames.
f5_211 sil hh ay oy n f r iy l iy m iy n s ih ng ih ng sil 
LOG (lattice-best-path[5.5.1126~1-8c451]:main():lattice-best-path.cc:99) For utterance f5_216, best cost 46.8218 + 394.991 = 441.813 over 379 frames.
f5_216 sil dh iy p ey sh ah n sil 
LOG (lattice-best-path[5.5.1126~1-8c451]:main():lattice-best-path.cc:99) For utterance f5_221, best cost 114.196 + 311.666 = 425.861 over 339 frames.
f5_221 sil hh aw n sh ah n z ih s ah b oy ah s k ah l iy d er sil 
LOG (lattice-best-path[5.5.1126~1-8c451]:main():lattice-best-path.cc:99) For utterance f5_226, best cost 60.6696 + 366.896 = 427.566 over 364 frames.
f5_226 sil dh iy k ao r jh ah s t er sil 
LOG (lattice-best-path[5.5.1126~1-8c451]:main():lattice-best-path.cc:99) For utterance f5_231, best cost 83.9545 + 286.07 = 370.025 over 302 frames.
f5_231 sil ow p ah n eh v er iy m ah n ih ng sil 
LOG (lattice-best-path[5.5.1126~1-8c451]:main():lattice-best-path.cc:99) For utterance f5_236, best cost 76.2415 + 353.134 = 429.375 over 356 frames.
f5_236 sil hh ow l iy eh l ah jh ah s ih ng sil 
LOG (lattice-best-path[5.5.1126~1-8c451]:main():lattice-best-path.cc:99) For utterance f5_241, best cost 49.0822 + 409.316 = 458.398 over 406 frames.
f5_241 sil jh ao ah l z sil 
LOG (lattice-best-path[5.5.1126~1-8c451]:main():lattice-best-path.cc:99) For utterance f5_246, best cost 45.1369 + 348.343 = 393.48 over 340 frames.
f5_246 sil r iy b oy sil 
LOG (lattice-best-path[5.5.1126~1-8c451]:main():lattice-best-path.cc:99) For utterance f5_251, best cost 100.018 + 497.957 = 597.975 over 520 frames.
f5_251 sil f r ah s iy ch iy p ow l er n ah l sil 
LOG (lattice-best-path[5.5.1126~1-8c451]:main():lattice-best-path.cc:99) For utterance f5_256, best cost 50.5116 + 442.651 = 493.162 over 433 frames.
f5_256 sil ih z ey sh ah l sil 
LOG (lattice-best-path[5.5.1126~1-8c451]:main():lattice-best-path.cc:99) For utterance f5_261, best cost 74.1923 + 394.066 = 468.259 over 410 frames.
f5_261 sil l sh ah z ah b er y ah l sil 
LOG (lattice-best-path[5.5.1126~1-8c451]:main():lattice-best-path.cc:99) For utterance f5_266, best cost 72.1238 + 308.986 = 381.11 over 333 frames.
f5_266 sil sh ah d r ae m l z uw z sil 
LOG (lattice-best-path[5.5.1126~1-8c451]:main():lattice-best-path.cc:99) For utterance f5_271, best cost 53.3628 + 315.908 = 369.27 over 314 frames.
f5_271 sil n sh iy p l iy sil 
LOG (lattice-best-path[5.5.1126~1-8c451]:main():lattice-best-path.cc:99) For utterance f5_276, best cost 59.8266 + 318.941 = 378.768 over 321 frames.
f5_276 sil iy w eh n er ah l z sil 
LOG (lattice-best-path[5.5.1126~1-8c451]:main():lattice-best-path.cc:99) For utterance f5_281, best cost 43.1069 + 617.145 = 660.252 over 565 frames.
f5_281 sil n f ao r sil 
LOG (lattice-best-path[5.5.1126~1-8c451]:main():lattice-best-path.cc:99) For utterance f5_286, best cost 65.4978 + 296.705 = 362.202 over 319 frames.
f5_286 sil ch iy s ah s k ae l iy sil 
LOG (lattice-best-path[5.5.1126~1-8c451]:main():lattice-best-path.cc:99) For utterance f5_291, best cost 18.7736 + 379.393 = 398.166 over 368 frames.
f5_291 sil sil 
LOG (lattice-best-path[5.5.1126~1-8c451]:main():lattice-best-path.cc:99) For utterance f5_296, best cost 58.6207 + 609.172 = 667.792 over 575 frames.
f5_296 sil n dh iy b ay l ah s sil 
LOG (lattice-best-path[5.5.1126~1-8c451]:main():lattice-best-path.cc:99) For utterance f5_301, best cost 63.2075 + 438.967 = 502.174 over 425 frames.
f5_301 sil t aa t aa p r eh r sil 
LOG (lattice-best-path[5.5.1126~1-8c451]:main():lattice-best-path.cc:99) For utterance f5_306, best cost 63.8509 + 447.386 = 511.237 over 433 frames.
f5_306 sil r aa n f r m ay l z sil 
LOG (lattice-best-path[5.5.1126~1-8c451]:main():lattice-best-path.cc:99) For utterance f5_311, best cost 69.8536 + 468.207 = 538.06 over 458 frames.
f5_311 sil dh iy f r ah n ch ae l d er sil 
LOG (lattice-best-path[5.5.1126~1-8c451]:main():lattice-best-path.cc:99) For utterance f5_316, best cost 120.443 + 442.696 = 563.139 over 457 frames.
f5_316 sil r iy s k ah l ih l ay s er f iy l ih ng ih sh ah n sil 
LOG (lattice-best-path[5.5.1126~1-8c451]:main():lattice-best-path.cc:99) For utterance f5_321, best cost 129.961 + 345.957 = 475.918 over 377 frames.
f5_321 sil ah l er w ao z ah p ah t uw t ae k s k y uw hh er w ah l sil 
LOG (lattice-best-path[5.5.1126~1-8c451]:main():lattice-best-path.cc:99) For utterance f5_326, best cost 177.73 + 390.267 = 567.997 over 481 frames.
f5_326 sil dh iy s ih s t ah m ey b r iy k aw n s ih n s ih s ey t er f ay l z f r iy l iy sil 
LOG (lattice-best-path[5.5.1126~1-8c451]:main():lattice-best-path.cc:99) For utterance f5_331, best cost 43.2017 + 498.168 = 541.37 over 487 frames.
f5_331 sil r iy aw er z sil 
LOG (lattice-best-path[5.5.1126~1-8c451]:main():lattice-best-path.cc:99) For utterance f5_336, best cost 124.1 + 384.138 = 508.237 over 396 frames.
f5_336 sil eh n oy s p aa r ih z m w ao r n oy n iy ch t iy sil 
LOG (lattice-best-path[5.5.1126~1-8c451]:main():lattice-best-path.cc:99) For utterance f5_341, best cost 70.5188 + 425.073 = 495.592 over 420 frames.
f5_341 sil m ah n eh v er dh iy k ah n sil 
LOG (lattice-best-path[5.5.1126~1-8c451]:main():lattice-best-path.cc:99) For utterance f5_346, best cost 73.8828 + 347.776 = 421.658 over 360 frames.
f5_346 sil m ah n iy n s iy ch iy er sil 
LOG (lattice-best-path[5.5.1126~1-8c451]:main():lattice-best-path.cc:99) For utterance f5_351, best cost 31.1085 + 340.368 = 371.477 over 341 frames.
f5_351 sil dh ae n sil 
LOG (lattice-best-path[5.5.1126~1-8c451]:main():lattice-best-path.cc:99) For utterance f5_361, best cost 112.802 + 336.14 = 448.941 over 372 frames.
f5_361 sil sh iy l ah t uw s iy n l iy z t ay s ah l iy sil 
LOG (lattice-best-path[5.5.1126~1-8c451]:main():lattice-best-path.cc:99) For utterance f5_366, best cost 61.6565 + 403.767 = 465.424 over 405 frames.
f5_366 sil iy s k r ao s ah z sil 
LOG (lattice-best-path[5.5.1126~1-8c451]:main():lattice-best-path.cc:99) For utterance f5_371, best cost 41.488 + 423.614 = 465.102 over 396 frames.
f5_371 sil ch ey n jh sil 
LOG (lattice-best-path[5.5.1126~1-8c451]:main():lattice-best-path.cc:99) For utterance f5_376, best cost 36.9991 + 375.219 = 412.218 over 351 frames.
f5_376 sil n d ih l sil 
LOG (lattice-best-path[5.5.1126~1-8c451]:main():lattice-best-path.cc:99) For utterance f5_381, best cost 121.033 + 418.583 = 539.615 over 463 frames.
f5_381 sil ng y uw ch ey n b iy ch er dh iy w aa sh t er l iy sil 
LOG (lattice-best-path[5.5.1126~1-8c451]:main():lattice-best-path.cc:99) For utterance f5_386, best cost 63.0423 + 407.355 = 470.398 over 421 frames.
f5_386 sil k r ae f ih ng ae m sil 
LOG (lattice-best-path[5.5.1126~1-8c451]:main():lattice-best-path.cc:99) For utterance f5_391, best cost 48.0003 + 318.922 = 366.923 over 321 frames.
f5_391 sil sh er l iy n sil 
LOG (lattice-best-path[5.5.1126~1-8c451]:main():lattice-best-path.cc:99) For utterance f5_396, best cost 98.5126 + 482.134 = 580.647 over 518 frames.
f5_396 sil r ay t iy s er n eh v er ch ey n d ih z sil 
LOG (lattice-best-path[5.5.1126~1-8c451]:main():lattice-best-path.cc:99) For utterance f5_401, best cost 104.896 + 379.883 = 484.78 over 394 frames.
f5_401 sil t aa zh er k l ae m p ah p r aa b ah m sil 
LOG (lattice-best-path[5.5.1126~1-8c451]:main():lattice-best-path.cc:99) For utterance f5_406, best cost 151.549 + 474.833 = 626.382 over 512 frames.
f5_406 sil eh l m f ao r s ih z n l iy ow v er w aa t ah ch ah m z iy z sil 
LOG (lattice-best-path[5.5.1126~1-8c451]:main():lattice-best-path.cc:99) For utterance f5_411, best cost 40.3028 + 451.645 = 491.948 over 433 frames.
f5_411 sil sil l iy sil 
LOG (lattice-best-path[5.5.1126~1-8c451]:main():lattice-best-path.cc:99) For utterance f5_416, best cost 22.9933 + 377.169 = 400.162 over 339 frames.
f5_416 sil d sil 
LOG (lattice-best-path[5.5.1126~1-8c451]:main():lattice-best-path.cc:99) For utterance f5_421, best cost 49.6651 + 334.087 = 383.752 over 332 frames.
f5_421 sil k ah l ah f ah l sil 
LOG (lattice-best-path[5.5.1126~1-8c451]:main():lattice-best-path.cc:99) For utterance f5_431, best cost 29.37 + 458.23 = 487.6 over 427 frames.
f5_431 sil er z sil 
LOG (lattice-best-path[5.5.1126~1-8c451]:main():lattice-best-path.cc:99) For utterance f5_436, best cost 64.8979 + 409.144 = 474.042 over 405 frames.
f5_436 sil sil ey f r iy k ah ng sil 
LOG (lattice-best-path[5.5.1126~1-8c451]:main():lattice-best-path.cc:99) For utterance f5_441, best cost 100.175 + 300.661 = 400.837 over 325 frames.
f5_441 sil r aa k ah n iy z ih k ae z ah g r iy ah m sil 
LOG (lattice-best-path[5.5.1126~1-8c451]:main():lattice-best-path.cc:99) For utterance f5_446, best cost 107.403 + 375.974 = 483.377 over 398 frames.
f5_446 sil iy s ah m p ow z iy m ay ae n ah m ah n d iy sil 
LOG (lattice-best-path[5.5.1126~1-8c451]:main():lattice-best-path.cc:99) For utterance f5_451, best cost 91.7504 + 513.103 = 604.853 over 533 frames.
f5_451 sil sil ah m ah n iy f r uw r ah l ih ng sil 
LOG (lattice-best-path[5.5.1126~1-8c451]:main():lattice-best-path.cc:99) For utterance f5_456, best cost 85.6255 + 424.585 = 510.21 over 434 frames.
f5_456 sil ah l aa n d uw aa t ah s k ah n sil 
LOG (lattice-best-path[5.5.1126~1-8c451]:main():lattice-best-path.cc:99) For utterance m1_001, best cost 70.4065 + 216.401 = 286.807 over 200 frames.
m1_001 sil ih s w ao z iy f er ae s sil 
LOG (lattice-best-path[5.5.1126~1-8c451]:main():lattice-best-path.cc:99) For utterance m1_006, best cost 115.785 + 401.634 = 517.419 over 381 frames.
m1_006 sil l ah jh eh l ao r iy ow v er s ah l iy ay d ah m z 
LOG (lattice-best-path[5.5.1126~1-8c451]:main():lattice-best-path.cc:99) For utterance m1_011, best cost 93.4558 + 362.783 = 456.239 over 308 frames.
m1_011 sil s ah n ao r ah m ah s hh ay jh ch ae n sil 
LOG (lattice-best-path[5.5.1126~1-8c451]:main():lattice-best-path.cc:99) For utterance m1_016, best cost 120.185 + 388.38 = 508.565 over 374 frames.
m1_016 sil ae l ah m ow n iy hh ay m z ah n ae n s w eh l f sil 
LOG (lattice-best-path[5.5.1126~1-8c451]:main():lattice-best-path.cc:99) For utterance m1_021, best cost 87.2724 + 376.425 = 463.697 over 323 frames.
m1_021 sil ah l er z l ah m ih l iy ah n er z sil 
LOG (lattice-best-path[5.5.1126~1-8c451]:main():lattice-best-path.cc:99) For utterance m1_026, best cost 90.5918 + 365.576 = 456.168 over 326 frames.
m1_026 sil ow ch uw ch eh l iy ch er ih sh ah z 
LOG (lattice-best-path[5.5.1126~1-8c451]:main():lattice-best-path.cc:99) For utterance m1_031, best cost 136.635 + 441.331 = 577.966 over 415 frames.
m1_031 sil aa r ow l b r ih z w ih z r eh jh oy ih sh ah p er z ah n 
LOG (lattice-best-path[5.5.1126~1-8c451]:main():lattice-best-path.cc:99) For utterance m1_036, best cost 127.8 + 401.485 = 529.286 over 379 frames.
m1_036 sil ae s k ah p ow l k ah n b iy ah n er t ih ng k s ao r 
LOG (lattice-best-path[5.5.1126~1-8c451]:main():lattice-best-path.cc:99) For utterance m1_041, best cost 125.953 + 408.241 = 534.194 over 398 frames.
m1_041 sil ah d eh k s t r s p aa p ah t uw k aa p ih sh ao r sil 
LOG (lattice-best-path[5.5.1126~1-8c451]:main():lattice-best-path.cc:99) For utterance m1_046, best cost 124.832 + 445.406 = 570.238 over 421 frames.
m1_046 sil dh iy p r ao l ao r s k iy m ae s k f er d ay z sil 
LOG (lattice-best-path[5.5.1126~1-8c451]:main():lattice-best-path.cc:99) For utterance m1_051, best cost 157.077 + 458.415 = 615.491 over 421 frames.
m1_051 sil ih n iy k ah k r iy sh ah n ah b ah b iy g r ey t l iy p r ih sh ey d 
LOG (lattice-best-path[5.5.1126~1-8c451]:main():lattice-best-path.cc:99) For utterance m1_056, best cost 167.585 + 501.888 = 669.473 over 496 frames.
m1_056 sil l ae sh er z k ae sh er jh k aa z s t iy p r ay s ih ng k r iy s ah z sil 
LOG (lattice-best-path[5.5.1126~1-8c451]:main():lattice-best-path.cc:99) For utterance m1_061, best cost 155.384 + 403.682 = 559.066 over 422 frames.
m1_061 sil k l ih s t ih s p l iy w ao z m ih z p l ey s t ah m ah s k r iy n sil 
LOG (lattice-best-path[5.5.1126~1-8c451]:main():lattice-best-path.cc:99) For utterance m1_066, best cost 118.066 + 401.402 = 519.469 over 365 frames.
m1_066 sil ao t er z p er s k r ay v er k s t uw f r iy 
LOG (lattice-best-path[5.5.1126~1-8c451]:main():lattice-best-path.cc:99) For utterance m1_071, best cost 188.562 + 576.779 = 765.341 over 544 frames.
m1_071 sil w aa p er ih sh ah n ah l aa ng w er s t ae n ih ng ih l iy v iy ey p ih s p y uw d 
LOG (lattice-best-path[5.5.1126~1-8c451]:main():lattice-best-path.cc:99) For utterance m1_076, best cost 109.467 + 373.375 = 482.842 over 355 frames.
m1_076 sil dh iy f ih ng t er z ah f ey m ah s k ah l ch er sil 
LOG (lattice-best-path[5.5.1126~1-8c451]:main():lattice-best-path.cc:99) For utterance m1_081, best cost 153.823 + 414.941 = 568.764 over 397 frames.
m1_081 sil m eh s r ey p aa r iy z t ae k s w aa n z ah m ah jh ah n ih sh ah n sil 
LOG (lattice-best-path[5.5.1126~1-8c451]:main():lattice-best-path.cc:99) For utterance m1_086, best cost 181.562 + 594.272 = 775.833 over 555 frames.
m1_086 sil er ch ow t eh k er ey p er k l ae f r ah m z f r ow l hh ao l ah d ey z sil 
LOG (lattice-best-path[5.5.1126~1-8c451]:main():lattice-best-path.cc:99) For utterance m1_091, best cost 111.332 + 435.492 = 546.824 over 365 frames.
m1_091 sil y uw jh t ae t s t r iy hh aw n hh er ao l ay 
LOG (lattice-best-path[5.5.1126~1-8c451]:main():lattice-best-path.cc:99) For utterance m1_096, best cost 112.785 + 405.116 = 517.901 over 359 frames.
m1_096 sil ih s ah n z p aa r ch er sh aa k ih k ae s t sil 
LOG (lattice-best-path[5.5.1126~1-8c451]:main():lattice-best-path.cc:99) For utterance m1_101, best cost 105.911 + 338.074 = 443.984 over 310 frames.
m1_101 sil k aa s p ah s k r uw n er l ae f t ae n sil 
LOG (lattice-best-path[5.5.1126~1-8c451]:main():lattice-best-path.cc:99) For utterance m1_106, best cost 144.972 + 476.977 = 621.949 over 432 frames.
m1_106 sil ah s k ae s ih ng ih z f r b ah n s ah jh ah t uw p eh n ah l iy sil 
LOG (lattice-best-path[5.5.1126~1-8c451]:main():lattice-best-path.cc:99) For utterance m1_111, best cost 123.369 + 348.056 = 471.425 over 358 frames.
m1_111 sil aa r f ih sh ow n t ah l ah jh ah n s ih f er r iy l sil 
LOG (lattice-best-path[5.5.1126~1-8c451]:main():lattice-best-path.cc:99) For utterance m1_116, best cost 103.7 + 384.216 = 487.915 over 369 frames.
m1_116 sil w iy p l ae n t uw b ih l ih n b eh v er sil 
LOG (lattice-best-path[5.5.1126~1-8c451]:main():lattice-best-path.cc:99) For utterance m1_121, best cost 165.282 + 610.943 = 776.225 over 552 frames.
m1_121 sil s ay n t ih f ih p r r ah s k ah m f r uw d ih v eh l m ah n iy k s sil 
LOG (lattice-best-path[5.5.1126~1-8c451]:main():lattice-best-path.cc:99) For utterance m1_126, best cost 179.792 + 449.756 = 629.548 over 458 frames.
m1_126 sil w ih ch l aa n ao r d ih k ah l w ao z ah p ey k ah n iy v k l er v k ey sh ah n sil 
LOG (lattice-best-path[5.5.1126~1-8c451]:main():lattice-best-path.cc:99) For utterance m1_131, best cost 132.771 + 496.281 = 629.051 over 438 frames.
m1_131 sil k er t s k ih sh ah n ah m ay jh d n z k r jh ah l sil 
LOG (lattice-best-path[5.5.1126~1-8c451]:main():lattice-best-path.cc:99) For utterance m1_136, best cost 123.11 + 366.725 = 489.836 over 373 frames.
m1_136 sil iy t ow z ih g z ih s ih n w er k l ay m ah s sil 
LOG (lattice-best-path[5.5.1126~1-8c451]:main():lattice-best-path.cc:99) For utterance m1_141, best cost 119.975 + 435.885 = 555.86 over 385 frames.
m1_141 sil r uw v z b ow n t er ah p eh r ah p iy z er z sil 
LOG (lattice-best-path[5.5.1126~1-8c451]:main():lattice-best-path.cc:99) For utterance m1_146, best cost 118.862 + 548.566 = 667.428 over 474 frames.
m1_146 sil hh er w aa b er hh er er m ay ao t ah m l iy s sil 
LOG (lattice-best-path[5.5.1126~1-8c451]:main():lattice-best-path.cc:99) For utterance m1_151, best cost 76.7021 + 363.339 = 440.042 over 332 frames.
m1_151 sil k ay ae k ah m b ay y uw 
LOG (lattice-best-path[5.5.1126~1-8c451]:main():lattice-best-path.cc:99) For utterance m1_156, best cost 167.94 + 534.778 = 702.719 over 528 frames.
m1_156 sil w eh v er k w aa p er ih f ay n ih ng ae n s k ae m iy ow b iy w er d 
LOG (lattice-best-path[5.5.1126~1-8c451]:main():lattice-best-path.cc:99) For utterance m1_161, best cost 146.037 + 497.066 = 643.103 over 477 frames.
m1_161 sil eh r l iy s iy v ih f y ao r jh f r dh iy s aa f l er iy z sil 
LOG (lattice-best-path[5.5.1126~1-8c451]:main():lattice-best-path.cc:99) For utterance m1_166, best cost 101.233 + 403.357 = 504.59 over 380 frames.
m1_166 sil dh iy k ae n iy ae l w er m ay iy er z 
LOG (lattice-best-path[5.5.1126~1-8c451]:main():lattice-best-path.cc:99) For utterance m1_171, best cost 130.302 + 430.44 = 560.741 over 411 frames.
m1_171 sil ch er iy eh v er f ay l r l iy t uw m ay ao t ah s sil 
LOG (lattice-best-path[5.5.1126~1-8c451]:main():lattice-best-path.cc:99) For utterance m1_176, best cost 71.3183 + 396.908 = 468.226 over 331 frames.
m1_176 sil ey jh oy l er d ih sh ah n sil 
LOG (lattice-best-path[5.5.1126~1-8c451]:main():lattice-best-path.cc:99) For utterance m1_181, best cost 191.174 + 500.555 = 691.729 over 502 frames.
m1_181 sil ch ih l d ah n t uw f ao r d ih k s p ow sh er t uw k ah n t ey t ih z d ih z iy z ah z sil 
LOG (lattice-best-path[5.5.1126~1-8c451]:main():lattice-best-path.cc:99) For utterance m1_186, best cost 124.211 + 433.479 = 557.689 over 402 frames.
m1_186 sil iy v ih l ey k ey sh uw l iy ah m ah n d ey t uw z 
LOG (lattice-best-path[5.5.1126~1-8c451]:main():lattice-best-path.cc:99) For utterance m1_191, best cost 124.443 + 448.033 = 572.476 over 418 frames.
m1_191 sil m ay k ow k aa l er dh eh r w ao l p er aw n z 
LOG (lattice-best-path[5.5.1126~1-8c451]:main():lattice-best-path.cc:99) For utterance m1_196, best cost 147.322 + 513.832 = 661.154 over 488 frames.
m1_196 sil dh iy s er ah n ah f ah s ay z ih n iy f er f er m ah n ae ch ah n sil 
LOG (lattice-best-path[5.5.1126~1-8c451]:main():lattice-best-path.cc:99) For utterance m1_201, best cost 132.946 + 482.854 = 615.8 over 453 frames.
m1_201 sil k ao r iy ah t ae t p r aa jh eh k w ih th er m ey sh ah n sil 
LOG (lattice-best-path[5.5.1126~1-8c451]:main():lattice-best-path.cc:99) For utterance m1_206, best cost 153.945 + 422.313 = 576.258 over 414 frames.
m1_206 sil s t ae v er l iy hh ae n d ah l ah s ay k ah l aa ch ah l t r aa m ah 
LOG (lattice-best-path[5.5.1126~1-8c451]:main():lattice-best-path.cc:99) For utterance m1_211, best cost 114.518 + 439.799 = 554.317 over 398 frames.
m1_211 sil ay er w ey ae n f r iy w ey n ah s ih ng f ih ng 
LOG (lattice-best-path[5.5.1126~1-8c451]:main():lattice-best-path.cc:99) For utterance m1_216, best cost 132.98 + 446.618 = 579.599 over 430 frames.
m1_216 sil z aa ch er w ao z ih n dh iy ah n ih l ah n s w ey sh ah n z 
LOG (lattice-best-path[5.5.1126~1-8c451]:main():lattice-best-path.cc:99) For utterance m1_221, best cost 109.486 + 394.347 = 503.833 over 367 frames.
m1_221 sil hh aw n z dh iy s ah b oy ah s k ah l ey t er sil 
LOG (lattice-best-path[5.5.1126~1-8c451]:main():lattice-best-path.cc:99) For utterance m1_226, best cost 111.537 + 416.345 = 527.882 over 388 frames.
m1_226 sil ao r jh ah v er f ao ey t ah l ow v n ah ch er sil 
LOG (lattice-best-path[5.5.1126~1-8c451]:main():lattice-best-path.cc:99) For utterance m1_236, best cost 122.493 + 358.674 = 481.167 over 355 frames.
m1_236 sil hh aw oy l iy d iy l ih k ih s eh l ah jh er s ih ng 
LOG (lattice-best-path[5.5.1126~1-8c451]:main():lattice-best-path.cc:99) For utterance m1_241, best cost 162.492 + 428.47 = 590.962 over 452 frames.
m1_241 sil jh aa b r ey t s p ay iy z ih ng ih n t eh k ah n ah s t ih k aa s ah l z 
LOG (lattice-best-path[5.5.1126~1-8c451]:main():lattice-best-path.cc:99) For utterance m1_246, best cost 81.0542 + 474.403 = 555.457 over 395 frames.
m1_246 sil dh iy ih ng r iy b oy n t er aw 
LOG (lattice-best-path[5.5.1126~1-8c451]:main():lattice-best-path.cc:99) For utterance m1_251, best cost 186.777 + 578.65 = 765.427 over 561 frames.
m1_251 sil f er v er d ih z p er s t iy sh iy k ey sh ah l iy r iy z ah l s t r iy ch er ah l sil 
LOG (lattice-best-path[5.5.1126~1-8c451]:main():lattice-best-path.cc:99) For utterance m1_256, best cost 148.375 + 494.695 = 643.07 over 461 frames.
m1_256 sil p ay n p eh r ao r ih z ey sh ah n z p er m ah b er t r l sil 
LOG (lattice-best-path[5.5.1126~1-8c451]:main():lattice-best-path.cc:99) For utterance m1_261, best cost 165.382 + 458.86 = 624.243 over 450 frames.
m1_261 sil w ih k ah p er v k ah l aa sh ah z er f er y uw s ah l ah n s iy aw t ah l sil 
LOG (lattice-best-path[5.5.1126~1-8c451]:main():lattice-best-path.cc:99) For utterance m1_266, best cost 116.042 + 424.303 = 540.346 over 395 frames.
m1_266 sil sh uw jh er ae s p iy k ae n s m l z uw z 
LOG (lattice-best-path[5.5.1126~1-8c451]:main():lattice-best-path.cc:99) For utterance m1_271, best cost 99.7973 + 335.218 = 435.015 over 320 frames.
m1_271 sil ah m iy d ih s ch ey n sh ey k aa l iy sil 
LOG (lattice-best-path[5.5.1126~1-8c451]:main():lattice-best-path.cc:99) For utterance m1_276, best cost 106.114 + 332.382 = 438.495 over 322 frames.
m1_276 sil ch ow z ah n f y uw w aa n jh ah n er l z 
LOG (lattice-best-path[5.5.1126~1-8c451]:main():lattice-best-path.cc:99) For utterance m1_281, best cost 196.398 + 598.811 = 795.209 over 591 frames.
m1_281 sil m ay d ih s ay er z ah s ah m p ah l iy w aa n f ao r d ah p er r ae f aa n dh iy s ah sil 
LOG (lattice-best-path[5.5.1126~1-8c451]:main():lattice-best-path.cc:99) For utterance m1_286, best cost 112.518 + 370.69 = 483.208 over 359 frames.
m1_286 sil dh ae t aa ch ih s k ae m er s ah l ah s l iy 
LOG (lattice-best-path[5.5.1126~1-8c451]:main():lattice-best-path.cc:99) For utterance m1_291, best cost 123.256 + 433.666 = 556.922 over 403 frames.
m1_291 sil l eh v er hh ae n d ey t iy ah s uw b ah l p ih f sil 
LOG (lattice-best-path[5.5.1126~1-8c451]:main():lattice-best-path.cc:99) For utterance m1_296, best cost 175.706 + 606.618 = 782.324 over 592 frames.
m1_296 sil ae l r s iy jh oy dh iy p oy m ah n ah b ay l ah jh iy ah n jh ah n ih r iy s sil 
LOG (lattice-best-path[5.5.1126~1-8c451]:main():lattice-best-path.cc:99) For utterance m1_301, best cost 160.942 + 492.363 = 653.305 over 494 frames.
m1_301 sil t aa p l ey z t aa p er ao r d iy ah n ih ng ih z b ay k f ih k s 
LOG (lattice-best-path[5.5.1126~1-8c451]:main():lattice-best-path.cc:99) For utterance m1_306, best cost 151.787 + 412.477 = 564.263 over 416 frames.
m1_306 sil jh aa r m er k iy l ih g uw n b aa n r aa n f r ah m ay l z 
LOG (lattice-best-path[5.5.1126~1-8c451]:main():lattice-best-path.cc:99) For utterance m1_311, best cost 113.881 + 616.278 = 730.159 over 539 frames.
m1_311 sil f r ch ay l z jh ah n s ih jh uw b ay er sil 
LOG (lattice-best-path[5.5.1126~1-8c451]:main():lattice-best-path.cc:99) For utterance m1_316, best cost 226.988 + 628.179 = 855.167 over 631 frames.
m1_316 sil ah p r iy s w uh k ah n p er b l ay s er f ih l ah n d ah b aa th iy m er jh ah n t iy k ah d ih sh ah n z sil 
LOG (lattice-best-path[5.5.1126~1-8c451]:main():lattice-best-path.cc:99) For utterance m1_321, best cost 133.036 + 414.66 = 547.696 over 412 frames.
m1_321 sil ah l er w ao z ah p oy n t ae k s ih k y uw hh er w ih l 
LOG (lattice-best-path[5.5.1126~1-8c451]:main():lattice-best-path.cc:99) For utterance m1_326, best cost 168.708 + 520.755 = 689.463 over 542 frames.
m1_326 sil dh iy s ih s ah m ey b r iy aw n s uw n s ah s ey t er f ay l z f r iy sil 
LOG (lattice-best-path[5.5.1126~1-8c451]:main():lattice-best-path.cc:99) For utterance m1_331, best cost 158.716 + 581.375 = 740.091 over 556 frames.
m1_331 sil dh iy g ah m ah n k ae k ao r d ah k ah m p ao r f er f r iy aw er z 
LOG (lattice-best-path[5.5.1126~1-8c451]:main():lattice-best-path.cc:99) For utterance m1_336, best cost 150.573 + 488.119 = 638.692 over 475 frames.
m1_336 sil oy z p r aa g ow z r ow z m ao r n oy ih ng iy jh d ey 
LOG (lattice-best-path[5.5.1126~1-8c451]:main():lattice-best-path.cc:99) For utterance m1_341, best cost 140.256 + 486.912 = 627.168 over 455 frames.
m1_341 sil w ih m ey n eh v er k ah m k ah m p l iy t iy t ah m ah n sil 
LOG (lattice-best-path[5.5.1126~1-8c451]:main():lattice-best-path.cc:99) For utterance m1_346, best cost 110.51 + 349.778 = 460.288 over 346 frames.
m1_346 l ow k ah m ah n iy n z d ah n s iy ch iy er sil 
LOG (lattice-best-path[5.5.1126~1-8c451]:main():lattice-best-path.cc:99) For utterance m1_351, best cost 110.413 + 404.388 = 514.801 over 372 frames.
m1_351 sil w ih jh ch er jh d ah s m ih s w er sh ah n sil 
LOG (lattice-best-path[5.5.1126~1-8c451]:main():lattice-best-path.cc:99) For utterance m1_356, best cost 96.6536 + 354.379 = 451.033 over 338 frames.
m1_356 sil ey ao l ay k l ao ng hh aa ch aw er z sil 
LOG (lattice-best-path[5.5.1126~1-8c451]:main():lattice-best-path.cc:99) For utterance m1_361, best cost 134.429 + 386.245 = 520.674 over 383 frames.
m1_361 sil t ih n t ey z sh iy l ih k ah s y uw v iy s w oy s w iy sil 
LOG (lattice-best-path[5.5.1126~1-8c451]:main():lattice-best-path.cc:99) For utterance m1_366, best cost 157.417 + 441.273 = 598.69 over 444 frames.
m1_366 sil hh er w ao r jh er ah n s ih s ah v ah l l iy s k er t uw b aa s ah z sil 
LOG (lattice-best-path[5.5.1126~1-8c451]:main():lattice-best-path.cc:99) For utterance m1_371, best cost 143.563 + 420.616 = 564.179 over 409 frames.
m1_371 sil r ay dh iy s ah g w ey b ae k ae f ah n t ah n ah v ch ey n sh 
LOG (lattice-best-path[5.5.1126~1-8c451]:main():lattice-best-path.cc:99) For utterance m1_376, best cost 113.502 + 457.513 = 571.015 over 432 frames.
m1_376 sil uw dh iy g aa r b ih n er l aa r jh ah n d ow 
LOG (lattice-best-path[5.5.1126~1-8c451]:main():lattice-best-path.cc:99) For utterance m1_381, best cost 182.322 + 500.827 = 683.149 over 508 frames.
m1_381 sil n t uw f ah n ih sh k r iy s ih ng er ch ey n b iy sh er t uw w ao sh s er l iy sil 
LOG (lattice-best-path[5.5.1126~1-8c451]:main():lattice-best-path.cc:99) For utterance m1_386, best cost 151.934 + 501.357 = 653.29 over 461 frames.
m1_386 sil k r ae k aw n jh m iy b ah k w ih k s t ae ng k w ih sh ae m sil 
LOG (lattice-best-path[5.5.1126~1-8c451]:main():lattice-best-path.cc:99) For utterance m1_391, best cost 127.27 + 414.201 = 541.471 over 386 frames.
m1_391 sil iy ch t ae sh er l iy f ay n z ah b ih g f aa n sil 
LOG (lattice-best-path[5.5.1126~1-8c451]:main():lattice-best-path.cc:99) For utterance m1_396, best cost 203.546 + 518.797 = 722.343 over 528 frames.
m1_396 sil dh iy ae v er t ay z ih ng f er s ah v ah m ih f er ay t iy s t ao r n ah v er ch ey n jh ah z sil 
LOG (lattice-best-path[5.5.1126~1-8c451]:main():lattice-best-path.cc:99) For utterance m1_401, best cost 160.262 + 447.693 = 607.955 over 462 frames.
m1_401 sil k aa m ah th ih ng s ah l aa r jh er k l ae m p s ao l t uw p r ao ng 
LOG (lattice-best-path[5.5.1126~1-8c451]:main():lattice-best-path.cc:99) For utterance m1_406, best cost 174.424 + 661.511 = 835.935 over 617 frames.
m1_406 sil ow n f ao r s t w ih n er l iy ow v er w ao ng b ay b ae ch ow z iy z sil 
LOG (lattice-best-path[5.5.1126~1-8c451]:main():lattice-best-path.cc:99) For utterance m1_411, best cost 146.504 + 390.443 = 536.947 over 395 frames.
m1_411 sil ow z m iy z ih sh ah n z hh aa r m ay z m aa r f l ah s l iy 
LOG (lattice-best-path[5.5.1126~1-8c451]:main():lattice-best-path.cc:99) For utterance m1_416, best cost 94.2884 + 462.254 = 556.543 over 408 frames.
m1_416 sil ae p aa p ih s k aa r d ae n d ih 
LOG (lattice-best-path[5.5.1126~1-8c451]:main():lattice-best-path.cc:99) For utterance m1_421, best cost 111.235 + 383.104 = 494.34 over 363 frames.
m1_421 sil dh ae n ah k aa s ih n t er k w eh k ow s ah l sil 
LOG (lattice-best-path[5.5.1126~1-8c451]:main():lattice-best-path.cc:99) For utterance m1_426, best cost 147.321 + 534.977 = 682.298 over 507 frames.
m1_426 iy z ih g ow ah n z w ao l d ih z r l ae k s t er ah w ey jh 
LOG (lattice-best-path[5.5.1126~1-8c451]:main():lattice-best-path.cc:99) For utterance m1_431, best cost 164.961 + 484.817 = 649.778 over 467 frames.
m1_431 sil aa m p r ao f ah t ao r ih n ah z ey sh ah n z f r iy ah r ih z er z sil 
LOG (lattice-best-path[5.5.1126~1-8c451]:main():lattice-best-path.cc:99) For utterance m1_436, best cost 162.541 + 511.502 = 674.042 over 482 frames.
m1_436 sil b er er t ey t f r iy k ah n dh iy ah k er z aa n f ay s k ih v ih ng 
LOG (lattice-best-path[5.5.1126~1-8c451]:main():lattice-best-path.cc:99) For utterance m1_441, best cost 113.016 + 379.35 = 492.366 over 358 frames.
m1_441 sil r aa r ah l m y uw z ih k ae z g r iy r dh iy sil 
LOG (lattice-best-path[5.5.1126~1-8c451]:main():lattice-best-path.cc:99) For utterance m1_446, best cost 127.48 + 436.878 = 564.357 over 412 frames.
m1_446 sil dh iy s p iy ch ah m p ow z iy m ay t ih n ah m ah n d ey 
LOG (lattice-best-path[5.5.1126~1-8c451]:main():lattice-best-path.cc:99) For utterance m1_451, best cost 166.94 + 546.461 = 713.401 over 513 frames.
m1_451 sil n k ae n k ah n s uw m ah n iy f r uw r ah l ah s ah m ow n s ah d ih ng 
LOG (lattice-best-path[5.5.1126~1-8c451]:main():lattice-best-path.cc:99) For utterance m1_456, best cost 142.065 + 590.632 = 732.697 over 518 frames.
m1_456 sil m ao z ih g ae l ah m ah p ae f r aa t ow z k aa r n sil 
LOG (lattice-best-path[5.5.1126~1-8c451]:main():lattice-best-path.cc:99) For utterance m3_001, best cost 79.5694 + 195.935 = 275.504 over 246 frames.
m3_001 sil ih s ah z iy z iy f ao r ah s sil 
LOG (lattice-best-path[5.5.1126~1-8c451]:main():lattice-best-path.cc:99) For utterance m3_006, best cost 118.977 + 278.083 = 397.059 over 352 frames.
m3_006 sil w ay d ae l ah r iy ow v er s ah l iy ae t ah m z sil 
LOG (lattice-best-path[5.5.1126~1-8c451]:main():lattice-best-path.cc:99) For utterance m3_011, best cost 89.2586 + 252.584 = 341.842 over 299 frames.
m3_011 sil s ah n y aa m ah t ay z iy k ae n sil 
LOG (lattice-best-path[5.5.1126~1-8c451]:main():lattice-best-path.cc:99) For utterance m3_016, best cost 116.226 + 319.105 = 435.331 over 351 frames.
m3_016 sil ae l ah m ow n iy hh er m ao r t ae n t w ao l sil 
LOG (lattice-best-path[5.5.1126~1-8c451]:main():lattice-best-path.cc:99) For utterance m3_021, best cost 73.1447 + 271.634 = 344.779 over 291 frames.
m3_021 sil l iy l er z l ah n er z sil 
LOG (lattice-best-path[5.5.1126~1-8c451]:main():lattice-best-path.cc:99) For utterance m3_026, best cost 89.0866 + 247.057 = 336.143 over 293 frames.
m3_026 sil aw t r l iy z er iy d ih sh ah z sil 
LOG (lattice-best-path[5.5.1126~1-8c451]:main():lattice-best-path.cc:99) For utterance m3_031, best cost 97.759 + 386.651 = 484.41 over 401 frames.
m3_031 sil aa r ah l b r iy s l ih g r eh t sil 
LOG (lattice-best-path[5.5.1126~1-8c451]:main():lattice-best-path.cc:99) For utterance m3_036, best cost 118.361 + 285.271 = 403.632 over 346 frames.
m3_036 sil ae s ah b aa p ah n b iy n ah ch ih ng s p aa r sil 
LOG (lattice-best-path[5.5.1126~1-8c451]:main():lattice-best-path.cc:99) For utterance m3_041, best cost 105.51 + 322.325 = 427.835 over 348 frames.
m3_041 sil eh m ih k s ah s t ih k t aa k aa m ao r sil 
LOG (lattice-best-path[5.5.1126~1-8c451]:main():lattice-best-path.cc:99) For utterance m3_046, best cost 108.492 + 307.771 = 416.263 over 358 frames.
m3_046 sil dh iy p aa l r ah s t iy m ae s s k ay s sil 
LOG (lattice-best-path[5.5.1126~1-8c451]:main():lattice-best-path.cc:99) For utterance m3_051, best cost 125.523 + 342.969 = 468.492 over 388 frames.
m3_051 sil eh n iy k ah n t ah b ih sh ah d ih g r iy p er s ey d sil 
LOG (lattice-best-path[5.5.1126~1-8c451]:main():lattice-best-path.cc:99) For utterance m3_056, best cost 124.589 + 357.73 = 482.319 over 421 frames.
m3_056 sil ae ch uw k ae sh er d ah s t iy p r ay s ih s ah z sil 
LOG (lattice-best-path[5.5.1126~1-8c451]:main():lattice-best-path.cc:99) For utterance m3_061, best cost 140.837 + 279.703 = 420.539 over 352 frames.
m3_061 sil k l ih s t ih s p l iy w ih z ah s p l ey s t ah s k r iy n sil 
LOG (lattice-best-path[5.5.1126~1-8c451]:main():lattice-best-path.cc:99) For utterance m3_066, best cost 105.229 + 262.381 = 367.61 over 318 frames.
m3_066 sil ae k t ih s p er s k r ae t uw f r iy l iy sil 
LOG (lattice-best-path[5.5.1126~1-8c451]:main():lattice-best-path.cc:99) For utterance m3_071, best cost 152.165 + 384.354 = 536.52 over 439 frames.
m3_071 sil k w aa p r ey sh ah l ao ng z ah n er s t ae n ih l iy p y uw t sil 
LOG (lattice-best-path[5.5.1126~1-8c451]:main():lattice-best-path.cc:99) For utterance m3_076, best cost 63.8503 + 304.776 = 368.626 over 319 frames.
m3_076 sil er z ah f ey m er sil 
LOG (lattice-best-path[5.5.1126~1-8c451]:main():lattice-best-path.cc:99) For utterance m3_081, best cost 132.644 + 332.811 = 465.455 over 363 frames.
m3_081 sil m ae s t r ey p aa r iy z t ae ch aa m ay m ey sh ah sil 
LOG (lattice-best-path[5.5.1126~1-8c451]:main():lattice-best-path.cc:99) For utterance m3_086, best cost 150.151 + 468.393 = 618.544 over 522 frames.
m3_086 sil er ah n t ow t ah n eh k r ey t ih k aa sh ah n t r ao l d ey z sil 
LOG (lattice-best-path[5.5.1126~1-8c451]:main():lattice-best-path.cc:99) For utterance m3_091, best cost 109.68 + 258.824 = 368.504 over 320 frames.
m3_091 sil y uw t ae p ah s t r iy hh aa n er ao l ay sil 
LOG (lattice-best-path[5.5.1126~1-8c451]:main():lattice-best-path.cc:99) For utterance m3_096, best cost 107.116 + 310.729 = 417.845 over 365 frames.
m3_096 sil ih s ah n d ah p er ch er s aa k ah k ae s t sil 
LOG (lattice-best-path[5.5.1126~1-8c451]:main():lattice-best-path.cc:99) For utterance m3_101, best cost 80.9364 + 290.418 = 371.354 over 307 frames.
m3_101 sil k l ae f r uw ao f t ae n d sil 
LOG (lattice-best-path[5.5.1126~1-8c451]:main():lattice-best-path.cc:99) For utterance m3_106, best cost 107.29 + 322.434 = 429.725 over 374 frames.
m3_106 sil ah s t ae s ih ng ih s er b ah n s ah b iy sil 
LOG (lattice-best-path[5.5.1126~1-8c451]:main():lattice-best-path.cc:99) For utterance m3_111, best cost 105.703 + 264.875 = 370.578 over 322 frames.
m3_111 sil ih sh ow n t eh l ah jh ah n s ah s er iy l sil 
LOG (lattice-best-path[5.5.1126~1-8c451]:main():lattice-best-path.cc:99) For utterance m3_116, best cost 88.1725 + 347.667 = 435.839 over 363 frames.
m3_116 sil dh ae n ah d ih l d uw b eh v er sil 
LOG (lattice-best-path[5.5.1126~1-8c451]:main():lattice-best-path.cc:99) For utterance m3_121, best cost 124.973 + 467.511 = 592.485 over 502 frames.
m3_121 sil s ay n t ih p r aa r eh s k aa n f r ah l ah s sil 
LOG (lattice-best-path[5.5.1126~1-8c451]:main():lattice-best-path.cc:99) For utterance m3_126, best cost 144.524 + 370.31 = 514.834 over 422 frames.
m3_126 sil w ih t s ao t ih k ah l ah p ey k ah n ih g er f ah k ey sh ah n sil 
LOG (lattice-best-path[5.5.1126~1-8c451]:main():lattice-best-path.cc:99) For utterance m3_131, best cost 136.785 + 340.353 = 477.139 over 412 frames.
m3_131 sil k r eh k y uw s n ah m ay n ch eh sh ah n z t er z ah l sil 
LOG (lattice-best-path[5.5.1126~1-8c451]:main():lattice-best-path.cc:99) For utterance m3_136, best cost 94.7717 + 354.74 = 449.512 over 360 frames.
m3_136 sil iy d ih z ah s t uw w ao r aa n ah s sil 
LOG (lattice-best-path[5.5.1126~1-8c451]:main():lattice-best-path.cc:99) For utterance m3_141, best cost 82.4435 + 315.097 = 397.54 over 354 frames.
m3_141 sil uw d ih s p ah n er iy z er z sil 
LOG (lattice-best-path[5.5.1126~1-8c451]:main():lattice-best-path.cc:99) For utterance m3_146, best cost 83.0315 + 472.583 = 555.615 over 495 frames.
m3_146 sil r ao aw er m ay ao l iy z 
LOG (lattice-best-path[5.5.1126~1-8c451]:main():lattice-best-path.cc:99) For utterance m3_151, best cost 52.6403 + 308.552 = 361.192 over 315 frames.
m3_151 sil k ae b ay iy sil 
LOG (lattice-best-path[5.5.1126~1-8c451]:main():lattice-best-path.cc:99) For utterance m3_156, best cost 175.858 + 461.195 = 637.054 over 522 frames.
m3_156 sil l er k w aa p r ey t ih n p ay n iy n ae n s k ae m ow l b iy w ao r d sil 
LOG (lattice-best-path[5.5.1126~1-8c451]:main():lattice-best-path.cc:99) For utterance m3_161, best cost 121.831 + 389.87 = 511.701 over 430 frames.
m3_161 sil er l iy s iy f y uw ao r d s ah s m ow th er z sil 
LOG (lattice-best-path[5.5.1126~1-8c451]:main():lattice-best-path.cc:99) For utterance m3_166, best cost 92.0919 + 323.985 = 416.077 over 359 frames.
m3_166 sil dh iy k ae n aw s er t uw y er z sil 
LOG (lattice-best-path[5.5.1126~1-8c451]:main():lattice-best-path.cc:99) For utterance m3_171, best cost 117.243 + 321.498 = 438.741 over 354 frames.
m3_171 sil d ih s t r ay v er f ay l er d ih m ay ao s sil 
LOG (lattice-best-path[5.5.1126~1-8c451]:main():lattice-best-path.cc:99) For utterance m3_176, best cost 77.1299 + 241.366 = 318.496 over 265 frames.
m3_176 sil ey n jh oy l ae b ih sh ah n sil 
LOG (lattice-best-path[5.5.1126~1-8c451]:main():lattice-best-path.cc:99) For utterance m3_181, best cost 143.636 + 420.453 = 564.089 over 455 frames.
m3_181 sil iy aa n t eh l d ah n t uw oy d ih k s p l ah s t iy z ah z sil 
LOG (lattice-best-path[5.5.1126~1-8c451]:main():lattice-best-path.cc:99) For utterance m3_186, best cost 117.028 + 342.082 = 459.11 over 351 frames.
m3_186 sil iy n ay k ey t ah l iy p ah m ah n ih b l uw z sil 
LOG (lattice-best-path[5.5.1126~1-8c451]:main():lattice-best-path.cc:99) For utterance m3_191, best cost 99.7493 + 397.876 = 497.626 over 445 frames.
m3_191 sil m ay k ah k aa r m ao l s k r ah n z sil 
LOG (lattice-best-path[5.5.1126~1-8c451]:main():lattice-best-path.cc:99) For utterance m3_196, best cost 136.829 + 364.434 = 501.263 over 432 frames.
m3_196 sil dh iy s er m ah n s ay s ih n iy f er f er d ae k sh ah n sil 
LOG (lattice-best-path[5.5.1126~1-8c451]:main():lattice-best-path.cc:99) For utterance m3_201, best cost 150.346 + 343.505 = 493.851 over 404 frames.
m3_201 sil k ao r ey t ae p r aa jh eh k ah z eh k s t uw t er m ey sh ah n sil 
LOG (lattice-best-path[5.5.1126~1-8c451]:main():lattice-best-path.cc:99) For utterance m3_206, best cost 99.2551 + 362.662 = 461.917 over 387 frames.
m3_206 sil s t ae f ae n ah dh iy s ay k ah l aa t sil 
LOG (lattice-best-path[5.5.1126~1-8c451]:main():lattice-best-path.cc:99) For utterance m3_211, best cost 105.163 + 296.906 = 402.069 over 317 frames.
m3_211 sil ay l ey t f r iy w ey m ah n s ey n z ih ng sil 
LOG (lattice-best-path[5.5.1126~1-8c451]:main():lattice-best-path.cc:99) For utterance m3_216, best cost 82.5478 + 341.667 = 424.215 over 367 frames.
m3_216 sil ah t aa n ae n ow ey sh ah n sil 
LOG (lattice-best-path[5.5.1126~1-8c451]:main():lattice-best-path.cc:99) For utterance m3_221, best cost 101.699 + 328.545 = 430.244 over 334 frames.
m3_221 sil hh ow ey t ih z ah s ah b ay s ah l ey t er sil 
LOG (lattice-best-path[5.5.1126~1-8c451]:main():lattice-best-path.cc:99) For utterance m3_226, best cost 120.846 + 294.581 = 415.427 over 349 frames.
m3_226 sil dh iy b ow ih z b aa r f ay ey t ah l aa n ah t er sil 
LOG (lattice-best-path[5.5.1126~1-8c451]:main():lattice-best-path.cc:99) For utterance m3_231, best cost 94.2655 + 255.71 = 349.975 over 286 frames.
m3_231 sil r ow k ah n eh v er m ah n ih m ao r iy 
LOG (lattice-best-path[5.5.1126~1-8c451]:main():lattice-best-path.cc:99) For utterance m3_236, best cost 97.3362 + 323.391 = 420.727 over 339 frames.
m3_236 sil hh aw w oy iy l ey t er s eh l ih ng sil 
LOG (lattice-best-path[5.5.1126~1-8c451]:main():lattice-best-path.cc:99) For utterance m3_241, best cost 123.391 + 336.254 = 459.644 over 386 frames.
m3_241 sil ao r iy iy z ih ng ih n t ey t ah s ih k aa s ah l z sil 
LOG (lattice-best-path[5.5.1126~1-8c451]:main():lattice-best-path.cc:99) For utterance m3_246, best cost 87.5142 + 355.408 = 442.922 over 382 frames.
m3_246 sil w ay ae n ch er ih m ah k aw t sil 
LOG (lattice-best-path[5.5.1126~1-8c451]:main():lattice-best-path.cc:99) For utterance m3_251, best cost 164.901 + 439.88 = 604.781 over 519 frames.
m3_251 sil dh iy f er s p ah s t iy sh iy p ey z ah l iy r iy z w ao s t uw jh er ah l 
LOG (lattice-best-path[5.5.1126~1-8c451]:main():lattice-best-path.cc:99) For utterance m3_256, best cost 131.017 + 424.413 = 555.43 over 462 frames.
m3_256 sil n hh ae t er ih z ey sh ah n z p r ah b er th er l sil 
LOG (lattice-best-path[5.5.1126~1-8c451]:main():lattice-best-path.cc:99) For utterance m3_261, best cost 136.619 + 341.305 = 477.924 over 393 frames.
m3_261 sil ih dh iy p er z b aa s ih z er f er y uw s ow n s aa l sil 
LOG (lattice-best-path[5.5.1126~1-8c451]:main():lattice-best-path.cc:99) For utterance m3_266, best cost 90.0686 + 309.003 = 399.071 over 340 frames.
m3_266 sil sh ah jh er ae s t iy k ae z uw z sil 
LOG (lattice-best-path[5.5.1126~1-8c451]:main():lattice-best-path.cc:99) For utterance m3_271, best cost 103.289 + 269.822 = 373.111 over 302 frames.
m3_271 sil ah m iy d ih s ch ey n sh ey k aa l iy sil 
LOG (lattice-best-path[5.5.1126~1-8c451]:main():lattice-best-path.cc:99) For utterance m3_276, best cost 117.915 + 293.54 = 411.455 over 319 frames.
m3_276 sil ah th y uw ch ow z ih th iy l iy k aw n t er l z sil 
LOG (lattice-best-path[5.5.1126~1-8c451]:main():lattice-best-path.cc:99) For utterance m3_281, best cost 150.732 + 491.91 = 642.642 over 543 frames.
m3_281 sil m ay d ih s ay ah s ah p ah l iy w aa n f r m ah p eh r ae sil 
LOG (lattice-best-path[5.5.1126~1-8c451]:main():lattice-best-path.cc:99) For utterance m3_286, best cost 97.6181 + 288.005 = 385.623 over 327 frames.
m3_286 sil eh jh aa ch ih s k ae m er s ao l iy sil 
LOG (lattice-best-path[5.5.1126~1-8c451]:main():lattice-best-path.cc:99) For utterance m3_291, best cost 55.0801 + 361.108 = 416.188 over 364 frames.
m3_291 sil ah dh ae n ae t sil 
LOG (lattice-best-path[5.5.1126~1-8c451]:main():lattice-best-path.cc:99) For utterance m3_296, best cost 131.413 + 560.62 = 692.033 over 584 frames.
m3_296 sil hh aw er s iy d ah p oy m ah n aa l d iy ah n ah n z sil 
LOG (lattice-best-path[5.5.1126~1-8c451]:main():lattice-best-path.cc:99) For utterance m3_301, best cost 131.929 + 406.337 = 538.266 over 443 frames.
m3_301 sil p aa p oy z t aa p er t iy ae n d ih z b ay t s t sil 
LOG (lattice-best-path[5.5.1126~1-8c451]:main():lattice-best-path.cc:99) For utterance m3_306, best cost 100.275 + 412.679 = 512.954 over 414 frames.
m3_306 sil dh iy b aa r uw w ao r aw n er m ah l z sil 
LOG (lattice-best-path[5.5.1126~1-8c451]:main():lattice-best-path.cc:99) For utterance m3_311, best cost 140.817 + 405.055 = 545.872 over 473 frames.
m3_311 sil n ch ay l ah jh ah n ay s ah n jh uw b ay z b ih g r l er sil 
LOG (lattice-best-path[5.5.1126~1-8c451]:main():lattice-best-path.cc:99) For utterance m3_316, best cost 193.52 + 466.947 = 660.467 over 569 frames.
m3_316 sil dh iy p r iy s k l er k ah g er w ay s er f iy l ih n z aa p iy m er n d ih sh ah n z sil 
LOG (lattice-best-path[5.5.1126~1-8c451]:main():lattice-best-path.cc:99) For utterance m3_321, best cost 118.441 + 296.197 = 414.638 over 357 frames.
m3_321 sil ah l er w ao z ah p ay n s eh k s k y er w eh l sil 
LOG (lattice-best-path[5.5.1126~1-8c451]:main():lattice-best-path.cc:99) For utterance m3_326, best cost 144.712 + 408.525 = 553.238 over 464 frames.
m3_326 sil dh iy s ih s ah m ey b r ih g aa n s ah n s ah s er f ay l th iy sil 
LOG (lattice-best-path[5.5.1126~1-8c451]:main():lattice-best-path.cc:99) For utterance m3_331, best cost 142.452 + 422.048 = 564.5 over 472 frames.
m3_331 sil dh iy g ah m ey k ah t ih z ih k ao r ih k ah m p aa r iy aw er z sil 
LOG (lattice-best-path[5.5.1126~1-8c451]:main():lattice-best-path.cc:99) For utterance m3_336, best cost 129.635 + 330.949 = 460.584 over 372 frames.
m3_336 sil ah n oy z p aa r ow z m ao r n oy n iy ch d ey sil 
LOG (lattice-best-path[5.5.1126~1-8c451]:main():lattice-best-path.cc:99) For utterance m3_341, best cost 132.979 + 346.307 = 479.286 over 384 frames.
m3_341 sil dh iy m ah n eh v er b iy k ah m k ah m p l iy k ah m ah n sil 
LOG (lattice-best-path[5.5.1126~1-8c451]:main():lattice-best-path.cc:99) For utterance m3_346, best cost 100.707 + 315.538 = 416.246 over 371 frames.
m3_346 sil w aa k ah m ah n ah s t ah n t iy ch iy er sil 
LOG (lattice-best-path[5.5.1126~1-8c451]:main():lattice-best-path.cc:99) For utterance m3_351, best cost 97.7378 + 340.727 = 438.465 over 412 frames.
m3_351 sil w ih ch ch er sh ah s m ah s er ah n 
LOG (lattice-best-path[5.5.1126~1-8c451]:main():lattice-best-path.cc:99) For utterance m3_356, best cost 90.3921 + 257.288 = 347.68 over 307 frames.
m3_356 sil dh ae l ay k l ao hh aa ch aw er z sil 
LOG (lattice-best-path[5.5.1126~1-8c451]:main():lattice-best-path.cc:99) For utterance m3_361, best cost 132.066 + 314.993 = 447.058 over 368 frames.
m3_361 sil k ae n t ih k sh iy l ih s iy m uw v iy s t ay s ah l iy sil 
LOG (lattice-best-path[5.5.1126~1-8c451]:main():lattice-best-path.cc:99) For utterance m3_366, best cost 127.834 + 320.918 = 448.751 over 393 frames.
m3_366 sil ao r ah k ah n s ih s ah l ih s k er k s ah b aa s ah z 
LOG (lattice-best-path[5.5.1126~1-8c451]:main():lattice-best-path.cc:99) For utterance m3_371, best cost 123.402 + 340.803 = 464.205 over 389 frames.
m3_371 sil ay d r ay dh iy s ah b oy b ah hh aw n ah ch ey n jh sil 
LOG (lattice-best-path[5.5.1126~1-8c451]:main():lattice-best-path.cc:99) For utterance m3_376, best cost 70.1237 + 339.224 = 409.347 over 338 frames.
m3_376 sil aa r er s ow aa r t sil 
LOG (lattice-best-path[5.5.1126~1-8c451]:main():lattice-best-path.cc:99) For utterance m3_381, best cost 135.928 + 372.495 = 508.423 over 453 frames.
m3_381 sil w ih z g r iy s ih ng er ch ey n ih sh er w aa s p er l iy sil 
LOG (lattice-best-path[5.5.1126~1-8c451]:main():lattice-best-path.cc:99) For utterance m3_386, best cost 110.867 + 377.549 = 488.415 over 425 frames.
m3_386 sil ah k r ae b aa n z m ih ng ih k s t ae n 
LOG (lattice-best-path[5.5.1126~1-8c451]:main():lattice-best-path.cc:99) For utterance m3_391, best cost 107.83 + 262.666 = 370.496 over 314 frames.
m3_391 sil iy t s t ae sh ih f ay n t uw b ih ng f ao ng 
LOG (lattice-best-path[5.5.1126~1-8c451]:main():lattice-best-path.cc:99) For utterance m3_396, best cost 158.965 + 404.867 = 563.832 over 482 frames.
m3_396 sil dh iy ae ng p er s ah n dh iy f er ay iy s ao r n eh v er ch ey n t ih z sil 
LOG (lattice-best-path[5.5.1126~1-8c451]:main():lattice-best-path.cc:99) For utterance m3_401, best cost 125.427 + 337.732 = 463.16 over 378 frames.
m3_401 sil t ah m ah s ih ng s ah l aa r jh ih k l ae sh ao r aa t sil 
LOG (lattice-best-path[5.5.1126~1-8c451]:main():lattice-best-path.cc:99) For utterance m3_406, best cost 168.503 + 434.349 = 602.851 over 493 frames.
m3_406 sil dh iy f ih k aw n f ao r ah s ih z er l iy ow v er w ao eh ch ah m z iy z sil 
LOG (lattice-best-path[5.5.1126~1-8c451]:main():lattice-best-path.cc:99) For utterance m3_411, best cost 108.458 + 311.075 = 419.533 over 345 frames.
m3_411 sil ih z iy z ih sh ah z hh aa m ay z m aa r sil 
LOG (lattice-best-path[5.5.1126~1-8c451]:main():lattice-best-path.cc:99) For utterance m3_416, best cost 95.0107 + 303.424 = 398.434 over 322 frames.
m3_416 sil p aa k er w ao z k aa r eh n ae n t sil 
LOG (lattice-best-path[5.5.1126~1-8c451]:main():lattice-best-path.cc:99) For utterance m3_421, best cost 119.114 + 247.751 = 366.865 over 309 frames.
m3_421 sil ih s t ae k aa s t ah n z ah k w ay k ah l er f ao l sil 
LOG (lattice-best-path[5.5.1126~1-8c451]:main():lattice-best-path.cc:99) For utterance m3_426, best cost 140.811 + 390.153 = 530.964 over 420 frames.
m3_426 sil iy s ih g ow n s ao d ih s ih l ae k s er ah b oy ih jh sil 
LOG (lattice-best-path[5.5.1126~1-8c451]:main():lattice-best-path.cc:99) For utterance m3_431, best cost 154.594 + 345.13 = 499.723 over 422 frames.
m3_431 sil n ah m p r aa t er ih z ey sh ah n s ah f r g ah n f ah n er z er z sil 
LOG (lattice-best-path[5.5.1126~1-8c451]:main():lattice-best-path.cc:99) For utterance m3_436, best cost 139.315 + 329.378 = 468.693 over 390 frames.
m3_436 sil p er er dh ey f r iy k ah m ey p er z ah m b ah n s k ah n sil 
LOG (lattice-best-path[5.5.1126~1-8c451]:main():lattice-best-path.cc:99) For utterance m3_441, best cost 123.767 + 324.792 = 448.559 over 381 frames.
m3_441 sil r aa k ah m ow n iy z ih k ae g r iy g r eh t ah m sil 
LOG (lattice-best-path[5.5.1126~1-8c451]:main():lattice-best-path.cc:99) For utterance m3_446, best cost 116.239 + 332.924 = 449.164 over 355 frames.
m3_446 sil dh iy s t iy t s ah b ow z iy m ay g ae n ah n t sil 
LOG (lattice-scale[5.5.1126~1-8c451]:main():lattice-scale.cc:107) Done 363 lattices.
LOG (lattice-add-penalty[5.5.1126~1-8c451]:main():lattice-add-penalty.cc:62) Done adding word insertion penalty to 363 lattices.
LOG (lattice-best-path[5.5.1126~1-8c451]:main():lattice-best-path.cc:99) For utterance m3_451, best cost 164.512 + 384.829 = 549.341 over 472 frames.
m3_451 sil ch er k ih ng ih n s uw m ah n iy f er g ah l ah t s ah m ah n s ah d ih ng sil 
LOG (lattice-best-path[5.5.1126~1-8c451]:main():lattice-best-path.cc:99) For utterance m3_456, best cost 133.482 + 371.289 = 504.77 over 429 frames.
m3_456 sil ah m ao s ih g ae g ah l aa n k ae f er aw s p aa r n 
LOG (lattice-best-path[5.5.1126~1-8c451]:main():lattice-best-path.cc:124) Overall cost per frame is 1.27931 = 0.277141 [graph] + 1.00216 [acoustic] over 144532 frames.
LOG (lattice-best-path[5.5.1126~1-8c451]:main():lattice-best-path.cc:128) Done 363 lattices, failed for 0
# Accounting: time=4 threads=1
# Ended (code 0) at Mon Apr 29 13:56:06 EEST 2024, elapsed time 4 seconds
