# lattice-scale --inv-acoustic-scale=10 "ark:gunzip -c ./exp/tri_bg/decode_dnn/lat.*.gz|" ark:- | lattice-add-penalty --word-ins-penalty=1.0 ark:- ark:- | lattice-best-path --word-symbol-table=./exp/tri_bg/graph/words.txt ark:- ark,t:- | utils/int2sym.pl -f 2- ./exp/tri_bg/graph/words.txt | cat > ./exp/tri_bg/decode_dnn/scoring_kaldi/penalty_1.0/10.txt 
# Started at Mon Apr 29 13:56:02 EEST 2024
#
lattice-scale --inv-acoustic-scale=10 'ark:gunzip -c ./exp/tri_bg/decode_dnn/lat.*.gz|' ark:- 
lattice-add-penalty --word-ins-penalty=1.0 ark:- ark:- 
lattice-best-path --word-symbol-table=./exp/tri_bg/graph/words.txt ark:- ark,t:- 
LOG (lattice-best-path[5.5.1126~1-8c451]:main():lattice-best-path.cc:99) For utterance f1_001, best cost 73.8616 + 241.357 = 315.219 over 237 frames.
f1_001 sil ih s ih z iy s iy f er aw s sil 
LOG (lattice-best-path[5.5.1126~1-8c451]:main():lattice-best-path.cc:99) For utterance f1_006, best cost 107.456 + 303.151 = 410.607 over 338 frames.
f1_006 sil w ay ey l ao r iy ow v er s ah l iy ay d ah n z sil 
LOG (lattice-best-path[5.5.1126~1-8c451]:main():lattice-best-path.cc:99) For utterance f1_011, best cost 87.1195 + 311.338 = 398.457 over 306 frames.
f1_011 sil s w iy aa r ah z hh ay z iy k aw n sil 
LOG (lattice-best-path[5.5.1126~1-8c451]:main():lattice-best-path.cc:99) For utterance f1_016, best cost 116.557 + 316.796 = 433.353 over 336 frames.
f1_016 sil ae l ah n iy hh ay z ah d ih f ao r s k ae n d ah l sil 
LOG (lattice-best-path[5.5.1126~1-8c451]:main():lattice-best-path.cc:99) For utterance f1_021, best cost 73.1581 + 307.059 = 380.217 over 290 frames.
f1_021 sil ah l iy l er z ah l er sil s sil 
LOG (lattice-best-path[5.5.1126~1-8c451]:main():lattice-best-path.cc:99) For utterance f1_026, best cost 97.1465 + 293.263 = 390.41 over 305 frames.
f1_026 sil ow n t uw ch er l iy s t er iy d ih sh ah z sil 
LOG (lattice-best-path[5.5.1126~1-8c451]:main():lattice-best-path.cc:99) For utterance f1_031, best cost 139.747 + 360.457 = 500.204 over 395 frames.
f1_031 sil aa r s k ah l p er iy s l w ao z aa r jh uw ey sh ah n z ah n sil 
LOG (lattice-best-path[5.5.1126~1-8c451]:main():lattice-best-path.cc:99) For utterance f1_036, best cost 101.176 + 337.739 = 438.915 over 353 frames.
f1_036 sil eh s ah b aa n dh iy eh t ey n s w er t sil 
LOG (lattice-best-path[5.5.1126~1-8c451]:main():lattice-best-path.cc:99) For utterance f1_041, best cost 109.415 + 344.901 = 454.316 over 363 frames.
f1_041 sil dh ae sh ih z dh iy p aa k aa m p ah s m ay er sil 
LOG (lattice-best-path[5.5.1126~1-8c451]:main():lattice-best-path.cc:99) For utterance f1_046, best cost 104.726 + 350.8 = 455.526 over 373 frames.
f1_046 sil dh iy p r l ao r s t iy ae s k ah s k ae z sil 
LOG (lattice-best-path[5.5.1126~1-8c451]:main():lattice-best-path.cc:99) For utterance f1_051, best cost 151.809 + 373.83 = 525.639 over 398 frames.
f1_051 sil ah n iy k ah n t uw dh ey sh ah n z ah l iy g r iy l iy p r iy ch ey t ah d sil 
LOG (lattice-best-path[5.5.1126~1-8c451]:main():lattice-best-path.cc:99) For utterance f1_056, best cost 139.365 + 380.932 = 520.297 over 439 frames.
f1_056 sil w eh s er z k ae sh er ch k ow s t iy p r iy s ih ng s ah z sil 
LOG (lattice-best-path[5.5.1126~1-8c451]:main():lattice-best-path.cc:99) For utterance f1_061, best cost 127.489 + 316.39 = 443.879 over 359 frames.
f1_061 sil ow s t ih s p oy l ih z ih z p l ey s ah n s k r ey n sil 
LOG (lattice-best-path[5.5.1126~1-8c451]:main():lattice-best-path.cc:99) For utterance f1_066, best cost 107.7 + 262.156 = 369.856 over 309 frames.
f1_066 sil er z k ah s k aa r g r eh s t uw f r iy l iy sil 
LOG (lattice-best-path[5.5.1126~1-8c451]:main():lattice-best-path.cc:99) For utterance f1_071, best cost 138.23 + 408.996 = 547.226 over 436 frames.
f1_071 sil ao r ey sh n ah l ah f ah n er z ae n d ah l iy v iy s t iy t sil 
LOG (lattice-best-path[5.5.1126~1-8c451]:main():lattice-best-path.cc:99) For utterance f1_076, best cost 88.0761 + 292.64 = 380.716 over 313 frames.
f1_076 sil ih ng g er z ah v ae n s k aa ch er sil 
LOG (lattice-best-path[5.5.1126~1-8c451]:main():lattice-best-path.cc:99) For utterance f1_081, best cost 136.788 + 325.243 = 462.03 over 360 frames.
f1_081 sil ae s k r ey p aa r d iy s hh aa s ah n t ah n ah m ey sh ah n sil 
LOG (lattice-best-path[5.5.1126~1-8c451]:main():lattice-best-path.cc:99) For utterance f1_086, best cost 188.482 + 457.162 = 645.644 over 522 frames.
f1_086 sil uw ch ah l d ah n t eh k r iy b eh k l ae s er z f er hh aa k ao l aa l ah d ey z sil 
LOG (lattice-best-path[5.5.1126~1-8c451]:main():lattice-best-path.cc:99) For utterance f1_091, best cost 105.558 + 308.785 = 414.343 over 327 frames.
f1_091 sil iy ch t aa s t r iy aa n r m ao l ay d sil 
LOG (lattice-best-path[5.5.1126~1-8c451]:main():lattice-best-path.cc:99) For utterance f1_096, best cost 93.5933 + 313.577 = 407.17 over 339 frames.
f1_096 sil ih s ao ao r jh er s sh aa k ae s sil 
LOG (lattice-best-path[5.5.1126~1-8c451]:main():lattice-best-path.cc:99) For utterance f1_101, best cost 84.847 + 277.877 = 362.724 over 300 frames.
f1_101 sil ae s ah s k er n er l ah t ae n sil 
LOG (lattice-best-path[5.5.1126~1-8c451]:main():lattice-best-path.cc:99) For utterance f1_106, best cost 115.421 + 370.191 = 485.612 over 388 frames.
f1_106 sil ah s eh s ih z f er b ah n s ah b ah p aa t iy sil 
LOG (lattice-best-path[5.5.1126~1-8c451]:main():lattice-best-path.cc:99) For utterance f1_111, best cost 114.104 + 289.662 = 403.766 over 329 frames.
f1_111 sil aa r d ih sh ow n t eh l ah jh ah s ih z f er iy l sil 
LOG (lattice-best-path[5.5.1126~1-8c451]:main():lattice-best-path.cc:99) For utterance f1_116, best cost 120.969 + 307.944 = 428.913 over 323 frames.
f1_116 sil w ih n t uw b ae l d ih n uw b eh v er ch p l ae n sil 
LOG (lattice-best-path[5.5.1126~1-8c451]:main():lattice-best-path.cc:99) For utterance f1_121, best cost 142.449 + 480.389 = 622.838 over 494 frames.
f1_121 sil s ay n t ih p r aa r eh s k ah n ch ah n ah z aa l ah n ah s sil 
LOG (lattice-best-path[5.5.1126~1-8c451]:main():lattice-best-path.cc:99) For utterance f1_126, best cost 147.57 + 392.546 = 540.116 over 432 frames.
f1_126 sil w ih sh aa t ih k ah l ih z ah p ey t ih n iy p aa r f ih k ey sh ah n sil 
LOG (lattice-best-path[5.5.1126~1-8c451]:main():lattice-best-path.cc:99) For utterance f1_131, best cost 144.072 + 369.63 = 513.702 over 419 frames.
f1_131 sil r eh k ae s ih k ey sh ah m ay n ch er sh ah n z k r ih sh ah l sil 
LOG (lattice-best-path[5.5.1126~1-8c451]:main():lattice-best-path.cc:99) For utterance f1_136, best cost 112.701 + 343.984 = 456.685 over 352 frames.
f1_136 sil ih s t iy ah z ih z ih s ah n ao r d ay m ah n s sil 
LOG (lattice-best-path[5.5.1126~1-8c451]:main():lattice-best-path.cc:99) For utterance f1_141, best cost 83.3749 + 365.167 = 448.542 over 364 frames.
f1_141 sil uw s l ah n t er dh iy p eh r er z sil 
LOG (lattice-best-path[5.5.1126~1-8c451]:main():lattice-best-path.cc:99) For utterance f1_146, best cost 111.947 + 387.949 = 499.895 over 381 frames.
f1_146 sil er ao th er hh aw er m ay n t ah l aa n l iy z sil 
LOG (lattice-best-path[5.5.1126~1-8c451]:main():lattice-best-path.cc:99) For utterance f1_151, best cost 75.8199 + 355.367 = 431.187 over 325 frames.
f1_151 sil hh ay ae k aw n ah b ay y uw sil 
LOG (lattice-best-path[5.5.1126~1-8c451]:main():lattice-best-path.cc:99) For utterance f1_156, best cost 179.508 + 464.173 = 643.681 over 482 frames.
f1_156 sil w eh v er k aa p r iy s ih n b ay n ih n ae n s k aw n iy ow b iy er w ao r d iy sil 
LOG (lattice-best-path[5.5.1126~1-8c451]:main():lattice-best-path.cc:99) For utterance f1_161, best cost 123.906 + 446.697 = 570.603 over 455 frames.
f1_161 sil dh er l iy s ih f y ao r s dh iy s m l f ao r iy z sil 
LOG (lattice-best-path[5.5.1126~1-8c451]:main():lattice-best-path.cc:99) For utterance f1_166, best cost 106.676 + 313.285 = 419.961 over 335 frames.
f1_166 sil dh iy k ae n aw t ao l ih z hh er s m ay er z sil 
LOG (lattice-best-path[5.5.1126~1-8c451]:main():lattice-best-path.cc:99) For utterance f1_171, best cost 115.93 + 364.401 = 480.331 over 379 frames.
f1_171 sil d r ay ae f ay l eh v ey t s m ay ao t ih z sil 
LOG (lattice-best-path[5.5.1126~1-8c451]:main():lattice-best-path.cc:99) For utterance f1_176, best cost 66.6672 + 272.105 = 338.772 over 262 frames.
f1_176 sil ey jh oy l ae b ih sh ah n sil 
LOG (lattice-best-path[5.5.1126~1-8c451]:main():lattice-best-path.cc:99) For utterance f1_181, best cost 177.39 + 429.804 = 607.194 over 466 frames.
f1_181 sil d ah n t ow sh ah n sh ah t ah b oy s p ow dh iy k ah n t ey t uw s t ih z iy z ah z sil 
LOG (lattice-best-path[5.5.1126~1-8c451]:main():lattice-best-path.cc:99) For utterance f1_186, best cost 79.1656 + 368.012 = 447.177 over 346 frames.
f1_186 sil iy v n ay ah m ah n iy d uw z sil 
LOG (lattice-best-path[5.5.1126~1-8c451]:main():lattice-best-path.cc:99) For utterance f1_191, best cost 102.17 + 376.012 = 478.181 over 373 frames.
f1_191 sil m ay k ah k aa t ah v er m ao r ay ah n z sil 
LOG (lattice-best-path[5.5.1126~1-8c451]:main():lattice-best-path.cc:99) For utterance f1_196, best cost 139.676 + 402.301 = 541.977 over 428 frames.
f1_196 sil dh iy s er ah n ae s ay s ih n iy f er f er m ah b aa sh ah n sil 
LOG (lattice-best-path[5.5.1126~1-8c451]:main():lattice-best-path.cc:99) For utterance f1_201, best cost 135.589 + 409.946 = 545.535 over 424 frames.
f1_201 sil k ao r ey t ae p r ae sh eh k ae sh uh d t er m ey sh ah n sil 
LOG (lattice-best-path[5.5.1126~1-8c451]:main():lattice-best-path.cc:99) For utterance f1_206, best cost 123.831 + 501.521 = 625.352 over 476 frames.
f1_206 sil s eh v er l iy ae n d ah s ay k ah l aa ch aa m ah sil 
LOG (lattice-best-path[5.5.1126~1-8c451]:main():lattice-best-path.cc:99) For utterance f1_211, best cost 91.0405 + 345.423 = 436.464 over 338 frames.
f1_211 sil ay oy n t r iy m ey t s ey n ih ng sil 
LOG (lattice-best-path[5.5.1126~1-8c451]:main():lattice-best-path.cc:99) For utterance f1_216, best cost 119.398 + 352.895 = 472.293 over 365 frames.
f1_216 sil d ae t er b ih z m iy ah n d ah n z dh iy p ey sh ah n sil 
LOG (lattice-best-path[5.5.1126~1-8c451]:main():lattice-best-path.cc:99) For utterance f1_221, best cost 104.234 + 294.722 = 398.956 over 312 frames.
f1_221 sil hh ae l iy t ih z ah s ah l ae s k ah l ey er sil 
LOG (lattice-best-path[5.5.1126~1-8c451]:main():lattice-best-path.cc:99) For utterance f1_226, best cost 123.84 + 358.324 = 482.164 over 376 frames.
f1_226 sil dh iy p ao r d ih z b aa t er f l ay t ah l aa n ay er sil 
LOG (lattice-best-path[5.5.1126~1-8c451]:main():lattice-best-path.cc:99) For utterance f1_231, best cost 101.149 + 295.127 = 396.276 over 300 frames.
f1_231 sil er ah p ah n eh v er iy m ah n d ay iy ih ng sil 
LOG (lattice-best-path[5.5.1126~1-8c451]:main():lattice-best-path.cc:99) For utterance f1_236, best cost 113.635 + 336.719 = 450.355 over 358 frames.
f1_236 sil hh aw oy l iy t uw ey t ih s ae l ah jh ah s ih ng sil 
LOG (lattice-best-path[5.5.1126~1-8c451]:main():lattice-best-path.cc:99) For utterance f1_241, best cost 118.991 + 409.187 = 528.178 over 433 frames.
f1_241 sil ih jh aa t iy z ae n t ae n s t ih m ah s ah l z sil 
LOG (lattice-best-path[5.5.1126~1-8c451]:main():lattice-best-path.cc:99) For utterance f1_246, best cost 73.6999 + 396.425 = 470.125 over 347 frames.
f1_246 sil ey n ow ey n s ih k aa t sil 
LOG (lattice-best-path[5.5.1126~1-8c451]:main():lattice-best-path.cc:99) For utterance f1_251, best cost 198.833 + 475.393 = 674.226 over 526 frames.
f1_251 sil dh iy f r ih z p er s t iy z iy er k ay ey sh uw l iy w iy z ah l ao s t r iy ch ah n ah l sil 
LOG (lattice-best-path[5.5.1126~1-8c451]:main():lattice-best-path.cc:99) For utterance f1_256, best cost 161.521 + 415.381 = 576.902 over 447 frames.
f1_256 sil ae n t eh r ah n hh ay d ao r m ih z ey sh ah n s p er m ow ah n t r ah l sil 
LOG (lattice-best-path[5.5.1126~1-8c451]:main():lattice-best-path.cc:99) For utterance f1_261, best cost 129.092 + 392.225 = 521.317 over 423 frames.
f1_261 sil w ey p er f ao sh uw s t eh r iy f ah n s iy aa t ah l sil 
LOG (lattice-best-path[5.5.1126~1-8c451]:main():lattice-best-path.cc:99) For utterance f1_266, best cost 100.524 + 320.184 = 420.708 over 326 frames.
f1_266 sil ah jh er ae s t iy k ae n s m ao s uw z sil 
LOG (lattice-best-path[5.5.1126~1-8c451]:main():lattice-best-path.cc:99) For utterance f1_271, best cost 98.0553 + 261.476 = 359.531 over 289 frames.
f1_271 sil ah n iy d ih sh ey n sh ey p aa s ah l iy sil 
LOG (lattice-best-path[5.5.1126~1-8c451]:main():lattice-best-path.cc:99) For utterance f1_276, best cost 99.2414 + 281.585 = 380.826 over 298 frames.
f1_276 sil ch ow z ah n f iy l d ah n jh ah n ah l z sil 
LOG (lattice-best-path[5.5.1126~1-8c451]:main():lattice-best-path.cc:99) For utterance f1_281, best cost 144.97 + 584.176 = 729.145 over 558 frames.
f1_281 sil ay d ih z ae n b ah l iy w aa n f ao r d ah p aa r b r ae z sil 
LOG (lattice-best-path[5.5.1126~1-8c451]:main():lattice-best-path.cc:99) For utterance f1_286, best cost 96.9426 + 300.105 = 397.048 over 302 frames.
f1_286 sil ah t ow ch ey z k ae s m er s ah l z sil 
LOG (lattice-best-path[5.5.1126~1-8c451]:main():lattice-best-path.cc:99) For utterance f1_291, best cost 95.8048 + 356.978 = 452.783 over 343 frames.
f1_291 sil g ae n t ae b iy s uw d ah l d ih z sil 
LOG (lattice-best-path[5.5.1126~1-8c451]:main():lattice-best-path.cc:99) For utterance f1_296, best cost 150.123 + 587.014 = 737.137 over 571 frames.
f1_296 sil aw s iy p oy n ah n ah b ay l ah jh ae n iy n ih r ah n d ih n z sil 
LOG (lattice-best-path[5.5.1126~1-8c451]:main():lattice-best-path.cc:99) For utterance f1_301, best cost 92.3079 + 434.065 = 526.373 over 417 frames.
f1_301 sil l iy s aa p er ih ng ih z b ay k s sil 
LOG (lattice-best-path[5.5.1126~1-8c451]:main():lattice-best-path.cc:99) For utterance f1_306, best cost 119.926 + 369.71 = 489.636 over 386 frames.
f1_306 sil aa r er k y uw n aa n t er aw n f er m ay l z sil 
LOG (lattice-best-path[5.5.1126~1-8c451]:main():lattice-best-path.cc:99) For utterance f1_311, best cost 149.789 + 499.219 = 649.008 over 495 frames.
f1_311 sil dh iy f r ey t ch ae z jh ah m ah s ah t uw b ay z b ih g r ae t er sil 
LOG (lattice-best-path[5.5.1126~1-8c451]:main():lattice-best-path.cc:99) For utterance f1_316, best cost 192.911 + 519.025 = 711.936 over 563 frames.
f1_316 sil dh iy p r iy s k ae n b er b ay s er f iy ah n z aa p iy m er z ah n s ih n d ih sh ah n z sil 
LOG (lattice-best-path[5.5.1126~1-8c451]:main():lattice-best-path.cc:99) For utterance f1_321, best cost 117.561 + 332.98 = 450.54 over 353 frames.
f1_321 sil w oy ow z ah p oy s ae k s ih k y uw p er w eh l sil 
LOG (lattice-best-path[5.5.1126~1-8c451]:main():lattice-best-path.cc:99) For utterance f1_326, best cost 167.208 + 472.587 = 639.796 over 494 frames.
f1_326 sil dh iy s ah s ah m ey b r iy k ae s iy n z ih z ey t er b ay l z f r iy l iy sil 
LOG (lattice-best-path[5.5.1126~1-8c451]:main():lattice-best-path.cc:99) For utterance f1_331, best cost 139.437 + 482.808 = 622.246 over 492 frames.
f1_331 sil dh iy k ah n k ae t ih z eh k ao r d ih g ah m p r iy aw er z sil 
LOG (lattice-best-path[5.5.1126~1-8c451]:main():lattice-best-path.cc:99) For utterance f1_336, best cost 97.2383 + 440.602 = 537.84 over 404 frames.
f1_336 sil eh r ow z m ao r n ah l ih ng ih sh ae d sil 
LOG (lattice-best-path[5.5.1126~1-8c451]:main():lattice-best-path.cc:99) For utterance f1_341, best cost 105.811 + 418.596 = 524.408 over 414 frames.
f1_341 sil ah n ah n eh v er sil dh iy k ah l iy iy m ah n sil 
LOG (lattice-best-path[5.5.1126~1-8c451]:main():lattice-best-path.cc:99) For utterance f1_346, best cost 100.671 + 314.855 = 415.526 over 328 frames.
f1_346 sil w ao l k ah m ah n iy s t uw z iy ch iy er sil 
LOG (lattice-best-path[5.5.1126~1-8c451]:main():lattice-best-path.cc:99) For utterance f1_351, best cost 76.5115 + 331.917 = 408.428 over 336 frames.
f1_351 sil ch er ch s m er sh ah n sil 
LOG (lattice-best-path[5.5.1126~1-8c451]:main():lattice-best-path.cc:99) For utterance f1_356, best cost 79.3592 + 301.134 = 380.493 over 302 frames.
f1_356 sil ey ao l ay k w aa ch aw er z sil 
LOG (lattice-best-path[5.5.1126~1-8c451]:main():lattice-best-path.cc:99) For utterance f1_361, best cost 111.059 + 368.978 = 480.037 over 381 frames.
f1_361 sil ih n z ih sh iy l ah s iy m l iy s ay s ah l iy sil 
LOG (lattice-best-path[5.5.1126~1-8c451]:main():lattice-best-path.cc:99) For utterance f1_366, best cost 117.948 + 415.36 = 533.308 over 419 frames.
f1_366 sil ao r jh ih z ih s ah v ah l iy s k t ah m ah s ah z sil 
LOG (lattice-best-path[5.5.1126~1-8c451]:main():lattice-best-path.cc:99) For utterance f1_371, best cost 106.506 + 413.718 = 520.223 over 401 frames.
f1_371 sil r ay t s ah b oy b ae p ah n ah ch ey n z sil 
LOG (lattice-best-path[5.5.1126~1-8c451]:main():lattice-best-path.cc:99) For utterance f1_376, best cost 72.1076 + 378.175 = 450.282 over 370 frames.
f1_376 sil iy er z ah l aa r n d ah sil 
LOG (lattice-best-path[5.5.1126~1-8c451]:main():lattice-best-path.cc:99) For utterance f1_381, best cost 148.001 + 454.741 = 602.743 over 474 frames.
f1_381 sil f ah n jh g r iy s iy er ch ey n b iy ch er d w aa sh er l iy sil 
LOG (lattice-best-path[5.5.1126~1-8c451]:main():lattice-best-path.cc:99) For utterance f1_386, best cost 103.465 + 474.304 = 577.769 over 474 frames.
f1_386 sil ah k r ae ch aa n sh ah n iy s t ae t ah n sil 
LOG (lattice-best-path[5.5.1126~1-8c451]:main():lattice-best-path.cc:99) For utterance f1_391, best cost 82.5265 + 304.102 = 386.628 over 336 frames.
f1_391 sil iy ch eh sh er l iy f ay z ah n sil 
LOG (lattice-best-path[5.5.1126~1-8c451]:main():lattice-best-path.cc:99) For utterance f1_396, best cost 148.487 + 479.494 = 627.981 over 507 frames.
f1_396 sil dh ae t ay z ih ng b er s ah v er ay z p er n er ch ey n t s sil 
LOG (lattice-best-path[5.5.1126~1-8c451]:main():lattice-best-path.cc:99) For utterance f1_401, best cost 114.743 + 393.697 = 508.439 over 395 frames.
f1_401 sil aa n s ah s ao r jh ah k l ae n s aa r aa k ah l sil 
LOG (lattice-best-path[5.5.1126~1-8c451]:main():lattice-best-path.cc:99) For utterance f1_406, best cost 136.107 + 516.066 = 652.173 over 518 frames.
f1_406 sil ih k ae l aa r iy er l iy ow v er w ao ng t ah m z iy z sil 
LOG (lattice-best-path[5.5.1126~1-8c451]:main():lattice-best-path.cc:99) For utterance f1_411, best cost 108.17 + 325.018 = 433.187 over 343 frames.
f1_411 sil iy z ih sh ah n t aa m ay z m aa r ah s l iy sil 
LOG (lattice-best-path[5.5.1126~1-8c451]:main():lattice-best-path.cc:99) For utterance f1_416, best cost 60.0038 + 361.28 = 421.284 over 320 frames.
f1_416 sil ae k aa k ao t iy sil 
LOG (lattice-best-path[5.5.1126~1-8c451]:main():lattice-best-path.cc:99) For utterance f1_421, best cost 100.121 + 317.946 = 418.067 over 329 frames.
f1_421 sil b ae k aa s t ah n z ah p ay p er ah l sil 
LOG (lattice-best-path[5.5.1126~1-8c451]:main():lattice-best-path.cc:99) For utterance f1_426, best cost 146.816 + 400.715 = 547.531 over 437 frames.
f1_426 sil dh iy z ih g ow n z aa l ah jh ah s f r l ae s t er ah p w ey jh sil 
LOG (lattice-best-path[5.5.1126~1-8c451]:main():lattice-best-path.cc:99) For utterance f1_431, best cost 102.006 + 437.853 = 539.86 over 432 frames.
f1_431 sil ah m p er v er z ey sh ah n t eh v er iy z sil 
LOG (lattice-best-path[5.5.1126~1-8c451]:main():lattice-best-path.cc:99) For utterance f1_436, best cost 106.225 + 394.598 = 500.823 over 405 frames.
f1_436 sil ey f r iy k ae l iy p er z ah n t s k ih ng sil 
LOG (lattice-best-path[5.5.1126~1-8c451]:main():lattice-best-path.cc:99) For utterance f1_441, best cost 88.3309 + 339.923 = 428.254 over 335 frames.
f1_441 sil aa k ah n iy z ih k ae g r iy ah m sil 
LOG (lattice-best-path[5.5.1126~1-8c451]:main():lattice-best-path.cc:99) For utterance f1_446, best cost 116.75 + 368.219 = 484.969 over 379 frames.
f1_446 sil ih s t iy ch ah p ow z iy m ay ih g ae m ah n t er sil 
LOG (lattice-best-path[5.5.1126~1-8c451]:main():lattice-best-path.cc:99) For utterance f1_451, best cost 141.91 + 411.563 = 553.473 over 444 frames.
f1_451 sil ch eh jh ah n t ah n s ih m ah n iy f er r ah l ah m ah n s ih ng sil 
LOG (lattice-best-path[5.5.1126~1-8c451]:main():lattice-best-path.cc:99) For utterance f1_456, best cost 115.848 + 441.155 = 557.003 over 433 frames.
f1_456 sil ah m ah s ih z ae k ae t uw ae z k aa r d ah n sil 
LOG (lattice-best-path[5.5.1126~1-8c451]:main():lattice-best-path.cc:99) For utterance f5_001, best cost 52.0466 + 240.501 = 292.547 over 249 frames.
f5_001 sil ih z iy p er ah s sil 
LOG (lattice-best-path[5.5.1126~1-8c451]:main():lattice-best-path.cc:99) For utterance f5_006, best cost 72.3626 + 302.856 = 375.218 over 325 frames.
f5_006 sil w ay iy l w er iy ow v z sil 
LOG (lattice-best-path[5.5.1126~1-8c451]:main():lattice-best-path.cc:99) For utterance f5_011, best cost 26.4275 + 284.987 = 311.414 over 301 frames.
f5_011 sil n sil 
LOG (lattice-best-path[5.5.1126~1-8c451]:main():lattice-best-path.cc:99) For utterance f5_021, best cost 61.3116 + 267.158 = 328.47 over 301 frames.
f5_021 sil ah l iy l er z d er z sil 
LOG (lattice-best-path[5.5.1126~1-8c451]:main():lattice-best-path.cc:99) For utterance f5_031, best cost 46.7162 + 340.656 = 387.372 over 391 frames.
f5_031 sil uw ey sh ah n sil 
LOG (lattice-best-path[5.5.1126~1-8c451]:main():lattice-best-path.cc:99) For utterance f5_036, best cost 36.0782 + 312.46 = 348.538 over 348 frames.
f5_036 sil ao r t sil 
LOG (lattice-best-path[5.5.1126~1-8c451]:main():lattice-best-path.cc:99) For utterance f5_041, best cost 35.4741 + 334.035 = 369.509 over 364 frames.
f5_041 sil ih sh sil 
LOG (lattice-best-path[5.5.1126~1-8c451]:main():lattice-best-path.cc:99) For utterance f5_046, best cost 94.437 + 285.534 = 379.971 over 354 frames.
f5_046 sil dh iy p r aa l ao r s k y ah s k ay z sil 
LOG (lattice-best-path[5.5.1126~1-8c451]:main():lattice-best-path.cc:99) For utterance f5_051, best cost 68.1298 + 354.606 = 422.736 over 393 frames.
f5_051 sil r iy l iy p ey sh iy d sil 
LOG (lattice-best-path[5.5.1126~1-8c451]:main():lattice-best-path.cc:99) For utterance f5_056, best cost 124.019 + 355.415 = 479.434 over 446 frames.
f5_056 sil k ae s er d ih ch k aa s t iy p r ih k r iy s ih z sil 
LOG (lattice-best-path[5.5.1126~1-8c451]:main():lattice-best-path.cc:99) For utterance f5_061, best cost 127.803 + 276.931 = 404.733 over 377 frames.
f5_061 sil k ah s t ih s p l ey ow z ah s p l iy s ah n s k r iy n sil 
LOG (lattice-best-path[5.5.1126~1-8c451]:main():lattice-best-path.cc:99) For utterance f5_066, best cost 37.7108 + 295.845 = 333.556 over 335 frames.
f5_066 sil r iy l iy sil 
LOG (lattice-best-path[5.5.1126~1-8c451]:main():lattice-best-path.cc:99) For utterance f5_071, best cost 122.804 + 368.849 = 491.653 over 448 frames.
f5_071 sil k w aa p er sh ah l aa ng l iy v iy t ih s p iy t sil 
LOG (lattice-best-path[5.5.1126~1-8c451]:main():lattice-best-path.cc:99) For utterance f5_076, best cost 25.5748 + 278.325 = 303.9 over 309 frames.
f5_076 sil er sil 
LOG (lattice-best-path[5.5.1126~1-8c451]:main():lattice-best-path.cc:99) For utterance f5_081, best cost 95.5716 + 318.062 = 413.634 over 373 frames.
f5_081 sil r ey p r iy z t ae k s w ey sh ah n sil 
LOG (lattice-best-path[5.5.1126~1-8c451]:main():lattice-best-path.cc:99) For utterance f5_086, best cost 62.5692 + 457.253 = 519.823 over 495 frames.
f5_086 sil r ao l hh ao l ih z sil 
LOG (lattice-best-path[5.5.1126~1-8c451]:main():lattice-best-path.cc:99) For utterance f5_091, best cost 66.9935 + 287.13 = 354.124 over 318 frames.
f5_091 sil t ae n hh er hh ao l iy sil 
LOG (lattice-best-path[5.5.1126~1-8c451]:main():lattice-best-path.cc:99) For utterance f5_096, best cost 40.4459 + 305.947 = 346.393 over 334 frames.
f5_096 sil ih sh uh k sil 
LOG (lattice-best-path[5.5.1126~1-8c451]:main():lattice-best-path.cc:99) For utterance f5_101, best cost 32.0073 + 292.081 = 324.088 over 302 frames.
f5_101 sil ae n d sil 
LOG (lattice-best-path[5.5.1126~1-8c451]:main():lattice-best-path.cc:99) For utterance f5_106, best cost 23.2998 + 363.354 = 386.654 over 388 frames.
f5_106 sil iy sil 
LOG (lattice-best-path[5.5.1126~1-8c451]:main():lattice-best-path.cc:99) For utterance f5_111, best cost 108.442 + 261.968 = 370.41 over 318 frames.
f5_111 sil ih sh l ah n t eh l ah jh ah n z ih z f er iy l sil 
LOG (lattice-best-path[5.5.1126~1-8c451]:main():lattice-best-path.cc:99) For utterance f5_116, best cost 18.5611 + 307.19 = 325.751 over 326 frames.
f5_116 sil sil 
LOG (lattice-best-path[5.5.1126~1-8c451]:main():lattice-best-path.cc:99) For utterance f5_121, best cost 32.1007 + 463.324 = 495.425 over 496 frames.
f5_121 sil z sil sil 
LOG (lattice-best-path[5.5.1126~1-8c451]:main():lattice-best-path.cc:99) For utterance f5_126, best cost 92.0509 + 393.969 = 486.02 over 451 frames.
f5_126 sil dh iy ch aa m aa r er f ih k ey sh ah n sil 
LOG (lattice-best-path[5.5.1126~1-8c451]:main():lattice-best-path.cc:99) For utterance f5_131, best cost 95.7409 + 338.49 = 434.231 over 403 frames.
f5_131 sil m ay n s t r ah n z ah s k ah sh ah l sil 
LOG (lattice-best-path[5.5.1126~1-8c451]:main():lattice-best-path.cc:99) For utterance f5_136, best cost 23.4298 + 332.372 = 355.802 over 370 frames.
f5_136 sil s sil 
LOG (lattice-best-path[5.5.1126~1-8c451]:main():lattice-best-path.cc:99) For utterance f5_141, best cost 27.9021 + 333.181 = 361.084 over 366 frames.
f5_141 sil er z sil 
LOG (lattice-best-path[5.5.1126~1-8c451]:main():lattice-best-path.cc:99) For utterance f5_146, best cost 38.8541 + 379.853 = 418.707 over 398 frames.
f5_146 sil hh er ao z sil 
LOG (lattice-best-path[5.5.1126~1-8c451]:main():lattice-best-path.cc:99) For utterance f5_151, best cost 46.9147 + 285.289 = 332.204 over 304 frames.
f5_151 sil n dh iy b ay iy sil 
LOG (lattice-best-path[5.5.1126~1-8c451]:main():lattice-best-path.cc:99) For utterance f5_156, best cost 137.077 + 438.509 = 575.586 over 500 frames.
f5_156 sil w eh v er k w aa n ae n s k ae m iy l w iy w ao r d ah d sil 
LOG (lattice-best-path[5.5.1126~1-8c451]:main():lattice-best-path.cc:99) For utterance f5_161, best cost 39.4263 + 376.845 = 416.272 over 443 frames.
f5_161 sil l er iy z sil 
LOG (lattice-best-path[5.5.1126~1-8c451]:main():lattice-best-path.cc:99) For utterance f5_166, best cost 62.166 + 307.043 = 369.209 over 336 frames.
f5_166 sil k ae n ao l w er z sil 
LOG (lattice-best-path[5.5.1126~1-8c451]:main():lattice-best-path.cc:99) For utterance f5_171, best cost 113.726 + 306.512 = 420.238 over 374 frames.
f5_171 sil ih s t r oy iy f ay l r l iy t uw m ay s sil 
LOG (lattice-best-path[5.5.1126~1-8c451]:main():lattice-best-path.cc:99) For utterance f5_176, best cost 73.4901 + 247.805 = 321.295 over 282 frames.
f5_176 sil n jh oy ow n ay d ih sh ah n sil 
LOG (lattice-best-path[5.5.1126~1-8c451]:main():lattice-best-path.cc:99) For utterance f5_181, best cost 60.9096 + 434.321 = 495.231 over 465 frames.
f5_181 sil iy s t ih z iy z ah z sil 
LOG (lattice-best-path[5.5.1126~1-8c451]:main():lattice-best-path.cc:99) For utterance f5_186, best cost 27.637 + 338.209 = 365.846 over 352 frames.
f5_186 sil n z sil 
LOG (lattice-best-path[5.5.1126~1-8c451]:main():lattice-best-path.cc:99) For utterance f5_191, best cost 78.7696 + 356.557 = 435.327 over 383 frames.
f5_191 sil ah l k aa m ao k r ah n z sil 
LOG (lattice-best-path[5.5.1126~1-8c451]:main():lattice-best-path.cc:99) For utterance f5_196, best cost 93.6676 + 369.989 = 463.657 over 428 frames.
f5_196 sil dh iy s er er f er m ah v ae k sh ah n sil 
LOG (lattice-best-path[5.5.1126~1-8c451]:main():lattice-best-path.cc:99) For utterance f5_201, best cost 90.9094 + 364.793 = 455.703 over 415 frames.
f5_201 sil ao r uw dh iy p aa jh ih n ey sh ah n sil 
LOG (lattice-best-path[5.5.1126~1-8c451]:main():lattice-best-path.cc:99) For utterance f5_206, best cost 42.9237 + 399.496 = 442.42 over 417 frames.
f5_206 sil sil aa n ah sil 
LOG (lattice-best-path[5.5.1126~1-8c451]:main():lattice-best-path.cc:99) For utterance f5_211, best cost 101.774 + 282.172 = 383.946 over 329 frames.
f5_211 sil hh ay oy n f r iy l iy m iy n s ih ng ih ng sil 
LOG (lattice-best-path[5.5.1126~1-8c451]:main():lattice-best-path.cc:99) For utterance f5_216, best cost 46.8218 + 355.492 = 402.314 over 379 frames.
f5_216 sil dh iy p ey sh ah n sil 
LOG (lattice-best-path[5.5.1126~1-8c451]:main():lattice-best-path.cc:99) For utterance f5_221, best cost 111.878 + 282.67 = 394.548 over 339 frames.
f5_221 sil hh aw n sh ah n z ih s ah b ay ah s k ah l iy d er sil 
LOG (lattice-best-path[5.5.1126~1-8c451]:main():lattice-best-path.cc:99) For utterance f5_226, best cost 60.6696 + 330.206 = 390.876 over 364 frames.
f5_226 sil dh iy k ao r jh ah s t er sil 
LOG (lattice-best-path[5.5.1126~1-8c451]:main():lattice-best-path.cc:99) For utterance f5_231, best cost 83.9545 + 257.463 = 341.418 over 302 frames.
f5_231 sil ow p ah n eh v er iy m ah n ih ng sil 
LOG (lattice-best-path[5.5.1126~1-8c451]:main():lattice-best-path.cc:99) For utterance f5_236, best cost 76.2415 + 317.82 = 394.062 over 356 frames.
f5_236 sil hh ow l iy eh l ah jh ah s ih ng sil 
LOG (lattice-best-path[5.5.1126~1-8c451]:main():lattice-best-path.cc:99) For utterance f5_241, best cost 49.0822 + 368.385 = 417.467 over 406 frames.
f5_241 sil jh ao ah l z sil 
LOG (lattice-best-path[5.5.1126~1-8c451]:main():lattice-best-path.cc:99) For utterance f5_246, best cost 45.1369 + 313.508 = 358.645 over 340 frames.
f5_246 sil r iy b oy sil 
LOG (lattice-best-path[5.5.1126~1-8c451]:main():lattice-best-path.cc:99) For utterance f5_251, best cost 100.018 + 448.161 = 548.18 over 520 frames.
f5_251 sil f r ah s iy ch iy p ow l er n ah l sil 
LOG (lattice-best-path[5.5.1126~1-8c451]:main():lattice-best-path.cc:99) For utterance f5_256, best cost 50.5116 + 398.386 = 448.897 over 433 frames.
f5_256 sil ih z ey sh ah l sil 
LOG (lattice-best-path[5.5.1126~1-8c451]:main():lattice-best-path.cc:99) For utterance f5_261, best cost 74.1923 + 354.66 = 428.852 over 410 frames.
f5_261 sil l sh ah z ah b er y ah l sil 
LOG (lattice-best-path[5.5.1126~1-8c451]:main():lattice-best-path.cc:99) For utterance f5_266, best cost 72.1238 + 278.088 = 350.211 over 333 frames.
f5_266 sil sh ah d r ae m l z uw z sil 
LOG (lattice-best-path[5.5.1126~1-8c451]:main():lattice-best-path.cc:99) For utterance f5_271, best cost 53.3628 + 284.317 = 337.68 over 314 frames.
f5_271 sil n sh iy p l iy sil 
LOG (lattice-best-path[5.5.1126~1-8c451]:main():lattice-best-path.cc:99) For utterance f5_276, best cost 54.5537 + 292.029 = 346.583 over 321 frames.
f5_276 sil iy w eh n ah l z sil 
LOG (lattice-best-path[5.5.1126~1-8c451]:main():lattice-best-path.cc:99) For utterance f5_281, best cost 43.1069 + 555.431 = 598.538 over 565 frames.
f5_281 sil n f ao r sil 
LOG (lattice-best-path[5.5.1126~1-8c451]:main():lattice-best-path.cc:99) For utterance f5_286, best cost 65.4978 + 267.034 = 332.532 over 319 frames.
f5_286 sil ch iy s ah s k ae l iy sil 
LOG (lattice-best-path[5.5.1126~1-8c451]:main():lattice-best-path.cc:99) For utterance f5_291, best cost 18.7736 + 341.453 = 360.227 over 368 frames.
f5_291 sil sil 
LOG (lattice-best-path[5.5.1126~1-8c451]:main():lattice-best-path.cc:99) For utterance f5_296, best cost 58.6207 + 548.255 = 606.875 over 575 frames.
f5_296 sil n dh iy b ay l ah s sil 
LOG (lattice-best-path[5.5.1126~1-8c451]:main():lattice-best-path.cc:99) For utterance f5_301, best cost 63.2075 + 395.07 = 458.278 over 425 frames.
f5_301 sil t aa t aa p r eh r sil 
LOG (lattice-best-path[5.5.1126~1-8c451]:main():lattice-best-path.cc:99) For utterance f5_306, best cost 63.8509 + 402.648 = 466.499 over 433 frames.
f5_306 sil r aa n f r m ay l z sil 
LOG (lattice-best-path[5.5.1126~1-8c451]:main():lattice-best-path.cc:99) For utterance f5_311, best cost 69.8536 + 421.386 = 491.24 over 458 frames.
f5_311 sil dh iy f r ah n ch ae l d er sil 
LOG (lattice-best-path[5.5.1126~1-8c451]:main():lattice-best-path.cc:99) For utterance f5_316, best cost 120.443 + 398.426 = 518.869 over 457 frames.
f5_316 sil r iy s k ah l ih l ay s er f iy l ih ng ih sh ah n sil 
LOG (lattice-best-path[5.5.1126~1-8c451]:main():lattice-best-path.cc:99) For utterance f5_321, best cost 129.467 + 311.813 = 441.279 over 377 frames.
f5_321 sil ah l er w ao z ah p ah t uw t ae k s k y uw hh er w eh l sil 
LOG (lattice-best-path[5.5.1126~1-8c451]:main():lattice-best-path.cc:99) For utterance f5_326, best cost 176.258 + 352.602 = 528.859 over 481 frames.
f5_326 sil dh iy s ih s t ah m ey b r iy aw n s ih n s ih s ey t er f ay l z f r iy l iy sil 
LOG (lattice-best-path[5.5.1126~1-8c451]:main():lattice-best-path.cc:99) For utterance f5_331, best cost 43.2017 + 448.351 = 491.553 over 487 frames.
f5_331 sil r iy aw er z sil 
LOG (lattice-best-path[5.5.1126~1-8c451]:main():lattice-best-path.cc:99) For utterance f5_336, best cost 119.651 + 349.913 = 469.563 over 396 frames.
f5_336 sil eh n oy s p aa r ih z m ao r n oy n iy ch t iy sil 
LOG (lattice-best-path[5.5.1126~1-8c451]:main():lattice-best-path.cc:99) For utterance f5_341, best cost 70.5188 + 382.565 = 453.084 over 420 frames.
f5_341 sil m ah n eh v er dh iy k ah n sil 
LOG (lattice-best-path[5.5.1126~1-8c451]:main():lattice-best-path.cc:99) For utterance f5_346, best cost 73.8828 + 312.998 = 386.881 over 360 frames.
f5_346 sil m ah n iy n s iy ch iy er sil 
LOG (lattice-best-path[5.5.1126~1-8c451]:main():lattice-best-path.cc:99) For utterance f5_351, best cost 31.1085 + 306.332 = 337.44 over 341 frames.
f5_351 sil dh ae n sil 
LOG (lattice-best-path[5.5.1126~1-8c451]:main():lattice-best-path.cc:99) For utterance f5_361, best cost 112.802 + 302.526 = 415.328 over 372 frames.
f5_361 sil sh iy l ah t uw s iy n l iy z t ay s ah l iy sil 
LOG (lattice-best-path[5.5.1126~1-8c451]:main():lattice-best-path.cc:99) For utterance f5_366, best cost 61.6565 + 363.39 = 425.047 over 405 frames.
f5_366 sil iy s k r ao s ah z sil 
LOG (lattice-best-path[5.5.1126~1-8c451]:main():lattice-best-path.cc:99) For utterance f5_371, best cost 41.488 + 381.252 = 422.74 over 396 frames.
f5_371 sil ch ey n jh sil 
LOG (lattice-best-path[5.5.1126~1-8c451]:main():lattice-best-path.cc:99) For utterance f5_376, best cost 36.9991 + 337.697 = 374.696 over 351 frames.
f5_376 sil n d ih l sil 
LOG (lattice-best-path[5.5.1126~1-8c451]:main():lattice-best-path.cc:99) For utterance f5_381, best cost 113.338 + 384.046 = 497.384 over 463 frames.
f5_381 sil ng y uw ch ey n b iy ch er iy w aa s t er l iy sil 
LOG (lattice-best-path[5.5.1126~1-8c451]:main():lattice-best-path.cc:99) For utterance f5_386, best cost 63.0423 + 366.62 = 429.662 over 421 frames.
f5_386 sil k r ae f ih ng ae m sil 
LOG (lattice-best-path[5.5.1126~1-8c451]:main():lattice-best-path.cc:99) For utterance f5_391, best cost 48.0003 + 287.03 = 335.031 over 321 frames.
f5_391 sil sh er l iy n sil 
LOG (lattice-best-path[5.5.1126~1-8c451]:main():lattice-best-path.cc:99) For utterance f5_396, best cost 95.3239 + 436.895 = 532.219 over 518 frames.
f5_396 sil r ay iy s er n eh v er ch ey n d ih z sil 
LOG (lattice-best-path[5.5.1126~1-8c451]:main():lattice-best-path.cc:99) For utterance f5_401, best cost 104.896 + 341.895 = 446.791 over 394 frames.
f5_401 sil t aa zh er k l ae m p ah p r aa b ah m sil 
LOG (lattice-best-path[5.5.1126~1-8c451]:main():lattice-best-path.cc:99) For utterance f5_406, best cost 151.549 + 427.349 = 578.898 over 512 frames.
f5_406 sil eh l m f ao r s ih z n l iy ow v er w aa t ah ch ah m z iy z sil 
LOG (lattice-best-path[5.5.1126~1-8c451]:main():lattice-best-path.cc:99) For utterance f5_411, best cost 40.3028 + 406.48 = 446.783 over 433 frames.
f5_411 sil sil l iy sil 
LOG (lattice-best-path[5.5.1126~1-8c451]:main():lattice-best-path.cc:99) For utterance f5_416, best cost 22.9933 + 339.452 = 362.445 over 339 frames.
f5_416 sil d sil 
LOG (lattice-best-path[5.5.1126~1-8c451]:main():lattice-best-path.cc:99) For utterance f5_421, best cost 49.6651 + 300.679 = 350.344 over 332 frames.
f5_421 sil k ah l ah f ah l sil 
LOG (lattice-best-path[5.5.1126~1-8c451]:main():lattice-best-path.cc:99) For utterance f5_431, best cost 29.37 + 412.407 = 441.777 over 427 frames.
f5_431 sil er z sil 
LOG (lattice-best-path[5.5.1126~1-8c451]:main():lattice-best-path.cc:99) For utterance f5_436, best cost 64.8979 + 368.23 = 433.128 over 405 frames.
f5_436 sil sil ey f r iy k ah ng sil 
LOG (lattice-best-path[5.5.1126~1-8c451]:main():lattice-best-path.cc:99) For utterance f5_441, best cost 100.175 + 270.595 = 370.771 over 325 frames.
f5_441 sil r aa k ah n iy z ih k ae z ah g r iy ah m sil 
LOG (lattice-best-path[5.5.1126~1-8c451]:main():lattice-best-path.cc:99) For utterance f5_446, best cost 107.403 + 338.377 = 445.78 over 398 frames.
f5_446 sil iy s ah m p ow z iy m ay ae n ah m ah n d iy sil 
LOG (lattice-best-path[5.5.1126~1-8c451]:main():lattice-best-path.cc:99) For utterance f5_451, best cost 91.7504 + 461.792 = 553.543 over 533 frames.
f5_451 sil sil ah m ah n iy f r uw r ah l ih ng sil 
LOG (lattice-best-path[5.5.1126~1-8c451]:main():lattice-best-path.cc:99) For utterance f5_456, best cost 85.6255 + 382.126 = 467.752 over 434 frames.
f5_456 sil ah l aa n d uw aa t ah s k ah n sil 
LOG (lattice-best-path[5.5.1126~1-8c451]:main():lattice-best-path.cc:99) For utterance m1_001, best cost 69.6586 + 195.464 = 265.122 over 200 frames.
m1_001 sil ih s w ao z iy f er ao s sil 
LOG (lattice-best-path[5.5.1126~1-8c451]:main():lattice-best-path.cc:99) For utterance m1_006, best cost 114.659 + 362.497 = 477.156 over 381 frames.
m1_006 sil l ah jh eh l ao r iy ow v er s ah l iy ae t ah m z 
LOG (lattice-best-path[5.5.1126~1-8c451]:main():lattice-best-path.cc:99) For utterance m1_011, best cost 93.4558 + 326.505 = 419.961 over 308 frames.
m1_011 sil s ah n ao r ah m ah s hh ay jh ch ae n sil 
LOG (lattice-best-path[5.5.1126~1-8c451]:main():lattice-best-path.cc:99) For utterance m1_016, best cost 117.363 + 352.192 = 469.555 over 374 frames.
m1_016 sil ae l m ow n iy hh ay m z ah n ae n s w eh l f 
LOG (lattice-best-path[5.5.1126~1-8c451]:main():lattice-best-path.cc:99) For utterance m1_021, best cost 87.2724 + 338.782 = 426.055 over 323 frames.
m1_021 sil ah l er z l ah m ih l iy ah n er z sil 
LOG (lattice-best-path[5.5.1126~1-8c451]:main():lattice-best-path.cc:99) For utterance m1_026, best cost 90.5918 + 329.019 = 419.61 over 326 frames.
m1_026 sil ow ch uw ch eh l iy ch er ih sh ah z 
LOG (lattice-best-path[5.5.1126~1-8c451]:main():lattice-best-path.cc:99) For utterance m1_031, best cost 134.931 + 398.88 = 533.811 over 415 frames.
m1_031 sil aa r ah l b r ih z w ih z r eh jh oy ih sh ah p er z ah n 
LOG (lattice-best-path[5.5.1126~1-8c451]:main():lattice-best-path.cc:99) For utterance m1_036, best cost 124.208 + 364.597 = 488.805 over 379 frames.
m1_036 sil ae s k ah p ow l k ah b iy ah n er t ih ng k s ao r 
LOG (lattice-best-path[5.5.1126~1-8c451]:main():lattice-best-path.cc:99) For utterance m1_041, best cost 125.953 + 367.417 = 493.37 over 398 frames.
m1_041 sil ah d eh k s t r s p aa p ah t uw k aa p ih sh ao r sil 
LOG (lattice-best-path[5.5.1126~1-8c451]:main():lattice-best-path.cc:99) For utterance m1_046, best cost 124.832 + 400.866 = 525.698 over 421 frames.
m1_046 sil dh iy p r ao l ao r s k iy m ae s k f er d ay z sil 
LOG (lattice-best-path[5.5.1126~1-8c451]:main():lattice-best-path.cc:99) For utterance m1_051, best cost 156.319 + 413.261 = 569.58 over 421 frames.
m1_051 sil ah n iy k ah k r iy sh ah n ah b ah b iy g r ey t l iy p r ih sh ey d 
LOG (lattice-best-path[5.5.1126~1-8c451]:main():lattice-best-path.cc:99) For utterance m1_056, best cost 162.469 + 456.639 = 619.108 over 496 frames.
m1_056 sil ae sh er z k ae sh er jh k aa z s t iy p r ay s ih ng k r iy s ah z sil 
LOG (lattice-best-path[5.5.1126~1-8c451]:main():lattice-best-path.cc:99) For utterance m1_061, best cost 151.43 + 366.967 = 518.397 over 422 frames.
m1_061 sil k l ih s t ih s p l iy w ao z m z p l ey s t ah m ah s k r iy n sil 
LOG (lattice-best-path[5.5.1126~1-8c451]:main():lattice-best-path.cc:99) For utterance m1_066, best cost 118.066 + 361.262 = 479.328 over 365 frames.
m1_066 sil ao t er z p er s k r ay v er k s t uw f r iy 
LOG (lattice-best-path[5.5.1126~1-8c451]:main():lattice-best-path.cc:99) For utterance m1_071, best cost 188.562 + 519.101 = 707.664 over 544 frames.
m1_071 sil w aa p er ih sh ah n ah l aa ng w er s t ae n ih ng ih l iy v iy ey p ih s p y uw d 
LOG (lattice-best-path[5.5.1126~1-8c451]:main():lattice-best-path.cc:99) For utterance m1_076, best cost 103.354 + 341.85 = 445.205 over 355 frames.
m1_076 sil dh iy f ih ng t er z ah f ih ng s k ah l ch er sil 
LOG (lattice-best-path[5.5.1126~1-8c451]:main():lattice-best-path.cc:99) For utterance m1_081, best cost 148.938 + 377.987 = 526.925 over 397 frames.
m1_081 sil eh s r ey p aa r iy z t ae k s w aa n z ah m ah jh ah n ih sh ah n sil 
LOG (lattice-best-path[5.5.1126~1-8c451]:main():lattice-best-path.cc:99) For utterance m1_086, best cost 175.454 + 540.681 = 716.135 over 555 frames.
m1_086 sil er ch ow t eh k er ey p er k l ae f er z f r ow l hh ao l ah d ey z sil 
LOG (lattice-best-path[5.5.1126~1-8c451]:main():lattice-best-path.cc:99) For utterance m1_091, best cost 110.495 + 392.713 = 503.208 over 365 frames.
m1_091 sil y uw jh t ae s t r iy hh aw n hh er ao l ay 
LOG (lattice-best-path[5.5.1126~1-8c451]:main():lattice-best-path.cc:99) For utterance m1_096, best cost 108.147 + 368.91 = 477.058 over 359 frames.
m1_096 sil ih s ah n z p aa r ch er sh ao ih k ae s t sil 
LOG (lattice-best-path[5.5.1126~1-8c451]:main():lattice-best-path.cc:99) For utterance m1_101, best cost 105.911 + 304.266 = 410.177 over 310 frames.
m1_101 sil k aa s p ah s k r uw n er l ae f t ae n sil 
LOG (lattice-best-path[5.5.1126~1-8c451]:main():lattice-best-path.cc:99) For utterance m1_106, best cost 144.972 + 429.279 = 574.251 over 432 frames.
m1_106 sil ah s k ae s ih ng ih z f r b ah n s ah jh ah t uw p eh n ah l iy sil 
LOG (lattice-best-path[5.5.1126~1-8c451]:main():lattice-best-path.cc:99) For utterance m1_111, best cost 123.369 + 313.25 = 436.62 over 358 frames.
m1_111 sil aa r f ih sh ow n t ah l ah jh ah n s ih f er r iy l sil 
LOG (lattice-best-path[5.5.1126~1-8c451]:main():lattice-best-path.cc:99) For utterance m1_116, best cost 103.7 + 345.794 = 449.494 over 369 frames.
m1_116 sil w iy p l ae n t uw b ih l ih n b eh v er sil 
LOG (lattice-best-path[5.5.1126~1-8c451]:main():lattice-best-path.cc:99) For utterance m1_121, best cost 164.924 + 550.183 = 715.108 over 552 frames.
m1_121 sil s ay n t ih f ih p er r ah s k ah m f r uw d ih v eh l m ah n iy k s sil 
LOG (lattice-best-path[5.5.1126~1-8c451]:main():lattice-best-path.cc:99) For utterance m1_126, best cost 173.433 + 410.721 = 584.154 over 458 frames.
m1_126 sil w ih ch l aa n ao r k ah l w ao z ah p ey k ah n iy v k l er v k ey sh ah n sil 
LOG (lattice-best-path[5.5.1126~1-8c451]:main():lattice-best-path.cc:99) For utterance m1_131, best cost 132.771 + 446.653 = 579.423 over 438 frames.
m1_131 sil k er t s k ih sh ah n ah m ay jh d n z k r jh ah l sil 
LOG (lattice-best-path[5.5.1126~1-8c451]:main():lattice-best-path.cc:99) For utterance m1_136, best cost 122.611 + 330.518 = 453.129 over 373 frames.
m1_136 sil iy g ow z ih g z ih s ih n w er k l ay m ah s sil 
LOG (lattice-best-path[5.5.1126~1-8c451]:main():lattice-best-path.cc:99) For utterance m1_141, best cost 119.975 + 392.296 = 512.271 over 385 frames.
m1_141 sil r uw v z b ow n t er ah p eh r ah p iy z er z sil 
LOG (lattice-best-path[5.5.1126~1-8c451]:main():lattice-best-path.cc:99) For utterance m1_146, best cost 118.862 + 493.709 = 612.571 over 474 frames.
m1_146 sil hh er w aa b er hh er er m ay ao t ah m l iy s sil 
LOG (lattice-best-path[5.5.1126~1-8c451]:main():lattice-best-path.cc:99) For utterance m1_151, best cost 76.7021 + 327.005 = 403.708 over 332 frames.
m1_151 sil k ay ae k ah m b ay y uw 
LOG (lattice-best-path[5.5.1126~1-8c451]:main():lattice-best-path.cc:99) For utterance m1_156, best cost 167.94 + 481.3 = 649.241 over 528 frames.
m1_156 sil w eh v er k w aa p er ih f ay n ih ng ae n s k ae m iy ow b iy w er d 
LOG (lattice-best-path[5.5.1126~1-8c451]:main():lattice-best-path.cc:99) For utterance m1_161, best cost 146.037 + 447.359 = 593.397 over 477 frames.
m1_161 sil eh r l iy s iy v ih f y ao r jh f r dh iy s aa f l er iy z sil 
LOG (lattice-best-path[5.5.1126~1-8c451]:main():lattice-best-path.cc:99) For utterance m1_166, best cost 101.233 + 363.021 = 464.254 over 380 frames.
m1_166 sil dh iy k ae n iy ae l w er m ay iy er z 
LOG (lattice-best-path[5.5.1126~1-8c451]:main():lattice-best-path.cc:99) For utterance m1_171, best cost 130.302 + 387.396 = 517.697 over 411 frames.
m1_171 sil ch er iy eh v er f ay l r l iy t uw m ay ao t ah s sil 
LOG (lattice-best-path[5.5.1126~1-8c451]:main():lattice-best-path.cc:99) For utterance m1_176, best cost 71.3183 + 357.217 = 428.535 over 331 frames.
m1_176 sil ey jh oy l er d ih sh ah n sil 
LOG (lattice-best-path[5.5.1126~1-8c451]:main():lattice-best-path.cc:99) For utterance m1_181, best cost 188.273 + 453.284 = 641.557 over 502 frames.
m1_181 sil ch ih l d ah n t uw p oy d ih k s p ow zh er t uw k ah n t ey t ih z d ih z iy z ah z sil 
LOG (lattice-best-path[5.5.1126~1-8c451]:main():lattice-best-path.cc:99) For utterance m1_186, best cost 116 + 397.721 = 513.721 over 402 frames.
m1_186 sil iy v ih l ey k ey sh ah l iy m ah n d ey t uw z 
LOG (lattice-best-path[5.5.1126~1-8c451]:main():lattice-best-path.cc:99) For utterance m1_191, best cost 119.641 + 407.944 = 527.584 over 418 frames.
m1_191 sil m ay k ow k ah l er dh eh r w ao l p er ah n z sil 
LOG (lattice-best-path[5.5.1126~1-8c451]:main():lattice-best-path.cc:99) For utterance m1_196, best cost 147.322 + 462.449 = 609.771 over 488 frames.
m1_196 sil dh iy s er ah n ah f ah s ay z ih n iy f er f er m ah n ae ch ah n sil 
LOG (lattice-best-path[5.5.1126~1-8c451]:main():lattice-best-path.cc:99) For utterance m1_201, best cost 130.011 + 437.37 = 567.382 over 453 frames.
m1_201 sil k ao r iy ah t ae p r aa jh eh k w ih th er m ey sh ah n sil 
LOG (lattice-best-path[5.5.1126~1-8c451]:main():lattice-best-path.cc:99) For utterance m1_206, best cost 153.945 + 380.082 = 534.027 over 414 frames.
m1_206 sil s t ae v er l iy hh ae n d ah l ah s ay k ah l aa ch ah l t r aa m ah 
LOG (lattice-best-path[5.5.1126~1-8c451]:main():lattice-best-path.cc:99) For utterance m1_211, best cost 114.518 + 395.819 = 510.337 over 398 frames.
m1_211 sil ay er w ey ae n f r iy w ey n ah s ih ng f ih ng 
LOG (lattice-best-path[5.5.1126~1-8c451]:main():lattice-best-path.cc:99) For utterance m1_216, best cost 132.98 + 401.957 = 534.937 over 430 frames.
m1_216 sil z aa ch er w ao z ih n dh iy ah n ih l ah n s w ey sh ah n z 
LOG (lattice-best-path[5.5.1126~1-8c451]:main():lattice-best-path.cc:99) For utterance m1_221, best cost 109.486 + 354.912 = 464.398 over 367 frames.
m1_221 sil hh aw n z dh iy s ah b oy ah s k ah l ey t er sil 
LOG (lattice-best-path[5.5.1126~1-8c451]:main():lattice-best-path.cc:99) For utterance m1_226, best cost 105.594 + 380.361 = 485.955 over 388 frames.
m1_226 sil ao r jh ah v er f ao ey t ah l ah n ah ch er sil 
LOG (lattice-best-path[5.5.1126~1-8c451]:main():lattice-best-path.cc:99) For utterance m1_236, best cost 122.493 + 322.806 = 445.299 over 355 frames.
m1_236 sil hh aw oy l iy d iy l ih k ih s eh l ah jh er s ih ng 
LOG (lattice-best-path[5.5.1126~1-8c451]:main():lattice-best-path.cc:99) For utterance m1_241, best cost 162.492 + 385.623 = 548.115 over 452 frames.
m1_241 sil jh aa b r ey t s p ay iy z ih ng ih n t eh k ah n ah s t ih k aa s ah l z 
LOG (lattice-best-path[5.5.1126~1-8c451]:main():lattice-best-path.cc:99) For utterance m1_246, best cost 77.823 + 429.871 = 507.694 over 395 frames.
m1_246 sil dh iy ih ng er b oy n t er aw 
LOG (lattice-best-path[5.5.1126~1-8c451]:main():lattice-best-path.cc:99) For utterance m1_251, best cost 185.875 + 521.678 = 707.553 over 561 frames.
m1_251 sil f er v er d ih z p er s t iy sh iy k ey sh ah l iy r iy z l s t r iy ch er ah l sil 
LOG (lattice-best-path[5.5.1126~1-8c451]:main():lattice-best-path.cc:99) For utterance m1_256, best cost 148.375 + 445.226 = 593.6 over 461 frames.
m1_256 sil p ay n p eh r ao r ih z ey sh ah n z p er m ah b er t r l sil 
LOG (lattice-best-path[5.5.1126~1-8c451]:main():lattice-best-path.cc:99) For utterance m1_261, best cost 164.956 + 413.396 = 578.352 over 450 frames.
m1_261 sil w ih k ah p er v k ah l aa sh ah z er b er y uw s ah l ah n s iy aw t ah l sil 
LOG (lattice-best-path[5.5.1126~1-8c451]:main():lattice-best-path.cc:99) For utterance m1_266, best cost 116.042 + 381.873 = 497.915 over 395 frames.
m1_266 sil sh uw jh er ae s p iy k ae n s m l z uw z 
LOG (lattice-best-path[5.5.1126~1-8c451]:main():lattice-best-path.cc:99) For utterance m1_271, best cost 99.7973 + 301.696 = 401.494 over 320 frames.
m1_271 sil ah m iy d ih s ch ey n sh ey k aa l iy sil 
LOG (lattice-best-path[5.5.1126~1-8c451]:main():lattice-best-path.cc:99) For utterance m1_276, best cost 104.661 + 300.58 = 405.241 over 322 frames.
m1_276 sil ch ow z ah n f y uw w aa n t ah n er l z 
LOG (lattice-best-path[5.5.1126~1-8c451]:main():lattice-best-path.cc:99) For utterance m1_281, best cost 191.843 + 543.301 = 735.144 over 591 frames.
m1_281 sil m ay d ih s ay er z ah s ah m p ah l iy w aa n f ao r d ah p er r ae f ah l ah s ah sil 
LOG (lattice-best-path[5.5.1126~1-8c451]:main():lattice-best-path.cc:99) For utterance m1_286, best cost 109.833 + 336.238 = 446.071 over 359 frames.
m1_286 sil ae t aa ch ih s k ae m er s ah l ah s l iy 
LOG (lattice-best-path[5.5.1126~1-8c451]:main():lattice-best-path.cc:99) For utterance m1_291, best cost 123.256 + 390.299 = 513.556 over 403 frames.
m1_291 sil l eh v er hh ae n d ey t iy ah s uw b ah l p ih f sil 
LOG (lattice-best-path[5.5.1126~1-8c451]:main():lattice-best-path.cc:99) For utterance m1_296, best cost 175.706 + 545.956 = 721.662 over 592 frames.
m1_296 sil ae l r s iy jh oy dh iy p oy m ah n ah b ay l ah jh iy ah n jh ah n ih r iy s sil 
LOG (lattice-best-path[5.5.1126~1-8c451]:main():lattice-best-path.cc:99) For utterance m1_301, best cost 155.44 + 448.488 = 603.928 over 494 frames.
m1_301 sil t aa p l ey z t aa p er ao r iy ah n ih ng ih z b ay k f ih k s 
LOG (lattice-best-path[5.5.1126~1-8c451]:main():lattice-best-path.cc:99) For utterance m1_306, best cost 151.787 + 371.229 = 523.016 over 416 frames.
m1_306 sil jh aa r m er k iy l ih g uw n b aa n r aa n f r ah m ay l z 
LOG (lattice-best-path[5.5.1126~1-8c451]:main():lattice-best-path.cc:99) For utterance m1_311, best cost 113.881 + 554.65 = 668.531 over 539 frames.
m1_311 sil f r ch ay l z jh ah n s ih jh uw b ay er sil 
LOG (lattice-best-path[5.5.1126~1-8c451]:main():lattice-best-path.cc:99) For utterance m1_316, best cost 226.988 + 565.361 = 792.349 over 631 frames.
m1_316 sil ah p r iy s w uh k ah n p er b l ay s er f ih l ah n d ah b aa th iy m er jh ah n t iy k ah d ih sh ah n z sil 
LOG (lattice-best-path[5.5.1126~1-8c451]:main():lattice-best-path.cc:99) For utterance m1_321, best cost 133.036 + 373.194 = 506.23 over 412 frames.
m1_321 sil ah l er w ao z ah p oy n t ae k s ih k y uw hh er w ih l 
LOG (lattice-best-path[5.5.1126~1-8c451]:main():lattice-best-path.cc:99) For utterance m1_326, best cost 168.708 + 468.68 = 637.388 over 542 frames.
m1_326 sil dh iy s ih s ah m ey b r iy aw n s uw n s ah s ey t er f ay l z f r iy sil 
LOG (lattice-best-path[5.5.1126~1-8c451]:main():lattice-best-path.cc:99) For utterance m1_331, best cost 158.716 + 523.238 = 681.954 over 556 frames.
m1_331 sil dh iy g ah m ah n k ae k ao r d ah k ah m p ao r f er f r iy aw er z 
LOG (lattice-best-path[5.5.1126~1-8c451]:main():lattice-best-path.cc:99) For utterance m1_336, best cost 150.573 + 439.307 = 589.88 over 475 frames.
m1_336 sil oy z p r aa g ow z r ow z m ao r n oy ih ng iy jh d ey 
LOG (lattice-best-path[5.5.1126~1-8c451]:main():lattice-best-path.cc:99) For utterance m1_341, best cost 140.256 + 438.221 = 578.477 over 455 frames.
m1_341 sil w ih m ey n eh v er k ah m k ah m p l iy t iy t ah m ah n sil 
LOG (lattice-best-path[5.5.1126~1-8c451]:main():lattice-best-path.cc:99) For utterance m1_346, best cost 108.213 + 316.928 = 425.142 over 346 frames.
m1_346 sil w uh k ah m ah n iy n z d ah n s iy ch iy er sil 
LOG (lattice-best-path[5.5.1126~1-8c451]:main():lattice-best-path.cc:99) For utterance m1_351, best cost 110.413 + 363.95 = 474.362 over 372 frames.
m1_351 sil w ih jh ch er jh d ah s m ih s w er sh ah n sil 
LOG (lattice-best-path[5.5.1126~1-8c451]:main():lattice-best-path.cc:99) For utterance m1_356, best cost 96.6536 + 318.941 = 415.595 over 338 frames.
m1_356 sil ey ao l ay k l ao ng hh aa ch aw er z sil 
LOG (lattice-best-path[5.5.1126~1-8c451]:main():lattice-best-path.cc:99) For utterance m1_361, best cost 134.429 + 347.621 = 482.049 over 383 frames.
m1_361 sil t ih n t ey z sh iy l ih k ah s y uw v iy s w oy s w iy sil 
LOG (lattice-best-path[5.5.1126~1-8c451]:main():lattice-best-path.cc:99) For utterance m1_366, best cost 157.417 + 397.145 = 554.562 over 444 frames.
m1_366 sil hh er w ao r jh er ah n s ih s ah v ah l l iy s k er t uw b aa s ah z sil 
LOG (lattice-best-path[5.5.1126~1-8c451]:main():lattice-best-path.cc:99) For utterance m1_371, best cost 143.563 + 378.555 = 522.117 over 409 frames.
m1_371 sil r ay dh iy s ah g w ey b ae k ae f ah n t ah n ah v ch ey n sh 
LOG (lattice-best-path[5.5.1126~1-8c451]:main():lattice-best-path.cc:99) For utterance m1_376, best cost 110.107 + 414.937 = 525.044 over 432 frames.
m1_376 sil uw dh iy g aa r b ih n er l aa r jh ah n ow 
LOG (lattice-best-path[5.5.1126~1-8c451]:main():lattice-best-path.cc:99) For utterance m1_381, best cost 182.322 + 450.744 = 633.066 over 508 frames.
m1_381 sil n t uw f ah n ih sh k r iy s ih ng er ch ey n b iy sh er t uw w ao sh s er l iy sil 
LOG (lattice-best-path[5.5.1126~1-8c451]:main():lattice-best-path.cc:99) For utterance m1_386, best cost 151.934 + 451.221 = 603.155 over 461 frames.
m1_386 sil k r ae k aw n jh m iy b ah k w ih k s t ae ng k w ih sh ae m sil 
LOG (lattice-best-path[5.5.1126~1-8c451]:main():lattice-best-path.cc:99) For utterance m1_391, best cost 127.27 + 372.781 = 500.051 over 386 frames.
m1_391 sil iy ch t ae sh er l iy f ay n z ah b ih g f aa n sil 
LOG (lattice-best-path[5.5.1126~1-8c451]:main():lattice-best-path.cc:99) For utterance m1_396, best cost 203.546 + 466.917 = 670.463 over 528 frames.
m1_396 sil dh iy ae v er t ay z ih ng f er s ah v ah m ih f er ay t iy s t ao r n ah v er ch ey n jh ah z sil 
LOG (lattice-best-path[5.5.1126~1-8c451]:main():lattice-best-path.cc:99) For utterance m1_401, best cost 160.262 + 402.923 = 563.186 over 462 frames.
m1_401 sil k aa m ah th ih ng s ah l aa r jh er k l ae m p s ao l t uw p r ao ng 
LOG (lattice-best-path[5.5.1126~1-8c451]:main():lattice-best-path.cc:99) For utterance m1_406, best cost 174.424 + 595.36 = 769.783 over 617 frames.
m1_406 sil ow n f ao r s t w ih n er l iy ow v er w ao ng b ay b ae ch ow z iy z sil 
LOG (lattice-best-path[5.5.1126~1-8c451]:main():lattice-best-path.cc:99) For utterance m1_411, best cost 146.504 + 351.399 = 497.903 over 395 frames.
m1_411 sil ow z m iy z ih sh ah n z hh aa r m ay z m aa r f l ah s l iy 
LOG (lattice-best-path[5.5.1126~1-8c451]:main():lattice-best-path.cc:99) For utterance m1_416, best cost 94.2884 + 416.029 = 510.317 over 408 frames.
m1_416 sil ae p aa p ih s k aa r d ae n d ih 
LOG (lattice-best-path[5.5.1126~1-8c451]:main():lattice-best-path.cc:99) For utterance m1_421, best cost 107.827 + 348.125 = 455.952 over 363 frames.
m1_421 sil dh ae n k aa s ih n t er k w eh k ow s ah l sil 
LOG (lattice-best-path[5.5.1126~1-8c451]:main():lattice-best-path.cc:99) For utterance m1_426, best cost 147.321 + 481.479 = 628.8 over 507 frames.
m1_426 iy z ih g ow ah n z w ao l d ih z r l ae k s t er ah w ey jh 
LOG (lattice-best-path[5.5.1126~1-8c451]:main():lattice-best-path.cc:99) For utterance m1_431, best cost 164.961 + 436.335 = 601.297 over 467 frames.
m1_431 sil aa m p r ao f ah t ao r ih n ah z ey sh ah n z f r iy ah r ih z er z sil 
LOG (lattice-best-path[5.5.1126~1-8c451]:main():lattice-best-path.cc:99) For utterance m1_436, best cost 162.541 + 460.351 = 622.892 over 482 frames.
m1_436 sil b er er t ey t f r iy k ah n dh iy ah k er z aa n f ay s k ih v ih ng 
LOG (lattice-best-path[5.5.1126~1-8c451]:main():lattice-best-path.cc:99) For utterance m1_441, best cost 113.016 + 341.415 = 454.431 over 358 frames.
m1_441 sil r aa r ah l m y uw z ih k ae z g r iy r dh iy sil 
LOG (lattice-best-path[5.5.1126~1-8c451]:main():lattice-best-path.cc:99) For utterance m1_446, best cost 124.894 + 395.717 = 520.611 over 412 frames.
m1_446 sil dh iy s p iy ch ah m p ow z ah m ay t ih n ah m ah n d ey 
LOG (lattice-best-path[5.5.1126~1-8c451]:main():lattice-best-path.cc:99) For utterance m1_451, best cost 161.379 + 496.92 = 658.299 over 513 frames.
m1_451 sil n k ae n k ah n s uw m ah n iy f r uw r ah l ah s ah m ow n s ih ng 
LOG (lattice-best-path[5.5.1126~1-8c451]:main():lattice-best-path.cc:99) For utterance m1_456, best cost 142.065 + 531.569 = 673.633 over 518 frames.
m1_456 sil m ao z ih g ae l ah m ah p ae f r aa t ow z k aa r n sil 
LOG (lattice-best-path[5.5.1126~1-8c451]:main():lattice-best-path.cc:99) For utterance m3_001, best cost 78.7701 + 177.108 = 255.878 over 246 frames.
m3_001 sil ih s ih z iy z iy f ao r ah s sil 
LOG (lattice-best-path[5.5.1126~1-8c451]:main():lattice-best-path.cc:99) For utterance m3_006, best cost 118.977 + 250.274 = 369.251 over 352 frames.
m3_006 sil w ay d ae l ah r iy ow v er s ah l iy ae t ah m z sil 
LOG (lattice-best-path[5.5.1126~1-8c451]:main():lattice-best-path.cc:99) For utterance m3_011, best cost 89.2586 + 227.325 = 316.584 over 299 frames.
m3_011 sil s ah n y aa m ah t ay z iy k ae n sil 
LOG (lattice-best-path[5.5.1126~1-8c451]:main():lattice-best-path.cc:99) For utterance m3_016, best cost 113.778 + 289.511 = 403.289 over 351 frames.
m3_016 sil ae l ah m ah n iy hh er m ao r t ae n t w ao l sil 
LOG (lattice-best-path[5.5.1126~1-8c451]:main():lattice-best-path.cc:99) For utterance m3_021, best cost 73.1447 + 244.47 = 317.615 over 291 frames.
m3_021 sil l iy l er z l ah n er z sil 
LOG (lattice-best-path[5.5.1126~1-8c451]:main():lattice-best-path.cc:99) For utterance m3_026, best cost 89.0866 + 222.351 = 311.438 over 293 frames.
m3_026 sil aw t r l iy z er iy d ih sh ah z sil 
LOG (lattice-best-path[5.5.1126~1-8c451]:main():lattice-best-path.cc:99) For utterance m3_031, best cost 97.759 + 347.986 = 445.745 over 401 frames.
m3_031 sil aa r ah l b r iy s l ih g r eh t sil 
LOG (lattice-best-path[5.5.1126~1-8c451]:main():lattice-best-path.cc:99) For utterance m3_036, best cost 111.466 + 263.114 = 374.581 over 346 frames.
m3_036 sil ae s ah b aa n d iy n ah ch ih ng s p aa r sil 
LOG (lattice-best-path[5.5.1126~1-8c451]:main():lattice-best-path.cc:99) For utterance m3_041, best cost 105.51 + 290.092 = 395.602 over 348 frames.
m3_041 sil eh m ih k s ah s t ih k t aa k aa m ao r sil 
LOG (lattice-best-path[5.5.1126~1-8c451]:main():lattice-best-path.cc:99) For utterance m3_046, best cost 108.492 + 276.994 = 385.486 over 358 frames.
m3_046 sil dh iy p aa l r ah s t iy m ae s s k ay s sil 
LOG (lattice-best-path[5.5.1126~1-8c451]:main():lattice-best-path.cc:99) For utterance m3_051, best cost 125.523 + 308.672 = 434.195 over 388 frames.
m3_051 sil eh n iy k ah n t ah b ih sh ah d ih g r iy p er s ey d sil 
LOG (lattice-best-path[5.5.1126~1-8c451]:main():lattice-best-path.cc:99) For utterance m3_056, best cost 124.589 + 321.957 = 446.546 over 421 frames.
m3_056 sil ae ch uw k ae sh er d ah s t iy p r ay s ih s ah z sil 
LOG (lattice-best-path[5.5.1126~1-8c451]:main():lattice-best-path.cc:99) For utterance m3_061, best cost 140.837 + 251.732 = 392.569 over 352 frames.
m3_061 sil k l ih s t ih s p l iy w ih z ah s p l ey s t ah s k r iy n sil 
LOG (lattice-best-path[5.5.1126~1-8c451]:main():lattice-best-path.cc:99) For utterance m3_066, best cost 105.229 + 236.143 = 341.372 over 318 frames.
m3_066 sil ae k t ih s p er s k r ae t uw f r iy l iy sil 
LOG (lattice-best-path[5.5.1126~1-8c451]:main():lattice-best-path.cc:99) For utterance m3_071, best cost 147.366 + 350.377 = 497.743 over 439 frames.
m3_071 sil w aa p r ey sh ah l ao ng z ah n er s t ae n ih l iy p y uw t sil 
LOG (lattice-best-path[5.5.1126~1-8c451]:main():lattice-best-path.cc:99) For utterance m3_076, best cost 63.8503 + 274.299 = 338.149 over 319 frames.
m3_076 sil er z ah f ey m er sil 
LOG (lattice-best-path[5.5.1126~1-8c451]:main():lattice-best-path.cc:99) For utterance m3_081, best cost 132.644 + 299.53 = 432.174 over 363 frames.
m3_081 sil m ae s t r ey p aa r iy z t ae ch aa m ay m ey sh ah sil 
LOG (lattice-best-path[5.5.1126~1-8c451]:main():lattice-best-path.cc:99) For utterance m3_086, best cost 150.151 + 421.553 = 571.704 over 522 frames.
m3_086 sil er ah n t ow t ah n eh k r ey t ih k aa sh ah n t r ao l d ey z sil 
LOG (lattice-best-path[5.5.1126~1-8c451]:main():lattice-best-path.cc:99) For utterance m3_091, best cost 109.68 + 232.942 = 342.621 over 320 frames.
m3_091 sil y uw t ae p ah s t r iy hh aa n er ao l ay sil 
LOG (lattice-best-path[5.5.1126~1-8c451]:main():lattice-best-path.cc:99) For utterance m3_096, best cost 107.116 + 279.656 = 386.772 over 365 frames.
m3_096 sil ih s ah n d ah p er ch er s aa k ah k ae s t sil 
LOG (lattice-best-path[5.5.1126~1-8c451]:main():lattice-best-path.cc:99) For utterance m3_101, best cost 80.9364 + 261.376 = 342.312 over 307 frames.
m3_101 sil k l ae f r uw ao f t ae n d sil 
LOG (lattice-best-path[5.5.1126~1-8c451]:main():lattice-best-path.cc:99) For utterance m3_106, best cost 107.29 + 290.191 = 397.481 over 374 frames.
m3_106 sil ah s t ae s ih ng ih s er b ah n s ah b iy sil 
LOG (lattice-best-path[5.5.1126~1-8c451]:main():lattice-best-path.cc:99) For utterance m3_111, best cost 100.082 + 243.872 = 343.955 over 322 frames.
m3_111 sil ih sh ow n t ao jh ah n s ah s er iy l sil 
LOG (lattice-best-path[5.5.1126~1-8c451]:main():lattice-best-path.cc:99) For utterance m3_116, best cost 88.1725 + 312.9 = 401.073 over 363 frames.
m3_116 sil dh ae n ah d ih l d uw b eh v er sil 
LOG (lattice-best-path[5.5.1126~1-8c451]:main():lattice-best-path.cc:99) For utterance m3_121, best cost 124.973 + 420.76 = 545.733 over 502 frames.
m3_121 sil s ay n t ih p r aa r eh s k aa n f r ah l ah s sil 
LOG (lattice-best-path[5.5.1126~1-8c451]:main():lattice-best-path.cc:99) For utterance m3_126, best cost 141.003 + 336.653 = 477.656 over 422 frames.
m3_126 sil w ih l aa t ih k ah l ah p ey k ah n ih g er f ah k ey sh ah n sil 
LOG (lattice-best-path[5.5.1126~1-8c451]:main():lattice-best-path.cc:99) For utterance m3_131, best cost 130.188 + 312.35 = 442.537 over 412 frames.
m3_131 sil k r eh k y uw s ah m ay n ch eh sh ah n z t er z ah l sil 
LOG (lattice-best-path[5.5.1126~1-8c451]:main():lattice-best-path.cc:99) For utterance m3_136, best cost 94.7717 + 319.266 = 414.038 over 360 frames.
m3_136 sil iy d ih z ah s t uw w ao r aa n ah s sil 
LOG (lattice-best-path[5.5.1126~1-8c451]:main():lattice-best-path.cc:99) For utterance m3_141, best cost 82.4435 + 283.587 = 366.031 over 354 frames.
m3_141 sil uw d ih s p ah n er iy z er z sil 
LOG (lattice-best-path[5.5.1126~1-8c451]:main():lattice-best-path.cc:99) For utterance m3_146, best cost 80.9118 + 427.239 = 508.15 over 495 frames.
m3_146 sil r ao er m ay ao l iy z 
LOG (lattice-best-path[5.5.1126~1-8c451]:main():lattice-best-path.cc:99) For utterance m3_151, best cost 52.6403 + 277.697 = 330.337 over 315 frames.
m3_151 sil k ae b ay iy sil 
LOG (lattice-best-path[5.5.1126~1-8c451]:main():lattice-best-path.cc:99) For utterance m3_156, best cost 174.412 + 416.493 = 590.905 over 522 frames.
m3_156 sil l er k w aa p r ey t ih n p ay n iy n ae n s k ae m ow l d iy w ao r d sil 
LOG (lattice-best-path[5.5.1126~1-8c451]:main():lattice-best-path.cc:99) For utterance m3_161, best cost 121.831 + 350.883 = 472.714 over 430 frames.
m3_161 sil er l iy s iy f y uw ao r d s ah s m ow th er z sil 
LOG (lattice-best-path[5.5.1126~1-8c451]:main():lattice-best-path.cc:99) For utterance m3_166, best cost 92.0919 + 291.586 = 383.678 over 359 frames.
m3_166 sil dh iy k ae n aw s er t uw y er z sil 
LOG (lattice-best-path[5.5.1126~1-8c451]:main():lattice-best-path.cc:99) For utterance m3_171, best cost 113.027 + 293.317 = 406.344 over 354 frames.
m3_171 sil ih s t r ay v er f ay l er d ih m ay ao s 
LOG (lattice-best-path[5.5.1126~1-8c451]:main():lattice-best-path.cc:99) For utterance m3_176, best cost 77.1299 + 217.23 = 294.36 over 265 frames.
m3_176 sil ey n jh oy l ae b ih sh ah n sil 
LOG (lattice-best-path[5.5.1126~1-8c451]:main():lattice-best-path.cc:99) For utterance m3_181, best cost 143.636 + 378.407 = 522.043 over 455 frames.
m3_181 sil iy aa n t eh l d ah n t uw oy d ih k s p l ah s t iy z ah z sil 
LOG (lattice-best-path[5.5.1126~1-8c451]:main():lattice-best-path.cc:99) For utterance m3_186, best cost 117.028 + 307.873 = 424.902 over 351 frames.
m3_186 sil iy n ay k ey t ah l iy p ah m ah n ih b l uw z sil 
LOG (lattice-best-path[5.5.1126~1-8c451]:main():lattice-best-path.cc:99) For utterance m3_191, best cost 99.7493 + 358.089 = 457.838 over 445 frames.
m3_191 sil m ay k ah k aa r m ao l s k r ah n z sil 
LOG (lattice-best-path[5.5.1126~1-8c451]:main():lattice-best-path.cc:99) For utterance m3_196, best cost 136.829 + 327.99 = 464.82 over 432 frames.
m3_196 sil dh iy s er m ah n s ay s ih n iy f er f er d ae k sh ah n sil 
LOG (lattice-best-path[5.5.1126~1-8c451]:main():lattice-best-path.cc:99) For utterance m3_201, best cost 148.975 + 310.416 = 459.391 over 404 frames.
m3_201 sil k ao r ey t ae p r aa jh eh k ah v eh k s t uw t er m ey sh ah n sil 
LOG (lattice-best-path[5.5.1126~1-8c451]:main():lattice-best-path.cc:99) For utterance m3_206, best cost 89.8572 + 335.169 = 425.026 over 387 frames.
m3_206 sil s t ae n d ah l ah s ay k ah l aa t sil 
LOG (lattice-best-path[5.5.1126~1-8c451]:main():lattice-best-path.cc:99) For utterance m3_211, best cost 102.604 + 269.72 = 372.324 over 317 frames.
m3_211 sil ay l ey t f r iy w ey m ah n s ih n z ih ng sil 
LOG (lattice-best-path[5.5.1126~1-8c451]:main():lattice-best-path.cc:99) For utterance m3_216, best cost 82.5478 + 307.5 = 390.048 over 367 frames.
m3_216 sil ah t aa n ae n ow ey sh ah n sil 
LOG (lattice-best-path[5.5.1126~1-8c451]:main():lattice-best-path.cc:99) For utterance m3_221, best cost 101.699 + 295.69 = 397.389 over 334 frames.
m3_221 sil hh ow ey t ih z ah s ah b ay s ah l ey t er sil 
LOG (lattice-best-path[5.5.1126~1-8c451]:main():lattice-best-path.cc:99) For utterance m3_226, best cost 120.846 + 265.123 = 385.969 over 349 frames.
m3_226 sil dh iy b ow ih z b aa r f ay ey t ah l aa n ah t er sil 
LOG (lattice-best-path[5.5.1126~1-8c451]:main():lattice-best-path.cc:99) For utterance m3_231, best cost 94.2655 + 230.139 = 324.404 over 286 frames.
m3_231 sil r ow k ah n eh v er m ah n ih m ao r iy 
LOG (lattice-best-path[5.5.1126~1-8c451]:main():lattice-best-path.cc:99) For utterance m3_236, best cost 97.3362 + 291.052 = 388.388 over 339 frames.
m3_236 sil hh aw w oy iy l ey t er s eh l ih ng sil 
LOG (lattice-best-path[5.5.1126~1-8c451]:main():lattice-best-path.cc:99) For utterance m3_241, best cost 123.391 + 302.628 = 426.019 over 386 frames.
m3_241 sil ao r iy iy z ih ng ih n t ey t ah s ih k aa s ah l z sil 
LOG (lattice-best-path[5.5.1126~1-8c451]:main():lattice-best-path.cc:99) For utterance m3_246, best cost 87.5142 + 319.867 = 407.381 over 382 frames.
m3_246 sil w ay ae n ch er ih m ah k aw t sil 
LOG (lattice-best-path[5.5.1126~1-8c451]:main():lattice-best-path.cc:99) For utterance m3_251, best cost 157.945 + 402.552 = 560.496 over 519 frames.
m3_251 sil dh iy f er s p ah s t iy sh iy p ey z ah l iy r y ao s t uw jh er l 
LOG (lattice-best-path[5.5.1126~1-8c451]:main():lattice-best-path.cc:99) For utterance m3_256, best cost 131.017 + 381.972 = 512.988 over 462 frames.
m3_256 sil n hh ae t er ih z ey sh ah n z p r ah b er th er l sil 
LOG (lattice-best-path[5.5.1126~1-8c451]:main():lattice-best-path.cc:99) For utterance m3_261, best cost 132.753 + 310.998 = 443.751 over 393 frames.
m3_261 sil ih dh iy p er z b aa s ih z er f er iy s ow n s aa l sil 
LOG (lattice-best-path[5.5.1126~1-8c451]:main():lattice-best-path.cc:99) For utterance m3_266, best cost 90.0686 + 278.102 = 368.171 over 340 frames.
m3_266 sil sh ah jh er ae s t iy k ae z uw z sil 
LOG (lattice-best-path[5.5.1126~1-8c451]:main():lattice-best-path.cc:99) For utterance m3_271, best cost 103.289 + 242.84 = 346.129 over 302 frames.
m3_271 sil ah m iy d ih s ch ey n sh ey k aa l iy sil 
LOG (lattice-best-path[5.5.1126~1-8c451]:main():lattice-best-path.cc:99) For utterance m3_276, best cost 117.915 + 264.186 = 382.101 over 319 frames.
m3_276 sil ah th y uw ch ow z ih th iy l iy k aw n t er l z sil 
LOG (lattice-best-path[5.5.1126~1-8c451]:main():lattice-best-path.cc:99) For utterance m3_281, best cost 150.732 + 442.719 = 593.451 over 543 frames.
m3_281 sil m ay d ih s ay ah s ah p ah l iy w aa n f r m ah p eh r ae sil 
LOG (lattice-best-path[5.5.1126~1-8c451]:main():lattice-best-path.cc:99) For utterance m3_286, best cost 97.6181 + 259.204 = 356.822 over 327 frames.
m3_286 sil eh jh aa ch ih s k ae m er s ao l iy sil 
LOG (lattice-best-path[5.5.1126~1-8c451]:main():lattice-best-path.cc:99) For utterance m3_291, best cost 55.0801 + 324.997 = 380.077 over 364 frames.
m3_291 sil ah dh ae n ae t sil 
LOG (lattice-best-path[5.5.1126~1-8c451]:main():lattice-best-path.cc:99) For utterance m3_296, best cost 131.413 + 504.558 = 635.971 over 584 frames.
m3_296 sil hh aw er s iy d ah p oy m ah n aa l d iy ah n ah n z sil 
LOG (lattice-best-path[5.5.1126~1-8c451]:main():lattice-best-path.cc:99) For utterance m3_301, best cost 129.533 + 367.983 = 497.516 over 443 frames.
m3_301 sil p aa p oy s t aa p er t iy ae n d ih z b ay t s t sil 
LOG (lattice-best-path[5.5.1126~1-8c451]:main():lattice-best-path.cc:99) For utterance m3_306, best cost 100.275 + 371.411 = 471.686 over 414 frames.
m3_306 sil dh iy b aa r uw w ao r aw n er m ah l z sil 
LOG (lattice-best-path[5.5.1126~1-8c451]:main():lattice-best-path.cc:99) For utterance m3_311, best cost 135.049 + 370.281 = 505.33 over 473 frames.
m3_311 sil n ch ay l ih n ay s ah n jh uw b ay z b ih g r l er sil 
LOG (lattice-best-path[5.5.1126~1-8c451]:main():lattice-best-path.cc:99) For utterance m3_316, best cost 193.52 + 420.252 = 613.773 over 569 frames.
m3_316 sil dh iy p r iy s k l er k ah g er w ay s er f iy l ih n z aa p iy m er n d ih sh ah n z sil 
LOG (lattice-best-path[5.5.1126~1-8c451]:main():lattice-best-path.cc:99) For utterance m3_321, best cost 118.441 + 266.577 = 385.019 over 357 frames.
m3_321 sil ah l er w ao z ah p ay n s eh k s k y er w eh l sil 
LOG (lattice-best-path[5.5.1126~1-8c451]:main():lattice-best-path.cc:99) For utterance m3_326, best cost 144.712 + 367.673 = 512.385 over 464 frames.
m3_326 sil dh iy s ih s ah m ey b r ih g aa n s ah n s ah s er f ay l th iy sil 
LOG (lattice-best-path[5.5.1126~1-8c451]:main():lattice-best-path.cc:99) For utterance m3_331, best cost 142.452 + 379.843 = 522.295 over 472 frames.
m3_331 sil dh iy g ah m ey k ah t ih z ih k ao r ih k ah m p aa r iy aw er z sil 
LOG (lattice-best-path[5.5.1126~1-8c451]:main():lattice-best-path.cc:99) For utterance m3_336, best cost 121.618 + 305.162 = 426.781 over 372 frames.
m3_336 sil ah n oy z p aa r ow z m ao r n oy n iy ch ey sil 
LOG (lattice-best-path[5.5.1126~1-8c451]:main():lattice-best-path.cc:99) For utterance m3_341, best cost 132.979 + 311.676 = 444.655 over 384 frames.
m3_341 sil dh iy m ah n eh v er b iy k ah m k ah m p l iy k ah m ah n sil 
LOG (lattice-best-path[5.5.1126~1-8c451]:main():lattice-best-path.cc:99) For utterance m3_346, best cost 100.707 + 283.985 = 384.692 over 371 frames.
m3_346 sil w aa k ah m ah n ah s t ah n t iy ch iy er sil 
LOG (lattice-best-path[5.5.1126~1-8c451]:main():lattice-best-path.cc:99) For utterance m3_351, best cost 97.7378 + 306.655 = 404.392 over 412 frames.
m3_351 sil w ih ch ch er sh ah s m ah s er ah n 
LOG (lattice-best-path[5.5.1126~1-8c451]:main():lattice-best-path.cc:99) For utterance m3_356, best cost 90.3921 + 231.559 = 321.951 over 307 frames.
m3_356 sil dh ae l ay k l ao hh aa ch aw er z sil 
LOG (lattice-best-path[5.5.1126~1-8c451]:main():lattice-best-path.cc:99) For utterance m3_361, best cost 132.066 + 283.494 = 415.559 over 368 frames.
m3_361 sil k ae n t ih k sh iy l ih s iy m uw v iy s t ay s ah l iy sil 
LOG (lattice-best-path[5.5.1126~1-8c451]:main():lattice-best-path.cc:99) For utterance m3_366, best cost 127.834 + 288.826 = 416.66 over 393 frames.
m3_366 sil ao r ah k ah n s ih s ah l ih s k er k s ah b aa s ah z 
LOG (lattice-best-path[5.5.1126~1-8c451]:main():lattice-best-path.cc:99) For utterance m3_371, best cost 118.303 + 311.378 = 429.681 over 389 frames.
m3_371 sil ay d r ay dh iy s ah b oy b ah hh aw n ah ch ey jh sil 
LOG (lattice-best-path[5.5.1126~1-8c451]:main():lattice-best-path.cc:99) For utterance m3_376, best cost 70.1237 + 305.301 = 375.425 over 338 frames.
m3_376 sil aa r er s ow aa r t sil 
LOG (lattice-best-path[5.5.1126~1-8c451]:main():lattice-best-path.cc:99) For utterance m3_381, best cost 135.928 + 335.246 = 471.173 over 453 frames.
m3_381 sil w ih z g r iy s ih ng er ch ey n ih sh er w aa s p er l iy sil 
LOG (lattice-best-path[5.5.1126~1-8c451]:main():lattice-best-path.cc:99) For utterance m3_386, best cost 108.645 + 341.955 = 450.6 over 425 frames.
m3_386 sil ah k r ae ch aa n z m ih ng ih k s t ae n 
LOG (lattice-best-path[5.5.1126~1-8c451]:main():lattice-best-path.cc:99) For utterance m3_391, best cost 106.203 + 237.913 = 344.116 over 314 frames.
m3_391 sil iy ch t ae sh ih f ay n t uw b ih ng f ao ng 
LOG (lattice-best-path[5.5.1126~1-8c451]:main():lattice-best-path.cc:99) For utterance m3_396, best cost 158.965 + 364.381 = 523.346 over 482 frames.
m3_396 sil dh iy ae ng p er s ah n dh iy f er ay iy s ao r n eh v er ch ey n t ih z sil 
LOG (lattice-best-path[5.5.1126~1-8c451]:main():lattice-best-path.cc:99) For utterance m3_401, best cost 125.427 + 303.959 = 429.387 over 378 frames.
m3_401 sil t ah m ah s ih ng s ah l aa r jh ih k l ae sh ao r aa t sil 
LOG (lattice-best-path[5.5.1126~1-8c451]:main():lattice-best-path.cc:99) For utterance m3_406, best cost 168.503 + 390.914 = 559.417 over 493 frames.
m3_406 sil dh iy f ih k aw n f ao r ah s ih z er l iy ow v er w ao eh ch ah m z iy z sil 
LOG (lattice-best-path[5.5.1126~1-8c451]:main():lattice-best-path.cc:99) For utterance m3_411, best cost 103.719 + 284.62 = 388.339 over 345 frames.
m3_411 sil ih z iy z ih sh ah s aa m ay z m aa r sil 
LOG (lattice-best-path[5.5.1126~1-8c451]:main():lattice-best-path.cc:99) For utterance m3_416, best cost 91.8892 + 276.021 = 367.91 over 322 frames.
m3_416 sil p aa k ah w ao z k aa r ah n ae n sil 
LOG (lattice-best-path[5.5.1126~1-8c451]:main():lattice-best-path.cc:99) For utterance m3_421, best cost 119.114 + 222.976 = 342.089 over 309 frames.
m3_421 sil ih s t ae k aa s t ah n z ah k w ay k ah l er f ao l sil 
LOG (lattice-best-path[5.5.1126~1-8c451]:main():lattice-best-path.cc:99) For utterance m3_426, best cost 140.811 + 351.138 = 491.949 over 420 frames.
m3_426 sil iy s ih g ow n s ao d ih s ih l ae k s er ah b oy ih jh sil 
LOG (lattice-best-path[5.5.1126~1-8c451]:main():lattice-best-path.cc:99) For utterance m3_431, best cost 154.594 + 310.617 = 465.21 over 422 frames.
m3_431 sil n ah m p r aa t er ih z ey sh ah n s ah f r g ah n f ah n er z er z sil 
LOG (lattice-best-path[5.5.1126~1-8c451]:main():lattice-best-path.cc:99) For utterance m3_436, best cost 135.652 + 299.886 = 435.538 over 390 frames.
m3_436 sil p er er dh ey f r iy k ah m ey p er z ah b ih n s k ah n sil 
LOG (lattice-best-path[5.5.1126~1-8c451]:main():lattice-best-path.cc:99) For utterance m3_441, best cost 123.767 + 292.313 = 416.08 over 381 frames.
m3_441 sil r aa k ah m ow n iy z ih k ae g r iy g r eh t ah m sil 
LOG (lattice-best-path[5.5.1126~1-8c451]:main():lattice-best-path.cc:99) For utterance m3_446, best cost 116.239 + 299.632 = 415.871 over 355 frames.
m3_446 sil dh iy s t iy t s ah b ow z iy m ay g ae n ah n t sil 
LOG (lattice-scale[5.5.1126~1-8c451]:main():lattice-scale.cc:107) Done 363 lattices.
LOG (lattice-best-path[5.5.1126~1-8c451]:main():lattice-best-path.cc:99) For utterance m3_451, best cost 164.512 + 346.346 = 510.859 over 472 frames.
LOG (lattice-add-penalty[5.5.1126~1-8c451]:main():lattice-add-penalty.cc:62) Done adding word insertion penalty to 363 lattices.
m3_451 sil ch er k ih ng ih n s uw m ah n iy f er g ah l ah t s ah m ah n s ah d ih ng sil 
LOG (lattice-best-path[5.5.1126~1-8c451]:main():lattice-best-path.cc:99) For utterance m3_456, best cost 133.482 + 334.16 = 467.641 over 429 frames.
m3_456 sil ah m ao s ih g ae g ah l aa n k ae f er aw s p aa r n 
LOG (lattice-best-path[5.5.1126~1-8c451]:main():lattice-best-path.cc:124) Overall cost per frame is 1.17893 = 0.274209 [graph] + 0.904717 [acoustic] over 144532 frames.
LOG (lattice-best-path[5.5.1126~1-8c451]:main():lattice-best-path.cc:128) Done 363 lattices, failed for 0
# Accounting: time=3 threads=1
# Ended (code 0) at Mon Apr 29 13:56:05 EEST 2024, elapsed time 3 seconds
