# ali-to-pdf ./exp/tri_aligned_test/final.mdl "ark:gunzip -c ./exp/tri_aligned_test/ali.*.gz |" ark:- | analyze-counts --binary=false ark:- ./exp/tri_bg/decode_dnn/class.counts 
# Started at Mon Apr 29 13:53:05 EEST 2024
#
analyze-counts --binary=false ark:- ./exp/tri_bg/decode_dnn/class.counts 
ali-to-pdf ./exp/tri_aligned_test/final.mdl 'ark:gunzip -c ./exp/tri_aligned_test/ali.*.gz |' ark:- 
LOG (ali-to-pdf[5.5.1126~1-8c451]:main():ali-to-pdf.cc:68) Converted 363 alignments to pdf sequences.
WARNING (analyze-counts[5.5.1126~1-8c451]:main():analyze-counts.cc:144) Zero count for label 10, this is suspicious.
WARNING (analyze-counts[5.5.1126~1-8c451]:main():analyze-counts.cc:144) Zero count for label 25, this is suspicious.
WARNING (analyze-counts[5.5.1126~1-8c451]:main():analyze-counts.cc:144) Zero count for label 30, this is suspicious.
WARNING (analyze-counts[5.5.1126~1-8c451]:main():analyze-counts.cc:144) Zero count for label 34, this is suspicious.
WARNING (analyze-counts[5.5.1126~1-8c451]:main():analyze-counts.cc:144) Zero count for label 51, this is suspicious.
WARNING (analyze-counts[5.5.1126~1-8c451]:main():analyze-counts.cc:144) Zero count for label 67, this is suspicious.
WARNING (analyze-counts[5.5.1126~1-8c451]:main():analyze-counts.cc:144) Zero count for label 81, this is suspicious.
WARNING (analyze-counts[5.5.1126~1-8c451]:main():analyze-counts.cc:144) Zero count for label 90, this is suspicious.
WARNING (analyze-counts[5.5.1126~1-8c451]:main():analyze-counts.cc:144) Zero count for label 91, this is suspicious.
WARNING (analyze-counts[5.5.1126~1-8c451]:main():analyze-counts.cc:144) Zero count for label 104, this is suspicious.
WARNING (analyze-counts[5.5.1126~1-8c451]:main():analyze-counts.cc:144) Zero count for label 109, this is suspicious.
WARNING (analyze-counts[5.5.1126~1-8c451]:main():analyze-counts.cc:144) Zero count for label 143, this is suspicious.
WARNING (analyze-counts[5.5.1126~1-8c451]:main():analyze-counts.cc:144) Zero count for label 167, this is suspicious.
WARNING (analyze-counts[5.5.1126~1-8c451]:main():analyze-counts.cc:144) Zero count for label 196, this is suspicious.
WARNING (analyze-counts[5.5.1126~1-8c451]:main():analyze-counts.cc:144) Zero count for label 226, this is suspicious.
WARNING (analyze-counts[5.5.1126~1-8c451]:main():analyze-counts.cc:144) Zero count for label 246, this is suspicious.
WARNING (analyze-counts[5.5.1126~1-8c451]:main():analyze-counts.cc:144) Zero count for label 276, this is suspicious.
WARNING (analyze-counts[5.5.1126~1-8c451]:main():analyze-counts.cc:144) Zero count for label 300, this is suspicious.
WARNING (analyze-counts[5.5.1126~1-8c451]:main():analyze-counts.cc:144) Zero count for label 366, this is suspicious.
WARNING (analyze-counts[5.5.1126~1-8c451]:main():analyze-counts.cc:144) Zero count for label 387, this is suspicious.
WARNING (analyze-counts[5.5.1126~1-8c451]:main():analyze-counts.cc:144) Zero count for label 446, this is suspicious.
WARNING (analyze-counts[5.5.1126~1-8c451]:main():analyze-counts.cc:144) Zero count for label 463, this is suspicious.
WARNING (analyze-counts[5.5.1126~1-8c451]:main():analyze-counts.cc:144) Zero count for label 467, this is suspicious.
WARNING (analyze-counts[5.5.1126~1-8c451]:main():analyze-counts.cc:144) Zero count for label 471, this is suspicious.
WARNING (analyze-counts[5.5.1126~1-8c451]:main():analyze-counts.cc:144) Zero count for label 495, this is suspicious.
WARNING (analyze-counts[5.5.1126~1-8c451]:main():analyze-counts.cc:144) Zero count for label 509, this is suspicious.
WARNING (analyze-counts[5.5.1126~1-8c451]:main():analyze-counts.cc:144) Zero count for label 514, this is suspicious.
WARNING (analyze-counts[5.5.1126~1-8c451]:main():analyze-counts.cc:144) Zero count for label 522, this is suspicious.
WARNING (analyze-counts[5.5.1126~1-8c451]:main():analyze-counts.cc:144) Zero count for label 655, this is suspicious.
WARNING (analyze-counts[5.5.1126~1-8c451]:main():analyze-counts.cc:144) Zero count for label 714, this is suspicious.
WARNING (analyze-counts[5.5.1126~1-8c451]:main():analyze-counts.cc:144) Zero count for label 715, this is suspicious.
WARNING (analyze-counts[5.5.1126~1-8c451]:main():analyze-counts.cc:144) Zero count for label 795, this is suspicious.
LOG (analyze-counts[5.5.1126~1-8c451]:main():analyze-counts.cc:194) Summed 363 int32 vectors to counts, skipped 0 vectors.
LOG (analyze-counts[5.5.1126~1-8c451]:main():analyze-counts.cc:196) Counts written to ./exp/tri_bg/decode_dnn/class.counts
# Accounting: time=0 threads=1
# Ended (code 0) at Mon Apr 29 13:53:05 EEST 2024, elapsed time 0 seconds
