# lattice-scale --inv-acoustic-scale=1 "ark:gunzip -c ./exp/tri_bg/decode_dnn/lat.*.gz|" ark:- | lattice-add-penalty --word-ins-penalty=0.5 ark:- ark:- | lattice-best-path --word-symbol-table=./exp/tri_bg/graph/words.txt ark:- ark,t:- | utils/int2sym.pl -f 2- ./exp/tri_bg/graph/words.txt | cat > ./exp/tri_bg/decode_dnn/scoring_kaldi/penalty_0.5/1.txt 
# Started at Mon Apr 29 13:55:39 EEST 2024
#
lattice-scale --inv-acoustic-scale=1 'ark:gunzip -c ./exp/tri_bg/decode_dnn/lat.*.gz|' ark:- 
lattice-add-penalty --word-ins-penalty=0.5 ark:- ark:- 
lattice-best-path --word-symbol-table=./exp/tri_bg/graph/words.txt ark:- ark,t:- 
LOG (lattice-best-path[5.5.1126~1-8c451]:main():lattice-best-path.cc:99) For utterance f1_001, best cost 83.7636 + 2328.64 = 2412.4 over 237 frames.
f1_001 sil sil dh ih s w ih z iy s iy f er aw t s sil 
LOG (lattice-best-path[5.5.1126~1-8c451]:main():lattice-best-path.cc:99) For utterance f1_006, best cost 113.922 + 2949.41 = 3063.33 over 338 frames.
f1_006 sil w ay ey eh l aa r w ao r iy ow v er s ah l iy ay d ah m z sil 
LOG (lattice-best-path[5.5.1126~1-8c451]:main():lattice-best-path.cc:99) For utterance f1_011, best cost 100.688 + 3058.68 = 3159.37 over 306 frames.
f1_011 sil s p l iy y aa r ah m ih z hh ay ey z iy k aw n sil 
LOG (lattice-best-path[5.5.1126~1-8c451]:main():lattice-best-path.cc:99) For utterance f1_016, best cost 155.398 + 2963.14 = 3118.53 over 336 frames.
f1_016 sil ae l ah m ao r n iy hh aa r ae m z ah d dh iy f ao r s k n ae n s b ae l sil sil 
LOG (lattice-best-path[5.5.1126~1-8c451]:main():lattice-best-path.cc:99) For utterance f1_021, best cost 103.973 + 2871.98 = 2975.95 over 290 frames.
f1_021 sil ao l iy l ay ey er z ah l th n ah n ih n er sil s sil 
LOG (lattice-best-path[5.5.1126~1-8c451]:main():lattice-best-path.cc:99) For utterance f1_026, best cost 105.735 + 2810.94 = 2916.67 over 305 frames.
f1_026 sil d ow n jh uw ch er l iy z dh eh r d iy d ih sh ah z sil 
LOG (lattice-best-path[5.5.1126~1-8c451]:main():lattice-best-path.cc:99) For utterance f1_031, best cost 163.404 + 3397.03 = 3560.43 over 395 frames.
f1_031 sil b aa r k s k ah l p er iy s l ah t w ao z ah g r eh jh uw ey sh ah n p er ah z ah n t sil 
LOG (lattice-best-path[5.5.1126~1-8c451]:main():lattice-best-path.cc:99) For utterance f1_036, best cost 140.1 + 3102.81 = 3242.91 over 353 frames.
f1_036 sil dh eh s k ah b ao l th ih n b iy ah n eh n t er t ey ng s p w ao r t sil 
LOG (lattice-best-path[5.5.1126~1-8c451]:main():lattice-best-path.cc:99) For utterance f1_041, best cost 151.886 + 3103.06 = 3254.95 over 363 frames.
f1_041 sil ae n b ah dh ae sh ih z p ih k p aa p ah t dh iy k aa m p l ih sh ah n ao aw er sil 
LOG (lattice-best-path[5.5.1126~1-8c451]:main():lattice-best-path.cc:99) For utterance f1_046, best cost 128.475 + 3322.3 = 3450.78 over 373 frames.
f1_046 sil dh iy p r aa l er ao r s k iy m ae s k p er d ih s k ae t ah z sil 
LOG (lattice-best-path[5.5.1126~1-8c451]:main():lattice-best-path.cc:99) For utterance f1_051, best cost 148.751 + 3687.25 = 3836 over 398 frames.
f1_051 sil eh n iy k aw n t uw b ey sh ah n z ah l iy g r iy l iy ah p r iy sh ey t ah d sil 
LOG (lattice-best-path[5.5.1126~1-8c451]:main():lattice-best-path.cc:99) For utterance f1_056, best cost 155.814 + 3647.89 = 3803.7 over 439 frames.
f1_056 sil w ey eh s t er z g ae sh er t ih ch k ow s t iy p r ey s ih ng k r iy s ah z sil 
LOG (lattice-best-path[5.5.1126~1-8c451]:main():lattice-best-path.cc:99) For utterance f1_061, best cost 145.253 + 3048.43 = 3193.68 over 359 frames.
f1_061 sil k l ih z d ih s p l ay l ih z m ih s t p l ey s aa n ah s k r ey ng sil 
LOG (lattice-best-path[5.5.1126~1-8c451]:main():lattice-best-path.cc:99) For utterance f1_066, best cost 122.252 + 2453.49 = 2575.74 over 309 frames.
f1_066 sil b ae k t er z p r ah z k r ay g r ah k s t uw f r iy l iy sil 
LOG (lattice-best-path[5.5.1126~1-8c451]:main():lattice-best-path.cc:99) For utterance f1_071, best cost 184.802 + 3748.96 = 3933.76 over 436 frames.
f1_071 sil k w aa k g r ey sh n ah l ah n ah th eh n d er s t ae n d ih ng ah l iy v iy t uw s b iy t ah t sil 
LOG (lattice-best-path[5.5.1126~1-8c451]:main():lattice-best-path.cc:99) For utterance f1_076, best cost 109.111 + 2778.01 = 2887.12 over 313 frames.
f1_076 sil dh ih th ih ng g er ih z ih f ey n ah s k eh l p t er sil 
LOG (lattice-best-path[5.5.1126~1-8c451]:main():lattice-best-path.cc:99) For utterance f1_081, best cost 151.43 + 3071.48 = 3222.91 over 360 frames.
f1_081 sil m ae s k r ey p aa r d iy s hh aa k s k aa n t ih n ah ch ah n ey n sh ah n sil 
LOG (lattice-best-path[5.5.1126~1-8c451]:main():lattice-best-path.cc:99) For utterance f1_086, best cost 221.73 + 4319.11 = 4540.84 over 522 frames.
f1_086 sil t uw dh iy g aa r d uw ch eh l d r ah n z eh k g r iy b eh r k l ae s t er m z f er hh aa k ao l aa l ah d ey z sil 
LOG (lattice-best-path[5.5.1126~1-8c451]:main():lattice-best-path.cc:99) For utterance f1_091, best cost 128.679 + 2894.4 = 3023.08 over 327 frames.
f1_091 sil sil ah hh iy ch t ae p ih s t r iy hh aa n ih ng r m ao l ay d sil 
LOG (lattice-best-path[5.5.1126~1-8c451]:main():lattice-best-path.cc:99) For utterance f1_096, best cost 145.11 + 2889.06 = 3034.17 over 339 frames.
f1_096 sil sil ih s ao t n b eh t p aa r ch er s sh aa k t dh iy k ae p s sil sil 
LOG (lattice-best-path[5.5.1126~1-8c451]:main():lattice-best-path.cc:99) For utterance f1_101, best cost 101.379 + 2614.6 = 2715.98 over 300 frames.
f1_101 sil k l ae s t ih s k er ah n ih r l eh p t ae n sil 
LOG (lattice-best-path[5.5.1126~1-8c451]:main():lattice-best-path.cc:99) For utterance f1_106, best cost 182.596 + 3296.12 = 3478.72 over 388 frames.
f1_106 sil sil t r eh s f ae s ih n ih z f r er b ey d ah n ah n s eh t t eh k t ah p aa n ah l d s iy sil 
LOG (lattice-best-path[5.5.1126~1-8c451]:main():lattice-best-path.cc:99) For utterance f1_111, best cost 123.701 + 2780.08 = 2903.78 over 329 frames.
f1_111 sil aa r d ih f ih sh ow n t eh l ah jh ah n s ah z f er er iy ah l sil 
LOG (lattice-best-path[5.5.1126~1-8c451]:main():lattice-best-path.cc:99) For utterance f1_116, best cost 133.743 + 2951.98 = 3085.72 over 323 frames.
f1_116 sil w iy p l ey ah n t s ah b ae l d ih n y uw b eh v er jh p l ae n t sil 
LOG (lattice-best-path[5.5.1126~1-8c451]:main():lattice-best-path.cc:99) For utterance f1_121, best cost 216.903 + 4407.96 = 4624.87 over 494 frames.
f1_121 sil s ay n t ih th ih k p r aa g r ae s k ah m ch ah m n ah d z ah b aa l ah m ah n ah v n iy t eh t m iy t s sil 
LOG (lattice-best-path[5.5.1126~1-8c451]:main():lattice-best-path.cc:99) For utterance f1_126, best cost 172.968 + 3748 = 3920.96 over 432 frames.
f1_126 sil w ih sh l ao n aa r d ih k ah l w ao z ah p ey p ih n ey t ah d k aa r f ih k ey sh ah n sil 
LOG (lattice-best-path[5.5.1126~1-8c451]:main():lattice-best-path.cc:99) For utterance f1_131, best cost 182.382 + 3377.87 = 3560.25 over 419 frames.
f1_131 sil p er eh k t ae t s ih k y ih sh ah n ae f m ay n sh t r ah sh ah n z ah z k r uw sh ah l sil 
LOG (lattice-best-path[5.5.1126~1-8c451]:main():lattice-best-path.cc:99) For utterance f1_136, best cost 157.5 + 3197.47 = 3354.97 over 352 frames.
f1_136 sil dh iy s t iy t ah z ih g z ih s s ih n w ao r g n y m ah k k l ay m ah n s sil 
LOG (lattice-best-path[5.5.1126~1-8c451]:main():lattice-best-path.cc:99) For utterance f1_141, best cost 149.651 + 3345.41 = 3495.06 over 364 frames.
f1_141 sil er m ow s dh ih s p l ah n t er b ah v dh iy p eh er f s f r iy z ah t er z sil 
LOG (lattice-best-path[5.5.1126~1-8c451]:main():lattice-best-path.cc:99) For utterance f1_146, best cost 156.371 + 3601.1 = 3757.48 over 381 frames.
f1_146 sil p er ao v er ah n hh ae n er m ay n t uw hh ae n ah f w aa d ah m l iy iy d z sil 
LOG (lattice-best-path[5.5.1126~1-8c451]:main():lattice-best-path.cc:99) For utterance f1_151, best cost 109.247 + 3385.3 = 3494.55 over 325 frames.
f1_151 sil w uw t eh d dh iy p ay ae k t aw n ah b ay y uw sil 
LOG (lattice-best-path[5.5.1126~1-8c451]:main():lattice-best-path.cc:99) For utterance f1_156, best cost 193.672 + 4462.3 = 4655.97 over 482 frames.
f1_156 sil ao r v er k w aa p r ey t s ih n f ay n ih ng n ae n z k aw n iy ao l b iy er w ao r d ah d sil 
LOG (lattice-best-path[5.5.1126~1-8c451]:main():lattice-best-path.cc:99) For utterance f1_161, best cost 173.143 + 4072.26 = 4245.4 over 455 frames.
f1_161 n sil w uw k ah d b eh r l iy s iy t ih f y ao r s t uw dh iy s n ae l f l er iy z sil 
LOG (lattice-best-path[5.5.1126~1-8c451]:main():lattice-best-path.cc:99) For utterance f1_166, best cost 130.491 + 2980.6 = 3111.09 over 335 frames.
f1_166 sil dh iy k ae t s ah n iy aw t ao l oy z hh aa r s m ay y ih r z sil 
LOG (lattice-best-path[5.5.1126~1-8c451]:main():lattice-best-path.cc:99) For utterance f1_171, best cost 178.318 + 3292.43 = 3470.75 over 379 frames.
f1_171 sil dh iy s t r ay t ae v er iy f sil f ay ow v r ah b l iy d ih t s m ay n ao t ah d sil s sil 
LOG (lattice-best-path[5.5.1126~1-8c451]:main():lattice-best-path.cc:99) For utterance f1_176, best cost 90.0676 + 2634.48 = 2724.54 over 262 frames.
f1_176 sil dh ey n jh er ay ah w eh n ay ay d ih sh ah n sil 
LOG (lattice-best-path[5.5.1126~1-8c451]:main():lattice-best-path.cc:99) For utterance f1_181, best cost 208.47 + 4108.11 = 4316.58 over 466 frames.
f1_181 sil dh iy ah n jh eh l sh ah n sh ah d ah v f w oy d ih k s b ow zh er d ah k ah n z ey d uw z d ih z iy z ah d z sil 
LOG (lattice-best-path[5.5.1126~1-8c451]:main():lattice-best-path.cc:99) For utterance f1_186, best cost 135.346 + 3346.47 = 3481.82 over 346 frames.
f1_186 sil iy v n aa ay t k ey sh ah l iy d ah t dh iy m ah n b ey b l uw z sil 
LOG (lattice-best-path[5.5.1126~1-8c451]:main():lattice-best-path.cc:99) For utterance f1_191, best cost 142.504 + 3520.2 = 3662.7 over 373 frames.
f1_191 sil m ay k ah l k aa t ah v dh iy b ae g r ow m ao l w ih th k r ay aa n z sil 
LOG (lattice-best-path[5.5.1126~1-8c451]:main():lattice-best-path.cc:99) For utterance f1_196, best cost 159.843 + 3818.22 = 3978.06 over 428 frames.
f1_196 sil dh iy s er m ah n eh m f ah s ay z dh iy n iy t f er f er m d ah b aa k sh ah n sil 
LOG (lattice-best-path[5.5.1126~1-8c451]:main():lattice-best-path.cc:99) For utterance f1_201, best cost 190.887 + 3802.38 = 3993.27 over 424 frames.
f1_201 sil k ao r ey t ae k dh iy p r aa sh eh k sil dh iy d b ay sh t r uh d z ah t aa r m ah n ey n sh ah n sil 
LOG (lattice-best-path[5.5.1126~1-8c451]:main():lattice-best-path.cc:99) For utterance f1_206, best cost 180.2 + 4692.43 = 4872.63 over 476 frames.
f1_206 sil s t eh t k ah d b eh r l ay t ae n g ah l dh iy s ay k ah l aa t t ih k ah l d t r aa m ah sil 
LOG (lattice-best-path[5.5.1126~1-8c451]:main():lattice-best-path.cc:99) For utterance f1_211, best cost 126.832 + 3209.9 = 3336.73 over 338 frames.
f1_211 sil hh ay l w ey n t r iy m ey n t sil n iy n ih s ey n b eh ng sil 
LOG (lattice-best-path[5.5.1126~1-8c451]:main():lattice-best-path.cc:99) For utterance f1_216, best cost 149.572 + 3308.01 = 3457.58 over 365 frames.
f1_216 sil sil dh iy d ae k t er b ih z m ey iy ae m b y ah l ah n z ah dh iy p ey sh ah n t sil 
LOG (lattice-best-path[5.5.1126~1-8c451]:main():lattice-best-path.cc:99) For utterance f1_221, best cost 120.505 + 2811.81 = 2932.32 over 312 frames.
f1_221 sil hh ae l iy t uw k ah z ih s ah b oy ey ae s s k ah l ey er sil 
LOG (lattice-best-path[5.5.1126~1-8c451]:main():lattice-best-path.cc:99) For utterance f1_226, best cost 137.207 + 3447.69 = 3584.89 over 376 frames.
f1_226 sil dh iy p ao r d ih z b aa t er f l ay t iy d ah l aa t ah n ae k sil er sil 
LOG (lattice-best-path[5.5.1126~1-8c451]:main():lattice-best-path.cc:99) For utterance f1_231, best cost 120.039 + 2836.06 = 2956.09 over 300 frames.
f1_231 sil w eh r ow p ah n eh v er iy m aa n d ay ey iy t n ae ng sil 
LOG (lattice-best-path[5.5.1126~1-8c451]:main():lattice-best-path.cc:99) For utterance f1_236, best cost 116.405 + 3276.8 = 3393.21 over 358 frames.
f1_236 sil hh aw oy l iy d y ah l ay t ih s ae l ah jh er ah s ih ng sil 
LOG (lattice-best-path[5.5.1126~1-8c451]:main():lattice-best-path.cc:99) For utterance f1_241, best cost 169.225 + 3785.05 = 3954.27 over 433 frames.
f1_241 sil ih jh ao aw p g r iy t s b ay y uw z ae n t ae k ah n ah s t ih k m aa s ah l z sil 
LOG (lattice-best-path[5.5.1126~1-8c451]:main():lattice-best-path.cc:99) For utterance f1_246, best cost 135.823 + 3647.35 = 3783.17 over 347 frames.
f1_246 sil dh iy ey n d r iy b oy ey n s er t ah t d ih t n m ah t k aa p sil 
LOG (lattice-best-path[5.5.1126~1-8c451]:main():lattice-best-path.cc:99) For utterance f1_251, best cost 231.51 + 4488.08 = 4719.59 over 526 frames.
f1_251 sil t er f er eh t ah t ah z p r ih s t iy z iy er k r ay iy g ey sh ah n l iy w iy z dh iy b ao l s t r iy ch er ah n ah l sil 
LOG (lattice-best-path[5.5.1126~1-8c451]:main():lattice-best-path.cc:99) For utterance f1_256, best cost 180.735 + 4013.08 = 4193.82 over 447 frames.
f1_256 sil l ae n g y eh r ah n hh ay d ao r m ih z ey sh ah n z p er m ow l sil b er f ah n t r ah l sil 
LOG (lattice-best-path[5.5.1126~1-8c451]:main():lattice-best-path.cc:99) For utterance f1_261, best cost 183.152 + 3551.48 = 3734.64 over 423 frames.
f1_261 sil sil w uh d ih p er f ah l aa sh uw s ah t b aa r b eh r y uw z f ow n s iy aa t ow l sil sil 
LOG (lattice-best-path[5.5.1126~1-8c451]:main():lattice-best-path.cc:99) For utterance f1_266, best cost 123.153 + 3013.52 = 3136.67 over 326 frames.
f1_266 sil ch ih jh er ae s th iy k ae k t ih n s m l ao l z uw z sil 
LOG (lattice-best-path[5.5.1126~1-8c451]:main():lattice-best-path.cc:99) For utterance f1_271, best cost 103.985 + 2561.72 = 2665.7 over 289 frames.
f1_271 sil ah n iy v ah jh ch ey n sh ey p aa s ah ng g l iy sil 
LOG (lattice-best-path[5.5.1126~1-8c451]:main():lattice-best-path.cc:99) For utterance f1_276, best cost 121.111 + 2650.83 = 2771.94 over 298 frames.
f1_276 sil sil dh iy ch ow z ah n f y uw l ah l b uh k ah n jh eh n ah l z sil 
LOG (lattice-best-path[5.5.1126~1-8c451]:main():lattice-best-path.cc:99) For utterance f1_281, best cost 264.402 + 5267.52 = 5531.92 over 558 frames.
f1_281 sil r ay d ih z ay er z er z s eh n b ah l z p iy v n iy w aa n n z b aa r m ay d ah v p aa r b r ae n hh aa n dh iy s aa d ch ae t s sil 
LOG (lattice-best-path[5.5.1126~1-8c451]:main():lattice-best-path.cc:99) For utterance f1_286, best cost 124.268 + 2771.8 = 2896.07 over 302 frames.
f1_286 sil dh ae t d ow ah ch iy s ah z k ae t s m er s ah l z s l iy sil 
LOG (lattice-best-path[5.5.1126~1-8c451]:main():lattice-best-path.cc:99) For utterance f1_291, best cost 153.082 + 3251.89 = 3404.97 over 343 frames.
f1_291 sil ah l ow dh er g ae m b ey ay g w ih b iy s t uw d ah b ah l ah g ae f z sil 
LOG (lattice-best-path[5.5.1126~1-8c451]:main():lattice-best-path.cc:99) For utterance f1_296, best cost 229.05 + 5410.26 = 5639.31 over 571 frames.
f1_296 sil ae l ah s iy t dh iy jh er ay n ah k l ay iy m ah n ah b ay ae l ah jh iy ah n iy ah n d ih n ih r ah n d ah p aa r b n ah n z sil 
LOG (lattice-best-path[5.5.1126~1-8c451]:main():lattice-best-path.cc:99) For utterance f1_301, best cost 171.877 + 3900 = 4071.88 over 417 frames.
f1_301 sil sil t aa l th l ey s t aa p r ay aa r d iy ah n g eh d ih ng ih z b ay t f eh k s t sil 
LOG (lattice-best-path[5.5.1126~1-8c451]:main():lattice-best-path.cc:99) For utterance f1_306, best cost 160.798 + 3455.84 = 3616.64 over 386 frames.
f1_306 sil n z aa r k m er k y ah l ah g uw ow n r aa n z er aw n f er m ay n ah l z sil 
LOG (lattice-best-path[5.5.1126~1-8c451]:main():lattice-best-path.cc:99) For utterance f1_311, best cost 170.668 + 4839.7 = 5010.37 over 495 frames.
f1_311 sil dh iy f r ey t uw ch ae t m ih z jh ah m l iy s ah d t uw d b ay z b ih g b r ae b er sil 
LOG (lattice-best-path[5.5.1126~1-8c451]:main():lattice-best-path.cc:99) For utterance f1_316, best cost 225.854 + 4918.46 = 5144.32 over 563 frames.
f1_316 sil dh iy p r iy s k ow eh r k ah n b er b l ay s er f ey ow oy n z ah v ae p dh iy ah m er sh ah n s iy k ah n d ih sh ah n s sil 
LOG (lattice-best-path[5.5.1126~1-8c451]:main():lattice-best-path.cc:99) For utterance f1_321, best cost 132.251 + 3161.06 = 3293.31 over 353 frames.
f1_321 sil ah l oy ay er w ih z ah p oy n t iy t ae k s ih k y uw g er w eh l sil 
LOG (lattice-best-path[5.5.1126~1-8c451]:main():lattice-best-path.cc:99) For utterance f1_326, best cost 188.176 + 4565.09 = 4753.27 over 494 frames.
f1_326 sil dh iy s ih s t ah n m ey b r ey g t eh m s iy ah n z ih z ey p er f ay l z f r iy t ah m l iy sil 
LOG (lattice-best-path[5.5.1126~1-8c451]:main():lattice-best-path.cc:99) For utterance f1_331, best cost 209.624 + 4481.81 = 4691.44 over 492 frames.
f1_331 sil dh iy k ah n m ey n p eh k s ah z dh eh k t ih m k ao r d er d ih g ah m p oy t f r ih th r iy aa aw er z sil 
LOG (lattice-best-path[5.5.1126~1-8c451]:main():lattice-best-path.cc:99) For utterance f1_336, best cost 159.844 + 4074 = 4233.84 over 404 frames.
f1_336 sil dh eh t n ah l iy s p aa t n b r ow z m ao r n ow oy ih ng iy sh t ae iy sil 
LOG (lattice-best-path[5.5.1126~1-8c451]:main():lattice-best-path.cc:99) For utterance f1_341, best cost 178.998 + 3796.17 = 3975.17 over 414 frames.
f1_341 sil r ih n ah n m ey n eh v er t sil sil dh iy k aa n k ah m p iy t l iy iy t ah l p s ah n ae n sil 
LOG (lattice-best-path[5.5.1126~1-8c451]:main():lattice-best-path.cc:99) For utterance f1_346, best cost 128.218 + 2972.28 = 3100.5 over 328 frames.
f1_346 sil w iy l ao l k ow m ah n iy ng iy s t uw d n z iy ch iy er sil 
LOG (lattice-best-path[5.5.1126~1-8c451]:main():lattice-best-path.cc:99) For utterance f1_351, best cost 118.973 + 2976.69 = 3095.67 over 336 frames.
f1_351 sil w ih k sh er jh t uw dh iy s m eh k s w er sh ah t b ah n sil 
LOG (lattice-best-path[5.5.1126~1-8c451]:main():lattice-best-path.cc:99) For utterance f1_356, best cost 101.396 + 2878.42 = 2979.82 over 302 frames.
f1_356 sil dh ey ao l l ay t l aa hh ay ch aa aw er z sil 
LOG (lattice-best-path[5.5.1126~1-8c451]:main():lattice-best-path.cc:99) For utterance f1_361, best cost 140.809 + 3469.71 = 3610.52 over 381 frames.
f1_361 sil t ih n z iy sh iy l ah t ah s iy m uw v iy s f ay s ah b l iy t sil sil 
LOG (lattice-best-path[5.5.1126~1-8c451]:main():lattice-best-path.cc:99) For utterance f1_366, best cost 166.817 + 3866.33 = 4033.15 over 419 frames.
f1_366 sil sil hh er w ao r jh er k ah n s ih s t ah v ah l l iy s k er k t ah m b l aw ah s ah z sil 
LOG (lattice-best-path[5.5.1126~1-8c451]:main():lattice-best-path.cc:99) For utterance f1_371, best cost 152.911 + 3866.09 = 4019 over 401 frames.
f1_371 sil ay d r ay d ih s ae b oy ey b ae t ah n aa p ah n ah n ah f ch ey n z jh sil 
LOG (lattice-best-path[5.5.1126~1-8c451]:main():lattice-best-path.cc:99) For utterance f1_376, best cost 146.567 + 3367.9 = 3514.47 over 370 frames.
f1_376 sil m uw v ah g aa r b iy jh t n iy er s ah v ah l aa r jh ah b l ah n d ah sil 
LOG (lattice-best-path[5.5.1126~1-8c451]:main():lattice-best-path.cc:99) For utterance f1_381, best cost 194.782 + 4249.47 = 4444.26 over 474 frames.
f1_381 sil w ih n s ih f r ah n ah jh g r iy s iy er ch ey n b iy sh er d ah v w aa sh s t aa er l iy sil sil 
LOG (lattice-best-path[5.5.1126~1-8c451]:main():lattice-best-path.cc:99) For utterance f1_386, best cost 173.759 + 4367.32 = 4541.08 over 474 frames.
f1_386 sil dh iy k r ae t ch aa n sh ah n ey n b ah v ah k r ih k s t ae d v eh ng g w ih sh t ah n sil 
LOG (lattice-best-path[5.5.1126~1-8c451]:main():lattice-best-path.cc:99) For utterance f1_391, best cost 121.602 + 2796.64 = 2918.25 over 336 frames.
f1_391 sil iy ch f ey ay s sh er l iy f ay n z ah b ih g f aa n sil 
LOG (lattice-best-path[5.5.1126~1-8c451]:main():lattice-best-path.cc:99) For utterance f1_396, best cost 212.652 + 4396.51 = 4609.16 over 507 frames.
f1_396 sil sil dh iy ae b er t ay z ih ng b er s ah p l eh m ah v sil r er ay d iy z p er n eh v er ch ey n jh ah sil s sil 
LOG (lattice-best-path[5.5.1126~1-8c451]:main():lattice-best-path.cc:99) For utterance f1_401, best cost 143.475 + 3706.64 = 3850.11 over 395 frames.
f1_401 sil sil t aa n s s ih ng s ah l aa r jh er k l ae n s ao s ah p r aa k ah l sil 
LOG (lattice-best-path[5.5.1126~1-8c451]:main():lattice-best-path.cc:99) For utterance f1_406, best cost 207.569 + 4709.48 = 4917.05 over 518 frames.
f1_406 sil dh iy th ih k ae l m f aa r s w ih z p iy er l iy y ow v er l ow n b ay g d ah ch ah m z ah z iy z sil 
LOG (lattice-best-path[5.5.1126~1-8c451]:main():lattice-best-path.cc:99) For utterance f1_411, best cost 127.487 + 3028.98 = 3156.46 over 343 frames.
f1_411 sil dh ih z w iy z ih sh ah n z hh aa r m ay z m aa r k ah l ah s l iy sil 
LOG (lattice-best-path[5.5.1126~1-8c451]:main():lattice-best-path.cc:99) For utterance f1_416, best cost 121.018 + 3250.45 = 3371.47 over 320 frames.
f1_416 sil b ae t k ae t p aa k ah w ao z k ao t r eh t ae n t ah d sil 
LOG (lattice-best-path[5.5.1126~1-8c451]:main():lattice-best-path.cc:99) For utterance f1_421, best cost 122.13 + 2978.27 = 3100.4 over 329 frames.
f1_421 sil ih s p ae t ih k hh aa s t ih n z ah k r ay k ah l ah f ah l sil 
LOG (lattice-best-path[5.5.1126~1-8c451]:main():lattice-best-path.cc:99) For utterance f1_426, best cost 159.331 + 3907.72 = 4067.06 over 437 frames.
f1_426 sil dh iy iy z iy g ow ah n z aa l ah jh ah s f r l ae s t er ah p w oy ey ih jh sil 
LOG (lattice-best-path[5.5.1126~1-8c451]:main():lattice-best-path.cc:99) For utterance f1_431, best cost 191.464 + 3947.98 = 4139.44 over 432 frames.
f1_431 sil n aa m p aa r v er d er k n ih z ey sh ah n z hh eh v er iy g r uw sil aa n r iy g n b ih z sil 
LOG (lattice-best-path[5.5.1126~1-8c451]:main():lattice-best-path.cc:99) For utterance f1_436, best cost 169.165 + 3556.26 = 3725.43 over 405 frames.
f1_436 sil aa r k s p r iy k g ey f r iy p r ah l iy ah k er z aa n th ih ng s k eh v ih ng sil sil 
LOG (lattice-best-path[5.5.1126~1-8c451]:main():lattice-best-path.cc:99) For utterance f1_441, best cost 122.393 + 3150.8 = 3273.19 over 335 frames.
f1_441 sil r aa k ah n m ah l n iy z ah k ae z ah g r iy g r ih b ah m sil 
LOG (lattice-best-path[5.5.1126~1-8c451]:main():lattice-best-path.cc:99) For utterance f1_446, best cost 135.694 + 3589.52 = 3725.21 over 379 frames.
f1_446 sil dh iy s p iy ch s ah n p ow z iy m ay t b ih g ih n aa m ay n z er sil 
LOG (lattice-best-path[5.5.1126~1-8c451]:main():lattice-best-path.cc:99) For utterance f1_451, best cost 172.304 + 3894.36 = 4066.66 over 444 frames.
f1_451 sil ch ow jh ah n k ih ng p ah n s ih m ay n iy f er r ah l ah p s ih m aa n s ih d ih ng sil 
LOG (lattice-best-path[5.5.1126~1-8c451]:main():lattice-best-path.cc:99) For utterance f1_456, best cost 159.73 + 4106.34 = 4266.07 over 433 frames.
f1_456 sil ah m ao l s ih g z ae g t ih l ah n ah p ae k t uw r aw t ow z k aa r d ah n sil 
LOG (lattice-best-path[5.5.1126~1-8c451]:main():lattice-best-path.cc:99) For utterance f5_001, best cost 85.7815 + 2208.87 = 2294.65 over 249 frames.
f5_001 sil sil d ih s w ih z iy z iy p er ae f s sil 
LOG (lattice-best-path[5.5.1126~1-8c451]:main():lattice-best-path.cc:99) For utterance f5_006, best cost 128.073 + 2717.56 = 2845.63 over 325 frames.
f5_006 sil w ay y eh l er w er iy ow v f r ah s ih l iy ae t ah m z sil sil 
LOG (lattice-best-path[5.5.1126~1-8c451]:main():lattice-best-path.cc:99) For utterance f5_011, best cost 102.44 + 2495.73 = 2598.17 over 301 frames.
f5_011 sil s w ih ng er aa r m ah s hh ay s uw z ae n sil sil 
LOG (lattice-best-path[5.5.1126~1-8c451]:main():lattice-best-path.cc:99) For utterance f5_021, best cost 100.777 + 2449.62 = 2550.4 over 301 frames.
f5_021 sil ah n l iy l er z t l ah v n l iy n ih n er z sil 
LOG (lattice-best-path[5.5.1126~1-8c451]:main():lattice-best-path.cc:99) For utterance f5_031, best cost 152.765 + 2888.08 = 3040.84 over 391 frames.
f5_031 sil aa r b s k ah l b r ay s l ih g r eh jh uw ey sh ah n p ae z ah n t sil sil 
LOG (lattice-best-path[5.5.1126~1-8c451]:main():lattice-best-path.cc:99) For utterance f5_036, best cost 82.1334 + 2941.45 = 3023.58 over 348 frames.
f5_036 sil b ae s k ah t b aa w ao r t sil sil 
LOG (lattice-best-path[5.5.1126~1-8c451]:main():lattice-best-path.cc:99) For utterance f5_041, best cost 166.254 + 2749.35 = 2915.6 over 364 frames.
f5_041 sil eh m iy d eh k s t r ih s p ih k p aa p ah t s ah k aa m p ih sh m w ao r sil sil 
LOG (lattice-best-path[5.5.1126~1-8c451]:main():lattice-best-path.cc:99) For utterance f5_046, best cost 134.61 + 2651.56 = 2786.17 over 354 frames.
f5_046 sil dh iy p r aa l ow t w ao r eh s k iy m ae s k f er t ih s k ay z sil 
LOG (lattice-best-path[5.5.1126~1-8c451]:main():lattice-best-path.cc:99) For utterance f5_051, best cost 155.272 + 3133.17 = 3288.45 over 393 frames.
f5_051 sil eh n iy k aa b iy sh ah n z b ah l b iy k r ey l iy p r ih sh iy t ah d sil sil 
LOG (lattice-best-path[5.5.1126~1-8c451]:main():lattice-best-path.cc:99) For utterance f5_056, best cost 170.474 + 3240.88 = 3411.35 over 446 frames.
f5_056 sil r ae s t er z k ae s sh ao r d ih ch k aa s t iy p r ih s ih ng k r iy s ah z sil sil sil 
LOG (lattice-best-path[5.5.1126~1-8c451]:main():lattice-best-path.cc:99) For utterance f5_061, best cost 154.163 + 2576.84 = 2731 over 377 frames.
f5_061 sil sil k l ih s t s t ih s p l ey l ih z m ih s t p l iy s ah m dh iy s k r iy n sil 
LOG (lattice-best-path[5.5.1126~1-8c451]:main():lattice-best-path.cc:99) For utterance f5_066, best cost 81.2333 + 2802.74 = 2883.97 over 335 frames.
f5_066 sil ih s k r ae t uw f r iy ah l iy sil sil 
LOG (lattice-best-path[5.5.1126~1-8c451]:main():lattice-best-path.cc:99) For utterance f5_071, best cost 190.431 + 3368.5 = 3558.93 over 448 frames.
f5_071 sil k w aa p r ey sh ah n ah l aa n n p ah n d ih sh t ae n ih ng ah l iy v iy iy t d ih s p iy n ih t sil 
LOG (lattice-best-path[5.5.1126~1-8c451]:main():lattice-best-path.cc:99) For utterance f5_076, best cost 120.836 + 2381.42 = 2502.26 over 309 frames.
f5_076 sil dh iy th ih ng k er ah z ih f ey m ah s k ah l p sh er sil sil 
LOG (lattice-best-path[5.5.1126~1-8c451]:main():lattice-best-path.cc:99) For utterance f5_081, best cost 148.175 + 2865.54 = 3013.72 over 373 frames.
f5_081 sil m ae s k f r ey p aa r iy z t ae k s w ih n z ah n ae d iy n ey sh ah n sil 
LOG (lattice-best-path[5.5.1126~1-8c451]:main():lattice-best-path.cc:99) For utterance f5_086, best cost 181.846 + 4036.87 = 4218.71 over 495 frames.
f5_086 sil aa r d ah n ch ah l d ih n t eh k r ey t eh k l ae sh ih n sh f r ao l hh aa l ah d ih ng ih z sil 
LOG (lattice-best-path[5.5.1126~1-8c451]:main():lattice-best-path.cc:99) For utterance f5_091, best cost 134.772 + 2545.85 = 2680.62 over 318 frames.
f5_091 sil ih k iy jh t ae p s t r ey d hh aw n ih n hh er hh ao l w iy sil sil 
LOG (lattice-best-path[5.5.1126~1-8c451]:main():lattice-best-path.cc:99) For utterance f5_096, best cost 126.931 + 2646.46 = 2773.39 over 334 frames.
f5_096 sil hh ih s eh n d ah p aa r sh er sh aa k sil dh iy k ae s s sil sil 
LOG (lattice-best-path[5.5.1126~1-8c451]:main():lattice-best-path.cc:99) For utterance f5_101, best cost 115.693 + 2551.59 = 2667.28 over 302 frames.
f5_101 sil f ae s t dh iy s k r uw ih n ih r l eh k t ae n d sil sil 
LOG (lattice-best-path[5.5.1126~1-8c451]:main():lattice-best-path.cc:99) For utterance f5_106, best cost 132.011 + 3176.98 = 3308.99 over 388 frames.
f5_106 sil t r eh s p eh s ih ng ih s f r er b ih n ah n s ah g ih t iy sil sil 
LOG (lattice-best-path[5.5.1126~1-8c451]:main():lattice-best-path.cc:99) For utterance f5_111, best cost 127.224 + 2495.38 = 2622.6 over 318 frames.
f5_111 sil aa r d ih f ih sh l ah n t eh l ah jh ah n z ih z f er iy ng l sil 
LOG (lattice-best-path[5.5.1126~1-8c451]:main():lattice-best-path.cc:99) For utterance f5_116, best cost 125.295 + 2609.44 = 2734.73 over 326 frames.
f5_116 sil b iy p l ae n t ih b eh l d ih n uw b eh v f r ih ng t sil sil 
LOG (lattice-best-path[5.5.1126~1-8c451]:main():lattice-best-path.cc:99) For utterance f5_121, best cost 205.712 + 3931.96 = 4137.68 over 496 frames.
f5_121 sil s ay n t ih k ah t p r aa g r eh s k ah m s f r ah m n dh iy d ah d eh l m ah n ih n ih n t ih z sil sil sil 
LOG (lattice-best-path[5.5.1126~1-8c451]:main():lattice-best-path.cc:99) For utterance f5_126, best cost 198.652 + 3448.42 = 3647.07 over 451 frames.
f5_126 sil w ih ch l ao m aa r d ah k ah l w ao z ow k p ey k ah n iy d uw d k l er f ih k ey sh ah n sil sil 
LOG (lattice-best-path[5.5.1126~1-8c451]:main():lattice-best-path.cc:99) For utterance f5_131, best cost 182.881 + 2929.3 = 3112.18 over 403 frames.
f5_131 sil sil k r eh k t ih k s iy k y uw sh ah n ah z m ay n s t r ah k sh ah n z ah s k r ah sh eh l sil 
LOG (lattice-best-path[5.5.1126~1-8c451]:main():lattice-best-path.cc:99) For utterance f5_136, best cost 145.398 + 2811.03 = 2956.43 over 370 frames.
f5_136 sil dh iy s k iy t ah z ih g z ih s t ih n b ao r m hh k l ay m ah t s sil 
LOG (lattice-best-path[5.5.1126~1-8c451]:main():lattice-best-path.cc:99) For utterance f5_141, best cost 95.5292 + 3017.37 = 3112.9 over 366 frames.
f5_141 sil ah n t er w ih th dh iy p eh r z t r iy s er z sil 
LOG (lattice-best-path[5.5.1126~1-8c451]:main():lattice-best-path.cc:99) For utterance f5_146, best cost 136.2 + 3416.03 = 3552.23 over 398 frames.
f5_146 sil sil hh er ao p er g hh eh r ah m ay n d t ih m dh iy f ao t ah n z sil 
LOG (lattice-best-path[5.5.1126~1-8c451]:main():lattice-best-path.cc:99) For utterance f5_151, best cost 95.9897 + 2595.81 = 2691.79 over 304 frames.
f5_151 sil dh iy k hh ay ae t n k aw n dh iy b ay y uw sil 
LOG (lattice-best-path[5.5.1126~1-8c451]:main():lattice-best-path.cc:99) For utterance f5_156, best cost 205.278 + 4045.44 = 4250.72 over 500 frames.
f5_156 sil w eh v er k w aa p r iy k t s ah n f ay n ih ng n n n ae n s k ae m iy eh l ah b iy er w ao r d ah d sil 
LOG (lattice-best-path[5.5.1126~1-8c451]:main():lattice-best-path.cc:99) For utterance f5_161, best cost 116.814 + 3479.56 = 3596.37 over 443 frames.
f5_161 sil dh iy f ah b eh r l iy s y uw p s n ow v f l er iy z sil 
LOG (lattice-best-path[5.5.1126~1-8c451]:main():lattice-best-path.cc:99) For utterance f5_166, best cost 119.953 + 2759.5 = 2879.46 over 336 frames.
f5_166 sil dh iy k ae t s m ae l ao l w ey z f er t s m ay iy er z sil 
LOG (lattice-best-path[5.5.1126~1-8c451]:main():lattice-best-path.cc:99) For utterance f5_171, best cost 149.305 + 2805.02 = 2954.32 over 374 frames.
f5_171 sil ih s t r oy iy eh v er iy f ay l b r l ey d ih t uw m ay ao t ah t s sil 
LOG (lattice-best-path[5.5.1126~1-8c451]:main():lattice-best-path.cc:99) For utterance f5_176, best cost 101.665 + 2272.84 = 2374.51 over 282 frames.
f5_176 sil sil dh iy ih n jh oy ey ow ah n ay ae d t ih sh ah n sil 
LOG (lattice-best-path[5.5.1126~1-8c451]:main():lattice-best-path.cc:99) For utterance f5_181, best cost 201.942 + 3729.44 = 3931.38 over 465 frames.
f5_181 sil sil d eh l ah ch ow n ah n ch ah d ah p oy d uw k s p ow zh er t uw k ah n t iy jh ih s t ih z iy z ah z sil 
LOG (lattice-best-path[5.5.1126~1-8c451]:main():lattice-best-path.cc:99) For utterance f5_186, best cost 115.154 + 3009.11 = 3124.26 over 352 frames.
f5_186 sil sil iy f ih n ay ey k y ah m ah n ey b l uw n z sil sil 
LOG (lattice-best-path[5.5.1126~1-8c451]:main():lattice-best-path.cc:99) For utterance f5_191, best cost 143.763 + 3196.64 = 3340.41 over 383 frames.
f5_191 sil m ay k ah l k aa l ah d dh iy b eh d er m m ao l w ih k k r ay ah n z sil 
LOG (lattice-best-path[5.5.1126~1-8c451]:main():lattice-best-path.cc:99) For utterance f5_196, best cost 165.45 + 3298.95 = 3464.4 over 428 frames.
f5_196 sil dh iy s er m ah n eh m th dh iy s ay z t dh ih n iy f er f er m ah n ah v ae k sh ah n sil 
LOG (lattice-best-path[5.5.1126~1-8c451]:main():lattice-best-path.cc:99) For utterance f5_201, best cost 169.56 + 3190.49 = 3360.05 over 415 frames.
f5_201 sil sil k ao r ey p ae k dh iy p r aa jh ah t dh iy p ae k s t r ih jh ch er m ah n ey sh ah n sil 
LOG (lattice-best-path[5.5.1126~1-8c451]:main():lattice-best-path.cc:99) For utterance f5_206, best cost 142.697 + 3569.11 = 3711.81 over 417 frames.
f5_206 sil sil s t ae th ae n d ah l d ah s ay k ah l aa jh ah b ah l t r aa m ah sil 
LOG (lattice-best-path[5.5.1126~1-8c451]:main():lattice-best-path.cc:99) For utterance f5_211, best cost 110.387 + 2758.75 = 2869.14 over 329 frames.
f5_211 sil hh ay ow ey er d f r iy l iy m iy n s ey n ae ng sil 
LOG (lattice-best-path[5.5.1126~1-8c451]:main():lattice-best-path.cc:99) For utterance f5_216, best cost 128.339 + 3187.75 = 3316.09 over 379 frames.
f5_216 sil ah d aa k t er w ao z ah n dh iy ae m b y ah l er dh iy p ey sh ah n sil 
LOG (lattice-best-path[5.5.1126~1-8c451]:main():lattice-best-path.cc:99) For utterance f5_221, best cost 133.511 + 2669.76 = 2803.27 over 339 frames.
f5_221 sil hh aw t iy n sh ah n z ih z ih s ah b w ey ae s k ah l iy d er sil sil 
LOG (lattice-best-path[5.5.1126~1-8c451]:main():lattice-best-path.cc:99) For utterance f5_226, best cost 142.878 + 2963 = 3105.88 over 364 frames.
f5_226 sil dh iy k ao r jh ah s p ah t ah p l ay t ey t ah v l aa t ah p eh k t er sil sil 
LOG (lattice-best-path[5.5.1126~1-8c451]:main():lattice-best-path.cc:99) For utterance f5_231, best cost 119.811 + 2357.3 = 2477.11 over 302 frames.
f5_231 sil b iy uh r ow p ah n t eh v er iy m ah n ey iy v n ih ng sil 
LOG (lattice-best-path[5.5.1126~1-8c451]:main():lattice-best-path.cc:99) For utterance f5_236, best cost 138.559 + 2887.75 = 3026.31 over 356 frames.
f5_236 sil hh aa l w oy l iy g y uw l ay k y ah s ae l ah jh eh s ih ng sil sil sil 
LOG (lattice-best-path[5.5.1126~1-8c451]:main():lattice-best-path.cc:99) For utterance f5_241, best cost 168.499 + 3106.11 = 3274.61 over 406 frames.
f5_241 sil dh iy jh ao p r ey t s p ay y uw z ih ng ae n t ay g ih n ih s t ih k m ao s ah l z sil 
LOG (lattice-best-path[5.5.1126~1-8c451]:main():lattice-best-path.cc:99) For utterance f5_246, best cost 96.7165 + 2918.22 = 3014.93 over 340 frames.
f5_246 sil dh ae ng g r iy b oy iy ae m ah p ae p sil sil 
LOG (lattice-best-path[5.5.1126~1-8c451]:main():lattice-best-path.cc:99) For utterance f5_251, best cost 214.339 + 3884.48 = 4098.82 over 520 frames.
f5_251 sil t er f r eh dh er iy s p er s t iy sh iy k ey jh ah n l iy r iy d f p ah w ao l z t r iy jh er n ah l sil sil 
LOG (lattice-best-path[5.5.1126~1-8c451]:main():lattice-best-path.cc:99) For utterance f5_256, best cost 187.793 + 3404.79 = 3592.59 over 433 frames.
f5_256 sil p l ae n k eh r hh er d w ao r b ah n ih z ey sh ah n z p r ah m ah l p er th k k ah n t er ah l sil 
LOG (lattice-best-path[5.5.1126~1-8c451]:main():lattice-best-path.cc:99) For utterance f5_261, best cost 169.588 + 3099.71 = 3269.3 over 410 frames.
f5_261 sil w eh dh er p r uw v k l aa sh ah z aa r b eh r y iy s k ah l ah n s iy ae d ah l sil 
LOG (lattice-best-path[5.5.1126~1-8c451]:main():lattice-best-path.cc:99) For utterance f5_266, best cost 113.758 + 2539.83 = 2653.59 over 333 frames.
f5_266 sil sh ih jh er ae s p iy k ae p t ah n s w ao l z uw z sil 
LOG (lattice-best-path[5.5.1126~1-8c451]:main():lattice-best-path.cc:99) For utterance f5_271, best cost 128.293 + 2536.36 = 2664.65 over 314 frames.
f5_271 sil ah m iy b ih z t ch ey n ch sh ey p k aa n s ah l iy sil sil 
LOG (lattice-best-path[5.5.1126~1-8c451]:main():lattice-best-path.cc:99) For utterance f5_276, best cost 129.562 + 2523.66 = 2653.22 over 321 frames.
f5_276 sil ih ch ow z w uw f y uw w ih l w uh k ah m n jh eh n er ah l z sil 
LOG (lattice-best-path[5.5.1126~1-8c451]:main():lattice-best-path.cc:99) For utterance f5_281, best cost 259.555 + 4641.32 = 4900.87 over 565 frames.
f5_281 sil sil m ay ay er z ah s eh m p ah l k ih t m ih ng w ah n n f ao r m ah v k eh r k r ae f k aa n dh d s ah b jh ih t sil sil sil 
LOG (lattice-best-path[5.5.1126~1-8c451]:main():lattice-best-path.cc:99) For utterance f5_286, best cost 120.832 + 2403.27 = 2524.1 over 319 frames.
f5_286 sil ae t d aa m ch iy s ih s k ae k s m er s ah l ah s l iy sil 
LOG (lattice-best-path[5.5.1126~1-8c451]:main():lattice-best-path.cc:99) For utterance f5_291, best cost 140.163 + 2871.07 = 3011.23 over 368 frames.
f5_291 sil ah l ah dh er hh ae m b ae g w ih b iy ah s uw d uw p ah l g ae f sil 
LOG (lattice-best-path[5.5.1126~1-8c451]:main():lattice-best-path.cc:99) For utterance f5_296, best cost 242.381 + 4673.71 = 4916.09 over 575 frames.
f5_296 sil sil hh aw l w uw s iy d ih d jh ow ah n ah p oy m ah n ah n dh iy b ay l ah ch iy ah n ey n jh iy n ih r ah n d ah p er m ah n s sil 
LOG (lattice-best-path[5.5.1126~1-8c451]:main():lattice-best-path.cc:99) For utterance f5_301, best cost 165.218 + 3448.42 = 3613.63 over 425 frames.
f5_301 sil sil t aa t p l ey z t aa p r iy er d iy ah n t eh d ih ng ih z b ay k t eh k s t sil 
LOG (lattice-best-path[5.5.1126~1-8c451]:main():lattice-best-path.cc:99) For utterance f5_306, best cost 165.417 + 3593.89 = 3759.3 over 433 frames.
f5_306 sil sil dh iy d aa r k m er k y uw l ah g ih m m aa n d er r aa n f r ah m ay ah l z sil 
LOG (lattice-best-path[5.5.1126~1-8c451]:main():lattice-best-path.cc:99) For utterance f5_311, best cost 174.438 + 3799.64 = 3974.08 over 458 frames.
f5_311 sil sil dh iy f r ay t n ch ay l d w ih z t eh d uw d b ay z b ih g b r ah p t er sil sil 
LOG (lattice-best-path[5.5.1126~1-8c451]:main():lattice-best-path.cc:99) For utterance f5_316, best cost 223.464 + 3460.64 = 3684.11 over 457 frames.
f5_316 sil dh iy p r iy s k ah l eh k ah d n w ih f er b l ay s er f y ah l ih ng z b aa p iy m er z d k ae n d ih sh ah n z sil sil 
LOG (lattice-best-path[5.5.1126~1-8c451]:main():lattice-best-path.cc:99) For utterance f5_321, best cost 138.878 + 3048.67 = 3187.55 over 377 frames.
f5_321 sil ah l eh er w ao z ah p oy n t iy t ae k s k y uw hh er w ah l sil sil 
LOG (lattice-best-path[5.5.1126~1-8c451]:main():lattice-best-path.cc:99) For utterance f5_326, best cost 203.379 + 3334.2 = 3537.58 over 481 frames.
f5_326 sil dh iy s ih s t ah n m ey b r ey k k aw n s ih n s ih s ey g er f ay l z f r iy k w ih t l iy sil sil sil 
LOG (lattice-best-path[5.5.1126~1-8c451]:main():lattice-best-path.cc:99) For utterance f5_331, best cost 200.217 + 3873.6 = 4073.81 over 487 frames.
f5_331 sil sil dh iy k eh n m ah n k ae t t uw z b ih k w ao r n er d ih g eh m p oy n f r ih th r iy aa aw er z sil 
LOG (lattice-best-path[5.5.1126~1-8c451]:main():lattice-best-path.cc:99) For utterance f5_336, best cost 177.902 + 3232.69 = 3410.59 over 396 frames.
f5_336 sil dh ae t n ow oy s p r aa p n n g r ih z m n w ao r ah n oy ih ng iy ch t d ey iy sil 
LOG (lattice-best-path[5.5.1126~1-8c451]:main():lattice-best-path.cc:99) For utterance f5_341, best cost 160.967 + 3372.55 = 3533.52 over 420 frames.
f5_341 sil sil w ih m ah n m ey n eh v er dh iy k ah m k ah m p l iy t l iy k ah l d s ah n ah n sil 
LOG (lattice-best-path[5.5.1126~1-8c451]:main():lattice-best-path.cc:99) For utterance f5_346, best cost 127.363 + 2835.73 = 2963.09 over 360 frames.
f5_346 sil w iy l uh l k ah m ay n iy n y uw s t uw d n s iy ch iy er sil 
LOG (lattice-best-path[5.5.1126~1-8c451]:main():lattice-best-path.cc:99) For utterance f5_351, best cost 112.787 + 2663.58 = 2776.36 over 341 frames.
f5_351 sil w ih ch ch er sh t uw p s n ah s w er s ih p ae n sil 
LOG (lattice-best-path[5.5.1126~1-8c451]:main():lattice-best-path.cc:99) For utterance f5_361, best cost 147.206 + 2812.02 = 2959.22 over 372 frames.
f5_361 sil t ih n t iy k s sh iy l ih t s ih s iy m uw v iy z t ay s uw l iy k sil 
LOG (lattice-best-path[5.5.1126~1-8c451]:main():lattice-best-path.cc:99) For utterance f5_366, best cost 163.601 + 3165.57 = 3329.17 over 405 frames.
f5_366 sil hh er b ao r d r er p ah n s ih s ah b ow n l iy s k r ih t s ah m b l ao s ah z sil 
LOG (lattice-best-path[5.5.1126~1-8c451]:main():lattice-best-path.cc:99) For utterance f5_371, best cost 140.682 + 3376.24 = 3516.92 over 396 frames.
f5_371 sil ay d r ay d dh iy s ah b oy p ah n ah hh ae b n z ah n ah ch ey n jh sil 
LOG (lattice-best-path[5.5.1126~1-8c451]:main():lattice-best-path.cc:99) For utterance f5_376, best cost 141.52 + 2931.74 = 3073.26 over 351 frames.
f5_376 sil uw dh iy k aa r b ih jh g eh er ch ah d l aa r jh m ah n d ih l sil sil 
LOG (lattice-best-path[5.5.1126~1-8c451]:main():lattice-best-path.cc:99) For utterance f5_381, best cost 185.995 + 3412.91 = 3598.91 over 463 frames.
f5_381 sil w eh n t uw f ih n ih jh k r iy s iy n y uw ch ey n b iy sh er dh iy w aa sh s p eh r l iy sil 
LOG (lattice-best-path[5.5.1126~1-8c451]:main():lattice-best-path.cc:99) For utterance f5_386, best cost 148.719 + 3238.59 = 3387.3 over 421 frames.
f5_386 sil dh iy k r ae b ch eh l ah n jh d ih k s t ae b th ih ng g w ih sh t ae m sil 
LOG (lattice-best-path[5.5.1126~1-8c451]:main():lattice-best-path.cc:99) For utterance f5_391, best cost 127.761 + 2485.52 = 2613.28 over 321 frames.
f5_391 sil iy t t s ae d sh er l iy th b ay n z ah b ih g f aa n sil 
LOG (lattice-best-path[5.5.1126~1-8c451]:main():lattice-best-path.cc:99) For utterance f5_396, best cost 219.239 + 3822.11 = 4041.35 over 518 frames.
f5_396 sil dh iy ae t t er ch ay z ih ng n p er s s ah dh eh v k ah m ah th b er ay t iy s t ao r n eh v er ch ey n jh ah z sil 
LOG (lattice-best-path[5.5.1126~1-8c451]:main():lattice-best-path.cc:99) For utterance f5_401, best cost 189.865 + 2967.63 = 3157.49 over 394 frames.
f5_401 sil t aa m ah s t ih n s ah l aa r zh er k l ae m p s ao l z t dh iy p r aa b ah l m sil sil f sil 
LOG (lattice-best-path[5.5.1126~1-8c451]:main():lattice-best-path.cc:99) For utterance f5_406, best cost 203.41 + 3984.36 = 4187.77 over 512 frames.
f5_406 sil dh iy f ih k ae l m f ao r s ih z n ih r l iy ow v er w ao l m b ay t t eh s ch eh l m d ih z iy z sil 
LOG (lattice-best-path[5.5.1126~1-8c451]:main():lattice-best-path.cc:99) For utterance f5_411, best cost 191.951 + 3443.03 = 3634.98 over 433 frames.
f5_411 sil ih z m iy z ih sh ah n z hh aa r m l ae t sil ih z m y ah m ah n ay z m aa r m b ah l ah s l iy sil 
LOG (lattice-best-path[5.5.1126~1-8c451]:main():lattice-best-path.cc:99) For utterance f5_416, best cost 139.157 + 2929.63 = 3068.78 over 339 frames.
f5_416 sil sil eh p t ih p aa k iy w ao z k aa t er r eh d hh ae n d ah d sil sil 
LOG (lattice-best-path[5.5.1126~1-8c451]:main():lattice-best-path.cc:99) For utterance f5_421, best cost 127.117 + 2647.62 = 2774.74 over 332 frames.
f5_421 sil hh ih s p eh t ah k aa s t uw m z er k w ay k k ah l ah f ah l sil 
LOG (lattice-best-path[5.5.1126~1-8c451]:main():lattice-best-path.cc:99) For utterance f5_431, best cost 187.81 + 3445.93 = 3633.74 over 427 frames.
f5_431 sil sil b aa n p aa f er ao r g m ah n z ey sh ah n z eh k p r iy k ah t p aa n r iy z er z sil sil 
LOG (lattice-best-path[5.5.1126~1-8c451]:main():lattice-best-path.cc:99) For utterance f5_436, best cost 175.76 + 3182.44 = 3358.2 over 405 frames.
f5_436 sil sil sil hh er p s p er s t ey f r iy k ah n m ey k r ih z ah m b ae ng s k ih v ih ng sil sil 
LOG (lattice-best-path[5.5.1126~1-8c451]:main():lattice-best-path.cc:99) For utterance f5_441, best cost 124.292 + 2553.04 = 2677.33 over 325 frames.
f5_441 sil r aa k ah n m ow m y uw z ih k ae z ah g r ey g r eh b ah m sil 
LOG (lattice-best-path[5.5.1126~1-8c451]:main():lattice-best-path.cc:99) For utterance f5_446, best cost 125.648 + 3207.71 = 3333.36 over 398 frames.
f5_446 sil dh iy s b iy t s ah m p ow z iy m ay b iy g ae n ah m ah n d iy sil 
LOG (lattice-best-path[5.5.1126~1-8c451]:main():lattice-best-path.cc:99) For utterance f5_451, best cost 218.873 + 4076.36 = 4295.23 over 533 frames.
f5_451 sil ch ah l d r uw sil sil ch ah l d ih t f ah n s ih m m ah n iy f r uw r ah l ah p s n m ah n s ih d ih ng sil sil 
LOG (lattice-best-path[5.5.1126~1-8c451]:main():lattice-best-path.cc:99) For utterance f5_456, best cost 175.694 + 3333.27 = 3508.97 over 434 frames.
f5_456 sil ah m l ao s t ih g z ae d b ah l aa n dh iy p aa k th r uw ao t ah z k aa r d ah n sil sil 
LOG (lattice-best-path[5.5.1126~1-8c451]:main():lattice-best-path.cc:99) For utterance m1_001, best cost 77.4795 + 1855.1 = 1932.58 over 200 frames.
m1_001 ih s w ao z iy z iy f er ae s 
LOG (lattice-best-path[5.5.1126~1-8c451]:main():lattice-best-path.cc:99) For utterance m1_006, best cost 125.544 + 3542.1 = 3667.64 over 381 frames.
m1_006 sil l ay y eh l aa r ao r y ao r f r ah s ah l iy ay d ah m z 
LOG (lattice-best-path[5.5.1126~1-8c451]:main():lattice-best-path.cc:99) For utterance m1_011, best cost 117.691 + 3119.26 = 3236.95 over 308 frames.
m1_011 sil s m ah n y uh r ao aa r m ah s hh ay eh zh ah t ae n sil 
LOG (lattice-best-path[5.5.1126~1-8c451]:main():lattice-best-path.cc:99) For utterance m1_016, best cost 153.114 + 3314.24 = 3467.35 over 374 frames.
m1_016 ae l ow m ow n iy hh ay m t ah jh ah v f ao r s d m ae n s w eh l f sil 
LOG (lattice-best-path[5.5.1126~1-8c451]:main():lattice-best-path.cc:99) For utterance m1_021, best cost 121.782 + 3169.75 = 3291.53 over 323 frames.
m1_021 sil ow n l iy l ow l eh r s l ah v m ih l iy ah m eh r z 
LOG (lattice-best-path[5.5.1126~1-8c451]:main():lattice-best-path.cc:99) For utterance m1_026, best cost 111.777 + 3122.81 = 3234.59 over 326 frames.
m1_026 sil d ow ch uw ch aa r l iy z t er d iy g ih sh ah z s 
LOG (lattice-best-path[5.5.1126~1-8c451]:main():lattice-best-path.cc:99) For utterance m1_031, best cost 178.496 + 3738.02 = 3916.52 over 415 frames.
m1_031 sil b aa r v z g ow l b r ih z l ih t w ao z ah g r eh jh oy ih sh ah b p r eh z ah n 
LOG (lattice-best-path[5.5.1126~1-8c451]:main():lattice-best-path.cc:99) For utterance m1_036, best cost 150.789 + 3448.66 = 3599.45 over 379 frames.
m1_036 dh ae s k ah p ow l k ah n b iy ae n ah n er t ae n ih ng k s p w ao r t 
LOG (lattice-best-path[5.5.1126~1-8c451]:main():lattice-best-path.cc:99) For utterance m1_041, best cost 162.579 + 3414.79 = 3577.37 over 398 frames.
m1_041 sil dh ae m b ah d eh k s t r ah s t p ih k p aa p ah t s ah k aa p w ih sh m ao r sil 
LOG (lattice-best-path[5.5.1126~1-8c451]:main():lattice-best-path.cc:99) For utterance m1_046, best cost 141.513 + 3884.05 = 4025.56 over 421 frames.
m1_046 sil dh iy p r ao l er w ao r s k iy m ae s k f ao r d t s k ae ay z sil 
LOG (lattice-best-path[5.5.1126~1-8c451]:main():lattice-best-path.cc:99) For utterance m1_051, best cost 181.139 + 3990.72 = 4171.86 over 421 frames.
m1_051 sil eh n iy k aa n k r iy b iy ih sh ah n ah b l ow b iy g r ey t l iy ah v p r ih sh ey t ah d 
LOG (lattice-best-path[5.5.1126~1-8c451]:main():lattice-best-path.cc:99) For utterance m1_056, best cost 194.214 + 4357.85 = 4552.06 over 496 frames.
m1_056 sil l ae s sh y er z g ae sh sh ao r uw jh k aa z s t iy t p r ay s ih k ih n k r iy s ah z sil 
LOG (lattice-best-path[5.5.1126~1-8c451]:main():lattice-best-path.cc:99) For utterance m1_061, best cost 153.087 + 3559.91 = 3713 over 422 frames.
m1_061 k l ih s t ih s p l ay iy w ao z m ih z p l ey s t aa n dh iy s k r iy n sil 
LOG (lattice-best-path[5.5.1126~1-8c451]:main():lattice-best-path.cc:99) For utterance m1_066, best cost 148.005 + 3404.14 = 3552.15 over 365 frames.
m1_066 sil b aa p t er z p er s k r ay b d r ay d k s t t uw f r y uw l iy 
LOG (lattice-best-path[5.5.1126~1-8c451]:main():lattice-best-path.cc:99) For utterance m1_071, best cost 211.658 + 4974.49 = 5186.15 over 544 frames.
m1_071 k w aa p er ey sh ah n ah l l aa ng w ih f ow n d er s t ae n ih ng ih l iy v iy ey p d ih s p y uw d 
LOG (lattice-best-path[5.5.1126~1-8c451]:main():lattice-best-path.cc:99) For utterance m1_076, best cost 109.759 + 3330.06 = 3439.82 over 355 frames.
m1_076 sil dh iy f ih ng k er ah z ah f ih ng m ah s k eh l ch er sil 
LOG (lattice-best-path[5.5.1126~1-8c451]:main():lattice-best-path.cc:99) For utterance m1_081, best cost 158.995 + 3627.15 = 3786.15 over 397 frames.
m1_081 m eh s k er r ey p aa r t iy z t ae k s w aa n z ih m eh jh ah n ih sh ah n sil 
LOG (lattice-best-path[5.5.1126~1-8c451]:main():lattice-best-path.cc:99) For utterance m1_086, best cost 227.664 + 5053.35 = 5281.02 over 555 frames.
m1_086 sil k ih n d er g r aa r d ah n ch ih l d ah n t eh k er ey p er k l ae sh f r ah m z f er k ao l hh ao l ah d ey z sil 
LOG (lattice-best-path[5.5.1126~1-8c451]:main():lattice-best-path.cc:99) For utterance m1_091, best cost 147.752 + 3672.15 = 3819.9 over 365 frames.
m1_091 ah hh y uw jh t ae p ih sh t r iy hh aa n dh ih n d k er hh aa l w ey sil 
LOG (lattice-best-path[5.5.1126~1-8c451]:main():lattice-best-path.cc:99) For utterance m1_096, best cost 129.23 + 3519.65 = 3648.88 over 359 frames.
m1_096 hh ih s ah v ah n t ah p aa r ch er sh sh aa p dh iy k ae s t 
LOG (lattice-best-path[5.5.1126~1-8c451]:main():lattice-best-path.cc:99) For utterance m1_101, best cost 111.61 + 2969.6 = 3081.21 over 310 frames.
m1_101 sil k l ae s t dh iy s k r uw ih n er l ae f s hh ae n sil 
LOG (lattice-best-path[5.5.1126~1-8c451]:main():lattice-best-path.cc:99) For utterance m1_106, best cost 191.584 + 4010.06 = 4201.65 over 432 frames.
m1_106 sil sil t r ah s t p ae s ih ng ih z f r er b ih t ah n n ah n t s ah b jh eh k t uw p eh n ah l d iy sil 
LOG (lattice-best-path[5.5.1126~1-8c451]:main():lattice-best-path.cc:99) For utterance m1_111, best cost 128.204 + 3037.13 = 3165.33 over 358 frames.
m1_111 sil aa r d er f ih sh ah l ah n t eh l ah jh ah n s ih z f er r iy l sil 
LOG (lattice-best-path[5.5.1126~1-8c451]:main():lattice-best-path.cc:99) For utterance m1_116, best cost 131.633 + 3262.06 = 3393.69 over 369 frames.
m1_116 w iy p l ae n t uw b ih l ih n uw b eh v er jh p ay ae d z 
LOG (lattice-best-path[5.5.1126~1-8c451]:main():lattice-best-path.cc:99) For utterance m1_121, best cost 217.981 + 5202.77 = 5420.75 over 552 frames.
m1_121 s ay n t ih f ih k p r aw er r ah s k ah m z f r ah m dh iy d ih v eh l m ah b ah v ih n d t eh k l iy k s 
LOG (lattice-best-path[5.5.1126~1-8c451]:main():lattice-best-path.cc:99) For utterance m1_126, best cost 187.158 + 3965 = 4152.16 over 458 frames.
m1_126 w ih ch l aa n ao r d ih k ah l w ao z ah p ey k ih n iy d y uw g k l eh r f k ey sh ah n sil 
LOG (lattice-best-path[5.5.1126~1-8c451]:main():lattice-best-path.cc:99) For utterance m1_131, best cost 185.381 + 4158.68 = 4344.06 over 438 frames.
m1_131 sil k er ih k p r eh k s ih k y uw sh ah n ah th m ay n jh p r ah sh ah n z ih s k r uw ch ah l sil 
LOG (lattice-best-path[5.5.1126~1-8c451]:main():lattice-best-path.cc:99) For utterance m1_136, best cost 168.804 + 3039.91 = 3208.71 over 373 frames.
m1_136 sil m s k y d ow z ih g z ih s t ih n w ao r m k ih m ih b k l ay m ah t s 
LOG (lattice-best-path[5.5.1126~1-8c451]:main():lattice-best-path.cc:99) For utterance m1_141, best cost 150.422 + 3735.14 = 3885.56 over 385 frames.
m1_141 sil r ih m uw v ih s p l ah n jh er w ih f ah p eh r ah v p f w iy z er z sil 
LOG (lattice-best-path[5.5.1126~1-8c451]:main():lattice-best-path.cc:99) For utterance m1_146, best cost 184.102 + 4631.11 = 4815.21 over 474 frames.
m1_146 sil p er k ao b er n ah hh eh er r m ay n d ih z ah hh ih m ah v ao t ah m l iy iy t s 
LOG (lattice-best-path[5.5.1126~1-8c451]:main():lattice-best-path.cc:99) For utterance m1_151, best cost 110.786 + 3100.28 = 3211.07 over 332 frames.
m1_151 sil uw g uh k dh iy k ay ae k dh ow m dh iy b ay y uw sil 
LOG (lattice-best-path[5.5.1126~1-8c451]:main():lattice-best-path.cc:99) For utterance m1_156, best cost 185.081 + 4633.6 = 4818.68 over 528 frames.
m1_156 sil w eh v er k w aa p er iy t s ah n f ay n ih ng n ae n s k ae m iy ow b y uw w ao r d ah d 
LOG (lattice-best-path[5.5.1126~1-8c451]:main():lattice-best-path.cc:99) For utterance m1_161, best cost 173.741 + 4278.39 = 4452.13 over 477 frames.
m1_161 sil dh iy k ah d b eh r l iy s iy v ih f y uw ao r jh f r uw dh ah s ah n ah l f l er iy z sil 
LOG (lattice-best-path[5.5.1126~1-8c451]:main():lattice-best-path.cc:99) For utterance m1_166, best cost 129.716 + 3486.09 = 3615.81 over 380 frames.
m1_166 sil dh iy k ae t s m iy aw l w ey z f er t m ay iy iy r z 
LOG (lattice-best-path[5.5.1126~1-8c451]:main():lattice-best-path.cc:99) For utterance m1_171, best cost 160.737 + 3658.68 = 3819.41 over 411 frames.
m1_171 sil d ih s t r oy ey eh v er iy f ay l w er l ey d ih ch uw m ay ao t ah t s sil 
LOG (lattice-best-path[5.5.1126~1-8c451]:main():lattice-best-path.cc:99) For utterance m1_176, best cost 103.24 + 3382.17 = 3485.41 over 331 frames.
m1_176 sil dh ey jh oy iy ah t w eh n ay er aa r jh ih sh ah n sil 
LOG (lattice-best-path[5.5.1126~1-8c451]:main():lattice-best-path.cc:99) For utterance m1_181, best cost 213.601 + 4324.52 = 4538.12 over 502 frames.
m1_181 sil y ah ng ch ih l d er ah n ch uw t ah v f ao r d ih k s p ow sh er t uw k ah n t ey jh ih z d ih z iy z ah z 
LOG (lattice-best-path[5.5.1126~1-8c451]:main():lattice-best-path.cc:99) For utterance m1_186, best cost 136.246 + 3750.36 = 3886.6 over 402 frames.
m1_186 sil iy v ah n ay ah k ey sh ah n ah l iy g uw p ah m ah n d ey b l uw z 
LOG (lattice-best-path[5.5.1126~1-8c451]:main():lattice-best-path.cc:99) For utterance m1_191, best cost 153.054 + 3849.5 = 4002.55 over 418 frames.
m1_191 sil m ay k ah l k aa l er d dh iy b eh b er ow n w ao l k k r ay aa n z 
LOG (lattice-best-path[5.5.1126~1-8c451]:main():lattice-best-path.cc:99) For utterance m1_196, best cost 165.593 + 4420.85 = 4586.44 over 488 frames.
m1_196 sil dh iy s er m ah n eh m f ah s ay z th ih n iy d f er f er m ah d ih v ae k sh ah n sil 
LOG (lattice-best-path[5.5.1126~1-8c451]:main():lattice-best-path.cc:99) For utterance m1_201, best cost 184.224 + 4045.59 = 4229.81 over 453 frames.
m1_201 sil sil k ao r iy ah t ae t p ah p r aa jh eh k w ih th ae k s t r ih d ih z t er m ah n ey sh ah n sil 
LOG (lattice-best-path[5.5.1126~1-8c451]:main():lattice-best-path.cc:99) For utterance m1_206, best cost 172.927 + 3585.92 = 3758.84 over 414 frames.
m1_206 sil s t eh f k ah d b eh r l iy hh ae n d ah l dh iy s ay k ah l aa jh ih k ah l t r aa m ah 
LOG (lattice-best-path[5.5.1126~1-8c451]:main():lattice-best-path.cc:99) For utterance m1_211, best cost 131.817 + 3844.36 = 3976.18 over 398 frames.
m1_211 sil p ay r w ey iy ah n f r iy w ey ih n iy n dh iy s ih ng f ih ng 
LOG (lattice-best-path[5.5.1126~1-8c451]:main():lattice-best-path.cc:99) For utterance m1_216, best cost 146.824 + 3857.72 = 4004.54 over 430 frames.
m1_216 sil ih z aa ch er w ao z ih n dh iy ae m y ah l ah n t s w ih th dh iy p ey sh ah n z 
LOG (lattice-best-path[5.5.1126~1-8c451]:main():lattice-best-path.cc:99) For utterance m1_221, best cost 142.544 + 3355.66 = 3498.21 over 367 frames.
m1_221 sil hh aw w iy n sh ah n s ah z d ih z s ah b w ey eh s k ah l ey d er sil 
LOG (lattice-best-path[5.5.1126~1-8c451]:main():lattice-best-path.cc:99) For utterance m1_226, best cost 141.6 + 3543.31 = 3684.91 over 388 frames.
m1_226 sil dh iy g ao r jh ih z b ow t er f w oy ey t ah l aa t ah v n ah ch er sil 
LOG (lattice-best-path[5.5.1126~1-8c451]:main():lattice-best-path.cc:99) For utterance m1_236, best cost 118.413 + 3205.77 = 3324.19 over 355 frames.
m1_236 hh aw w oy l iy d iy l ay k ih s eh l ah jh er s ih ng 
LOG (lattice-best-path[5.5.1126~1-8c451]:main():lattice-best-path.cc:99) For utterance m1_241, best cost 192.153 + 3646.72 = 3838.87 over 452 frames.
m1_241 sil dh iy jh aa l p er ey t s p ay y uw z ih ng iy ae n t t ay k ih n ih s t ih k m ae s ah l z 
LOG (lattice-best-path[5.5.1126~1-8c451]:main():lattice-best-path.cc:99) For utterance m1_246, best cost 152.028 + 3939.5 = 4091.52 over 395 frames.
m1_246 dh iy ae ih ng r iy b oy iy ae n ch er d ah t d ih v ah n w uh k g ow p 
LOG (lattice-best-path[5.5.1126~1-8c451]:main():lattice-best-path.cc:99) For utterance m1_251, best cost 214.67 + 4927.34 = 5142.01 over 561 frames.
m1_251 sil jh ih f er ih th er d ih z p er s t iy sh y ih k ey sh ah n l iy r iy d s t ah b ao l s t r iy jh er n ah l sil 
LOG (lattice-best-path[5.5.1126~1-8c451]:main():lattice-best-path.cc:99) For utterance m1_256, best cost 186.902 + 4152.96 = 4339.86 over 461 frames.
m1_256 sil p ay n jh p eh er hh er d ao r ih n ah z ey sh ah n z p er m ow p b er f k ah n t r ow l sil 
LOG (lattice-best-path[5.5.1126~1-8c451]:main():lattice-best-path.cc:99) For utterance m1_261, best cost 183.845 + 4041.56 = 4225.41 over 450 frames.
m1_261 sil w ih th ah b p r uw v k ah l aa sh ah z aa r v er er iy y uw s f ah l ah n s iy aw t ah l sil 
LOG (lattice-best-path[5.5.1126~1-8c451]:main():lattice-best-path.cc:99) For utterance m1_266, best cost 133.74 + 3718.63 = 3852.37 over 395 frames.
m1_266 sil sh uh d jh er ae f s p iy k ae t t t ah n s m ao l s uw z 
LOG (lattice-best-path[5.5.1126~1-8c451]:main():lattice-best-path.cc:99) For utterance m1_271, best cost 118.887 + 2856.33 = 2975.22 over 320 frames.
m1_271 sil ah m iy g ih s ch ey n sh sh ey p k aa n t s ah l iy sil 
LOG (lattice-best-path[5.5.1126~1-8c451]:main():lattice-best-path.cc:99) For utterance m1_276, best cost 140.011 + 2826.06 = 2966.07 over 322 frames.
m1_276 sil ah k ch ow z ah n f y uw w ih l g dh iy k ah m n jh ae n er ah l z 
LOG (lattice-best-path[5.5.1126~1-8c451]:main():lattice-best-path.cc:99) For utterance m1_281, best cost 252.12 + 5017.55 = 5269.67 over 591 frames.
m1_281 sil m ay d ih z s ay er z aa r s ah m p ah l g ih v m iy w aa n ah n f ao r m ah t ah v p eh er r ae f aa n dh iy s ah b jh eh k sil 
LOG (lattice-best-path[5.5.1126~1-8c451]:main():lattice-best-path.cc:99) For utterance m1_286, best cost 132.716 + 3129.65 = 3262.37 over 359 frames.
m1_286 b ae t d aa t ch ey s ih z k ae t s m er s ah l ah s l iy 
LOG (lattice-best-path[5.5.1126~1-8c451]:main():lattice-best-path.cc:99) For utterance m1_291, best cost 155.493 + 3738.76 = 3894.25 over 403 frames.
m1_291 dh iy l eh dh er hh ae n v ey d w uh d b iy ah s s uw b ah l p iy ah f sil 
LOG (lattice-best-path[5.5.1126~1-8c451]:main():lattice-best-path.cc:99) For utterance m1_296, best cost 254.011 + 4957.83 = 5211.84 over 592 frames.
m1_296 ae l d w er s iy v z ah d jh oy d ah p oy m m ah n ah n dh iy b ay aa l ah jh iy ah n ah n jh ah n ih r iy n d ah t aa r t m ah n s 
LOG (lattice-best-path[5.5.1126~1-8c451]:main():lattice-best-path.cc:99) For utterance m1_301, best cost 179.772 + 4223.62 = 4403.39 over 494 frames.
m1_301 sil t aa b p l ey z t aa p r ay er ao r d iy ah n g ih t ih ng ih z b ay k f ey k s s 
LOG (lattice-best-path[5.5.1126~1-8c451]:main():lattice-best-path.cc:99) For utterance m1_306, best cost 181.451 + 3588.06 = 3769.51 over 416 frames.
m1_306 dh iy b jh aa r p m er k y uw l ih g uw n b w aa n d er r aw m f r ah m ay l z 
LOG (lattice-best-path[5.5.1126~1-8c451]:main():lattice-best-path.cc:99) For utterance m1_311, best cost 201.297 + 5102.66 = 5303.95 over 539 frames.
m1_311 sil dh iy f r ay v n t r aw ow p w ao z jh eh n t l iy s ah b jh uw b ay hh ih z b ih d b r ah dh er sil 
LOG (lattice-best-path[5.5.1126~1-8c451]:main():lattice-best-path.cc:99) For utterance m1_316, best cost 248.965 + 5415.56 = 5664.52 over 631 frames.
m1_316 sil dh iy p p r iy s k ah l er k r ih d ah n p er b ah l ay s er f y ah l ih ng d ah b aa th iy ah m er jh ah n s iy k ih n d ih sh ah n z 
LOG (lattice-best-path[5.5.1126~1-8c451]:main():lattice-best-path.cc:99) For utterance m1_321, best cost 151.535 + 3602.4 = 3753.93 over 412 frames.
m1_321 sil ah l er iy er w ao z ah p oy n t ah d t ey ae k s ih k y uw d hh er w ih l 
LOG (lattice-best-path[5.5.1126~1-8c451]:main():lattice-best-path.cc:99) For utterance m1_326, best cost 196.91 + 4473.09 = 4670 over 542 frames.
m1_326 sil dh iy s ih s t ah m m ey b r ey k d aw m z s uw n s ah s ey g er f ay l z f r iy k ah b l iy sil 
LOG (lattice-best-path[5.5.1126~1-8c451]:main():lattice-best-path.cc:99) For utterance m1_331, best cost 213.262 + 4941.1 = 5154.37 over 556 frames.
m1_331 sil dh iy g ah m ah n k ae t p ih z f ih k t m k ao r m er b ah t g ah m p ao r d f er f r iy aw ao r z 
LOG (lattice-best-path[5.5.1126~1-8c451]:main():lattice-best-path.cc:99) For utterance m1_336, best cost 188.068 + 4154.65 = 4342.72 over 475 frames.
m1_336 sil dh ae t n oy z p r aa b l ah m n g ow z d g r ow z m ao r n oy ih ng iy ch t d ey 
LOG (lattice-best-path[5.5.1126~1-8c451]:main():lattice-best-path.cc:99) For utterance m1_341, best cost 188.805 + 4099.27 = 4288.08 over 455 frames.
m1_341 sil w ih m ah n m ey n eh v er v b iy k aw m m k ah m p l iy dh iy iy k ah l t t ah m ae n sil sil 
LOG (lattice-best-path[5.5.1126~1-8c451]:main():lattice-best-path.cc:99) For utterance m1_346, best cost 134.273 + 3008.84 = 3143.11 over 346 frames.
m1_346 w iy b l ow k ah m m ah n iy n ih n z d ah d ah n s iy ch iy er sil 
LOG (lattice-best-path[5.5.1126~1-8c451]:main():lattice-best-path.cc:99) For utterance m1_351, best cost 118.271 + 3504.43 = 3622.7 over 372 frames.
m1_351 sil w ih jh ch er jh d uw dh iy s m ih s w er sh ih p ih n sil 
LOG (lattice-best-path[5.5.1126~1-8c451]:main():lattice-best-path.cc:99) For utterance m1_356, best cost 112.723 + 3049.39 = 3162.12 over 338 frames.
m1_356 dh ey ao l l ay k ah l aa ng hh aa ch sh aw er z 
LOG (lattice-best-path[5.5.1126~1-8c451]:main():lattice-best-path.cc:99) For utterance m1_361, best cost 158.237 + 3310.47 = 3468.71 over 383 frames.
m1_361 t ih n t ey z sh iy l ih th t ah s iy m uw v iy s ch w oy s uw w iy iy sil 
LOG (lattice-best-path[5.5.1126~1-8c451]:main():lattice-best-path.cc:99) For utterance m1_366, best cost 177.056 + 3773.42 = 3950.48 over 444 frames.
m1_366 sil hh er w ao r jh er ah b k ae n s ih s ah v ah b ah l l iy s k er t s ah m b l ao s ah z 
LOG (lattice-best-path[5.5.1126~1-8c451]:main():lattice-best-path.cc:99) For utterance m1_371, best cost 158.371 + 3693.64 = 3852.01 over 409 frames.
m1_371 sil ah ay d r ay d dh iy s ah b w ey b ae k ae f ah n t ah n ah f ch ey n sh 
LOG (lattice-best-path[5.5.1126~1-8c451]:main():lattice-best-path.cc:99) For utterance m1_376, best cost 164.058 + 3850.85 = 4014.91 over 432 frames.
m1_376 sil m uw v dh iy g aa r b ah jh s n ih er ih dh iy l aa r ch w ih n d ow sil sil 
LOG (lattice-best-path[5.5.1126~1-8c451]:main():lattice-best-path.cc:99) For utterance m1_381, best cost 189.117 + 4428.88 = 4618 over 508 frames.
m1_381 sil w ow n ch uw f ah n ih sh k r iy s ih ng y er ch ey n b iy sh er jh uw w ao sh s er l iy 
LOG (lattice-best-path[5.5.1126~1-8c451]:main():lattice-best-path.cc:99) For utterance m1_386, best cost 194.83 + 4195.15 = 4389.98 over 461 frames.
m1_386 ah k r ae b ch aw n jh s m iy b uh d ah k w ih k s t ae b f ay ng k w ih sh ch ae m sil 
LOG (lattice-best-path[5.5.1126~1-8c451]:main():lattice-best-path.cc:99) For utterance m1_391, best cost 142.763 + 3651.67 = 3794.43 over 386 frames.
m1_391 sil iy ch sh s t ae g sh er l iy f ay n z ah b ih g f ao l ao n 
LOG (lattice-best-path[5.5.1126~1-8c451]:main():lattice-best-path.cc:99) For utterance m1_396, best cost 210.721 + 4588.12 = 4798.85 over 528 frames.
m1_396 dh iy ae v er t ay z ih ng f er s ah v p l ih m ih f f er ay ah t iy s t ao r n ah f er ch ey n jh ah z sil 
LOG (lattice-best-path[5.5.1126~1-8c451]:main():lattice-best-path.cc:99) For utterance m1_401, best cost 172.731 + 3905.78 = 4078.51 over 462 frames.
m1_401 sil sil t aa m ah s f ih ng s ah l aa r jh er k l ae m p s ao l t s ah p r aa b l ah m 
LOG (lattice-best-path[5.5.1126~1-8c451]:main():lattice-best-path.cc:99) For utterance m1_406, best cost 242.336 + 5574.76 = 5817.09 over 617 frames.
m1_406 sil dh iy th ih k ey t ow n m f ao er z p w ao z t m y ih r l iy g ow v er w eh ow m b ay b ae ch uw ow n d z iy z sil 
LOG (lattice-best-path[5.5.1126~1-8c451]:main():lattice-best-path.cc:99) For utterance m1_411, best cost 149.914 + 3420.37 = 3570.28 over 395 frames.
m1_411 sil v ow z m y uw z ih sh ah n z hh aa r m ah l ay z m aa r f ah l ah s l iy 
LOG (lattice-best-path[5.5.1126~1-8c451]:main():lattice-best-path.cc:99) For utterance m1_416, best cost 131.545 + 3939.65 = 4071.19 over 408 frames.
m1_416 sil dh ae t p ih k p aa k ih t ah s k aa t r eh d hh ae n d ih d sil 
LOG (lattice-best-path[5.5.1126~1-8c451]:main():lattice-best-path.cc:99) For utterance m1_421, best cost 146.558 + 3213.34 = 3359.9 over 363 frames.
m1_421 sil ih z b ae n ih k k aa s t uw m t er k w oy k k ah l ah f ah l sil sil 
LOG (lattice-best-path[5.5.1126~1-8c451]:main():lattice-best-path.cc:99) For utterance m1_426, best cost 198.55 + 4581.89 = 4780.44 over 507 frames.
m1_426 dh iy iy z iy g ow oy m n z uw w ao l ah jh ih z k w er l ae k s t er ah p dh iy v w oy ey jh 
LOG (lattice-best-path[5.5.1126~1-8c451]:main():lattice-best-path.cc:99) For utterance m1_431, best cost 194.021 + 4119.33 = 4313.35 over 467 frames.
m1_431 sil b aa m p r aa f ih p ao r ih n ah z ey sh ah n z hh ah v f r iy p ah n th p aa n b r ih z er z sil 
LOG (lattice-best-path[5.5.1126~1-8c451]:main():lattice-best-path.cc:99) For utterance m1_436, best cost 193.014 + 4410.86 = 4603.87 over 482 frames.
m1_436 sil b er b z b er k dh ey iy t f r iy p ah m dh iy ah k er ah z aa n f ay ng s k y ah v ih ng 
LOG (lattice-best-path[5.5.1126~1-8c451]:main():lattice-best-path.cc:99) For utterance m1_441, best cost 137.313 + 3246.39 = 3383.71 over 358 frames.
m1_441 sil r aa k ah n r ah l m y uw z ih k ae z ih g g r ey d r dh ah m sil 
LOG (lattice-best-path[5.5.1126~1-8c451]:main():lattice-best-path.cc:99) For utterance m1_446, best cost 156.296 + 3763.62 = 3919.91 over 412 frames.
m1_446 dh iy s p iy ch s ah m p ow z iy ah m m ay k b iy g ih n aa n m ah n d ey sil 
LOG (lattice-best-path[5.5.1126~1-8c451]:main():lattice-best-path.cc:99) For utterance m1_451, best cost 188.705 + 4743.32 = 4932.02 over 513 frames.
m1_451 sil sh er d er ah n k ae n k ah n s uw m m ah n iy f r uw t b r ah l ah p s ah m ow n s ih t ih ng 
LOG (lattice-best-path[5.5.1126~1-8c451]:main():lattice-best-path.cc:99) For utterance m1_456, best cost 185.034 + 5045.49 = 5230.53 over 518 frames.
m1_456 sil ah m ao l th ih z ih g jh ae d b ah l ao ng dh iy p ae f t er aa t ow z g aa r b n sil sil 
LOG (lattice-best-path[5.5.1126~1-8c451]:main():lattice-best-path.cc:99) For utterance m3_001, best cost 83.9055 + 1730.31 = 1814.21 over 246 frames.
m3_001 sil sil dh ih s ah z iy z y uw f ao r ah s sil 
LOG (lattice-best-path[5.5.1126~1-8c451]:main():lattice-best-path.cc:99) For utterance m3_006, best cost 117.258 + 2460.08 = 2577.34 over 352 frames.
m3_006 sil w ay g ae l er w ao r iy ow v er s eh l iy ae d ah m z sil 
LOG (lattice-best-path[5.5.1126~1-8c451]:main():lattice-best-path.cc:99) For utterance m3_011, best cost 99.2849 + 2162.94 = 2262.22 over 299 frames.
m3_011 sil s w ih n y uh r aa r m ih z hh ay z iy k ae n sil 
LOG (lattice-best-path[5.5.1126~1-8c451]:main():lattice-best-path.cc:99) For utterance m3_016, best cost 148.173 + 2670.94 = 2819.11 over 351 frames.
m3_016 sil ae l ah m ow n iy hh aw er m d ah d ah v w ao r ch m ae n t w ao l p sil 
LOG (lattice-best-path[5.5.1126~1-8c451]:main():lattice-best-path.cc:99) For utterance m3_021, best cost 121.324 + 2186.71 = 2308.03 over 291 frames.
m3_021 sil sil ow n l iy l ey er z l ah b n ay ey n ih er z sil 
LOG (lattice-best-path[5.5.1126~1-8c451]:main():lattice-best-path.cc:99) For utterance m3_026, best cost 100.504 + 2092.81 = 2193.31 over 293 frames.
m3_026 sil d ow t uw ch r l iy z t er iy g ih sh ah z sil 
LOG (lattice-best-path[5.5.1126~1-8c451]:main():lattice-best-path.cc:99) For utterance m3_031, best cost 163.02 + 3122.45 = 3285.47 over 401 frames.
m3_031 sil sil b aa r b ah l b r iy s l ih w ao z g r ay t uw ey sh ah b r ah z ah m sil 
LOG (lattice-best-path[5.5.1126~1-8c451]:main():lattice-best-path.cc:99) For utterance m3_036, best cost 135.514 + 2410.63 = 2546.14 over 346 frames.
m3_036 sil b ae s k ah b aa p ah n b iy n ah n er t ih n ih ng s p w ao r t sil 
LOG (lattice-best-path[5.5.1126~1-8c451]:main():lattice-best-path.cc:99) For utterance m3_041, best cost 156.92 + 2615.32 = 2772.24 over 348 frames.
m3_041 sil eh m b ah d eh k s t er z p ih k p aa k ah t s ah k aa p ah s m ao r p n sil 
LOG (lattice-best-path[5.5.1126~1-8c451]:main():lattice-best-path.cc:99) For utterance m3_046, best cost 139.005 + 2568.81 = 2707.81 over 358 frames.
m3_046 sil dh iy p r aa l ah w ao r ah s k iy m ae s f r er d s k er ay t ah s sil 
LOG (lattice-best-path[5.5.1126~1-8c451]:main():lattice-best-path.cc:99) For utterance m3_051, best cost 155.832 + 2812.79 = 2968.62 over 388 frames.
m3_051 sil eh n iy k ah n t ah b y uw sh ah n d ah b ih g r ey t l iy ah p r ih sh ey t ah d sil 
LOG (lattice-best-path[5.5.1126~1-8c451]:main():lattice-best-path.cc:99) For utterance m3_056, best cost 162.692 + 2919.03 = 3081.73 over 421 frames.
m3_056 sil w ae s t uw z g ae sh ao r ih jh k aa ah s t iy p r ay s ih ng k r iy s ah z sil 
LOG (lattice-best-path[5.5.1126~1-8c451]:main():lattice-best-path.cc:99) For utterance m3_061, best cost 149.744 + 2419.82 = 2569.56 over 352 frames.
m3_061 sil k l ih s t ih s p l oy iy w ao z ah s t p l ey s t aa n dh iy s k r iy n sil 
LOG (lattice-best-path[5.5.1126~1-8c451]:main():lattice-best-path.cc:99) For utterance m3_066, best cost 130.043 + 2167.58 = 2297.62 over 318 frames.
m3_066 sil d ae k t ih s p er s k r ae d d er ah d s t uw f r iy g l iy sil 
LOG (lattice-best-path[5.5.1126~1-8c451]:main():lattice-best-path.cc:99) For utterance m3_071, best cost 178.425 + 3219.69 = 3398.12 over 439 frames.
m3_071 sil k w aa p r ey sh ow l ao ng z ah n er s t ae n d ih ng ah l iy g y uw g d ih s p y uw t sil 
LOG (lattice-best-path[5.5.1126~1-8c451]:main():lattice-best-path.cc:99) For utterance m3_076, best cost 106.044 + 2497.62 = 2603.66 over 319 frames.
m3_076 sil dh iy th ih ng t er z ah f ey m ah s k ah l t ch er sil 
LOG (lattice-best-path[5.5.1126~1-8c451]:main():lattice-best-path.cc:99) For utterance m3_081, best cost 153.363 + 2801.81 = 2955.18 over 363 frames.
m3_081 sil m ae s k r ey t p aa r t iy z t ae k s aa n z ah m ae d n ey sh ah sil 
LOG (lattice-best-path[5.5.1126~1-8c451]:main():lattice-best-path.cc:99) For utterance m3_086, best cost 188.065 + 3930.53 = 4118.6 over 522 frames.
m3_086 sil k ih n d er ah n ch eh ow v er n d eh k r ey d ih k l ae sh er m sh r ao hh ao l d ey z sil 
LOG (lattice-best-path[5.5.1126~1-8c451]:main():lattice-best-path.cc:99) For utterance m3_091, best cost 118.162 + 2255.41 = 2373.57 over 320 frames.
m3_091 sil ah hh y uw jh t ae p ah s t r iy hh aa n er ao l ay g sil 
LOG (lattice-best-path[5.5.1126~1-8c451]:main():lattice-best-path.cc:99) For utterance m3_096, best cost 118.14 + 2714.23 = 2832.37 over 365 frames.
m3_096 sil hh er s eh t ah n d ah p aa r t er z sh aa k ah k ae s t sil 
LOG (lattice-best-path[5.5.1126~1-8c451]:main():lattice-best-path.cc:99) For utterance m3_101, best cost 111.139 + 2433.07 = 2544.21 over 307 frames.
m3_101 sil k l ae f dh ih s t r uw ih n y ah l ao f t ae n d sil 
LOG (lattice-best-path[5.5.1126~1-8c451]:main():lattice-best-path.cc:99) For utterance m3_106, best cost 170.652 + 2596.92 = 2767.57 over 374 frames.
m3_106 sil t r eh s p ae s ih ng ih z f r er b ih t ah n ah n t s ah b ih k t uw p aw l k l iy sil 
LOG (lattice-best-path[5.5.1126~1-8c451]:main():lattice-best-path.cc:99) For utterance m3_111, best cost 128.685 + 2184.37 = 2313.06 over 322 frames.
m3_111 sil ae d ah f ih sh ah l ah n t eh l ah jh ah n s ah z f er r iy ah l sil 
LOG (lattice-best-path[5.5.1126~1-8c451]:main():lattice-best-path.cc:99) For utterance m3_116, best cost 127.078 + 2881.54 = 3008.62 over 363 frames.
m3_116 sil w iy p l ae n d ih b ih l d ah n uw b eh v er d s p l ah n t sil 
LOG (lattice-best-path[5.5.1126~1-8c451]:main():lattice-best-path.cc:99) For utterance m3_121, best cost 219.608 + 3740.9 = 3960.51 over 502 frames.
m3_121 sil s ay n t ih v ih k p r aa r g r eh s k aa n f r ah m dh ih b ah l ah m ah n t ah v n ey t eh k m ey t k s sil 
LOG (lattice-best-path[5.5.1126~1-8c451]:main():lattice-best-path.cc:99) For utterance m3_126, best cost 170.44 + 3143.67 = 3314.11 over 422 frames.
m3_126 sil w ih t s l aa n aa r d ah k ah l w ao z ah p ey g ih n ey g l er f ah k ey sh ah n sil 
LOG (lattice-best-path[5.5.1126~1-8c451]:main():lattice-best-path.cc:99) For utterance m3_131, best cost 175.678 + 2779.24 = 2954.92 over 412 frames.
m3_131 sil k r eh k t ih k s ih k y ih sh ah n ah m ay n jh t r ah sh ah n z ah z t t r ih sh ow l sil 
LOG (lattice-best-path[5.5.1126~1-8c451]:main():lattice-best-path.cc:99) For utterance m3_136, best cost 171.858 + 2814.34 = 2986.2 over 360 frames.
m3_136 sil m ih s k iy g ow z ah g z ih s t ih n w ao r m g y uw m ah k l aa n ah t sil s sil sil 
LOG (lattice-best-path[5.5.1126~1-8c451]:main():lattice-best-path.cc:99) For utterance m3_141, best cost 137.792 + 2527.34 = 2665.13 over 354 frames.
m3_141 sil r ih m uw v dh ih s p ah n jh er w ao z ah p eh r k p w iy z er z sil 
LOG (lattice-best-path[5.5.1126~1-8c451]:main():lattice-best-path.cc:99) For utterance m3_146, best cost 169.825 + 3877.97 = 4047.8 over 495 frames.
m3_146 sil hh er ao ao r n hh eh er r iy m ay n d ah d hh ah m ah v l ao aa r m l iy z 
LOG (lattice-best-path[5.5.1126~1-8c451]:main():lattice-best-path.cc:99) For utterance m3_151, best cost 124.165 + 2429.76 = 2553.93 over 315 frames.
m3_151 sil w uw ch ah v dh iy k ay ae k t b aa n dh iy b ay y uw sil sil 
LOG (lattice-best-path[5.5.1126~1-8c451]:main():lattice-best-path.cc:99) For utterance m3_156, best cost 218.698 + 3892.25 = 4110.95 over 522 frames.
m3_156 sil w ow v er k w aa p r ey t t s ah n th p ay n iy n iy ae n s k aw m ow l b iy ow b g uw w ao r d ah n d 
LOG (lattice-best-path[5.5.1126~1-8c451]:main():lattice-best-path.cc:99) For utterance m3_161, best cost 163.163 + 3189.18 = 3352.34 over 430 frames.
m3_161 sil dh iy k ah n b eh r l iy s iy t ih f y uw ao r d s t uw dh iy s ah n ow th l er iy z sil 
LOG (lattice-best-path[5.5.1126~1-8c451]:main():lattice-best-path.cc:99) For utterance m3_166, best cost 130.129 + 2703.05 = 2833.18 over 359 frames.
m3_166 sil dh iy k ae n iy ae aw w iy z hh aa r jh m ay y ih r z sil 
LOG (lattice-best-path[5.5.1126~1-8c451]:main():lattice-best-path.cc:99) For utterance m3_171, best cost 143.953 + 2638.75 = 2782.7 over 354 frames.
m3_171 sil d ih s t r ay ah v er iy f ay aw er dh iy d ah d z m ay ao t ah t s sil 
LOG (lattice-best-path[5.5.1126~1-8c451]:main():lattice-best-path.cc:99) For utterance m3_176, best cost 105.333 + 2026.18 = 2131.51 over 265 frames.
m3_176 sil dh ey n jh ao oy ey t w aa n ay ae b ih sh ah n sil 
LOG (lattice-best-path[5.5.1126~1-8c451]:main():lattice-best-path.cc:99) For utterance m3_181, best cost 217.487 + 3458.89 = 3676.37 over 455 frames.
m3_181 sil y ah ng ch eh l d er n ch uw w oy d ih k s p uh ow zh er t uw g ih n t ey d ih s t ih z iy z ah z sil sil 
LOG (lattice-best-path[5.5.1126~1-8c451]:main():lattice-best-path.cc:99) For utterance m3_186, best cost 139.276 + 2967.69 = 3106.97 over 351 frames.
m3_186 sil iy y uw ah n ay ah k ey jh ah l iy t ih p ah m ah n d ih b l uw n z sil 
LOG (lattice-best-path[5.5.1126~1-8c451]:main():lattice-best-path.cc:99) For utterance m3_191, best cost 130.142 + 3407.05 = 3537.19 over 445 frames.
m3_191 sil m ay k ah k aa l eh d dh iy b eh d er m ao l s k r ay ae n z sil 
LOG (lattice-best-path[5.5.1126~1-8c451]:main():lattice-best-path.cc:99) For utterance m3_196, best cost 169.136 + 3007.06 = 3176.2 over 432 frames.
m3_196 sil dh iy s aa r m ah n ah m z ah s ay z dh iy n iy d f er f er m er d ah b ae k sh ah n sil 
LOG (lattice-best-path[5.5.1126~1-8c451]:main():lattice-best-path.cc:99) For utterance m3_201, best cost 181.75 + 2946.64 = 3128.39 over 404 frames.
m3_201 sil k ao r iy ah t t ae k dh iy p r aa jh eh k t w ih th dh eh k s sh ih z t er m ah n ey sh ah n sil 
LOG (lattice-best-path[5.5.1126~1-8c451]:main():lattice-best-path.cc:99) For utterance m3_206, best cost 169.722 + 2921.76 = 3091.49 over 387 frames.
m3_206 sil s t ae f p ah d b eh r ah t iy hh ae n d ah l dh iy s ay k ah l aa ch ah b ah l t r aa t sil 
LOG (lattice-best-path[5.5.1126~1-8c451]:main():lattice-best-path.cc:99) For utterance m3_211, best cost 125.702 + 2542.06 = 2667.76 over 317 frames.
m3_211 sil hh ay w ey ae n f r iy w ey m iy n s ey n f ae ng sil sil 
LOG (lattice-best-path[5.5.1126~1-8c451]:main():lattice-best-path.cc:99) For utterance m3_216, best cost 137.788 + 2779.36 = 2917.15 over 367 frames.
m3_216 sil ay t t aa p t uw w ao z ah n dh ae m dh iy ow n s ah v dh iy p ey sh ah n sil 
LOG (lattice-best-path[5.5.1126~1-8c451]:main():lattice-best-path.cc:99) For utterance m3_221, best cost 125.575 + 2767.37 = 2892.95 over 334 frames.
m3_221 sil hh aw l ey n t ih n ih z ah s ah b oy eh s k ah l ey t er sil sil 
LOG (lattice-best-path[5.5.1126~1-8c451]:main():lattice-best-path.cc:99) For utterance m3_226, best cost 140.567 + 2493.16 = 2633.73 over 349 frames.
m3_226 sil dh iy b ow ao r d ih z b aa t er f w ay ey d ah l aa t n ae k t er sil 
LOG (lattice-best-path[5.5.1126~1-8c451]:main():lattice-best-path.cc:99) For utterance m3_231, best cost 119.054 + 2112.54 = 2231.59 over 286 frames.
m3_231 sil w eh r ah k ow p ah d eh v er iy m ah n d ih m ao r n ih ng sil 
LOG (lattice-best-path[5.5.1126~1-8c451]:main():lattice-best-path.cc:99) For utterance m3_236, best cost 137.459 + 2695.37 = 2832.83 over 339 frames.
m3_236 sil hh aa l w oy l iy b iy ah l ey g er s ae l ah d er ah s ih ng sil sil 
LOG (lattice-best-path[5.5.1126~1-8c451]:main():lattice-best-path.cc:99) For utterance m3_241, best cost 174.279 + 2722.08 = 2896.36 over 386 frames.
m3_241 sil dh iy d r ao aa b r iy p s p ah y iy z ih ng ih n t ay k ah n ih s t ah k m ah s ah l z sil 
LOG (lattice-best-path[5.5.1126~1-8c451]:main():lattice-best-path.cc:99) For utterance m3_246, best cost 136.691 + 2930.58 = 3067.27 over 382 frames.
m3_246 sil dh iy ae n r uw b oy ay ae n ch er d b ah t d ih m ah p r aw p sil 
LOG (lattice-best-path[5.5.1126~1-8c451]:main():lattice-best-path.cc:99) For utterance m3_251, best cost 208.266 + 3708.59 = 3916.86 over 519 frames.
m3_251 sil d ih f er dh er ih s p ah s t iy iy z sh iy k ey z ih n l iy r iy jh ah dh iy w ao l s t r iy jh er n ah l 
LOG (lattice-best-path[5.5.1126~1-8c451]:main():lattice-best-path.cc:99) For utterance m3_256, best cost 193.72 + 3523.55 = 3717.27 over 462 frames.
m3_256 sil p l ae n p ey er n hh ae d er iy n d ih z ey sh ah n z p r r ah b er th k ah n t r ao l sil sil 
LOG (lattice-best-path[5.5.1126~1-8c451]:main():lattice-best-path.cc:99) For utterance m3_261, best cost 156.463 + 2871.49 = 3027.95 over 393 frames.
m3_261 sil w ah dh iy p er s p ah l aa s ih z er f er y uw z f ah l ah n s iy aa l sil sil 
LOG (lattice-best-path[5.5.1126~1-8c451]:main():lattice-best-path.cc:99) For utterance m3_266, best cost 116.255 + 2611.37 = 2727.63 over 340 frames.
m3_266 sil sh ih jh er ae s b iy k ae k t ah n s t ow l z uw z sil 
LOG (lattice-best-path[5.5.1126~1-8c451]:main():lattice-best-path.cc:99) For utterance m3_271, best cost 122.069 + 2294.42 = 2416.49 over 302 frames.
m3_271 sil ah m iy d ih z ch ey n sh ey t k aa n ch s ah l iy sil sil 
LOG (lattice-best-path[5.5.1126~1-8c451]:main():lattice-best-path.cc:99) For utterance m3_276, best cost 137.681 + 2469.27 = 2606.95 over 319 frames.
m3_276 sil ah th y uw t ch ow z ah n th iy ow w iy k aw n jh aa n er ah l z sil 
LOG (lattice-best-path[5.5.1126~1-8c451]:main():lattice-best-path.cc:99) For utterance m3_281, best cost 248.014 + 3914.69 = 4162.71 over 543 frames.
m3_281 sil m ay n d ih z ay er n ah s ah p ah l sil g ih m iy w aa n ah n f ao r m ah t uw p eh er r ae k ah m dh iy s ah b jh er t sil sil 
LOG (lattice-best-path[5.5.1126~1-8c451]:main():lattice-best-path.cc:99) For utterance m3_286, best cost 123.764 + 2397.6 = 2521.37 over 327 frames.
m3_286 sil dh ae d d aa ch ih z ih z k ae t s m er s ao l z s l iy sil 
LOG (lattice-best-path[5.5.1126~1-8c451]:main():lattice-best-path.cc:99) For utterance m3_291, best cost 152.282 + 2793.3 = 2945.58 over 364 frames.
m3_291 sil ah l eh dh er hh ae n b ae g w ih b iy ah s uw d ah b ah l g ey ae f sil sil 
LOG (lattice-best-path[5.5.1126~1-8c451]:main():lattice-best-path.cc:99) For utterance m3_296, best cost 233.404 + 4547.13 = 4780.54 over 584 frames.
m3_296 sil hh aw ao r s iy d uw jh er t ah p oy m m ah n t ah n dh iy b y ao aw l ah jh iy ae n ah n jh n ih r iy g p aa r z sil 
LOG (lattice-best-path[5.5.1126~1-8c451]:main():lattice-best-path.cc:99) For utterance m3_301, best cost 182.56 + 3379.47 = 3562.03 over 443 frames.
m3_301 sil t aa b p l ay z t aa p r ay er d iy ae ng g ih d ih ng ih z b ay k f r ih k k s t sil sil 
LOG (lattice-best-path[5.5.1126~1-8c451]:main():lattice-best-path.cc:99) For utterance m3_306, best cost 179.26 + 3292.88 = 3472.14 over 414 frames.
m3_306 sil dh iy d aa r k m er f y uw dh iy g uw n w aa p t er r aw m sil f er m aa n ah l z sil 
LOG (lattice-best-path[5.5.1126~1-8c451]:main():lattice-best-path.cc:99) For utterance m3_311, best cost 189.412 + 3411.59 = 3601 over 473 frames.
m3_311 sil dh iy f r ay t n ch ae t ah l ah z jh ah n ah l ih s ah n jh uw b ay z b ih g b r ah dh eh er sil sil 
LOG (lattice-best-path[5.5.1126~1-8c451]:main():lattice-best-path.cc:99) For utterance m3_316, best cost 223.093 + 3918.75 = 4141.84 over 569 frames.
m3_316 sil dh iy p r iy s k ah l er k ah n g er b l ay s er f y ah l ih ng z ah b aw p iy m ao r jh ah n s iy k ah n d ih sh ah n z sil 
LOG (lattice-best-path[5.5.1126~1-8c451]:main():lattice-best-path.cc:99) For utterance m3_321, best cost 140.544 + 2549.99 = 2690.53 over 357 frames.
m3_321 sil ah l eh r w ao z ah p oy n ih n s uw eh k s ih k y uw t er w eh l sil sil 
LOG (lattice-best-path[5.5.1126~1-8c451]:main():lattice-best-path.cc:99) For utterance m3_326, best cost 192.639 + 3390.57 = 3583.21 over 464 frames.
m3_326 sil dh iy s ih s t s ah m ey b r ey g ae aa n s sh ah n s ah s ey t er f ay l s f r iy k w ah b l iy sil 
LOG (lattice-best-path[5.5.1126~1-8c451]:main():lattice-best-path.cc:99) For utterance m3_331, best cost 188.596 + 3483.42 = 3672.02 over 472 frames.
m3_331 sil dh iy g aa n m ey k ah p ih z v ih k t ah n k ao er d ah k ah m p oy d f r er th r iy aw er z sil 
LOG (lattice-best-path[5.5.1126~1-8c451]:main():lattice-best-path.cc:99) For utterance m3_336, best cost 155.525 + 2772.2 = 2927.72 over 372 frames.
m3_336 sil dh ae t n oy z p r aa b ah ng g r ow z m ao r n ow ay n iy ch d ey sil 
LOG (lattice-best-path[5.5.1126~1-8c451]:main():lattice-best-path.cc:99) For utterance m3_341, best cost 162.958 + 2902.02 = 3064.98 over 384 frames.
m3_341 sil dh iy m ah n m ah n eh v er b iy k ah ng k ah m p l ey d iy iy k w uh t t ah m ah n sil 
LOG (lattice-best-path[5.5.1126~1-8c451]:main():lattice-best-path.cc:99) For utterance m3_346, best cost 128.221 + 2711.29 = 2839.51 over 371 frames.
m3_346 sil w uw w aa p ah m m eh n iy n ih s t uw d ih n s iy ch iy er sil 
LOG (lattice-best-path[5.5.1126~1-8c451]:main():lattice-best-path.cc:99) For utterance m3_351, best cost 117.892 + 2922.01 = 3039.9 over 412 frames.
m3_351 sil sil w ih ch ch er jh dh ih s m ih s er sh er b ah n 
LOG (lattice-best-path[5.5.1126~1-8c451]:main():lattice-best-path.cc:99) For utterance m3_356, best cost 94.2319 + 2273.5 = 2367.73 over 307 frames.
m3_356 sil dh ae l l ay k l ao ng hh ay ch aw er z sil 
LOG (lattice-best-path[5.5.1126~1-8c451]:main():lattice-best-path.cc:99) For utterance m3_361, best cost 148.066 + 2688.66 = 2836.73 over 368 frames.
m3_361 sil k ae n t ey k s sh iy ah l uh d ih s iy m uw v iy z t ay s uw iy sil sil 
LOG (lattice-best-path[5.5.1126~1-8c451]:main():lattice-best-path.cc:99) For utterance m3_366, best cost 153.536 + 2748.25 = 2901.78 over 393 frames.
m3_366 sil hh er w ao r d er k ah n s ih s t s uw ah l w ih s k er k s ah n b aa s ah z 
LOG (lattice-best-path[5.5.1126~1-8c451]:main():lattice-best-path.cc:99) For utterance m3_371, best cost 153.118 + 2913.66 = 3066.78 over 389 frames.
m3_371 sil ay d r ay d dh iy s ao b oy ey b ah t ah hh aw m ah n ah f ch ey n jh sil 
LOG (lattice-best-path[5.5.1126~1-8c451]:main():lattice-best-path.cc:99) For utterance m3_376, best cost 140.409 + 2662.46 = 2802.86 over 338 frames.
m3_376 sil m uw v dh iy g aa r v er jh n ih r z ow l aa r d w ah n d ah sil 
LOG (lattice-best-path[5.5.1126~1-8c451]:main():lattice-best-path.cc:99) For utterance m3_381, best cost 172.646 + 3147.44 = 3320.09 over 453 frames.
m3_381 sil w aa n t uw f eh n ah s k r iy s ih ng er ch ey n d ih sh er t er w aa s p er ow t l iy sil 
LOG (lattice-best-path[5.5.1126~1-8c451]:main():lattice-best-path.cc:99) For utterance m3_386, best cost 171.261 + 3025.58 = 3196.84 over 425 frames.
m3_386 sil ah k r ae b k ae l ah n z m iy n b ah t ih k w ih k s t ae v eh n g w ih sh t ah n 
LOG (lattice-best-path[5.5.1126~1-8c451]:main():lattice-best-path.cc:99) For utterance m3_391, best cost 128.763 + 2182 = 2310.76 over 314 frames.
m3_391 sil iy t s t ae d sh er l iy f ay n t uw b ih g f l ao m 
LOG (lattice-best-path[5.5.1126~1-8c451]:main():lattice-best-path.cc:99) For utterance m3_396, best cost 177.857 + 3393.88 = 3571.74 over 482 frames.
m3_396 sil dh iy ae t ay z ih ng p er s ah p l ah n dh iy f er ay d iy s t ao r n eh v er ch ey n jh ah z sil 
LOG (lattice-best-path[5.5.1126~1-8c451]:main():lattice-best-path.cc:99) For utterance m3_401, best cost 159.239 + 2807.49 = 2966.73 over 378 frames.
m3_401 sil t aa m ah s eh n s ah l aa r jh er k l ay ah ch sh ao l s ah p r aa p ah l sil sil 
LOG (lattice-best-path[5.5.1126~1-8c451]:main():lattice-best-path.cc:99) For utterance m3_406, best cost 196.047 + 3657.19 = 3853.24 over 493 frames.
m3_406 sil dh iy f ih k aw n f ao r ah s f ah z n ih r l iy ow v er w eh l m b ah d eh ch aa m z ih z iy z sil 
LOG (lattice-best-path[5.5.1126~1-8c451]:main():lattice-best-path.cc:99) For utterance m3_411, best cost 151.04 + 2582.46 = 2733.5 over 345 frames.
m3_411 sil sil dh ow z n y uw z ih sh ah n z hh aa m ay z m aa r b ah l z ah l ah sil 
LOG (lattice-best-path[5.5.1126~1-8c451]:main():lattice-best-path.cc:99) For utterance m3_416, best cost 129.322 + 2500.11 = 2629.43 over 322 frames.
m3_416 sil b ae t t eh t p aa k uw w ao z k aa g r eh d hh ae n d ah d sil 
LOG (lattice-best-path[5.5.1126~1-8c451]:main():lattice-best-path.cc:99) For utterance m3_421, best cost 119.087 + 2178.9 = 2297.99 over 309 frames.
m3_421 sil ih s p eh n ih k aa s t ah n z er k w ay k aa l er f ao l sil 
LOG (lattice-best-path[5.5.1126~1-8c451]:main():lattice-best-path.cc:99) For utterance m3_426, best cost 162.471 + 3321.62 = 3484.09 over 420 frames.
m3_426 sil dh iy iy z iy g ow ah n z aa l ah jh ih s t r ih l ae k s t er ah b ah b oy ih jh sil 
LOG (lattice-best-path[5.5.1126~1-8c451]:main():lattice-best-path.cc:99) For utterance m3_431, best cost 173.427 + 2957.5 = 3130.93 over 422 frames.
m3_431 sil n aa n p r aa v r ao r ih n ih z ey sh ah n s eh v f r iy g ah n f ah n r ih z er z sil 
LOG (lattice-best-path[5.5.1126~1-8c451]:main():lattice-best-path.cc:99) For utterance m3_436, best cost 171.892 + 2776.6 = 2948.49 over 390 frames.
m3_436 sil sil hh er er v b er th ey f r iy k uh m ey k er ih z ah m b ih g z k ih v ih ng sil 
LOG (lattice-best-path[5.5.1126~1-8c451]:main():lattice-best-path.cc:99) For utterance m3_441, best cost 135.423 + 2833.95 = 2969.38 over 381 frames.
m3_441 sil r aa k ah n m ow n iy uw z ih k ae z ih g r ey g r eh t ah m sil 
LOG (lattice-best-path[5.5.1126~1-8c451]:main():lattice-best-path.cc:99) For utterance m3_446, best cost 141.709 + 2791.86 = 2933.57 over 355 frames.
m3_446 sil dh iy s p iy t s ah m b ow z iy ah m ay t b iy g ae n ah m ah n d eh t sil 
LOG (lattice-scale[5.5.1126~1-8c451]:main():lattice-scale.cc:107) Done 363 lattices.
LOG (lattice-best-path[5.5.1126~1-8c451]:main():lattice-best-path.cc:99) For utterance m3_451, best cost 182.156 + 3369.66 = 3551.82 over 472 frames.
m3_451 sil ch l ow v er m k ih ng d ih n s uw m ah n iy f er g r ah l ow t s ah n w ah n s ih d ih ng sil 
LOG (lattice-add-penalty[5.5.1126~1-8c451]:main():lattice-add-penalty.cc:62) Done adding word insertion penalty to 363 lattices.
LOG (lattice-best-path[5.5.1126~1-8c451]:main():lattice-best-path.cc:99) For utterance m3_456, best cost 165.124 + 3138.01 = 3303.14 over 429 frames.
m3_456 sil sil ah m ao s t ih g z ae g ah l ao ng dh iy p ae f t er aa t ow z g aa r d ah n sil 
LOG (lattice-best-path[5.5.1126~1-8c451]:main():lattice-best-path.cc:124) Overall cost per frame is 8.76778 = 0.390754 [graph] + 8.37703 [acoustic] over 144532 frames.
LOG (lattice-best-path[5.5.1126~1-8c451]:main():lattice-best-path.cc:128) Done 363 lattices, failed for 0
# Accounting: time=5 threads=1
# Ended (code 0) at Mon Apr 29 13:55:44 EEST 2024, elapsed time 5 seconds
