# lattice-scale --inv-acoustic-scale=5 "ark:gunzip -c ./exp/tri_bg/decode_dnn/lat.*.gz|" ark:- | lattice-add-penalty --word-ins-penalty=0.5 ark:- ark:- | lattice-best-path --word-symbol-table=./exp/tri_bg/graph/words.txt ark:- ark,t:- | utils/int2sym.pl -f 2- ./exp/tri_bg/graph/words.txt | cat > ./exp/tri_bg/decode_dnn/scoring_kaldi/penalty_0.5/5.txt 
# Started at Mon Apr 29 13:55:44 EEST 2024
#
lattice-scale --inv-acoustic-scale=5 'ark:gunzip -c ./exp/tri_bg/decode_dnn/lat.*.gz|' ark:- 
lattice-best-path --word-symbol-table=./exp/tri_bg/graph/words.txt ark:- ark,t:- 
lattice-add-penalty --word-ins-penalty=0.5 ark:- ark:- 
LOG (lattice-best-path[5.5.1126~1-8c451]:main():lattice-best-path.cc:99) For utterance f1_001, best cost 70.9378 + 476.269 = 547.206 over 237 frames.
f1_001 sil ih s w ih z iy s iy f er aw s sil 
LOG (lattice-best-path[5.5.1126~1-8c451]:main():lattice-best-path.cc:99) For utterance f1_006, best cost 105.601 + 594.91 = 700.511 over 338 frames.
f1_006 sil w ay ey l er w ao r iy ow v er s ah l iy ay d ah m z sil 
LOG (lattice-best-path[5.5.1126~1-8c451]:main():lattice-best-path.cc:99) For utterance f1_011, best cost 79.1195 + 622.676 = 701.795 over 306 frames.
f1_011 sil s w iy aa r ah z hh ay z iy k aw n sil 
LOG (lattice-best-path[5.5.1126~1-8c451]:main():lattice-best-path.cc:99) For utterance f1_016, best cost 121.683 + 611.454 = 733.137 over 336 frames.
f1_016 sil ae l m ow n iy hh ay er z ah d ih f ao r s k ae n s w eh l sil 
LOG (lattice-best-path[5.5.1126~1-8c451]:main():lattice-best-path.cc:99) For utterance f1_021, best cost 81.2867 + 589.799 = 671.086 over 290 frames.
f1_021 sil ah l iy l ey er z aa n ah n er sil s sil 
LOG (lattice-best-path[5.5.1126~1-8c451]:main():lattice-best-path.cc:99) For utterance f1_026, best cost 98.3282 + 566.135 = 664.463 over 305 frames.
f1_026 sil d ow n t uw ch er l iy z t er d iy d ih sh ah z sil 
LOG (lattice-best-path[5.5.1126~1-8c451]:main():lattice-best-path.cc:99) For utterance f1_031, best cost 148.88 + 687.59 = 836.471 over 395 frames.
f1_031 sil aa r k s k ah l p er iy s l ah w ao z ah g r eh jh uw ey sh ah n er ih z ah n sil 
LOG (lattice-best-path[5.5.1126~1-8c451]:main():lattice-best-path.cc:99) For utterance f1_036, best cost 120.827 + 635.798 = 756.625 over 353 frames.
f1_036 sil dh eh s k ah b aa th ih n dh iy ae n t er t ey ng s w ao r t sil 
LOG (lattice-best-path[5.5.1126~1-8c451]:main():lattice-best-path.cc:99) For utterance f1_041, best cost 146.915 + 623.23 = 770.145 over 363 frames.
f1_041 sil ae n d ih d ae sh ih z p ih k p aa p ah t uw k aa m p l ih sh ah n ao aw er sil 
LOG (lattice-best-path[5.5.1126~1-8c451]:main():lattice-best-path.cc:99) For utterance f1_046, best cost 114.624 + 672.418 = 787.043 over 373 frames.
f1_046 sil dh iy p r aa l ao r s t iy m ae s k p er d ih s k ae z sil 
LOG (lattice-best-path[5.5.1126~1-8c451]:main():lattice-best-path.cc:99) For utterance f1_051, best cost 139.831 + 742.523 = 882.354 over 398 frames.
f1_051 sil ah n iy k aw n t uw dh ey sh ah n z ah l iy g r iy l iy p r ey sh ey t ah d sil 
LOG (lattice-best-path[5.5.1126~1-8c451]:main():lattice-best-path.cc:99) For utterance f1_056, best cost 139.777 + 740.466 = 880.243 over 439 frames.
f1_056 sil w eh s t er z g ae sh er ch k ow s t iy p r ey s ih ng k r iy s ah z sil 
LOG (lattice-best-path[5.5.1126~1-8c451]:main():lattice-best-path.cc:99) For utterance f1_061, best cost 121.102 + 621.772 = 742.874 over 359 frames.
f1_061 sil k ow s t ih s p oy l ih z ih z p l ey s aa n s k r ey n sil 
LOG (lattice-best-path[5.5.1126~1-8c451]:main():lattice-best-path.cc:99) For utterance f1_066, best cost 116.613 + 492.833 = 609.446 over 309 frames.
f1_066 sil dh ae k t er z p er z k r ay g r ah k s t uw f r iy l iy sil 
LOG (lattice-best-path[5.5.1126~1-8c451]:main():lattice-best-path.cc:99) For utterance f1_071, best cost 155.373 + 765.573 = 920.947 over 436 frames.
f1_071 sil k w aa p r ey sh n ah l ah f eh n er s t ae n d ih ng l iy v iy t uw s p iy t sil 
LOG (lattice-best-path[5.5.1126~1-8c451]:main():lattice-best-path.cc:99) For utterance f1_076, best cost 98.6753 + 559.073 = 657.749 over 313 frames.
f1_076 sil dh ih th ih ng g er ih z ah v ey n ah s k aa ch er sil 
LOG (lattice-best-path[5.5.1126~1-8c451]:main():lattice-best-path.cc:99) For utterance f1_081, best cost 139.783 + 621.562 = 761.345 over 360 frames.
f1_081 sil m ae s k r ey p aa r d iy s hh aa k s ah n t ih n ah jh ah n ey sh ah n sil 
LOG (lattice-best-path[5.5.1126~1-8c451]:main():lattice-best-path.cc:99) For utterance f1_086, best cost 190.245 + 884.376 = 1074.62 over 522 frames.
f1_086 sil aa r d uw ch eh l d ah n t eh k r ey b eh k l ae s er m z f er hh aa k ao l aa l ah d ey z sil 
LOG (lattice-best-path[5.5.1126~1-8c451]:main():lattice-best-path.cc:99) For utterance f1_091, best cost 112.118 + 592.168 = 704.286 over 327 frames.
f1_091 sil iy ch t ae p ih s t r iy hh aa n ih ng r m ao l ay d sil 
LOG (lattice-best-path[5.5.1126~1-8c451]:main():lattice-best-path.cc:99) For utterance f1_096, best cost 101.015 + 603.86 = 704.875 over 339 frames.
f1_096 sil ih s ao k aa r jh er s sh aa k ah k ae p s sil 
LOG (lattice-best-path[5.5.1126~1-8c451]:main():lattice-best-path.cc:99) For utterance f1_101, best cost 97.3263 + 526.619 = 623.946 over 300 frames.
f1_101 sil l ae s t ah s k er ah n ih r l eh p t ae n sil 
LOG (lattice-best-path[5.5.1126~1-8c451]:main():lattice-best-path.cc:99) For utterance f1_106, best cost 142.082 + 683.821 = 825.903 over 388 frames.
f1_106 sil t r eh s t eh s ih n ih z f er b ih n ah n s ah t eh k t ah p aa n t iy sil 
LOG (lattice-best-path[5.5.1126~1-8c451]:main():lattice-best-path.cc:99) For utterance f1_111, best cost 114.419 + 560.823 = 675.242 over 329 frames.
f1_111 sil aa r d ih f ih sh ow n t eh l ah jh ah n s ih z f er iy l sil 
LOG (lattice-best-path[5.5.1126~1-8c451]:main():lattice-best-path.cc:99) For utterance f1_116, best cost 119.5 + 597.938 = 717.439 over 323 frames.
f1_116 sil w iy p l iy s ah b ae l d ih n uw b eh v er jh p l ae n t sil 
LOG (lattice-best-path[5.5.1126~1-8c451]:main():lattice-best-path.cc:99) For utterance f1_121, best cost 151.302 + 925.856 = 1077.16 over 494 frames.
f1_121 sil s ay n t uw dh iy p r ae g r ae s k ah n ch ah n ah z ah b aa l ah m ah n ih s sil 
LOG (lattice-best-path[5.5.1126~1-8c451]:main():lattice-best-path.cc:99) For utterance f1_126, best cost 150.795 + 763.82 = 914.615 over 432 frames.
f1_126 sil w ih sh ao n aa r d ih k ah l ih z ah p ey t ih n iy t k aa r f ih k ey sh ah n sil 
LOG (lattice-best-path[5.5.1126~1-8c451]:main():lattice-best-path.cc:99) For utterance f1_131, best cost 169.872 + 685.03 = 854.901 over 419 frames.
f1_131 sil p r eh k ae t s ih k y ih sh ah n ae f m ay n sh t r ah sh ah n z ah z k r ih sh ah l sil 
LOG (lattice-best-path[5.5.1126~1-8c451]:main():lattice-best-path.cc:99) For utterance f1_136, best cost 126.381 + 657.969 = 784.349 over 352 frames.
f1_136 sil dh iy s t iy ah z ih g z ih s ah n ao r d iy m ah k l ay m ah n s sil 
LOG (lattice-best-path[5.5.1126~1-8c451]:main():lattice-best-path.cc:99) For utterance f1_141, best cost 102.439 + 694.766 = 797.205 over 364 frames.
f1_141 sil r uw th ih s p l ah n t er dh iy p eh r f ey t er z sil 
LOG (lattice-best-path[5.5.1126~1-8c451]:main():lattice-best-path.cc:99) For utterance f1_146, best cost 129.007 + 734.972 = 863.979 over 381 frames.
f1_146 sil p er ao p er ah n hh aw er m ay n t ah n ah f l aa t ah m l iy z sil 
LOG (lattice-best-path[5.5.1126~1-8c451]:main():lattice-best-path.cc:99) For utterance f1_151, best cost 75.0746 + 703.023 = 778.098 over 325 frames.
f1_151 sil dh iy p ay ae k aw n ah b ay y uw sil 
LOG (lattice-best-path[5.5.1126~1-8c451]:main():lattice-best-path.cc:99) For utterance f1_156, best cost 180.887 + 898.765 = 1079.65 over 482 frames.
f1_156 sil w eh v er k w aa p r ey t s ih n f ay n ih n ae n s k aw n iy ao l b iy er w ao r d ah d sil 
LOG (lattice-best-path[5.5.1126~1-8c451]:main():lattice-best-path.cc:99) For utterance f1_161, best cost 160.351 + 821.625 = 981.976 over 455 frames.
f1_161 n sil dh iy k ah d eh r l iy s iy t ih f y ao r s t uw dh iy s m eh l f l er iy z sil 
LOG (lattice-best-path[5.5.1126~1-8c451]:main():lattice-best-path.cc:99) For utterance f1_166, best cost 115.045 + 600.626 = 715.671 over 335 frames.
f1_166 sil dh iy k ae t s ah n iy aw t ao l ey z hh er s m ay iy er z sil 
LOG (lattice-best-path[5.5.1126~1-8c451]:main():lattice-best-path.cc:99) For utterance f1_171, best cost 151.108 + 666.209 = 817.317 over 379 frames.
f1_171 sil dh iy s t r ay ae v er iy f sil f ay ow v er l iy d ih t s m ay ao t ih s sil 
LOG (lattice-best-path[5.5.1126~1-8c451]:main():lattice-best-path.cc:99) For utterance f1_176, best cost 64.7677 + 539.711 = 604.478 over 262 frames.
f1_176 sil ey n jh oy l ae b ih sh ah n sil 
LOG (lattice-best-path[5.5.1126~1-8c451]:main():lattice-best-path.cc:99) For utterance f1_181, best cost 178.84 + 833.351 = 1012.19 over 466 frames.
f1_181 sil dh iy ah n t ow sh ah n sh ah d ah b oy d ih k s p ow t er d ih k ah n t ey d ih z d ih z iy z ah z sil 
LOG (lattice-best-path[5.5.1126~1-8c451]:main():lattice-best-path.cc:99) For utterance f1_186, best cost 120.373 + 678.316 = 798.689 over 346 frames.
f1_186 sil iy v n ay ay k ey sh ah l iy t ah t ah m ah n d iy b l uw z sil 
LOG (lattice-best-path[5.5.1126~1-8c451]:main():lattice-best-path.cc:99) For utterance f1_191, best cost 115.188 + 723.319 = 838.507 over 373 frames.
f1_191 sil m ay k ah l k aa t ah dh iy b ae g er m ao r ay aa n z sil 
LOG (lattice-best-path[5.5.1126~1-8c451]:main():lattice-best-path.cc:99) For utterance f1_196, best cost 154.73 + 765.494 = 920.224 over 428 frames.
f1_196 sil dh iy s er m ah n eh m f ah s ay s ih n iy t f er f er m d ah b aa k sh ah n sil 
LOG (lattice-best-path[5.5.1126~1-8c451]:main():lattice-best-path.cc:99) For utterance f1_201, best cost 154.523 + 775.225 = 929.747 over 424 frames.
f1_201 sil k ao r ey t ae k dh iy p r ae sh eh k ah b ay sh uh d z ah t er m ah n ey sh ah n sil 
LOG (lattice-best-path[5.5.1126~1-8c451]:main():lattice-best-path.cc:99) For utterance f1_206, best cost 133.579 + 972.024 = 1105.6 over 476 frames.
f1_206 sil s t ae k ah d er l iy hh ae n t ah l dh iy s ay k ah l aa ch aa m ah sil 
LOG (lattice-best-path[5.5.1126~1-8c451]:main():lattice-best-path.cc:99) For utterance f1_211, best cost 109.72 + 655.225 = 764.944 over 338 frames.
f1_211 sil hh ay l iy n t r iy m ey t n iy n s ey n b eh ng sil 
LOG (lattice-best-path[5.5.1126~1-8c451]:main():lattice-best-path.cc:99) For utterance f1_216, best cost 133.706 + 666.06 = 799.765 over 365 frames.
f1_216 sil dh iy d ae k t er b ih z m iy ah n b y ah l ah n z ah dh iy p ey sh ah n t sil 
LOG (lattice-best-path[5.5.1126~1-8c451]:main():lattice-best-path.cc:99) For utterance f1_221, best cost 111.533 + 565.578 = 677.111 over 312 frames.
f1_221 sil hh ae l iy t uw ih z ih s ah b oy ey eh s k ah l ey er sil 
LOG (lattice-best-path[5.5.1126~1-8c451]:main():lattice-best-path.cc:99) For utterance f1_226, best cost 124.636 + 697.165 = 821.801 over 376 frames.
f1_226 sil dh iy p ao r d ih z b aa t er f l ay t iy d ah l aa n ae k er sil 
LOG (lattice-best-path[5.5.1126~1-8c451]:main():lattice-best-path.cc:99) For utterance f1_231, best cost 100.822 + 575.191 = 676.013 over 300 frames.
f1_231 sil w eh r ow p ah n eh v er iy m ah n d ay iy n ih ng sil 
LOG (lattice-best-path[5.5.1126~1-8c451]:main():lattice-best-path.cc:99) For utterance f1_236, best cost 112.868 + 658.519 = 771.386 over 358 frames.
f1_236 sil hh aw oy l iy t iy l ey t ih s ae l ah jh er ah s ih ng sil 
LOG (lattice-best-path[5.5.1126~1-8c451]:main():lattice-best-path.cc:99) For utterance f1_241, best cost 138.942 + 778.502 = 917.444 over 433 frames.
f1_241 sil ih jh aa p r iy th b ay iy z ae n t ae k ah n ah s t ih m ah s ah l z sil 
LOG (lattice-best-path[5.5.1126~1-8c451]:main():lattice-best-path.cc:99) For utterance f1_246, best cost 98.7977 + 753.661 = 852.459 over 347 frames.
f1_246 sil dh ey m ey b oy ey n s er t ah t ih k aa p sil 
LOG (lattice-best-path[5.5.1126~1-8c451]:main():lattice-best-path.cc:99) For utterance f1_251, best cost 207.361 + 913.04 = 1120.4 over 526 frames.
f1_251 sil dh iy f er ih d ih z p er s t iy z iy er k r ay t ey sh ah n l iy w iy z dh iy b ao l s t r iy ch er n ah l sil 
LOG (lattice-best-path[5.5.1126~1-8c451]:main():lattice-best-path.cc:99) For utterance f1_256, best cost 158.58 + 810.976 = 969.557 over 447 frames.
f1_256 sil ae n g eh r ah n hh ay d ao r m ih z ey sh ah n s p er m aa r ah f ah n t r ah l sil 
LOG (lattice-best-path[5.5.1126~1-8c451]:main():lattice-best-path.cc:99) For utterance f1_261, best cost 157.647 + 726.057 = 883.705 over 423 frames.
f1_261 sil w uh d ih p er f ah l aa sh uw s ah p er b eh r iy z f aa n s iy aa t ah l sil sil 
LOG (lattice-best-path[5.5.1126~1-8c451]:main():lattice-best-path.cc:99) For utterance f1_266, best cost 113.166 + 605.801 = 718.967 over 326 frames.
f1_266 sil ch ih jh er ae s t iy k ae k t ih n s m ao l z uw z sil 
LOG (lattice-best-path[5.5.1126~1-8c451]:main():lattice-best-path.cc:99) For utterance f1_271, best cost 89.9578 + 521.151 = 611.109 over 289 frames.
f1_271 sil ah n iy v ih sh ey n sh ey p aa s ah l iy sil 
LOG (lattice-best-path[5.5.1126~1-8c451]:main():lattice-best-path.cc:99) For utterance f1_276, best cost 107.283 + 537.427 = 644.71 over 298 frames.
f1_276 sil sil dh iy ch ow z ah n f iy l dh iy k ah n jh ah n ah l z sil 
LOG (lattice-best-path[5.5.1126~1-8c451]:main():lattice-best-path.cc:99) For utterance f1_281, best cost 152.702 + 1137.94 = 1290.64 over 558 frames.
f1_281 sil ay d ih z ae t er s ah n b ah l iy w aa n f ao r m ah n ah p aa r b r eh s sil 
LOG (lattice-best-path[5.5.1126~1-8c451]:main():lattice-best-path.cc:99) For utterance f1_286, best cost 105.93 + 568.54 = 674.47 over 302 frames.
f1_286 sil dh ae t ow ch iy s ah s k ae s m er s ah l s l iy sil 
LOG (lattice-best-path[5.5.1126~1-8c451]:main():lattice-best-path.cc:99) For utterance f1_291, best cost 125.027 + 666.796 = 791.823 over 343 frames.
f1_291 sil ah l ow t ih g ae m b ae t dh iy b iy s t uw d ah b ah l dh ae z sil 
LOG (lattice-best-path[5.5.1126~1-8c451]:main():lattice-best-path.cc:99) For utterance f1_296, best cost 192.104 + 1102.43 = 1294.54 over 571 frames.
f1_296 sil ae l ah s iy p ih jh oy p oy n ah n ah b ay l ah jh iy ah n iy ah n d ih n ih r ah n d ah p aa r m ah n z sil 
LOG (lattice-best-path[5.5.1126~1-8c451]:main():lattice-best-path.cc:99) For utterance f1_301, best cost 118.289 + 822.239 = 940.528 over 417 frames.
f1_301 sil t aa k l iy s t aa p r eh r ih ng ih z b ay t f eh k s sil 
LOG (lattice-best-path[5.5.1126~1-8c451]:main():lattice-best-path.cc:99) For utterance f1_306, best cost 134.804 + 705.966 = 840.771 over 386 frames.
f1_306 sil d aa r g er k y ah l ah g ow n r ah n z er aw n f er m ay l z sil 
LOG (lattice-best-path[5.5.1126~1-8c451]:main():lattice-best-path.cc:99) For utterance f1_311, best cost 142.345 + 984.883 = 1127.23 over 495 frames.
f1_311 sil dh iy f r ey t uw ch ay l ih z jh ah m ah s ah t uw b ay z b ih g r ae t er sil 
LOG (lattice-best-path[5.5.1126~1-8c451]:main():lattice-best-path.cc:99) For utterance f1_316, best cost 195.719 + 1001.53 = 1197.25 over 563 frames.
f1_316 sil dh iy p r iy s k ow eh k ah n b er b ay s er f iy ah n z aa p iy ah m er sh ah n s iy k ah n d ih sh ah n z sil 
LOG (lattice-best-path[5.5.1126~1-8c451]:main():lattice-best-path.cc:99) For utterance f1_321, best cost 124.933 + 635.279 = 760.212 over 353 frames.
f1_321 sil ah l oy ow ih z ah p oy n t uw t ae k s ih k y uw g er w eh l sil 
LOG (lattice-best-path[5.5.1126~1-8c451]:main():lattice-best-path.cc:99) For utterance f1_326, best cost 158.245 + 929.297 = 1087.54 over 494 frames.
f1_326 sil dh iy s ih s t ah m ey b r ey k aw n s iy n z ih z ey t er b ay l z f r iy l iy sil 
LOG (lattice-best-path[5.5.1126~1-8c451]:main():lattice-best-path.cc:99) For utterance f1_331, best cost 158.07 + 917.341 = 1075.41 over 492 frames.
f1_331 sil dh iy k ah n ah n p eh k t ih z eh k t ah n k ao r d ih g ah m p oy r iy aw er z sil 
LOG (lattice-best-path[5.5.1126~1-8c451]:main():lattice-best-path.cc:99) For utterance f1_336, best cost 118.403 + 841.408 = 959.811 over 404 frames.
f1_336 sil eh n ah s p aa r ow z m ao r n ah l ih ng ih sh t ae t iy sil 
LOG (lattice-best-path[5.5.1126~1-8c451]:main():lattice-best-path.cc:99) For utterance f1_341, best cost 137.358 + 783.852 = 921.21 over 414 frames.
f1_341 sil r ih m ey n eh v er t sil dh iy k aa n k ah l iy iy ah l t uw m ah n sil 
LOG (lattice-best-path[5.5.1126~1-8c451]:main():lattice-best-path.cc:99) For utterance f1_346, best cost 112.062 + 601.978 = 714.04 over 328 frames.
f1_346 sil dh iy l ah l k ah m ah n iy n iy s t uw d n z iy ch iy er sil 
LOG (lattice-best-path[5.5.1126~1-8c451]:main():lattice-best-path.cc:99) For utterance f1_351, best cost 108.389 + 602.91 = 711.299 over 336 frames.
f1_351 sil w ih ch er jh t uw dh iy s m eh k s p er sh ah p ah n sil 
LOG (lattice-best-path[5.5.1126~1-8c451]:main():lattice-best-path.cc:99) For utterance f1_356, best cost 85.7779 + 583.199 = 668.977 over 302 frames.
f1_356 sil dh ey ao l ay k l ao hh ay ch er aw er z sil 
LOG (lattice-best-path[5.5.1126~1-8c451]:main():lattice-best-path.cc:99) For utterance f1_361, best cost 118.563 + 706.486 = 825.049 over 381 frames.
f1_361 sil t ih n z iy sh iy l ah s iy m uw v iy s f ay s ah l iy sil 
LOG (lattice-best-path[5.5.1126~1-8c451]:main():lattice-best-path.cc:99) For utterance f1_366, best cost 135.293 + 786.961 = 922.254 over 419 frames.
f1_366 sil ao r jh er k ah n s ih s ah v ah l iy s k er k t ah m b l aw s ah z sil 
LOG (lattice-best-path[5.5.1126~1-8c451]:main():lattice-best-path.cc:99) For utterance f1_371, best cost 122.063 + 791.529 = 913.592 over 401 frames.
f1_371 sil ay d r ay d ih s ah b oy b ay t ah n aa p ah n ah ch ey n jh sil 
LOG (lattice-best-path[5.5.1126~1-8c451]:main():lattice-best-path.cc:99) For utterance f1_376, best cost 112.218 + 696.251 = 808.47 over 370 frames.
f1_376 sil m ow v ah b aa r iy er s ah v ah l aa r d l ah n d ah sil 
LOG (lattice-best-path[5.5.1126~1-8c451]:main():lattice-best-path.cc:99) For utterance f1_381, best cost 164.057 + 870.632 = 1034.69 over 474 frames.
f1_381 sil ah n t uw f ah n ah jh g r iy s iy er ch ey n b iy sh er d ah b aa sh f aw er l iy sil 
LOG (lattice-best-path[5.5.1126~1-8c451]:main():lattice-best-path.cc:99) For utterance f1_386, best cost 123.355 + 913.834 = 1037.19 over 474 frames.
f1_386 sil dh iy k r ae ch aa n sh ah n iy k s t ae v ae n p er z t ah n sil 
LOG (lattice-best-path[5.5.1126~1-8c451]:main():lattice-best-path.cc:99) For utterance f1_391, best cost 102.751 + 570.138 = 672.888 over 336 frames.
f1_391 sil iy ch t ih sh er l iy f ay n z ah b ih f aa n sil 
LOG (lattice-best-path[5.5.1126~1-8c451]:main():lattice-best-path.cc:99) For utterance f1_396, best cost 176.084 + 896.83 = 1072.91 over 507 frames.
f1_396 sil dh ae t er t ay z ih ng b er s ah p l eh m ah v er ay d iy z p er n eh v er ch ey n z s sil 
LOG (lattice-best-path[5.5.1126~1-8c451]:main():lattice-best-path.cc:99) For utterance f1_401, best cost 125.751 + 750.259 = 876.01 over 395 frames.
f1_401 sil t aa n s ah s ah l aa r jh ah k l ae n s ao s ah p r aa k ah l sil 
LOG (lattice-best-path[5.5.1126~1-8c451]:main():lattice-best-path.cc:99) For utterance f1_406, best cost 179.585 + 954.687 = 1134.27 over 518 frames.
f1_406 sil ih th ih k ae l m f aa r s ih z iy er l iy ow v er l ow n b ay t eh ch ah m z ah z iy z sil 
LOG (lattice-best-path[5.5.1126~1-8c451]:main():lattice-best-path.cc:99) For utterance f1_411, best cost 127.139 + 606.085 = 733.224 over 343 frames.
f1_411 sil w ao z w iy z ih sh ah n z hh aa r m ay z m aa r k ah l ah s l iy sil 
LOG (lattice-best-path[5.5.1126~1-8c451]:main():lattice-best-path.cc:99) For utterance f1_416, best cost 103.62 + 660.058 = 763.678 over 320 frames.
f1_416 sil dh ae p ay p aa k ah w ao z k ao r eh t ae n t iy sil 
LOG (lattice-best-path[5.5.1126~1-8c451]:main():lattice-best-path.cc:99) For utterance f1_421, best cost 115.041 + 597.707 = 712.748 over 329 frames.
f1_421 sil ih s p ae t ih k aa s t ih n z ah k r ay k ah l ah f ah l sil 
LOG (lattice-best-path[5.5.1126~1-8c451]:main():lattice-best-path.cc:99) For utterance f1_426, best cost 138.54 + 792.13 = 930.67 over 437 frames.
f1_426 sil dh iy z iy g ow n z aa l ah jh ah s f r l ae s t er ah p oy d ah jh sil 
LOG (lattice-best-path[5.5.1126~1-8c451]:main():lattice-best-path.cc:99) For utterance f1_431, best cost 110.145 + 846.423 = 956.568 over 432 frames.
f1_431 sil n aa m p r ah v er k ah n z ey sh ah n t eh v er iy z sil 
LOG (lattice-best-path[5.5.1126~1-8c451]:main():lattice-best-path.cc:99) For utterance f1_436, best cost 146.991 + 721.135 = 868.126 over 405 frames.
f1_436 sil er k s p r iy g ey f r iy p r ah l iy ah k er z ah n b ih ng s k eh v ih ng sil 
LOG (lattice-best-path[5.5.1126~1-8c451]:main():lattice-best-path.cc:99) For utterance f1_441, best cost 113.081 + 633.966 = 747.047 over 335 frames.
f1_441 sil r aa k ah m ah m iy z ah k ae z ah g r iy g r ih b ah m sil 
LOG (lattice-best-path[5.5.1126~1-8c451]:main():lattice-best-path.cc:99) For utterance f1_446, best cost 106.204 + 735.891 = 842.095 over 379 frames.
f1_446 sil dh iy s t iy ch ah p ow z iy m ay ih g ae m ah n t er sil 
LOG (lattice-best-path[5.5.1126~1-8c451]:main():lattice-best-path.cc:99) For utterance f1_451, best cost 143.291 + 798.268 = 941.559 over 444 frames.
f1_451 sil ch ow ch ah n p ah n s ih m ay n iy f er r ah l ah s ih m ah n s ih ng sil 
LOG (lattice-best-path[5.5.1126~1-8c451]:main():lattice-best-path.cc:99) For utterance f1_456, best cost 145.482 + 829.478 = 974.96 over 433 frames.
f1_456 sil ah m ao l s ih g z ae t ah l ah n ih k ae k t er aw t ow z k aa r d ah n sil 
LOG (lattice-best-path[5.5.1126~1-8c451]:main():lattice-best-path.cc:99) For utterance f5_001, best cost 69.7377 + 449.828 = 519.565 over 249 frames.
f5_001 sil d ih s w ih z iy z iy p er ah s sil 
LOG (lattice-best-path[5.5.1126~1-8c451]:main():lattice-best-path.cc:99) For utterance f5_006, best cost 104.87 + 561.141 = 666.011 over 325 frames.
f5_006 sil w ay y ah l er w er iy ow v eh l iy ae t ah m z sil 
LOG (lattice-best-path[5.5.1126~1-8c451]:main():lattice-best-path.cc:99) For utterance f5_011, best cost 30.8421 + 563.665 = 594.507 over 301 frames.
f5_011 sil n sil sil 
LOG (lattice-best-path[5.5.1126~1-8c451]:main():lattice-best-path.cc:99) For utterance f5_021, best cost 84.1284 + 499.3 = 583.429 over 301 frames.
f5_021 sil ah n l iy l er z t l ah l iy n er z sil 
LOG (lattice-best-path[5.5.1126~1-8c451]:main():lattice-best-path.cc:99) For utterance f5_031, best cost 81.4 + 637.897 = 719.297 over 391 frames.
f5_031 sil g r eh jh uw ey sh ah n p eh s ah n t sil 
LOG (lattice-best-path[5.5.1126~1-8c451]:main():lattice-best-path.cc:99) For utterance f5_036, best cost 38.9865 + 617.32 = 656.306 over 348 frames.
f5_036 sil ao r t sil sil 
LOG (lattice-best-path[5.5.1126~1-8c451]:main():lattice-best-path.cc:99) For utterance f5_041, best cost 73.4409 + 618.228 = 691.669 over 364 frames.
f5_041 sil eh m ih k aa b ih sh m ao r sil 
LOG (lattice-best-path[5.5.1126~1-8c451]:main():lattice-best-path.cc:99) For utterance f5_046, best cost 113.261 + 541.193 = 654.454 over 354 frames.
f5_046 sil dh iy p r aa l ao r s k iy m ae s k f r iy s k ay z sil 
LOG (lattice-best-path[5.5.1126~1-8c451]:main():lattice-best-path.cc:99) For utterance f5_051, best cost 78.9096 + 682.088 = 760.997 over 393 frames.
f5_051 sil ih g r iy l iy p r ih sh iy t ah d sil 
LOG (lattice-best-path[5.5.1126~1-8c451]:main():lattice-best-path.cc:99) For utterance f5_056, best cost 150.474 + 662.157 = 812.631 over 446 frames.
f5_056 sil ae s t er z k ae s sh ao r d ih ch k aa s t iy p r ih s ih ng k r iy s ah z sil 
LOG (lattice-best-path[5.5.1126~1-8c451]:main():lattice-best-path.cc:99) For utterance f5_061, best cost 134.075 + 523.897 = 657.972 over 377 frames.
f5_061 sil k l ih s t ih s p l ey l ih z m ih s p l iy s ah n dh iy s k r iy n sil 
LOG (lattice-best-path[5.5.1126~1-8c451]:main():lattice-best-path.cc:99) For utterance f5_066, best cost 38.9679 + 584.84 = 623.808 over 335 frames.
f5_066 sil f r iy l iy sil 
LOG (lattice-best-path[5.5.1126~1-8c451]:main():lattice-best-path.cc:99) For utterance f5_071, best cost 149.406 + 693.209 = 842.614 over 448 frames.
f5_071 sil k w aa p r ey sh ah n ah l aa n d er s t ae n ih ng l iy v iy t ih s p iy t sil 
LOG (lattice-best-path[5.5.1126~1-8c451]:main():lattice-best-path.cc:99) For utterance f5_076, best cost 29.5325 + 549.013 = 578.545 over 309 frames.
f5_076 sil sh er sil 
LOG (lattice-best-path[5.5.1126~1-8c451]:main():lattice-best-path.cc:99) For utterance f5_081, best cost 134.279 + 581.7 = 715.979 over 373 frames.
f5_081 sil ae s k r ey p r iy z t ae k s w ih n z ah n ae n iy n ey sh ah n sil 
LOG (lattice-best-path[5.5.1126~1-8c451]:main():lattice-best-path.cc:99) For utterance f5_086, best cost 65.0138 + 900.636 = 965.65 over 495 frames.
f5_086 sil r ao l hh ao l ah d ey z sil 
LOG (lattice-best-path[5.5.1126~1-8c451]:main():lattice-best-path.cc:99) For utterance f5_091, best cost 94.7906 + 535.439 = 630.23 over 318 frames.
f5_091 sil t ae p s t r iy hh aw n hh er hh ao l w iy sil 
LOG (lattice-best-path[5.5.1126~1-8c451]:main():lattice-best-path.cc:99) For utterance f5_096, best cost 59.0009 + 581.57 = 640.571 over 334 frames.
f5_096 sil hh er sh ao k ae s t sil 
LOG (lattice-best-path[5.5.1126~1-8c451]:main():lattice-best-path.cc:99) For utterance f5_101, best cost 34.0066 + 574.381 = 608.387 over 302 frames.
f5_101 sil t ae n d sil 
LOG (lattice-best-path[5.5.1126~1-8c451]:main():lattice-best-path.cc:99) For utterance f5_106, best cost 29.9779 + 717.8 = 747.778 over 388 frames.
f5_106 sil iy sil sil 
LOG (lattice-best-path[5.5.1126~1-8c451]:main():lattice-best-path.cc:99) For utterance f5_111, best cost 116.436 + 503.024 = 619.46 over 318 frames.
f5_111 sil aa r d ih f ih sh l ah n t eh l ah jh ah n z ih z f er iy l sil 
LOG (lattice-best-path[5.5.1126~1-8c451]:main():lattice-best-path.cc:99) For utterance f5_116, best cost 17.5611 + 614.381 = 631.942 over 326 frames.
f5_116 sil sil 
LOG (lattice-best-path[5.5.1126~1-8c451]:main():lattice-best-path.cc:99) For utterance f5_121, best cost 50.4855 + 903.17 = 953.656 over 496 frames.
f5_121 sil s ay n t ih z sil sil 
LOG (lattice-best-path[5.5.1126~1-8c451]:main():lattice-best-path.cc:99) For utterance f5_126, best cost 141.696 + 723.768 = 865.464 over 451 frames.
f5_126 sil w ih ch l ah m aa r k ah l w ao z ah p ey p er f ih k ey sh ah n sil sil 
LOG (lattice-best-path[5.5.1126~1-8c451]:main():lattice-best-path.cc:99) For utterance f5_131, best cost 126.736 + 630.326 = 757.062 over 403 frames.
f5_131 sil ih sh ah n ah z m ay n s t r ah k sh ah n z ah s k r ih sh eh l sil 
LOG (lattice-best-path[5.5.1126~1-8c451]:main():lattice-best-path.cc:99) For utterance f5_136, best cost 21.9298 + 664.744 = 686.674 over 370 frames.
f5_136 sil s sil 
LOG (lattice-best-path[5.5.1126~1-8c451]:main():lattice-best-path.cc:99) For utterance f5_141, best cost 35.0006 + 656.259 = 691.26 over 366 frames.
f5_141 sil iy s er z sil 
LOG (lattice-best-path[5.5.1126~1-8c451]:main():lattice-best-path.cc:99) For utterance f5_146, best cost 75.4866 + 719.836 = 795.322 over 398 frames.
f5_146 sil hh er aa p er d hh eh r ah m ay z sil 
LOG (lattice-best-path[5.5.1126~1-8c451]:main():lattice-best-path.cc:99) For utterance f5_151, best cost 55.4014 + 548.189 = 603.59 over 304 frames.
f5_151 sil aw n dh iy b ay y uw sil 
LOG (lattice-best-path[5.5.1126~1-8c451]:main():lattice-best-path.cc:99) For utterance f5_156, best cost 144.926 + 852.935 = 997.861 over 500 frames.
f5_156 sil w eh v er k w aa p r ih n ae n s k ae m iy ah l w iy er w ao r d ah d sil 
LOG (lattice-best-path[5.5.1126~1-8c451]:main():lattice-best-path.cc:99) For utterance f5_161, best cost 36.4263 + 753.691 = 790.117 over 443 frames.
f5_161 sil l er iy z sil 
LOG (lattice-best-path[5.5.1126~1-8c451]:main():lattice-best-path.cc:99) For utterance f5_166, best cost 96.2747 + 568.68 = 664.955 over 336 frames.
f5_166 sil k ae t s m ae l ao l iy s t r m iy er z sil 
LOG (lattice-best-path[5.5.1126~1-8c451]:main():lattice-best-path.cc:99) For utterance f5_171, best cost 135.586 + 566.081 = 701.667 over 374 frames.
f5_171 sil ih s t r oy iy eh v er iy f ay l b r l ey d ah t uw m ay ah s sil 
LOG (lattice-best-path[5.5.1126~1-8c451]:main():lattice-best-path.cc:99) For utterance f5_176, best cost 85.9933 + 464.028 = 550.021 over 282 frames.
f5_176 sil dh iy ih n jh oy ow ah n ay ae n t ih sh ah n sil 
LOG (lattice-best-path[5.5.1126~1-8c451]:main():lattice-best-path.cc:99) For utterance f5_181, best cost 93.512 + 828.535 = 922.047 over 465 frames.
f5_181 sil ch ow n ah n t iy z ih s t ih z iy z ah z sil 
LOG (lattice-best-path[5.5.1126~1-8c451]:main():lattice-best-path.cc:99) For utterance f5_186, best cost 58.7885 + 640.051 = 698.839 over 352 frames.
f5_186 sil ah m ah n ey b l n z sil 
LOG (lattice-best-path[5.5.1126~1-8c451]:main():lattice-best-path.cc:99) For utterance f5_191, best cost 95.1854 + 676.219 = 771.404 over 383 frames.
f5_191 sil m ay k ah l k ah l ah m ao l ih k r ah n z sil 
LOG (lattice-best-path[5.5.1126~1-8c451]:main():lattice-best-path.cc:99) For utterance f5_196, best cost 95.2075 + 722.159 = 817.366 over 428 frames.
f5_196 sil dh iy s er f er f er m ah n ah v ae k sh ah n sil 
LOG (lattice-best-path[5.5.1126~1-8c451]:main():lattice-best-path.cc:99) For utterance f5_201, best cost 146.404 + 654.57 = 800.974 over 415 frames.
f5_201 sil k ao r ey t ae k dh iy p r aa jh ah t dh iy p eh k s t r ih zh er m ey sh ah n sil 
LOG (lattice-best-path[5.5.1126~1-8c451]:main():lattice-best-path.cc:99) For utterance f5_206, best cost 40.6044 + 798.145 = 838.75 over 417 frames.
f5_206 sil sil aa m ah sil 
LOG (lattice-best-path[5.5.1126~1-8c451]:main():lattice-best-path.cc:99) For utterance f5_211, best cost 92.2744 + 564.343 = 656.618 over 329 frames.
f5_211 sil hh ay oy n f r iy l iy m iy n s ih ng ih ng sil 
LOG (lattice-best-path[5.5.1126~1-8c451]:main():lattice-best-path.cc:99) For utterance f5_216, best cost 42.3218 + 710.984 = 753.306 over 379 frames.
f5_216 sil dh iy p ey sh ah n sil 
LOG (lattice-best-path[5.5.1126~1-8c451]:main():lattice-best-path.cc:99) For utterance f5_221, best cost 116.236 + 543.57 = 659.806 over 339 frames.
f5_221 sil hh aw t iy n sh ah n z ih z ih s ah b oy ah s k ah l iy d er sil 
LOG (lattice-best-path[5.5.1126~1-8c451]:main():lattice-best-path.cc:99) For utterance f5_226, best cost 71.3503 + 642.443 = 713.793 over 364 frames.
f5_226 sil dh iy k ao r jh ah s p ah t ah v er sil 
LOG (lattice-best-path[5.5.1126~1-8c451]:main():lattice-best-path.cc:99) For utterance f5_231, best cost 99.4666 + 480.668 = 580.135 over 302 frames.
f5_231 sil iy r ow p ah n t eh v er iy m ah n iy g n ih ng sil 
LOG (lattice-best-path[5.5.1126~1-8c451]:main():lattice-best-path.cc:99) For utterance f5_236, best cost 98.774 + 602.245 = 701.019 over 356 frames.
f5_236 sil hh ow l iy b iy l ay k ah s eh l ah jh eh s ih ng sil 
LOG (lattice-best-path[5.5.1126~1-8c451]:main():lattice-best-path.cc:99) For utterance f5_241, best cost 82.9531 + 691.093 = 774.046 over 406 frames.
f5_241 sil dh iy jh ao p r ey t s p r y ah l z sil 
LOG (lattice-best-path[5.5.1126~1-8c451]:main():lattice-best-path.cc:99) For utterance f5_246, best cost 55.718 + 608.382 = 664.1 over 340 frames.
f5_246 sil dh ae ng g r iy b oy sil 
LOG (lattice-best-path[5.5.1126~1-8c451]:main():lattice-best-path.cc:99) For utterance f5_251, best cost 166.533 + 806.035 = 972.568 over 520 frames.
f5_251 sil t er f er dh er iy s p er s t iy sh iy k ey jh ah n y ah l z t r iy jh er n ah l sil 
LOG (lattice-best-path[5.5.1126~1-8c451]:main():lattice-best-path.cc:99) For utterance f5_256, best cost 72.7112 + 765.275 = 837.986 over 433 frames.
f5_256 sil ao r d ah n ih z ey sh ah n ah l sil 
LOG (lattice-best-path[5.5.1126~1-8c451]:main():lattice-best-path.cc:99) For utterance f5_261, best cost 87.9678 + 682.882 = 770.849 over 410 frames.
f5_261 sil w eh l aa sh ah z er b eh r y ah l sil 
LOG (lattice-best-path[5.5.1126~1-8c451]:main():lattice-best-path.cc:99) For utterance f5_266, best cost 78.1198 + 537.831 = 615.951 over 333 frames.
f5_266 sil sh ih d r ae n s w ao l z uw z sil 
LOG (lattice-best-path[5.5.1126~1-8c451]:main():lattice-best-path.cc:99) For utterance f5_271, best cost 59.2953 + 551.767 = 611.063 over 314 frames.
f5_271 sil ch ey n sh iy p l iy sil 
LOG (lattice-best-path[5.5.1126~1-8c451]:main():lattice-best-path.cc:99) For utterance f5_276, best cost 103.846 + 521.053 = 624.899 over 321 frames.
f5_276 sil ch ow z w iy w ih l ah k ah n jh eh n er ah l z sil 
LOG (lattice-best-path[5.5.1126~1-8c451]:main():lattice-best-path.cc:99) For utterance f5_281, best cost 86.2444 + 1053.05 = 1139.3 over 565 frames.
f5_281 sil ng w ah n f ao r m ah v sil sil sil 
LOG (lattice-best-path[5.5.1126~1-8c451]:main():lattice-best-path.cc:99) For utterance f5_286, best cost 65.2027 + 528.322 = 593.524 over 319 frames.
f5_286 sil ae ch iy s ah s k ae l iy sil 
LOG (lattice-best-path[5.5.1126~1-8c451]:main():lattice-best-path.cc:99) For utterance f5_291, best cost 17.7736 + 682.907 = 700.68 over 368 frames.
f5_291 sil sil 
LOG (lattice-best-path[5.5.1126~1-8c451]:main():lattice-best-path.cc:99) For utterance f5_296, best cost 53.6207 + 1096.51 = 1150.13 over 575 frames.
f5_296 sil n dh iy b ay l ah s sil 
LOG (lattice-best-path[5.5.1126~1-8c451]:main():lattice-best-path.cc:99) For utterance f5_301, best cost 94.0257 + 747.63 = 841.656 over 425 frames.
f5_301 sil t aa t p l iy z t aa p r eh r d iy ah n sil 
LOG (lattice-best-path[5.5.1126~1-8c451]:main():lattice-best-path.cc:99) For utterance f5_306, best cost 72.3286 + 786.136 = 858.465 over 433 frames.
f5_306 sil aa n r aa n f r ah m ay l z sil 
LOG (lattice-best-path[5.5.1126~1-8c451]:main():lattice-best-path.cc:99) For utterance f5_311, best cost 63.3536 + 842.772 = 906.126 over 458 frames.
f5_311 sil dh iy f r ah n ch ae l d er sil 
LOG (lattice-best-path[5.5.1126~1-8c451]:main():lattice-best-path.cc:99) For utterance f5_316, best cost 168.885 + 727.159 = 896.044 over 457 frames.
f5_316 sil dh iy p r iy s k ah l ih f er b l ay s er f y ah l ih ng z b aa p iy m er ih sh ah n z sil 
LOG (lattice-best-path[5.5.1126~1-8c451]:main():lattice-best-path.cc:99) For utterance f5_321, best cost 121.559 + 615.161 = 736.72 over 377 frames.
f5_321 sil ah l er w ao z ah p oy n t uw t ae k s k y uw hh er w ah l sil 
LOG (lattice-best-path[5.5.1126~1-8c451]:main():lattice-best-path.cc:99) For utterance f5_326, best cost 172.08 + 684.218 = 856.298 over 481 frames.
f5_326 sil dh iy s ih s t ah m ey b r iy k k aw n s ih n s ih s ey g er f ay l z f r iy k ah l iy sil 
LOG (lattice-best-path[5.5.1126~1-8c451]:main():lattice-best-path.cc:99) For utterance f5_331, best cost 67.3805 + 868.926 = 936.307 over 487 frames.
f5_331 sil dh iy k ah m ih th r iy aw er z sil 
LOG (lattice-best-path[5.5.1126~1-8c451]:main():lattice-best-path.cc:99) For utterance f5_336, best cost 132.251 + 668.537 = 800.787 over 396 frames.
f5_336 sil dh ae n oy s p aa p ah n g r ih z m w ao r n oy n iy ch t iy sil 
LOG (lattice-best-path[5.5.1126~1-8c451]:main():lattice-best-path.cc:99) For utterance f5_341, best cost 79.8788 + 745.122 = 825.001 over 420 frames.
f5_341 sil dh iy m ah n m ah n eh v er dh iy k ah n sil 
LOG (lattice-best-path[5.5.1126~1-8c451]:main():lattice-best-path.cc:99) For utterance f5_346, best cost 114.663 + 572.133 = 686.796 over 360 frames.
f5_346 sil dh iy l ow k ah m ah n iy n y uw s t uw d n s iy ch iy er sil 
LOG (lattice-best-path[5.5.1126~1-8c451]:main():lattice-best-path.cc:99) For utterance f5_351, best cost 54.8755 + 585.75 = 640.626 over 341 frames.
f5_351 sil dh iy ch ch er s t ih n sil 
LOG (lattice-best-path[5.5.1126~1-8c451]:main():lattice-best-path.cc:99) For utterance f5_361, best cost 133.254 + 569.45 = 702.704 over 372 frames.
f5_361 sil t ih n t iy s sh iy l ah t uw s iy m uw v iy z t ay s ah l iy k sil 
LOG (lattice-best-path[5.5.1126~1-8c451]:main():lattice-best-path.cc:99) For utterance f5_366, best cost 104.868 + 671.834 = 776.702 over 405 frames.
f5_366 sil n s ih s ah b ow n l iy s k r ih l aa s ah z sil 
LOG (lattice-best-path[5.5.1126~1-8c451]:main():lattice-best-path.cc:99) For utterance f5_371, best cost 38.488 + 762.505 = 800.993 over 396 frames.
f5_371 sil ch ey n jh sil 
LOG (lattice-best-path[5.5.1126~1-8c451]:main():lattice-best-path.cc:99) For utterance f5_376, best cost 59.8964 + 646.535 = 706.431 over 351 frames.
f5_376 sil l aa r jh m ah n d ih l sil 
LOG (lattice-best-path[5.5.1126~1-8c451]:main():lattice-best-path.cc:99) For utterance f5_381, best cost 132.501 + 723.282 = 855.783 over 463 frames.
f5_381 sil k r iy s ih ng y uw ch ey n b iy sh er dh iy w aa sh d er l iy sil 
LOG (lattice-best-path[5.5.1126~1-8c451]:main():lattice-best-path.cc:99) For utterance f5_386, best cost 99.249 + 680.506 = 779.755 over 421 frames.
f5_386 sil ah k r ae k s t ae th ih ng g w ih sh t ae m sil 
LOG (lattice-best-path[5.5.1126~1-8c451]:main():lattice-best-path.cc:99) For utterance f5_391, best cost 71.648 + 540.273 = 611.921 over 321 frames.
f5_391 sil t s ae b sh er l iy v n sil 
LOG (lattice-best-path[5.5.1126~1-8c451]:main():lattice-best-path.cc:99) For utterance f5_396, best cost 100.382 + 851.37 = 951.752 over 518 frames.
f5_396 sil b er ay t iy s ao r n eh v er ch ey n jh ah z sil 
LOG (lattice-best-path[5.5.1126~1-8c451]:main():lattice-best-path.cc:99) For utterance f5_401, best cost 124.314 + 646.108 = 770.422 over 394 frames.
f5_401 sil ah l aa r jh er k l ae m p s ao l z dh iy p r aa b ow m sil 
LOG (lattice-best-path[5.5.1126~1-8c451]:main():lattice-best-path.cc:99) For utterance f5_406, best cost 168.459 + 815.107 = 983.565 over 512 frames.
f5_406 sil dh iy f ih k ae l m f ao r s ih z n ih l iy ow v er w ao ng b ay t ae ch ah m z iy z sil 
LOG (lattice-best-path[5.5.1126~1-8c451]:main():lattice-best-path.cc:99) For utterance f5_411, best cost 85.8001 + 763.476 = 849.276 over 433 frames.
f5_411 sil sil ah m ah n ay z m ah l ah s l iy sil 
LOG (lattice-best-path[5.5.1126~1-8c451]:main():lattice-best-path.cc:99) For utterance f5_416, best cost 54.5013 + 644.076 = 698.577 over 339 frames.
f5_416 sil r eh d hh ae n d ah d sil 
LOG (lattice-best-path[5.5.1126~1-8c451]:main():lattice-best-path.cc:99) For utterance f5_421, best cost 88.7397 + 557.222 = 645.962 over 332 frames.
f5_421 sil k aa s t ah n d ih k w ay k ah l ah f ah l sil 
LOG (lattice-best-path[5.5.1126~1-8c451]:main():lattice-best-path.cc:99) For utterance f5_431, best cost 49.8332 + 802.31 = 852.143 over 427 frames.
f5_431 sil ah n r iy z er z sil 
LOG (lattice-best-path[5.5.1126~1-8c451]:main():lattice-best-path.cc:99) For utterance f5_436, best cost 110.873 + 679.298 = 790.171 over 405 frames.
f5_436 sil sil hh er p s p er s t ey f r iy k ah m ey k r ih ng sil 
LOG (lattice-best-path[5.5.1126~1-8c451]:main():lattice-best-path.cc:99) For utterance f5_441, best cost 100.957 + 525.451 = 626.408 over 325 frames.
f5_441 sil r aa k ah m ow m iy z ih k ae z ah g r iy ah m sil 
LOG (lattice-best-path[5.5.1126~1-8c451]:main():lattice-best-path.cc:99) For utterance f5_446, best cost 120.471 + 644.929 = 765.401 over 398 frames.
f5_446 sil dh iy s p iy s ah m p ow z iy m ay b iy g ae n ah m ah n d iy sil 
LOG (lattice-best-path[5.5.1126~1-8c451]:main():lattice-best-path.cc:99) For utterance f5_451, best cost 125.621 + 877.11 = 1002.73 over 533 frames.
f5_451 sil sil n s ih m ah n iy f r uw r ah l ah n m ah n s ah d ih ng sil 
LOG (lattice-best-path[5.5.1126~1-8c451]:main():lattice-best-path.cc:99) For utterance f5_456, best cost 127.949 + 702.318 = 830.266 over 434 frames.
f5_456 sil ah m ao f ah l aa n dh iy p aa k th r uw aa t ah s k aa r d n sil 
LOG (lattice-best-path[5.5.1126~1-8c451]:main():lattice-best-path.cc:99) For utterance m1_001, best cost 76.4137 + 371.756 = 448.17 over 200 frames.
m1_001 ih s w ao z iy z iy f er ae s sil 
LOG (lattice-best-path[5.5.1126~1-8c451]:main():lattice-best-path.cc:99) For utterance m1_006, best cost 110.796 + 714.403 = 825.199 over 381 frames.
m1_006 sil l ay y eh l ao r iy ow v er s ah l iy ay d ah m z 
LOG (lattice-best-path[5.5.1126~1-8c451]:main():lattice-best-path.cc:99) For utterance m1_011, best cost 99.6065 + 634.375 = 733.982 over 308 frames.
m1_011 sil s m ah n y uh r ah m ah s hh ay eh jh ah t ae n sil 
LOG (lattice-best-path[5.5.1126~1-8c451]:main():lattice-best-path.cc:99) For utterance m1_016, best cost 136.987 + 670.487 = 807.474 over 374 frames.
m1_016 ae l ah m ow n iy hh ay m z ah d ih f ao r jh m ae n s w eh l f sil 
LOG (lattice-best-path[5.5.1126~1-8c451]:main():lattice-best-path.cc:99) For utterance m1_021, best cost 105.134 + 644.986 = 750.121 over 323 frames.
m1_021 sil ah l ih l eh r s l ah v m ih l iy ah m eh r z 
LOG (lattice-best-path[5.5.1126~1-8c451]:main():lattice-best-path.cc:99) For utterance m1_026, best cost 100.109 + 630.425 = 730.535 over 326 frames.
m1_026 sil d ow ch uw ch aa r l iy z t er iy d ih sh ah z 
LOG (lattice-best-path[5.5.1126~1-8c451]:main():lattice-best-path.cc:99) For utterance m1_031, best cost 146.566 + 765.556 = 912.122 over 415 frames.
m1_031 sil aa r d z g ow l b r ih z w ih z ah g r eh jh oy ih sh ah p r ah z ah n 
LOG (lattice-best-path[5.5.1126~1-8c451]:main():lattice-best-path.cc:99) For utterance m1_036, best cost 138.707 + 693.486 = 832.193 over 379 frames.
m1_036 sil dh ae s k ah p ow l k ah n b iy ah n er t ae n ih ng k s p w ao r t 
LOG (lattice-best-path[5.5.1126~1-8c451]:main():lattice-best-path.cc:99) For utterance m1_041, best cost 148.933 + 690.255 = 839.188 over 398 frames.
m1_041 sil dh ae m ah d eh k s t r s t p ih k p aa p ah t uw k aa p ih sh m ao r sil 
LOG (lattice-best-path[5.5.1126~1-8c451]:main():lattice-best-path.cc:99) For utterance m1_046, best cost 124.31 + 787.622 = 911.932 over 421 frames.
m1_046 sil dh iy p r ao l ao r s k iy m ae s k f ao r d s d ay z sil 
LOG (lattice-best-path[5.5.1126~1-8c451]:main():lattice-best-path.cc:99) For utterance m1_051, best cost 151.436 + 815.345 = 966.781 over 421 frames.
m1_051 sil ih n iy k ah t er b iy ih sh ah n ah b ow b iy g r ey t l iy p r ih sh ey d 
LOG (lattice-best-path[5.5.1126~1-8c451]:main():lattice-best-path.cc:99) For utterance m1_056, best cost 161.042 + 893.004 = 1054.05 over 496 frames.
m1_056 sil l ae s t er z g ae sh sh er jh k aa z s t iy p r ay s ih ng k r iy s ah z sil 
LOG (lattice-best-path[5.5.1126~1-8c451]:main():lattice-best-path.cc:99) For utterance m1_061, best cost 146.183 + 718.317 = 864.5 over 422 frames.
m1_061 sil k l ih s t ih s p l ay iy w ao z m ih z p l ey s t ah m ah s k r iy n sil 
LOG (lattice-best-path[5.5.1126~1-8c451]:main():lattice-best-path.cc:99) For utterance m1_066, best cost 128.152 + 691.22 = 819.371 over 365 frames.
m1_066 sil b aa p t er z p er s k r ay b d r k s t uw f r iy l iy sil 
LOG (lattice-best-path[5.5.1126~1-8c451]:main():lattice-best-path.cc:99) For utterance m1_071, best cost 194.379 + 1006.49 = 1200.86 over 544 frames.
m1_071 sil k w aa p er ey sh ah n ah l aa ng w ih k ow n d er s t ae n ih ng ih l iy v iy ey p ih s p y uw d 
LOG (lattice-best-path[5.5.1126~1-8c451]:main():lattice-best-path.cc:99) For utterance m1_076, best cost 98.9669 + 672.076 = 771.043 over 355 frames.
m1_076 sil dh iy f ih ng t er z ah f ey m ah s k ah l ch er sil 
LOG (lattice-best-path[5.5.1126~1-8c451]:main():lattice-best-path.cc:99) For utterance m1_081, best cost 151.253 + 728.598 = 879.851 over 397 frames.
m1_081 m eh s t er r ey p aa r iy z t ae k s w aa n z ih m eh jh ah n ih sh ah n sil 
LOG (lattice-best-path[5.5.1126~1-8c451]:main():lattice-best-path.cc:99) For utterance m1_086, best cost 192.491 + 1031.28 = 1223.77 over 555 frames.
m1_086 sil k ih n er m ch ow p ah n t eh k er ey p er k l ae f r ah m z f er ao l hh ao l ah d ey z sil 
LOG (lattice-best-path[5.5.1126~1-8c451]:main():lattice-best-path.cc:99) For utterance m1_091, best cost 130.036 + 742.483 = 872.519 over 365 frames.
m1_091 sil ah k y uw jh t ae p ah s t r iy hh aa n ah n k er hh aa l w ey 
LOG (lattice-best-path[5.5.1126~1-8c451]:main():lattice-best-path.cc:99) For utterance m1_096, best cost 114.101 + 711.093 = 825.194 over 359 frames.
m1_096 sil ih s ah v ah n t ah p aa r ch er sh aa p dh iy k ae s t sil 
LOG (lattice-best-path[5.5.1126~1-8c451]:main():lattice-best-path.cc:99) For utterance m1_101, best cost 107.183 + 595.418 = 702.601 over 310 frames.
m1_101 sil k l ae s t dh iy s k r uw ih n er l ae f t ae n sil 
LOG (lattice-best-path[5.5.1126~1-8c451]:main():lattice-best-path.cc:99) For utterance m1_106, best cost 155.729 + 818.831 = 974.56 over 432 frames.
m1_106 sil t r ah s p ae s ih ng ih z f r b ah n ah n s ah b jh eh k t uw p eh n ah l iy sil 
LOG (lattice-best-path[5.5.1126~1-8c451]:main():lattice-best-path.cc:99) For utterance m1_111, best cost 127.468 + 607.594 = 735.062 over 358 frames.
m1_111 sil aa r d ah f ih sh ah l ah n t eh l ah jh ah n s ih z f er r iy l sil 
LOG (lattice-best-path[5.5.1126~1-8c451]:main():lattice-best-path.cc:99) For utterance m1_116, best cost 118.296 + 661.059 = 779.355 over 369 frames.
m1_116 sil w iy p l ae n t uw b ih l ih n uw b eh v er jh p ay sil 
LOG (lattice-best-path[5.5.1126~1-8c451]:main():lattice-best-path.cc:99) For utterance m1_121, best cost 177.905 + 1065.5 = 1243.4 over 552 frames.
m1_121 sil s ay n t ih f ih k p r r ah s k ah m f r ah m dh iy d ih v eh l m ah t eh k l iy k s sil 
LOG (lattice-best-path[5.5.1126~1-8c451]:main():lattice-best-path.cc:99) For utterance m1_126, best cost 165.595 + 804.875 = 970.469 over 458 frames.
m1_126 sil w ih ch l aa n ao r d ih k ah l w ao z ah p ey k ih n iy v k l er f k ey sh ah n sil 
LOG (lattice-best-path[5.5.1126~1-8c451]:main():lattice-best-path.cc:99) For utterance m1_131, best cost 151.405 + 848.222 = 999.628 over 438 frames.
m1_131 sil k er k ah k s ih k ih sh ah n ah m ay n jh p ah sh ah n z ih s k r jh ah l sil 
LOG (lattice-best-path[5.5.1126~1-8c451]:main():lattice-best-path.cc:99) For utterance m1_136, best cost 148.443 + 616.093 = 764.536 over 373 frames.
m1_136 sil m s t iy d ow z ih g z ih s t ih n w ao r m t uw m ih k l ay m ah s sil 
LOG (lattice-best-path[5.5.1126~1-8c451]:main():lattice-best-path.cc:99) For utterance m1_141, best cost 124.945 + 760.007 = 884.952 over 385 frames.
m1_141 sil r uw v ih s p l ah n t er w ih f ah p eh r ah p r iy z er z sil 
LOG (lattice-best-path[5.5.1126~1-8c451]:main():lattice-best-path.cc:99) For utterance m1_146, best cost 139.165 + 950.578 = 1089.74 over 474 frames.
m1_146 sil hh er w aa b er hh eh r er m ay d hh ih m ah f ao t ah m l iy t s sil 
LOG (lattice-best-path[5.5.1126~1-8c451]:main():lattice-best-path.cc:99) For utterance m1_151, best cost 75.8689 + 645.164 = 721.033 over 332 frames.
m1_151 sil dh iy k ay ae k ah m b ay y uw 
LOG (lattice-best-path[5.5.1126~1-8c451]:main():lattice-best-path.cc:99) For utterance m1_156, best cost 176.531 + 930.906 = 1107.44 over 528 frames.
m1_156 sil w eh v er k w aa p er iy t s ah n f ay n iy n ae n s k ae m iy ow b iy w ao r d ah d 
LOG (lattice-best-path[5.5.1126~1-8c451]:main():lattice-best-path.cc:99) For utterance m1_161, best cost 158.404 + 862.82 = 1021.22 over 477 frames.
m1_161 sil dh iy k ah b eh r l iy s iy v ih f y uw ao r jh f r dh iy s ah n ah l f l er iy z sil 
LOG (lattice-best-path[5.5.1126~1-8c451]:main():lattice-best-path.cc:99) For utterance m1_166, best cost 110.422 + 707.076 = 817.497 over 380 frames.
m1_166 sil dh iy k ae t s m iy ae l w ih z f er m ay iy er z 
LOG (lattice-best-path[5.5.1126~1-8c451]:main():lattice-best-path.cc:99) For utterance m1_171, best cost 135.438 + 745.967 = 881.405 over 411 frames.
m1_171 sil ih sh ao r iy eh v er iy f ay l r l iy d ah t uw m ay ao t ah s sil 
LOG (lattice-best-path[5.5.1126~1-8c451]:main():lattice-best-path.cc:99) For utterance m1_176, best cost 91.2001 + 684.667 = 775.867 over 331 frames.
m1_176 sil ey jh oy ah k w eh n ay aa r jh ih sh ah n sil 
LOG (lattice-best-path[5.5.1126~1-8c451]:main():lattice-best-path.cc:99) For utterance m1_181, best cost 191.3 + 875.712 = 1067.01 over 502 frames.
m1_181 sil y ah ng ch ih l d ah n t uw f ao r d ih k s p ow sh er t uw k ah n t ey jh ih z d ih z iy z ah z sil 
LOG (lattice-best-path[5.5.1126~1-8c451]:main():lattice-best-path.cc:99) For utterance m1_186, best cost 136.246 + 750.072 = 886.318 over 402 frames.
m1_186 sil iy v ah n ay ah k ey sh ah n ah l iy g uw p ah m ah n d ey b l uw z 
LOG (lattice-best-path[5.5.1126~1-8c451]:main():lattice-best-path.cc:99) For utterance m1_191, best cost 129.654 + 785.506 = 915.161 over 418 frames.
m1_191 sil m ay k ah l k aa l er dh iy b ah b er w ao l k r ay aa n z 
LOG (lattice-best-path[5.5.1126~1-8c451]:main():lattice-best-path.cc:99) For utterance m1_196, best cost 155.553 + 892.446 = 1048 over 488 frames.
m1_196 sil dh iy s er m ah n ah f ah s ay z th ih n iy f er f er m ah d ih v ae k sh ah n sil 
LOG (lattice-best-path[5.5.1126~1-8c451]:main():lattice-best-path.cc:99) For utterance m1_201, best cost 167.12 + 817.992 = 985.112 over 453 frames.
m1_201 sil k ao r iy ah t ae t p ah p r aa jh eh k w ih th ae k sh er d t er m ah n ey sh ah n sil 
LOG (lattice-best-path[5.5.1126~1-8c451]:main():lattice-best-path.cc:99) For utterance m1_206, best cost 165.754 + 721.839 = 887.593 over 414 frames.
m1_206 sil s t ae v k ah b eh r l iy hh ae n d ah l dh iy s ay k ah l aa jh ih k ah l t r aa m ah 
LOG (lattice-best-path[5.5.1126~1-8c451]:main():lattice-best-path.cc:99) For utterance m1_211, best cost 114.515 + 777.264 = 891.779 over 398 frames.
m1_211 sil ay er w ey ae n f r iy w ey n iy n dh iy s ih ng f ih ng sil 
LOG (lattice-best-path[5.5.1126~1-8c451]:main():lattice-best-path.cc:99) For utterance m1_216, best cost 137.244 + 777.893 = 915.137 over 430 frames.
m1_216 sil z aa ch er w ao z ih n dh iy ae m y ah l ah n s ah t dh iy p ey sh ah n z 
LOG (lattice-best-path[5.5.1126~1-8c451]:main():lattice-best-path.cc:99) For utterance m1_221, best cost 127.439 + 675.907 = 803.346 over 367 frames.
m1_221 sil hh aw w ey n sh ah n s ah z dh iy s ah b oy ah s k ah l ey t er sil 
LOG (lattice-best-path[5.5.1126~1-8c451]:main():lattice-best-path.cc:99) For utterance m1_226, best cost 123.017 + 718.146 = 841.163 over 388 frames.
m1_226 sil dh iy k ao r jh ih z b ow v er f ah l ey t ah l ow v n ah ch er sil 
LOG (lattice-best-path[5.5.1126~1-8c451]:main():lattice-best-path.cc:99) For utterance m1_236, best cost 113.184 + 644.095 = 757.279 over 355 frames.
m1_236 sil hh aw w oy l iy d iy l ih k ih s eh l ah jh er s ih ng 
LOG (lattice-best-path[5.5.1126~1-8c451]:main():lattice-best-path.cc:99) For utterance m1_241, best cost 167.322 + 743.852 = 911.174 over 452 frames.
m1_241 sil dh iy jh aa l p er ey t s p ay y uw z ih ng ih n t eh k ah n ih s t ih k aa s ah l z 
LOG (lattice-best-path[5.5.1126~1-8c451]:main():lattice-best-path.cc:99) For utterance m1_246, best cost 93.4254 + 828.884 = 922.31 over 395 frames.
m1_246 sil dh iy ae ng r iy b oy iy ae n t er g ow p 
LOG (lattice-best-path[5.5.1126~1-8c451]:main():lattice-best-path.cc:99) For utterance m1_251, best cost 198.723 + 995.109 = 1193.83 over 561 frames.
m1_251 sil jh ih f er th er d ih z p er s t iy sh iy k ey sh ah n l iy r iy z dh iy w ao l s t r iy jh er n ah l sil 
LOG (lattice-best-path[5.5.1126~1-8c451]:main():lattice-best-path.cc:99) For utterance m1_256, best cost 161.277 + 849.563 = 1010.84 over 461 frames.
m1_256 sil p ay m z p eh r ao r ih n ah z ey sh ah n z p er m ow p b er f ih n t r l sil 
LOG (lattice-best-path[5.5.1126~1-8c451]:main():lattice-best-path.cc:99) For utterance m1_261, best cost 152.074 + 822.629 = 974.703 over 450 frames.
m1_261 sil w ih k ah p er v k ah l aa sh ah z aa r f er y uw s ah l ah n s iy aw t ah l sil 
LOG (lattice-best-path[5.5.1126~1-8c451]:main():lattice-best-path.cc:99) For utterance m1_266, best cost 112.923 + 755.564 = 868.487 over 395 frames.
m1_266 sil sh uh d jh er ae s p iy k ae n s m ao l s uw z 
LOG (lattice-best-path[5.5.1126~1-8c451]:main():lattice-best-path.cc:99) For utterance m1_271, best cost 111.885 + 573.949 = 685.834 over 320 frames.
m1_271 sil ah m iy d ih s ch ey n sh sh ey k k aa t s ah l iy sil 
LOG (lattice-best-path[5.5.1126~1-8c451]:main():lattice-best-path.cc:99) For utterance m1_276, best cost 107.119 + 581.363 = 688.483 over 322 frames.
m1_276 sil ch ow z ah n f y uw w ih k aw n jh ah n er ah l z 
LOG (lattice-best-path[5.5.1126~1-8c451]:main():lattice-best-path.cc:99) For utterance m1_281, best cost 225.863 + 1017.05 = 1242.91 over 591 frames.
m1_281 sil m ay d ih s ay er z ah s ah m p ah l iy v m iy w aa n ah n f ao r m ah t ah v p er r ae f aa n dh iy s ah b jh eh k sil 
LOG (lattice-best-path[5.5.1126~1-8c451]:main():lattice-best-path.cc:99) For utterance m1_286, best cost 124.31 + 630.933 = 755.243 over 359 frames.
m1_286 sil b ae t d aa ch ey s ih s k ae t s m er s ah l ah s l iy 
LOG (lattice-best-path[5.5.1126~1-8c451]:main():lattice-best-path.cc:99) For utterance m1_291, best cost 123.688 + 762.636 = 886.325 over 403 frames.
m1_291 sil l eh dh er hh ae n d ey t uw b iy ah s uw b ah l p ih f sil 
LOG (lattice-best-path[5.5.1126~1-8c451]:main():lattice-best-path.cc:99) For utterance m1_296, best cost 218.136 + 1012.69 = 1230.82 over 592 frames.
m1_296 ae l r s iy t uw jh oy d ah p oy m ah n ah n dh iy b ay eh l ah jh iy ah n ah n jh ah n ih r iy n d ah p aa r n s sil 
LOG (lattice-best-path[5.5.1126~1-8c451]:main():lattice-best-path.cc:99) For utterance m1_301, best cost 168.667 + 851.821 = 1020.49 over 494 frames.
m1_301 sil t aa b p l ey z t aa p r ay ao r d iy ah n g ih t ih ng ih z b ay k f ih k s 
LOG (lattice-best-path[5.5.1126~1-8c451]:main():lattice-best-path.cc:99) For utterance m1_306, best cost 140.635 + 740.558 = 881.192 over 416 frames.
m1_306 sil jh aa r m er k iy l ih g uw n b aa n r aw n f r ah m ay l z 
LOG (lattice-best-path[5.5.1126~1-8c451]:main():lattice-best-path.cc:99) For utterance m1_311, best cost 146.283 + 1057.53 = 1203.81 over 539 frames.
m1_311 sil dh iy f r ay v n ch ay l p l ih ch ah n s ih jh uw b aa b r ah dh er sil 
LOG (lattice-best-path[5.5.1126~1-8c451]:main():lattice-best-path.cc:99) For utterance m1_316, best cost 224.365 + 1097.92 = 1322.28 over 631 frames.
m1_316 sil dh iy p r iy s k ah l uh k ah n p er b ah l ay s er f y ah l ih ng d ah b aa th iy m er jh ah n s iy k ah n d ih sh ah n z 
LOG (lattice-best-path[5.5.1126~1-8c451]:main():lattice-best-path.cc:99) For utterance m1_321, best cost 131.473 + 730.231 = 861.704 over 412 frames.
m1_321 sil ah l er w ao z ah p oy n t ah d t ae k s ih k y uw hh er w ih l 
LOG (lattice-best-path[5.5.1126~1-8c451]:main():lattice-best-path.cc:99) For utterance m1_326, best cost 177.159 + 905.627 = 1082.79 over 542 frames.
m1_326 sil dh iy s ih s t ah m ey b r ey p aw n s uw n s ah s ey t er f ay l z f r iy k ah b l iy sil 
LOG (lattice-best-path[5.5.1126~1-8c451]:main():lattice-best-path.cc:99) For utterance m1_331, best cost 193.668 + 993.342 = 1187.01 over 556 frames.
m1_331 sil dh iy g ah m ah n k ae t p ih z f ih k t m k ao r m er d ah k ah m p ao r f er f r iy aw er z 
LOG (lattice-best-path[5.5.1126~1-8c451]:main():lattice-best-path.cc:99) For utterance m1_336, best cost 152.803 + 856.481 = 1009.28 over 475 frames.
m1_336 sil dh ae n oy z p r aa g ow z d r ow z m ao r n oy ih ng iy jh d ey 
LOG (lattice-best-path[5.5.1126~1-8c451]:main():lattice-best-path.cc:99) For utterance m1_341, best cost 156.669 + 835.861 = 992.53 over 455 frames.
m1_341 sil w ih m ih m ey n eh v er d b iy k ah m k ah m p l iy t iy k ah l t uw m ae n sil 
LOG (lattice-best-path[5.5.1126~1-8c451]:main():lattice-best-path.cc:99) For utterance m1_346, best cost 112.339 + 615.139 = 727.478 over 346 frames.
m1_346 w iy w uh k ah m ah n iy n ih z d ah n s iy ch iy er sil 
LOG (lattice-best-path[5.5.1126~1-8c451]:main():lattice-best-path.cc:99) For utterance m1_351, best cost 114.701 + 703.122 = 817.823 over 372 frames.
m1_351 sil w ih jh ch er jh d uw dh iy s m ih s w er sh ah p ah n sil 
LOG (lattice-best-path[5.5.1126~1-8c451]:main():lattice-best-path.cc:99) For utterance m1_356, best cost 100.705 + 618.638 = 719.343 over 338 frames.
m1_356 ey ao l ay k ah l ao ng hh aa ch sh aw er z 
LOG (lattice-best-path[5.5.1126~1-8c451]:main():lattice-best-path.cc:99) For utterance m1_361, best cost 138.572 + 670.792 = 809.365 over 383 frames.
m1_361 sil t ih n t ey z sh iy l ih th ih s iy m uw v iy z t oy s uw w iy sil 
LOG (lattice-best-path[5.5.1126~1-8c451]:main():lattice-best-path.cc:99) For utterance m1_366, best cost 169.223 + 760.744 = 929.967 over 444 frames.
m1_366 sil hh er w ao r jh er ah b k ae n s ih s ah v ah b ah l l iy s k er t uw m b aa t s ah z sil 
LOG (lattice-best-path[5.5.1126~1-8c451]:main():lattice-best-path.cc:99) For utterance m1_371, best cost 134.755 + 752.659 = 887.415 over 409 frames.
m1_371 sil r ay dh iy s ah g w ey b ae k ae f ah n t ah n ah f ch ey n sh 
LOG (lattice-best-path[5.5.1126~1-8c451]:main():lattice-best-path.cc:99) For utterance m1_376, best cost 120.569 + 798.798 = 919.367 over 432 frames.
m1_376 sil uw dh iy g aa r b ah jh dh iy er dh iy l aa r jh ah n d ow sil 
LOG (lattice-best-path[5.5.1126~1-8c451]:main():lattice-best-path.cc:99) For utterance m1_381, best cost 172.828 + 891.681 = 1064.51 over 508 frames.
m1_381 sil w ah n t uw f ah n ih sh k r iy s ih ng er ch ey n b iy sh er t uw w ao sh s er l iy sil 
LOG (lattice-best-path[5.5.1126~1-8c451]:main():lattice-best-path.cc:99) For utterance m1_386, best cost 174.911 + 850.337 = 1025.25 over 461 frames.
m1_386 sil ah k r ae b ch aw n jh m iy b ah k w ih k s t ae b f ae ng k w ih sh ch ae m sil 
LOG (lattice-best-path[5.5.1126~1-8c451]:main():lattice-best-path.cc:99) For utterance m1_391, best cost 120.851 + 738.86 = 859.711 over 386 frames.
m1_391 sil iy ch t ae d sh er l iy f ay n z ah b ih g f aa n sil 
LOG (lattice-best-path[5.5.1126~1-8c451]:main():lattice-best-path.cc:99) For utterance m1_396, best cost 188.425 + 928.873 = 1117.3 over 528 frames.
m1_396 sil dh iy ae v er t ay z ih ng f er s ah v ah m ih f er ay ah t iy s t ao r n ah v er ch ey n jh ah z sil 
LOG (lattice-best-path[5.5.1126~1-8c451]:main():lattice-best-path.cc:99) For utterance m1_401, best cost 156.529 + 791.372 = 947.9 over 462 frames.
m1_401 sil t aa m ah th ih ng s ah l aa r jh er k l ae m p s ao l t uw p r aa b l ah m sil 
LOG (lattice-best-path[5.5.1126~1-8c451]:main():lattice-best-path.cc:99) For utterance m1_406, best cost 199.965 + 1137.16 = 1337.13 over 617 frames.
m1_406 sil dh iy f ih k ae l m f ao r z t w ih z ah n ih r l iy g ow v er w ao ng b ay b ae ch ow n z iy z sil 
LOG (lattice-best-path[5.5.1126~1-8c451]:main():lattice-best-path.cc:99) For utterance m1_411, best cost 145.432 + 686.188 = 831.619 over 395 frames.
m1_411 sil dh ow z m iy z ih sh ah n z hh aa r m ah l ay z m aa r f ah l ah s l iy 
LOG (lattice-best-path[5.5.1126~1-8c451]:main():lattice-best-path.cc:99) For utterance m1_416, best cost 111.414 + 801.593 = 913.007 over 408 frames.
m1_416 sil ae t p ih k p aa p ih s k aa r ah hh ae n d ih d sil 
LOG (lattice-best-path[5.5.1126~1-8c451]:main():lattice-best-path.cc:99) For utterance m1_421, best cost 125.645 + 652.293 = 777.938 over 363 frames.
m1_421 sil ih z b ae n ih k k aa s t uw n t er k w ih k ah l ah f ah l sil 
LOG (lattice-best-path[5.5.1126~1-8c451]:main():lattice-best-path.cc:99) For utterance m1_426, best cost 147.993 + 942.664 = 1090.66 over 507 frames.
m1_426 iy z iy g ow ah n z w ao l ah jh ah s r l ae k s t er ah b oy ey jh 
LOG (lattice-best-path[5.5.1126~1-8c451]:main():lattice-best-path.cc:99) For utterance m1_431, best cost 180.063 + 831.641 = 1011.7 over 467 frames.
m1_431 sil b aa m p r ao f ah t ao r ih n ah z ey sh ah n z hh ae v f r iy p ah n ow n b r ih z er z sil 
LOG (lattice-best-path[5.5.1126~1-8c451]:main():lattice-best-path.cc:99) For utterance m1_436, best cost 166.929 + 893.257 = 1060.19 over 482 frames.
m1_436 sil b er jh b er k dh ey t f r iy p ah n dh iy ah k er ah z aa n f ay s k ih v ih ng 
LOG (lattice-best-path[5.5.1126~1-8c451]:main():lattice-best-path.cc:99) For utterance m1_441, best cost 121.521 + 654.359 = 775.88 over 358 frames.
m1_441 sil r aa k ah r ah l m y uw z ih k ae z ih g r ey t r dh iy m sil 
LOG (lattice-best-path[5.5.1126~1-8c451]:main():lattice-best-path.cc:99) For utterance m1_446, best cost 133.474 + 762.953 = 896.427 over 412 frames.
m1_446 dh iy s p iy ch ah m p ow z iy m ay t b iy g ih n ah m ah n d ey 
LOG (lattice-best-path[5.5.1126~1-8c451]:main():lattice-best-path.cc:99) For utterance m1_451, best cost 170.139 + 957.254 = 1127.39 over 513 frames.
m1_451 sil sh er ah n k ae n k ah n s uw m ah n iy f r uw b r ah l ah p s ah m ow n s ih t ih ng 
LOG (lattice-best-path[5.5.1126~1-8c451]:main():lattice-best-path.cc:99) For utterance m1_456, best cost 149.686 + 1030.67 = 1180.36 over 518 frames.
m1_456 sil ah m ao th ih z ih g ae b ah l ao ng dh iy p ae f r aa t ow z g aa r n sil 
LOG (lattice-best-path[5.5.1126~1-8c451]:main():lattice-best-path.cc:99) For utterance m3_001, best cost 76.0463 + 349.16 = 425.206 over 246 frames.
m3_001 sil dh ih s ah z iy z iy f ao r ah s sil 
LOG (lattice-best-path[5.5.1126~1-8c451]:main():lattice-best-path.cc:99) For utterance m3_006, best cost 109.633 + 498.336 = 607.969 over 352 frames.
m3_006 sil w ay g ae l ah r iy ow v er s ah l iy ae t ah m z sil 
LOG (lattice-best-path[5.5.1126~1-8c451]:main():lattice-best-path.cc:99) For utterance m3_011, best cost 92.3271 + 437.991 = 530.318 over 299 frames.
m3_011 sil s eh n y uh r aa r m ah t ay z iy k ae n sil 
LOG (lattice-best-path[5.5.1126~1-8c451]:main():lattice-best-path.cc:99) For utterance m3_016, best cost 128.55 + 543.263 = 671.813 over 351 frames.
m3_016 sil ae l ah m ow n iy hh aw er n d ah b ao r ch m ae n t w ao l sil 
LOG (lattice-best-path[5.5.1126~1-8c451]:main():lattice-best-path.cc:99) For utterance m3_021, best cost 96.4058 + 449.601 = 546.007 over 291 frames.
m3_021 sil ah l iy l ey er z l ah g n ay ey n er z sil 
LOG (lattice-best-path[5.5.1126~1-8c451]:main():lattice-best-path.cc:99) For utterance m3_026, best cost 95.2714 + 421.73 = 517.002 over 293 frames.
m3_026 sil d ow t uw t r l iy z t er iy d ih sh ah z sil 
LOG (lattice-best-path[5.5.1126~1-8c451]:main():lattice-best-path.cc:99) For utterance m3_031, best cost 120.765 + 654.349 = 775.115 over 401 frames.
m3_031 sil aa r ah l b r iy s l iy w ao z g r ay t uw ey sh ah t sil 
LOG (lattice-best-path[5.5.1126~1-8c451]:main():lattice-best-path.cc:99) For utterance m3_036, best cost 119.177 + 490.936 = 610.113 over 346 frames.
m3_036 sil ae s k ah b aa p ah n b iy n ah t ih n ih ng s t ao r t sil 
LOG (lattice-best-path[5.5.1126~1-8c451]:main():lattice-best-path.cc:99) For utterance m3_041, best cost 133.88 + 532.645 = 666.525 over 348 frames.
m3_041 sil eh m ah t ih k s t er z p ih k p aa k ah t eh k aa p ah s m ao r sil 
LOG (lattice-best-path[5.5.1126~1-8c451]:main():lattice-best-path.cc:99) For utterance m3_046, best cost 118.99 + 524.095 = 643.085 over 358 frames.
m3_046 sil dh iy p r aa l r ah s k iy m ae s f r er d s k ay s sil 
LOG (lattice-best-path[5.5.1126~1-8c451]:main():lattice-best-path.cc:99) For utterance m3_051, best cost 146.663 + 569.224 = 715.887 over 388 frames.
m3_051 sil eh n iy k ah n t ah b y ih sh ah n d ah b ih g r ey t l iy p er s ey t ah d sil 
LOG (lattice-best-path[5.5.1126~1-8c451]:main():lattice-best-path.cc:99) For utterance m3_056, best cost 147.638 + 593.11 = 740.748 over 421 frames.
m3_056 sil l ae s t uw z g ae sh ao r ih ch k ah s t iy p r ay s ih ng k r iy s ah z sil 
LOG (lattice-best-path[5.5.1126~1-8c451]:main():lattice-best-path.cc:99) For utterance m3_061, best cost 137.899 + 489.88 = 627.779 over 352 frames.
m3_061 sil k l ih s t ih s p oy iy w ih z ah s p l ey s t ah n dh iy s k r iy n sil 
LOG (lattice-best-path[5.5.1126~1-8c451]:main():lattice-best-path.cc:99) For utterance m3_066, best cost 119.027 + 440.442 = 559.469 over 318 frames.
m3_066 sil d ae k t ih s p er s k r ay d er d s t uw f r iy b l iy sil 
LOG (lattice-best-path[5.5.1126~1-8c451]:main():lattice-best-path.cc:99) For utterance m3_071, best cost 170.145 + 650.114 = 820.259 over 439 frames.
m3_071 sil k w aa p r ey sh ah l ao ng z ah n er s t ae n ih ng ah l iy g y uw g ih s p y uw t sil 
LOG (lattice-best-path[5.5.1126~1-8c451]:main():lattice-best-path.cc:99) For utterance m3_076, best cost 99.0631 + 503.794 = 602.857 over 319 frames.
m3_076 sil dh iy f ih ng t er z ah f ey m ah s k ah l ch er sil 
LOG (lattice-best-path[5.5.1126~1-8c451]:main():lattice-best-path.cc:99) For utterance m3_081, best cost 145.932 + 564.181 = 710.113 over 363 frames.
m3_081 sil m ae s t r ey p aa r t iy z t ae k s aa n z ah m ay d n ey sh ah sil 
LOG (lattice-best-path[5.5.1126~1-8c451]:main():lattice-best-path.cc:99) For utterance m3_086, best cost 170.196 + 795.628 = 965.824 over 522 frames.
m3_086 sil k ih n er ah n ch ow v er n d eh k r ey t ih k l ae sh ah m t r ao hh ao l d ey z sil 
LOG (lattice-best-path[5.5.1126~1-8c451]:main():lattice-best-path.cc:99) For utterance m3_091, best cost 107.31 + 456.231 = 563.542 over 320 frames.
m3_091 sil ah hh y uw t ae p ah s t r iy hh aa n er ao l ay sil 
LOG (lattice-best-path[5.5.1126~1-8c451]:main():lattice-best-path.cc:99) For utterance m3_096, best cost 104.868 + 548.287 = 653.156 over 365 frames.
m3_096 sil ih s ah n d ah p aa r t er z sh aa k ah k ae s t sil 
LOG (lattice-best-path[5.5.1126~1-8c451]:main():lattice-best-path.cc:99) For utterance m3_101, best cost 92.714 + 495.652 = 588.366 over 307 frames.
m3_101 sil k l ae f dh iy s t r uw n ao f t ae n d sil 
LOG (lattice-best-path[5.5.1126~1-8c451]:main():lattice-best-path.cc:99) For utterance m3_106, best cost 120.276 + 551.949 = 672.225 over 374 frames.
m3_106 sil t r eh s t ae s ih ng ih s er b ih t ah n ah n s ah b iy sil 
LOG (lattice-best-path[5.5.1126~1-8c451]:main():lattice-best-path.cc:99) For utterance m3_111, best cost 116.839 + 445.91 = 562.749 over 322 frames.
m3_111 sil ah th ih sh ah l ah n t eh l ah jh ah n s ih z f er r iy l sil 
LOG (lattice-best-path[5.5.1126~1-8c451]:main():lattice-best-path.cc:99) For utterance m3_116, best cost 96.3571 + 599.173 = 695.53 over 363 frames.
m3_116 sil w iy p ae n ah b ih l d ah n uw b eh v er sil 
LOG (lattice-best-path[5.5.1126~1-8c451]:main():lattice-best-path.cc:99) For utterance m3_121, best cost 147.83 + 794.872 = 942.702 over 502 frames.
m3_121 sil s ay n t ih v ih k p r ae g r eh s k aa n f r uw v ah l ah m ah n s sil 
LOG (lattice-best-path[5.5.1126~1-8c451]:main():lattice-best-path.cc:99) For utterance m3_126, best cost 149.748 + 639.619 = 789.368 over 422 frames.
m3_126 sil w ih t s l aa r d ih k ah l ih z ah p ey k ah n ih g l er f ah k ey sh ah n sil 
LOG (lattice-best-path[5.5.1126~1-8c451]:main():lattice-best-path.cc:99) For utterance m3_131, best cost 165.096 + 560.972 = 726.068 over 412 frames.
m3_131 sil k r eh k t ih k s ih k y uw s n ah m ay n jh t r eh sh ah n z ih z t r ih sh ao l sil 
LOG (lattice-best-path[5.5.1126~1-8c451]:main():lattice-best-path.cc:99) For utterance m3_136, best cost 118.063 + 598.439 = 716.502 over 360 frames.
m3_136 sil dh iy s t iy g ow z ah g z ah s t uw w ao r w aa n ah t s sil 
LOG (lattice-best-path[5.5.1126~1-8c451]:main():lattice-best-path.cc:99) For utterance m3_141, best cost 100.18 + 532.31 = 632.49 over 354 frames.
m3_141 sil dh iy m uw v ih s p ah n jh er w er iy z er z sil 
LOG (lattice-best-path[5.5.1126~1-8c451]:main():lattice-best-path.cc:99) For utterance m3_146, best cost 104.292 + 815.242 = 919.534 over 495 frames.
m3_146 sil hh er ao ao r n er m ay n hh ao t l iy z 
LOG (lattice-best-path[5.5.1126~1-8c451]:main():lattice-best-path.cc:99) For utterance m3_151, best cost 77.5965 + 516.919 = 594.516 over 315 frames.
m3_151 sil dh iy k ae g aa n dh iy b ay y uw sil 
LOG (lattice-best-path[5.5.1126~1-8c451]:main():lattice-best-path.cc:99) For utterance m3_156, best cost 188.401 + 789.666 = 978.067 over 522 frames.
m3_156 sil w eh v er k w aa p r ey t s ah n p ay n iy n ae n s k ae m ow l b iy ow b iy w ao r d ah d sil 
LOG (lattice-best-path[5.5.1126~1-8c451]:main():lattice-best-path.cc:99) For utterance m3_161, best cost 151.958 + 645.567 = 797.524 over 430 frames.
m3_161 sil dh iy k ah d er l iy s iy t ih f y uw ao r jh t uw dh iy s m ow th l er iy z sil 
LOG (lattice-best-path[5.5.1126~1-8c451]:main():lattice-best-path.cc:99) For utterance m3_166, best cost 102.296 + 554.516 = 656.812 over 359 frames.
m3_166 sil dh iy k ae n aw w ih z hh er jh m ay iy er z sil 
LOG (lattice-best-path[5.5.1126~1-8c451]:main():lattice-best-path.cc:99) For utterance m3_171, best cost 136.078 + 534.43 = 670.509 over 354 frames.
m3_171 sil d ih s t r ay ah v er iy f ay l er dh iy d ah jh m ay ao t ah t s sil 
LOG (lattice-best-path[5.5.1126~1-8c451]:main():lattice-best-path.cc:99) For utterance m3_176, best cost 79.528 + 421.076 = 500.604 over 265 frames.
m3_176 sil ey n jh oy ey b ay ae b ih sh ah n sil 
LOG (lattice-best-path[5.5.1126~1-8c451]:main():lattice-best-path.cc:99) For utterance m3_181, best cost 172.324 + 708.711 = 881.035 over 455 frames.
m3_181 sil iy aa n ch eh l d er n t uw oy d ih k s p ow zh er t ih n t ey d ih s t iy z ah z sil 
LOG (lattice-best-path[5.5.1126~1-8c451]:main():lattice-best-path.cc:99) For utterance m3_186, best cost 117.066 + 601.03 = 718.096 over 351 frames.
m3_186 sil iy n ay k ey t ah l iy t ih p ah m ah n d ih b l uw z sil 
LOG (lattice-best-path[5.5.1126~1-8c451]:main():lattice-best-path.cc:99) For utterance m3_191, best cost 116.81 + 687.65 = 804.46 over 445 frames.
m3_191 sil m ay k ah k aa d dh iy b eh d er m ao l s k r ae n z sil 
LOG (lattice-best-path[5.5.1126~1-8c451]:main():lattice-best-path.cc:99) For utterance m3_196, best cost 156.369 + 607.788 = 764.157 over 432 frames.
m3_196 sil dh iy s er m ah n ah m z ah s ay s dh iy n iy d f er f er m ah b ae k sh ah n sil 
LOG (lattice-best-path[5.5.1126~1-8c451]:main():lattice-best-path.cc:99) For utterance m3_201, best cost 144.617 + 606.288 = 750.905 over 404 frames.
m3_201 sil k ao r ey t ae k dh iy p r aa jh eh k ah z eh k s t uw t er m ey sh ah n sil 
LOG (lattice-best-path[5.5.1126~1-8c451]:main():lattice-best-path.cc:99) For utterance m3_206, best cost 124.246 + 615.915 = 740.161 over 387 frames.
m3_206 sil s t ae f ae n ah dh iy s ay k ah l aa jh ih k ah l t r aa t sil 
LOG (lattice-best-path[5.5.1126~1-8c451]:main():lattice-best-path.cc:99) For utterance m3_211, best cost 104.108 + 521.132 = 625.24 over 317 frames.
m3_211 sil hh ay ow ey n f r iy w ey m ih n s ey n z ih ng sil 
LOG (lattice-best-path[5.5.1126~1-8c451]:main():lattice-best-path.cc:99) For utterance m3_216, best cost 107.185 + 578.866 = 686.051 over 367 frames.
m3_216 sil ah t aa p t uw w ao z ah n dh ae n ow p ey sh ah n sil 
LOG (lattice-best-path[5.5.1126~1-8c451]:main():lattice-best-path.cc:99) For utterance m3_221, best cost 111.66 + 563.458 = 675.118 over 334 frames.
m3_221 sil hh aa l ey t ih n ih z ah s ah b oy ah s k ah l ey t er sil 
LOG (lattice-best-path[5.5.1126~1-8c451]:main():lattice-best-path.cc:99) For utterance m3_226, best cost 126.567 + 507.292 = 633.859 over 349 frames.
m3_226 sil dh iy b ao r d ih z b aa t er f l ay ey t ah l aa n ae k t er sil 
LOG (lattice-best-path[5.5.1126~1-8c451]:main():lattice-best-path.cc:99) For utterance m3_231, best cost 103.707 + 431.403 = 535.109 over 286 frames.
m3_231 sil w eh r ow p ah n eh v er iy m ah n d ih m ao r ih ng sil 
LOG (lattice-best-path[5.5.1126~1-8c451]:main():lattice-best-path.cc:99) For utterance m3_236, best cost 113.733 + 547.718 = 661.451 over 339 frames.
m3_236 sil hh aw w oy l iy b iy l ey t er s eh l ah d er s ih ng sil 
LOG (lattice-best-path[5.5.1126~1-8c451]:main():lattice-best-path.cc:99) For utterance m3_241, best cost 137.032 + 568.714 = 705.747 over 386 frames.
m3_241 sil dh iy d ao r iy t s p l iy z ih ng ih n t ih k ah n ih s t ih k aa s ah l z sil 
LOG (lattice-best-path[5.5.1126~1-8c451]:main():lattice-best-path.cc:99) For utterance m3_246, best cost 112.021 + 601.553 = 713.573 over 382 frames.
m3_246 sil dh iy ae n er iy w ay ae n ch er b ih d ih m ah p aw t sil 
LOG (lattice-best-path[5.5.1126~1-8c451]:main():lattice-best-path.cc:99) For utterance m3_251, best cost 175.338 + 760.169 = 935.506 over 519 frames.
m3_251 sil d ih f er dh er ih s p ah s t iy sh iy k ey z ah l iy r iy z l ao s t uw jh er n ah l 
LOG (lattice-best-path[5.5.1126~1-8c451]:main():lattice-best-path.cc:99) For utterance m3_256, best cost 154.063 + 724.211 = 878.274 over 462 frames.
m3_256 sil p l ae n t ae n hh ae t er ih z ey sh ah n z p r ah b er th ah n t r ao l sil 
LOG (lattice-best-path[5.5.1126~1-8c451]:main():lattice-best-path.cc:99) For utterance m3_261, best cost 146.426 + 577.927 = 724.353 over 393 frames.
m3_261 sil w ah dh iy p er s p ah l aa s ih z er f er y uw z f ow n s iy aa l sil 
LOG (lattice-best-path[5.5.1126~1-8c451]:main():lattice-best-path.cc:99) For utterance m3_266, best cost 103.015 + 531.664 = 634.678 over 340 frames.
m3_266 sil sh ih jh er ae s t iy k ae n s ow l z uw z sil 
LOG (lattice-best-path[5.5.1126~1-8c451]:main():lattice-best-path.cc:99) For utterance m3_271, best cost 114.418 + 461.847 = 576.266 over 302 frames.
m3_271 sil ah m iy d ih s ch ey n sh ey t k aa t s ah l iy sil sil 
LOG (lattice-best-path[5.5.1126~1-8c451]:main():lattice-best-path.cc:99) For utterance m3_276, best cost 120.093 + 506.513 = 626.606 over 319 frames.
m3_276 sil ah th y uw ch ow z ah n f iy ow l iy k aw n d aw er l z sil 
LOG (lattice-best-path[5.5.1126~1-8c451]:main():lattice-best-path.cc:99) For utterance m3_281, best cost 186.054 + 819.855 = 1005.91 over 543 frames.
m3_281 sil m ay d ih s ay er d ah s ah p ah l iy m iy w aa n ah n f ao r m ih p eh r ae k ah m ah s ah sil 
LOG (lattice-best-path[5.5.1126~1-8c451]:main():lattice-best-path.cc:99) For utterance m3_286, best cost 112.177 + 487.335 = 599.512 over 327 frames.
m3_286 sil dh ae t d aa ch ih s k ae t s m er s ah l z s l iy sil 
LOG (lattice-best-path[5.5.1126~1-8c451]:main():lattice-best-path.cc:99) For utterance m3_291, best cost 90.5475 + 599.799 = 690.346 over 364 frames.
m3_291 sil ah dh er hh ae n d ae g uw b iy s uw sil 
LOG (lattice-best-path[5.5.1126~1-8c451]:main():lattice-best-path.cc:99) For utterance m3_296, best cost 163.503 + 952.591 = 1116.09 over 584 frames.
m3_296 sil hh aw er s iy d er t ah p oy m ah n t ah d aa l ah jh iy ah n ah n jh iy r iy z sil 
LOG (lattice-best-path[5.5.1126~1-8c451]:main():lattice-best-path.cc:99) For utterance m3_301, best cost 151.089 + 692.491 = 843.58 over 443 frames.
m3_301 sil t aa p oy z t aa p ay er d iy ae n d ah d ih ng ih z b ay k f ih k s t sil 
LOG (lattice-best-path[5.5.1126~1-8c451]:main():lattice-best-path.cc:99) For utterance m3_306, best cost 137.45 + 685.159 = 822.609 over 414 frames.
m3_306 sil dh iy b aa r b er f y uw n w aa p t er aw m sil er m ay l z sil 
LOG (lattice-best-path[5.5.1126~1-8c451]:main():lattice-best-path.cc:99) For utterance m3_311, best cost 150.659 + 701.938 = 852.597 over 473 frames.
m3_311 sil ih f r ay n t ae t ah l ah jh ah n ay s ah n jh uw b ay z b ih g r ah dh er sil 
LOG (lattice-best-path[5.5.1126~1-8c451]:main():lattice-best-path.cc:99) For utterance m3_316, best cost 215.926 + 788.409 = 1004.33 over 569 frames.
m3_316 sil dh iy p r iy s k ah l er k ah n p er b l ay s er f iy l ih ng z ah b aa p iy m er jh ah n s iy k ah n d ih sh ah n z sil 
LOG (lattice-best-path[5.5.1126~1-8c451]:main():lattice-best-path.cc:99) For utterance m3_321, best cost 114.902 + 520.54 = 635.443 over 357 frames.
m3_321 sil ah l er w ao z ah p ay n s eh k s ih k y uw t er w eh l sil 
LOG (lattice-best-path[5.5.1126~1-8c451]:main():lattice-best-path.cc:99) For utterance m3_326, best cost 164.319 + 692.109 = 856.428 over 464 frames.
m3_326 sil dh iy s ih s t uw m ey b r ey g aa n s ah n s ah s ey t er f ay l s f r iy k w iy sil 
LOG (lattice-best-path[5.5.1126~1-8c451]:main():lattice-best-path.cc:99) For utterance m3_331, best cost 163.182 + 713.081 = 876.263 over 472 frames.
m3_331 sil dh iy g ah m ey k ah p ih z ih k t ah n k ao er d ih k ah m p oy th r iy aw er z sil 
LOG (lattice-best-path[5.5.1126~1-8c451]:main():lattice-best-path.cc:99) For utterance m3_336, best cost 146.558 + 560.648 = 707.207 over 372 frames.
m3_336 sil dh ae t n oy z p r aa b ah ng r ow z m ao r n oy n iy ch d ey sil 
LOG (lattice-best-path[5.5.1126~1-8c451]:main():lattice-best-path.cc:99) For utterance m3_341, best cost 142.856 + 589.514 = 732.37 over 384 frames.
m3_341 sil ih n ah m ah n eh v er b iy k ah m k ah m p l ey t iy k ah l t ah m ah n sil 
LOG (lattice-best-path[5.5.1126~1-8c451]:main():lattice-best-path.cc:99) For utterance m3_346, best cost 98.5621 + 557.684 = 656.246 over 371 frames.
m3_346 sil w aa k ah m ah n ah s t uw d ih n t iy ch iy er sil 
LOG (lattice-best-path[5.5.1126~1-8c451]:main():lattice-best-path.cc:99) For utterance m3_351, best cost 106.632 + 590.43 = 697.062 over 412 frames.
m3_351 sil w ih ch ch er jh d ih s m ih s er s er b ah n 
LOG (lattice-best-path[5.5.1126~1-8c451]:main():lattice-best-path.cc:99) For utterance m3_356, best cost 86.6739 + 456.957 = 543.631 over 307 frames.
m3_356 sil dh ae l ay k l ao ng hh aa ch aw er z sil 
LOG (lattice-best-path[5.5.1126~1-8c451]:main():lattice-best-path.cc:99) For utterance m3_361, best cost 133.026 + 546.262 = 679.288 over 368 frames.
m3_361 sil k ae n t ey k sh iy l ah d ih s iy m uw v iy z t ay s uw iy sil 
LOG (lattice-best-path[5.5.1126~1-8c451]:main():lattice-best-path.cc:99) For utterance m3_366, best cost 124.457 + 562.727 = 687.184 over 393 frames.
m3_366 sil ao r d er k ah n s ih s t ah l ih s k er k s ah b aa s ah z 
LOG (lattice-best-path[5.5.1126~1-8c451]:main():lattice-best-path.cc:99) For utterance m3_371, best cost 123.338 + 594.366 = 717.704 over 389 frames.
m3_371 sil ay d r ay dh iy s ah v w ey b ah hh aw n ah n ah ch ey n jh sil 
LOG (lattice-best-path[5.5.1126~1-8c451]:main():lattice-best-path.cc:99) For utterance m3_376, best cost 118.325 + 547.228 = 665.553 over 338 frames.
m3_376 sil m uw v dh iy g aa r jh n er s ow aa r d w ah n d ah sil 
LOG (lattice-best-path[5.5.1126~1-8c451]:main():lattice-best-path.cc:99) For utterance m3_381, best cost 148.939 + 642.035 = 790.974 over 453 frames.
m3_381 sil w aa n t uw f ah n ah s k r iy s ih ng er ch ey n ih sh er w aa s p er l iy sil 
LOG (lattice-best-path[5.5.1126~1-8c451]:main():lattice-best-path.cc:99) For utterance m3_386, best cost 160.26 + 609.876 = 770.135 over 425 frames.
m3_386 sil ah k r ae b k ae l ah n z m ih ng ih k w ih k s t ae v eh n g w ih sh t ah n 
LOG (lattice-best-path[5.5.1126~1-8c451]:main():lattice-best-path.cc:99) For utterance m3_391, best cost 117.978 + 445.896 = 563.873 over 314 frames.
m3_391 sil iy t s t ae d sh uh l iy f ay n t uw b ih g f aa n 
LOG (lattice-best-path[5.5.1126~1-8c451]:main():lattice-best-path.cc:99) For utterance m3_396, best cost 177.857 + 678.776 = 856.633 over 482 frames.
m3_396 sil dh iy ae t ay z ih ng p er s ah p l ah n dh iy f er ay d iy s t ao r n eh v er ch ey n jh ah z sil 
LOG (lattice-best-path[5.5.1126~1-8c451]:main():lattice-best-path.cc:99) For utterance m3_401, best cost 137.857 + 578.024 = 715.881 over 378 frames.
m3_401 sil t aa m ah s ih ng s ah l aa r jh er k l ae m sh ao l z ah p r aa t sil 
LOG (lattice-best-path[5.5.1126~1-8c451]:main():lattice-best-path.cc:99) For utterance m3_406, best cost 184.567 + 737.943 = 922.509 over 493 frames.
m3_406 sil dh iy f ih k aw n f ao r ah s f ih z eh r l iy ow v er w aa n b ah d eh ch aa m z ih z iy z sil 
LOG (lattice-best-path[5.5.1126~1-8c451]:main():lattice-best-path.cc:99) For utterance m3_411, best cost 120.74 + 530.281 = 651.021 over 345 frames.
m3_411 sil ih z n iy z ih sh ah n z hh aa m ay z m aa r b ah l z sil 
LOG (lattice-best-path[5.5.1126~1-8c451]:main():lattice-best-path.cc:99) For utterance m3_416, best cost 111.044 + 511.985 = 623.029 over 322 frames.
m3_416 sil eh t t ih p aa k er w ao z k aa r eh n ae n d ah d sil 
LOG (lattice-best-path[5.5.1126~1-8c451]:main():lattice-best-path.cc:99) For utterance m3_421, best cost 109.197 + 442.232 = 551.429 over 309 frames.
m3_421 sil ih s t ae k aa s t ah n z er k w ay k ah l er f ao l sil 
LOG (lattice-best-path[5.5.1126~1-8c451]:main():lattice-best-path.cc:99) For utterance m3_426, best cost 148.07 + 673.881 = 821.951 over 420 frames.
m3_426 sil iy s iy g ow ah n z aa l ah jh ah s ih l ae k s t er ah b ah b oy ih jh sil 
LOG (lattice-best-path[5.5.1126~1-8c451]:main():lattice-best-path.cc:99) For utterance m3_431, best cost 156.87 + 599.622 = 756.492 over 422 frames.
m3_431 sil n aa n p r aa v er n ih z ey sh ah n s ah f r iy g ah n f ah n r ih z er z sil 
LOG (lattice-best-path[5.5.1126~1-8c451]:main():lattice-best-path.cc:99) For utterance m3_436, best cost 141.177 + 565.83 = 707.006 over 390 frames.
m3_436 sil hh er z b er dh ey f r iy k ah m ey p er z ah m b ih n s k ih v ih ng sil 
LOG (lattice-best-path[5.5.1126~1-8c451]:main():lattice-best-path.cc:99) For utterance m3_441, best cost 121.471 + 571.669 = 693.14 over 381 frames.
m3_441 sil r aa k ah m ow n iy z ih k ae z ih g r ey g r eh t ah m sil 
LOG (lattice-best-path[5.5.1126~1-8c451]:main():lattice-best-path.cc:99) For utterance m3_446, best cost 131.166 + 562.806 = 693.972 over 355 frames.
m3_446 sil dh iy s p iy t s ah m b ow z iy m ay b iy g ae n ah m ah n d ey sil 
LOG (lattice-scale[5.5.1126~1-8c451]:main():lattice-scale.cc:107) Done 363 lattices.
LOG (lattice-best-path[5.5.1126~1-8c451]:main():lattice-best-path.cc:99) For utterance m3_451, best cost 151.83 + 686.999 = 838.829 over 472 frames.
LOG (lattice-add-penalty[5.5.1126~1-8c451]:main():lattice-add-penalty.cc:62) Done adding word insertion penalty to 363 lattices.
m3_451 sil ch er k ih ng ih n s uw m ah n iy f er g r ah l ah t s ah m ah n s ih d ih ng sil 
LOG (lattice-best-path[5.5.1126~1-8c451]:main():lattice-best-path.cc:99) For utterance m3_456, best cost 141.193 + 637.257 = 778.45 over 429 frames.
m3_456 sil ah m ao s ih g z ae g ah l ao ng dh iy p ae s er aw s p aa r d ah n sil 
LOG (lattice-best-path[5.5.1126~1-8c451]:main():lattice-best-path.cc:124) Overall cost per frame is 2.0376 = 0.308396 [graph] + 1.72921 [acoustic] over 144532 frames.
LOG (lattice-best-path[5.5.1126~1-8c451]:main():lattice-best-path.cc:128) Done 363 lattices, failed for 0
# Accounting: time=5 threads=1
# Ended (code 0) at Mon Apr 29 13:55:49 EEST 2024, elapsed time 5 seconds
