# lattice-scale --inv-acoustic-scale=9 "ark:gunzip -c ./exp/tri_bg/decode_dnn/lat.*.gz|" ark:- | lattice-add-penalty --word-ins-penalty=0.5 ark:- ark:- | lattice-best-path --word-symbol-table=./exp/tri_bg/graph/words.txt ark:- ark,t:- | utils/int2sym.pl -f 2- ./exp/tri_bg/graph/words.txt | cat > ./exp/tri_bg/decode_dnn/scoring_kaldi/penalty_0.5/9.txt 
# Started at Mon Apr 29 13:55:49 EEST 2024
#
lattice-add-penalty --word-ins-penalty=0.5 ark:- ark:- 
lattice-scale --inv-acoustic-scale=9 'ark:gunzip -c ./exp/tri_bg/decode_dnn/lat.*.gz|' ark:- 
lattice-best-path --word-symbol-table=./exp/tri_bg/graph/words.txt ark:- ark,t:- 
LOG (lattice-best-path[5.5.1126~1-8c451]:main():lattice-best-path.cc:99) For utterance f1_001, best cost 70.9378 + 264.594 = 335.531 over 237 frames.
f1_001 sil ih s w ih z iy s iy f er aw s sil 
LOG (lattice-best-path[5.5.1126~1-8c451]:main():lattice-best-path.cc:99) For utterance f1_006, best cost 96.9558 + 336.835 = 433.791 over 338 frames.
f1_006 sil w ay ey l ao r iy ow v er s ah l iy ay d ah n z sil 
LOG (lattice-best-path[5.5.1126~1-8c451]:main():lattice-best-path.cc:99) For utterance f1_011, best cost 79.1195 + 345.931 = 425.051 over 306 frames.
f1_011 sil s w iy aa r ah z hh ay z iy k aw n sil 
LOG (lattice-best-path[5.5.1126~1-8c451]:main():lattice-best-path.cc:99) For utterance f1_016, best cost 105.057 + 351.995 = 457.053 over 336 frames.
f1_016 sil ae l ah n iy hh ay z ah d ih f ao r s k ae n d ah l sil 
LOG (lattice-best-path[5.5.1126~1-8c451]:main():lattice-best-path.cc:99) For utterance f1_021, best cost 70.6704 + 336.208 = 406.878 over 290 frames.
f1_021 sil ah l iy l ay er z ah l er sil s sil 
LOG (lattice-best-path[5.5.1126~1-8c451]:main():lattice-best-path.cc:99) For utterance f1_026, best cost 96.1069 + 315.913 = 412.02 over 305 frames.
f1_026 sil d ow n t uw ch er l iy s t er d iy d ih sh ah z sil 
LOG (lattice-best-path[5.5.1126~1-8c451]:main():lattice-best-path.cc:99) For utterance f1_031, best cost 133.285 + 392.697 = 525.982 over 395 frames.
f1_031 sil aa r s k ah l p er iy s l w ao z ah p er jh uw ey sh ah n er z ah n sil 
LOG (lattice-best-path[5.5.1126~1-8c451]:main():lattice-best-path.cc:99) For utterance f1_036, best cost 93.7644 + 373.25 = 467.014 over 353 frames.
f1_036 sil eh s ah b aa n dh iy eh t ey n s w ao r t sil 
LOG (lattice-best-path[5.5.1126~1-8c451]:main():lattice-best-path.cc:99) For utterance f1_041, best cost 106.825 + 374.814 = 481.639 over 363 frames.
f1_041 sil dh ae sh ih z p ey p aa k aa m p l ih sh ah n aa r sil 
LOG (lattice-best-path[5.5.1126~1-8c451]:main():lattice-best-path.cc:99) For utterance f1_046, best cost 94.7264 + 389.778 = 484.504 over 373 frames.
f1_046 sil dh iy p r l ao r s t iy ae s k ah s k ae z sil 
LOG (lattice-best-path[5.5.1126~1-8c451]:main():lattice-best-path.cc:99) For utterance f1_051, best cost 135.809 + 415.366 = 551.175 over 398 frames.
f1_051 sil ah n iy k ah n t uw dh ey sh ah n z ah l iy g r iy l iy p r iy ch ey t ah d sil 
LOG (lattice-best-path[5.5.1126~1-8c451]:main():lattice-best-path.cc:99) For utterance f1_056, best cost 126.365 + 423.258 = 549.623 over 439 frames.
f1_056 sil w eh s er z k ae sh er ch k ow s t iy p r iy s ih ng s ah z sil 
LOG (lattice-best-path[5.5.1126~1-8c451]:main():lattice-best-path.cc:99) For utterance f1_061, best cost 118.49 + 347.979 = 466.468 over 359 frames.
f1_061 sil k ow s t ih s p oy l ih z ih z p l ey s ah n s k r ey n sil 
LOG (lattice-best-path[5.5.1126~1-8c451]:main():lattice-best-path.cc:99) For utterance f1_066, best cost 100.698 + 287.357 = 388.055 over 309 frames.
f1_066 sil er z k ah s k aa r g r ah k s t uw f r iy l iy sil 
LOG (lattice-best-path[5.5.1126~1-8c451]:main():lattice-best-path.cc:99) For utterance f1_071, best cost 129.643 + 448.655 = 578.298 over 436 frames.
f1_071 sil ao r ey sh n ah l ah f ah n er z ae n d ih ng l iy v iy s t iy t sil 
LOG (lattice-best-path[5.5.1126~1-8c451]:main():lattice-best-path.cc:99) For utterance f1_076, best cost 80.0761 + 325.155 = 405.231 over 313 frames.
f1_076 sil ih ng g er z ah v ae n s k aa ch er sil 
LOG (lattice-best-path[5.5.1126~1-8c451]:main():lattice-best-path.cc:99) For utterance f1_081, best cost 127.428 + 356.906 = 484.334 over 360 frames.
f1_081 sil ae s k r ey p aa r d iy s hh ae k s ah n t ih n ah n ey sh ah n sil 
LOG (lattice-best-path[5.5.1126~1-8c451]:main():lattice-best-path.cc:99) For utterance f1_086, best cost 175.039 + 503.133 = 678.172 over 522 frames.
f1_086 sil uw ch ah l d ah n t eh k r iy b eh k l ae s er m z f er hh aa k ao l aa l ah d ey z sil 
LOG (lattice-best-path[5.5.1126~1-8c451]:main():lattice-best-path.cc:99) For utterance f1_091, best cost 96.558 + 343.095 = 439.653 over 327 frames.
f1_091 sil iy ch t aa s t r iy aa n r m ao l ay d sil 
LOG (lattice-best-path[5.5.1126~1-8c451]:main():lattice-best-path.cc:99) For utterance f1_096, best cost 86.0933 + 348.418 = 434.512 over 339 frames.
f1_096 sil ih s ao ao r jh er s sh aa k ae s sil 
LOG (lattice-best-path[5.5.1126~1-8c451]:main():lattice-best-path.cc:99) For utterance f1_101, best cost 82.1116 + 303.023 = 385.134 over 300 frames.
f1_101 sil ae s ah s k er n ih r l ah t ae n sil 
LOG (lattice-best-path[5.5.1126~1-8c451]:main():lattice-best-path.cc:99) For utterance f1_106, best cost 111.579 + 403.524 = 515.103 over 388 frames.
f1_106 sil t ah s t eh s ih z f er b ah n s ah b ah p aa t iy sil 
LOG (lattice-best-path[5.5.1126~1-8c451]:main():lattice-best-path.cc:99) For utterance f1_111, best cost 105.544 + 318.596 = 424.14 over 329 frames.
f1_111 sil aa r d ih sh ow n t eh l ah jh ah n s ih z f er iy l sil 
LOG (lattice-best-path[5.5.1126~1-8c451]:main():lattice-best-path.cc:99) For utterance f1_116, best cost 116.391 + 334.61 = 451.001 over 323 frames.
f1_116 sil w iy p l iy s ah b ae l d ih n uw b eh v er ch p l ae n sil 
LOG (lattice-best-path[5.5.1126~1-8c451]:main():lattice-best-path.cc:99) For utterance f1_121, best cost 137.702 + 524.281 = 661.983 over 494 frames.
f1_121 sil s ay n t uw dh iy p r ae g r ae s k ah n ch ah n ah z aa l ah n ih s sil 
LOG (lattice-best-path[5.5.1126~1-8c451]:main():lattice-best-path.cc:99) For utterance f1_126, best cost 132.57 + 436.162 = 568.732 over 432 frames.
f1_126 sil w ih sh aa t ih k ah l ih z ah p ey t ih n iy p aa r f ih k ey sh ah n sil 
LOG (lattice-best-path[5.5.1126~1-8c451]:main():lattice-best-path.cc:99) For utterance f1_131, best cost 138.347 + 402.469 = 540.816 over 419 frames.
f1_131 sil r eh k ae t s ih k y ih sh ah m ay n sh er sh ah n z k r ih sh ah l sil 
LOG (lattice-best-path[5.5.1126~1-8c451]:main():lattice-best-path.cc:99) For utterance f1_136, best cost 102.08 + 381.76 = 483.841 over 352 frames.
f1_136 sil dh iy s t iy ah z ih z ih s ah n ao r d ay m ah n s sil 
LOG (lattice-best-path[5.5.1126~1-8c451]:main():lattice-best-path.cc:99) For utterance f1_141, best cost 75.3749 + 405.741 = 481.116 over 364 frames.
f1_141 sil uw s l ah n t er dh iy p eh r er z sil 
LOG (lattice-best-path[5.5.1126~1-8c451]:main():lattice-best-path.cc:99) For utterance f1_146, best cost 108.626 + 422.623 = 531.249 over 381 frames.
f1_146 sil er ao r ah n hh aw er m ay n t ah f ao t ah m l iy z sil 
LOG (lattice-best-path[5.5.1126~1-8c451]:main():lattice-best-path.cc:99) For utterance f1_151, best cost 69.3199 + 394.853 = 464.173 over 325 frames.
f1_151 sil hh ay ae k aw n ah b ay y uw sil 
LOG (lattice-best-path[5.5.1126~1-8c451]:main():lattice-best-path.cc:99) For utterance f1_156, best cost 169.358 + 507.747 = 677.106 over 482 frames.
f1_156 sil w eh v er k aa p r ey t s ih n b ay n ih n ae n s k aw n iy ow b iy er w ao r d ah d sil 
LOG (lattice-best-path[5.5.1126~1-8c451]:main():lattice-best-path.cc:99) For utterance f1_161, best cost 118.798 + 488.276 = 607.073 over 455 frames.
f1_161 sil dh er l iy s ih f y ao r s t uw dh iy s m ah l f ao r iy z sil 
LOG (lattice-best-path[5.5.1126~1-8c451]:main():lattice-best-path.cc:99) For utterance f1_166, best cost 96.6763 + 348.094 = 444.77 over 335 frames.
f1_166 sil dh iy k ae n aw t ao l ih z hh er s m ay er z sil 
LOG (lattice-best-path[5.5.1126~1-8c451]:main():lattice-best-path.cc:99) For utterance f1_171, best cost 110.379 + 399.163 = 509.543 over 379 frames.
f1_171 sil dh iy s t r ay ae f ay l eh v ey t s m ay ao t ih z sil 
LOG (lattice-best-path[5.5.1126~1-8c451]:main():lattice-best-path.cc:99) For utterance f1_176, best cost 60.6672 + 302.339 = 363.006 over 262 frames.
f1_176 sil ey jh oy l ae b ih sh ah n sil 
LOG (lattice-best-path[5.5.1126~1-8c451]:main():lattice-best-path.cc:99) For utterance f1_181, best cost 159.39 + 477.56 = 636.95 over 466 frames.
f1_181 sil d ah n t ow sh ah n sh ah t ah b oy s p ow dh iy k ah n t ey t uw s t ih z iy z ah z sil 
LOG (lattice-best-path[5.5.1126~1-8c451]:main():lattice-best-path.cc:99) For utterance f1_186, best cost 75.0869 + 405.419 = 480.506 over 346 frames.
f1_186 sil iy v n ay ah m ah n d iy d uw z sil 
LOG (lattice-best-path[5.5.1126~1-8c451]:main():lattice-best-path.cc:99) For utterance f1_191, best cost 92.6696 + 417.791 = 510.461 over 373 frames.
f1_191 sil m ay k ah k aa t ah v er m ao r ay ah n z sil 
LOG (lattice-best-path[5.5.1126~1-8c451]:main():lattice-best-path.cc:99) For utterance f1_196, best cost 130.565 + 442.437 = 573.002 over 428 frames.
f1_196 sil dh iy s er m ah n ae s ay s ih n iy f er f er m ah b aa sh ah n sil 
LOG (lattice-best-path[5.5.1126~1-8c451]:main():lattice-best-path.cc:99) For utterance f1_201, best cost 127.474 + 450.347 = 577.821 over 424 frames.
f1_201 sil k ao r ey t ae k ah p r ae sh eh k ae sh uh d t er m ey sh ah n sil 
LOG (lattice-best-path[5.5.1126~1-8c451]:main():lattice-best-path.cc:99) For utterance f1_206, best cost 117.052 + 552.364 = 669.416 over 476 frames.
f1_206 sil s eh v er l iy ah n t ah v ah s ay k ah l aa ch aa m ah sil 
LOG (lattice-best-path[5.5.1126~1-8c451]:main():lattice-best-path.cc:99) For utterance f1_211, best cost 83.0405 + 383.804 = 466.844 over 338 frames.
f1_211 sil ay oy n t r iy m ey t s ey n ih ng sil 
LOG (lattice-best-path[5.5.1126~1-8c451]:main():lattice-best-path.cc:99) For utterance f1_216, best cost 110.834 + 388.15 = 498.984 over 365 frames.
f1_216 sil d ae t er b ih z m iy ah n d ah n z ah dh iy p ey sh ah n sil 
LOG (lattice-best-path[5.5.1126~1-8c451]:main():lattice-best-path.cc:99) For utterance f1_221, best cost 98.4426 + 323.197 = 421.64 over 312 frames.
f1_221 sil hh ae l iy t ih z ih s ah b l ae s k ah l ey er sil 
LOG (lattice-best-path[5.5.1126~1-8c451]:main():lattice-best-path.cc:99) For utterance f1_226, best cost 111.84 + 398.137 = 509.978 over 376 frames.
f1_226 sil dh iy p ao r d ih z b aa t er f l ay t ah l aa n ay er sil 
LOG (lattice-best-path[5.5.1126~1-8c451]:main():lattice-best-path.cc:99) For utterance f1_231, best cost 93.7085 + 325.174 = 418.883 over 300 frames.
f1_231 sil w eh r k ah n eh v er iy m ah n d ay iy ih ng sil 
LOG (lattice-best-path[5.5.1126~1-8c451]:main():lattice-best-path.cc:99) For utterance f1_236, best cost 103.135 + 374.133 = 477.268 over 358 frames.
f1_236 sil hh aw oy l iy t uw ey t ih s ae l ah jh ah s ih ng sil 
LOG (lattice-best-path[5.5.1126~1-8c451]:main():lattice-best-path.cc:99) For utterance f1_241, best cost 107.991 + 454.652 = 562.643 over 433 frames.
f1_241 sil ih jh aa t iy z ae n t ae n s t ih m ah s ah l z sil 
LOG (lattice-best-path[5.5.1126~1-8c451]:main():lattice-best-path.cc:99) For utterance f1_246, best cost 75.9386 + 432.202 = 508.141 over 347 frames.
f1_246 sil ey m ey b oy ey n s ih k aa t sil 
LOG (lattice-best-path[5.5.1126~1-8c451]:main():lattice-best-path.cc:99) For utterance f1_251, best cost 186.302 + 521.484 = 707.786 over 526 frames.
f1_251 sil dh iy f r ih z p er s t iy z iy er k r ay t ey sh ah n l iy w iy z ah l ao s t r iy ch ah n ah l sil 
LOG (lattice-best-path[5.5.1126~1-8c451]:main():lattice-best-path.cc:99) For utterance f1_256, best cost 147.378 + 459.535 = 606.912 over 447 frames.
f1_256 sil ae n g eh r ah n hh ay d ao r m ih z ey sh ah n s p er m ow ah n t r ah l sil 
LOG (lattice-best-path[5.5.1126~1-8c451]:main():lattice-best-path.cc:99) For utterance f1_261, best cost 117.092 + 435.806 = 552.898 over 423 frames.
f1_261 sil w ey p er f ao sh uw s t eh r iy f ah n s iy aa t ah l sil 
LOG (lattice-best-path[5.5.1126~1-8c451]:main():lattice-best-path.cc:99) For utterance f1_266, best cost 99.2057 + 347.46 = 446.666 over 326 frames.
f1_266 sil t uw jh er ae s t iy k ae n s m ao l z uw z sil 
LOG (lattice-best-path[5.5.1126~1-8c451]:main():lattice-best-path.cc:99) For utterance f1_271, best cost 89.9578 + 289.529 = 379.486 over 289 frames.
f1_271 sil ah n iy v ih sh ey n sh ey p aa s ah l iy sil 
LOG (lattice-best-path[5.5.1126~1-8c451]:main():lattice-best-path.cc:99) For utterance f1_276, best cost 96.3248 + 305.457 = 401.782 over 298 frames.
f1_276 sil ch ow z ah n f iy l dh iy k ah n jh ah n ah l z sil 
LOG (lattice-best-path[5.5.1126~1-8c451]:main():lattice-best-path.cc:99) For utterance f1_281, best cost 131.923 + 648.628 = 780.55 over 558 frames.
f1_281 sil ay d ih z ae n b ah l iy w aa n f ao r d ah p aa r b r eh s sil 
LOG (lattice-best-path[5.5.1126~1-8c451]:main():lattice-best-path.cc:99) For utterance f1_286, best cost 97.6813 + 323.262 = 420.943 over 302 frames.
f1_286 sil dh ae t ow ch iy s ah s k ae s m er s ah l z sil 
LOG (lattice-best-path[5.5.1126~1-8c451]:main():lattice-best-path.cc:99) For utterance f1_291, best cost 87.3529 + 396.476 = 483.829 over 343 frames.
f1_291 sil g ae n t ae b iy s t uw d ah l d ih z sil 
LOG (lattice-best-path[5.5.1126~1-8c451]:main():lattice-best-path.cc:99) For utterance f1_296, best cost 141.815 + 646.085 = 787.9 over 571 frames.
f1_296 sil ae l ah s iy p oy n ah n ah b ay l ah jh ae n iy n ih r ah n d ih n z sil 
LOG (lattice-best-path[5.5.1126~1-8c451]:main():lattice-best-path.cc:99) For utterance f1_301, best cost 84.3079 + 482.294 = 566.602 over 417 frames.
f1_301 sil l iy s aa p er ih ng ih z b ay k s sil 
LOG (lattice-best-path[5.5.1126~1-8c451]:main():lattice-best-path.cc:99) For utterance f1_306, best cost 111.459 + 408.736 = 520.194 over 386 frames.
f1_306 sil d aa r er k y uw n aa n t er aw n f er m ay l z sil 
LOG (lattice-best-path[5.5.1126~1-8c451]:main():lattice-best-path.cc:99) For utterance f1_311, best cost 137.333 + 551.936 = 689.269 over 495 frames.
f1_311 sil dh iy f r ey t uw ch ae z jh ah m ah s ah t uw b ay z b ih g r ae t er sil 
LOG (lattice-best-path[5.5.1126~1-8c451]:main():lattice-best-path.cc:99) For utterance f1_316, best cost 178.562 + 570.081 = 748.643 over 563 frames.
f1_316 sil dh iy p r iy s k ae n b er b ay s er f iy ah n z aa p iy m er z ah n s iy k ah n d ih sh ah n z sil 
LOG (lattice-best-path[5.5.1126~1-8c451]:main():lattice-best-path.cc:99) For utterance f1_321, best cost 111.199 + 365.106 = 476.305 over 353 frames.
f1_321 sil ah l oy ow z ah p oy s ae k s ih k y uw d er w eh l sil 
LOG (lattice-best-path[5.5.1126~1-8c451]:main():lattice-best-path.cc:99) For utterance f1_326, best cost 157.407 + 517.044 = 674.451 over 494 frames.
f1_326 sil dh iy s ih s t ah m ey b r ey t ae n s iy n z ih z ey t er b ay l z f r iy l iy sil 
LOG (lattice-best-path[5.5.1126~1-8c451]:main():lattice-best-path.cc:99) For utterance f1_331, best cost 133.565 + 527.781 = 661.346 over 492 frames.
f1_331 sil dh iy k ah n ah n t eh k t ih z eh k ao r d ih g ah m p r iy aw er z sil 
LOG (lattice-best-path[5.5.1126~1-8c451]:main():lattice-best-path.cc:99) For utterance f1_336, best cost 93.1456 + 484.009 = 577.155 over 404 frames.
f1_336 sil eh r ow z m ao r n ah l ih ng ih sh t ae d sil 
LOG (lattice-best-path[5.5.1126~1-8c451]:main():lattice-best-path.cc:99) For utterance f1_341, best cost 99.9054 + 460.486 = 560.391 over 414 frames.
f1_341 sil w ih n ah n eh v er sil dh iy k ah l iy iy m ah n sil 
LOG (lattice-best-path[5.5.1126~1-8c451]:main():lattice-best-path.cc:99) For utterance f1_346, best cost 93.8874 + 346.793 = 440.68 over 328 frames.
f1_346 sil w ao l k ah m ah n iy s t uw n z iy ch iy er sil 
LOG (lattice-best-path[5.5.1126~1-8c451]:main():lattice-best-path.cc:99) For utterance f1_351, best cost 89.3526 + 349.308 = 438.66 over 336 frames.
f1_351 sil w ih ch er jh d ih s m er sh ah p ah n sil 
LOG (lattice-best-path[5.5.1126~1-8c451]:main():lattice-best-path.cc:99) For utterance f1_356, best cost 72.8592 + 334.593 = 407.453 over 302 frames.
f1_356 sil ey ao l ay k w aa ch aw er z sil 
LOG (lattice-best-path[5.5.1126~1-8c451]:main():lattice-best-path.cc:99) For utterance f1_361, best cost 109.777 + 399.292 = 509.068 over 381 frames.
f1_361 sil t ih n z ih sh iy l ah s iy m l iy s f ay s ah l iy sil 
LOG (lattice-best-path[5.5.1126~1-8c451]:main():lattice-best-path.cc:99) For utterance f1_366, best cost 106.448 + 461.511 = 567.959 over 419 frames.
f1_366 sil ao r jh ih z ih s ah v ah l iy s k t ah m ah s ah z sil 
LOG (lattice-best-path[5.5.1126~1-8c451]:main():lattice-best-path.cc:99) For utterance f1_371, best cost 100.605 + 455.585 = 556.19 over 401 frames.
f1_371 sil r ay d ih s ah b oy b ae p ah n ah ch ey n z sil 
LOG (lattice-best-path[5.5.1126~1-8c451]:main():lattice-best-path.cc:99) For utterance f1_376, best cost 67.2174 + 418.57 = 485.788 over 370 frames.
f1_376 sil iy er z ah l aa r ah n d ah sil 
LOG (lattice-best-path[5.5.1126~1-8c451]:main():lattice-best-path.cc:99) For utterance f1_381, best cost 135.001 + 505.268 = 640.269 over 474 frames.
f1_381 sil f ah n jh g r iy s iy er ch ey n b iy ch er d w aa sh er l iy sil 
LOG (lattice-best-path[5.5.1126~1-8c451]:main():lattice-best-path.cc:99) For utterance f1_386, best cost 94.0821 + 526.85 = 620.932 over 474 frames.
f1_386 sil dh iy k r ae ch aa n sh ah n iy s t ae t ah n sil 
LOG (lattice-best-path[5.5.1126~1-8c451]:main():lattice-best-path.cc:99) For utterance f1_391, best cost 82.5334 + 330.029 = 412.562 over 336 frames.
f1_391 sil iy ch t ih sh er l iy f ay n z ah n sil 
LOG (lattice-best-path[5.5.1126~1-8c451]:main():lattice-best-path.cc:99) For utterance f1_396, best cost 147.232 + 519.154 = 666.386 over 507 frames.
f1_396 sil dh ae t ay z ih ng b er s ah v er ay d iy s p er n ah v er ch ey n z s sil 
LOG (lattice-best-path[5.5.1126~1-8c451]:main():lattice-best-path.cc:99) For utterance f1_401, best cost 112.715 + 427.693 = 540.408 over 395 frames.
f1_401 sil t aa n s ah s ah l er ch er k l ae n s aa r aa k ah l sil 
LOG (lattice-best-path[5.5.1126~1-8c451]:main():lattice-best-path.cc:99) For utterance f1_406, best cost 133.638 + 562.51 = 696.148 over 518 frames.
f1_406 sil ih th ih k ae l f aa r iy er l iy ow v er w ao ng t ah m z iy z sil 
LOG (lattice-best-path[5.5.1126~1-8c451]:main():lattice-best-path.cc:99) For utterance f1_411, best cost 103.243 + 355.689 = 458.932 over 343 frames.
f1_411 sil iy z ih sh ah n t aa m ay z m aa r ah l ah s l iy sil 
LOG (lattice-best-path[5.5.1126~1-8c451]:main():lattice-best-path.cc:99) For utterance f1_416, best cost 55.5038 + 401.423 = 456.927 over 320 frames.
f1_416 sil ae k aa k ao t iy sil 
LOG (lattice-best-path[5.5.1126~1-8c451]:main():lattice-best-path.cc:99) For utterance f1_421, best cost 96.7991 + 346.524 = 443.323 over 329 frames.
f1_421 sil ih z b ae k aa s t ah n z ah p ay p er ah l sil 
LOG (lattice-best-path[5.5.1126~1-8c451]:main():lattice-best-path.cc:99) For utterance f1_426, best cost 136.699 + 441.191 = 577.89 over 437 frames.
f1_426 sil dh iy z ih g ow n z aa l ah jh ah s f r l ae s t er ah p oy d ah jh sil 
LOG (lattice-best-path[5.5.1126~1-8c451]:main():lattice-best-path.cc:99) For utterance f1_431, best cost 99.5094 + 477.909 = 577.418 over 432 frames.
f1_431 sil n ah m p r ah v er z ey sh ah n t eh v er iy z sil 
LOG (lattice-best-path[5.5.1126~1-8c451]:main():lattice-best-path.cc:99) For utterance f1_436, best cost 102.863 + 431.122 = 533.985 over 405 frames.
f1_436 sil ey f r iy k ae l iy p er z ah n t ih ng s k ih ng sil 
LOG (lattice-best-path[5.5.1126~1-8c451]:main():lattice-best-path.cc:99) For utterance f1_441, best cost 83.8286 + 373.775 = 457.604 over 335 frames.
f1_441 sil r ae k ah n iy z ah k ae g r iy ah m sil 
LOG (lattice-best-path[5.5.1126~1-8c451]:main():lattice-best-path.cc:99) For utterance f1_446, best cost 105.75 + 409.132 = 514.882 over 379 frames.
f1_446 sil ih s t iy ch ah p ow z iy m ay ih g ae m ah n t er sil 
LOG (lattice-best-path[5.5.1126~1-8c451]:main():lattice-best-path.cc:99) For utterance f1_451, best cost 130.622 + 454.458 = 585.08 over 444 frames.
f1_451 sil ch eh jh ah n p ah n s ih m ah n iy f er r ah l ah m ah n s ih ng sil 
LOG (lattice-best-path[5.5.1126~1-8c451]:main():lattice-best-path.cc:99) For utterance f1_456, best cost 111.896 + 482.705 = 594.601 over 433 frames.
f1_456 sil ah m ah s ih z ae k ae t er aw t ow z k aa r d ah n sil 
LOG (lattice-best-path[5.5.1126~1-8c451]:main():lattice-best-path.cc:99) For utterance f5_001, best cost 55.0059 + 259.759 = 314.765 over 249 frames.
f5_001 sil ih z ih z iy p er ah s sil 
LOG (lattice-best-path[5.5.1126~1-8c451]:main():lattice-best-path.cc:99) For utterance f5_006, best cost 66.3626 + 336.507 = 402.869 over 325 frames.
f5_006 sil w ay iy l w er iy ow v z sil 
LOG (lattice-best-path[5.5.1126~1-8c451]:main():lattice-best-path.cc:99) For utterance f5_011, best cost 24.9275 + 316.652 = 341.58 over 301 frames.
f5_011 sil n sil 
LOG (lattice-best-path[5.5.1126~1-8c451]:main():lattice-best-path.cc:99) For utterance f5_021, best cost 55.8116 + 296.842 = 352.654 over 301 frames.
f5_021 sil ah l iy l er z d er z sil 
LOG (lattice-best-path[5.5.1126~1-8c451]:main():lattice-best-path.cc:99) For utterance f5_031, best cost 43.2162 + 378.506 = 421.723 over 391 frames.
f5_031 sil uw ey sh ah n sil 
LOG (lattice-best-path[5.5.1126~1-8c451]:main():lattice-best-path.cc:99) For utterance f5_036, best cost 33.5782 + 347.177 = 380.756 over 348 frames.
f5_036 sil ao r t sil 
LOG (lattice-best-path[5.5.1126~1-8c451]:main():lattice-best-path.cc:99) For utterance f5_041, best cost 33.4741 + 371.15 = 404.624 over 364 frames.
f5_041 sil ih sh sil 
LOG (lattice-best-path[5.5.1126~1-8c451]:main():lattice-best-path.cc:99) For utterance f5_046, best cost 85.4371 + 317.26 = 402.697 over 354 frames.
f5_046 sil dh iy p r aa l ao r s k y ah s k ay z sil 
LOG (lattice-best-path[5.5.1126~1-8c451]:main():lattice-best-path.cc:99) For utterance f5_051, best cost 72.0523 + 383.683 = 455.735 over 393 frames.
f5_051 sil g r iy l iy p ey sh iy t ah d sil 
LOG (lattice-best-path[5.5.1126~1-8c451]:main():lattice-best-path.cc:99) For utterance f5_056, best cost 112.519 + 394.905 = 507.424 over 446 frames.
f5_056 sil k ae s er d ih ch k aa s t iy p r ih k r iy s ih z sil 
LOG (lattice-best-path[5.5.1126~1-8c451]:main():lattice-best-path.cc:99) For utterance f5_061, best cost 122.564 + 298.869 = 421.433 over 377 frames.
f5_061 sil k l ih s t ih s p l ey l ih z ah s p l iy s ah n s k r iy n sil 
LOG (lattice-best-path[5.5.1126~1-8c451]:main():lattice-best-path.cc:99) For utterance f5_066, best cost 34.7108 + 328.717 = 363.427 over 335 frames.
f5_066 sil r iy l iy sil 
LOG (lattice-best-path[5.5.1126~1-8c451]:main():lattice-best-path.cc:99) For utterance f5_071, best cost 111.804 + 409.832 = 521.636 over 448 frames.
f5_071 sil k w aa p er sh ah l aa ng l iy v iy t ih s p iy t sil 
LOG (lattice-best-path[5.5.1126~1-8c451]:main():lattice-best-path.cc:99) For utterance f5_076, best cost 24.0748 + 309.25 = 333.325 over 309 frames.
f5_076 sil er sil 
LOG (lattice-best-path[5.5.1126~1-8c451]:main():lattice-best-path.cc:99) For utterance f5_081, best cost 87.0716 + 353.402 = 440.474 over 373 frames.
f5_081 sil r ey p r iy z t ae k s w ey sh ah n sil 
LOG (lattice-best-path[5.5.1126~1-8c451]:main():lattice-best-path.cc:99) For utterance f5_086, best cost 65.0138 + 500.353 = 565.367 over 495 frames.
f5_086 sil r ao l hh ao l ah d ey z sil 
LOG (lattice-best-path[5.5.1126~1-8c451]:main():lattice-best-path.cc:99) For utterance f5_091, best cost 61.4935 + 319.033 = 380.527 over 318 frames.
f5_091 sil t ae n hh er hh ao l iy sil 
LOG (lattice-best-path[5.5.1126~1-8c451]:main():lattice-best-path.cc:99) For utterance f5_096, best cost 37.4459 + 339.941 = 377.387 over 334 frames.
f5_096 sil ih sh uh k sil 
LOG (lattice-best-path[5.5.1126~1-8c451]:main():lattice-best-path.cc:99) For utterance f5_101, best cost 34.0066 + 319.1 = 353.107 over 302 frames.
f5_101 sil t ae n d sil 
LOG (lattice-best-path[5.5.1126~1-8c451]:main():lattice-best-path.cc:99) For utterance f5_106, best cost 21.7998 + 403.727 = 425.527 over 388 frames.
f5_106 sil iy sil 
LOG (lattice-best-path[5.5.1126~1-8c451]:main():lattice-best-path.cc:99) For utterance f5_111, best cost 97.9422 + 291.076 = 389.018 over 318 frames.
f5_111 sil ih sh l ah n t eh l ah jh ah n z ih z f er iy l sil 
LOG (lattice-best-path[5.5.1126~1-8c451]:main():lattice-best-path.cc:99) For utterance f5_116, best cost 17.5611 + 341.323 = 358.884 over 326 frames.
f5_116 sil sil 
LOG (lattice-best-path[5.5.1126~1-8c451]:main():lattice-best-path.cc:99) For utterance f5_121, best cost 30.1007 + 514.804 = 544.905 over 496 frames.
f5_121 sil z sil sil 
LOG (lattice-best-path[5.5.1126~1-8c451]:main():lattice-best-path.cc:99) For utterance f5_126, best cost 83.5509 + 437.743 = 521.294 over 451 frames.
f5_126 sil dh iy ch aa m aa r er f ih k ey sh ah n sil 
LOG (lattice-best-path[5.5.1126~1-8c451]:main():lattice-best-path.cc:99) For utterance f5_131, best cost 86.7409 + 376.1 = 462.841 over 403 frames.
f5_131 sil m ay n s t r ah n z ah s k ah sh ah l sil 
LOG (lattice-best-path[5.5.1126~1-8c451]:main():lattice-best-path.cc:99) For utterance f5_136, best cost 21.9298 + 369.302 = 391.232 over 370 frames.
f5_136 sil s sil 
LOG (lattice-best-path[5.5.1126~1-8c451]:main():lattice-best-path.cc:99) For utterance f5_141, best cost 25.9021 + 370.202 = 396.104 over 366 frames.
f5_141 sil er z sil 
LOG (lattice-best-path[5.5.1126~1-8c451]:main():lattice-best-path.cc:99) For utterance f5_146, best cost 35.8541 + 422.059 = 457.913 over 398 frames.
f5_146 sil hh er ao z sil 
LOG (lattice-best-path[5.5.1126~1-8c451]:main():lattice-best-path.cc:99) For utterance f5_151, best cost 48.1368 + 311.631 = 359.767 over 304 frames.
f5_151 sil aw n dh iy b ay iy sil 
LOG (lattice-best-path[5.5.1126~1-8c451]:main():lattice-best-path.cc:99) For utterance f5_156, best cost 124.077 + 487.232 = 611.31 over 500 frames.
f5_156 sil w eh v er k w aa n ae n s k ae m iy l w iy w ao r d ah d sil 
LOG (lattice-best-path[5.5.1126~1-8c451]:main():lattice-best-path.cc:99) For utterance f5_161, best cost 36.4263 + 418.717 = 455.143 over 443 frames.
f5_161 sil l er iy z sil 
LOG (lattice-best-path[5.5.1126~1-8c451]:main():lattice-best-path.cc:99) For utterance f5_166, best cost 57.166 + 341.158 = 398.324 over 336 frames.
f5_166 sil k ae n ao l w er z sil 
LOG (lattice-best-path[5.5.1126~1-8c451]:main():lattice-best-path.cc:99) For utterance f5_171, best cost 104.226 + 340.569 = 444.795 over 374 frames.
f5_171 sil ih s t r oy iy f ay l r l iy t uw m ay s sil 
LOG (lattice-best-path[5.5.1126~1-8c451]:main():lattice-best-path.cc:99) For utterance f5_176, best cost 71.2465 + 270.485 = 341.731 over 282 frames.
f5_176 sil n jh oy ow ah n ay d ih sh ah n sil 
LOG (lattice-best-path[5.5.1126~1-8c451]:main():lattice-best-path.cc:99) For utterance f5_181, best cost 55.4096 + 482.579 = 537.989 over 465 frames.
f5_181 sil iy s t ih z iy z ah z sil 
LOG (lattice-best-path[5.5.1126~1-8c451]:main():lattice-best-path.cc:99) For utterance f5_186, best cost 25.637 + 375.787 = 401.424 over 352 frames.
f5_186 sil n z sil 
LOG (lattice-best-path[5.5.1126~1-8c451]:main():lattice-best-path.cc:99) For utterance f5_191, best cost 75.6773 + 392.532 = 468.21 over 383 frames.
f5_191 sil ah l k aa m ao l ah k r ah n z sil 
LOG (lattice-best-path[5.5.1126~1-8c451]:main():lattice-best-path.cc:99) For utterance f5_196, best cost 91.2284 + 404.959 = 496.188 over 428 frames.
f5_196 sil dh iy s er er f er m ah n ah v ae k sh ah n sil 
LOG (lattice-best-path[5.5.1126~1-8c451]:main():lattice-best-path.cc:99) For utterance f5_201, best cost 86.7514 + 401.314 = 488.065 over 415 frames.
f5_201 sil ao r uw dh iy p r aa jh ih n ey sh ah n sil 
LOG (lattice-best-path[5.5.1126~1-8c451]:main():lattice-best-path.cc:99) For utterance f5_206, best cost 39.9237 + 443.885 = 483.808 over 417 frames.
f5_206 sil sil aa n ah sil 
LOG (lattice-best-path[5.5.1126~1-8c451]:main():lattice-best-path.cc:99) For utterance f5_211, best cost 92.2744 + 313.524 = 405.799 over 329 frames.
f5_211 sil hh ay oy n f r iy l iy m iy n s ih ng ih ng sil 
LOG (lattice-best-path[5.5.1126~1-8c451]:main():lattice-best-path.cc:99) For utterance f5_216, best cost 42.3218 + 394.991 = 437.313 over 379 frames.
f5_216 sil dh iy p ey sh ah n sil 
LOG (lattice-best-path[5.5.1126~1-8c451]:main():lattice-best-path.cc:99) For utterance f5_221, best cost 103.196 + 311.666 = 414.861 over 339 frames.
f5_221 sil hh aw n sh ah n z ih s ah b oy ah s k ah l iy d er sil 
LOG (lattice-best-path[5.5.1126~1-8c451]:main():lattice-best-path.cc:99) For utterance f5_226, best cost 54.6696 + 366.896 = 421.566 over 364 frames.
f5_226 sil dh iy k ao r jh ah s t er sil 
LOG (lattice-best-path[5.5.1126~1-8c451]:main():lattice-best-path.cc:99) For utterance f5_231, best cost 83.6631 + 278.343 = 362.006 over 302 frames.
f5_231 sil iy r ow p ah n eh v er iy m ah n ih ng sil 
LOG (lattice-best-path[5.5.1126~1-8c451]:main():lattice-best-path.cc:99) For utterance f5_236, best cost 69.2415 + 353.134 = 422.375 over 356 frames.
f5_236 sil hh ow l iy eh l ah jh ah s ih ng sil 
LOG (lattice-best-path[5.5.1126~1-8c451]:main():lattice-best-path.cc:99) For utterance f5_241, best cost 50.3463 + 403.933 = 454.279 over 406 frames.
f5_241 sil dh iy jh ao ah l z sil 
LOG (lattice-best-path[5.5.1126~1-8c451]:main():lattice-best-path.cc:99) For utterance f5_246, best cost 42.1369 + 348.343 = 390.48 over 340 frames.
f5_246 sil r iy b oy sil 
LOG (lattice-best-path[5.5.1126~1-8c451]:main():lattice-best-path.cc:99) For utterance f5_251, best cost 92.0182 + 497.957 = 589.975 over 520 frames.
f5_251 sil f r ah s iy ch iy p ow l er n ah l sil 
LOG (lattice-best-path[5.5.1126~1-8c451]:main():lattice-best-path.cc:99) For utterance f5_256, best cost 46.5116 + 442.651 = 489.162 over 433 frames.
f5_256 sil ih z ey sh ah l sil 
LOG (lattice-best-path[5.5.1126~1-8c451]:main():lattice-best-path.cc:99) For utterance f5_261, best cost 68.1923 + 394.066 = 462.259 over 410 frames.
f5_261 sil l sh ah z ah b er y ah l sil 
LOG (lattice-best-path[5.5.1126~1-8c451]:main():lattice-best-path.cc:99) For utterance f5_266, best cost 67.1929 + 307.595 = 374.788 over 333 frames.
f5_266 sil sh ah d r ae m ah l z uw z sil 
LOG (lattice-best-path[5.5.1126~1-8c451]:main():lattice-best-path.cc:99) For utterance f5_271, best cost 49.3628 + 315.908 = 365.27 over 314 frames.
f5_271 sil n sh iy p l iy sil 
LOG (lattice-best-path[5.5.1126~1-8c451]:main():lattice-best-path.cc:99) For utterance f5_276, best cost 54.8266 + 318.941 = 373.768 over 321 frames.
f5_276 sil iy w eh n er ah l z sil 
LOG (lattice-best-path[5.5.1126~1-8c451]:main():lattice-best-path.cc:99) For utterance f5_281, best cost 40.1069 + 617.145 = 657.252 over 565 frames.
f5_281 sil n f ao r sil 
LOG (lattice-best-path[5.5.1126~1-8c451]:main():lattice-best-path.cc:99) For utterance f5_286, best cost 59.9978 + 296.705 = 356.702 over 319 frames.
f5_286 sil ch iy s ah s k ae l iy sil 
LOG (lattice-best-path[5.5.1126~1-8c451]:main():lattice-best-path.cc:99) For utterance f5_291, best cost 17.7736 + 379.393 = 397.166 over 368 frames.
f5_291 sil sil 
LOG (lattice-best-path[5.5.1126~1-8c451]:main():lattice-best-path.cc:99) For utterance f5_296, best cost 53.6207 + 609.172 = 662.792 over 575 frames.
f5_296 sil n dh iy b ay l ah s sil 
LOG (lattice-best-path[5.5.1126~1-8c451]:main():lattice-best-path.cc:99) For utterance f5_301, best cost 58.2075 + 438.967 = 497.174 over 425 frames.
f5_301 sil t aa t aa p r eh r sil 
LOG (lattice-best-path[5.5.1126~1-8c451]:main():lattice-best-path.cc:99) For utterance f5_306, best cost 59.7515 + 445.72 = 505.472 over 433 frames.
f5_306 sil r aa n f r ah m ay l z sil 
LOG (lattice-best-path[5.5.1126~1-8c451]:main():lattice-best-path.cc:99) For utterance f5_311, best cost 63.3536 + 468.207 = 531.56 over 458 frames.
f5_311 sil dh iy f r ah n ch ae l d er sil 
LOG (lattice-best-path[5.5.1126~1-8c451]:main():lattice-best-path.cc:99) For utterance f5_316, best cost 109.443 + 442.696 = 552.139 over 457 frames.
f5_316 sil r iy s k ah l ih l ay s er f iy l ih ng ih sh ah n sil 
LOG (lattice-best-path[5.5.1126~1-8c451]:main():lattice-best-path.cc:99) For utterance f5_321, best cost 121.559 + 341.756 = 463.315 over 377 frames.
f5_321 sil ah l er w ao z ah p oy n t uw t ae k s k y uw hh er w ah l sil 
LOG (lattice-best-path[5.5.1126~1-8c451]:main():lattice-best-path.cc:99) For utterance f5_326, best cost 164.896 + 385.286 = 550.182 over 481 frames.
f5_326 sil dh iy s ih s t ah m ey b r iy k aw n s ih n s ih s ey t er f ay l z f r iy k ah l iy sil 
LOG (lattice-best-path[5.5.1126~1-8c451]:main():lattice-best-path.cc:99) For utterance f5_331, best cost 39.7017 + 498.168 = 537.87 over 487 frames.
f5_331 sil r iy aw er z sil 
LOG (lattice-best-path[5.5.1126~1-8c451]:main():lattice-best-path.cc:99) For utterance f5_336, best cost 113.1 + 384.138 = 497.237 over 396 frames.
f5_336 sil eh n oy s p aa r ih z m w ao r n oy n iy ch t iy sil 
LOG (lattice-best-path[5.5.1126~1-8c451]:main():lattice-best-path.cc:99) For utterance f5_341, best cost 64.0188 + 425.073 = 489.092 over 420 frames.
f5_341 sil m ah n eh v er dh iy k ah n sil 
LOG (lattice-best-path[5.5.1126~1-8c451]:main():lattice-best-path.cc:99) For utterance f5_346, best cost 67.8828 + 347.776 = 415.658 over 360 frames.
f5_346 sil m ah n iy n s iy ch iy er sil 
LOG (lattice-best-path[5.5.1126~1-8c451]:main():lattice-best-path.cc:99) For utterance f5_351, best cost 28.6085 + 340.368 = 368.977 over 341 frames.
f5_351 sil dh ae n sil 
LOG (lattice-best-path[5.5.1126~1-8c451]:main():lattice-best-path.cc:99) For utterance f5_361, best cost 102.802 + 336.14 = 438.941 over 372 frames.
f5_361 sil sh iy l ah t uw s iy n l iy z t ay s ah l iy sil 
LOG (lattice-best-path[5.5.1126~1-8c451]:main():lattice-best-path.cc:99) For utterance f5_366, best cost 56.6565 + 403.767 = 460.424 over 405 frames.
f5_366 sil iy s k r ao s ah z sil 
LOG (lattice-best-path[5.5.1126~1-8c451]:main():lattice-best-path.cc:99) For utterance f5_371, best cost 38.488 + 423.614 = 462.102 over 396 frames.
f5_371 sil ch ey n jh sil 
LOG (lattice-best-path[5.5.1126~1-8c451]:main():lattice-best-path.cc:99) For utterance f5_376, best cost 33.9991 + 375.219 = 409.218 over 351 frames.
f5_376 sil n d ih l sil 
LOG (lattice-best-path[5.5.1126~1-8c451]:main():lattice-best-path.cc:99) For utterance f5_381, best cost 110.533 + 418.583 = 529.115 over 463 frames.
f5_381 sil ng y uw ch ey n b iy ch er dh iy w aa sh t er l iy sil 
LOG (lattice-best-path[5.5.1126~1-8c451]:main():lattice-best-path.cc:99) For utterance f5_386, best cost 63.8301 + 401.108 = 464.938 over 421 frames.
f5_386 sil k r ae k w ih sh t ae m sil 
LOG (lattice-best-path[5.5.1126~1-8c451]:main():lattice-best-path.cc:99) For utterance f5_391, best cost 44.5003 + 318.922 = 363.423 over 321 frames.
f5_391 sil sh er l iy n sil 
LOG (lattice-best-path[5.5.1126~1-8c451]:main():lattice-best-path.cc:99) For utterance f5_396, best cost 89.5126 + 482.134 = 571.647 over 518 frames.
f5_396 sil r ay t iy s er n eh v er ch ey n d ih z sil 
LOG (lattice-best-path[5.5.1126~1-8c451]:main():lattice-best-path.cc:99) For utterance f5_401, best cost 95.8964 + 379.883 = 475.78 over 394 frames.
f5_401 sil t aa zh er k l ae m p ah p r aa b ah m sil 
LOG (lattice-best-path[5.5.1126~1-8c451]:main():lattice-best-path.cc:99) For utterance f5_406, best cost 138.049 + 474.833 = 612.882 over 512 frames.
f5_406 sil eh l m f ao r s ih z n l iy ow v er w aa t ah ch ah m z iy z sil 
LOG (lattice-best-path[5.5.1126~1-8c451]:main():lattice-best-path.cc:99) For utterance f5_411, best cost 37.8028 + 451.645 = 489.448 over 433 frames.
f5_411 sil sil l iy sil 
LOG (lattice-best-path[5.5.1126~1-8c451]:main():lattice-best-path.cc:99) For utterance f5_416, best cost 21.4933 + 377.169 = 398.662 over 339 frames.
f5_416 sil d sil 
LOG (lattice-best-path[5.5.1126~1-8c451]:main():lattice-best-path.cc:99) For utterance f5_421, best cost 45.1651 + 334.087 = 379.252 over 332 frames.
f5_421 sil k ah l ah f ah l sil 
LOG (lattice-best-path[5.5.1126~1-8c451]:main():lattice-best-path.cc:99) For utterance f5_431, best cost 27.37 + 458.23 = 485.6 over 427 frames.
f5_431 sil er z sil 
LOG (lattice-best-path[5.5.1126~1-8c451]:main():lattice-best-path.cc:99) For utterance f5_436, best cost 59.8979 + 409.144 = 469.042 over 405 frames.
f5_436 sil sil ey f r iy k ah ng sil 
LOG (lattice-best-path[5.5.1126~1-8c451]:main():lattice-best-path.cc:99) For utterance f5_441, best cost 90.6753 + 300.661 = 391.337 over 325 frames.
f5_441 sil r aa k ah n iy z ih k ae z ah g r iy ah m sil 
LOG (lattice-best-path[5.5.1126~1-8c451]:main():lattice-best-path.cc:99) For utterance f5_446, best cost 97.4029 + 375.974 = 473.377 over 398 frames.
f5_446 sil iy s ah m p ow z iy m ay ae n ah m ah n d iy sil 
LOG (lattice-best-path[5.5.1126~1-8c451]:main():lattice-best-path.cc:99) For utterance f5_451, best cost 83.7504 + 513.103 = 596.853 over 533 frames.
f5_451 sil sil ah m ah n iy f r uw r ah l ih ng sil 
LOG (lattice-best-path[5.5.1126~1-8c451]:main():lattice-best-path.cc:99) For utterance f5_456, best cost 78.1255 + 424.585 = 502.71 over 434 frames.
f5_456 sil ah l aa n d uw aa t ah s k ah n sil 
LOG (lattice-best-path[5.5.1126~1-8c451]:main():lattice-best-path.cc:99) For utterance m1_001, best cost 64.4065 + 216.401 = 280.807 over 200 frames.
m1_001 sil ih s w ao z iy f er ae s sil 
LOG (lattice-best-path[5.5.1126~1-8c451]:main():lattice-best-path.cc:99) For utterance m1_006, best cost 103.444 + 403.215 = 506.659 over 381 frames.
m1_006 sil l ah jh eh l ao r iy ow v er s ah l iy ay d ah m z sil 
LOG (lattice-best-path[5.5.1126~1-8c451]:main():lattice-best-path.cc:99) For utterance m1_011, best cost 84.9558 + 362.783 = 447.739 over 308 frames.
m1_011 sil s ah n ao r ah m ah s hh ay jh ch ae n sil 
LOG (lattice-best-path[5.5.1126~1-8c451]:main():lattice-best-path.cc:99) For utterance m1_016, best cost 109.185 + 388.38 = 497.565 over 374 frames.
m1_016 sil ae l ah m ow n iy hh ay m z ah n ae n s w eh l f sil 
LOG (lattice-best-path[5.5.1126~1-8c451]:main():lattice-best-path.cc:99) For utterance m1_021, best cost 79.2724 + 376.425 = 455.697 over 323 frames.
m1_021 sil ah l er z l ah m ih l iy ah n er z sil 
LOG (lattice-best-path[5.5.1126~1-8c451]:main():lattice-best-path.cc:99) For utterance m1_026, best cost 85.5171 + 363.145 = 448.662 over 326 frames.
m1_026 sil d ow ch uw ch eh l iy ch er ih sh ah s sil 
LOG (lattice-best-path[5.5.1126~1-8c451]:main():lattice-best-path.cc:99) For utterance m1_031, best cost 123.928 + 441.931 = 565.86 over 415 frames.
m1_031 sil aa r ow l b r ih z w ih z r eh jh oy ih sh ah p er z ah n sil 
LOG (lattice-best-path[5.5.1126~1-8c451]:main():lattice-best-path.cc:99) For utterance m1_036, best cost 116.509 + 400.85 = 517.359 over 379 frames.
m1_036 sil ae s k ah p ow l k ah n b iy ah n er t ih ng k s ao r sil 
LOG (lattice-best-path[5.5.1126~1-8c451]:main():lattice-best-path.cc:99) For utterance m1_041, best cost 114.453 + 408.241 = 522.694 over 398 frames.
m1_041 sil ah d eh k s t r s p aa p ah t uw k aa p ih sh ao r sil 
LOG (lattice-best-path[5.5.1126~1-8c451]:main():lattice-best-path.cc:99) For utterance m1_046, best cost 113.832 + 445.406 = 559.238 over 421 frames.
m1_046 sil dh iy p r ao l ao r s k iy m ae s k f er d ay z sil 
LOG (lattice-best-path[5.5.1126~1-8c451]:main():lattice-best-path.cc:99) For utterance m1_051, best cost 141.779 + 459.094 = 600.873 over 421 frames.
m1_051 sil ih n iy k ah k r iy sh ah n ah b ah b iy g r ey t l iy p r ih sh ey d sil 
LOG (lattice-best-path[5.5.1126~1-8c451]:main():lattice-best-path.cc:99) For utterance m1_056, best cost 152.585 + 501.888 = 654.473 over 496 frames.
m1_056 sil l ae sh er z k ae sh er jh k aa z s t iy p r ay s ih ng k r iy s ah z sil 
LOG (lattice-best-path[5.5.1126~1-8c451]:main():lattice-best-path.cc:99) For utterance m1_061, best cost 139.884 + 403.682 = 543.566 over 422 frames.
m1_061 sil k l ih s t ih s p l iy w ao z m ih z p l ey s t ah m ah s k r iy n sil 
LOG (lattice-best-path[5.5.1126~1-8c451]:main():lattice-best-path.cc:99) For utterance m1_066, best cost 108.066 + 401.402 = 509.469 over 365 frames.
m1_066 sil ao t er z p er s k r ay v er k s t uw f r iy 
LOG (lattice-best-path[5.5.1126~1-8c451]:main():lattice-best-path.cc:99) For utterance m1_071, best cost 175.149 + 572.945 = 748.094 over 544 frames.
m1_071 sil k w aa p er ih sh ah n ah l aa ng w er s t ae n ih ng ih l iy v iy ey p ih s p y uw d sil 
LOG (lattice-best-path[5.5.1126~1-8c451]:main():lattice-best-path.cc:99) For utterance m1_076, best cost 98.9669 + 373.375 = 472.342 over 355 frames.
m1_076 sil dh iy f ih ng t er z ah f ey m ah s k ah l ch er sil 
LOG (lattice-best-path[5.5.1126~1-8c451]:main():lattice-best-path.cc:99) For utterance m1_081, best cost 138.823 + 414.941 = 553.764 over 397 frames.
m1_081 sil m eh s r ey p aa r iy z t ae k s w aa n z ah m ah jh ah n ih sh ah n sil 
LOG (lattice-best-path[5.5.1126~1-8c451]:main():lattice-best-path.cc:99) For utterance m1_086, best cost 166.062 + 594.272 = 760.333 over 555 frames.
m1_086 sil er ch ow t eh k er ey p er k l ae f r ah m z f r ow l hh ao l ah d ey z sil 
LOG (lattice-best-path[5.5.1126~1-8c451]:main():lattice-best-path.cc:99) For utterance m1_091, best cost 109.178 + 427.328 = 536.506 over 365 frames.
m1_091 sil y uw jh t ae t s t r iy hh aw n ah p er hh aa l ay 
LOG (lattice-best-path[5.5.1126~1-8c451]:main():lattice-best-path.cc:99) For utterance m1_096, best cost 104.544 + 402.96 = 507.504 over 359 frames.
m1_096 sil ih s ah n d ah p aa r ch er sh aa k ih k ae s t sil 
LOG (lattice-best-path[5.5.1126~1-8c451]:main():lattice-best-path.cc:99) For utterance m1_101, best cost 96.4108 + 338.074 = 434.484 over 310 frames.
m1_101 sil k aa s p ah s k r uw n er l ae f t ae n sil 
LOG (lattice-best-path[5.5.1126~1-8c451]:main():lattice-best-path.cc:99) For utterance m1_106, best cost 137.095 + 470.218 = 607.313 over 432 frames.
m1_106 sil t r ah s k ae s ih ng ih z f r b ah n s ah jh ah t uw p eh n ah l iy sil 
LOG (lattice-best-path[5.5.1126~1-8c451]:main():lattice-best-path.cc:99) For utterance m1_111, best cost 111.869 + 348.056 = 459.925 over 358 frames.
m1_111 sil aa r f ih sh ow n t ah l ah jh ah n s ih f er r iy l sil 
LOG (lattice-best-path[5.5.1126~1-8c451]:main():lattice-best-path.cc:99) For utterance m1_116, best cost 98.0241 + 380.254 = 478.278 over 369 frames.
m1_116 sil w iy p l ae n t uw b ih l ah n uw b eh v er sil 
LOG (lattice-best-path[5.5.1126~1-8c451]:main():lattice-best-path.cc:99) For utterance m1_121, best cost 150.748 + 609.497 = 760.245 over 552 frames.
m1_121 sil s ay n t ih f r iy p r r ah s k ah m f r uw d ih v eh l m ah n iy k s sil 
LOG (lattice-best-path[5.5.1126~1-8c451]:main():lattice-best-path.cc:99) For utterance m1_126, best cost 162.292 + 449.756 = 612.048 over 458 frames.
m1_126 sil w ih ch l aa n ao r d ih k ah l w ao z ah p ey k ah n iy v k l er v k ey sh ah n sil 
LOG (lattice-best-path[5.5.1126~1-8c451]:main():lattice-best-path.cc:99) For utterance m1_131, best cost 124.226 + 493.035 = 617.261 over 438 frames.
m1_131 sil k er t s k ih sh ah n ah m ay n jh d n z k r jh ah l sil 
LOG (lattice-best-path[5.5.1126~1-8c451]:main():lattice-best-path.cc:99) For utterance m1_136, best cost 115.198 + 363.875 = 479.072 over 373 frames.
m1_136 sil iy t ow z ih g z ih s t ih n w er k l ay m ah s sil 
LOG (lattice-best-path[5.5.1126~1-8c451]:main():lattice-best-path.cc:99) For utterance m1_141, best cost 113.186 + 431.278 = 544.464 over 385 frames.
m1_141 sil r uw v ih s p l ah n t er ah p eh r ah p iy z er z sil 
LOG (lattice-best-path[5.5.1126~1-8c451]:main():lattice-best-path.cc:99) For utterance m1_146, best cost 108.862 + 548.566 = 657.428 over 474 frames.
m1_146 sil hh er w aa b er hh er er m ay ao t ah m l iy s sil 
LOG (lattice-best-path[5.5.1126~1-8c451]:main():lattice-best-path.cc:99) For utterance m1_151, best cost 75.8689 + 358.424 = 434.293 over 332 frames.
m1_151 sil dh iy k ay ae k ah m b ay y uw 
LOG (lattice-best-path[5.5.1126~1-8c451]:main():lattice-best-path.cc:99) For utterance m1_156, best cost 154.125 + 533.945 = 688.07 over 528 frames.
m1_156 sil w eh v er k w aa p er ih f ay n ih ng ae n s k ae m iy ow b iy w ao r d sil 
LOG (lattice-best-path[5.5.1126~1-8c451]:main():lattice-best-path.cc:99) For utterance m1_161, best cost 133.037 + 497.066 = 630.103 over 477 frames.
m1_161 sil eh r l iy s iy v ih f y ao r jh f r dh iy s aa f l er iy z sil 
LOG (lattice-best-path[5.5.1126~1-8c451]:main():lattice-best-path.cc:99) For utterance m1_166, best cost 91.422 + 405.051 = 496.473 over 380 frames.
m1_166 sil dh iy k ae n iy ae l w er m ay iy er z sil 
LOG (lattice-best-path[5.5.1126~1-8c451]:main():lattice-best-path.cc:99) For utterance m1_171, best cost 124.048 + 425.237 = 549.285 over 411 frames.
m1_171 sil ih sh ao r iy eh v er f ay l r l iy t uw m ay ao t ah s sil 
LOG (lattice-best-path[5.5.1126~1-8c451]:main():lattice-best-path.cc:99) For utterance m1_176, best cost 65.3183 + 396.908 = 462.226 over 331 frames.
m1_176 sil ey jh oy l er d ih sh ah n sil 
LOG (lattice-best-path[5.5.1126~1-8c451]:main():lattice-best-path.cc:99) For utterance m1_181, best cost 172.174 + 500.555 = 672.729 over 502 frames.
m1_181 sil ch ih l d ah n t uw f ao r d ih k s p ow sh er t uw k ah n t ey t ih z d ih z iy z ah z sil 
LOG (lattice-best-path[5.5.1126~1-8c451]:main():lattice-best-path.cc:99) For utterance m1_186, best cost 113.941 + 432.899 = 546.84 over 402 frames.
m1_186 sil iy v ih l ey k ey sh ah n ah l iy ah m ah n d ey t uw z sil 
LOG (lattice-best-path[5.5.1126~1-8c451]:main():lattice-best-path.cc:99) For utterance m1_191, best cost 112.674 + 449.421 = 562.095 over 418 frames.
m1_191 sil m ay k ow k aa l er dh eh r w ao l p er aw n z sil 
LOG (lattice-best-path[5.5.1126~1-8c451]:main():lattice-best-path.cc:99) For utterance m1_196, best cost 137.193 + 509.82 = 647.013 over 488 frames.
m1_196 sil dh iy s er m ah n ah f ah s ay z ih n iy f er f er m ah n ae ch ah n sil 
LOG (lattice-best-path[5.5.1126~1-8c451]:main():lattice-best-path.cc:99) For utterance m1_201, best cost 120.446 + 482.854 = 603.3 over 453 frames.
m1_201 sil k ao r iy ah t ae t p r aa jh eh k w ih th er m ey sh ah n sil 
LOG (lattice-best-path[5.5.1126~1-8c451]:main():lattice-best-path.cc:99) For utterance m1_206, best cost 145.966 + 415.002 = 560.969 over 414 frames.
m1_206 sil s t ae v er l iy hh ae n d ah l ah s ay k ah l aa jh ih k ah l t r aa m ah 
LOG (lattice-best-path[5.5.1126~1-8c451]:main():lattice-best-path.cc:99) For utterance m1_211, best cost 104.119 + 439.904 = 544.023 over 398 frames.
m1_211 sil ay er w ey ae n f r iy w ey n ah s ih ng f ih ng sil 
LOG (lattice-best-path[5.5.1126~1-8c451]:main():lattice-best-path.cc:99) For utterance m1_216, best cost 125.11 + 441.705 = 566.815 over 430 frames.
m1_216 sil z aa ch er w ao z ih n dh iy ae m y ah l ah n s w ey sh ah n z 
LOG (lattice-best-path[5.5.1126~1-8c451]:main():lattice-best-path.cc:99) For utterance m1_221, best cost 99.4858 + 394.347 = 493.833 over 367 frames.
m1_221 sil hh aw n z dh iy s ah b oy ah s k ah l ey t er sil 
LOG (lattice-best-path[5.5.1126~1-8c451]:main():lattice-best-path.cc:99) For utterance m1_226, best cost 102.697 + 415.001 = 517.698 over 388 frames.
m1_226 sil ao r jh ah v er f ah l ey t ah l ow v n ah ch er sil 
LOG (lattice-best-path[5.5.1126~1-8c451]:main():lattice-best-path.cc:99) For utterance m1_236, best cost 111.993 + 358.674 = 470.667 over 355 frames.
m1_236 sil hh aw oy l iy d iy l ih k ih s eh l ah jh er s ih ng 
LOG (lattice-best-path[5.5.1126~1-8c451]:main():lattice-best-path.cc:99) For utterance m1_241, best cost 146.992 + 428.47 = 575.462 over 452 frames.
m1_241 sil jh aa b r ey t s p ay iy z ih ng ih n t eh k ah n ah s t ih k aa s ah l z 
LOG (lattice-best-path[5.5.1126~1-8c451]:main():lattice-best-path.cc:99) For utterance m1_246, best cost 74.5542 + 474.403 = 548.957 over 395 frames.
m1_246 sil dh iy ih ng r iy b oy n t er aw 
LOG (lattice-best-path[5.5.1126~1-8c451]:main():lattice-best-path.cc:99) For utterance m1_251, best cost 174.406 + 573.405 = 747.811 over 561 frames.
m1_251 sil f er v er d ih z p er s t iy sh iy k ey sh ah n l iy r iy z ah l s t r iy ch er ah l sil 
LOG (lattice-best-path[5.5.1126~1-8c451]:main():lattice-best-path.cc:99) For utterance m1_256, best cost 135.375 + 494.695 = 630.07 over 461 frames.
m1_256 sil p ay n p eh r ao r ih z ey sh ah n z p er m ah b er t r l sil 
LOG (lattice-best-path[5.5.1126~1-8c451]:main():lattice-best-path.cc:99) For utterance m1_261, best cost 149.382 + 458.86 = 608.243 over 450 frames.
m1_261 sil w ih k ah p er v k ah l aa sh ah z er f er y uw s ah l ah n s iy aw t ah l sil 
LOG (lattice-best-path[5.5.1126~1-8c451]:main():lattice-best-path.cc:99) For utterance m1_266, best cost 107.042 + 424.303 = 531.346 over 395 frames.
m1_266 sil sh uw jh er ae s p iy k ae n s m l z uw z 
LOG (lattice-best-path[5.5.1126~1-8c451]:main():lattice-best-path.cc:99) For utterance m1_271, best cost 91.2973 + 335.218 = 426.515 over 320 frames.
m1_271 sil ah m iy d ih s ch ey n sh ey k aa l iy sil 
LOG (lattice-best-path[5.5.1126~1-8c451]:main():lattice-best-path.cc:99) For utterance m1_276, best cost 104.771 + 324.307 = 429.079 over 322 frames.
m1_276 sil ch ow z ah n f y uw w ih k aw n jh ah n er l z 
LOG (lattice-best-path[5.5.1126~1-8c451]:main():lattice-best-path.cc:99) For utterance m1_281, best cost 177.898 + 598.811 = 776.709 over 591 frames.
m1_281 sil m ay d ih s ay er z ah s ah m p ah l iy w aa n f ao r d ah p er r ae f aa n dh iy s ah sil 
LOG (lattice-best-path[5.5.1126~1-8c451]:main():lattice-best-path.cc:99) For utterance m1_286, best cost 116.404 + 356.638 = 473.042 over 359 frames.
m1_286 sil dh ae t aa ch ey s ih s k ae t s m er s ah l ah s l iy sil 
LOG (lattice-best-path[5.5.1126~1-8c451]:main():lattice-best-path.cc:99) For utterance m1_291, best cost 112.256 + 433.666 = 545.922 over 403 frames.
m1_291 sil l eh v er hh ae n d ey t iy ah s uw b ah l p ih f sil 
LOG (lattice-best-path[5.5.1126~1-8c451]:main():lattice-best-path.cc:99) For utterance m1_296, best cost 166.218 + 599.857 = 766.075 over 592 frames.
m1_296 sil ae l r s iy t uw jh oy dh iy p oy m ah n ah b ay l ah jh iy ah n jh ah n ih r iy s sil 
LOG (lattice-best-path[5.5.1126~1-8c451]:main():lattice-best-path.cc:99) For utterance m1_301, best cost 151.147 + 487.556 = 638.703 over 494 frames.
m1_301 sil t aa b p l ey z t aa p er ao r d iy ah n ih ng ih z b ay k f ih k s sil 
LOG (lattice-best-path[5.5.1126~1-8c451]:main():lattice-best-path.cc:99) For utterance m1_306, best cost 138.787 + 412.477 = 551.263 over 416 frames.
m1_306 sil jh aa r m er k iy l ih g uw n b aa n r aa n f r ah m ay l z 
LOG (lattice-best-path[5.5.1126~1-8c451]:main():lattice-best-path.cc:99) For utterance m1_311, best cost 103.432 + 617.379 = 720.81 over 539 frames.
m1_311 sil f r ah n t r ow z jh ah n s ih jh uw b ay er sil 
LOG (lattice-best-path[5.5.1126~1-8c451]:main():lattice-best-path.cc:99) For utterance m1_316, best cost 212.194 + 619.069 = 831.264 over 631 frames.
m1_316 sil dh iy p r iy s k ah l ah k ah n p er b l ay s er f ih l ah n d ah b aa th iy m er jh ah n t iy k ah n d ih sh ah n z sil 
LOG (lattice-best-path[5.5.1126~1-8c451]:main():lattice-best-path.cc:99) For utterance m1_321, best cost 126.142 + 408.88 = 535.023 over 412 frames.
m1_321 sil ah l er w ao z ah p oy n t ah t ae k s ih k y uw hh er w ih l 
LOG (lattice-best-path[5.5.1126~1-8c451]:main():lattice-best-path.cc:99) For utterance m1_326, best cost 153.208 + 520.755 = 673.963 over 542 frames.
m1_326 sil dh iy s ih s ah m ey b r iy aw n s uw n s ah s ey t er f ay l z f r iy sil 
LOG (lattice-best-path[5.5.1126~1-8c451]:main():lattice-best-path.cc:99) For utterance m1_331, best cost 144.216 + 581.375 = 725.591 over 556 frames.
m1_331 sil dh iy g ah m ah n k ae k ao r d ah k ah m p ao r f er f r iy aw er z 
LOG (lattice-best-path[5.5.1126~1-8c451]:main():lattice-best-path.cc:99) For utterance m1_336, best cost 139.073 + 488.119 = 627.192 over 475 frames.
m1_336 sil oy z p r aa g ow z r ow z m ao r n oy ih ng iy jh d ey 
LOG (lattice-best-path[5.5.1126~1-8c451]:main():lattice-best-path.cc:99) For utterance m1_341, best cost 127.256 + 486.912 = 614.168 over 455 frames.
m1_341 sil w ih m ey n eh v er k ah m k ah m p l iy t iy t ah m ah n sil 
LOG (lattice-best-path[5.5.1126~1-8c451]:main():lattice-best-path.cc:99) For utterance m1_346, best cost 98.2133 + 352.143 = 450.356 over 346 frames.
m1_346 sil w uh k ah m ah n iy n z d ah n s iy ch iy er sil 
LOG (lattice-best-path[5.5.1126~1-8c451]:main():lattice-best-path.cc:99) For utterance m1_351, best cost 106.901 + 397.933 = 504.835 over 372 frames.
m1_351 sil w ih jh ch er jh d ah s m ih s w er sh ah p ah n sil 
LOG (lattice-best-path[5.5.1126~1-8c451]:main():lattice-best-path.cc:99) For utterance m1_356, best cost 88.6536 + 354.379 = 443.033 over 338 frames.
m1_356 sil ey ao l ay k l ao ng hh aa ch aw er z sil 
LOG (lattice-best-path[5.5.1126~1-8c451]:main():lattice-best-path.cc:99) For utterance m1_361, best cost 121.929 + 386.245 = 508.174 over 383 frames.
m1_361 sil t ih n t ey z sh iy l ih k ah s y uw v iy s w oy s w iy sil 
LOG (lattice-best-path[5.5.1126~1-8c451]:main():lattice-best-path.cc:99) For utterance m1_366, best cost 142.417 + 441.273 = 583.69 over 444 frames.
m1_366 sil hh er w ao r jh er ah n s ih s ah v ah l l iy s k er t uw b aa s ah z sil 
LOG (lattice-best-path[5.5.1126~1-8c451]:main():lattice-best-path.cc:99) For utterance m1_371, best cost 130.563 + 420.616 = 551.179 over 409 frames.
m1_371 sil r ay dh iy s ah g w ey b ae k ae f ah n t ah n ah v ch ey n sh 
LOG (lattice-best-path[5.5.1126~1-8c451]:main():lattice-best-path.cc:99) For utterance m1_376, best cost 104.002 + 457.513 = 561.515 over 432 frames.
m1_376 sil uw dh iy g aa r b ih n er l aa r jh ah n d ow 
LOG (lattice-best-path[5.5.1126~1-8c451]:main():lattice-best-path.cc:99) For utterance m1_381, best cost 165.822 + 500.827 = 666.649 over 508 frames.
m1_381 sil n t uw f ah n ih sh k r iy s ih ng er ch ey n b iy sh er t uw w ao sh s er l iy sil 
LOG (lattice-best-path[5.5.1126~1-8c451]:main():lattice-best-path.cc:99) For utterance m1_386, best cost 142.762 + 496.597 = 639.359 over 461 frames.
m1_386 sil ah k r ae k aw n jh m iy b ah k w ih k s t ae ng k w ih sh ae m sil 
LOG (lattice-best-path[5.5.1126~1-8c451]:main():lattice-best-path.cc:99) For utterance m1_391, best cost 116.77 + 414.201 = 530.971 over 386 frames.
m1_391 sil iy ch t ae sh er l iy f ay n z ah b ih g f aa n sil 
LOG (lattice-best-path[5.5.1126~1-8c451]:main():lattice-best-path.cc:99) For utterance m1_396, best cost 184.046 + 518.797 = 702.843 over 528 frames.
m1_396 sil dh iy ae v er t ay z ih ng f er s ah v ah m ih f er ay t iy s t ao r n ah v er ch ey n jh ah z sil 
LOG (lattice-best-path[5.5.1126~1-8c451]:main():lattice-best-path.cc:99) For utterance m1_401, best cost 145.762 + 447.693 = 593.455 over 462 frames.
m1_401 sil k aa m ah th ih ng s ah l aa r jh er k l ae m p s ao l t uw p r ao ng 
LOG (lattice-best-path[5.5.1126~1-8c451]:main():lattice-best-path.cc:99) For utterance m1_406, best cost 160.888 + 659.812 = 820.7 over 617 frames.
m1_406 sil ow n f ao r s t w ih n er l iy ow v er w ao ng b ay b ae ch ow n z iy z sil 
LOG (lattice-best-path[5.5.1126~1-8c451]:main():lattice-best-path.cc:99) For utterance m1_411, best cost 132.535 + 391.254 = 523.789 over 395 frames.
m1_411 sil ow z m iy z ih sh ah n z hh aa r m ay z m aa r f l ah s l iy sil 
LOG (lattice-best-path[5.5.1126~1-8c451]:main():lattice-best-path.cc:99) For utterance m1_416, best cost 86.7884 + 462.254 = 549.043 over 408 frames.
m1_416 sil ae p aa p ih s k aa r d ae n d ih 
LOG (lattice-best-path[5.5.1126~1-8c451]:main():lattice-best-path.cc:99) For utterance m1_421, best cost 103.261 + 380.33 = 483.591 over 363 frames.
m1_421 sil dh ae n ah k aa s t ih n t er k w eh k ow s ah l sil 
LOG (lattice-best-path[5.5.1126~1-8c451]:main():lattice-best-path.cc:99) For utterance m1_426, best cost 137.725 + 531.689 = 669.414 over 507 frames.
m1_426 sil dh iy z ih g ow ah n z w ao l ah jh ah s r l ae k s t er ah w ey jh 
LOG (lattice-best-path[5.5.1126~1-8c451]:main():lattice-best-path.cc:99) For utterance m1_431, best cost 149.961 + 484.817 = 634.778 over 467 frames.
m1_431 sil aa m p r ao f ah t ao r ih n ah z ey sh ah n z f r iy ah r ih z er z sil 
LOG (lattice-best-path[5.5.1126~1-8c451]:main():lattice-best-path.cc:99) For utterance m1_436, best cost 148.041 + 511.502 = 659.542 over 482 frames.
m1_436 sil b er er t ey t f r iy k ah n dh iy ah k er z aa n f ay s k ih v ih ng 
LOG (lattice-best-path[5.5.1126~1-8c451]:main():lattice-best-path.cc:99) For utterance m1_441, best cost 106.925 + 374.749 = 481.674 over 358 frames.
m1_441 sil r aa r ah l m y uw z ih k ae z g r iy r dh iy m sil 
LOG (lattice-best-path[5.5.1126~1-8c451]:main():lattice-best-path.cc:99) For utterance m1_446, best cost 115.48 + 436.878 = 552.357 over 412 frames.
m1_446 sil dh iy s p iy ch ah m p ow z iy m ay t ih n ah m ah n d ey 
LOG (lattice-best-path[5.5.1126~1-8c451]:main():lattice-best-path.cc:99) For utterance m1_451, best cost 151.44 + 546.461 = 697.901 over 513 frames.
m1_451 sil n k ae n k ah n s uw m ah n iy f r uw r ah l ah s ah m ow n s ah d ih ng 
LOG (lattice-best-path[5.5.1126~1-8c451]:main():lattice-best-path.cc:99) For utterance m1_456, best cost 135.564 + 584.762 = 720.326 over 518 frames.
m1_456 sil ah m ao z ih g ae b l ah m ah p ae f r aa t ow z k aa r n sil 
LOG (lattice-best-path[5.5.1126~1-8c451]:main():lattice-best-path.cc:99) For utterance m3_001, best cost 72.5694 + 195.935 = 268.504 over 246 frames.
m3_001 sil ih s ah z iy z iy f ao r ah s sil 
LOG (lattice-best-path[5.5.1126~1-8c451]:main():lattice-best-path.cc:99) For utterance m3_006, best cost 107.977 + 278.083 = 386.059 over 352 frames.
m3_006 sil w ay d ae l ah r iy ow v er s ah l iy ae t ah m z sil 
LOG (lattice-best-path[5.5.1126~1-8c451]:main():lattice-best-path.cc:99) For utterance m3_011, best cost 84.7887 + 248.858 = 333.647 over 299 frames.
m3_011 sil s ah n y aa r m ah t ay z iy k ae n sil 
LOG (lattice-best-path[5.5.1126~1-8c451]:main():lattice-best-path.cc:99) For utterance m3_016, best cost 109.217 + 315.391 = 424.608 over 351 frames.
m3_016 sil ae l ah m ow n iy hh aw er m ao r t ae n t w ao l sil 
LOG (lattice-best-path[5.5.1126~1-8c451]:main():lattice-best-path.cc:99) For utterance m3_021, best cost 67.1447 + 271.634 = 338.779 over 291 frames.
m3_021 sil l iy l er z l ah n er z sil 
LOG (lattice-best-path[5.5.1126~1-8c451]:main():lattice-best-path.cc:99) For utterance m3_026, best cost 87.5967 + 240.702 = 328.299 over 293 frames.
m3_026 sil ow t uw t r l iy z er iy d ih sh ah z sil 
LOG (lattice-best-path[5.5.1126~1-8c451]:main():lattice-best-path.cc:99) For utterance m3_031, best cost 89.759 + 386.651 = 476.41 over 401 frames.
m3_031 sil aa r ah l b r iy s l ih g r eh t sil 
LOG (lattice-best-path[5.5.1126~1-8c451]:main():lattice-best-path.cc:99) For utterance m3_036, best cost 119.177 + 272.742 = 391.919 over 346 frames.
m3_036 sil ae s k ah b aa p ah n b iy n ah t ih n ih ng s t ao r t sil 
LOG (lattice-best-path[5.5.1126~1-8c451]:main():lattice-best-path.cc:99) For utterance m3_041, best cost 98.7904 + 319.214 = 418.004 over 348 frames.
m3_041 sil eh m ih k s t ah s t ih k t aa k aa m ao r sil 
LOG (lattice-best-path[5.5.1126~1-8c451]:main():lattice-best-path.cc:99) For utterance m3_046, best cost 104.693 + 301.4 = 406.093 over 358 frames.
m3_046 sil dh iy p r ao l r ah s t iy m ae s k s k ay s sil 
LOG (lattice-best-path[5.5.1126~1-8c451]:main():lattice-best-path.cc:99) For utterance m3_051, best cost 120.535 + 335.6 = 456.135 over 388 frames.
m3_051 sil eh n iy k ah n t ah b ih sh ah d ih g r iy p er s ey t ah d sil 
LOG (lattice-best-path[5.5.1126~1-8c451]:main():lattice-best-path.cc:99) For utterance m3_056, best cost 120.33 + 350.778 = 471.108 over 421 frames.
m3_056 sil ae ch uw k ae sh er d s k ah s t iy p r ay s ih s ah z sil 
LOG (lattice-best-path[5.5.1126~1-8c451]:main():lattice-best-path.cc:99) For utterance m3_061, best cost 126.837 + 279.703 = 406.539 over 352 frames.
m3_061 sil k l ih s t ih s p l iy w ih z ah s p l ey s t ah s k r iy n sil 
LOG (lattice-best-path[5.5.1126~1-8c451]:main():lattice-best-path.cc:99) For utterance m3_066, best cost 95.2289 + 262.381 = 357.61 over 318 frames.
m3_066 sil ae k t ih s p er s k r ae t uw f r iy l iy sil 
LOG (lattice-best-path[5.5.1126~1-8c451]:main():lattice-best-path.cc:99) For utterance m3_071, best cost 138.165 + 384.354 = 522.52 over 439 frames.
m3_071 sil k w aa p r ey sh ah l ao ng z ah n er s t ae n ih l iy p y uw t sil 
LOG (lattice-best-path[5.5.1126~1-8c451]:main():lattice-best-path.cc:99) For utterance m3_076, best cost 59.3503 + 304.776 = 364.126 over 319 frames.
m3_076 sil er z ah f ey m er sil 
LOG (lattice-best-path[5.5.1126~1-8c451]:main():lattice-best-path.cc:99) For utterance m3_081, best cost 124.792 + 328.752 = 453.544 over 363 frames.
m3_081 sil m ae s t r ey p aa r iy z t ae k s aa m ay m ey sh ah sil 
LOG (lattice-best-path[5.5.1126~1-8c451]:main():lattice-best-path.cc:99) For utterance m3_086, best cost 139.216 + 464.91 = 604.126 over 522 frames.
m3_086 sil er ah n t ow t ah n d eh k r ey t ih k aa sh ah n t r ao l d ey z sil 
LOG (lattice-best-path[5.5.1126~1-8c451]:main():lattice-best-path.cc:99) For utterance m3_091, best cost 100.18 + 258.824 = 359.004 over 320 frames.
m3_091 sil y uw t ae p ah s t r iy hh aa n er ao l ay sil 
LOG (lattice-best-path[5.5.1126~1-8c451]:main():lattice-best-path.cc:99) For utterance m3_096, best cost 100.293 + 307.322 = 407.615 over 365 frames.
m3_096 sil ih s ah n d ah p aa r t er s aa k ah k ae s t sil 
LOG (lattice-best-path[5.5.1126~1-8c451]:main():lattice-best-path.cc:99) For utterance m3_101, best cost 78.126 + 285.742 = 363.868 over 307 frames.
m3_101 sil k l ae f r uw n ao f t ae n d sil 
LOG (lattice-best-path[5.5.1126~1-8c451]:main():lattice-best-path.cc:99) For utterance m3_106, best cost 97.7905 + 322.434 = 420.225 over 374 frames.
m3_106 sil ah s t ae s ih ng ih s er b ah n s ah b iy sil 
LOG (lattice-best-path[5.5.1126~1-8c451]:main():lattice-best-path.cc:99) For utterance m3_111, best cost 96.203 + 264.875 = 361.078 over 322 frames.
m3_111 sil ih sh ow n t eh l ah jh ah n s ah s er iy l sil 
LOG (lattice-best-path[5.5.1126~1-8c451]:main():lattice-best-path.cc:99) For utterance m3_116, best cost 80.6725 + 347.667 = 428.339 over 363 frames.
m3_116 sil dh ae n ah d ih l d uw b eh v er sil 
LOG (lattice-best-path[5.5.1126~1-8c451]:main():lattice-best-path.cc:99) For utterance m3_121, best cost 113.973 + 467.511 = 581.485 over 502 frames.
m3_121 sil s ay n t ih p r aa r eh s k aa n f r ah l ah s sil 
LOG (lattice-best-path[5.5.1126~1-8c451]:main():lattice-best-path.cc:99) For utterance m3_126, best cost 135.368 + 365.211 = 500.579 over 422 frames.
m3_126 sil w ih t s ao t ih k ah l ah p ey k ah n ih g l er f ah k ey sh ah n sil 
LOG (lattice-best-path[5.5.1126~1-8c451]:main():lattice-best-path.cc:99) For utterance m3_131, best cost 128.311 + 336.186 = 464.497 over 412 frames.
m3_131 sil k r eh k y uw s n ah m ay n jh jh eh sh ah n z t er z ah l sil 
LOG (lattice-best-path[5.5.1126~1-8c451]:main():lattice-best-path.cc:99) For utterance m3_136, best cost 86.2717 + 354.74 = 441.012 over 360 frames.
m3_136 sil iy d ih z ah s t uw w ao r aa n ah s sil 
LOG (lattice-best-path[5.5.1126~1-8c451]:main():lattice-best-path.cc:99) For utterance m3_141, best cost 75.4435 + 315.097 = 390.54 over 354 frames.
m3_141 sil uw d ih s p ah n er iy z er z sil 
LOG (lattice-best-path[5.5.1126~1-8c451]:main():lattice-best-path.cc:99) For utterance m3_146, best cost 77.5315 + 472.583 = 550.115 over 495 frames.
m3_146 sil r ao aw er m ay ao l iy z 
LOG (lattice-best-path[5.5.1126~1-8c451]:main():lattice-best-path.cc:99) For utterance m3_151, best cost 49.1403 + 308.552 = 357.692 over 315 frames.
m3_151 sil k ae b ay iy sil 
LOG (lattice-best-path[5.5.1126~1-8c451]:main():lattice-best-path.cc:99) For utterance m3_156, best cost 165.542 + 454.697 = 620.239 over 522 frames.
m3_156 sil w eh v er k w aa p r ey t ih n p ay n iy n ae n s k ae m ow l b iy w ao r d sil 
LOG (lattice-best-path[5.5.1126~1-8c451]:main():lattice-best-path.cc:99) For utterance m3_161, best cost 111.331 + 389.87 = 501.201 over 430 frames.
m3_161 sil er l iy s iy f y uw ao r d s ah s m ow th er z sil 
LOG (lattice-best-path[5.5.1126~1-8c451]:main():lattice-best-path.cc:99) For utterance m3_166, best cost 90.7768 + 317.404 = 408.181 over 359 frames.
m3_166 sil dh iy k ae n aw s er jh m ay iy er z sil 
LOG (lattice-best-path[5.5.1126~1-8c451]:main():lattice-best-path.cc:99) For utterance m3_171, best cost 113.724 + 314.52 = 428.244 over 354 frames.
m3_171 sil d ih s t r ay v er iy f ay l er d ih m ay ao t s sil 
LOG (lattice-best-path[5.5.1126~1-8c451]:main():lattice-best-path.cc:99) For utterance m3_176, best cost 70.6299 + 241.366 = 311.996 over 265 frames.
m3_176 sil ey n jh oy l ae b ih sh ah n sil 
LOG (lattice-best-path[5.5.1126~1-8c451]:main():lattice-best-path.cc:99) For utterance m3_181, best cost 130.136 + 420.453 = 550.589 over 455 frames.
m3_181 sil iy aa n t eh l d ah n t uw oy d ih k s p l ah s t iy z ah z sil 
LOG (lattice-best-path[5.5.1126~1-8c451]:main():lattice-best-path.cc:99) For utterance m3_186, best cost 106.528 + 342.082 = 448.61 over 351 frames.
m3_186 sil iy n ay k ey t ah l iy p ah m ah n ih b l uw z sil 
LOG (lattice-best-path[5.5.1126~1-8c451]:main():lattice-best-path.cc:99) For utterance m3_191, best cost 90.7493 + 397.876 = 488.626 over 445 frames.
m3_191 sil m ay k ah k aa r m ao l s k r ah n z sil 
LOG (lattice-best-path[5.5.1126~1-8c451]:main():lattice-best-path.cc:99) For utterance m3_196, best cost 124.329 + 364.434 = 488.763 over 432 frames.
m3_196 sil dh iy s er m ah n s ay s ih n iy f er f er d ae k sh ah n sil 
LOG (lattice-best-path[5.5.1126~1-8c451]:main():lattice-best-path.cc:99) For utterance m3_201, best cost 140.527 + 339.132 = 479.659 over 404 frames.
m3_201 sil k ao r ey t ae k ah p r aa jh eh k ah z eh k s t uw t er m ey sh ah n sil 
LOG (lattice-best-path[5.5.1126~1-8c451]:main():lattice-best-path.cc:99) For utterance m3_206, best cost 90.2551 + 362.662 = 452.917 over 387 frames.
m3_206 sil s t ae f ae n ah dh iy s ay k ah l aa t sil 
LOG (lattice-best-path[5.5.1126~1-8c451]:main():lattice-best-path.cc:99) For utterance m3_211, best cost 97.5628 + 294.372 = 391.935 over 317 frames.
m3_211 sil ay l iy ah n f r iy w ey m ah n s ey n z ih ng sil 
LOG (lattice-best-path[5.5.1126~1-8c451]:main():lattice-best-path.cc:99) For utterance m3_216, best cost 81.0533 + 336.249 = 417.303 over 367 frames.
m3_216 sil ah t aa n dh ae n aa p ey sh ah n sil 
LOG (lattice-best-path[5.5.1126~1-8c451]:main():lattice-best-path.cc:99) For utterance m3_221, best cost 99.3217 + 321.332 = 420.653 over 334 frames.
m3_221 sil hh ow ey t ih n ih z ah s ah b ay s ah l ey t er sil 
LOG (lattice-best-path[5.5.1126~1-8c451]:main():lattice-best-path.cc:99) For utterance m3_226, best cost 109.846 + 294.581 = 404.427 over 349 frames.
m3_226 sil dh iy b ow ih z b aa r f ay ey t ah l aa n ah t er sil 
LOG (lattice-best-path[5.5.1126~1-8c451]:main():lattice-best-path.cc:99) For utterance m3_231, best cost 88.3788 + 252.932 = 341.311 over 286 frames.
m3_231 sil r ow k ah n eh v er m ah n ih m ao r ih ng 
LOG (lattice-best-path[5.5.1126~1-8c451]:main():lattice-best-path.cc:99) For utterance m3_236, best cost 89.3362 + 323.391 = 412.727 over 339 frames.
m3_236 sil hh aw w oy iy l ey t er s eh l ih ng sil 
LOG (lattice-best-path[5.5.1126~1-8c451]:main():lattice-best-path.cc:99) For utterance m3_241, best cost 119.409 + 328.097 = 447.505 over 386 frames.
m3_241 sil ao r iy p iy z ih ng ih n t ih k ah n ih s ih k aa s ah l z sil 
LOG (lattice-best-path[5.5.1126~1-8c451]:main():lattice-best-path.cc:99) For utterance m3_246, best cost 80.5142 + 355.408 = 435.922 over 382 frames.
m3_246 sil w ay ae n ch er ih m ah k aw t sil 
LOG (lattice-best-path[5.5.1126~1-8c451]:main():lattice-best-path.cc:99) For utterance m3_251, best cost 149.401 + 439.88 = 589.281 over 519 frames.
m3_251 sil dh iy f er s p ah s t iy sh iy p ey z ah l iy r iy z w ao s t uw jh er ah l 
LOG (lattice-best-path[5.5.1126~1-8c451]:main():lattice-best-path.cc:99) For utterance m3_256, best cost 120.017 + 424.413 = 544.43 over 462 frames.
m3_256 sil n hh ae t er ih z ey sh ah n z p r ah b er th er l sil 
LOG (lattice-best-path[5.5.1126~1-8c451]:main():lattice-best-path.cc:99) For utterance m3_261, best cost 128.188 + 337.397 = 465.585 over 393 frames.
m3_261 sil w ah dh iy p er z b aa s ih z er f er y uw s ow n s aa l sil 
LOG (lattice-best-path[5.5.1126~1-8c451]:main():lattice-best-path.cc:99) For utterance m3_266, best cost 82.5686 + 309.003 = 391.571 over 340 frames.
m3_266 sil sh ah jh er ae s t iy k ae z uw z sil 
LOG (lattice-best-path[5.5.1126~1-8c451]:main():lattice-best-path.cc:99) For utterance m3_271, best cost 94.7888 + 269.822 = 364.611 over 302 frames.
m3_271 sil ah m iy d ih s ch ey n sh ey k aa l iy sil 
LOG (lattice-best-path[5.5.1126~1-8c451]:main():lattice-best-path.cc:99) For utterance m3_276, best cost 108.71 + 292.02 = 400.729 over 319 frames.
m3_276 sil ah th y uw ch ow z ah n t iy l iy k aw n t er l z sil 
LOG (lattice-best-path[5.5.1126~1-8c451]:main():lattice-best-path.cc:99) For utterance m3_281, best cost 149.135 + 479.647 = 628.782 over 543 frames.
m3_281 sil m ay d ih z ae t ah s ah p ah l iy m iy w aa n f r m ah p eh r ae k sil 
LOG (lattice-best-path[5.5.1126~1-8c451]:main():lattice-best-path.cc:99) For utterance m3_286, best cost 95.3808 + 282.033 = 377.413 over 327 frames.
m3_286 sil eh jh aa ch ih s k ae m er s ah l s l iy sil 
LOG (lattice-best-path[5.5.1126~1-8c451]:main():lattice-best-path.cc:99) For utterance m3_291, best cost 51.0801 + 361.108 = 412.188 over 364 frames.
m3_291 sil ah dh ae n ae t sil 
LOG (lattice-best-path[5.5.1126~1-8c451]:main():lattice-best-path.cc:99) For utterance m3_296, best cost 119.913 + 560.62 = 680.533 over 584 frames.
m3_296 sil hh aw er s iy d ah p oy m ah n aa l d iy ah n ah n z sil 
LOG (lattice-best-path[5.5.1126~1-8c451]:main():lattice-best-path.cc:99) For utterance m3_301, best cost 125.797 + 400.958 = 526.755 over 443 frames.
m3_301 sil p aa p oy z t aa p er t iy ae n d ah n ih z b ay t s t sil 
LOG (lattice-best-path[5.5.1126~1-8c451]:main():lattice-best-path.cc:99) For utterance m3_306, best cost 91.2752 + 412.679 = 503.954 over 414 frames.
m3_306 sil dh iy b aa r uw w ao r aw n er m ah l z sil 
LOG (lattice-best-path[5.5.1126~1-8c451]:main():lattice-best-path.cc:99) For utterance m3_311, best cost 128.317 + 405.055 = 533.372 over 473 frames.
m3_311 sil n ch ay l ah jh ah n ay s ah n jh uw b ay z b ih g r l er sil 
LOG (lattice-best-path[5.5.1126~1-8c451]:main():lattice-best-path.cc:99) For utterance m3_316, best cost 176.925 + 464.564 = 641.489 over 569 frames.
m3_316 sil dh iy p r iy s k l er k ah m p er w ay s er f iy l ih n z aa p iy m er n d ih sh ah n z sil 
LOG (lattice-best-path[5.5.1126~1-8c451]:main():lattice-best-path.cc:99) For utterance m3_321, best cost 107.441 + 296.197 = 403.638 over 357 frames.
m3_321 sil ah l er w ao z ah p ay n s eh k s k y er w eh l sil 
LOG (lattice-best-path[5.5.1126~1-8c451]:main():lattice-best-path.cc:99) For utterance m3_326, best cost 130.712 + 408.525 = 539.238 over 464 frames.
m3_326 sil dh iy s ih s ah m ey b r ih g aa n s ah n s ah s er f ay l th iy sil 
LOG (lattice-best-path[5.5.1126~1-8c451]:main():lattice-best-path.cc:99) For utterance m3_331, best cost 128.452 + 422.048 = 550.5 over 472 frames.
m3_331 sil dh iy g ah m ey k ah t ih z ih k ao r ih k ah m p aa r iy aw er z sil 
LOG (lattice-best-path[5.5.1126~1-8c451]:main():lattice-best-path.cc:99) For utterance m3_336, best cost 119.135 + 330.949 = 450.084 over 372 frames.
m3_336 sil ah n oy z p aa r ow z m ao r n oy n iy ch d ey sil 
LOG (lattice-best-path[5.5.1126~1-8c451]:main():lattice-best-path.cc:99) For utterance m3_341, best cost 124.793 + 341.237 = 466.03 over 384 frames.
m3_341 sil dh iy m ah n eh v er b iy k ah m k ah m p ey t iy k ah m ah n sil 
LOG (lattice-best-path[5.5.1126~1-8c451]:main():lattice-best-path.cc:99) For utterance m3_346, best cost 91.2075 + 315.538 = 406.746 over 371 frames.
m3_346 sil w aa k ah m ah n ah s t ah n t iy ch iy er sil 
LOG (lattice-best-path[5.5.1126~1-8c451]:main():lattice-best-path.cc:99) For utterance m3_351, best cost 94.2599 + 336.48 = 430.74 over 412 frames.
m3_351 sil w ih ch ch er jh d ih s m ah s er ah n 
LOG (lattice-best-path[5.5.1126~1-8c451]:main():lattice-best-path.cc:99) For utterance m3_356, best cost 82.8921 + 257.288 = 340.18 over 307 frames.
m3_356 sil dh ae l ay k l ao hh aa ch aw er z sil 
LOG (lattice-best-path[5.5.1126~1-8c451]:main():lattice-best-path.cc:99) For utterance m3_361, best cost 126.036 + 308.302 = 434.338 over 368 frames.
m3_361 sil k ae n t ih k sh iy l ah d ih s iy m uw v iy s t ay s ah l iy sil 
LOG (lattice-best-path[5.5.1126~1-8c451]:main():lattice-best-path.cc:99) For utterance m3_366, best cost 121.344 + 315.38 = 436.724 over 393 frames.
m3_366 sil ao r d er k ah n s ih s ah l ih s k er k s ah b aa s ah z 
LOG (lattice-best-path[5.5.1126~1-8c451]:main():lattice-best-path.cc:99) For utterance m3_371, best cost 117.274 + 335.491 = 452.765 over 389 frames.
m3_371 sil ay d r ay dh iy s ah v w ey b ah hh aw n ah ch ey n jh sil 
LOG (lattice-best-path[5.5.1126~1-8c451]:main():lattice-best-path.cc:99) For utterance m3_376, best cost 65.1237 + 339.224 = 404.347 over 338 frames.
m3_376 sil aa r er s ow aa r t sil 
LOG (lattice-best-path[5.5.1126~1-8c451]:main():lattice-best-path.cc:99) For utterance m3_381, best cost 123.428 + 372.495 = 495.923 over 453 frames.
m3_381 sil w ih z g r iy s ih ng er ch ey n ih sh er w aa s p er l iy sil 
LOG (lattice-best-path[5.5.1126~1-8c451]:main():lattice-best-path.cc:99) For utterance m3_386, best cost 101.867 + 377.549 = 479.415 over 425 frames.
m3_386 sil ah k r ae b aa n z m ih ng ih k s t ae n 
LOG (lattice-best-path[5.5.1126~1-8c451]:main():lattice-best-path.cc:99) For utterance m3_391, best cost 98.3298 + 262.666 = 360.996 over 314 frames.
m3_391 sil iy t s t ae sh ih f ay n t uw b ih ng f ao ng 
LOG (lattice-best-path[5.5.1126~1-8c451]:main():lattice-best-path.cc:99) For utterance m3_396, best cost 146.634 + 401.913 = 548.547 over 482 frames.
m3_396 sil dh iy ae ng p er s ah n dh iy f er ay t iy s ao r n eh v er ch ey n t ih z sil 
LOG (lattice-best-path[5.5.1126~1-8c451]:main():lattice-best-path.cc:99) For utterance m3_401, best cost 113.427 + 337.732 = 451.16 over 378 frames.
m3_401 sil t ah m ah s ih ng s ah l aa r jh ih k l ae sh ao r aa t sil 
LOG (lattice-best-path[5.5.1126~1-8c451]:main():lattice-best-path.cc:99) For utterance m3_406, best cost 156.888 + 430.076 = 586.964 over 493 frames.
m3_406 sil dh iy f ih k aw n f ao r ah s ih z eh r l iy ow v er w ao l ow ch ah m z iy z sil 
LOG (lattice-best-path[5.5.1126~1-8c451]:main():lattice-best-path.cc:99) For utterance m3_411, best cost 99.4585 + 311.075 = 410.533 over 345 frames.
m3_411 sil ih z iy z ih sh ah z hh aa m ay z m aa r sil 
LOG (lattice-best-path[5.5.1126~1-8c451]:main():lattice-best-path.cc:99) For utterance m3_416, best cost 86.5107 + 303.424 = 389.934 over 322 frames.
m3_416 sil p aa k er w ao z k aa r eh n ae n t sil 
LOG (lattice-best-path[5.5.1126~1-8c451]:main():lattice-best-path.cc:99) For utterance m3_421, best cost 107.114 + 247.751 = 354.865 over 309 frames.
m3_421 sil ih s t ae k aa s t ah n z ah k w ay k ah l er f ao l sil 
LOG (lattice-best-path[5.5.1126~1-8c451]:main():lattice-best-path.cc:99) For utterance m3_426, best cost 133.964 + 384.291 = 518.255 over 420 frames.
m3_426 sil iy s ih g ow n s ao d ih s ih l ae k s er ah b ah b oy ih jh sil 
LOG (lattice-best-path[5.5.1126~1-8c451]:main():lattice-best-path.cc:99) For utterance m3_431, best cost 139.594 + 345.13 = 484.723 over 422 frames.
m3_431 sil n ah m p r aa t er ih z ey sh ah n s ah f r g ah n f ah n er z er z sil 
LOG (lattice-best-path[5.5.1126~1-8c451]:main():lattice-best-path.cc:99) For utterance m3_436, best cost 137.031 + 316.999 = 454.03 over 390 frames.
m3_436 sil hh er z b er dh ey f r iy k ah m ey p er z ah m b ah n s k ah n ih ng sil 
LOG (lattice-best-path[5.5.1126~1-8c451]:main():lattice-best-path.cc:99) For utterance m3_441, best cost 112.267 + 324.792 = 437.059 over 381 frames.
m3_441 sil r aa k ah m ow n iy z ih k ae g r iy g r eh t ah m sil 
LOG (lattice-best-path[5.5.1126~1-8c451]:main():lattice-best-path.cc:99) For utterance m3_446, best cost 105.239 + 332.924 = 438.164 over 355 frames.
m3_446 sil dh iy s t iy t s ah b ow z iy m ay g ae n ah n t sil 
LOG (lattice-scale[5.5.1126~1-8c451]:main():lattice-scale.cc:107) Done 363 lattices.
LOG (lattice-best-path[5.5.1126~1-8c451]:main():lattice-best-path.cc:99) For utterance m3_451, best cost 151.048 + 382.16 = 533.208 over 472 frames.
LOG (lattice-add-penalty[5.5.1126~1-8c451]:main():lattice-add-penalty.cc:62) Done adding word insertion penalty to 363 lattices.
m3_451 sil ch er k ih ng ih n s uw m ah n iy f er g r ah l ah t s ah m ah n s ah d ih ng sil 
LOG (lattice-best-path[5.5.1126~1-8c451]:main():lattice-best-path.cc:99) For utterance m3_456, best cost 129.279 + 362.868 = 492.147 over 429 frames.
m3_456 sil ah m ao s ih g ae g ah l ao ng dh iy k ae f er aw s p aa r ah n sil 
LOG (lattice-best-path[5.5.1126~1-8c451]:main():lattice-best-path.cc:124) Overall cost per frame is 1.25397 = 0.25625 [graph] + 0.997722 [acoustic] over 144532 frames.
LOG (lattice-best-path[5.5.1126~1-8c451]:main():lattice-best-path.cc:128) Done 363 lattices, failed for 0
# Accounting: time=3 threads=1
# Ended (code 0) at Mon Apr 29 13:55:52 EEST 2024, elapsed time 3 seconds
