# lattice-scale --inv-acoustic-scale=7 "ark:gunzip -c ./exp/tri_bg/decode_dnn/lat.*.gz|" ark:- | lattice-add-penalty --word-ins-penalty=0.5 ark:- ark:- | lattice-best-path --word-symbol-table=./exp/tri_bg/graph/words.txt ark:- ark,t:- | utils/int2sym.pl -f 2- ./exp/tri_bg/graph/words.txt | cat > ./exp/tri_bg/decode_dnn/scoring_kaldi/penalty_0.5/7.txt 
# Started at Mon Apr 29 13:55:44 EEST 2024
#
lattice-scale --inv-acoustic-scale=7 'ark:gunzip -c ./exp/tri_bg/decode_dnn/lat.*.gz|' ark:- 
lattice-add-penalty --word-ins-penalty=0.5 ark:- ark:- 
lattice-best-path --word-symbol-table=./exp/tri_bg/graph/words.txt ark:- ark,t:- 
LOG (lattice-best-path[5.5.1126~1-8c451]:main():lattice-best-path.cc:99) For utterance f1_001, best cost 70.9378 + 340.192 = 411.13 over 237 frames.
f1_001 sil ih s w ih z iy s iy f er aw s sil 
LOG (lattice-best-path[5.5.1126~1-8c451]:main():lattice-best-path.cc:99) For utterance f1_006, best cost 98.1266 + 431.856 = 529.983 over 338 frames.
f1_006 sil w ay ey l ao r iy ow v er s ah l iy ay d ah m z sil 
LOG (lattice-best-path[5.5.1126~1-8c451]:main():lattice-best-path.cc:99) For utterance f1_011, best cost 79.1195 + 444.769 = 523.888 over 306 frames.
f1_011 sil s w iy aa r ah z hh ay z iy k aw n sil 
LOG (lattice-best-path[5.5.1126~1-8c451]:main():lattice-best-path.cc:99) For utterance f1_016, best cost 110.103 + 446.817 = 556.92 over 336 frames.
f1_016 sil ae l ah n iy hh ay z ah d ih f ao r s k ae n s w eh l sil 
LOG (lattice-best-path[5.5.1126~1-8c451]:main():lattice-best-path.cc:99) For utterance f1_021, best cost 73.0501 + 429.338 = 502.388 over 290 frames.
f1_021 sil ah l iy l ey er z ah l er sil s sil 
LOG (lattice-best-path[5.5.1126~1-8c451]:main():lattice-best-path.cc:99) For utterance f1_026, best cost 96.1069 + 406.174 = 502.281 over 305 frames.
f1_026 sil d ow n t uw ch er l iy s t er d iy d ih sh ah z sil 
LOG (lattice-best-path[5.5.1126~1-8c451]:main():lattice-best-path.cc:99) For utterance f1_031, best cost 137.912 + 499.929 = 637.841 over 395 frames.
f1_031 sil aa r s k ah l p er iy s l w ao z ah p er jh uw ey sh ah n er ih z ah n sil 
LOG (lattice-best-path[5.5.1126~1-8c451]:main():lattice-best-path.cc:99) For utterance f1_036, best cost 103.082 + 468.597 = 571.679 over 353 frames.
f1_036 sil dh eh s ah b aa n dh iy ae n t er t ih ng s w ao r t sil 
LOG (lattice-best-path[5.5.1126~1-8c451]:main():lattice-best-path.cc:99) For utterance f1_041, best cost 112.246 + 475.688 = 587.933 over 363 frames.
f1_041 sil dh ae sh ih z p ih k p aa k aa m p l ih sh ah m ay er sil 
LOG (lattice-best-path[5.5.1126~1-8c451]:main():lattice-best-path.cc:99) For utterance f1_046, best cost 111.086 + 483.766 = 594.851 over 373 frames.
f1_046 sil dh iy p r l ao r s t iy m ae s k p er d ih s k ae z sil 
LOG (lattice-best-path[5.5.1126~1-8c451]:main():lattice-best-path.cc:99) For utterance f1_051, best cost 137.532 + 532.128 = 669.66 over 398 frames.
f1_051 sil ah n iy k ah n t uw dh ey sh ah n z ah l iy g r iy l iy p r ey sh ey t ah d sil 
LOG (lattice-best-path[5.5.1126~1-8c451]:main():lattice-best-path.cc:99) For utterance f1_056, best cost 137.85 + 530.706 = 668.556 over 439 frames.
f1_056 sil w eh s er z g ae sh er ch k ow s t iy p r ey s ih ng k r iy s ah z sil 
LOG (lattice-best-path[5.5.1126~1-8c451]:main():lattice-best-path.cc:99) For utterance f1_061, best cost 121.102 + 444.123 = 565.225 over 359 frames.
f1_061 sil k ow s t ih s p oy l ih z ih z p l ey s aa n s k r ey n sil 
LOG (lattice-best-path[5.5.1126~1-8c451]:main():lattice-best-path.cc:99) For utterance f1_066, best cost 114.493 + 353.953 = 468.445 over 309 frames.
f1_066 sil eh k t er z p er z k r ay g r ah k s t uw f r iy l iy sil 
LOG (lattice-best-path[5.5.1126~1-8c451]:main():lattice-best-path.cc:99) For utterance f1_071, best cost 149.489 + 551.975 = 701.464 over 436 frames.
f1_071 sil w aa p r ey sh n ah l ah f ah n er s t ae n d ih ng l iy v iy t uw s p iy t sil 
LOG (lattice-best-path[5.5.1126~1-8c451]:main():lattice-best-path.cc:99) For utterance f1_076, best cost 91.6371 + 405.318 = 496.956 over 313 frames.
f1_076 sil ih th ih ng g er ih z ah v ey n s k aa ch er sil 
LOG (lattice-best-path[5.5.1126~1-8c451]:main():lattice-best-path.cc:99) For utterance f1_081, best cost 139.783 + 443.973 = 583.756 over 360 frames.
f1_081 sil m ae s k r ey p aa r d iy s hh aa k s ah n t ih n ah jh ah n ey sh ah n sil 
LOG (lattice-best-path[5.5.1126~1-8c451]:main():lattice-best-path.cc:99) For utterance f1_086, best cost 188.675 + 632.931 = 821.606 over 522 frames.
f1_086 sil aa r d uw ch eh l d ah n t eh k r iy b eh k l ae s er m z f er hh aa k ao l aa l ah d ey z sil 
LOG (lattice-best-path[5.5.1126~1-8c451]:main():lattice-best-path.cc:99) For utterance f1_091, best cost 111.638 + 423.444 = 535.082 over 327 frames.
f1_091 sil iy ch t ae p ih s t r iy hh aw n ih ng r m ao l ay d sil 
LOG (lattice-best-path[5.5.1126~1-8c451]:main():lattice-best-path.cc:99) For utterance f1_096, best cost 97.4688 + 434.556 = 532.025 over 339 frames.
f1_096 sil ih s ao ao r jh er s sh aa k ah k ae p s sil 
LOG (lattice-best-path[5.5.1126~1-8c451]:main():lattice-best-path.cc:99) For utterance f1_101, best cost 84.9464 + 386.671 = 471.618 over 300 frames.
f1_101 sil ae s t ah s k er n ih r l ah t ae n sil 
LOG (lattice-best-path[5.5.1126~1-8c451]:main():lattice-best-path.cc:99) For utterance f1_106, best cost 132.059 + 496.416 = 628.474 over 388 frames.
f1_106 sil t eh s t eh s ih z f er b ih n ah n s ah t eh k t ah p aa n t iy sil 
LOG (lattice-best-path[5.5.1126~1-8c451]:main():lattice-best-path.cc:99) For utterance f1_111, best cost 114.419 + 400.588 = 515.006 over 329 frames.
f1_111 sil aa r d ih f ih sh ow n t eh l ah jh ah n s ih z f er iy l sil 
LOG (lattice-best-path[5.5.1126~1-8c451]:main():lattice-best-path.cc:99) For utterance f1_116, best cost 116.896 + 429.62 = 546.516 over 323 frames.
f1_116 sil w iy p l iy s ah b ae l d ih n uw b eh v er jh p l ae n sil 
LOG (lattice-best-path[5.5.1126~1-8c451]:main():lattice-best-path.cc:99) For utterance f1_121, best cost 137.702 + 674.076 = 811.778 over 494 frames.
f1_121 sil s ay n t uw dh iy p r ae g r ae s k ah n ch ah n ah z aa l ah n ih s sil 
LOG (lattice-best-path[5.5.1126~1-8c451]:main():lattice-best-path.cc:99) For utterance f1_126, best cost 132.57 + 560.78 = 693.35 over 432 frames.
f1_126 sil w ih sh aa t ih k ah l ih z ah p ey t ih n iy p aa r f ih k ey sh ah n sil 
LOG (lattice-best-path[5.5.1126~1-8c451]:main():lattice-best-path.cc:99) For utterance f1_131, best cost 145.242 + 509.911 = 655.153 over 419 frames.
f1_131 sil p r eh k ae t s ih k y ih sh ah m ay n s t r ah sh ah n z k r ih sh ah l sil 
LOG (lattice-best-path[5.5.1126~1-8c451]:main():lattice-best-path.cc:99) For utterance f1_136, best cost 107.015 + 485.674 = 592.689 over 352 frames.
f1_136 sil dh iy s t iy ah z ih g z ih s ah n ao r d ay m ah n s sil 
LOG (lattice-best-path[5.5.1126~1-8c451]:main():lattice-best-path.cc:99) For utterance f1_141, best cost 90.0932 + 506.216 = 596.309 over 364 frames.
f1_141 sil uw s p l ah n t er dh iy p eh r f ey t er z sil 
LOG (lattice-best-path[5.5.1126~1-8c451]:main():lattice-best-path.cc:99) For utterance f1_146, best cost 109.239 + 542.742 = 651.981 over 381 frames.
f1_146 sil er ao p er hh aw er m ay n t ah f ao t ah m l iy z sil 
LOG (lattice-best-path[5.5.1126~1-8c451]:main():lattice-best-path.cc:99) For utterance f1_151, best cost 69.3199 + 507.668 = 576.988 over 325 frames.
f1_151 sil hh ay ae k aw n ah b ay y uw sil 
LOG (lattice-best-path[5.5.1126~1-8c451]:main():lattice-best-path.cc:99) For utterance f1_156, best cost 175.761 + 645.757 = 821.517 over 482 frames.
f1_156 sil w eh v er k aa p r ey t s ih n f ay n ih n ae n s k aw n iy ow l b iy er w ao r d ah d sil 
LOG (lattice-best-path[5.5.1126~1-8c451]:main():lattice-best-path.cc:99) For utterance f1_161, best cost 141.729 + 602.249 = 743.978 over 455 frames.
f1_161 n sil er l iy s iy t ih f y ao r s t uw dh iy s m eh l f l er iy z sil 
LOG (lattice-best-path[5.5.1126~1-8c451]:main():lattice-best-path.cc:99) For utterance f1_166, best cost 110.712 + 432.405 = 543.117 over 335 frames.
f1_166 sil dh iy k ae t s n aw t ao l ey z hh er s m ay iy er z sil 
LOG (lattice-best-path[5.5.1126~1-8c451]:main():lattice-best-path.cc:99) For utterance f1_171, best cost 115.381 + 507.182 = 622.563 over 379 frames.
f1_171 sil dh iy s t r ay ae f ay ow v er l iy t s m ay ao t ih z sil 
LOG (lattice-best-path[5.5.1126~1-8c451]:main():lattice-best-path.cc:99) For utterance f1_176, best cost 60.6672 + 388.722 = 449.389 over 262 frames.
f1_176 sil ey jh oy l ae b ih sh ah n sil 
LOG (lattice-best-path[5.5.1126~1-8c451]:main():lattice-best-path.cc:99) For utterance f1_181, best cost 160.799 + 612.407 = 773.206 over 466 frames.
f1_181 sil d ah n t ow sh ah n sh ah d ah b oy s p ow dh iy k ah n t ey t ih z d ih z iy z ah z sil 
LOG (lattice-best-path[5.5.1126~1-8c451]:main():lattice-best-path.cc:99) For utterance f1_186, best cost 79.8491 + 515.206 = 595.055 over 346 frames.
f1_186 sil iy v n ay ah m ah n d iy b l uw z sil 
LOG (lattice-best-path[5.5.1126~1-8c451]:main():lattice-best-path.cc:99) For utterance f1_191, best cost 103.662 + 526.071 = 629.733 over 373 frames.
f1_191 sil m ay k ah k ow dh iy b ae g er m ao r ay ah n z sil 
LOG (lattice-best-path[5.5.1126~1-8c451]:main():lattice-best-path.cc:99) For utterance f1_196, best cost 134.937 + 564.153 = 699.09 over 428 frames.
f1_196 sil dh iy s er m ah n ae f ah s ay s ih n iy f er f er m ah b aa sh ah n sil 
LOG (lattice-best-path[5.5.1126~1-8c451]:main():lattice-best-path.cc:99) For utterance f1_201, best cost 135.595 + 570.697 = 706.292 over 424 frames.
f1_201 sil k ao r ey t ae k ah p r ae sh eh k ae sh uh d t er m ah n ey sh ah n sil 
LOG (lattice-best-path[5.5.1126~1-8c451]:main():lattice-best-path.cc:99) For utterance f1_206, best cost 127.732 + 698.941 = 826.673 over 476 frames.
f1_206 sil s eh k ah d er l iy ae n t ah l dh iy s ay k ah l aa ch aa m ah sil 
LOG (lattice-best-path[5.5.1126~1-8c451]:main():lattice-best-path.cc:99) For utterance f1_211, best cost 90.8531 + 485.14 = 575.994 over 338 frames.
f1_211 sil ay l iy n t r iy m ey t s ey n b eh ng sil 
LOG (lattice-best-path[5.5.1126~1-8c451]:main():lattice-best-path.cc:99) For utterance f1_216, best cost 124.759 + 483.825 = 608.585 over 365 frames.
f1_216 sil d ae t er b ih z m iy ah n d y ah l ah n z ah dh iy p ey sh ah n t sil 
LOG (lattice-best-path[5.5.1126~1-8c451]:main():lattice-best-path.cc:99) For utterance f1_221, best cost 103.035 + 410.397 = 513.432 over 312 frames.
f1_221 sil hh ae l iy t uw ih z ih s ah b l ae s k ah l ey er sil 
LOG (lattice-best-path[5.5.1126~1-8c451]:main():lattice-best-path.cc:99) For utterance f1_226, best cost 117.177 + 505.375 = 622.552 over 376 frames.
f1_226 sil dh iy p ao r d ih z b aa t er f l ay t ah l aa n ae k er sil 
LOG (lattice-best-path[5.5.1126~1-8c451]:main():lattice-best-path.cc:99) For utterance f1_231, best cost 98.2872 + 413.317 = 511.604 over 300 frames.
f1_231 sil w eh r ow p ah n eh v er iy m ah n d ay iy ih ng sil 
LOG (lattice-best-path[5.5.1126~1-8c451]:main():lattice-best-path.cc:99) For utterance f1_236, best cost 110.891 + 472.06 = 582.951 over 358 frames.
f1_236 sil hh aw oy l iy t iy l ey t ih s ae l ah t r ah s ih ng sil 
LOG (lattice-best-path[5.5.1126~1-8c451]:main():lattice-best-path.cc:99) For utterance f1_241, best cost 115.654 + 575.535 = 691.19 over 433 frames.
f1_241 sil ih jh aa t iy z ae n t ae k ah n ah s t ih m ah s ah l z sil 
LOG (lattice-best-path[5.5.1126~1-8c451]:main():lattice-best-path.cc:99) For utterance f1_246, best cost 75.9386 + 555.689 = 631.627 over 347 frames.
f1_246 sil ey m ey b oy ey n s ih k aa t sil 
LOG (lattice-best-path[5.5.1126~1-8c451]:main():lattice-best-path.cc:99) For utterance f1_251, best cost 188.427 + 667.954 = 856.381 over 526 frames.
f1_251 sil dh iy f r ih z p er s t iy z iy er k r ay t ey sh ah n l iy w iy z ah l ao s t r iy ch er n ah l sil 
LOG (lattice-best-path[5.5.1126~1-8c451]:main():lattice-best-path.cc:99) For utterance f1_256, best cost 156.364 + 581.179 = 737.542 over 447 frames.
f1_256 sil ae n g eh r ah n hh ay d ao r m ih z ey sh ah n s p er m ow er f ah n t r ah l sil 
LOG (lattice-best-path[5.5.1126~1-8c451]:main():lattice-best-path.cc:99) For utterance f1_261, best cost 146.25 + 528.463 = 674.713 over 423 frames.
f1_261 sil w ey p er f ah l aa ch uw z p er b eh r iy z f aa n s iy aa t ah l sil sil 
LOG (lattice-best-path[5.5.1126~1-8c451]:main():lattice-best-path.cc:99) For utterance f1_266, best cost 102.779 + 442.483 = 545.263 over 326 frames.
f1_266 sil ch ih jh er ae s t iy k ae n s m ao l z uw z sil 
LOG (lattice-best-path[5.5.1126~1-8c451]:main():lattice-best-path.cc:99) For utterance f1_271, best cost 89.9578 + 372.251 = 462.209 over 289 frames.
f1_271 sil ah n iy v ih sh ey n sh ey p aa s ah l iy sil 
LOG (lattice-best-path[5.5.1126~1-8c451]:main():lattice-best-path.cc:99) For utterance f1_276, best cost 96.3248 + 392.731 = 489.056 over 298 frames.
f1_276 sil ch ow z ah n f iy l dh iy k ah n jh ah n ah l z sil 
LOG (lattice-best-path[5.5.1126~1-8c451]:main():lattice-best-path.cc:99) For utterance f1_281, best cost 152.702 + 812.816 = 965.518 over 558 frames.
f1_281 sil ay d ih z ae t er s ah n b ah l iy w aa n f ao r m ah n ah p aa r b r eh s sil 
LOG (lattice-best-path[5.5.1126~1-8c451]:main():lattice-best-path.cc:99) For utterance f1_286, best cost 105.93 + 406.1 = 512.03 over 302 frames.
f1_286 sil dh ae t ow ch iy s ah s k ae s m er s ah l s l iy sil 
LOG (lattice-best-path[5.5.1126~1-8c451]:main():lattice-best-path.cc:99) For utterance f1_291, best cost 97.4313 + 498.914 = 596.345 over 343 frames.
f1_291 sil ah l eh g ae n t ae b iy s t uw d ah l d ih z sil 
LOG (lattice-best-path[5.5.1126~1-8c451]:main():lattice-best-path.cc:99) For utterance f1_296, best cost 144.867 + 826.956 = 971.823 over 571 frames.
f1_296 sil ae l ah s iy p oy n ah n ah b ay l ah jh iy ah n iy n ih r ah n d ih n z sil 
LOG (lattice-best-path[5.5.1126~1-8c451]:main():lattice-best-path.cc:99) For utterance f1_301, best cost 104.569 + 598.357 = 702.927 over 417 frames.
f1_301 sil t aa k l iy s t aa p r eh r ih ng ih z b ay k s sil 
LOG (lattice-best-path[5.5.1126~1-8c451]:main():lattice-best-path.cc:99) For utterance f1_306, best cost 113.705 + 522.676 = 636.38 over 386 frames.
f1_306 sil d aa r er k y uw n aa n z er aw n f er m ay l z sil 
LOG (lattice-best-path[5.5.1126~1-8c451]:main():lattice-best-path.cc:99) For utterance f1_311, best cost 142.345 + 703.488 = 845.833 over 495 frames.
f1_311 sil dh iy f r ey t uw ch ay l ih z jh ah m ah s ah t uw b ay z b ih g r ae t er sil 
LOG (lattice-best-path[5.5.1126~1-8c451]:main():lattice-best-path.cc:99) For utterance f1_316, best cost 186.371 + 723.975 = 910.346 over 563 frames.
f1_316 sil dh iy p r iy s w eh k ah n b er b ay s er f iy ah n z aa p iy m er sh ah n s iy k ah n d ih sh ah n z sil 
LOG (lattice-best-path[5.5.1126~1-8c451]:main():lattice-best-path.cc:99) For utterance f1_321, best cost 124.933 + 453.771 = 578.703 over 353 frames.
f1_321 sil ah l oy ow ih z ah p oy n t uw t ae k s ih k y uw g er w eh l sil 
LOG (lattice-best-path[5.5.1126~1-8c451]:main():lattice-best-path.cc:99) For utterance f1_326, best cost 158.245 + 663.783 = 822.029 over 494 frames.
f1_326 sil dh iy s ih s t ah m ey b r ey k aw n s iy n z ih z ey t er b ay l z f r iy l iy sil 
LOG (lattice-best-path[5.5.1126~1-8c451]:main():lattice-best-path.cc:99) For utterance f1_331, best cost 133.565 + 678.576 = 812.141 over 492 frames.
f1_331 sil dh iy k ah n ah n t eh k t ih z eh k ao r d ih g ah m p r iy aw er z sil 
LOG (lattice-best-path[5.5.1126~1-8c451]:main():lattice-best-path.cc:99) For utterance f1_336, best cost 93.1456 + 622.298 = 715.443 over 404 frames.
f1_336 sil eh r ow z m ao r n ah l ih ng ih sh t ae d sil 
LOG (lattice-best-path[5.5.1126~1-8c451]:main():lattice-best-path.cc:99) For utterance f1_341, best cost 107.505 + 583.513 = 691.018 over 414 frames.
f1_341 sil r ih m ey n eh v er t sil dh iy k ah l iy iy m ah n sil 
LOG (lattice-best-path[5.5.1126~1-8c451]:main():lattice-best-path.cc:99) For utterance f1_346, best cost 93.8874 + 445.876 = 539.764 over 328 frames.
f1_346 sil w ao l k ah m ah n iy s t uw n z iy ch iy er sil 
LOG (lattice-best-path[5.5.1126~1-8c451]:main():lattice-best-path.cc:99) For utterance f1_351, best cost 102.394 + 435.605 = 537.999 over 336 frames.
f1_351 sil w ih ch er jh d ih s m eh k s p er sh ah p ah n sil 
LOG (lattice-best-path[5.5.1126~1-8c451]:main():lattice-best-path.cc:99) For utterance f1_356, best cost 82.98 + 419.232 = 502.212 over 302 frames.
f1_356 sil dh ey ao l ay k w ao hh ay ch aw er z sil 
LOG (lattice-best-path[5.5.1126~1-8c451]:main():lattice-best-path.cc:99) For utterance f1_361, best cost 114.628 + 508.453 = 623.081 over 381 frames.
f1_361 sil t ih n z ih sh iy l ah s iy m uw v iy z f ay s ah l iy sil 
LOG (lattice-best-path[5.5.1126~1-8c451]:main():lattice-best-path.cc:99) For utterance f1_366, best cost 124.482 + 572.384 = 696.866 over 419 frames.
f1_366 sil ao r jh er k ah n s ih s ah v ah l iy s k er t uw l aw s ah z sil 
LOG (lattice-best-path[5.5.1126~1-8c451]:main():lattice-best-path.cc:99) For utterance f1_371, best cost 107.131 + 577.783 = 684.914 over 401 frames.
f1_371 sil ay d r ay d ih s ah b oy b ae p ah n ah ch ey n z sil 
LOG (lattice-best-path[5.5.1126~1-8c451]:main():lattice-best-path.cc:99) For utterance f1_376, best cost 83.3848 + 519.147 = 602.532 over 370 frames.
f1_376 sil iy er s ah v ah l aa r d l ah n d ah sil 
LOG (lattice-best-path[5.5.1126~1-8c451]:main():lattice-best-path.cc:99) For utterance f1_381, best cost 151.958 + 631.191 = 783.148 over 474 frames.
f1_381 sil ah n t ih f ah n ah jh g r iy s iy er ch ey n b iy ch er d ah b aa sh er l iy sil 
LOG (lattice-best-path[5.5.1126~1-8c451]:main():lattice-best-path.cc:99) For utterance f1_386, best cost 98.0597 + 672.954 = 771.014 over 474 frames.
f1_386 sil dh iy k r ae ch aa n sh ah n iy k s t ae t ah n sil 
LOG (lattice-best-path[5.5.1126~1-8c451]:main():lattice-best-path.cc:99) For utterance f1_391, best cost 82.5334 + 424.323 = 506.856 over 336 frames.
f1_391 sil iy ch t ih sh er l iy f ay n z ah n sil 
LOG (lattice-best-path[5.5.1126~1-8c451]:main():lattice-best-path.cc:99) For utterance f1_396, best cost 153.639 + 660.927 = 814.566 over 507 frames.
f1_396 sil dh ae t er t ay z ih ng b er s ah v er ay d iy s p er n ah v er ch ey n z s sil 
LOG (lattice-best-path[5.5.1126~1-8c451]:main():lattice-best-path.cc:99) For utterance f1_401, best cost 125.751 + 535.899 = 661.65 over 395 frames.
f1_401 sil t aa n s ah s ah l aa r jh ah k l ae n s ao s ah p r aa k ah l sil 
LOG (lattice-best-path[5.5.1126~1-8c451]:main():lattice-best-path.cc:99) For utterance f1_406, best cost 133.638 + 723.227 = 856.865 over 518 frames.
f1_406 sil ih th ih k ae l f aa r iy er l iy ow v er w ao ng t ah m z iy z sil 
LOG (lattice-best-path[5.5.1126~1-8c451]:main():lattice-best-path.cc:99) For utterance f1_411, best cost 119.699 + 439.421 = 559.12 over 343 frames.
f1_411 sil ih z w iy z ih sh ah n t aa r m ay z m aa r k ah l ah s l iy sil 
LOG (lattice-best-path[5.5.1126~1-8c451]:main():lattice-best-path.cc:99) For utterance f1_416, best cost 69.4902 + 499.386 = 568.876 over 320 frames.
f1_416 sil ae p aa k ah l ah s k ao iy sil 
LOG (lattice-best-path[5.5.1126~1-8c451]:main():lattice-best-path.cc:99) For utterance f1_421, best cost 105.402 + 434.964 = 540.366 over 329 frames.
f1_421 sil ih z b ae k aa s t ah n z ah p ay k ah l ah f ah l sil 
LOG (lattice-best-path[5.5.1126~1-8c451]:main():lattice-best-path.cc:99) For utterance f1_426, best cost 136.699 + 567.245 = 703.944 over 437 frames.
f1_426 sil dh iy z ih g ow n z aa l ah jh ah s f r l ae s t er ah p oy d ah jh sil 
LOG (lattice-best-path[5.5.1126~1-8c451]:main():lattice-best-path.cc:99) For utterance f1_431, best cost 99.5094 + 614.454 = 713.963 over 432 frames.
f1_431 sil n ah m p r ah v er z ey sh ah n t eh v er iy z sil 
LOG (lattice-best-path[5.5.1126~1-8c451]:main():lattice-best-path.cc:99) For utterance f1_436, best cost 114.902 + 540.873 = 655.776 over 405 frames.
f1_436 sil ey f r iy k ae l iy ah k er z ah n t ih ng s k eh v ih ng sil 
LOG (lattice-best-path[5.5.1126~1-8c451]:main():lattice-best-path.cc:99) For utterance f1_441, best cost 88.7373 + 474.354 = 563.091 over 335 frames.
f1_441 sil r ae k ah n iy z ah k ae z ah g r iy ah m sil 
LOG (lattice-best-path[5.5.1126~1-8c451]:main():lattice-best-path.cc:99) For utterance f1_446, best cost 105.75 + 526.027 = 631.777 over 379 frames.
f1_446 sil ih s t iy ch ah p ow z iy m ay ih g ae m ah n t er sil 
LOG (lattice-best-path[5.5.1126~1-8c451]:main():lattice-best-path.cc:99) For utterance f1_451, best cost 143.291 + 570.191 = 713.483 over 444 frames.
f1_451 sil ch ow ch ah n p ah n s ih m ay n iy f er r ah l ah s ih m ah n s ih ng sil 
LOG (lattice-best-path[5.5.1126~1-8c451]:main():lattice-best-path.cc:99) For utterance f1_456, best cost 111.896 + 620.621 = 732.517 over 433 frames.
f1_456 sil ah m ah s ih z ae k ae t er aw t ow z k aa r d ah n sil 
LOG (lattice-best-path[5.5.1126~1-8c451]:main():lattice-best-path.cc:99) For utterance f5_001, best cost 55.0059 + 333.976 = 388.982 over 249 frames.
f5_001 sil ih z ih z iy p er ah s sil 
LOG (lattice-best-path[5.5.1126~1-8c451]:main():lattice-best-path.cc:99) For utterance f5_006, best cost 75.8279 + 422.954 = 498.782 over 325 frames.
f5_006 sil w ay y ah l er w er iy ow v z sil 
LOG (lattice-best-path[5.5.1126~1-8c451]:main():lattice-best-path.cc:99) For utterance f5_011, best cost 24.9275 + 407.124 = 432.052 over 301 frames.
f5_011 sil n sil 
LOG (lattice-best-path[5.5.1126~1-8c451]:main():lattice-best-path.cc:99) For utterance f5_021, best cost 55.8116 + 381.654 = 437.466 over 301 frames.
f5_021 sil ah l iy l er z d er z sil 
LOG (lattice-best-path[5.5.1126~1-8c451]:main():lattice-best-path.cc:99) For utterance f5_031, best cost 43.2162 + 486.651 = 529.867 over 391 frames.
f5_031 sil uw ey sh ah n sil 
LOG (lattice-best-path[5.5.1126~1-8c451]:main():lattice-best-path.cc:99) For utterance f5_036, best cost 38.9865 + 440.943 = 479.929 over 348 frames.
f5_036 sil ao r t sil sil 
LOG (lattice-best-path[5.5.1126~1-8c451]:main():lattice-best-path.cc:99) For utterance f5_041, best cost 42.7369 + 467.03 = 509.767 over 364 frames.
f5_041 sil eh m y ao r sil 
LOG (lattice-best-path[5.5.1126~1-8c451]:main():lattice-best-path.cc:99) For utterance f5_046, best cost 85.4371 + 407.906 = 493.343 over 354 frames.
f5_046 sil dh iy p r aa l ao r s k y ah s k ay z sil 
LOG (lattice-best-path[5.5.1126~1-8c451]:main():lattice-best-path.cc:99) For utterance f5_051, best cost 74.7134 + 490.501 = 565.215 over 393 frames.
f5_051 sil g r iy l iy p r ih sh iy t ah d sil 
LOG (lattice-best-path[5.5.1126~1-8c451]:main():lattice-best-path.cc:99) For utterance f5_056, best cost 123.564 + 495.746 = 619.31 over 446 frames.
f5_056 sil k ae sh ao r d ih ch k aa s t iy p r ih s ih ng k r iy s ih z sil 
LOG (lattice-best-path[5.5.1126~1-8c451]:main():lattice-best-path.cc:99) For utterance f5_061, best cost 122.564 + 384.26 = 506.824 over 377 frames.
f5_061 sil k l ih s t ih s p l ey l ih z ah s p l iy s ah n s k r iy n sil 
LOG (lattice-best-path[5.5.1126~1-8c451]:main():lattice-best-path.cc:99) For utterance f5_066, best cost 38.9679 + 417.743 = 456.711 over 335 frames.
f5_066 sil f r iy l iy sil 
LOG (lattice-best-path[5.5.1126~1-8c451]:main():lattice-best-path.cc:99) For utterance f5_071, best cost 117.915 + 519.788 = 637.702 over 448 frames.
f5_071 sil k w aa p er sh ah n ah l aa ng l iy v iy t ih s p iy t sil 
LOG (lattice-best-path[5.5.1126~1-8c451]:main():lattice-best-path.cc:99) For utterance f5_076, best cost 24.0748 + 397.607 = 421.682 over 309 frames.
f5_076 sil er sil 
LOG (lattice-best-path[5.5.1126~1-8c451]:main():lattice-best-path.cc:99) For utterance f5_081, best cost 99.2163 + 442.187 = 541.403 over 373 frames.
f5_081 sil ae s k r ey p r iy z t ae k s w ey sh ah n sil 
LOG (lattice-best-path[5.5.1126~1-8c451]:main():lattice-best-path.cc:99) For utterance f5_086, best cost 65.0138 + 643.311 = 708.325 over 495 frames.
f5_086 sil r ao l hh ao l ah d ey z sil 
LOG (lattice-best-path[5.5.1126~1-8c451]:main():lattice-best-path.cc:99) For utterance f5_091, best cost 67.0027 + 404.623 = 471.626 over 318 frames.
f5_091 sil t ae n hh er hh ao l w iy sil 
LOG (lattice-best-path[5.5.1126~1-8c451]:main():lattice-best-path.cc:99) For utterance f5_096, best cost 52.4545 + 420.668 = 473.123 over 334 frames.
f5_096 sil ih sh ao k ae s t sil 
LOG (lattice-best-path[5.5.1126~1-8c451]:main():lattice-best-path.cc:99) For utterance f5_101, best cost 34.0066 + 410.272 = 444.279 over 302 frames.
f5_101 sil t ae n d sil 
LOG (lattice-best-path[5.5.1126~1-8c451]:main():lattice-best-path.cc:99) For utterance f5_106, best cost 21.7998 + 519.077 = 540.877 over 388 frames.
f5_106 sil iy sil 
LOG (lattice-best-path[5.5.1126~1-8c451]:main():lattice-best-path.cc:99) For utterance f5_111, best cost 97.9422 + 374.24 = 472.182 over 318 frames.
f5_111 sil ih sh l ah n t eh l ah jh ah n z ih z f er iy l sil 
LOG (lattice-best-path[5.5.1126~1-8c451]:main():lattice-best-path.cc:99) For utterance f5_116, best cost 17.5611 + 438.843 = 456.404 over 326 frames.
f5_116 sil sil 
LOG (lattice-best-path[5.5.1126~1-8c451]:main():lattice-best-path.cc:99) For utterance f5_121, best cost 30.1007 + 661.891 = 691.992 over 496 frames.
f5_121 sil z sil sil 
LOG (lattice-best-path[5.5.1126~1-8c451]:main():lattice-best-path.cc:99) For utterance f5_126, best cost 90.6583 + 555.117 = 645.775 over 451 frames.
f5_126 sil w ih ch l ah m aa r er f ih k ey sh ah n sil 
LOG (lattice-best-path[5.5.1126~1-8c451]:main():lattice-best-path.cc:99) For utterance f5_131, best cost 97.831 + 472.057 = 569.888 over 403 frames.
f5_131 sil m ay n s t r ah ch ah n z ah s k r ih sh eh l sil 
LOG (lattice-best-path[5.5.1126~1-8c451]:main():lattice-best-path.cc:99) For utterance f5_136, best cost 21.9298 + 474.817 = 496.747 over 370 frames.
f5_136 sil s sil 
LOG (lattice-best-path[5.5.1126~1-8c451]:main():lattice-best-path.cc:99) For utterance f5_141, best cost 25.9021 + 475.973 = 501.876 over 366 frames.
f5_141 sil er z sil 
LOG (lattice-best-path[5.5.1126~1-8c451]:main():lattice-best-path.cc:99) For utterance f5_146, best cost 35.8541 + 542.647 = 578.502 over 398 frames.
f5_146 sil hh er ao z sil 
LOG (lattice-best-path[5.5.1126~1-8c451]:main():lattice-best-path.cc:99) For utterance f5_151, best cost 55.4014 + 391.563 = 446.965 over 304 frames.
f5_151 sil aw n dh iy b ay y uw sil 
LOG (lattice-best-path[5.5.1126~1-8c451]:main():lattice-best-path.cc:99) For utterance f5_156, best cost 124.077 + 626.442 = 750.519 over 500 frames.
f5_156 sil w eh v er k w aa n ae n s k ae m iy l w iy w ao r d ah d sil 
LOG (lattice-best-path[5.5.1126~1-8c451]:main():lattice-best-path.cc:99) For utterance f5_161, best cost 36.4263 + 538.35 = 574.777 over 443 frames.
f5_161 sil l er iy z sil 
LOG (lattice-best-path[5.5.1126~1-8c451]:main():lattice-best-path.cc:99) For utterance f5_166, best cost 61.2498 + 434.297 = 495.547 over 336 frames.
f5_166 sil k ae m y ao l w er z sil 
LOG (lattice-best-path[5.5.1126~1-8c451]:main():lattice-best-path.cc:99) For utterance f5_171, best cost 124.895 + 413.871 = 538.766 over 374 frames.
f5_171 sil ih s t r oy ah v er iy f ay l b r l iy d ah t uw m ay s sil 
LOG (lattice-best-path[5.5.1126~1-8c451]:main():lattice-best-path.cc:99) For utterance f5_176, best cost 85.9933 + 331.448 = 417.442 over 282 frames.
f5_176 sil dh iy ih n jh oy ow ah n ay ae n t ih sh ah n sil 
LOG (lattice-best-path[5.5.1126~1-8c451]:main():lattice-best-path.cc:99) For utterance f5_181, best cost 55.4096 + 620.459 = 675.869 over 465 frames.
f5_181 sil iy s t ih z iy z ah z sil 
LOG (lattice-best-path[5.5.1126~1-8c451]:main():lattice-best-path.cc:99) For utterance f5_186, best cost 25.637 + 483.155 = 508.792 over 352 frames.
f5_186 sil n z sil 
LOG (lattice-best-path[5.5.1126~1-8c451]:main():lattice-best-path.cc:99) For utterance f5_191, best cost 95.1854 + 483.014 = 578.199 over 383 frames.
f5_191 sil m ay k ah l k ah l ah m ao l ih k r ah n z sil 
LOG (lattice-best-path[5.5.1126~1-8c451]:main():lattice-best-path.cc:99) For utterance f5_196, best cost 95.2075 + 515.828 = 611.035 over 428 frames.
f5_196 sil dh iy s er f er f er m ah n ah v ae k sh ah n sil 
LOG (lattice-best-path[5.5.1126~1-8c451]:main():lattice-best-path.cc:99) For utterance f5_201, best cost 90.7494 + 511.008 = 601.757 over 415 frames.
f5_201 sil k ao r uw dh iy p r aa jh ih n ey sh ah n sil 
LOG (lattice-best-path[5.5.1126~1-8c451]:main():lattice-best-path.cc:99) For utterance f5_206, best cost 39.9237 + 570.709 = 610.633 over 417 frames.
f5_206 sil sil aa n ah sil 
LOG (lattice-best-path[5.5.1126~1-8c451]:main():lattice-best-path.cc:99) For utterance f5_211, best cost 92.2744 + 403.102 = 495.377 over 329 frames.
f5_211 sil hh ay oy n f r iy l iy m iy n s ih ng ih ng sil 
LOG (lattice-best-path[5.5.1126~1-8c451]:main():lattice-best-path.cc:99) For utterance f5_216, best cost 42.3218 + 507.846 = 550.168 over 379 frames.
f5_216 sil dh iy p ey sh ah n sil 
LOG (lattice-best-path[5.5.1126~1-8c451]:main():lattice-best-path.cc:99) For utterance f5_221, best cost 110.368 + 393.507 = 503.875 over 339 frames.
f5_221 sil hh aw n sh ah n z ih z ih s ah b oy ah s k ah l iy d er sil 
LOG (lattice-best-path[5.5.1126~1-8c451]:main():lattice-best-path.cc:99) For utterance f5_226, best cost 55.4826 + 470.774 = 526.257 over 364 frames.
f5_226 sil dh iy k ao r jh ah s p er sil 
LOG (lattice-best-path[5.5.1126~1-8c451]:main():lattice-best-path.cc:99) For utterance f5_231, best cost 83.6631 + 357.869 = 441.532 over 302 frames.
f5_231 sil iy r ow p ah n eh v er iy m ah n ih ng sil 
LOG (lattice-best-path[5.5.1126~1-8c451]:main():lattice-best-path.cc:99) For utterance f5_236, best cost 70.3825 + 452.72 = 523.102 over 356 frames.
f5_236 sil hh ow l iy eh l ah jh eh s ih ng sil 
LOG (lattice-best-path[5.5.1126~1-8c451]:main():lattice-best-path.cc:99) For utterance f5_241, best cost 50.3463 + 519.342 = 569.689 over 406 frames.
f5_241 sil dh iy jh ao ah l z sil 
LOG (lattice-best-path[5.5.1126~1-8c451]:main():lattice-best-path.cc:99) For utterance f5_246, best cost 50.9569 + 438.777 = 489.734 over 340 frames.
f5_246 sil ih ng g r iy b oy sil 
LOG (lattice-best-path[5.5.1126~1-8c451]:main():lattice-best-path.cc:99) For utterance f5_251, best cost 98.7827 + 632.294 = 731.076 over 520 frames.
f5_251 sil t er f r ah s iy sh iy p ow l er n ah l sil 
LOG (lattice-best-path[5.5.1126~1-8c451]:main():lattice-best-path.cc:99) For utterance f5_256, best cost 46.5116 + 569.122 = 615.634 over 433 frames.
f5_256 sil ih z ey sh ah l sil 
LOG (lattice-best-path[5.5.1126~1-8c451]:main():lattice-best-path.cc:99) For utterance f5_261, best cost 75.6386 + 498.031 = 573.669 over 410 frames.
f5_261 sil l aa sh ah z er b er y ah l sil 
LOG (lattice-best-path[5.5.1126~1-8c451]:main():lattice-best-path.cc:99) For utterance f5_266, best cost 75.9581 + 385.793 = 461.751 over 333 frames.
f5_266 sil sh ah d r ae n s w ao l z uw z sil 
LOG (lattice-best-path[5.5.1126~1-8c451]:main():lattice-best-path.cc:99) For utterance f5_271, best cost 59.2953 + 394.12 = 453.415 over 314 frames.
f5_271 sil ch ey n sh iy p l iy sil 
LOG (lattice-best-path[5.5.1126~1-8c451]:main():lattice-best-path.cc:99) For utterance f5_276, best cost 54.8266 + 410.068 = 464.894 over 321 frames.
f5_276 sil iy w eh n er ah l z sil 
LOG (lattice-best-path[5.5.1126~1-8c451]:main():lattice-best-path.cc:99) For utterance f5_281, best cost 48.3525 + 784.97 = 833.322 over 565 frames.
f5_281 sil n f ao r sil sil 
LOG (lattice-best-path[5.5.1126~1-8c451]:main():lattice-best-path.cc:99) For utterance f5_286, best cost 59.9978 + 381.477 = 441.475 over 319 frames.
f5_286 sil ch iy s ah s k ae l iy sil 
LOG (lattice-best-path[5.5.1126~1-8c451]:main():lattice-best-path.cc:99) For utterance f5_291, best cost 17.7736 + 487.791 = 505.564 over 368 frames.
f5_291 sil sil 
LOG (lattice-best-path[5.5.1126~1-8c451]:main():lattice-best-path.cc:99) For utterance f5_296, best cost 53.6207 + 783.221 = 836.842 over 575 frames.
f5_296 sil n dh iy b ay l ah s sil 
LOG (lattice-best-path[5.5.1126~1-8c451]:main():lattice-best-path.cc:99) For utterance f5_301, best cost 58.2075 + 564.386 = 622.593 over 425 frames.
f5_301 sil t aa t aa p r eh r sil 
LOG (lattice-best-path[5.5.1126~1-8c451]:main():lattice-best-path.cc:99) For utterance f5_306, best cost 59.7515 + 573.069 = 632.82 over 433 frames.
f5_306 sil r aa n f r ah m ay l z sil 
LOG (lattice-best-path[5.5.1126~1-8c451]:main():lattice-best-path.cc:99) For utterance f5_311, best cost 63.3536 + 601.98 = 665.334 over 458 frames.
f5_311 sil dh iy f r ah n ch ae l d er sil 
LOG (lattice-best-path[5.5.1126~1-8c451]:main():lattice-best-path.cc:99) For utterance f5_316, best cost 117.808 + 559.409 = 677.218 over 457 frames.
f5_316 sil dh iy p r iy s k ah l ih l ay s er f iy l ih ng ih sh ah n z sil 
LOG (lattice-best-path[5.5.1126~1-8c451]:main():lattice-best-path.cc:99) For utterance f5_321, best cost 121.559 + 439.4 = 560.96 over 377 frames.
f5_321 sil ah l er w ao z ah p oy n t uw t ae k s k y uw hh er w ah l sil 
LOG (lattice-best-path[5.5.1126~1-8c451]:main():lattice-best-path.cc:99) For utterance f5_326, best cost 164.896 + 495.368 = 660.264 over 481 frames.
f5_326 sil dh iy s ih s t ah m ey b r iy k aw n s ih n s ih s ey t er f ay l z f r iy k ah l iy sil 
LOG (lattice-best-path[5.5.1126~1-8c451]:main():lattice-best-path.cc:99) For utterance f5_331, best cost 39.7017 + 640.502 = 680.203 over 487 frames.
f5_331 sil r iy aw er z sil 
LOG (lattice-best-path[5.5.1126~1-8c451]:main():lattice-best-path.cc:99) For utterance f5_336, best cost 113.735 + 493.211 = 606.946 over 396 frames.
f5_336 sil eh n oy s p aa r ah z m w ao r n oy n iy ch t iy sil 
LOG (lattice-best-path[5.5.1126~1-8c451]:main():lattice-best-path.cc:99) For utterance f5_341, best cost 66.6149 + 543.843 = 610.458 over 420 frames.
f5_341 sil ah n ah n eh v er dh iy k ah n sil 
LOG (lattice-best-path[5.5.1126~1-8c451]:main():lattice-best-path.cc:99) For utterance f5_346, best cost 70.6057 + 443.893 = 514.499 over 360 frames.
f5_346 sil m ah n iy n y iy ch iy er sil 
LOG (lattice-best-path[5.5.1126~1-8c451]:main():lattice-best-path.cc:99) For utterance f5_351, best cost 28.6085 + 437.617 = 466.225 over 341 frames.
f5_351 sil dh ae n sil 
LOG (lattice-best-path[5.5.1126~1-8c451]:main():lattice-best-path.cc:99) For utterance f5_361, best cost 112.148 + 422.341 = 534.49 over 372 frames.
f5_361 sil z sh iy l ah t uw s iy m uw v iy z t ay s ah l iy sil 
LOG (lattice-best-path[5.5.1126~1-8c451]:main():lattice-best-path.cc:99) For utterance f5_366, best cost 64.8492 + 510.488 = 575.337 over 405 frames.
f5_366 sil iy s k r ih l aa s ah z sil 
LOG (lattice-best-path[5.5.1126~1-8c451]:main():lattice-best-path.cc:99) For utterance f5_371, best cost 38.488 + 544.646 = 583.134 over 396 frames.
f5_371 sil ch ey n jh sil 
LOG (lattice-best-path[5.5.1126~1-8c451]:main():lattice-best-path.cc:99) For utterance f5_376, best cost 33.9991 + 482.425 = 516.424 over 351 frames.
f5_376 sil n d ih l sil 
LOG (lattice-best-path[5.5.1126~1-8c451]:main():lattice-best-path.cc:99) For utterance f5_381, best cost 114.861 + 533.099 = 647.96 over 463 frames.
f5_381 sil ng y uw ch ey n b iy sh er dh iy w aa sh d er l iy sil 
LOG (lattice-best-path[5.5.1126~1-8c451]:main():lattice-best-path.cc:99) For utterance f5_386, best cost 66.9756 + 512.08 = 579.056 over 421 frames.
f5_386 sil ah k r ae k w ih sh t ae m sil 
LOG (lattice-best-path[5.5.1126~1-8c451]:main():lattice-best-path.cc:99) For utterance f5_391, best cost 44.5003 + 410.043 = 454.544 over 321 frames.
f5_391 sil sh er l iy n sil 
LOG (lattice-best-path[5.5.1126~1-8c451]:main():lattice-best-path.cc:99) For utterance f5_396, best cost 97.6834 + 610.818 = 708.502 over 518 frames.
f5_396 sil b er ay t iy s er n eh v er ch ey n jh ah z sil 
LOG (lattice-best-path[5.5.1126~1-8c451]:main():lattice-best-path.cc:99) For utterance f5_401, best cost 105.227 + 478.716 = 583.943 over 394 frames.
f5_401 sil ah l aa r jh er k l ae m p ah p r aa b ow m sil 
LOG (lattice-best-path[5.5.1126~1-8c451]:main():lattice-best-path.cc:99) For utterance f5_406, best cost 141.245 + 606.93 = 748.175 over 512 frames.
f5_406 sil eh l m f ao r s ih z n ih l iy ow v er w ah m ah ch ah m z iy z sil 
LOG (lattice-best-path[5.5.1126~1-8c451]:main():lattice-best-path.cc:99) For utterance f5_411, best cost 37.8028 + 580.686 = 618.489 over 433 frames.
f5_411 sil sil l iy sil 
LOG (lattice-best-path[5.5.1126~1-8c451]:main():lattice-best-path.cc:99) For utterance f5_416, best cost 21.4933 + 484.931 = 506.424 over 339 frames.
f5_416 sil d sil 
LOG (lattice-best-path[5.5.1126~1-8c451]:main():lattice-best-path.cc:99) For utterance f5_421, best cost 45.1651 + 429.541 = 474.706 over 332 frames.
f5_421 sil k ah l ah f ah l sil 
LOG (lattice-best-path[5.5.1126~1-8c451]:main():lattice-best-path.cc:99) For utterance f5_431, best cost 27.37 + 589.152 = 616.522 over 427 frames.
f5_431 sil er z sil 
LOG (lattice-best-path[5.5.1126~1-8c451]:main():lattice-best-path.cc:99) For utterance f5_436, best cost 59.8979 + 526.042 = 585.94 over 405 frames.
f5_436 sil sil ey f r iy k ah ng sil 
LOG (lattice-best-path[5.5.1126~1-8c451]:main():lattice-best-path.cc:99) For utterance f5_441, best cost 98.6817 + 376.961 = 475.643 over 325 frames.
f5_441 sil r aa k ah m ah m iy z ih k ae z ah g r iy ah m sil 
LOG (lattice-best-path[5.5.1126~1-8c451]:main():lattice-best-path.cc:99) For utterance f5_446, best cost 108.938 + 471.692 = 580.63 over 398 frames.
f5_446 sil iy s ah m p ow z iy m ay b iy g ae n ah m ah n d iy sil 
LOG (lattice-best-path[5.5.1126~1-8c451]:main():lattice-best-path.cc:99) For utterance f5_451, best cost 83.7504 + 659.703 = 743.454 over 533 frames.
f5_451 sil sil ah m ah n iy f r uw r ah l ih ng sil 
LOG (lattice-best-path[5.5.1126~1-8c451]:main():lattice-best-path.cc:99) For utterance f5_456, best cost 89.7937 + 531.588 = 621.382 over 434 frames.
f5_456 sil ah l aa n ah t uw aa t ah s k aa r d n sil 
LOG (lattice-best-path[5.5.1126~1-8c451]:main():lattice-best-path.cc:99) For utterance m1_001, best cost 73.7067 + 267.734 = 341.441 over 200 frames.
m1_001 sil ih s w ao z iy z iy f er ae s sil 
LOG (lattice-best-path[5.5.1126~1-8c451]:main():lattice-best-path.cc:99) For utterance m1_006, best cost 110.796 + 510.288 = 621.084 over 381 frames.
m1_006 sil l ay y eh l ao r iy ow v er s ah l iy ay d ah m z 
LOG (lattice-best-path[5.5.1126~1-8c451]:main():lattice-best-path.cc:99) For utterance m1_011, best cost 90.8297 + 459.647 = 550.477 over 308 frames.
m1_011 sil s ah n y uh r ah m ah s hh ay jh ah t ae n sil 
LOG (lattice-best-path[5.5.1126~1-8c451]:main():lattice-best-path.cc:99) For utterance m1_016, best cost 109.185 + 499.346 = 608.531 over 374 frames.
m1_016 sil ae l ah m ow n iy hh ay m z ah n ae n s w eh l f sil 
LOG (lattice-best-path[5.5.1126~1-8c451]:main():lattice-best-path.cc:99) For utterance m1_021, best cost 82.9906 + 480.024 = 563.014 over 323 frames.
m1_021 sil ah l eh r s l ah m ih l iy ah n er z sil 
LOG (lattice-best-path[5.5.1126~1-8c451]:main():lattice-best-path.cc:99) For utterance m1_026, best cost 98.8806 + 451.384 = 550.264 over 326 frames.
m1_026 sil d ow ch uw ch aa r l iy z t er iy d ih sh ah s sil 
LOG (lattice-best-path[5.5.1126~1-8c451]:main():lattice-best-path.cc:99) For utterance m1_031, best cost 134.517 + 556.468 = 690.984 over 415 frames.
m1_031 sil aa r ow l b r ih z w ih z ah g r eh jh oy ih sh ah p r ih z ah n 
LOG (lattice-best-path[5.5.1126~1-8c451]:main():lattice-best-path.cc:99) For utterance m1_036, best cost 119.923 + 511.648 = 631.571 over 379 frames.
m1_036 sil ae s k ah p ow l k ah n b iy ah n er t ih ng k s ao r t sil 
LOG (lattice-best-path[5.5.1126~1-8c451]:main():lattice-best-path.cc:99) For utterance m1_041, best cost 123.88 + 513.482 = 637.362 over 398 frames.
m1_041 sil ae m ah d eh k s t r ah s p aa p ah t uw k aa p ih sh ao r sil 
LOG (lattice-best-path[5.5.1126~1-8c451]:main():lattice-best-path.cc:99) For utterance m1_046, best cost 113.832 + 572.665 = 686.497 over 421 frames.
m1_046 sil dh iy p r ao l ao r s k iy m ae s k f er d ay z sil 
LOG (lattice-best-path[5.5.1126~1-8c451]:main():lattice-best-path.cc:99) For utterance m1_051, best cost 142.577 + 589.391 = 731.967 over 421 frames.
m1_051 sil ih n iy k ah k r iy sh ah n ah b ah b iy g r ey t l iy p r ih sh ey d 
LOG (lattice-best-path[5.5.1126~1-8c451]:main():lattice-best-path.cc:99) For utterance m1_056, best cost 152.585 + 645.285 = 797.869 over 496 frames.
m1_056 sil l ae sh er z k ae sh er jh k aa z s t iy p r ay s ih ng k r iy s ah z sil 
LOG (lattice-best-path[5.5.1126~1-8c451]:main():lattice-best-path.cc:99) For utterance m1_061, best cost 139.884 + 519.02 = 658.904 over 422 frames.
m1_061 sil k l ih s t ih s p l iy w ao z m ih z p l ey s t ah m ah s k r iy n sil 
LOG (lattice-best-path[5.5.1126~1-8c451]:main():lattice-best-path.cc:99) For utterance m1_066, best cost 124.215 + 496.962 = 621.176 over 365 frames.
m1_066 sil b aa p er z p er s k r ay b d r k s t uw f r iy l iy sil 
LOG (lattice-best-path[5.5.1126~1-8c451]:main():lattice-best-path.cc:99) For utterance m1_071, best cost 184.908 + 726.291 = 911.199 over 544 frames.
m1_071 sil k w aa p er ey sh ah n ah l aa ng w ih th er s t ae n ih ng ih l iy v iy ey p ih s p y uw d 
LOG (lattice-best-path[5.5.1126~1-8c451]:main():lattice-best-path.cc:99) For utterance m1_076, best cost 98.9669 + 480.054 = 579.021 over 355 frames.
m1_076 sil dh iy f ih ng t er z ah f ey m ah s k ah l ch er sil 
LOG (lattice-best-path[5.5.1126~1-8c451]:main():lattice-best-path.cc:99) For utterance m1_081, best cost 146.891 + 524.084 = 670.975 over 397 frames.
m1_081 sil m eh s t er r ey p aa r iy z t ae k s w aa n z ah m eh jh ah n ih sh ah n sil 
LOG (lattice-best-path[5.5.1126~1-8c451]:main():lattice-best-path.cc:99) For utterance m1_086, best cost 177.24 + 750.799 = 928.039 over 555 frames.
m1_086 sil er ch ow p ah n t eh k er ey p er k l ae f r ah m z f er ao l hh ao l ah d ey z sil 
LOG (lattice-best-path[5.5.1126~1-8c451]:main():lattice-best-path.cc:99) For utterance m1_091, best cost 114.162 + 544.318 = 658.481 over 365 frames.
m1_091 sil y uw jh t ae t s t r iy hh aa n ah p er hh aa l w ey 
LOG (lattice-best-path[5.5.1126~1-8c451]:main():lattice-best-path.cc:99) For utterance m1_096, best cost 111.029 + 510.938 = 621.966 over 359 frames.
m1_096 sil ih s ah v ah n t ah p aa r ch er sh aa k ih k ae s t sil 
LOG (lattice-best-path[5.5.1126~1-8c451]:main():lattice-best-path.cc:99) For utterance m1_101, best cost 96.4108 + 434.666 = 531.077 over 310 frames.
m1_101 sil k aa s p ah s k r uw n er l ae f t ae n sil 
LOG (lattice-best-path[5.5.1126~1-8c451]:main():lattice-best-path.cc:99) For utterance m1_106, best cost 147.657 + 591.895 = 739.552 over 432 frames.
m1_106 sil t r ah s k ae s ih ng ih z f r b ah n ah n s ah jh eh k t uw p eh n ah l iy sil 
LOG (lattice-best-path[5.5.1126~1-8c451]:main():lattice-best-path.cc:99) For utterance m1_111, best cost 113.543 + 445.799 = 559.342 over 358 frames.
m1_111 sil aa r f ih sh ow n t eh l ah jh ah n s ih f er r iy l sil 
LOG (lattice-best-path[5.5.1126~1-8c451]:main():lattice-best-path.cc:99) For utterance m1_116, best cost 98.9831 + 487.833 = 586.816 over 369 frames.
m1_116 sil w iy p l ae n t uw b ih l ih n uw b eh v er sil 
LOG (lattice-best-path[5.5.1126~1-8c451]:main():lattice-best-path.cc:99) For utterance m1_121, best cost 150.748 + 783.64 = 934.387 over 552 frames.
m1_121 sil s ay n t ih f r iy p r r ah s k ah m f r uw d ih v eh l m ah n iy k s sil 
LOG (lattice-best-path[5.5.1126~1-8c451]:main():lattice-best-path.cc:99) For utterance m1_126, best cost 164.588 + 575.861 = 740.449 over 458 frames.
m1_126 sil w ih ch l aa n ao r d ih k ah l w ao z ah p ey k ih n iy v k l er v k ey sh ah n sil 
LOG (lattice-best-path[5.5.1126~1-8c451]:main():lattice-best-path.cc:99) For utterance m1_131, best cost 141.552 + 613.892 = 755.443 over 438 frames.
m1_131 sil k er k ah k s k ih sh ah n ah m ay n jh p ah sh ah n z k r jh ah l sil 
LOG (lattice-best-path[5.5.1126~1-8c451]:main():lattice-best-path.cc:99) For utterance m1_136, best cost 125.752 + 456.879 = 582.632 over 373 frames.
m1_136 sil m s t iy t ow z ih g z ih s t ih n w er k l ay m ah s sil 
LOG (lattice-best-path[5.5.1126~1-8c451]:main():lattice-best-path.cc:99) For utterance m1_141, best cost 115.492 + 551.648 = 667.14 over 385 frames.
m1_141 sil r uw v ih s p l ah n t er ah p eh r ah p r iy z er z sil 
LOG (lattice-best-path[5.5.1126~1-8c451]:main():lattice-best-path.cc:99) For utterance m1_146, best cost 112.863 + 701.216 = 814.079 over 474 frames.
m1_146 sil hh er w aa b er hh er er m ay ao t ah m l iy t s sil 
LOG (lattice-best-path[5.5.1126~1-8c451]:main():lattice-best-path.cc:99) For utterance m1_151, best cost 75.8689 + 460.831 = 536.7 over 332 frames.
m1_151 sil dh iy k ay ae k ah m b ay y uw 
LOG (lattice-best-path[5.5.1126~1-8c451]:main():lattice-best-path.cc:99) For utterance m1_156, best cost 162.392 + 677.345 = 839.736 over 528 frames.
m1_156 sil w eh v er k w aa p er t uw n f ay n iy n ae n s k ae m iy ow b iy w ao r d sil 
LOG (lattice-best-path[5.5.1126~1-8c451]:main():lattice-best-path.cc:99) For utterance m1_161, best cost 133.037 + 639.085 = 772.122 over 477 frames.
m1_161 sil eh r l iy s iy v ih f y ao r jh f r dh iy s aa f l er iy z sil 
LOG (lattice-best-path[5.5.1126~1-8c451]:main():lattice-best-path.cc:99) For utterance m1_166, best cost 93.2328 + 518.602 = 611.834 over 380 frames.
m1_166 sil dh iy k ae n iy ae l w er m ay iy er z 
LOG (lattice-best-path[5.5.1126~1-8c451]:main():lattice-best-path.cc:99) For utterance m1_171, best cost 135.438 + 532.833 = 668.272 over 411 frames.
m1_171 sil ih sh ao r iy eh v er iy f ay l r l iy d ah t uw m ay ao t ah s sil 
LOG (lattice-best-path[5.5.1126~1-8c451]:main():lattice-best-path.cc:99) For utterance m1_176, best cost 68.2422 + 506.926 = 575.168 over 331 frames.
m1_176 sil ey jh oy ah l er d ih sh ah n sil 
LOG (lattice-best-path[5.5.1126~1-8c451]:main():lattice-best-path.cc:99) For utterance m1_181, best cost 174.234 + 641.097 = 815.331 over 502 frames.
m1_181 sil ch ih l d ah n t uw f ao r d ih k s p ow sh er t uw k ah n t ey jh ih z d ih z iy z ah z sil 
LOG (lattice-best-path[5.5.1126~1-8c451]:main():lattice-best-path.cc:99) For utterance m1_186, best cost 124.551 + 544.261 = 668.812 over 402 frames.
m1_186 sil iy v ah n ay ah k ey sh ah n ah l iy ah m ah n d ey b l uw z 
LOG (lattice-best-path[5.5.1126~1-8c451]:main():lattice-best-path.cc:99) For utterance m1_191, best cost 125.569 + 564.267 = 689.836 over 418 frames.
m1_191 sil m ay k ow k aa l er dh iy b ah b er w ao l f p er aw n z 
LOG (lattice-best-path[5.5.1126~1-8c451]:main():lattice-best-path.cc:99) For utterance m1_196, best cost 142.972 + 648.799 = 791.771 over 488 frames.
m1_196 sil dh iy s er m ah n ah f ah s ay z th ih n iy f er f er m ah n ae ch ah n sil 
LOG (lattice-best-path[5.5.1126~1-8c451]:main():lattice-best-path.cc:99) For utterance m1_201, best cost 122.476 + 618.537 = 741.013 over 453 frames.
m1_201 sil k ao r iy ah t ae k ah p r aa jh eh k w ih th er m ey sh ah n sil 
LOG (lattice-best-path[5.5.1126~1-8c451]:main():lattice-best-path.cc:99) For utterance m1_206, best cost 155.034 + 523.762 = 678.795 over 414 frames.
m1_206 sil s t ae v eh r l iy hh ae n d ah l dh iy s ay k ah l aa jh ih k ah l t r aa m ah 
LOG (lattice-best-path[5.5.1126~1-8c451]:main():lattice-best-path.cc:99) For utterance m1_211, best cost 109.003 + 559.931 = 668.934 over 398 frames.
m1_211 sil ay er w ey ae n f r iy w ey n iy n s ih ng f ih ng sil 
LOG (lattice-best-path[5.5.1126~1-8c451]:main():lattice-best-path.cc:99) For utterance m1_216, best cost 129.529 + 563.151 = 692.68 over 430 frames.
m1_216 sil z aa ch er w ao z ih n dh iy ae m y ah l ah n s ah p ey sh ah n z 
LOG (lattice-best-path[5.5.1126~1-8c451]:main():lattice-best-path.cc:99) For utterance m1_221, best cost 99.4858 + 507.018 = 606.503 over 367 frames.
m1_221 sil hh aw n z dh iy s ah b oy ah s k ah l ey t er sil 
LOG (lattice-best-path[5.5.1126~1-8c451]:main():lattice-best-path.cc:99) For utterance m1_226, best cost 115.612 + 518.614 = 634.226 over 388 frames.
m1_226 sil dh iy k ao r jh ih z b er f ah l ey t ah l ow v n ah ch er sil 
LOG (lattice-best-path[5.5.1126~1-8c451]:main():lattice-best-path.cc:99) For utterance m1_236, best cost 111.993 + 461.152 = 573.145 over 355 frames.
m1_236 sil hh aw oy l iy d iy l ih k ih s eh l ah jh er s ih ng 
LOG (lattice-best-path[5.5.1126~1-8c451]:main():lattice-best-path.cc:99) For utterance m1_241, best cost 153.598 + 543.283 = 696.881 over 452 frames.
m1_241 sil dh iy jh aa b r ey t s p ay iy z ih ng ih n t eh k ah n ih s t ih k aa s ah l z 
LOG (lattice-best-path[5.5.1126~1-8c451]:main():lattice-best-path.cc:99) For utterance m1_246, best cost 81.8186 + 602.361 = 684.18 over 395 frames.
m1_246 sil dh iy ih ng r iy b oy iy ae n t er aw 
LOG (lattice-best-path[5.5.1126~1-8c451]:main():lattice-best-path.cc:99) For utterance m1_251, best cost 189.01 + 719.731 = 908.742 over 561 frames.
m1_251 sil jh ih f er th er d ih z p er s t iy sh iy k ey sh ah n l iy r iy z ah l s t r iy jh er n ah l sil 
LOG (lattice-best-path[5.5.1126~1-8c451]:main():lattice-best-path.cc:99) For utterance m1_256, best cost 159.547 + 608.404 = 767.951 over 461 frames.
m1_256 sil p ay m z p eh r ao r n ah z ey sh ah n z p er m ow p b er f ih n t r l sil 
LOG (lattice-best-path[5.5.1126~1-8c451]:main():lattice-best-path.cc:99) For utterance m1_261, best cost 149.382 + 589.963 = 739.346 over 450 frames.
m1_261 sil w ih k ah p er v k ah l aa sh ah z er f er y uw s ah l ah n s iy aw t ah l sil 
LOG (lattice-best-path[5.5.1126~1-8c451]:main():lattice-best-path.cc:99) For utterance m1_266, best cost 110.222 + 541.953 = 652.176 over 395 frames.
m1_266 sil sh uh d jh er ae s p iy k ae n s m l z uw z 
LOG (lattice-best-path[5.5.1126~1-8c451]:main():lattice-best-path.cc:99) For utterance m1_271, best cost 110.527 + 411.274 = 521.801 over 320 frames.
m1_271 sil ah m iy d ih s ch ey n sh sh ey t k aa t s ah l iy sil 
LOG (lattice-best-path[5.5.1126~1-8c451]:main():lattice-best-path.cc:99) For utterance m1_276, best cost 104.771 + 416.966 = 521.738 over 322 frames.
m1_276 sil ch ow z ah n f y uw w ih k aw n jh ah n er l z 
LOG (lattice-best-path[5.5.1126~1-8c451]:main():lattice-best-path.cc:99) For utterance m1_281, best cost 189.535 + 756.635 = 946.17 over 591 frames.
m1_281 sil m ay d ih s ay er z ah s ah m p ah l iy w aa n f ao r m ah t ah v p er r ae f aa n dh iy s ah sil 
LOG (lattice-best-path[5.5.1126~1-8c451]:main():lattice-best-path.cc:99) For utterance m1_286, best cost 121.474 + 452.771 = 574.246 over 359 frames.
m1_286 sil dh ae t d aa ch ey s ih s k ae t s m er s ah l ah s l iy sil 
LOG (lattice-best-path[5.5.1126~1-8c451]:main():lattice-best-path.cc:99) For utterance m1_291, best cost 123.434 + 544.962 = 668.396 over 403 frames.
m1_291 sil l eh dh er hh ae n d ey t ah b iy ah s uw b ah l p ih f sil 
LOG (lattice-best-path[5.5.1126~1-8c451]:main():lattice-best-path.cc:99) For utterance m1_296, best cost 183.735 + 751.492 = 935.227 over 592 frames.
m1_296 sil ae l r s iy t uw jh oy d ah p oy n d ah n dh iy b ay eh l ah jh iy ah n ah n jh ah n ih r iy s sil 
LOG (lattice-best-path[5.5.1126~1-8c451]:main():lattice-best-path.cc:99) For utterance m1_301, best cost 163.501 + 612.323 = 775.824 over 494 frames.
m1_301 sil t aa b p l ey z t aa p r ay ao r d iy ah n d ih t ih ng ih z b ay k f ih k s sil 
LOG (lattice-best-path[5.5.1126~1-8c451]:main():lattice-best-path.cc:99) For utterance m1_306, best cost 138.787 + 530.327 = 669.114 over 416 frames.
m1_306 sil jh aa r m er k iy l ih g uw n b aa n r aa n f r ah m ay l z 
LOG (lattice-best-path[5.5.1126~1-8c451]:main():lattice-best-path.cc:99) For utterance m1_311, best cost 112.272 + 783.483 = 895.756 over 539 frames.
m1_311 sil dh iy f r ah n t r ow p ih ch ah n s ih jh uw b ay er sil 
LOG (lattice-best-path[5.5.1126~1-8c451]:main():lattice-best-path.cc:99) For utterance m1_316, best cost 218.344 + 789.311 = 1007.65 over 631 frames.
m1_316 sil dh iy p r iy s k ah l uh k ah n p er b ah l ay s er f y ah l ah n d ah b aa th iy m er jh ah n t iy k ah n d ih sh ah n z sil 
LOG (lattice-best-path[5.5.1126~1-8c451]:main():lattice-best-path.cc:99) For utterance m1_321, best cost 126.142 + 525.703 = 651.846 over 412 frames.
m1_321 sil ah l er w ao z ah p oy n t ah t ae k s ih k y uw hh er w ih l 
LOG (lattice-best-path[5.5.1126~1-8c451]:main():lattice-best-path.cc:99) For utterance m1_326, best cost 155.43 + 666.863 = 822.293 over 542 frames.
m1_326 sil dh iy s ih s ah m ey b r iy p aw n s uw n s ah s ey t er f ay l z f r iy sil 
LOG (lattice-best-path[5.5.1126~1-8c451]:main():lattice-best-path.cc:99) For utterance m1_331, best cost 144.216 + 747.482 = 891.699 over 556 frames.
m1_331 sil dh iy g ah m ah n k ae k ao r d ah k ah m p ao r f er f r iy aw er z 
LOG (lattice-best-path[5.5.1126~1-8c451]:main():lattice-best-path.cc:99) For utterance m1_336, best cost 152.803 + 611.772 = 764.575 over 475 frames.
m1_336 sil dh ae n oy z p r aa g ow z d r ow z m ao r n oy ih ng iy jh d ey 
LOG (lattice-best-path[5.5.1126~1-8c451]:main():lattice-best-path.cc:99) For utterance m1_341, best cost 135.489 + 616.327 = 751.816 over 455 frames.
m1_341 sil w ih m ih m ey n eh v er k ah m k ah m p l iy t iy t ah m ah n sil 
LOG (lattice-best-path[5.5.1126~1-8c451]:main():lattice-best-path.cc:99) For utterance m1_346, best cost 104.439 + 445.465 = 549.904 over 346 frames.
m1_346 sil w iy w uh k ah m ah n iy n z d ah n s iy ch iy er sil 
LOG (lattice-best-path[5.5.1126~1-8c451]:main():lattice-best-path.cc:99) For utterance m1_351, best cost 114.701 + 502.23 = 616.931 over 372 frames.
m1_351 sil w ih jh ch er jh d uw dh iy s m ih s w er sh ah p ah n sil 
LOG (lattice-best-path[5.5.1126~1-8c451]:main():lattice-best-path.cc:99) For utterance m1_356, best cost 96.8178 + 445.41 = 542.228 over 338 frames.
m1_356 sil ey ao l ay k ah l ao ng hh aa ch sh aw er z sil 
LOG (lattice-best-path[5.5.1126~1-8c451]:main():lattice-best-path.cc:99) For utterance m1_361, best cost 135.448 + 481.4 = 616.848 over 383 frames.
m1_361 sil t ih n t ey z sh iy l ih th ih s iy m uw v iy z t oy s ah b iy sil 
LOG (lattice-best-path[5.5.1126~1-8c451]:main():lattice-best-path.cc:99) For utterance m1_366, best cost 148.748 + 560.224 = 708.972 over 444 frames.
m1_366 sil hh er w ao r jh er ah n s ih s ah v ah l l iy s k er t ah m b aa t s ah z sil 
LOG (lattice-best-path[5.5.1126~1-8c451]:main():lattice-best-path.cc:99) For utterance m1_371, best cost 130.563 + 540.793 = 671.355 over 409 frames.
m1_371 sil r ay dh iy s ah g w ey b ae k ae f ah n t ah n ah v ch ey n sh 
LOG (lattice-best-path[5.5.1126~1-8c451]:main():lattice-best-path.cc:99) For utterance m1_376, best cost 120.569 + 570.57 = 691.139 over 432 frames.
m1_376 sil uw dh iy g aa r b ah jh dh iy er dh iy l aa r jh ah n d ow sil 
LOG (lattice-best-path[5.5.1126~1-8c451]:main():lattice-best-path.cc:99) For utterance m1_381, best cost 170.611 + 639.071 = 809.682 over 508 frames.
m1_381 sil ow n t uw f ah n ih sh k r iy s ih ng er ch ey n b iy sh er t uw w ao sh s er l iy sil 
LOG (lattice-best-path[5.5.1126~1-8c451]:main():lattice-best-path.cc:99) For utterance m1_386, best cost 147.948 + 631.977 = 779.925 over 461 frames.
m1_386 sil ah k r ae ch aw n jh m iy b ah k w ih k s t ae ng k w ih sh ae m sil 
LOG (lattice-best-path[5.5.1126~1-8c451]:main():lattice-best-path.cc:99) For utterance m1_391, best cost 120.851 + 527.757 = 648.608 over 386 frames.
m1_391 sil iy ch t ae d sh er l iy f ay n z ah b ih g f aa n sil 
LOG (lattice-best-path[5.5.1126~1-8c451]:main():lattice-best-path.cc:99) For utterance m1_396, best cost 184.046 + 667.024 = 851.071 over 528 frames.
m1_396 sil dh iy ae v er t ay z ih ng f er s ah v ah m ih f er ay t iy s t ao r n ah v er ch ey n jh ah z sil 
LOG (lattice-best-path[5.5.1126~1-8c451]:main():lattice-best-path.cc:99) For utterance m1_401, best cost 145.762 + 575.605 = 721.367 over 462 frames.
m1_401 sil k aa m ah th ih ng s ah l aa r jh er k l ae m p s ao l t uw p r ao ng 
LOG (lattice-best-path[5.5.1126~1-8c451]:main():lattice-best-path.cc:99) For utterance m1_406, best cost 172.314 + 835.141 = 1007.45 over 617 frames.
m1_406 sil ow n f ao r z t w ih z n er l iy g ow v er w ao ng b ay b ae ch ow n z iy z sil 
LOG (lattice-best-path[5.5.1126~1-8c451]:main():lattice-best-path.cc:99) For utterance m1_411, best cost 136.67 + 497.959 = 634.629 over 395 frames.
m1_411 sil dh ow z m iy z ih sh ah n z hh aa r m ay z m aa r f l ah s l iy 
LOG (lattice-best-path[5.5.1126~1-8c451]:main():lattice-best-path.cc:99) For utterance m1_416, best cost 90.2485 + 590.49 = 680.739 over 408 frames.
m1_416 sil ae p aa p ih s k aa r ah hh ae n d ih 
LOG (lattice-best-path[5.5.1126~1-8c451]:main():lattice-best-path.cc:99) For utterance m1_421, best cost 114.579 + 475.509 = 590.088 over 363 frames.
m1_421 sil ih z b ae n ah k aa s t ih n t er k w eh k ow th ah l sil 
LOG (lattice-best-path[5.5.1126~1-8c451]:main():lattice-best-path.cc:99) For utterance m1_426, best cost 141.742 + 678.517 = 820.26 over 507 frames.
m1_426 iy z iy g ow ah n z w ao l ah jh ah s r l ae k s t er ah w ey jh 
LOG (lattice-best-path[5.5.1126~1-8c451]:main():lattice-best-path.cc:99) For utterance m1_431, best cost 166.703 + 606.078 = 772.781 over 467 frames.
m1_431 sil aa m p r ao f ah t ao r ih n ah z ey sh ah n z hh ae v f r iy ow n b r ih z er z sil 
LOG (lattice-best-path[5.5.1126~1-8c451]:main():lattice-best-path.cc:99) For utterance m1_436, best cost 161.577 + 642.84 = 804.417 over 482 frames.
m1_436 sil b er jh b er t ey t f r iy k ah n dh iy ah k er ah z aa n f ay s k ih v ih ng 
LOG (lattice-best-path[5.5.1126~1-8c451]:main():lattice-best-path.cc:99) For utterance m1_441, best cost 118.979 + 469.38 = 588.359 over 358 frames.
m1_441 sil r aa k ah r ah l m y uw z ih k ae z ih g r iy r dh iy m sil 
LOG (lattice-best-path[5.5.1126~1-8c451]:main():lattice-best-path.cc:99) For utterance m1_446, best cost 124.716 + 552.217 = 676.933 over 412 frames.
m1_446 sil dh iy s p iy ch ah m p ow z iy m ay b iy g ih n ah m ah n d ey 
LOG (lattice-best-path[5.5.1126~1-8c451]:main():lattice-best-path.cc:99) For utterance m1_451, best cost 160.659 + 692.064 = 852.723 over 513 frames.
m1_451 sil ch er n k ae n k ah n s uw m ah n iy f r uw r ah l ah s ah m ow n s ah d ih ng 
LOG (lattice-best-path[5.5.1126~1-8c451]:main():lattice-best-path.cc:99) For utterance m1_456, best cost 145.857 + 739.945 = 885.802 over 518 frames.
m1_456 sil ah m ao th ih z ih g ae b ah l aa n ah p ae f r aa t ow z g aa r n sil 
LOG (lattice-best-path[5.5.1126~1-8c451]:main():lattice-best-path.cc:99) For utterance m3_001, best cost 72.5694 + 251.916 = 324.485 over 246 frames.
m3_001 sil ih s ah z iy z iy f ao r ah s sil 
LOG (lattice-best-path[5.5.1126~1-8c451]:main():lattice-best-path.cc:99) For utterance m3_006, best cost 107.977 + 357.535 = 465.512 over 352 frames.
m3_006 sil w ay d ae l ah r iy ow v er s ah l iy ae t ah m z sil 
LOG (lattice-best-path[5.5.1126~1-8c451]:main():lattice-best-path.cc:99) For utterance m3_011, best cost 90.2829 + 314.449 = 404.732 over 299 frames.
m3_011 sil s ah n y uh r aa r m ah t ay z iy k ae n sil 
LOG (lattice-best-path[5.5.1126~1-8c451]:main():lattice-best-path.cc:99) For utterance m3_016, best cost 117.113 + 396.935 = 514.048 over 351 frames.
m3_016 sil ae l ah m ow n iy hh aw er m ao r ch n ae n t w ao l sil 
LOG (lattice-best-path[5.5.1126~1-8c451]:main():lattice-best-path.cc:99) For utterance m3_021, best cost 73.6661 + 341.58 = 415.246 over 291 frames.
m3_021 sil ah l iy l ay er z l ah n er z sil 
LOG (lattice-best-path[5.5.1126~1-8c451]:main():lattice-best-path.cc:99) For utterance m3_026, best cost 93.7113 + 302.452 = 396.164 over 293 frames.
m3_026 sil dh ow t uw t r l iy z t er iy d ih sh ah z sil 
LOG (lattice-best-path[5.5.1126~1-8c451]:main():lattice-best-path.cc:99) For utterance m3_031, best cost 95.8367 + 489.497 = 585.334 over 401 frames.
m3_031 sil aa r ah l b r iy s l w ao z g r eh t sil 
LOG (lattice-best-path[5.5.1126~1-8c451]:main():lattice-best-path.cc:99) For utterance m3_036, best cost 119.177 + 350.668 = 469.845 over 346 frames.
m3_036 sil ae s k ah b aa p ah n b iy n ah t ih n ih ng s t ao r t sil 
LOG (lattice-best-path[5.5.1126~1-8c451]:main():lattice-best-path.cc:99) For utterance m3_041, best cost 102.374 + 406.213 = 508.587 over 348 frames.
m3_041 sil eh m ih k s t er z p ih k t aa k aa m ao r sil 
LOG (lattice-best-path[5.5.1126~1-8c451]:main():lattice-best-path.cc:99) For utterance m3_046, best cost 104.693 + 387.515 = 492.207 over 358 frames.
m3_046 sil dh iy p r ao l r ah s t iy m ae s k s k ay s sil 
LOG (lattice-best-path[5.5.1126~1-8c451]:main():lattice-best-path.cc:99) For utterance m3_051, best cost 132.725 + 418.057 = 550.782 over 388 frames.
m3_051 sil eh n iy k ah n t ah b ih sh ah n d ah b ih g r l iy p er s ey t ah d sil 
LOG (lattice-best-path[5.5.1126~1-8c451]:main():lattice-best-path.cc:99) For utterance m3_056, best cost 131.77 + 437.44 = 569.21 over 421 frames.
m3_056 sil l ae s t er z g ae sh er d s k ah s t iy p r ay s ih s ah z sil 
LOG (lattice-best-path[5.5.1126~1-8c451]:main():lattice-best-path.cc:99) For utterance m3_061, best cost 130.02 + 356.273 = 486.292 over 352 frames.
m3_061 sil k l ih s t ih s p oy iy w ih z ah s p l ey s t ah s k r iy n sil 
LOG (lattice-best-path[5.5.1126~1-8c451]:main():lattice-best-path.cc:99) For utterance m3_066, best cost 97.5131 + 334.822 = 432.335 over 318 frames.
m3_066 sil dh ae k t ih s p er s k r ae t uw f r iy l iy sil 
LOG (lattice-best-path[5.5.1126~1-8c451]:main():lattice-best-path.cc:99) For utterance m3_071, best cost 146.522 + 484.277 = 630.799 over 439 frames.
m3_071 sil k w aa p r ey sh ah l ao ng z ah n er s t ae n ih ng ah l iy g y uw t sil 
LOG (lattice-best-path[5.5.1126~1-8c451]:main():lattice-best-path.cc:99) For utterance m3_076, best cost 59.3503 + 391.855 = 451.205 over 319 frames.
m3_076 sil er z ah f ey m er sil 
LOG (lattice-best-path[5.5.1126~1-8c451]:main():lattice-best-path.cc:99) For utterance m3_081, best cost 129.604 + 417.337 = 546.941 over 363 frames.
m3_081 sil m ae s t r ey p aa r iy z t ae k s aa m ae n ey sh ah sil 
LOG (lattice-best-path[5.5.1126~1-8c451]:main():lattice-best-path.cc:99) For utterance m3_086, best cost 149.708 + 586.667 = 736.375 over 522 frames.
m3_086 sil t ih n er ah n t ow v er n d eh k r ey t ih k aa sh ah n t r ao l d ey z sil 
LOG (lattice-best-path[5.5.1126~1-8c451]:main():lattice-best-path.cc:99) For utterance m3_091, best cost 100.18 + 332.774 = 432.954 over 320 frames.
m3_091 sil y uw t ae p ah s t r iy hh aa n er ao l ay sil 
LOG (lattice-best-path[5.5.1126~1-8c451]:main():lattice-best-path.cc:99) For utterance m3_096, best cost 100.293 + 395.128 = 495.421 over 365 frames.
m3_096 sil ih s ah n d ah p aa r t er s aa k ah k ae s t sil 
LOG (lattice-best-path[5.5.1126~1-8c451]:main():lattice-best-path.cc:99) For utterance m3_101, best cost 78.126 + 367.383 = 445.509 over 307 frames.
m3_101 sil k l ae f r uw n ao f t ae n d sil 
LOG (lattice-best-path[5.5.1126~1-8c451]:main():lattice-best-path.cc:99) For utterance m3_106, best cost 106.333 + 405.902 = 512.235 over 374 frames.
m3_106 sil t r eh s t ae s ih ng ih s er b ah n s ah b iy sil 
LOG (lattice-best-path[5.5.1126~1-8c451]:main():lattice-best-path.cc:99) For utterance m3_111, best cost 107.469 + 326.708 = 434.178 over 322 frames.
m3_111 sil ah th ih sh ah l ah n t eh l ah jh ah n s ah s er iy l sil 
LOG (lattice-best-path[5.5.1126~1-8c451]:main():lattice-best-path.cc:99) For utterance m3_116, best cost 96.3571 + 427.981 = 524.338 over 363 frames.
m3_116 sil w iy p ae n ah b ih l d ah n uw b eh v er sil 
LOG (lattice-best-path[5.5.1126~1-8c451]:main():lattice-best-path.cc:99) For utterance m3_121, best cost 126.504 + 587.728 = 714.233 over 502 frames.
m3_121 sil s ay n t ih z ih p r aa r eh s k aa n f r uw v ah l ah s sil 
LOG (lattice-best-path[5.5.1126~1-8c451]:main():lattice-best-path.cc:99) For utterance m3_126, best cost 142.432 + 462.439 = 604.87 over 422 frames.
m3_126 sil w ih t s l aa r d ih k ah l ah p ey k ah n ih g l er f ah k ey sh ah n sil 
LOG (lattice-best-path[5.5.1126~1-8c451]:main():lattice-best-path.cc:99) For utterance m3_131, best cost 132.212 + 428.027 = 560.24 over 412 frames.
m3_131 sil k r eh k y uw s n ah m ay n jh jh eh sh ah n z t r ih sh ah l sil 
LOG (lattice-best-path[5.5.1126~1-8c451]:main():lattice-best-path.cc:99) For utterance m3_136, best cost 94.5751 + 446.999 = 541.575 over 360 frames.
m3_136 sil ih s t iy d ih z ah s t uw w ao r aa n ah s sil 
LOG (lattice-best-path[5.5.1126~1-8c451]:main():lattice-best-path.cc:99) For utterance m3_141, best cost 84.067 + 395.412 = 479.479 over 354 frames.
m3_141 sil ah m uw v ih s p ah n er iy z er z sil 
LOG (lattice-best-path[5.5.1126~1-8c451]:main():lattice-best-path.cc:99) For utterance m3_146, best cost 84.5674 + 600.348 = 684.916 over 495 frames.
m3_146 sil r ao ao r n er m ay ao l iy z 
LOG (lattice-best-path[5.5.1126~1-8c451]:main():lattice-best-path.cc:99) For utterance m3_151, best cost 56.5953 + 388.415 = 445.01 over 315 frames.
m3_151 sil dh iy k ae b ay t uw sil 
LOG (lattice-best-path[5.5.1126~1-8c451]:main():lattice-best-path.cc:99) For utterance m3_156, best cost 168.508 + 580.986 = 749.494 over 522 frames.
m3_156 sil w eh v er k w aa p r ey t s ah n p ay n iy n ae n s k ae m ow l b iy w ao r d sil 
LOG (lattice-best-path[5.5.1126~1-8c451]:main():lattice-best-path.cc:99) For utterance m3_161, best cost 123.392 + 487.591 = 610.982 over 430 frames.
m3_161 sil er l iy s iy f y uw ao r jh t uw dh iy s m ow th er iy z sil 
LOG (lattice-best-path[5.5.1126~1-8c451]:main():lattice-best-path.cc:99) For utterance m3_166, best cost 95.8458 + 402.101 = 497.947 over 359 frames.
m3_166 sil dh iy k ae n aw z hh er jh m ay iy er z sil 
LOG (lattice-best-path[5.5.1126~1-8c451]:main():lattice-best-path.cc:99) For utterance m3_171, best cost 128.52 + 388.207 = 516.727 over 354 frames.
m3_171 sil d ih s t r ay ah v er iy f ay l er dh iy d ah jh m ay ao t s sil 
LOG (lattice-best-path[5.5.1126~1-8c451]:main():lattice-best-path.cc:99) For utterance m3_176, best cost 79.528 + 300.768 = 380.296 over 265 frames.
m3_176 sil ey n jh oy ey b ay ae b ih sh ah n sil 
LOG (lattice-best-path[5.5.1126~1-8c451]:main():lattice-best-path.cc:99) For utterance m3_181, best cost 136.857 + 532.899 = 669.756 over 455 frames.
m3_181 sil iy aa n ch eh l d ah n t uw oy d ih k s p uh d ih s t iy z ah z sil 
LOG (lattice-best-path[5.5.1126~1-8c451]:main():lattice-best-path.cc:99) For utterance m3_186, best cost 114.044 + 431.75 = 545.794 over 351 frames.
m3_186 sil iy n ay k ey t ah l iy t ah k ah m ah n ih b l uw z sil 
LOG (lattice-best-path[5.5.1126~1-8c451]:main():lattice-best-path.cc:99) For utterance m3_191, best cost 92.1443 + 509.975 = 602.119 over 445 frames.
m3_191 sil m ay k ah k aa r ah m ao l s k r ah n z sil 
LOG (lattice-best-path[5.5.1126~1-8c451]:main():lattice-best-path.cc:99) For utterance m3_196, best cost 149.599 + 439.816 = 589.415 over 432 frames.
m3_196 sil dh iy s er m ah n ah m z ah s ay s ih n iy d f er f er er d ae k sh ah n sil 
LOG (lattice-best-path[5.5.1126~1-8c451]:main():lattice-best-path.cc:99) For utterance m3_201, best cost 140.527 + 436.026 = 576.553 over 404 frames.
m3_201 sil k ao r ey t ae k ah p r aa jh eh k ah z eh k s t uw t er m ey sh ah n sil 
LOG (lattice-best-path[5.5.1126~1-8c451]:main():lattice-best-path.cc:99) For utterance m3_206, best cost 90.2551 + 466.28 = 556.535 over 387 frames.
m3_206 sil s t ae f ae n ah dh iy s ay k ah l aa t sil 
LOG (lattice-best-path[5.5.1126~1-8c451]:main():lattice-best-path.cc:99) For utterance m3_211, best cost 99.1545 + 376.801 = 475.956 over 317 frames.
m3_211 sil ay l iy ah n f r iy w ey m ih n s ey n z ih ng sil 
LOG (lattice-best-path[5.5.1126~1-8c451]:main():lattice-best-path.cc:99) For utterance m3_216, best cost 81.0533 + 432.321 = 513.374 over 367 frames.
m3_216 sil ah t aa n dh ae n aa p ey sh ah n sil 
LOG (lattice-best-path[5.5.1126~1-8c451]:main():lattice-best-path.cc:99) For utterance m3_221, best cost 102.646 + 409.339 = 511.985 over 334 frames.
m3_221 sil hh ow ey t ih n ih z ah s ah b ay s k ah l ey t er sil 
LOG (lattice-best-path[5.5.1126~1-8c451]:main():lattice-best-path.cc:99) For utterance m3_226, best cost 115.024 + 372.665 = 487.69 over 349 frames.
m3_226 sil dh iy b ao r ih z b aa r f l ay ey t ah l aa n ah t er sil 
LOG (lattice-best-path[5.5.1126~1-8c451]:main():lattice-best-path.cc:99) For utterance m3_231, best cost 102.649 + 308.965 = 411.615 over 286 frames.
m3_231 sil w eh r ow p ah n eh v er iy m ah n d ih m ao r ih ng 
LOG (lattice-best-path[5.5.1126~1-8c451]:main():lattice-best-path.cc:99) For utterance m3_236, best cost 100.478 + 402.401 = 502.879 over 339 frames.
m3_236 sil hh aw w oy l iy b iy l ey t er s eh l ah ng sil 
LOG (lattice-best-path[5.5.1126~1-8c451]:main():lattice-best-path.cc:99) For utterance m3_241, best cost 119.409 + 421.838 = 541.247 over 386 frames.
m3_241 sil ao r iy p iy z ih ng ih n t ih k ah n ih s ih k aa s ah l z sil 
LOG (lattice-best-path[5.5.1126~1-8c451]:main():lattice-best-path.cc:99) For utterance m3_246, best cost 83.1203 + 453.658 = 536.779 over 382 frames.
m3_246 sil w ay ae n ch er d ih m ah k aw t sil 
LOG (lattice-best-path[5.5.1126~1-8c451]:main():lattice-best-path.cc:99) For utterance m3_251, best cost 152.202 + 562.662 = 714.864 over 519 frames.
m3_251 sil d ih f er s p ah s t iy sh iy p ey z ah l iy r iy z w ao s t uw jh er ah l 
LOG (lattice-best-path[5.5.1126~1-8c451]:main():lattice-best-path.cc:99) For utterance m3_256, best cost 124.098 + 541.352 = 665.45 over 462 frames.
m3_256 sil ae n hh ae t er ih z ey sh ah n z p r ah b er th er l sil 
LOG (lattice-best-path[5.5.1126~1-8c451]:main():lattice-best-path.cc:99) For utterance m3_261, best cost 140.883 + 418.151 = 559.035 over 393 frames.
m3_261 sil w ah dh iy p er s p ah l aa s ih z er f er y uw s ow n s iy aa l sil 
LOG (lattice-best-path[5.5.1126~1-8c451]:main():lattice-best-path.cc:99) For utterance m3_266, best cost 82.5686 + 397.289 = 479.858 over 340 frames.
m3_266 sil sh ah jh er ae s t iy k ae z uw z sil 
LOG (lattice-best-path[5.5.1126~1-8c451]:main():lattice-best-path.cc:99) For utterance m3_271, best cost 94.7888 + 346.914 = 441.703 over 302 frames.
m3_271 sil ah m iy d ih s ch ey n sh ey k aa l iy sil 
LOG (lattice-best-path[5.5.1126~1-8c451]:main():lattice-best-path.cc:99) For utterance m3_276, best cost 117.49 + 364.25 = 481.739 over 319 frames.
m3_276 sil ah th y uw ch ow z ah n t iy ow l iy k aw n d aw er l z sil 
LOG (lattice-best-path[5.5.1126~1-8c451]:main():lattice-best-path.cc:99) For utterance m3_281, best cost 152.5 + 612.866 = 765.366 over 543 frames.
m3_281 sil m ay d ih z ae t ah s ah p ah l iy m iy w aa n f ao r m ah p eh r ae k sil 
LOG (lattice-best-path[5.5.1126~1-8c451]:main():lattice-best-path.cc:99) For utterance m3_286, best cost 95.3808 + 362.613 = 457.994 over 327 frames.
m3_286 sil eh jh aa ch ih s k ae m er s ah l s l iy sil 
LOG (lattice-best-path[5.5.1126~1-8c451]:main():lattice-best-path.cc:99) For utterance m3_291, best cost 62.5009 + 451.122 = 513.623 over 364 frames.
m3_291 sil ah dh er hh ae n d ae sil 
LOG (lattice-best-path[5.5.1126~1-8c451]:main():lattice-best-path.cc:99) For utterance m3_296, best cost 128.464 + 711.387 = 839.851 over 584 frames.
m3_296 sil hh aw er s iy d er t ah p oy m ah n aa l d iy ah n ah n z sil 
LOG (lattice-best-path[5.5.1126~1-8c451]:main():lattice-best-path.cc:99) For utterance m3_301, best cost 130.684 + 510.361 = 641.045 over 443 frames.
m3_301 sil p aa p oy z t aa p ay er d iy ae n d ah n ih z b ay t s t sil 
LOG (lattice-best-path[5.5.1126~1-8c451]:main():lattice-best-path.cc:99) For utterance m3_306, best cost 102.831 + 518.552 = 621.383 over 414 frames.
m3_306 sil dh iy b aa r uw w ao r aw n sil er m ay l z sil 
LOG (lattice-best-path[5.5.1126~1-8c451]:main():lattice-best-path.cc:99) For utterance m3_311, best cost 128.317 + 520.785 = 649.102 over 473 frames.
m3_311 sil n ch ay l ah jh ah n ay s ah n jh uw b ay z b ih g r l er sil 
LOG (lattice-best-path[5.5.1126~1-8c451]:main():lattice-best-path.cc:99) For utterance m3_316, best cost 187.13 + 586.2 = 773.33 over 569 frames.
m3_316 sil dh iy p r iy s k ah l er k ah m p er w ay s er f iy l ih ng z ah b aa p iy m er n d ih sh ah n z sil 
LOG (lattice-best-path[5.5.1126~1-8c451]:main():lattice-best-path.cc:99) For utterance m3_321, best cost 114.902 + 371.814 = 486.717 over 357 frames.
m3_321 sil ah l er w ao z ah p ay n s eh k s ih k y uw t er w eh l sil 
LOG (lattice-best-path[5.5.1126~1-8c451]:main():lattice-best-path.cc:99) For utterance m3_326, best cost 139.188 + 514.368 = 653.556 over 464 frames.
m3_326 sil dh iy s ih s ah m ey b r ih g aa n s ah n s ah s ey t er f ay l th iy sil 
LOG (lattice-best-path[5.5.1126~1-8c451]:main():lattice-best-path.cc:99) For utterance m3_331, best cost 138.358 + 532.563 = 670.921 over 472 frames.
m3_331 sil dh iy g ah m ey k ah p ih z ih k ao er d ih k ah m p aa r iy aw er z sil 
LOG (lattice-best-path[5.5.1126~1-8c451]:main():lattice-best-path.cc:99) For utterance m3_336, best cost 125.768 + 418.631 = 544.399 over 372 frames.
m3_336 sil ah n oy z p r aa n w ao z m ao r n oy n iy ch d ey sil 
LOG (lattice-best-path[5.5.1126~1-8c451]:main():lattice-best-path.cc:99) For utterance m3_341, best cost 129.562 + 433.044 = 562.606 over 384 frames.
m3_341 sil dh iy m ah n eh v er b iy k ah m k ah m p ey t iy k w ih m ah n sil 
LOG (lattice-best-path[5.5.1126~1-8c451]:main():lattice-best-path.cc:99) For utterance m3_346, best cost 91.2075 + 405.692 = 496.9 over 371 frames.
m3_346 sil w aa k ah m ah n ah s t ah n t iy ch iy er sil 
LOG (lattice-best-path[5.5.1126~1-8c451]:main():lattice-best-path.cc:99) For utterance m3_351, best cost 94.2599 + 432.618 = 526.878 over 412 frames.
m3_351 sil w ih ch ch er jh d ih s m ah s er ah n 
LOG (lattice-best-path[5.5.1126~1-8c451]:main():lattice-best-path.cc:99) For utterance m3_356, best cost 86.6739 + 326.398 = 413.072 over 307 frames.
m3_356 sil dh ae l ay k l ao ng hh aa ch aw er z sil 
LOG (lattice-best-path[5.5.1126~1-8c451]:main():lattice-best-path.cc:99) For utterance m3_361, best cost 127.557 + 394.824 = 522.382 over 368 frames.
m3_361 sil k ae n t ih k sh iy l ah d ih s iy m uw v iy s t ay s ih l iy sil 
LOG (lattice-best-path[5.5.1126~1-8c451]:main():lattice-best-path.cc:99) For utterance m3_366, best cost 124.457 + 401.948 = 526.405 over 393 frames.
m3_366 sil ao r d er k ah n s ih s t ah l ih s k er k s ah b aa s ah z 
LOG (lattice-best-path[5.5.1126~1-8c451]:main():lattice-best-path.cc:99) For utterance m3_371, best cost 123.338 + 424.547 = 547.885 over 389 frames.
m3_371 sil ay d r ay dh iy s ah v w ey b ah hh aw n ah n ah ch ey n jh sil 
LOG (lattice-best-path[5.5.1126~1-8c451]:main():lattice-best-path.cc:99) For utterance m3_376, best cost 65.1237 + 436.145 = 501.268 over 338 frames.
m3_376 sil aa r er s ow aa r t sil 
LOG (lattice-best-path[5.5.1126~1-8c451]:main():lattice-best-path.cc:99) For utterance m3_381, best cost 123.428 + 478.923 = 602.35 over 453 frames.
m3_381 sil w ih z g r iy s ih ng er ch ey n ih sh er w aa s p er l iy sil 
LOG (lattice-best-path[5.5.1126~1-8c451]:main():lattice-best-path.cc:99) For utterance m3_386, best cost 113.171 + 472.846 = 586.017 over 425 frames.
m3_386 sil ah k r ae b aa n z m ih ng ih k w ih k s t ae n 
LOG (lattice-best-path[5.5.1126~1-8c451]:main():lattice-best-path.cc:99) For utterance m3_391, best cost 106.141 + 328.953 = 435.095 over 314 frames.
m3_391 sil iy t s t ae sh uh l iy f ay n t uw b ih ng f aa n 
LOG (lattice-best-path[5.5.1126~1-8c451]:main():lattice-best-path.cc:99) For utterance m3_396, best cost 159.533 + 502.625 = 662.158 over 482 frames.
m3_396 sil dh iy ae ng p er s ah p l ah n dh iy f er ay d iy s t ao r n eh v er ch ey n t ih z sil 
LOG (lattice-best-path[5.5.1126~1-8c451]:main():lattice-best-path.cc:99) For utterance m3_401, best cost 116.779 + 430.412 = 547.191 over 378 frames.
m3_401 sil t aa n ah s ih ng s ah l aa r jh er k l ae sh ao r aa t sil 
LOG (lattice-best-path[5.5.1126~1-8c451]:main():lattice-best-path.cc:99) For utterance m3_406, best cost 165.14 + 543.797 = 708.937 over 493 frames.
m3_406 sil dh iy f ih k aw n f ao r ah s ih z eh r l iy ow v er w ao l ow ch aa m z ih z iy z sil 
LOG (lattice-best-path[5.5.1126~1-8c451]:main():lattice-best-path.cc:99) For utterance m3_411, best cost 114.142 + 384.493 = 498.635 over 345 frames.
m3_411 sil ih z n iy z ih sh ah n z hh aa m ay z m aa r l z sil 
LOG (lattice-best-path[5.5.1126~1-8c451]:main():lattice-best-path.cc:99) For utterance m3_416, best cost 94.1772 + 381.604 = 475.781 over 322 frames.
m3_416 sil p aa k er w ao z k aa r eh n ae n d ah d sil 
LOG (lattice-best-path[5.5.1126~1-8c451]:main():lattice-best-path.cc:99) For utterance m3_421, best cost 109.197 + 315.88 = 425.077 over 309 frames.
m3_421 sil ih s t ae k aa s t ah n z er k w ay k ah l er f ao l sil 
LOG (lattice-best-path[5.5.1126~1-8c451]:main():lattice-best-path.cc:99) For utterance m3_426, best cost 135.873 + 492.095 = 627.968 over 420 frames.
m3_426 sil iy s ih g ow n s ao d ih s ih l ae k s t er ah b ah b oy ih jh sil 
LOG (lattice-best-path[5.5.1126~1-8c451]:main():lattice-best-path.cc:99) For utterance m3_431, best cost 142.243 + 440.662 = 582.905 over 422 frames.
m3_431 sil n ah m p r aa t er ih z ey sh ah n s ah f r iy g ah n f ah n er z er z sil 
LOG (lattice-best-path[5.5.1126~1-8c451]:main():lattice-best-path.cc:99) For utterance m3_436, best cost 137.031 + 407.57 = 544.601 over 390 frames.
m3_436 sil hh er z b er dh ey f r iy k ah m ey p er z ah m b ah n s k ah n ih ng sil 
LOG (lattice-best-path[5.5.1126~1-8c451]:main():lattice-best-path.cc:99) For utterance m3_441, best cost 119.907 + 409.816 = 529.723 over 381 frames.
m3_441 sil r aa k ah m ow n iy z ih k ae z ih g r iy g r eh t ah m sil 
LOG (lattice-best-path[5.5.1126~1-8c451]:main():lattice-best-path.cc:99) For utterance m3_446, best cost 114.595 + 416.899 = 531.494 over 355 frames.
m3_446 sil dh iy s p iy t s ah b ow z iy m ay b iy g ae n ah n t sil 
LOG (lattice-scale[5.5.1126~1-8c451]:main():lattice-scale.cc:107) Done 363 lattices.
LOG (lattice-best-path[5.5.1126~1-8c451]:main():lattice-best-path.cc:99) For utterance m3_451, best cost 151.048 + 491.348 = 642.397 over 472 frames.
m3_451 sil ch er k ih ng ih n s uw m ah n iy f er g r ah l ah t s ah m ah n s ah d ih ng sil 
LOG (lattice-add-penalty[5.5.1126~1-8c451]:main():lattice-add-penalty.cc:62) Done adding word insertion penalty to 363 lattices.
LOG (lattice-best-path[5.5.1126~1-8c451]:main():lattice-best-path.cc:99) For utterance m3_456, best cost 134.514 + 461.158 = 595.672 over 429 frames.
m3_456 sil ah m ao s ih g ae g ah l ao ng dh iy k ae s er aw s p aa r d ah n sil 
LOG (lattice-best-path[5.5.1126~1-8c451]:main():lattice-best-path.cc:124) Overall cost per frame is 1.53726 = 0.271048 [graph] + 1.26621 [acoustic] over 144532 frames.
LOG (lattice-best-path[5.5.1126~1-8c451]:main():lattice-best-path.cc:128) Done 363 lattices, failed for 0
# Accounting: time=5 threads=1
# Ended (code 0) at Mon Apr 29 13:55:49 EEST 2024, elapsed time 5 seconds
