# lattice-scale --inv-acoustic-scale=3 "ark:gunzip -c ./exp/tri_bg/decode_dnn/lat.*.gz|" ark:- | lattice-add-penalty --word-ins-penalty=0.5 ark:- ark:- | lattice-best-path --word-symbol-table=./exp/tri_bg/graph/words.txt ark:- ark,t:- | utils/int2sym.pl -f 2- ./exp/tri_bg/graph/words.txt | cat > ./exp/tri_bg/decode_dnn/scoring_kaldi/penalty_0.5/3.txt 
# Started at Mon Apr 29 13:55:39 EEST 2024
#
lattice-scale --inv-acoustic-scale=3 'ark:gunzip -c ./exp/tri_bg/decode_dnn/lat.*.gz|' ark:- 
lattice-add-penalty --word-ins-penalty=0.5 ark:- ark:- 
lattice-best-path --word-symbol-table=./exp/tri_bg/graph/words.txt ark:- ark,t:- 
LOG (lattice-best-path[5.5.1126~1-8c451]:main():lattice-best-path.cc:99) For utterance f1_001, best cost 83.7636 + 776.212 = 859.976 over 237 frames.
f1_001 sil sil dh ih s w ih z iy s iy f er aw t s sil 
LOG (lattice-best-path[5.5.1126~1-8c451]:main():lattice-best-path.cc:99) For utterance f1_006, best cost 110.579 + 985.537 = 1096.12 over 338 frames.
f1_006 sil w ay ey eh l er w ao r iy ow v er s ah l iy ay d ah m z sil 
LOG (lattice-best-path[5.5.1126~1-8c451]:main():lattice-best-path.cc:99) For utterance f1_011, best cost 85.7132 + 1028.66 = 1114.37 over 306 frames.
f1_011 sil s w iy aa r ah m ih z hh ay z iy k aw n sil 
LOG (lattice-best-path[5.5.1126~1-8c451]:main():lattice-best-path.cc:99) For utterance f1_016, best cost 141.557 + 994.393 = 1135.95 over 336 frames.
f1_016 sil ae l m oy n iy hh aa r ae m z ih n d ih f ao r s k n ae n s w eh l sil 
LOG (lattice-best-path[5.5.1126~1-8c451]:main():lattice-best-path.cc:99) For utterance f1_021, best cost 98.7215 + 960.615 = 1059.34 over 290 frames.
f1_021 sil ao l iy l ey er z ah l th n ah n ih n er sil s sil 
LOG (lattice-best-path[5.5.1126~1-8c451]:main():lattice-best-path.cc:99) For utterance f1_026, best cost 101.28 + 938.894 = 1040.17 over 305 frames.
f1_026 sil d ow n jh uw ch er l iy z t er d iy d ih sh ah z sil 
LOG (lattice-best-path[5.5.1126~1-8c451]:main():lattice-best-path.cc:99) For utterance f1_031, best cost 154.82 + 1139.7 = 1294.52 over 395 frames.
f1_031 sil b aa r k s k ah l p er iy s l ah w ao z ah g r eh jh uw ey sh ah n er ih z ah n t sil 
LOG (lattice-best-path[5.5.1126~1-8c451]:main():lattice-best-path.cc:99) For utterance f1_036, best cost 140.1 + 1034.27 = 1174.37 over 353 frames.
f1_036 sil dh eh s k ah b ao l th ih n b iy ah n eh n t er t ey ng s p w ao r t sil 
LOG (lattice-best-path[5.5.1126~1-8c451]:main():lattice-best-path.cc:99) For utterance f1_041, best cost 147.498 + 1037.93 = 1185.43 over 363 frames.
f1_041 sil ae n d ah dh ae sh ih z p ih k p aa p ah t uw k aa m p l ih sh ah n ao aw er sil 
LOG (lattice-best-path[5.5.1126~1-8c451]:main():lattice-best-path.cc:99) For utterance f1_046, best cost 125.839 + 1108.33 = 1234.17 over 373 frames.
f1_046 sil dh iy p r aa l er ao r s t iy m ae s k p er d ih s k ae t ah z sil 
LOG (lattice-best-path[5.5.1126~1-8c451]:main():lattice-best-path.cc:99) For utterance f1_051, best cost 141.12 + 1235.72 = 1376.85 over 398 frames.
f1_051 sil ah n iy k aw n t uw dh ey sh ah n z ah l iy g r iy l iy p r iy sh ey t ah d sil 
LOG (lattice-best-path[5.5.1126~1-8c451]:main():lattice-best-path.cc:99) For utterance f1_056, best cost 149.304 + 1220.66 = 1369.96 over 439 frames.
f1_056 sil w eh s t er z g ae sh er t ih ch k ow s t iy p r ey s ih ng k r iy s ah z sil 
LOG (lattice-best-path[5.5.1126~1-8c451]:main():lattice-best-path.cc:99) For utterance f1_061, best cost 127.11 + 1029.28 = 1156.39 over 359 frames.
f1_061 sil k l ah s t ih s p l ay l ih z ih z p l ey s aa n s k r ey n sil 
LOG (lattice-best-path[5.5.1126~1-8c451]:main():lattice-best-path.cc:99) For utterance f1_066, best cost 116.613 + 821.388 = 938.002 over 309 frames.
f1_066 sil dh ae k t er z p er z k r ay g r ah k s t uw f r iy l iy sil 
LOG (lattice-best-path[5.5.1126~1-8c451]:main():lattice-best-path.cc:99) For utterance f1_071, best cost 167.742 + 1259.3 = 1427.04 over 436 frames.
f1_071 sil k w aa p r ey sh n ah l ah n ah f eh n d er s t ae n d ih ng ah l iy v iy t uw s p iy t sil 
LOG (lattice-best-path[5.5.1126~1-8c451]:main():lattice-best-path.cc:99) For utterance f1_076, best cost 98.6753 + 931.789 = 1030.46 over 313 frames.
f1_076 sil dh ih th ih ng g er ih z ah v ey n ah s k aa ch er sil 
LOG (lattice-best-path[5.5.1126~1-8c451]:main():lattice-best-path.cc:99) For utterance f1_081, best cost 146.007 + 1026.45 = 1172.46 over 360 frames.
f1_081 sil m ae s k r ey p aa r d iy s hh aa k s k aa n t ih n ah ch ah n ey sh ah n sil 
LOG (lattice-best-path[5.5.1126~1-8c451]:main():lattice-best-path.cc:99) For utterance f1_086, best cost 208.503 + 1447.79 = 1656.29 over 522 frames.
f1_086 sil t uw dh iy g aa r d uw ch eh l d ah n t eh k r ey b eh k l ae s t er m z f er hh aa k ao l aa l ah d ey z sil 
LOG (lattice-best-path[5.5.1126~1-8c451]:main():lattice-best-path.cc:99) For utterance f1_091, best cost 121.907 + 971.187 = 1093.09 over 327 frames.
f1_091 sil ah hh iy ch t ae p ih s t r iy hh aa n ih ng r m ao l ay d sil 
LOG (lattice-best-path[5.5.1126~1-8c451]:main():lattice-best-path.cc:99) For utterance f1_096, best cost 118.381 + 979.339 = 1097.72 over 339 frames.
f1_096 sil ih s ao t n b ah p aa r ch er s sh aa k ah k ae p s sil 
LOG (lattice-best-path[5.5.1126~1-8c451]:main():lattice-best-path.cc:99) For utterance f1_101, best cost 101.067 + 871.76 = 972.827 over 300 frames.
f1_101 sil k l ae s t ah s k er ah n ih r l eh p t ae n sil 
LOG (lattice-best-path[5.5.1126~1-8c451]:main():lattice-best-path.cc:99) For utterance f1_106, best cost 162.701 + 1109.99 = 1272.69 over 388 frames.
f1_106 sil t r eh s f eh s ih n ih z f er b ih g n ah n s ah t eh k t ah p aa n ah l d s iy sil 
LOG (lattice-best-path[5.5.1126~1-8c451]:main():lattice-best-path.cc:99) For utterance f1_111, best cost 116.753 + 931.12 = 1047.87 over 329 frames.
f1_111 sil aa r d ih f ih sh ow n t eh l ah jh ah n s ih z f r er iy l sil 
LOG (lattice-best-path[5.5.1126~1-8c451]:main():lattice-best-path.cc:99) For utterance f1_116, best cost 126.919 + 987.635 = 1114.55 over 323 frames.
f1_116 sil w iy p l ah n t s ah b ae l d ih n y uw b eh v er jh p l ae n t sil 
LOG (lattice-best-path[5.5.1126~1-8c451]:main():lattice-best-path.cc:99) For utterance f1_121, best cost 184.844 + 1491.43 = 1676.28 over 494 frames.
f1_121 sil s ay n t uw dh iy p r ae g r ae s k ah n ch ah n ah z ah b aa l ah m ah n ah v iy t eh m iy t s sil 
LOG (lattice-best-path[5.5.1126~1-8c451]:main():lattice-best-path.cc:99) For utterance f1_126, best cost 158.92 + 1260.97 = 1419.89 over 432 frames.
f1_126 sil w ih sh ao n aa r d ih k ah l w ao z ah p ey t ih n ey t ah k aa r f ih k ey sh ah n sil 
LOG (lattice-best-path[5.5.1126~1-8c451]:main():lattice-best-path.cc:99) For utterance f1_131, best cost 177.381 + 1129.73 = 1307.12 over 419 frames.
f1_131 sil p er eh k ae t s ih k y ih sh ah n ae f m ay n sh t r ah sh ah n z ah z k r uw sh ah l sil 
LOG (lattice-best-path[5.5.1126~1-8c451]:main():lattice-best-path.cc:99) For utterance f1_136, best cost 141.69 + 1077.13 = 1218.82 over 352 frames.
f1_136 sil dh iy s t iy t ah z ih g z ih s ah n w ao r g iy m ah k k l ay m ah n s sil 
LOG (lattice-best-path[5.5.1126~1-8c451]:main():lattice-best-path.cc:99) For utterance f1_141, best cost 126.808 + 1127.8 = 1254.61 over 364 frames.
f1_141 sil er m ow z ih s p l ah n t er b ah dh iy p eh r f s f ey t er z sil 
LOG (lattice-best-path[5.5.1126~1-8c451]:main():lattice-best-path.cc:99) For utterance f1_146, best cost 139.199 + 1213.31 = 1352.51 over 381 frames.
f1_146 sil p er ao v er ah n hh aw er m ay n t uw hh ae n ah f l aa t ah m l iy z sil 
LOG (lattice-best-path[5.5.1126~1-8c451]:main():lattice-best-path.cc:99) For utterance f1_151, best cost 101.507 + 1133.82 = 1235.33 over 325 frames.
f1_151 sil uw t eh d dh iy p ay ae k d aw n ah b ay y uw sil 
LOG (lattice-best-path[5.5.1126~1-8c451]:main():lattice-best-path.cc:99) For utterance f1_156, best cost 184.977 + 1492.15 = 1677.13 over 482 frames.
f1_156 sil w er v er k w aa p r ey t s ih n f ay n iy n ae n z k aw n iy ao l b iy er w ao r d ah d sil 
LOG (lattice-best-path[5.5.1126~1-8c451]:main():lattice-best-path.cc:99) For utterance f1_161, best cost 165.785 + 1361.26 = 1527.05 over 455 frames.
f1_161 n sil dh iy k ah d b eh r l iy s iy t ih f y ao r s t uw dh iy s n eh l f l er iy z sil 
LOG (lattice-best-path[5.5.1126~1-8c451]:main():lattice-best-path.cc:99) For utterance f1_166, best cost 116.152 + 999.683 = 1115.84 over 335 frames.
f1_166 sil dh iy k ae t s ah n iy aw t ao l oy z hh er s m ay iy er z sil 
LOG (lattice-best-path[5.5.1126~1-8c451]:main():lattice-best-path.cc:99) For utterance f1_171, best cost 151.108 + 1110.35 = 1261.46 over 379 frames.
f1_171 sil dh iy s t r ay ae v er iy f sil f ay ow v er l iy d ih t s m ay ao t ih s sil 
LOG (lattice-best-path[5.5.1126~1-8c451]:main():lattice-best-path.cc:99) For utterance f1_176, best cost 64.7677 + 899.518 = 964.286 over 262 frames.
f1_176 sil ey n jh oy l ae b ih sh ah n sil 
LOG (lattice-best-path[5.5.1126~1-8c451]:main():lattice-best-path.cc:99) For utterance f1_181, best cost 184.653 + 1381.57 = 1566.23 over 466 frames.
f1_181 sil dh iy ah n jh eh l sh ah n sh ah d ah b oy d ih k s p ow t er d ih k ah n t ey d ih z d ih z iy z ah z sil 
LOG (lattice-best-path[5.5.1126~1-8c451]:main():lattice-best-path.cc:99) For utterance f1_186, best cost 127.203 + 1120.8 = 1248 over 346 frames.
f1_186 sil iy v n ay ay k ey sh ah l iy d ah t dh iy m ah n b ey b l uw z sil 
LOG (lattice-best-path[5.5.1126~1-8c451]:main():lattice-best-path.cc:99) For utterance f1_191, best cost 131.371 + 1181.83 = 1313.2 over 373 frames.
f1_191 sil m ay k ah l k aa t ah v dh iy b ae g er m ao l ih k r ay aa n z sil 
LOG (lattice-best-path[5.5.1126~1-8c451]:main():lattice-best-path.cc:99) For utterance f1_196, best cost 154.73 + 1275.82 = 1430.55 over 428 frames.
f1_196 sil dh iy s er m ah n eh m f ah s ay s ih n iy t f er f er m d ah b aa k sh ah n sil 
LOG (lattice-best-path[5.5.1126~1-8c451]:main():lattice-best-path.cc:99) For utterance f1_201, best cost 159.297 + 1286.77 = 1446.07 over 424 frames.
f1_201 sil k ao r ey t ae k dh iy p r ae sh eh k ah t b ay sh uh d z ah t er m ah n ey sh ah n sil 
LOG (lattice-best-path[5.5.1126~1-8c451]:main():lattice-best-path.cc:99) For utterance f1_206, best cost 167.249 + 1573.5 = 1740.75 over 476 frames.
f1_206 sil s t eh t k ah n b eh r l ay t ae n t ah l dh iy s ay k ah l aa ch ih k ah l ch aa m ah sil 
LOG (lattice-best-path[5.5.1126~1-8c451]:main():lattice-best-path.cc:99) For utterance f1_211, best cost 126.832 + 1069.97 = 1196.8 over 338 frames.
f1_211 sil hh ay l w ey n t r iy m ey n t sil n iy n ih s ey n b eh ng sil 
LOG (lattice-best-path[5.5.1126~1-8c451]:main():lattice-best-path.cc:99) For utterance f1_216, best cost 135.262 + 1108.29 = 1243.55 over 365 frames.
f1_216 sil dh iy d ae k t er b ih z m iy ae m b y ah l ah n z ah dh iy p ey sh ah n t sil 
LOG (lattice-best-path[5.5.1126~1-8c451]:main():lattice-best-path.cc:99) For utterance f1_221, best cost 111.885 + 942.118 = 1054 over 312 frames.
f1_221 sil hh ae l iy t uw ih z ih s ah b oy ey ae s k ah l ey er sil 
LOG (lattice-best-path[5.5.1126~1-8c451]:main():lattice-best-path.cc:99) For utterance f1_226, best cost 130.681 + 1153.35 = 1284.03 over 376 frames.
f1_226 sil dh iy p ao r d ih z b aa t er f l ay t iy d ah l aa t ah n ae k er sil 
LOG (lattice-best-path[5.5.1126~1-8c451]:main():lattice-best-path.cc:99) For utterance f1_231, best cost 108.461 + 949.741 = 1058.2 over 300 frames.
f1_231 sil w eh r ow p ah n eh v er iy m aa n d ay iy t n ih ng sil 
LOG (lattice-best-path[5.5.1126~1-8c451]:main():lattice-best-path.cc:99) For utterance f1_236, best cost 116.103 + 1092.53 = 1208.63 over 358 frames.
f1_236 sil hh aw oy l iy d y ah l ey t ih s ae l ah jh er ah s ih ng sil 
LOG (lattice-best-path[5.5.1126~1-8c451]:main():lattice-best-path.cc:99) For utterance f1_241, best cost 163.006 + 1266.41 = 1429.42 over 433 frames.
f1_241 sil ih jh ao aw p g r iy t s p ay y uw z ae n t ae k ah n ah s t ih m aa s ah l z sil 
LOG (lattice-best-path[5.5.1126~1-8c451]:main():lattice-best-path.cc:99) For utterance f1_246, best cost 117.038 + 1230 = 1347.04 over 347 frames.
f1_246 sil dh ey n d r iy b oy ey n s er t ah t ih t m ah p aa p sil 
LOG (lattice-best-path[5.5.1126~1-8c451]:main():lattice-best-path.cc:99) For utterance f1_251, best cost 224.701 + 1499.89 = 1724.59 over 526 frames.
f1_251 sil t er f er eh t ah t ah z p r ih s t iy z iy er k r ay t ey sh ah n l iy w iy z dh iy b ao l s t r iy ch er ah n ah l sil 
LOG (lattice-best-path[5.5.1126~1-8c451]:main():lattice-best-path.cc:99) For utterance f1_256, best cost 163.187 + 1345.6 = 1508.78 over 447 frames.
f1_256 sil dh ae n g eh r ah n hh ay d ao r m ih z ey sh ah n z p er m ow b er f ah n t r ah l sil 
LOG (lattice-best-path[5.5.1126~1-8c451]:main():lattice-best-path.cc:99) For utterance f1_261, best cost 170.426 + 1193.39 = 1363.81 over 423 frames.
f1_261 sil sil w uh d ih p er f ah l aa sh uw s ah p er b eh r iy z f ow n s iy aa t ow l sil sil 
LOG (lattice-best-path[5.5.1126~1-8c451]:main():lattice-best-path.cc:99) For utterance f1_266, best cost 113.166 + 1009.67 = 1122.83 over 326 frames.
f1_266 sil ch ih jh er ae s t iy k ae k t ih n s m ao l z uw z sil 
LOG (lattice-best-path[5.5.1126~1-8c451]:main():lattice-best-path.cc:99) For utterance f1_271, best cost 100.892 + 855.356 = 956.247 over 289 frames.
f1_271 sil ah n iy v ah jh ch ey n sh ey p aa s ah n t l iy sil 
LOG (lattice-best-path[5.5.1126~1-8c451]:main():lattice-best-path.cc:99) For utterance f1_276, best cost 111.473 + 889.279 = 1000.75 over 298 frames.
f1_276 sil sil dh iy ch ow z ah n f y uw l dh iy k ah n jh eh n ah l z sil 
LOG (lattice-best-path[5.5.1126~1-8c451]:main():lattice-best-path.cc:99) For utterance f1_281, best cost 233.813 + 1776.79 = 2010.61 over 558 frames.
f1_281 sil ay d ih z ay er z ah s eh n b ah l z p iy v n iy w aa n f ao r m ah n ah p aa r b r ae n hh aa n ah s aa d jh ae t s sil 
LOG (lattice-best-path[5.5.1126~1-8c451]:main():lattice-best-path.cc:99) For utterance f1_286, best cost 123.436 + 924.64 = 1048.08 over 302 frames.
f1_286 sil dh ae t d ow ah ch iy s ih z k ae t s m er s ah l z s l iy sil 
LOG (lattice-best-path[5.5.1126~1-8c451]:main():lattice-best-path.cc:99) For utterance f1_291, best cost 141.068 + 1091.06 = 1232.13 over 343 frames.
f1_291 sil ah l ow dh er g ae m b ae g w ih b iy s t uw d ah b ah l dh ae f z sil 
LOG (lattice-best-path[5.5.1126~1-8c451]:main():lattice-best-path.cc:99) For utterance f1_296, best cost 209.046 + 1814.19 = 2023.23 over 571 frames.
f1_296 sil ae l ah s iy t dh iy jh er ah n ih k l ey m ah n ah b ay l ah jh iy ah n iy ah n d ih n ih r ah n d ah p aa r m ah n z sil 
LOG (lattice-best-path[5.5.1126~1-8c451]:main():lattice-best-path.cc:99) For utterance f1_301, best cost 159.199 + 1307.22 = 1466.42 over 417 frames.
f1_301 sil t aa l th l iy s t aa p r ay aa r d iy ah n d ah d ih ng ih z b ay t f eh k s t sil 
LOG (lattice-best-path[5.5.1126~1-8c451]:main():lattice-best-path.cc:99) For utterance f1_306, best cost 148.299 + 1161.01 = 1309.31 over 386 frames.
f1_306 sil d aa r k m er k y ah l ah g uw ow n r ah n z er aw n f er m ay l z sil 
LOG (lattice-best-path[5.5.1126~1-8c451]:main():lattice-best-path.cc:99) For utterance f1_311, best cost 153.398 + 1625.01 = 1778.4 over 495 frames.
f1_311 sil dh iy f r ey t uw ch ae t m ih z jh ah m ah s ah d t uw b ay z b ih g r ae t er sil 
LOG (lattice-best-path[5.5.1126~1-8c451]:main():lattice-best-path.cc:99) For utterance f1_316, best cost 210.439 + 1647.98 = 1858.42 over 563 frames.
f1_316 sil dh iy p r iy s k ow eh k ah n b er b l ay s er f ey ow n z ah v ae p iy ah m er sh ah n s iy k ah n d ih sh ah n z sil 
LOG (lattice-best-path[5.5.1126~1-8c451]:main():lattice-best-path.cc:99) For utterance f1_321, best cost 125.439 + 1058.03 = 1183.46 over 353 frames.
f1_321 sil ah l oy ow ih z ah p oy n t iy t ae k s ih k y uw g er w eh l sil 
LOG (lattice-best-path[5.5.1126~1-8c451]:main():lattice-best-path.cc:99) For utterance f1_326, best cost 172.8 + 1529.93 = 1702.73 over 494 frames.
f1_326 sil dh iy s ih s t ah m ey b r ey k aw n s iy ah n z ih z ey p er b ay l z f r iy t ah m l iy sil 
LOG (lattice-best-path[5.5.1126~1-8c451]:main():lattice-best-path.cc:99) For utterance f1_331, best cost 162.027 + 1522.77 = 1684.8 over 492 frames.
f1_331 sil dh iy k ah n ah n p eh k t ih z eh k t ah n k ao r d ih g ah m p oy t r iy aw er z sil 
LOG (lattice-best-path[5.5.1126~1-8c451]:main():lattice-best-path.cc:99) For utterance f1_336, best cost 140.097 + 1373.84 = 1513.94 over 404 frames.
f1_336 sil dh eh n ah s p aa t n b r ow z m ao r n ah l ih ng iy sh t ae t iy sil 
LOG (lattice-best-path[5.5.1126~1-8c451]:main():lattice-best-path.cc:99) For utterance f1_341, best cost 157.954 + 1278.05 = 1436 over 414 frames.
f1_341 sil r ih n m ey n eh v er t sil dh iy k aa n k ah m p iy l iy iy ah l p s ah n ae n sil 
LOG (lattice-best-path[5.5.1126~1-8c451]:main():lattice-best-path.cc:99) For utterance f1_346, best cost 117.483 + 997.007 = 1114.49 over 328 frames.
f1_346 sil w iy l ao l k ah m ah n iy n iy s t uw d n z iy ch iy er sil 
LOG (lattice-best-path[5.5.1126~1-8c451]:main():lattice-best-path.cc:99) For utterance f1_351, best cost 114.637 + 995.241 = 1109.88 over 336 frames.
f1_351 sil w ih k sh er jh t uw dh iy s m eh k s w er sh ah p ah n sil 
LOG (lattice-best-path[5.5.1126~1-8c451]:main():lattice-best-path.cc:99) For utterance f1_356, best cost 89.2469 + 967.979 = 1057.23 over 302 frames.
f1_356 sil dh ey ao l ay t l ao hh ay ch ao aw er z sil 
LOG (lattice-best-path[5.5.1126~1-8c451]:main():lattice-best-path.cc:99) For utterance f1_361, best cost 130.059 + 1162.8 = 1292.86 over 381 frames.
f1_361 sil t ih n z iy sh iy l ah s iy m uw v iy s f ay s ih l iy t sil sil 
LOG (lattice-best-path[5.5.1126~1-8c451]:main():lattice-best-path.cc:99) For utterance f1_366, best cost 145.777 + 1300.26 = 1446.03 over 419 frames.
f1_366 sil r w ao r jh er k ah n s ih s t ah v ah l iy s k er k t ah m b l aw s ah z sil 
LOG (lattice-best-path[5.5.1126~1-8c451]:main():lattice-best-path.cc:99) For utterance f1_371, best cost 132.009 + 1306.1 = 1438.11 over 401 frames.
f1_371 sil ay d r ay d ih s ah b l ey b ay t ah n aa p ah n ah n ah ch ey n jh sil 
LOG (lattice-best-path[5.5.1126~1-8c451]:main():lattice-best-path.cc:99) For utterance f1_376, best cost 131.933 + 1133.36 = 1265.3 over 370 frames.
f1_376 sil m ow v ah g aa r b iy ch n iy er s ah v ah l aa r d l ah n d ah sil 
LOG (lattice-best-path[5.5.1126~1-8c451]:main():lattice-best-path.cc:99) For utterance f1_381, best cost 183.832 + 1423.03 = 1606.86 over 474 frames.
f1_381 sil w ih n t uw f ah n ah jh g r iy s iy er ch ey n b iy sh er d ah w aa sh s t aa r ah l iy sil sil 
LOG (lattice-best-path[5.5.1126~1-8c451]:main():lattice-best-path.cc:99) For utterance f1_386, best cost 166.534 + 1460.49 = 1627.02 over 474 frames.
f1_386 sil dh iy k r ae t ch aa n sh ah n ey n b ah dh iy k r ih k s t ae v eh ng g w ih sh t ah n sil 
LOG (lattice-best-path[5.5.1126~1-8c451]:main():lattice-best-path.cc:99) For utterance f1_391, best cost 110.898 + 939.336 = 1050.23 over 336 frames.
f1_391 sil iy ch d ey sh er l iy f ay n z ah b ih g f aa n sil 
LOG (lattice-best-path[5.5.1126~1-8c451]:main():lattice-best-path.cc:99) For utterance f1_396, best cost 188.092 + 1481.59 = 1669.68 over 507 frames.
f1_396 sil dh ae t er t ay z ih ng b er s ah p l eh m ah v er ay d iy z p er n eh v er ch ey n jh ah sil s sil 
LOG (lattice-best-path[5.5.1126~1-8c451]:main():lattice-best-path.cc:99) For utterance f1_401, best cost 129.241 + 1244.64 = 1373.88 over 395 frames.
f1_401 sil t aa n s ih ng s ah l aa r jh ah k l ae n s ao s ah p r aa k ah l sil 
LOG (lattice-best-path[5.5.1126~1-8c451]:main():lattice-best-path.cc:99) For utterance f1_406, best cost 185.428 + 1582.93 = 1768.36 over 518 frames.
f1_406 sil dh iy f ey k ae l m f aa r s w ih z iy er l iy ow v er l ow n b ay t eh ch ah m z ah z iy z sil 
LOG (lattice-best-path[5.5.1126~1-8c451]:main():lattice-best-path.cc:99) For utterance f1_411, best cost 127.487 + 1009.66 = 1137.15 over 343 frames.
f1_411 sil dh ih z w iy z ih sh ah n z hh aa r m ay z m aa r k ah l ah s l iy sil 
LOG (lattice-best-path[5.5.1126~1-8c451]:main():lattice-best-path.cc:99) For utterance f1_416, best cost 112.561 + 1089.02 = 1201.58 over 320 frames.
f1_416 sil b ae p ay p aa k ah w ao z k aa t r eh t ae n t ah d sil 
LOG (lattice-best-path[5.5.1126~1-8c451]:main():lattice-best-path.cc:99) For utterance f1_421, best cost 115.041 + 996.178 = 1111.22 over 329 frames.
f1_421 sil ih s p ae t ih k aa s t ih n z ah k r ay k ah l ah f ah l sil 
LOG (lattice-best-path[5.5.1126~1-8c451]:main():lattice-best-path.cc:99) For utterance f1_426, best cost 144.605 + 1312.35 = 1456.96 over 437 frames.
f1_426 sil dh iy z iy g ow n z aa l ah jh ah s f r l ae s t er ah p w oy d ah jh sil 
LOG (lattice-best-path[5.5.1126~1-8c451]:main():lattice-best-path.cc:99) For utterance f1_431, best cost 155.544 + 1343.33 = 1498.87 over 432 frames.
f1_431 sil n aa m p r ae v er k ah n z ey sh ah n z hh eh v er iy g r ah p aa n r iy d z sil 
LOG (lattice-best-path[5.5.1126~1-8c451]:main():lattice-best-path.cc:99) For utterance f1_436, best cost 148.924 + 1199.49 = 1348.41 over 405 frames.
f1_436 sil er k s p r iy g ey f r iy p r ah l iy ah k er z aa n b ih ng s k eh v ih ng sil 
LOG (lattice-best-path[5.5.1126~1-8c451]:main():lattice-best-path.cc:99) For utterance f1_441, best cost 117.454 + 1052.17 = 1169.63 over 335 frames.
f1_441 sil r aa k ah n ah l n iy z ah k ae z ah g r iy g r ih b ah m sil 
LOG (lattice-best-path[5.5.1126~1-8c451]:main():lattice-best-path.cc:99) For utterance f1_446, best cost 116.883 + 1213.21 = 1330.09 over 379 frames.
f1_446 sil dh iy s t iy ch ah p ow z iy m ay t b ih g ae m ay n z er sil 
LOG (lattice-best-path[5.5.1126~1-8c451]:main():lattice-best-path.cc:99) For utterance f1_451, best cost 157.227 + 1310.26 = 1467.49 over 444 frames.
f1_451 sil ch ow jh ah n p ah n s ih m ay n iy f er r ah l ah p s ih m ah n s ih d ih ng sil 
LOG (lattice-best-path[5.5.1126~1-8c451]:main():lattice-best-path.cc:99) For utterance f1_456, best cost 150.08 + 1375.36 = 1525.44 over 433 frames.
f1_456 sil ah m ao l s ih g z ae d t ah l ah n ih k ae k t er aw t ow z k aa r d ah n sil 
LOG (lattice-best-path[5.5.1126~1-8c451]:main():lattice-best-path.cc:99) For utterance f5_001, best cost 72.7221 + 744.933 = 817.655 over 249 frames.
f5_001 sil d ih s w ih z iy z iy p er ae s sil 
LOG (lattice-best-path[5.5.1126~1-8c451]:main():lattice-best-path.cc:99) For utterance f5_006, best cost 126.012 + 906.821 = 1032.83 over 325 frames.
f5_006 sil w ay y ah l er w er iy ow v f r ah s ih l iy ae t ah m z sil sil 
LOG (lattice-best-path[5.5.1126~1-8c451]:main():lattice-best-path.cc:99) For utterance f5_011, best cost 96.7845 + 837.071 = 933.855 over 301 frames.
f5_011 sil s w ih ng er ah m ah s hh ay s uw z ae n sil sil 
LOG (lattice-best-path[5.5.1126~1-8c451]:main():lattice-best-path.cc:99) For utterance f5_021, best cost 91.3634 + 821.753 = 913.116 over 301 frames.
f5_021 sil ah n l iy l er z t l ah l iy n ih n er z sil 
LOG (lattice-best-path[5.5.1126~1-8c451]:main():lattice-best-path.cc:99) For utterance f5_031, best cost 152.765 + 962.693 = 1115.46 over 391 frames.
f5_031 sil aa r b s k ah l b r ay s l ih g r eh jh uw ey sh ah n p ae z ah n t sil sil 
LOG (lattice-best-path[5.5.1126~1-8c451]:main():lattice-best-path.cc:99) For utterance f5_036, best cost 75.3972 + 984.51 = 1059.91 over 348 frames.
f5_036 sil ae s k ah t b aa f ao r t sil sil 
LOG (lattice-best-path[5.5.1126~1-8c451]:main():lattice-best-path.cc:99) For utterance f5_041, best cost 159.468 + 919.837 = 1079.31 over 364 frames.
f5_041 sil eh m iy d eh k s t r iy s t ih k p aa p ah t s ah k aa m p ih sh m ao r sil sil 
LOG (lattice-best-path[5.5.1126~1-8c451]:main():lattice-best-path.cc:99) For utterance f5_046, best cost 122.476 + 889.567 = 1012.04 over 354 frames.
f5_046 sil dh iy p r aa l ao r eh s k iy m ae s k f er t ih s k ay z sil 
LOG (lattice-best-path[5.5.1126~1-8c451]:main():lattice-best-path.cc:99) For utterance f5_051, best cost 145.886 + 1049.09 = 1194.98 over 393 frames.
f5_051 sil eh n iy k aa b iy sh ah n z b ah l dh iy k r ey l iy p r ih sh iy t ah d sil 
LOG (lattice-best-path[5.5.1126~1-8c451]:main():lattice-best-path.cc:99) For utterance f5_056, best cost 162.305 + 1086.59 = 1248.9 over 446 frames.
f5_056 sil r ae s t er z k ae s sh ao r d ih ch k aa s t iy p r ih s ih ng k r iy s ah z sil sil 
LOG (lattice-best-path[5.5.1126~1-8c451]:main():lattice-best-path.cc:99) For utterance f5_061, best cost 134.075 + 873.162 = 1007.24 over 377 frames.
f5_061 sil k l ih s t ih s p l ey l ih z m ih s p l iy s ah n dh iy s k r iy n sil 
LOG (lattice-best-path[5.5.1126~1-8c451]:main():lattice-best-path.cc:99) For utterance f5_066, best cost 71.4549 + 939.05 = 1010.5 over 335 frames.
f5_066 sil ih s k r ae t uw f r iy l iy sil 
LOG (lattice-best-path[5.5.1126~1-8c451]:main():lattice-best-path.cc:99) For utterance f5_071, best cost 160.899 + 1137.63 = 1298.53 over 448 frames.
f5_071 sil k w aa p r ey sh ah n ah l aa n p ah n er s t ae n ih ng l iy v iy t ih s p iy n t sil 
LOG (lattice-best-path[5.5.1126~1-8c451]:main():lattice-best-path.cc:99) For utterance f5_076, best cost 110.344 + 801.074 = 911.418 over 309 frames.
f5_076 sil dh iy th ih ng k er ah z ih f ey m ah s k ah l t ch er sil 
LOG (lattice-best-path[5.5.1126~1-8c451]:main():lattice-best-path.cc:99) For utterance f5_081, best cost 143.856 + 956.766 = 1100.62 over 373 frames.
f5_081 sil m ae s k r ey p aa r iy z t ae k s w ih n z ah n ae d iy n ey sh ah n sil 
LOG (lattice-best-path[5.5.1126~1-8c451]:main():lattice-best-path.cc:99) For utterance f5_086, best cost 160.412 + 1363.23 = 1523.64 over 495 frames.
f5_086 sil n ch ah l iy n t eh k r ey t eh k l ae sh ih n sh f r ao l hh ao l ah d ey z sil 
LOG (lattice-best-path[5.5.1126~1-8c451]:main():lattice-best-path.cc:99) For utterance f5_091, best cost 121.412 + 857.11 = 978.522 over 318 frames.
f5_091 sil ih k iy jh t ae p s t r iy hh aw n ih n hh er hh ao l w iy sil 
LOG (lattice-best-path[5.5.1126~1-8c451]:main():lattice-best-path.cc:99) For utterance f5_096, best cost 112.004 + 890.402 = 1002.41 over 334 frames.
f5_096 sil hh ih s eh n d ah p aa r sh er sh aa k dh iy k ae s t sil 
LOG (lattice-best-path[5.5.1126~1-8c451]:main():lattice-best-path.cc:99) For utterance f5_101, best cost 108.356 + 855.212 = 963.568 over 302 frames.
f5_101 sil f ae s t dh iy s k r uw ih n ih r l eh k t ae n d sil 
LOG (lattice-best-path[5.5.1126~1-8c451]:main():lattice-best-path.cc:99) For utterance f5_106, best cost 116.812 + 1067.92 = 1184.73 over 388 frames.
f5_106 sil t r eh s p eh s ih ng s f r er b ih n ah n s ah b iy sil sil 
LOG (lattice-best-path[5.5.1126~1-8c451]:main():lattice-best-path.cc:99) For utterance f5_111, best cost 116.436 + 838.374 = 954.81 over 318 frames.
f5_111 sil aa r d ih f ih sh l ah n t eh l ah jh ah n z ih z f er iy l sil 
LOG (lattice-best-path[5.5.1126~1-8c451]:main():lattice-best-path.cc:99) For utterance f5_116, best cost 111.068 + 880.516 = 991.585 over 326 frames.
f5_116 sil b iy p l ae n t uw b eh l d ih n uw b eh v er d sil sil 
LOG (lattice-best-path[5.5.1126~1-8c451]:main():lattice-best-path.cc:99) For utterance f5_121, best cost 189.69 + 1317.58 = 1507.27 over 496 frames.
f5_121 sil s ay n t ih k ah t p r aa g r eh s k ah m s f ah n dh iy d ah d eh l m ah n ih n ih n t ih z sil sil 
LOG (lattice-best-path[5.5.1126~1-8c451]:main():lattice-best-path.cc:99) For utterance f5_126, best cost 176.157 + 1160.24 = 1336.4 over 451 frames.
f5_126 sil w ih ch l ah m aa r d ih k ah l w ao z ah p ey k ah n iy d uw k l er f ih k ey sh ah n sil sil 
LOG (lattice-best-path[5.5.1126~1-8c451]:main():lattice-best-path.cc:99) For utterance f5_131, best cost 170.796 + 985.962 = 1156.76 over 403 frames.
f5_131 sil k r eh k t ih k s iy jh ih sh ah n ah z m ay n s t r ah k sh ah n z ah s k r ah sh eh l sil 
LOG (lattice-best-path[5.5.1126~1-8c451]:main():lattice-best-path.cc:99) For utterance f5_136, best cost 132.118 + 948.987 = 1081.11 over 370 frames.
f5_136 sil dh iy s k iy t ah z ih g z ih s t ih n b ao r n k l ay m ah s sil 
LOG (lattice-best-path[5.5.1126~1-8c451]:main():lattice-best-path.cc:99) For utterance f5_141, best cost 95.5292 + 1005.79 = 1101.32 over 366 frames.
f5_141 sil ah n t er w ih th dh iy p eh r z t r iy s er z sil 
LOG (lattice-best-path[5.5.1126~1-8c451]:main():lattice-best-path.cc:99) For utterance f5_146, best cost 114.994 + 1150.27 = 1265.26 over 398 frames.
f5_146 sil sil hh er aa p er d hh eh r ah m ay n t ih m dh iy f ao z sil 
LOG (lattice-best-path[5.5.1126~1-8c451]:main():lattice-best-path.cc:99) For utterance f5_151, best cost 82.7291 + 874.135 = 956.864 over 304 frames.
f5_151 sil dh iy k ay ae g aw n dh iy b ay y uw sil 
LOG (lattice-best-path[5.5.1126~1-8c451]:main():lattice-best-path.cc:99) For utterance f5_156, best cost 190.031 + 1357.57 = 1547.6 over 500 frames.
f5_156 sil w eh v er k w aa p r iy k t s ah n f ay n ih ng n ae n s k ae m iy eh l w iy er w ao r d ah d sil 
LOG (lattice-best-path[5.5.1126~1-8c451]:main():lattice-best-path.cc:99) For utterance f5_161, best cost 92.1474 + 1180.35 = 1272.5 over 443 frames.
f5_161 sil eh r l iy s ih s n ow v f l er iy z sil 
LOG (lattice-best-path[5.5.1126~1-8c451]:main():lattice-best-path.cc:99) For utterance f5_166, best cost 114.23 + 924.521 = 1038.75 over 336 frames.
f5_166 sil dh iy k ae t s m ae l ao l iy s f er t s m ay iy er z sil 
LOG (lattice-best-path[5.5.1126~1-8c451]:main():lattice-best-path.cc:99) For utterance f5_171, best cost 136.344 + 942.49 = 1078.83 over 374 frames.
f5_171 sil ih s t r oy iy eh v er iy f ay l b r l ey d ih t uw m ay ah s sil 
LOG (lattice-best-path[5.5.1126~1-8c451]:main():lattice-best-path.cc:99) For utterance f5_176, best cost 92.5069 + 765.309 = 857.816 over 282 frames.
f5_176 sil dh iy ih n jh oy ey ow ah n ay ae n t ih sh ah n sil 
LOG (lattice-best-path[5.5.1126~1-8c451]:main():lattice-best-path.cc:99) For utterance f5_181, best cost 183.674 + 1252.79 = 1436.47 over 465 frames.
f5_181 sil eh l ah ch ow n ah n ch er f w uh d ih k s p ow zh er t uw k ah n t ey jh ih s t ih z iy z ah z sil 
LOG (lattice-best-path[5.5.1126~1-8c451]:main():lattice-best-path.cc:99) For utterance f5_186, best cost 103.799 + 1008.41 = 1112.21 over 352 frames.
f5_186 sil sil iy f ih n ay ey k y ah m ah n ey b l n z sil 
LOG (lattice-best-path[5.5.1126~1-8c451]:main():lattice-best-path.cc:99) For utterance f5_191, best cost 130.759 + 1074.26 = 1205.02 over 383 frames.
f5_191 sil m ay k ah l k aa l ah d dh iy b eh d er m w ao l ih k r ah n z sil 
LOG (lattice-best-path[5.5.1126~1-8c451]:main():lattice-best-path.cc:99) For utterance f5_196, best cost 160.781 + 1101.23 = 1262.01 over 428 frames.
f5_196 sil dh iy s er m ah n eh m th dh iy s ay z th ih n iy f er f er m ah n ah v ae k sh ah n sil 
LOG (lattice-best-path[5.5.1126~1-8c451]:main():lattice-best-path.cc:99) For utterance f5_201, best cost 161.602 + 1070.2 = 1231.8 over 415 frames.
f5_201 sil k ao r ey t ae k dh iy p r aa jh ah t dh iy p ae k s t r ih jh ch er m ah n ey sh ah n sil 
LOG (lattice-best-path[5.5.1126~1-8c451]:main():lattice-best-path.cc:99) For utterance f5_206, best cost 142.697 + 1189.7 = 1332.4 over 417 frames.
f5_206 sil sil s t ae th ae n d ah l d ah s ay k ah l aa jh ah b ah l t r aa m ah sil 
LOG (lattice-best-path[5.5.1126~1-8c451]:main():lattice-best-path.cc:99) For utterance f5_211, best cost 104.708 + 922.866 = 1027.57 over 329 frames.
f5_211 sil hh aw w ey er d f r iy l iy m iy n s ey n ih ng sil 
LOG (lattice-best-path[5.5.1126~1-8c451]:main():lattice-best-path.cc:99) For utterance f5_216, best cost 114.668 + 1074.52 = 1189.19 over 379 frames.
f5_216 sil ah d aa k t er w ao z ah n iy ah b y ah dh iy p ey sh ah n sil 
LOG (lattice-best-path[5.5.1126~1-8c451]:main():lattice-best-path.cc:99) For utterance f5_221, best cost 125.366 + 892.947 = 1018.31 over 339 frames.
f5_221 sil hh aw t iy n sh ah n z ih z ih s ah b w ey ae s k ah l iy d er sil 
LOG (lattice-best-path[5.5.1126~1-8c451]:main():lattice-best-path.cc:99) For utterance f5_226, best cost 118.663 + 1001.43 = 1120.1 over 364 frames.
f5_226 sil dh iy k ao r jh ah s p ah t ah p l ay t ey t ah l aa t ah b er sil 
LOG (lattice-best-path[5.5.1126~1-8c451]:main():lattice-best-path.cc:99) For utterance f5_231, best cost 102.577 + 797.585 = 900.162 over 302 frames.
f5_231 sil dh iy ao r ow p ah n t eh v er iy m ah n iy g n ih ng sil 
LOG (lattice-best-path[5.5.1126~1-8c451]:main():lattice-best-path.cc:99) For utterance f5_236, best cost 121.219 + 972.027 = 1093.25 over 356 frames.
f5_236 sil hh aa l oy l iy b iy l ay k ih s eh l ah jh eh s ih ng sil sil 
LOG (lattice-best-path[5.5.1126~1-8c451]:main():lattice-best-path.cc:99) For utterance f5_241, best cost 158.53 + 1042.17 = 1200.7 over 406 frames.
f5_241 sil dh iy jh ao p r ey t s p ah y uw z ih ng ae n t ay d ih n ih s t ih m ao s ah l z sil 
LOG (lattice-best-path[5.5.1126~1-8c451]:main():lattice-best-path.cc:99) For utterance f5_246, best cost 83.0415 + 982.979 = 1066.02 over 340 frames.
f5_246 sil dh ae ng g r iy b oy n m ah p aa k sil 
LOG (lattice-best-path[5.5.1126~1-8c451]:main():lattice-best-path.cc:99) For utterance f5_251, best cost 196.81 + 1303.5 = 1500.31 over 520 frames.
f5_251 sil t er f er dh er iy s p er s t iy sh iy k ey jh ah n l iy r iy p dh iy w ao l z t r iy jh er n ah l sil 
LOG (lattice-best-path[5.5.1126~1-8c451]:main():lattice-best-path.cc:99) For utterance f5_256, best cost 174.538 + 1142.83 = 1317.37 over 433 frames.
f5_256 sil p l ae n k eh r hh er d ao r d ah n ih z ey sh ah n z p r ah m ow p er k k ah n t er ah l sil 
LOG (lattice-best-path[5.5.1126~1-8c451]:main():lattice-best-path.cc:99) For utterance f5_261, best cost 158.314 + 1039.12 = 1197.43 over 410 frames.
f5_261 sil w eh dh er p er f l aa sh ah z er b eh r y iy s k ah l ah n s iy ae d ah l sil 
LOG (lattice-best-path[5.5.1126~1-8c451]:main():lattice-best-path.cc:99) For utterance f5_266, best cost 109.511 + 848.123 = 957.634 over 333 frames.
f5_266 sil sh ih jh er ae s p iy k ae ch ah n s w ao l z uw z sil 
LOG (lattice-best-path[5.5.1126~1-8c451]:main():lattice-best-path.cc:99) For utterance f5_271, best cost 100.125 + 864.712 = 964.837 over 314 frames.
f5_271 sil ah m iy b ih z ch ey n sh ey p k aa l iy sil 
LOG (lattice-best-path[5.5.1126~1-8c451]:main():lattice-best-path.cc:99) For utterance f5_276, best cost 112.78 + 853.741 = 966.521 over 321 frames.
f5_276 sil ch ow z w ih f y uw w ih l ah k ah n jh eh n er ah l z sil 
LOG (lattice-best-path[5.5.1126~1-8c451]:main():lattice-best-path.cc:99) For utterance f5_281, best cost 211.987 + 1575.14 = 1787.12 over 565 frames.
f5_281 sil m ay ay er z ah s ah b ah l k ih ng w ah n n f ao r m ah v p eh r k r aa k aa n s ah g ae t sil sil sil 
LOG (lattice-best-path[5.5.1126~1-8c451]:main():lattice-best-path.cc:99) For utterance f5_286, best cost 116.163 + 805.429 = 921.592 over 319 frames.
f5_286 sil ae t d aa ch iy s ih s k ae k s m er s l ah s l iy sil 
LOG (lattice-best-path[5.5.1126~1-8c451]:main():lattice-best-path.cc:99) For utterance f5_291, best cost 131.265 + 965.342 = 1096.61 over 368 frames.
f5_291 sil ah l ah dh er hh ae m b ae g w ih b iy ah s uw p ah l g ae f sil 
LOG (lattice-best-path[5.5.1126~1-8c451]:main():lattice-best-path.cc:99) For utterance f5_296, best cost 211.347 + 1574.98 = 1786.32 over 575 frames.
f5_296 sil ae l w ih th iy d ih jh oy n ah p oy m ah n ah n dh iy b ay l ah ch iy ah n ey n jh ah n ih r ah n d ah p er m ah n s sil 
LOG (lattice-best-path[5.5.1126~1-8c451]:main():lattice-best-path.cc:99) For utterance f5_301, best cost 158.091 + 1152.76 = 1310.85 over 425 frames.
f5_301 sil t aa t p l ey z t aa p r iy er d iy ah n t eh d ih ng ih z b ay k t eh k s t sil 
LOG (lattice-best-path[5.5.1126~1-8c451]:main():lattice-best-path.cc:99) For utterance f5_306, best cost 142.18 + 1207.31 = 1349.49 over 433 frames.
f5_306 sil dh iy d aa r k m er k y uw n m aa n d er r aa n f r ah m ay ah l z sil 
LOG (lattice-best-path[5.5.1126~1-8c451]:main():lattice-best-path.cc:99) For utterance f5_311, best cost 149.793 + 1282.26 = 1432.06 over 458 frames.
f5_311 sil dh iy f r ah n ch ae l d w ih z t eh d uw b ay z b ih g b r ah p er sil sil 
LOG (lattice-best-path[5.5.1126~1-8c451]:main():lattice-best-path.cc:99) For utterance f5_316, best cost 199.222 + 1172.91 = 1372.13 over 457 frames.
f5_316 sil dh iy p r iy s k ah l eh k ah n f er b l ay s er f y ah l ih ng z b aa p iy m er k ae n d ih sh ah n z sil sil 
LOG (lattice-best-path[5.5.1126~1-8c451]:main():lattice-best-path.cc:99) For utterance f5_321, best cost 121.559 + 1025.27 = 1146.83 over 377 frames.
f5_321 sil ah l er w ao z ah p oy n t uw t ae k s k y uw hh er w ah l sil 
LOG (lattice-best-path[5.5.1126~1-8c451]:main():lattice-best-path.cc:99) For utterance f5_326, best cost 186.082 + 1124.02 = 1310.11 over 481 frames.
f5_326 sil dh iy s ih s t ah m ey b r ey k k aw n s ih n s ih s ey g er f ay l z f r iy k ah g l iy sil sil 
LOG (lattice-best-path[5.5.1126~1-8c451]:main():lattice-best-path.cc:99) For utterance f5_331, best cost 184.985 + 1299.47 = 1484.46 over 487 frames.
f5_331 sil dh iy k eh n m ah n k ae t t ih z b ih k w ao r n er d ih g eh m p oy n f r ih th r iy aw er z sil 
LOG (lattice-best-path[5.5.1126~1-8c451]:main():lattice-best-path.cc:99) For utterance f5_336, best cost 147.359 + 1092.94 = 1240.3 over 396 frames.
f5_336 sil dh ae t n oy s p r aa p ah n g r ih z n w ao r n oy ih ng iy ch t iy sil 
LOG (lattice-best-path[5.5.1126~1-8c451]:main():lattice-best-path.cc:99) For utterance f5_341, best cost 150.4 + 1129.28 = 1279.68 over 420 frames.
f5_341 sil w ih m ah n m ey n eh v er dh iy k ah m k ah m p l iy l iy k ah l d s ah n ah n sil 
LOG (lattice-best-path[5.5.1126~1-8c451]:main():lattice-best-path.cc:99) For utterance f5_346, best cost 117.922 + 949.692 = 1067.61 over 360 frames.
f5_346 sil w iy l ow k ah m ah n iy n y uw s t uw d n s iy ch iy er sil 
LOG (lattice-best-path[5.5.1126~1-8c451]:main():lattice-best-path.cc:99) For utterance f5_351, best cost 107.174 + 893.219 = 1000.39 over 341 frames.
f5_351 sil w ih ch ch er s t uw p s m ah s w er s ih p ae n sil 
LOG (lattice-best-path[5.5.1126~1-8c451]:main():lattice-best-path.cc:99) For utterance f5_361, best cost 139.85 + 941.528 = 1081.38 over 372 frames.
f5_361 sil t ih n t iy ch sh iy l ih t s ih s iy m uw v iy z t ay s ah l iy k sil 
LOG (lattice-best-path[5.5.1126~1-8c451]:main():lattice-best-path.cc:99) For utterance f5_366, best cost 144.235 + 1069.54 = 1213.78 over 405 frames.
f5_366 sil ao r jh er p ah n s ih s ah b ow n l iy s k r iy t s ah n b ao s ah z sil 
LOG (lattice-best-path[5.5.1126~1-8c451]:main():lattice-best-path.cc:99) For utterance f5_371, best cost 133.838 + 1129.96 = 1263.8 over 396 frames.
f5_371 sil ay d r ay d dh iy s ah b oy b ah n ah hh ae n t ah n ah ch ey n jh sil 
LOG (lattice-best-path[5.5.1126~1-8c451]:main():lattice-best-path.cc:99) For utterance f5_376, best cost 130.565 + 983.464 = 1114.03 over 351 frames.
f5_376 sil uw dh iy k aa r b ih z g eh er ch ah d l aa r jh m ah n d ih l sil 
LOG (lattice-best-path[5.5.1126~1-8c451]:main():lattice-best-path.cc:99) For utterance f5_381, best cost 178.601 + 1142.7 = 1321.3 over 463 frames.
f5_381 sil w eh n t uw f ah n ih z k r iy s ih ng y uw ch ey n b iy sh er dh iy w aa sh s p eh r l iy sil 
LOG (lattice-best-path[5.5.1126~1-8c451]:main():lattice-best-path.cc:99) For utterance f5_386, best cost 136.909 + 1086.13 = 1223.04 over 421 frames.
f5_386 sil ah k r ae ch ae l ah n jh d ih k s t ae th ih ng g w ih sh t ae m sil 
LOG (lattice-best-path[5.5.1126~1-8c451]:main():lattice-best-path.cc:99) For utterance f5_391, best cost 116.015 + 834.435 = 950.45 over 321 frames.
f5_391 sil iy t s ae b sh er l iy p ay n z ah b ih g f aa n sil 
LOG (lattice-best-path[5.5.1126~1-8c451]:main():lattice-best-path.cc:99) For utterance f5_396, best cost 196.595 + 1287.66 = 1484.25 over 518 frames.
f5_396 sil dh iy ae t t er ch ay z ih ng p er s t ah v k ah m ah th b er ay t iy s ao r n eh v er ch ey n jh ah z sil 
LOG (lattice-best-path[5.5.1126~1-8c451]:main():lattice-best-path.cc:99) For utterance f5_401, best cost 166.336 + 1009.62 = 1175.95 over 394 frames.
f5_401 sil t aa m ah s t ih n s ah l aa r jh er k l ae m p s ao l z dh iy p r aa b ow m sil sil 
LOG (lattice-best-path[5.5.1126~1-8c451]:main():lattice-best-path.cc:99) For utterance f5_406, best cost 180.783 + 1342.14 = 1522.93 over 512 frames.
f5_406 sil dh iy f ih k ae l m f ao r s ih z n ih r l iy ow v er w ao l m b ay t eh ch aa m z iy z sil 
LOG (lattice-best-path[5.5.1126~1-8c451]:main():lattice-best-path.cc:99) For utterance f5_411, best cost 166.597 + 1167.84 = 1334.44 over 433 frames.
f5_411 sil ih z w iy z ih sh ah n z k ah m ah l eh k sil ah m ah n ay z m aa r b ah l ah s l iy sil 
LOG (lattice-best-path[5.5.1126~1-8c451]:main():lattice-best-path.cc:99) For utterance f5_416, best cost 123.877 + 982.968 = 1106.85 over 339 frames.
f5_416 sil eh p t ih p aa k iy w ao z k aa t er r eh d hh ae n d ah d sil 
LOG (lattice-best-path[5.5.1126~1-8c451]:main():lattice-best-path.cc:99) For utterance f5_421, best cost 111.631 + 894.518 = 1006.15 over 332 frames.
f5_421 sil ih s p eh t ah k aa s t ah n d ih k w ay k ah l ah f ah l sil 
LOG (lattice-best-path[5.5.1126~1-8c451]:main():lattice-best-path.cc:99) For utterance f5_431, best cost 177.793 + 1157.58 = 1335.37 over 427 frames.
f5_431 sil sil aa n p aa f er ao r g m ah n z ey sh ah n z ah f r iy k ah t p aa n r iy z er z sil sil 
LOG (lattice-best-path[5.5.1126~1-8c451]:main():lattice-best-path.cc:99) For utterance f5_436, best cost 137.262 + 1092.48 = 1229.74 over 405 frames.
f5_436 sil sil sil hh er p s p er s t ey f r iy k ah m ey k r ih z ah m b ih ng sil 
LOG (lattice-best-path[5.5.1126~1-8c451]:main():lattice-best-path.cc:99) For utterance f5_441, best cost 117.355 + 855.338 = 972.692 over 325 frames.
f5_441 sil r aa k ah m ow m y uw z ih k ae z ah g r ey g r ah b ah m sil 
LOG (lattice-best-path[5.5.1126~1-8c451]:main():lattice-best-path.cc:99) For utterance f5_446, best cost 124.463 + 1069.73 = 1194.19 over 398 frames.
f5_446 sil dh iy s p iy t s ah m p ow z iy m ay b iy g ae n ah m ah n d iy sil 
LOG (lattice-best-path[5.5.1126~1-8c451]:main():lattice-best-path.cc:99) For utterance f5_451, best cost 181.397 + 1383.41 = 1564.81 over 533 frames.
f5_451 sil ch ah l d r iy sil ch ah l d ih n s iy m ah n iy f r uw r ah l ah p s ih m ah n s ah d ih ng sil 
LOG (lattice-best-path[5.5.1126~1-8c451]:main():lattice-best-path.cc:99) For utterance f5_456, best cost 157.717 + 1123.98 = 1281.7 over 434 frames.
f5_456 sil ah m ao s t ih g z ae b ah l aa n dh iy p aa k th r uw ao t ah z k aa r d ah n sil 
LOG (lattice-best-path[5.5.1126~1-8c451]:main():lattice-best-path.cc:99) For utterance m1_001, best cost 77.4795 + 618.366 = 695.845 over 200 frames.
m1_001 ih s w ao z iy z iy f er ae s 
LOG (lattice-best-path[5.5.1126~1-8c451]:main():lattice-best-path.cc:99) For utterance m1_006, best cost 110.796 + 1190.67 = 1301.47 over 381 frames.
m1_006 sil l ay y eh l ao r iy ow v er s ah l iy ay d ah m z 
LOG (lattice-best-path[5.5.1126~1-8c451]:main():lattice-best-path.cc:99) For utterance m1_011, best cost 108.537 + 1044.41 = 1152.94 over 308 frames.
m1_011 sil s m ah n y uh r ao l ah m ah s hh ay eh jh ah t ae n sil 
LOG (lattice-best-path[5.5.1126~1-8c451]:main():lattice-best-path.cc:99) For utterance m1_016, best cost 136.987 + 1117.48 = 1254.46 over 374 frames.
m1_016 ae l ah m ow n iy hh ay m z ah d ih f ao r jh m ae n s w eh l f sil 
LOG (lattice-best-path[5.5.1126~1-8c451]:main():lattice-best-path.cc:99) For utterance m1_021, best cost 113.269 + 1062.19 = 1175.46 over 323 frames.
m1_021 sil ow n l iy l eh r s l ah v m ih l iy ah m eh r z 
LOG (lattice-best-path[5.5.1126~1-8c451]:main():lattice-best-path.cc:99) For utterance m1_026, best cost 104.428 + 1044.58 = 1149.01 over 326 frames.
m1_026 sil d ow ch uw ch aa r l iy z t er d iy d ih sh ah z 
LOG (lattice-best-path[5.5.1126~1-8c451]:main():lattice-best-path.cc:99) For utterance m1_031, best cost 165.906 + 1253.56 = 1419.46 over 415 frames.
m1_031 sil b aa r b z g ow l b r ih z w ih t w ao z ah g r eh jh oy ih sh ah p r ah z ah n 
LOG (lattice-best-path[5.5.1126~1-8c451]:main():lattice-best-path.cc:99) For utterance m1_036, best cost 138.707 + 1155.81 = 1294.52 over 379 frames.
m1_036 sil dh ae s k ah p ow l k ah n b iy ah n er t ae n ih ng k s p w ao r t 
LOG (lattice-best-path[5.5.1126~1-8c451]:main():lattice-best-path.cc:99) For utterance m1_041, best cost 154.325 + 1142 = 1296.32 over 398 frames.
m1_041 sil dh ae m ah d eh k s t r ah s t p ih k p aa p ah t s ah k aa p ih sh m ao r sil 
LOG (lattice-best-path[5.5.1126~1-8c451]:main():lattice-best-path.cc:99) For utterance m1_046, best cost 135.334 + 1298.61 = 1433.95 over 421 frames.
m1_046 sil dh iy p r ao l er ao r s k iy m ae s k f ao r d s k ae ay z sil 
LOG (lattice-best-path[5.5.1126~1-8c451]:main():lattice-best-path.cc:99) For utterance m1_051, best cost 166.169 + 1338.25 = 1504.42 over 421 frames.
m1_051 sil ih n iy k ah k r iy b iy ih sh ah n ah b l ow b iy g r ey t l iy p r ih sh ey t ah d 
LOG (lattice-best-path[5.5.1126~1-8c451]:main():lattice-best-path.cc:99) For utterance m1_056, best cost 186.767 + 1455.66 = 1642.42 over 496 frames.
m1_056 sil l ae sh y er z g ae sh sh ao r uw jh k aa z s t iy t p r ay s ih k ih ng k r iy s ah z sil 
LOG (lattice-best-path[5.5.1126~1-8c451]:main():lattice-best-path.cc:99) For utterance m1_061, best cost 153.087 + 1186.64 = 1339.72 over 422 frames.
m1_061 k l ih s t ih s p l ay iy w ao z m ih z p l ey s t aa n dh iy s k r iy n sil 
LOG (lattice-best-path[5.5.1126~1-8c451]:main():lattice-best-path.cc:99) For utterance m1_066, best cost 138.313 + 1138.61 = 1276.93 over 365 frames.
m1_066 sil b aa p t er z p er s k r ay b d r ay d k s t uw f r iy l iy 
LOG (lattice-best-path[5.5.1126~1-8c451]:main():lattice-best-path.cc:99) For utterance m1_071, best cost 206.515 + 1662.71 = 1869.22 over 544 frames.
m1_071 k w aa p er ey sh ah n ah l l aa ng w ih f ow n d er s t ae n ih ng ih l iy v iy ey p ih s p y uw d 
LOG (lattice-best-path[5.5.1126~1-8c451]:main():lattice-best-path.cc:99) For utterance m1_076, best cost 104.459 + 1112.9 = 1217.36 over 355 frames.
m1_076 sil dh iy f ih ng k er ah z ah f ey m ah s k ah l ch er sil 
LOG (lattice-best-path[5.5.1126~1-8c451]:main():lattice-best-path.cc:99) For utterance m1_081, best cost 153.521 + 1211.85 = 1365.37 over 397 frames.
m1_081 m eh s k er r ey p aa r iy z t ae k s w aa n z ih m eh jh ah n ih sh ah n sil 
LOG (lattice-best-path[5.5.1126~1-8c451]:main():lattice-best-path.cc:99) For utterance m1_086, best cost 215.442 + 1690.08 = 1905.52 over 555 frames.
m1_086 sil k ih n er g aa r d ah n ch ow p ah n t eh k er ey p er k l ae sh f r ah m z f er ao l hh ao l ah d ey z sil 
LOG (lattice-best-path[5.5.1126~1-8c451]:main():lattice-best-path.cc:99) For utterance m1_091, best cost 136.09 + 1230.24 = 1366.33 over 365 frames.
m1_091 ah hh y uw jh t ae p ah s t r iy hh aa n ah n k er hh aa l w ey sil 
LOG (lattice-best-path[5.5.1126~1-8c451]:main():lattice-best-path.cc:99) For utterance m1_096, best cost 119.456 + 1178.64 = 1298.09 over 359 frames.
m1_096 sil hh ih s ah v ah n t ah p aa r ch er sh aa p dh iy k ae s t 
LOG (lattice-best-path[5.5.1126~1-8c451]:main():lattice-best-path.cc:99) For utterance m1_101, best cost 107.183 + 992.363 = 1099.55 over 310 frames.
m1_101 sil k l ae s t dh iy s k r uw ih n er l ae f t ae n sil 
LOG (lattice-best-path[5.5.1126~1-8c451]:main():lattice-best-path.cc:99) For utterance m1_106, best cost 166.048 + 1351.1 = 1517.14 over 432 frames.
m1_106 sil t r ah s p ae s ih ng ih z f r er b ih d ah n ah n s ah b jh eh k t uw p eh n ah l iy sil 
LOG (lattice-best-path[5.5.1126~1-8c451]:main():lattice-best-path.cc:99) For utterance m1_111, best cost 127.468 + 1012.66 = 1140.12 over 358 frames.
m1_111 sil aa r d ah f ih sh ah l ah n t eh l ah jh ah n s ih z f er r iy l sil 
LOG (lattice-best-path[5.5.1126~1-8c451]:main():lattice-best-path.cc:99) For utterance m1_116, best cost 123.752 + 1093.58 = 1217.33 over 369 frames.
m1_116 sil w iy p l ae n t uw b ih l ih n uw b eh v er jh p ay d z 
LOG (lattice-best-path[5.5.1126~1-8c451]:main():lattice-best-path.cc:99) For utterance m1_121, best cost 202.951 + 1745.84 = 1948.79 over 552 frames.
m1_121 sil s ay n t ih f ih k p r aa r r ah s k ah m f r ah m dh iy d ih v eh l m ah b ah v er t eh k l iy k s 
LOG (lattice-best-path[5.5.1126~1-8c451]:main():lattice-best-path.cc:99) For utterance m1_126, best cost 175.959 + 1328.54 = 1504.5 over 458 frames.
m1_126 sil w ih ch l aa n ao r d ih k ah l w ao z ah p ey k ih n iy d uw k k l er f k ey sh ah n sil 
LOG (lattice-best-path[5.5.1126~1-8c451]:main():lattice-best-path.cc:99) For utterance m1_131, best cost 151.405 + 1413.7 = 1565.11 over 438 frames.
m1_131 sil k er k ah k s ih k ih sh ah n ah m ay n jh p ah sh ah n z ih s k r jh ah l sil 
LOG (lattice-best-path[5.5.1126~1-8c451]:main():lattice-best-path.cc:99) For utterance m1_136, best cost 148.443 + 1026.82 = 1175.26 over 373 frames.
m1_136 sil m s t iy d ow z ih g z ih s t ih n w ao r m t uw m ih k l ay m ah s sil 
LOG (lattice-best-path[5.5.1126~1-8c451]:main():lattice-best-path.cc:99) For utterance m1_141, best cost 138.961 + 1250.26 = 1389.22 over 385 frames.
m1_141 sil r ih m uw v ih s p l ah n jh er w ih f ah p eh r ah p w iy z er z sil 
LOG (lattice-best-path[5.5.1126~1-8c451]:main():lattice-best-path.cc:99) For utterance m1_146, best cost 152.351 + 1566.04 = 1718.39 over 474 frames.
m1_146 sil hh er w aa b er hh eh r er m ay n d ah d hh ih m ah v ao t ah m l iy t s 
LOG (lattice-best-path[5.5.1126~1-8c451]:main():lattice-best-path.cc:99) For utterance m1_151, best cost 99.322 + 1041.22 = 1140.54 over 332 frames.
m1_151 sil uw g uh k dh iy k ay ae k t ah m b ay y uw 
LOG (lattice-best-path[5.5.1126~1-8c451]:main():lattice-best-path.cc:99) For utterance m1_156, best cost 176.531 + 1551.51 = 1728.04 over 528 frames.
m1_156 sil w eh v er k w aa p er iy t s ah n f ay n iy n ae n s k ae m iy ow b iy w ao r d ah d 
LOG (lattice-best-path[5.5.1126~1-8c451]:main():lattice-best-path.cc:99) For utterance m1_161, best cost 166.815 + 1429.27 = 1596.08 over 477 frames.
m1_161 sil dh iy k ah d b eh r l iy s iy v ih f y uw ao r jh f r uw dh iy s ah n ah l f l er iy z sil 
LOG (lattice-best-path[5.5.1126~1-8c451]:main():lattice-best-path.cc:99) For utterance m1_166, best cost 118.316 + 1169.25 = 1287.56 over 380 frames.
m1_166 sil dh iy k ae t s m iy aw l w ey z f er m ay iy r z 
LOG (lattice-best-path[5.5.1126~1-8c451]:main():lattice-best-path.cc:99) For utterance m1_171, best cost 148.844 + 1225.55 = 1374.4 over 411 frames.
m1_171 sil d ih s t r ao r iy eh v er iy f ay l r l iy d ih ch uw m ay ao t ah s sil 
LOG (lattice-best-path[5.5.1126~1-8c451]:main():lattice-best-path.cc:99) For utterance m1_176, best cost 103.24 + 1127.39 = 1230.63 over 331 frames.
m1_176 sil dh ey jh oy iy ah t w eh n ay er aa r jh ih sh ah n sil 
LOG (lattice-best-path[5.5.1126~1-8c451]:main():lattice-best-path.cc:99) For utterance m1_181, best cost 193.144 + 1457.57 = 1650.72 over 502 frames.
m1_181 sil y ah ng ch ih l d ah n t uw f ao r d ih k s p ow sh er t uw k ah n t ey jh ih z d ih z iy z ah z 
LOG (lattice-best-path[5.5.1126~1-8c451]:main():lattice-best-path.cc:99) For utterance m1_186, best cost 136.246 + 1250.12 = 1386.37 over 402 frames.
m1_186 sil iy v ah n ay ah k ey sh ah n ah l iy g uw p ah m ah n d ey b l uw z 
LOG (lattice-best-path[5.5.1126~1-8c451]:main():lattice-best-path.cc:99) For utterance m1_191, best cost 141.037 + 1291.56 = 1432.59 over 418 frames.
m1_191 sil m ay k ah l k aa l er d dh iy b eh b er w ao l k k r ay aa n z 
LOG (lattice-best-path[5.5.1126~1-8c451]:main():lattice-best-path.cc:99) For utterance m1_196, best cost 165.593 + 1473.62 = 1639.21 over 488 frames.
m1_196 sil dh iy s er m ah n eh m f ah s ay z th ih n iy d f er f er m ah d ih v ae k sh ah n sil 
LOG (lattice-best-path[5.5.1126~1-8c451]:main():lattice-best-path.cc:99) For utterance m1_201, best cost 176.904 + 1351.48 = 1528.38 over 453 frames.
m1_201 sil k ao r iy ah t ae t p ah p r aa jh eh k w ih th ae k s t r ih d ih z t er m ah n ey sh ah n sil 
LOG (lattice-best-path[5.5.1126~1-8c451]:main():lattice-best-path.cc:99) For utterance m1_206, best cost 168.401 + 1199.74 = 1368.15 over 414 frames.
m1_206 sil s t eh f k ah b eh r l iy hh ae n d ah l dh iy s ay k ah l aa jh ih k ah l t r aa m ah 
LOG (lattice-best-path[5.5.1126~1-8c451]:main():lattice-best-path.cc:99) For utterance m1_211, best cost 120.74 + 1288.27 = 1409.01 over 398 frames.
m1_211 sil ay r w ey ae n f r iy w ey ih n iy n dh iy s ih ng f ih ng sil 
LOG (lattice-best-path[5.5.1126~1-8c451]:main():lattice-best-path.cc:99) For utterance m1_216, best cost 143.687 + 1287.38 = 1431.07 over 430 frames.
m1_216 sil ih z aa ch er w ao z ih n dh iy ae m y ah l ah n s w ih th dh iy p ey sh ah n z 
LOG (lattice-best-path[5.5.1126~1-8c451]:main():lattice-best-path.cc:99) For utterance m1_221, best cost 127.439 + 1126.51 = 1253.95 over 367 frames.
m1_221 sil hh aw w ey n sh ah n s ah z dh iy s ah b oy ah s k ah l ey t er sil 
LOG (lattice-best-path[5.5.1126~1-8c451]:main():lattice-best-path.cc:99) For utterance m1_226, best cost 126.473 + 1192.61 = 1319.08 over 388 frames.
m1_226 sil dh iy g ao r jh ih z b ow v er f ah l ey t ah l ow v n ah ch er sil 
LOG (lattice-best-path[5.5.1126~1-8c451]:main():lattice-best-path.cc:99) For utterance m1_236, best cost 114.594 + 1071.88 = 1186.48 over 355 frames.
m1_236 sil hh aw w oy l iy d iy l ay k ih s eh l ah jh er s ih ng 
LOG (lattice-best-path[5.5.1126~1-8c451]:main():lattice-best-path.cc:99) For utterance m1_241, best cost 175.63 + 1227.21 = 1402.84 over 452 frames.
m1_241 sil dh iy jh aa l p er ey t s p ay y uw z ih ng ih n t eh k ah n ih s t ih k m aa s ah l z 
LOG (lattice-best-path[5.5.1126~1-8c451]:main():lattice-best-path.cc:99) For utterance m1_246, best cost 122.082 + 1336.95 = 1459.03 over 395 frames.
m1_246 dh iy ae ng r iy b oy iy ae n ch er d ah t d ih g ow p 
LOG (lattice-best-path[5.5.1126~1-8c451]:main():lattice-best-path.cc:99) For utterance m1_251, best cost 205.71 + 1647.92 = 1853.63 over 561 frames.
m1_251 sil jh ih f er th er d ih z p er s t iy sh y ih k ey sh ah n l iy r iy z dh iy w ao l s t r iy jh er n ah l sil 
LOG (lattice-best-path[5.5.1126~1-8c451]:main():lattice-best-path.cc:99) For utterance m1_256, best cost 177.956 + 1388.94 = 1566.89 over 461 frames.
m1_256 sil p ay m z p eh er hh er d ao r ih n ah z ey sh ah n z p er m ow p b er f ih n t r l sil 
LOG (lattice-best-path[5.5.1126~1-8c451]:main():lattice-best-path.cc:99) For utterance m1_261, best cost 156.45 + 1365.78 = 1522.23 over 450 frames.
m1_261 sil w ih k ah p r uw v k ah l aa sh ah z aa r f er y uw s ah l ah n s iy aw t ah l sil 
LOG (lattice-best-path[5.5.1126~1-8c451]:main():lattice-best-path.cc:99) For utterance m1_266, best cost 123.98 + 1243.45 = 1367.43 over 395 frames.
m1_266 sil sh uh d jh er ae s p iy k ae t t ah n s m ao l s uw z 
LOG (lattice-best-path[5.5.1126~1-8c451]:main():lattice-best-path.cc:99) For utterance m1_271, best cost 112.509 + 955.66 = 1068.17 over 320 frames.
m1_271 sil ah m iy b ih s ch ey n sh sh ey k k aa t s ah l iy sil 
LOG (lattice-best-path[5.5.1126~1-8c451]:main():lattice-best-path.cc:99) For utterance m1_276, best cost 117.822 + 954.222 = 1072.04 over 322 frames.
m1_276 sil ch ow z ah n f y uw w ih l dh iy k ah m t ae n er ah l z 
LOG (lattice-best-path[5.5.1126~1-8c451]:main():lattice-best-path.cc:99) For utterance m1_281, best cost 238.552 + 1678.34 = 1916.89 over 591 frames.
m1_281 sil m ay d ih s ay er z aa r s ah m p ah l g ih v m iy w aa n ah n f ao r m ah t ah v p er r ae f aa n dh iy s ah b jh eh k sil 
LOG (lattice-best-path[5.5.1126~1-8c451]:main():lattice-best-path.cc:99) For utterance m1_286, best cost 128.485 + 1045.5 = 1173.98 over 359 frames.
m1_286 sil b ae t d aa t ch ey s ih s k ae t s m er s ah l ah s l iy 
LOG (lattice-best-path[5.5.1126~1-8c451]:main():lattice-best-path.cc:99) For utterance m1_291, best cost 134.996 + 1258.71 = 1393.71 over 403 frames.
m1_291 sil l eh dh er hh ae n d ey d w ih b iy ah s uw b ah l p iy ah f sil 
LOG (lattice-best-path[5.5.1126~1-8c451]:main():lattice-best-path.cc:99) For utterance m1_296, best cost 232.872 + 1666.3 = 1899.18 over 592 frames.
m1_296 ae l w er s iy t uw jh oy d ah p oy m ah n ah n dh iy b ay aa l ah jh iy ah n ah n jh ah n ih r iy n d ah p aa r t m ah n s sil 
LOG (lattice-best-path[5.5.1126~1-8c451]:main():lattice-best-path.cc:99) For utterance m1_301, best cost 174.312 + 1413 = 1587.32 over 494 frames.
m1_301 sil t aa b p l ey z t aa p r ay er ao r d iy ah n g ih t ih ng ih z b ay k f ey k s 
LOG (lattice-best-path[5.5.1126~1-8c451]:main():lattice-best-path.cc:99) For utterance m1_306, best cost 156.342 + 1210.34 = 1366.68 over 416 frames.
m1_306 dh iy b jh aa r m er k iy l ih g uw n b aa n r aw n f r ah m ay l z 
LOG (lattice-best-path[5.5.1126~1-8c451]:main():lattice-best-path.cc:99) For utterance m1_311, best cost 183.789 + 1711.53 = 1895.32 over 539 frames.
m1_311 sil dh iy f r ay v n ch ay l p w ao z jh ah n s ah b jh uw b ay hh ih z b ih d b r ah dh er sil 
LOG (lattice-best-path[5.5.1126~1-8c451]:main():lattice-best-path.cc:99) For utterance m1_316, best cost 235.437 + 1812.87 = 2048.31 over 631 frames.
m1_316 sil dh iy p r iy s k ah l uh k r ah d n p er b ah l ay s er f y ah l ih ng d ah b aa th iy m er jh ah n s iy k ah n d ih sh ah n z 
LOG (lattice-best-path[5.5.1126~1-8c451]:main():lattice-best-path.cc:99) For utterance m1_321, best cost 141.681 + 1206.65 = 1348.33 over 412 frames.
m1_321 sil ah l er iy er w ao z ah p oy n t ah d t ae k s ih k y uw hh er w ih l 
LOG (lattice-best-path[5.5.1126~1-8c451]:main():lattice-best-path.cc:99) For utterance m1_326, best cost 185.039 + 1498.07 = 1683.11 over 542 frames.
m1_326 sil dh iy s ih s t ah m ey b r ey k d aw n s uw n s ah s ey g er f ay l z f r iy k ah b l iy sil 
LOG (lattice-best-path[5.5.1126~1-8c451]:main():lattice-best-path.cc:99) For utterance m1_331, best cost 193.668 + 1655.57 = 1849.24 over 556 frames.
m1_331 sil dh iy g ah m ah n k ae t p ih z f ih k t m k ao r m er d ah k ah m p ao r f er f r iy aw er z 
LOG (lattice-best-path[5.5.1126~1-8c451]:main():lattice-best-path.cc:99) For utterance m1_336, best cost 183.871 + 1388.46 = 1572.33 over 475 frames.
m1_336 sil dh ae t n oy z p r aa b ah l n g ow z d g r ow z m ao r n oy ih ng iy ch t d ey 
LOG (lattice-best-path[5.5.1126~1-8c451]:main():lattice-best-path.cc:99) For utterance m1_341, best cost 161.928 + 1385.93 = 1547.86 over 455 frames.
m1_341 sil w ih m ah n m ey n eh v er d b iy k aw m k ah m p l iy t iy k ah l t uw m ae n sil 
LOG (lattice-best-path[5.5.1126~1-8c451]:main():lattice-best-path.cc:99) For utterance m1_346, best cost 121.978 + 1012.94 = 1134.92 over 346 frames.
m1_346 w iy b ow k ah m ah n iy n ih z d ah d ah n s iy ch iy er sil 
LOG (lattice-best-path[5.5.1126~1-8c451]:main():lattice-best-path.cc:99) For utterance m1_351, best cost 117.031 + 1168.72 = 1285.75 over 372 frames.
m1_351 sil w ih jh ch er jh d uw dh iy s m ih s w er sh ih p ah n sil 
LOG (lattice-best-path[5.5.1126~1-8c451]:main():lattice-best-path.cc:99) For utterance m1_356, best cost 108.271 + 1020.07 = 1128.34 over 338 frames.
m1_356 ey ao l l ay k ah l aa ng hh aa ch sh aw er z 
LOG (lattice-best-path[5.5.1126~1-8c451]:main():lattice-best-path.cc:99) For utterance m1_361, best cost 139.714 + 1116.25 = 1255.96 over 383 frames.
m1_361 sil t ih n t ey z sh iy l ih th ah s iy m uw v iy z t oy s uw w iy sil 
LOG (lattice-best-path[5.5.1126~1-8c451]:main():lattice-best-path.cc:99) For utterance m1_366, best cost 175.233 + 1258.88 = 1434.11 over 444 frames.
m1_366 sil hh er w ao r jh er ah b k ae n s ih s ah v ah b ah l l iy s k er t s ah m b l ao s ah z sil 
LOG (lattice-best-path[5.5.1126~1-8c451]:main():lattice-best-path.cc:99) For utterance m1_371, best cost 142.092 + 1244.67 = 1386.77 over 409 frames.
m1_371 sil r ay d dh iy s ah b w ey b ae k ae f ah n t ah n ah f ch ey n sh 
LOG (lattice-best-path[5.5.1126~1-8c451]:main():lattice-best-path.cc:99) For utterance m1_376, best cost 143.985 + 1294.71 = 1438.7 over 432 frames.
m1_376 sil m uw v ih g aa r b ah jh s n iy er dh iy l aa r ch w ih n d ow sil 
LOG (lattice-best-path[5.5.1126~1-8c451]:main():lattice-best-path.cc:99) For utterance m1_381, best cost 176.574 + 1482.3 = 1658.87 over 508 frames.
m1_381 sil w ah n ch uw f ah n ih sh k r iy s ih ng er ch ey n b iy sh er t uw w ao sh s er l iy sil 
LOG (lattice-best-path[5.5.1126~1-8c451]:main():lattice-best-path.cc:99) For utterance m1_386, best cost 183.989 + 1405.62 = 1589.61 over 461 frames.
m1_386 ah k r ae b ch aw n jh m iy b uh d ih k w ih k s t ae b f ae ng k w ih sh ch ae m sil 
LOG (lattice-best-path[5.5.1126~1-8c451]:main():lattice-best-path.cc:99) For utterance m1_391, best cost 126.299 + 1224.06 = 1350.36 over 386 frames.
m1_391 sil iy ch s t ae g sh er l iy f ay n z ah b ih g f aa n sil 
LOG (lattice-best-path[5.5.1126~1-8c451]:main():lattice-best-path.cc:99) For utterance m1_396, best cost 194.068 + 1540.77 = 1734.83 over 528 frames.
m1_396 sil dh iy ae v er t ay z ih ng f er s ah v k ah m ih f er ay ah t iy s t ao r n eh v er ch ey n jh ah z sil 
LOG (lattice-best-path[5.5.1126~1-8c451]:main():lattice-best-path.cc:99) For utterance m1_401, best cost 164.408 + 1306.95 = 1471.36 over 462 frames.
m1_401 sil t aa m ah s f ih ng s ah l aa r jh er k l ae m p s ao l t s ah p r aa b l ah m sil 
LOG (lattice-best-path[5.5.1126~1-8c451]:main():lattice-best-path.cc:99) For utterance m1_406, best cost 218.23 + 1870.95 = 2089.18 over 617 frames.
m1_406 sil dh iy f ih k ey t ow m f ao r z p w ao z ah n ih r l iy g ow v er w eh l m b ay b ae ch uw ow n d z iy z sil 
LOG (lattice-best-path[5.5.1126~1-8c451]:main():lattice-best-path.cc:99) For utterance m1_411, best cost 145.432 + 1143.65 = 1289.08 over 395 frames.
m1_411 sil dh ow z m iy z ih sh ah n z hh aa r m ah l ay z m aa r f ah l ah s l iy 
LOG (lattice-best-path[5.5.1126~1-8c451]:main():lattice-best-path.cc:99) For utterance m1_416, best cost 122.816 + 1320.31 = 1443.13 over 408 frames.
m1_416 sil dh ae t p ih k p aa k ih t s k aa r eh d hh ae n d ih d sil 
LOG (lattice-best-path[5.5.1126~1-8c451]:main():lattice-best-path.cc:99) For utterance m1_421, best cost 131.053 + 1078.17 = 1209.22 over 363 frames.
m1_421 sil ih z b ae n ih k k aa s t uw n t er k w eh k k ah l ah f ah l sil 
LOG (lattice-best-path[5.5.1126~1-8c451]:main():lattice-best-path.cc:99) For utterance m1_426, best cost 166.188 + 1550.36 = 1716.55 over 507 frames.
m1_426 dh iy iy z iy g ow ih ng z w ao l ah jh ih z k w er l ae k s t er ah b oy ey jh 
LOG (lattice-best-path[5.5.1126~1-8c451]:main():lattice-best-path.cc:99) For utterance m1_431, best cost 185.122 + 1379.87 = 1564.99 over 467 frames.
m1_431 sil b aa m p r ao f ih p ao r ih n ah z ey sh ah n z hh ae v f r iy p ah n b aa n b r ih z er z sil 
LOG (lattice-best-path[5.5.1126~1-8c451]:main():lattice-best-path.cc:99) For utterance m1_436, best cost 172.636 + 1481.76 = 1654.39 over 482 frames.
m1_436 sil b er jh b er k dh ey t f r iy p ah m dh iy ah k er ah z aa n f ay n s k ih v ih ng 
LOG (lattice-best-path[5.5.1126~1-8c451]:main():lattice-best-path.cc:99) For utterance m1_441, best cost 124.242 + 1087.33 = 1211.57 over 358 frames.
m1_441 sil r aa k ah n r ah l m y uw z ih k ae z ih g r ey t r dh iy m sil 
LOG (lattice-best-path[5.5.1126~1-8c451]:main():lattice-best-path.cc:99) For utterance m1_446, best cost 137.962 + 1266.6 = 1404.57 over 412 frames.
m1_446 dh iy s p iy ch ah m p ow z iy ah m ay t b iy g ih n ah m ah n d ey sil 
LOG (lattice-best-path[5.5.1126~1-8c451]:main():lattice-best-path.cc:99) For utterance m1_451, best cost 175.029 + 1589.23 = 1764.26 over 513 frames.
m1_451 sil sh er ah n k ae n k ah n s uw m m ah n iy f r uw b r ah l ah p s ah m ow n s ih t ih ng 
LOG (lattice-best-path[5.5.1126~1-8c451]:main():lattice-best-path.cc:99) For utterance m1_456, best cost 170.037 + 1690.07 = 1860.1 over 518 frames.
m1_456 sil ah m ao l th ih z ih g jh ae b ah l ao ng dh iy p ae f t er aa t ow z g aa r d n sil 
LOG (lattice-best-path[5.5.1126~1-8c451]:main():lattice-best-path.cc:99) For utterance m3_001, best cost 76.0463 + 581.933 = 657.979 over 246 frames.
m3_001 sil dh ih s ah z iy z iy f ao r ah s sil 
LOG (lattice-best-path[5.5.1126~1-8c451]:main():lattice-best-path.cc:99) For utterance m3_006, best cost 115.612 + 820.769 = 936.381 over 352 frames.
m3_006 sil w ay g ae l er w ao r iy ow v er s ah l iy ae d ah m z sil 
LOG (lattice-best-path[5.5.1126~1-8c451]:main():lattice-best-path.cc:99) For utterance m3_011, best cost 96.839 + 722.954 = 819.793 over 299 frames.
m3_011 sil s eh n y uh r aa r m ih z hh ay z iy k ae n sil 
LOG (lattice-best-path[5.5.1126~1-8c451]:main():lattice-best-path.cc:99) For utterance m3_016, best cost 128.55 + 905.438 = 1033.99 over 351 frames.
m3_016 sil ae l ah m ow n iy hh aw er n d ah b ao r ch m ae n t w ao l sil 
LOG (lattice-best-path[5.5.1126~1-8c451]:main():lattice-best-path.cc:99) For utterance m3_021, best cost 101.543 + 742.291 = 843.833 over 291 frames.
m3_021 sil ah n l iy l ey er z l ah g n ay ey n er z sil 
LOG (lattice-best-path[5.5.1126~1-8c451]:main():lattice-best-path.cc:99) For utterance m3_026, best cost 97.5151 + 699.943 = 797.458 over 293 frames.
m3_026 sil d ow t uw t r l iy z t er iy g ih sh ah z sil 
LOG (lattice-best-path[5.5.1126~1-8c451]:main():lattice-best-path.cc:99) For utterance m3_031, best cost 154.197 + 1045.99 = 1200.18 over 401 frames.
m3_031 sil sil aa r b ah l b r iy s l iy w ao z g r ay t uw ey sh ah b r ah z ah m sil 
LOG (lattice-best-path[5.5.1126~1-8c451]:main():lattice-best-path.cc:99) For utterance m3_036, best cost 125.292 + 810.657 = 935.949 over 346 frames.
m3_036 sil ae s k ah b aa p ah n b iy n er t ih n ih ng s p w ao r t sil 
LOG (lattice-best-path[5.5.1126~1-8c451]:main():lattice-best-path.cc:99) For utterance m3_041, best cost 136.37 + 884.001 = 1020.37 over 348 frames.
m3_041 sil eh m ah d eh k s t er z p ih k p aa k ah t eh k aa p ah s m ao r sil 
LOG (lattice-best-path[5.5.1126~1-8c451]:main():lattice-best-path.cc:99) For utterance m3_046, best cost 127.677 + 861.806 = 989.483 over 358 frames.
m3_046 sil dh iy p r aa l ah w ao r ah s k iy m ae s f r er d s k ay s sil 
LOG (lattice-best-path[5.5.1126~1-8c451]:main():lattice-best-path.cc:99) For utterance m3_051, best cost 152.854 + 939.898 = 1092.75 over 388 frames.
m3_051 sil eh n iy k ah n t ah b y uw sh ah n d ah b ih g r ey t l iy ah p er s ey t ah d sil 
LOG (lattice-best-path[5.5.1126~1-8c451]:main():lattice-best-path.cc:99) For utterance m3_056, best cost 154.071 + 979.799 = 1133.87 over 421 frames.
m3_056 sil l ae s t uw z g ae sh ao r ih jh k aa t s t iy p r ay s ih ng k r iy s ah z sil 
LOG (lattice-best-path[5.5.1126~1-8c451]:main():lattice-best-path.cc:99) For utterance m3_061, best cost 143.308 + 809.146 = 952.454 over 352 frames.
m3_061 sil k l ih s t ih s p l oy iy w ao z ah s p l ey s t ah n dh iy s k r iy n sil 
LOG (lattice-best-path[5.5.1126~1-8c451]:main():lattice-best-path.cc:99) For utterance m3_066, best cost 123.344 + 728.777 = 852.122 over 318 frames.
m3_066 sil d ae k t ih s p er s k r ay d er ah d s t uw f r iy b l iy sil 
LOG (lattice-best-path[5.5.1126~1-8c451]:main():lattice-best-path.cc:99) For utterance m3_071, best cost 178.425 + 1073.23 = 1251.66 over 439 frames.
m3_071 sil k w aa p r ey sh ow l ao ng z ah n er s t ae n d ih ng ah l iy g y uw g d ih s p y uw t sil 
LOG (lattice-best-path[5.5.1126~1-8c451]:main():lattice-best-path.cc:99) For utterance m3_076, best cost 101.862 + 836.185 = 938.047 over 319 frames.
m3_076 sil dh iy f ih ng t er z ah f ey m ah s k ah l t r er sil 
LOG (lattice-best-path[5.5.1126~1-8c451]:main():lattice-best-path.cc:99) For utterance m3_081, best cost 149.29 + 935.857 = 1085.15 over 363 frames.
m3_081 sil m ae s k r ey p aa r t iy z t ae k s aa n z ah m ae d n ey sh ah sil 
LOG (lattice-best-path[5.5.1126~1-8c451]:main():lattice-best-path.cc:99) For utterance m3_086, best cost 179.599 + 1314.51 = 1494.11 over 522 frames.
m3_086 sil k ih n d er ah n ch ow v er n d eh k r ey d ih k l ae sh er m sh r ao hh ao l d ey z sil 
LOG (lattice-best-path[5.5.1126~1-8c451]:main():lattice-best-path.cc:99) For utterance m3_091, best cost 109.336 + 757.08 = 866.416 over 320 frames.
m3_091 sil ah hh y uw t ae p ah s t r iy hh aa n er ao l ay t sil 
LOG (lattice-best-path[5.5.1126~1-8c451]:main():lattice-best-path.cc:99) For utterance m3_096, best cost 104.868 + 913.813 = 1018.68 over 365 frames.
m3_096 sil ih s ah n d ah p aa r t er z sh aa k ah k ae s t sil 
LOG (lattice-best-path[5.5.1126~1-8c451]:main():lattice-best-path.cc:99) For utterance m3_101, best cost 92.714 + 826.087 = 918.801 over 307 frames.
m3_101 sil k l ae f dh iy s t r uw n ao f t ae n d sil 
LOG (lattice-best-path[5.5.1126~1-8c451]:main():lattice-best-path.cc:99) For utterance m3_106, best cost 162.209 + 870.325 = 1032.53 over 374 frames.
m3_106 sil t r eh s t ae s ih ng ih z f r er b ih t ah n ah n s ah b ih k t uw p aw l th iy sil 
LOG (lattice-best-path[5.5.1126~1-8c451]:main():lattice-best-path.cc:99) For utterance m3_111, best cost 123.69 + 732.077 = 855.767 over 322 frames.
m3_111 sil ah t ah f ih sh ah l ah n t eh l ah jh ah n s ih z f er r iy l sil 
LOG (lattice-best-path[5.5.1126~1-8c451]:main():lattice-best-path.cc:99) For utterance m3_116, best cost 113.718 + 971.465 = 1085.18 over 363 frames.
m3_116 sil w iy p ae n d ah b ih l d ah n uw b eh v er l ah n t sil 
LOG (lattice-best-path[5.5.1126~1-8c451]:main():lattice-best-path.cc:99) For utterance m3_121, best cost 193.751 + 1267.59 = 1461.35 over 502 frames.
m3_121 sil s ay n t ih v ih k p r ay g r eh s k aa n f r uw v ah l ah m ah n t ah n ey t eh k m ey t s sil 
LOG (lattice-best-path[5.5.1126~1-8c451]:main():lattice-best-path.cc:99) For utterance m3_126, best cost 158.375 + 1054.56 = 1212.93 over 422 frames.
m3_126 sil w ih t s l aa n aa r d ih k ah l ah z ah p ey k ah n ih g l er f ah k ey sh ah n sil 
LOG (lattice-best-path[5.5.1126~1-8c451]:main():lattice-best-path.cc:99) For utterance m3_131, best cost 167.7 + 931.631 = 1099.33 over 412 frames.
m3_131 sil k r eh k t ih k s ih k y uw s n ah m ay n jh t r ah sh ah n z ah z t r ih sh ow l sil 
LOG (lattice-best-path[5.5.1126~1-8c451]:main():lattice-best-path.cc:99) For utterance m3_136, best cost 141.797 + 960.352 = 1102.15 over 360 frames.
m3_136 sil dh iy s t iy g ow z ah g z ah s t ih n w ao r m y uw ah k l aa n ah t s sil 
LOG (lattice-best-path[5.5.1126~1-8c451]:main():lattice-best-path.cc:99) For utterance m3_141, best cost 131.13 + 845.619 = 976.749 over 354 frames.
m3_141 sil r ih m uw v ih s p ah n jh er w ao z ah p eh r k t w iy z er z sil 
LOG (lattice-best-path[5.5.1126~1-8c451]:main():lattice-best-path.cc:99) For utterance m3_146, best cost 139.915 + 1304.77 = 1444.69 over 495 frames.
m3_146 sil hh er ao ao r n hh er r iy m ay n hh ih m ah v w aa r m l iy z 
LOG (lattice-best-path[5.5.1126~1-8c451]:main():lattice-best-path.cc:99) For utterance m3_151, best cost 97.878 + 829.297 = 927.175 over 315 frames.
m3_151 sil w ih ch ah v dh iy k ae g aa n dh iy b ay y uw sil 
LOG (lattice-best-path[5.5.1126~1-8c451]:main():lattice-best-path.cc:99) For utterance m3_156, best cost 188.401 + 1316.11 = 1504.51 over 522 frames.
m3_156 sil w eh v er k w aa p r ey t s ah n p ay n iy n ae n s k ae m ow l b iy ow b iy w ao r d ah d sil 
LOG (lattice-best-path[5.5.1126~1-8c451]:main():lattice-best-path.cc:99) For utterance m3_161, best cost 161.196 + 1063.87 = 1225.06 over 430 frames.
m3_161 sil dh iy k ah n b eh r l iy s iy t ih f y uw ao r jh t uw dh iy s ah n ow th l er iy z sil 
LOG (lattice-best-path[5.5.1126~1-8c451]:main():lattice-best-path.cc:99) For utterance m3_166, best cost 113.349 + 909.494 = 1022.84 over 359 frames.
m3_166 sil dh iy k ae n iy aw w ih z hh aa r jh m ay y er z sil 
LOG (lattice-best-path[5.5.1126~1-8c451]:main():lattice-best-path.cc:99) For utterance m3_171, best cost 143.953 + 879.583 = 1023.54 over 354 frames.
m3_171 sil d ih s t r ay ah v er iy f ay aw er dh iy d ah d z m ay ao t ah t s sil 
LOG (lattice-best-path[5.5.1126~1-8c451]:main():lattice-best-path.cc:99) For utterance m3_176, best cost 94.0678 + 680.668 = 774.736 over 265 frames.
m3_176 sil dh ey n jh oy ey t w aa n ay ae b ih sh ah n sil 
LOG (lattice-best-path[5.5.1126~1-8c451]:main():lattice-best-path.cc:99) For utterance m3_181, best cost 175.327 + 1176.41 = 1351.74 over 455 frames.
m3_181 sil iy aa n ch eh l d er n ch er oy d ih k s p ow zh er t ih n t ey d ih s t iy z ah z sil 
LOG (lattice-best-path[5.5.1126~1-8c451]:main():lattice-best-path.cc:99) For utterance m3_186, best cost 121.617 + 996.475 = 1118.09 over 351 frames.
m3_186 sil iy n ay ah k ey t ah l iy t ih p ah m ah n d ih b l uw z sil 
LOG (lattice-best-path[5.5.1126~1-8c451]:main():lattice-best-path.cc:99) For utterance m3_191, best cost 121.988 + 1139.7 = 1261.69 over 445 frames.
m3_191 sil m ay k ah k aa d dh iy b eh d er m ao l s k r ay ae n z sil 
LOG (lattice-best-path[5.5.1126~1-8c451]:main():lattice-best-path.cc:99) For utterance m3_196, best cost 156.997 + 1012.08 = 1169.08 over 432 frames.
m3_196 sil dh iy s er m ah n ah m z ah s ay z dh iy n iy d f er f er m ah b ae k sh ah n sil 
LOG (lattice-best-path[5.5.1126~1-8c451]:main():lattice-best-path.cc:99) For utterance m3_201, best cost 156.521 + 995.343 = 1151.86 over 404 frames.
m3_201 sil k ao r iy ah t ae k dh iy p r aa jh eh k ah z eh k s t uw t er m ah n ey sh ah n sil 
LOG (lattice-best-path[5.5.1126~1-8c451]:main():lattice-best-path.cc:99) For utterance m3_206, best cost 161.666 + 979.399 = 1141.06 over 387 frames.
m3_206 sil s t ae f k ah b r eh t iy hh ae n d ah l dh iy s ay k ah l aa ch ah b ah l t r aa t sil 
LOG (lattice-best-path[5.5.1126~1-8c451]:main():lattice-best-path.cc:99) For utterance m3_211, best cost 113.244 + 855.98 = 969.224 over 317 frames.
m3_211 sil hh ay ow ey t ih f r iy w ey m iy n s ey n f ae ng sil 
LOG (lattice-best-path[5.5.1126~1-8c451]:main():lattice-best-path.cc:99) For utterance m3_216, best cost 129.545 + 931.817 = 1061.36 over 367 frames.
m3_216 sil ah t aa p t uw w ao z ah n dh ae m dh iy ow n s ah dh iy p ey sh ah n sil 
LOG (lattice-best-path[5.5.1126~1-8c451]:main():lattice-best-path.cc:99) For utterance m3_221, best cost 122.227 + 924.877 = 1047.1 over 334 frames.
m3_221 sil hh aw w ey n t ih n ih z ah s ah b oy ay s k ah l ey t er sil sil 
LOG (lattice-best-path[5.5.1126~1-8c451]:main():lattice-best-path.cc:99) For utterance m3_226, best cost 136.64 + 833.196 = 969.836 over 349 frames.
m3_226 sil dh iy g w ao r d ih z b aa t er f l ay ey d ah l aa t n ae k t er sil 
LOG (lattice-best-path[5.5.1126~1-8c451]:main():lattice-best-path.cc:99) For utterance m3_231, best cost 111.26 + 709.827 = 821.087 over 286 frames.
m3_231 sil w eh r k ow p ah d eh v er iy m ah n d ih m ao r ih ng sil 
LOG (lattice-best-path[5.5.1126~1-8c451]:main():lattice-best-path.cc:99) For utterance m3_236, best cost 115.272 + 910.949 = 1026.22 over 339 frames.
m3_236 sil hh aw w oy l iy b iy l ey t er s ae l ah d er s ih ng sil 
LOG (lattice-best-path[5.5.1126~1-8c451]:main():lattice-best-path.cc:99) For utterance m3_241, best cost 157.319 + 915.312 = 1072.63 over 386 frames.
m3_241 sil dh iy d r ao aa b r iy t s p l iy z ih ng ih n t ay k ah n ih s t ih k aa s ah l z sil 
LOG (lattice-best-path[5.5.1126~1-8c451]:main():lattice-best-path.cc:99) For utterance m3_246, best cost 124.702 + 985.551 = 1110.25 over 382 frames.
m3_246 sil dh iy ae n r uw b oy ay ae n ch er b ih d ih m ah p r aw t sil 
LOG (lattice-best-path[5.5.1126~1-8c451]:main():lattice-best-path.cc:99) For utterance m3_251, best cost 188.287 + 1250.49 = 1438.78 over 519 frames.
m3_251 sil d ih f er dh er ih s p ah s t iy z sh iy k ey z ah n l iy r iy z l ao s t r iy jh er n ah l 
LOG (lattice-best-path[5.5.1126~1-8c451]:main():lattice-best-path.cc:99) For utterance m3_256, best cost 162.536 + 1195.48 = 1358.01 over 462 frames.
m3_256 sil p l ae n t ae n hh ae d er n ah z ey sh ah n z p r ow b er th ah n t r ao l sil 
LOG (lattice-best-path[5.5.1126~1-8c451]:main():lattice-best-path.cc:99) For utterance m3_261, best cost 146.426 + 963.211 = 1109.64 over 393 frames.
m3_261 sil w ah dh iy p er s p ah l aa s ih z er f er y uw z f ow n s iy aa l sil 
LOG (lattice-best-path[5.5.1126~1-8c451]:main():lattice-best-path.cc:99) For utterance m3_266, best cost 113.497 + 873.154 = 986.651 over 340 frames.
m3_266 sil sh ih jh er ae s t iy k ae k t ah n s t ow l z uw z sil 
LOG (lattice-best-path[5.5.1126~1-8c451]:main():lattice-best-path.cc:99) For utterance m3_271, best cost 114.418 + 769.746 = 884.164 over 302 frames.
m3_271 sil ah m iy d ih s ch ey n sh ey t k aa t s ah l iy sil sil 
LOG (lattice-best-path[5.5.1126~1-8c451]:main():lattice-best-path.cc:99) For utterance m3_276, best cost 136.072 + 824.507 = 960.579 over 319 frames.
m3_276 sil ah th y uw t ch ow z ah n f iy ow w iy k aw n jh eh n er ah l z sil 
LOG (lattice-best-path[5.5.1126~1-8c451]:main():lattice-best-path.cc:99) For utterance m3_281, best cost 213.278 + 1328.27 = 1541.55 over 543 frames.
m3_281 sil m ay d ih z ay er d ah s ah p ah l sil g ih m iy w aa n ah n f ao r m ah t uw p eh r ae k ah m ah s ah b sil 
LOG (lattice-best-path[5.5.1126~1-8c451]:main():lattice-best-path.cc:99) For utterance m3_286, best cost 119.597 + 802.686 = 922.283 over 327 frames.
m3_286 sil dh ae t d aa ch ih z ih s k ae t s m er s ah l z s l iy sil 
LOG (lattice-best-path[5.5.1126~1-8c451]:main():lattice-best-path.cc:99) For utterance m3_291, best cost 124.121 + 949.638 = 1073.76 over 364 frames.
m3_291 sil ah l ah dh er hh ae n b ae g uw b iy s uw b ah l g ih f sil 
LOG (lattice-best-path[5.5.1126~1-8c451]:main():lattice-best-path.cc:99) For utterance m3_296, best cost 195.193 + 1541.55 = 1736.74 over 584 frames.
m3_296 sil hh aw er s iy d ih d er t ah p oy m ah n t ah n dh iy b y ao aw ah jh iy ae n ah n jh iy r iy p er z sil 
LOG (lattice-best-path[5.5.1126~1-8c451]:main():lattice-best-path.cc:99) For utterance m3_301, best cost 161.989 + 1140.66 = 1302.65 over 443 frames.
m3_301 sil t aa p l ay z t aa p r ay er d iy ae ng g ah d ih ng ih z b ay k f ih k s t sil 
LOG (lattice-best-path[5.5.1126~1-8c451]:main():lattice-best-path.cc:99) For utterance m3_306, best cost 165.127 + 1105.79 = 1270.92 over 414 frames.
m3_306 sil dh iy d aa r k m er f y uw dh iy g uw n w aa p t er aw m sil f er m ay l z sil 
LOG (lattice-best-path[5.5.1126~1-8c451]:main():lattice-best-path.cc:99) For utterance m3_311, best cost 170.506 + 1146.59 = 1317.09 over 473 frames.
m3_311 sil dh iy f r ay t n s ae t ah l ah jh ah n ay s ah n jh uw b ay z b ih g b r ah dh er sil sil 
LOG (lattice-best-path[5.5.1126~1-8c451]:main():lattice-best-path.cc:99) For utterance m3_316, best cost 221.471 + 1307.29 = 1528.76 over 569 frames.
m3_316 sil dh iy p r iy s k ah l er k ah n g er b l ay s er f y ah l ih ng z ah b aw p iy m er jh ah n s iy k ah n d ih sh ah n z sil 
LOG (lattice-best-path[5.5.1126~1-8c451]:main():lattice-best-path.cc:99) For utterance m3_321, best cost 120.952 + 859.513 = 980.465 over 357 frames.
m3_321 sil ah l er w ao z ah p ay n s uw eh k s ih k y uw t er w eh l sil 
LOG (lattice-best-path[5.5.1126~1-8c451]:main():lattice-best-path.cc:99) For utterance m3_326, best cost 169.795 + 1145.18 = 1314.97 over 464 frames.
m3_326 sil dh iy s ih s t uw m ey b r ey g aa n s sh ah n s ah s ey t er f ay l s f r iy k w iy sil 
LOG (lattice-best-path[5.5.1126~1-8c451]:main():lattice-best-path.cc:99) For utterance m3_331, best cost 178.226 + 1168.8 = 1347.03 over 472 frames.
m3_331 sil dh iy g aa n m ey k ah p ih z ih k t ah n k ao er d ih k ah m p oy d f r ih th r iy aw er z sil 
LOG (lattice-best-path[5.5.1126~1-8c451]:main():lattice-best-path.cc:99) For utterance m3_336, best cost 155.525 + 924.066 = 1079.59 over 372 frames.
m3_336 sil dh ae t n oy z p r aa b ah ng g r ow z m ao r n ow ay n iy ch d ey sil 
LOG (lattice-best-path[5.5.1126~1-8c451]:main():lattice-best-path.cc:99) For utterance m3_341, best cost 152.598 + 971.37 = 1123.97 over 384 frames.
m3_341 sil dh iy m ah n m ah n eh v er b iy k ah m k ah m p l ey t iy k w uh k t ah m ah n sil 
LOG (lattice-best-path[5.5.1126~1-8c451]:main():lattice-best-path.cc:99) For utterance m3_346, best cost 108.891 + 918.55 = 1027.44 over 371 frames.
m3_346 sil w iy w aa p ah m ah n ah s t uw d ih n s iy ch iy er sil 
LOG (lattice-best-path[5.5.1126~1-8c451]:main():lattice-best-path.cc:99) For utterance m3_351, best cost 111.691 + 976.975 = 1088.67 over 412 frames.
m3_351 sil w ih ch ch er jh dh ih s m ih s er sh er b ah n 
LOG (lattice-best-path[5.5.1126~1-8c451]:main():lattice-best-path.cc:99) For utterance m3_356, best cost 86.6739 + 761.595 = 848.269 over 307 frames.
m3_356 sil dh ae l ay k l ao ng hh aa ch aw er z sil 
LOG (lattice-best-path[5.5.1126~1-8c451]:main():lattice-best-path.cc:99) For utterance m3_361, best cost 139.506 + 902.24 = 1041.75 over 368 frames.
m3_361 sil k ae n t ey k s sh iy ah l uh d ih s iy m uw v iy z t ay s uw iy sil 
LOG (lattice-best-path[5.5.1126~1-8c451]:main():lattice-best-path.cc:99) For utterance m3_366, best cost 135.58 + 923.978 = 1059.56 over 393 frames.
m3_366 sil er w ao r d er k ah n s ih s t ah l ih s k er k s ah n b aa s ah z 
LOG (lattice-best-path[5.5.1126~1-8c451]:main():lattice-best-path.cc:99) For utterance m3_371, best cost 127.499 + 985.571 = 1113.07 over 389 frames.
m3_371 sil ay d r ay d ih s ah b oy ey b ah hh aw m ah n ah ch ey n jh sil 
LOG (lattice-best-path[5.5.1126~1-8c451]:main():lattice-best-path.cc:99) For utterance m3_376, best cost 131.136 + 894.838 = 1025.97 over 338 frames.
m3_376 sil m uw v dh iy g aa r v er jh n er s ow aa r d w ah n d ah sil 
LOG (lattice-best-path[5.5.1126~1-8c451]:main():lattice-best-path.cc:99) For utterance m3_381, best cost 160.455 + 1055.58 = 1216.03 over 453 frames.
m3_381 sil w aa n t uw f ih n ah s k r iy s ih ng er ch ey n d ih sh er t er w aa s p er l iy sil 
LOG (lattice-best-path[5.5.1126~1-8c451]:main():lattice-best-path.cc:99) For utterance m3_386, best cost 162.246 + 1014.2 = 1176.45 over 425 frames.
m3_386 sil ah k r ae b k ae l ah n z m iy n ih k w ih k s t ae v eh n g w ih sh t ah n 
LOG (lattice-best-path[5.5.1126~1-8c451]:main():lattice-best-path.cc:99) For utterance m3_391, best cost 128.763 + 727.333 = 856.096 over 314 frames.
m3_391 sil iy t s t ae d sh er l iy f ay n t uw b ih g f l ao m 
LOG (lattice-best-path[5.5.1126~1-8c451]:main():lattice-best-path.cc:99) For utterance m3_396, best cost 177.857 + 1131.29 = 1309.15 over 482 frames.
m3_396 sil dh iy ae t ay z ih ng p er s ah p l ah n dh iy f er ay d iy s t ao r n eh v er ch ey n jh ah z sil 
LOG (lattice-best-path[5.5.1126~1-8c451]:main():lattice-best-path.cc:99) For utterance m3_401, best cost 155.125 + 937.82 = 1092.94 over 378 frames.
m3_401 sil t aa m ah s ih ng s ah l aa r jh er k l ay ah ch sh ao l s ah p r aa b l ah m sil 
LOG (lattice-best-path[5.5.1126~1-8c451]:main():lattice-best-path.cc:99) For utterance m3_406, best cost 190.143 + 1222.15 = 1412.29 over 493 frames.
m3_406 sil dh iy f ih k aw n f ao r ah s f ah z eh r l iy ow v er w eh l m b ah d eh ch aa m z ih z iy z sil 
LOG (lattice-best-path[5.5.1126~1-8c451]:main():lattice-best-path.cc:99) For utterance m3_411, best cost 125.116 + 877.136 = 1002.25 over 345 frames.
m3_411 sil dh ow z n iy z ih sh ah n z hh aa m ay z m aa r b ah l z sil 
LOG (lattice-best-path[5.5.1126~1-8c451]:main():lattice-best-path.cc:99) For utterance m3_416, best cost 119.892 + 839.166 = 959.058 over 322 frames.
m3_416 sil eh t t ih p aa k uw w ao z k aa g r eh d hh ae n d ah d sil 
LOG (lattice-best-path[5.5.1126~1-8c451]:main():lattice-best-path.cc:99) For utterance m3_421, best cost 116.969 + 727.077 = 844.046 over 309 frames.
m3_421 sil ih s p eh n ih k aa s t ah n z er k w ay k ah l er f ao l sil 
LOG (lattice-best-path[5.5.1126~1-8c451]:main():lattice-best-path.cc:99) For utterance m3_426, best cost 155.618 + 1112.05 = 1267.67 over 420 frames.
m3_426 sil iy s iy g ow ah n z aa l ah jh ih s t r ih l ae k s t er ah b ah b oy ih jh sil 
LOG (lattice-best-path[5.5.1126~1-8c451]:main():lattice-best-path.cc:99) For utterance m3_431, best cost 161.866 + 994.16 = 1156.03 over 422 frames.
m3_431 sil n aa n p r aa v er n ih z ey sh ah n s eh v f r iy g ah n f ah n r ih z er z sil 
LOG (lattice-best-path[5.5.1126~1-8c451]:main():lattice-best-path.cc:99) For utterance m3_436, best cost 141.177 + 943.049 = 1084.23 over 390 frames.
m3_436 sil hh er z b er dh ey f r iy k ah m ey p er z ah m b ih n s k ih v ih ng sil 
LOG (lattice-best-path[5.5.1126~1-8c451]:main():lattice-best-path.cc:99) For utterance m3_441, best cost 126.017 + 947.959 = 1073.98 over 381 frames.
m3_441 sil r aa k ah n m ow n iy z ih k ae z ih g r ey g r eh t ah m sil 
LOG (lattice-best-path[5.5.1126~1-8c451]:main():lattice-best-path.cc:99) For utterance m3_446, best cost 134.4 + 934.619 = 1069.02 over 355 frames.
m3_446 sil dh iy s p iy t s ah m b ow z iy ah m ay b iy g ae n ah m ah n d ey sil 
LOG (lattice-scale[5.5.1126~1-8c451]:main():lattice-scale.cc:107) Done 363 lattices.
LOG (lattice-best-path[5.5.1126~1-8c451]:main():lattice-best-path.cc:99) For utterance m3_451, best cost 158.174 + 1137.11 = 1295.28 over 472 frames.
m3_451 sil t uw v er k ih ng ih n s uw m ah n iy f er g r ah l ah t s ah m ah n s ih d ih ng sil 
LOG (lattice-best-path[5.5.1126~1-8c451]:main():lattice-best-path.cc:99) For utterance m3_456, best cost 143.897 + 1058.1 = 1202 over 429 frames.
m3_456 sil ah m ao s ih g z ae g ah l ao ng dh iy p ae s er aw z g aa r d ah n sil 
LOG (lattice-add-penalty[5.5.1126~1-8c451]:main():lattice-add-penalty.cc:62) Done adding word insertion penalty to 363 lattices.
LOG (lattice-best-path[5.5.1126~1-8c451]:main():lattice-best-path.cc:124) Overall cost per frame is 3.17101 = 0.357973 [graph] + 2.81304 [acoustic] over 144532 frames.
LOG (lattice-best-path[5.5.1126~1-8c451]:main():lattice-best-path.cc:128) Done 363 lattices, failed for 0
# Accounting: time=5 threads=1
# Ended (code 0) at Mon Apr 29 13:55:44 EEST 2024, elapsed time 5 seconds
