# lattice-scale --inv-acoustic-scale=6 "ark:gunzip -c ./exp/tri_bg/decode_dnn/lat.*.gz|" ark:- | lattice-add-penalty --word-ins-penalty=0.5 ark:- ark:- | lattice-best-path --word-symbol-table=./exp/tri_bg/graph/words.txt ark:- ark,t:- | utils/int2sym.pl -f 2- ./exp/tri_bg/graph/words.txt | cat > ./exp/tri_bg/decode_dnn/scoring_kaldi/penalty_0.5/6.txt 
# Started at Mon Apr 29 13:55:44 EEST 2024
#
lattice-add-penalty --word-ins-penalty=0.5 ark:- ark:- 
lattice-best-path --word-symbol-table=./exp/tri_bg/graph/words.txt ark:- ark,t:- 
lattice-scale --inv-acoustic-scale=6 'ark:gunzip -c ./exp/tri_bg/decode_dnn/lat.*.gz|' ark:- 
LOG (lattice-best-path[5.5.1126~1-8c451]:main():lattice-best-path.cc:99) For utterance f1_001, best cost 70.9378 + 396.891 = 467.828 over 237 frames.
f1_001 sil ih s w ih z iy s iy f er aw s sil 
LOG (lattice-best-path[5.5.1126~1-8c451]:main():lattice-best-path.cc:99) For utterance f1_006, best cost 105.601 + 495.759 = 601.359 over 338 frames.
f1_006 sil w ay ey l er w ao r iy ow v er s ah l iy ay d ah m z sil 
LOG (lattice-best-path[5.5.1126~1-8c451]:main():lattice-best-path.cc:99) For utterance f1_011, best cost 79.1195 + 518.897 = 598.016 over 306 frames.
f1_011 sil s w iy aa r ah z hh ay z iy k aw n sil 
LOG (lattice-best-path[5.5.1126~1-8c451]:main():lattice-best-path.cc:99) For utterance f1_016, best cost 118.201 + 512.779 = 630.98 over 336 frames.
f1_016 sil ae l m ow n iy hh ay z ah d ih f ao r s k ae n s w eh l sil 
LOG (lattice-best-path[5.5.1126~1-8c451]:main():lattice-best-path.cc:99) For utterance f1_021, best cost 81.2867 + 491.5 = 572.786 over 290 frames.
f1_021 sil ah l iy l ey er z aa n ah n er sil s sil 
LOG (lattice-best-path[5.5.1126~1-8c451]:main():lattice-best-path.cc:99) For utterance f1_026, best cost 96.1069 + 473.87 = 569.977 over 305 frames.
f1_026 sil d ow n t uw ch er l iy s t er d iy d ih sh ah z sil 
LOG (lattice-best-path[5.5.1126~1-8c451]:main():lattice-best-path.cc:99) For utterance f1_031, best cost 142.204 + 578.874 = 721.078 over 395 frames.
f1_031 sil aa r s k ah l p er iy s l ah w ao z ah p er jh uw ey sh ah n er ih z ah n sil 
LOG (lattice-best-path[5.5.1126~1-8c451]:main():lattice-best-path.cc:99) For utterance f1_036, best cost 103.082 + 546.696 = 649.778 over 353 frames.
f1_036 sil dh eh s ah b aa n dh iy ae n t er t ih ng s w ao r t sil 
LOG (lattice-best-path[5.5.1126~1-8c451]:main():lattice-best-path.cc:99) For utterance f1_041, best cost 137.253 + 527.803 = 665.056 over 363 frames.
f1_041 sil ae n d dh ae sh ih z p ih k p aa p ah t uw k aa m p l ih sh ah m ay er sil 
LOG (lattice-best-path[5.5.1126~1-8c451]:main():lattice-best-path.cc:99) For utterance f1_046, best cost 114.624 + 560.349 = 674.973 over 373 frames.
f1_046 sil dh iy p r aa l ao r s t iy m ae s k p er d ih s k ae z sil 
LOG (lattice-best-path[5.5.1126~1-8c451]:main():lattice-best-path.cc:99) For utterance f1_051, best cost 137.532 + 620.816 = 758.348 over 398 frames.
f1_051 sil ah n iy k ah n t uw dh ey sh ah n z ah l iy g r iy l iy p r ey sh ey t ah d sil 
LOG (lattice-best-path[5.5.1126~1-8c451]:main():lattice-best-path.cc:99) For utterance f1_056, best cost 139.777 + 617.055 = 756.832 over 439 frames.
f1_056 sil w eh s t er z g ae sh er ch k ow s t iy p r ey s ih ng k r iy s ah z sil 
LOG (lattice-best-path[5.5.1126~1-8c451]:main():lattice-best-path.cc:99) For utterance f1_061, best cost 121.102 + 518.143 = 639.245 over 359 frames.
f1_061 sil k ow s t ih s p oy l ih z ih z p l ey s aa n s k r ey n sil 
LOG (lattice-best-path[5.5.1126~1-8c451]:main():lattice-best-path.cc:99) For utterance f1_066, best cost 116.613 + 410.694 = 527.307 over 309 frames.
f1_066 sil dh ae k t er z p er z k r ay g r ah k s t uw f r iy l iy sil 
LOG (lattice-best-path[5.5.1126~1-8c451]:main():lattice-best-path.cc:99) For utterance f1_071, best cost 151.074 + 642.207 = 793.281 over 436 frames.
f1_071 sil w aa p r ey sh n ah l ah f eh n er s t ae n d ih ng l iy v iy t uw s p iy t sil 
LOG (lattice-best-path[5.5.1126~1-8c451]:main():lattice-best-path.cc:99) For utterance f1_076, best cost 95.0493 + 469.165 = 564.214 over 313 frames.
f1_076 sil dh ih th ih ng g er ih z ah v ey n s k aa ch er sil 
LOG (lattice-best-path[5.5.1126~1-8c451]:main():lattice-best-path.cc:99) For utterance f1_081, best cost 139.783 + 517.968 = 657.751 over 360 frames.
f1_081 sil m ae s k r ey p aa r d iy s hh aa k s ah n t ih n ah jh ah n ey sh ah n sil 
LOG (lattice-best-path[5.5.1126~1-8c451]:main():lattice-best-path.cc:99) For utterance f1_086, best cost 188.675 + 738.419 = 927.094 over 522 frames.
f1_086 sil aa r d uw ch eh l d ah n t eh k r iy b eh k l ae s er m z f er hh aa k ao l aa l ah d ey z sil 
LOG (lattice-best-path[5.5.1126~1-8c451]:main():lattice-best-path.cc:99) For utterance f1_091, best cost 112.118 + 493.473 = 605.591 over 327 frames.
f1_091 sil iy ch t ae p ih s t r iy hh aa n ih ng r m ao l ay d sil 
LOG (lattice-best-path[5.5.1126~1-8c451]:main():lattice-best-path.cc:99) For utterance f1_096, best cost 101.015 + 503.217 = 604.232 over 339 frames.
f1_096 sil ih s ao k aa r jh er s sh aa k ah k ae p s sil 
LOG (lattice-best-path[5.5.1126~1-8c451]:main():lattice-best-path.cc:99) For utterance f1_101, best cost 91.6602 + 444.21 = 535.87 over 300 frames.
f1_101 sil ae s t ah s k er ah n ih r l ae f t ae n sil 
LOG (lattice-best-path[5.5.1126~1-8c451]:main():lattice-best-path.cc:99) For utterance f1_106, best cost 134.919 + 575.825 = 710.744 over 388 frames.
f1_106 sil t r eh s t eh s ih z f er b ih n ah n s ah t eh k t ah p aa n t iy sil 
LOG (lattice-best-path[5.5.1126~1-8c451]:main():lattice-best-path.cc:99) For utterance f1_111, best cost 114.419 + 467.353 = 581.771 over 329 frames.
f1_111 sil aa r d ih f ih sh ow n t eh l ah jh ah n s ih z f er iy l sil 
LOG (lattice-best-path[5.5.1126~1-8c451]:main():lattice-best-path.cc:99) For utterance f1_116, best cost 119.5 + 498.282 = 617.782 over 323 frames.
f1_116 sil w iy p l iy s ah b ae l d ih n uw b eh v er jh p l ae n t sil 
LOG (lattice-best-path[5.5.1126~1-8c451]:main():lattice-best-path.cc:99) For utterance f1_121, best cost 151.302 + 771.547 = 922.849 over 494 frames.
f1_121 sil s ay n t uw dh iy p r ae g r ae s k ah n ch ah n ah z ah b aa l ah m ah n ih s sil 
LOG (lattice-best-path[5.5.1126~1-8c451]:main():lattice-best-path.cc:99) For utterance f1_126, best cost 142.357 + 643.759 = 786.116 over 432 frames.
f1_126 sil w ih sh l aa t ih k ah l ih z ah p ey t ih n iy t k aa r f ih k ey sh ah n sil 
LOG (lattice-best-path[5.5.1126~1-8c451]:main():lattice-best-path.cc:99) For utterance f1_131, best cost 161.912 + 577.669 = 739.581 over 419 frames.
f1_131 sil p r eh k ae t s ih k y ih sh ah n ae f m ay n sh t r ah sh ah n z k r ih sh ah l sil 
LOG (lattice-best-path[5.5.1126~1-8c451]:main():lattice-best-path.cc:99) For utterance f1_136, best cost 107.015 + 566.62 = 673.635 over 352 frames.
f1_136 sil dh iy s t iy ah z ih g z ih s ah n ao r d ay m ah n s sil 
LOG (lattice-best-path[5.5.1126~1-8c451]:main():lattice-best-path.cc:99) For utterance f1_141, best cost 93.4687 + 587.102 = 680.571 over 364 frames.
f1_141 sil r uw s p l ah n t er dh iy p eh r f ey t er z sil 
LOG (lattice-best-path[5.5.1126~1-8c451]:main():lattice-best-path.cc:99) For utterance f1_146, best cost 122.263 + 618.832 = 741.095 over 381 frames.
f1_146 sil p er ao p er hh aw er m ay n t ah n ah f l aa t ah m l iy z sil 
LOG (lattice-best-path[5.5.1126~1-8c451]:main():lattice-best-path.cc:99) For utterance f1_151, best cost 75.0746 + 585.853 = 660.928 over 325 frames.
f1_151 sil dh iy p ay ae k aw n ah b ay y uw sil 
LOG (lattice-best-path[5.5.1126~1-8c451]:main():lattice-best-path.cc:99) For utterance f1_156, best cost 175.761 + 753.383 = 929.143 over 482 frames.
f1_156 sil w eh v er k aa p r ey t s ih n f ay n ih n ae n s k aw n iy ow l b iy er w ao r d ah d sil 
LOG (lattice-best-path[5.5.1126~1-8c451]:main():lattice-best-path.cc:99) For utterance f1_161, best cost 145.257 + 698.755 = 844.013 over 455 frames.
f1_161 n sil eh r l iy s iy t ih f y ao r s t uw dh iy s m eh l f l er iy z sil 
LOG (lattice-best-path[5.5.1126~1-8c451]:main():lattice-best-path.cc:99) For utterance f1_166, best cost 110.712 + 504.472 = 615.184 over 335 frames.
f1_166 sil dh iy k ae t s n aw t ao l ey z hh er s m ay iy er z sil 
LOG (lattice-best-path[5.5.1126~1-8c451]:main():lattice-best-path.cc:99) For utterance f1_171, best cost 137.866 + 567.602 = 705.468 over 379 frames.
f1_171 sil dh iy s t r ay ae v er iy f ay ow v er l iy d ih t s m ay ao t ih s sil 
LOG (lattice-best-path[5.5.1126~1-8c451]:main():lattice-best-path.cc:99) For utterance f1_176, best cost 60.6672 + 453.509 = 514.176 over 262 frames.
f1_176 sil ey jh oy l ae b ih sh ah n sil 
LOG (lattice-best-path[5.5.1126~1-8c451]:main():lattice-best-path.cc:99) For utterance f1_181, best cost 176.721 + 696.453 = 873.174 over 466 frames.
f1_181 sil d ah n t ow sh ah n sh ah d ah b oy d ih k s p ow t er d ih k ah n t ey t ih z d ih z iy z ah z sil 
LOG (lattice-best-path[5.5.1126~1-8c451]:main():lattice-best-path.cc:99) For utterance f1_186, best cost 79.8491 + 601.074 = 680.923 over 346 frames.
f1_186 sil iy v n ay ah m ah n d iy b l uw z sil 
LOG (lattice-best-path[5.5.1126~1-8c451]:main():lattice-best-path.cc:99) For utterance f1_191, best cost 107.483 + 609.846 = 717.33 over 373 frames.
f1_191 sil m ay k ah l k ow dh iy b ae g er m ao r ay ah n z sil 
LOG (lattice-best-path[5.5.1126~1-8c451]:main():lattice-best-path.cc:99) For utterance f1_196, best cost 149.789 + 642.1 = 791.889 over 428 frames.
f1_196 sil dh iy s er m ah n eh m f ah s ay s ih n iy f er f er m d ah b aa k sh ah n sil 
LOG (lattice-best-path[5.5.1126~1-8c451]:main():lattice-best-path.cc:99) For utterance f1_201, best cost 154.523 + 646.02 = 800.543 over 424 frames.
f1_201 sil k ao r ey t ae k dh iy p r ae sh eh k ah b ay sh uh d z ah t er m ah n ey sh ah n sil 
LOG (lattice-best-path[5.5.1126~1-8c451]:main():lattice-best-path.cc:99) For utterance f1_206, best cost 127.732 + 815.432 = 943.163 over 476 frames.
f1_206 sil s eh k ah d er l iy ae n t ah l dh iy s ay k ah l aa ch aa m ah sil 
LOG (lattice-best-path[5.5.1126~1-8c451]:main():lattice-best-path.cc:99) For utterance f1_211, best cost 109.72 + 546.021 = 655.74 over 338 frames.
f1_211 sil hh ay l iy n t r iy m ey t n iy n s ey n b eh ng sil 
LOG (lattice-best-path[5.5.1126~1-8c451]:main():lattice-best-path.cc:99) For utterance f1_216, best cost 131.719 + 556.859 = 688.577 over 365 frames.
f1_216 sil ah t ae k t er b ih z m iy ah n d y ah l ah n z ah dh iy p ey sh ah n t sil 
LOG (lattice-best-path[5.5.1126~1-8c451]:main():lattice-best-path.cc:99) For utterance f1_221, best cost 103.035 + 478.797 = 581.831 over 312 frames.
f1_221 sil hh ae l iy t uw ih z ih s ah b l ae s k ah l ey er sil 
LOG (lattice-best-path[5.5.1126~1-8c451]:main():lattice-best-path.cc:99) For utterance f1_226, best cost 124.636 + 580.971 = 705.607 over 376 frames.
f1_226 sil dh iy p ao r d ih z b aa t er f l ay t iy d ah l aa n ae k er sil 
LOG (lattice-best-path[5.5.1126~1-8c451]:main():lattice-best-path.cc:99) For utterance f1_231, best cost 100.822 + 479.326 = 580.148 over 300 frames.
f1_231 sil w eh r ow p ah n eh v er iy m ah n d ay iy n ih ng sil 
LOG (lattice-best-path[5.5.1126~1-8c451]:main():lattice-best-path.cc:99) For utterance f1_236, best cost 110.891 + 550.737 = 661.627 over 358 frames.
f1_236 sil hh aw oy l iy t iy l ey t ih s ae l ah t r ah s ih ng sil 
LOG (lattice-best-path[5.5.1126~1-8c451]:main():lattice-best-path.cc:99) For utterance f1_241, best cost 115.654 + 671.458 = 787.112 over 433 frames.
f1_241 sil ih jh aa t iy z ae n t ae k ah n ah s t ih m ah s ah l z sil 
LOG (lattice-best-path[5.5.1126~1-8c451]:main():lattice-best-path.cc:99) For utterance f1_246, best cost 75.9386 + 648.304 = 724.242 over 347 frames.
f1_246 sil ey m ey b oy ey n s ih k aa t sil 
LOG (lattice-best-path[5.5.1126~1-8c451]:main():lattice-best-path.cc:99) For utterance f1_251, best cost 192.417 + 774.734 = 967.152 over 526 frames.
f1_251 sil dh iy f er t ah s p er s t iy z iy er k r ay t ey sh ah n l iy w iy z ah l ao s t r iy ch er n ah l sil 
LOG (lattice-best-path[5.5.1126~1-8c451]:main():lattice-best-path.cc:99) For utterance f1_256, best cost 158.58 + 675.814 = 834.394 over 447 frames.
f1_256 sil ae n g eh r ah n hh ay d ao r m ih z ey sh ah n s p er m aa r ah f ah n t r ah l sil 
LOG (lattice-best-path[5.5.1126~1-8c451]:main():lattice-best-path.cc:99) For utterance f1_261, best cost 152.717 + 609.732 = 762.449 over 423 frames.
f1_261 sil w uh d ih p er f ah l aa ch uw z p er b eh r iy z f aa n s iy aa t ah l sil sil 
LOG (lattice-best-path[5.5.1126~1-8c451]:main():lattice-best-path.cc:99) For utterance f1_266, best cost 113.166 + 504.834 = 618 over 326 frames.
f1_266 sil ch ih jh er ae s t iy k ae k t ih n s m ao l z uw z sil 
LOG (lattice-best-path[5.5.1126~1-8c451]:main():lattice-best-path.cc:99) For utterance f1_271, best cost 89.9578 + 434.293 = 524.251 over 289 frames.
f1_271 sil ah n iy v ih sh ey n sh ey p aa s ah l iy sil 
LOG (lattice-best-path[5.5.1126~1-8c451]:main():lattice-best-path.cc:99) For utterance f1_276, best cost 100.596 + 453.636 = 554.232 over 298 frames.
f1_276 sil dh iy ch ow z ah n f iy l dh iy k ah n jh ah n ah l z sil 
LOG (lattice-best-path[5.5.1126~1-8c451]:main():lattice-best-path.cc:99) For utterance f1_281, best cost 152.702 + 948.285 = 1100.99 over 558 frames.
f1_281 sil ay d ih z ae t er s ah n b ah l iy w aa n f ao r m ah n ah p aa r b r eh s sil 
LOG (lattice-best-path[5.5.1126~1-8c451]:main():lattice-best-path.cc:99) For utterance f1_286, best cost 105.93 + 473.783 = 579.713 over 302 frames.
f1_286 sil dh ae t ow ch iy s ah s k ae s m er s ah l s l iy sil 
LOG (lattice-best-path[5.5.1126~1-8c451]:main():lattice-best-path.cc:99) For utterance f1_291, best cost 102.01 + 576.963 = 678.972 over 343 frames.
f1_291 sil ah l eh g ae m b ae b iy s t uw d ah l dh ae z sil 
LOG (lattice-best-path[5.5.1126~1-8c451]:main():lattice-best-path.cc:99) For utterance f1_296, best cost 164.764 + 944.567 = 1109.33 over 571 frames.
f1_296 sil ae l ah s iy p oy n ah n ah b ay l ah jh iy ah n iy ah n ih r ah n d ah p aa r m ah n z sil 
LOG (lattice-best-path[5.5.1126~1-8c451]:main():lattice-best-path.cc:99) For utterance f1_301, best cost 104.569 + 698.084 = 802.653 over 417 frames.
f1_301 sil t aa k l iy s t aa p r eh r ih ng ih z b ay k s sil 
LOG (lattice-best-path[5.5.1126~1-8c451]:main():lattice-best-path.cc:99) For utterance f1_306, best cost 130.791 + 591.971 = 722.762 over 386 frames.
f1_306 sil d aa r g er k y ah l ah g ow n aa n z er aw n f er m ay l z sil 
LOG (lattice-best-path[5.5.1126~1-8c451]:main():lattice-best-path.cc:99) For utterance f1_311, best cost 142.345 + 820.736 = 963.081 over 495 frames.
f1_311 sil dh iy f r ey t uw ch ay l ih z jh ah m ah s ah t uw b ay z b ih g r ae t er sil 
LOG (lattice-best-path[5.5.1126~1-8c451]:main():lattice-best-path.cc:99) For utterance f1_316, best cost 195.719 + 834.607 = 1030.33 over 563 frames.
f1_316 sil dh iy p r iy s k ow eh k ah n b er b ay s er f iy ah n z aa p iy ah m er sh ah n s iy k ah n d ih sh ah n z sil 
LOG (lattice-best-path[5.5.1126~1-8c451]:main():lattice-best-path.cc:99) For utterance f1_321, best cost 124.933 + 529.399 = 654.332 over 353 frames.
f1_321 sil ah l oy ow ih z ah p oy n t uw t ae k s ih k y uw g er w eh l sil 
LOG (lattice-best-path[5.5.1126~1-8c451]:main():lattice-best-path.cc:99) For utterance f1_326, best cost 158.245 + 774.414 = 932.659 over 494 frames.
f1_326 sil dh iy s ih s t ah m ey b r ey k aw n s iy n z ih z ey t er b ay l z f r iy l iy sil 
LOG (lattice-best-path[5.5.1126~1-8c451]:main():lattice-best-path.cc:99) For utterance f1_331, best cost 158.07 + 764.451 = 922.521 over 492 frames.
f1_331 sil dh iy k ah n ah n p eh k t ih z eh k t ah n k ao r d ih g ah m p oy r iy aw er z sil 
LOG (lattice-best-path[5.5.1126~1-8c451]:main():lattice-best-path.cc:99) For utterance f1_336, best cost 115.078 + 703.978 = 819.057 over 404 frames.
f1_336 sil eh n ah s p aa r ow z m ao r n ah l ih ng ih sh t ae d sil 
LOG (lattice-best-path[5.5.1126~1-8c451]:main():lattice-best-path.cc:99) For utterance f1_341, best cost 115.358 + 672.671 = 788.029 over 414 frames.
f1_341 sil r ih m ey n eh v er t sil dh iy k ah l iy t ah l m ah n sil 
LOG (lattice-best-path[5.5.1126~1-8c451]:main():lattice-best-path.cc:99) For utterance f1_346, best cost 106.901 + 506.07 = 612.971 over 328 frames.
f1_346 sil w ao l k ah m ah n iy n iy s t uw d n z iy ch iy er sil 
LOG (lattice-best-path[5.5.1126~1-8c451]:main():lattice-best-path.cc:99) For utterance f1_351, best cost 102.394 + 508.206 = 610.6 over 336 frames.
f1_351 sil w ih ch er jh d ih s m eh k s p er sh ah p ah n sil 
LOG (lattice-best-path[5.5.1126~1-8c451]:main():lattice-best-path.cc:99) For utterance f1_356, best cost 85.7779 + 485.999 = 571.777 over 302 frames.
f1_356 sil dh ey ao l ay k l ao hh ay ch er aw er z sil 
LOG (lattice-best-path[5.5.1126~1-8c451]:main():lattice-best-path.cc:99) For utterance f1_361, best cost 118.563 + 588.739 = 707.301 over 381 frames.
f1_361 sil t ih n z iy sh iy l ah s iy m uw v iy s f ay s ah l iy sil 
LOG (lattice-best-path[5.5.1126~1-8c451]:main():lattice-best-path.cc:99) For utterance f1_366, best cost 135.293 + 655.801 = 791.094 over 419 frames.
f1_366 sil ao r jh er k ah n s ih s ah v ah l iy s k er k t ah m b l aw s ah z sil 
LOG (lattice-best-path[5.5.1126~1-8c451]:main():lattice-best-path.cc:99) For utterance f1_371, best cost 116.688 + 664.315 = 781.003 over 401 frames.
f1_371 sil ay d r ay d ih s ah b oy b ah d ae p ah n ah ch ey n jh sil 
LOG (lattice-best-path[5.5.1126~1-8c451]:main():lattice-best-path.cc:99) For utterance f1_376, best cost 83.3848 + 605.672 = 689.057 over 370 frames.
f1_376 sil iy er s ah v ah l aa r d l ah n d ah sil 
LOG (lattice-best-path[5.5.1126~1-8c451]:main():lattice-best-path.cc:99) For utterance f1_381, best cost 152.405 + 735.914 = 888.319 over 474 frames.
f1_381 sil ah n t uw f ah n ah jh g r iy s iy er ch ey n b iy ch er d ah b aa sh er l iy sil 
LOG (lattice-best-path[5.5.1126~1-8c451]:main():lattice-best-path.cc:99) For utterance f1_386, best cost 98.0597 + 785.113 = 883.173 over 474 frames.
f1_386 sil dh iy k r ae ch aa n sh ah n iy k s t ae t ah n sil 
LOG (lattice-best-path[5.5.1126~1-8c451]:main():lattice-best-path.cc:99) For utterance f1_391, best cost 94.7861 + 482.055 = 576.841 over 336 frames.
f1_391 sil iy ch t ih sh er l iy f ay n z ah f aa n sil 
LOG (lattice-best-path[5.5.1126~1-8c451]:main():lattice-best-path.cc:99) For utterance f1_396, best cost 176.084 + 747.358 = 923.442 over 507 frames.
f1_396 sil dh ae t er t ay z ih ng b er s ah p l eh m ah v er ay d iy z p er n eh v er ch ey n z s sil 
LOG (lattice-best-path[5.5.1126~1-8c451]:main():lattice-best-path.cc:99) For utterance f1_401, best cost 125.751 + 625.216 = 750.966 over 395 frames.
f1_401 sil t aa n s ah s ah l aa r jh ah k l ae n s ao s ah p r aa k ah l sil 
LOG (lattice-best-path[5.5.1126~1-8c451]:main():lattice-best-path.cc:99) For utterance f1_406, best cost 159.31 + 814.349 = 973.658 over 518 frames.
f1_406 sil ih th ih k ae l f aa r s ih z iy er l iy ow v er l ow m ay d ah ch ah m z iy z sil 
LOG (lattice-best-path[5.5.1126~1-8c451]:main():lattice-best-path.cc:99) For utterance f1_411, best cost 124.071 + 507.939 = 632.01 over 343 frames.
f1_411 sil ih z w iy z ih sh ah n z hh aa r m ay z m aa r k ah l ah s l iy sil 
LOG (lattice-best-path[5.5.1126~1-8c451]:main():lattice-best-path.cc:99) For utterance f1_416, best cost 83.8729 + 567.529 = 651.402 over 320 frames.
f1_416 sil dh ae p ay p aa k ah w ao z k ao iy sil 
LOG (lattice-best-path[5.5.1126~1-8c451]:main():lattice-best-path.cc:99) For utterance f1_421, best cost 109.127 + 503.582 = 612.709 over 329 frames.
f1_421 sil ih z b ae k aa s t ih n z ah k w ey k ah l ah f ah l sil 
LOG (lattice-best-path[5.5.1126~1-8c451]:main():lattice-best-path.cc:99) For utterance f1_426, best cost 136.699 + 661.786 = 798.485 over 437 frames.
f1_426 sil dh iy z ih g ow n z aa l ah jh ah s f r l ae s t er ah p oy d ah jh sil 
LOG (lattice-best-path[5.5.1126~1-8c451]:main():lattice-best-path.cc:99) For utterance f1_431, best cost 108.328 + 706.914 = 815.242 over 432 frames.
f1_431 sil n ah m p r ah v er k ah n z ey sh ah n t eh v er iy z sil 
LOG (lattice-best-path[5.5.1126~1-8c451]:main():lattice-best-path.cc:99) For utterance f1_436, best cost 118.693 + 626.898 = 745.591 over 405 frames.
f1_436 sil ey f r iy p r ah l iy ah k er z ah n b ih ng s k eh v ih ng sil 
LOG (lattice-best-path[5.5.1126~1-8c451]:main():lattice-best-path.cc:99) For utterance f1_441, best cost 97.6656 + 543.551 = 641.216 over 335 frames.
f1_441 sil r ae k ah n iy z ah k ae z ah g r iy p er d ah m sil 
LOG (lattice-best-path[5.5.1126~1-8c451]:main():lattice-best-path.cc:99) For utterance f1_446, best cost 106.204 + 613.242 = 719.446 over 379 frames.
f1_446 sil dh iy s t iy ch ah p ow z iy m ay ih g ae m ah n t er sil 
LOG (lattice-best-path[5.5.1126~1-8c451]:main():lattice-best-path.cc:99) For utterance f1_451, best cost 143.291 + 665.223 = 808.515 over 444 frames.
f1_451 sil ch ow ch ah n p ah n s ih m ay n iy f er r ah l ah s ih m ah n s ih ng sil 
LOG (lattice-best-path[5.5.1126~1-8c451]:main():lattice-best-path.cc:99) For utterance f1_456, best cost 117.891 + 717.749 = 835.64 over 433 frames.
f1_456 sil ah m ao l s ih z ae k ae t er aw t ow z k aa r d ah n sil 
LOG (lattice-best-path[5.5.1126~1-8c451]:main():lattice-best-path.cc:99) For utterance f5_001, best cost 56.9773 + 387.409 = 444.386 over 249 frames.
f5_001 sil ih z iy z iy p er ah s sil 
LOG (lattice-best-path[5.5.1126~1-8c451]:main():lattice-best-path.cc:99) For utterance f5_006, best cost 75.8279 + 493.447 = 569.275 over 325 frames.
f5_006 sil w ay y ah l er w er iy ow v z sil 
LOG (lattice-best-path[5.5.1126~1-8c451]:main():lattice-best-path.cc:99) For utterance f5_011, best cost 24.9275 + 474.978 = 499.906 over 301 frames.
f5_011 sil n sil 
LOG (lattice-best-path[5.5.1126~1-8c451]:main():lattice-best-path.cc:99) For utterance f5_021, best cost 84.1284 + 416.083 = 500.212 over 301 frames.
f5_021 sil ah n l iy l er z t l ah l iy n er z sil 
LOG (lattice-best-path[5.5.1126~1-8c451]:main():lattice-best-path.cc:99) For utterance f5_031, best cost 43.2162 + 567.76 = 610.976 over 391 frames.
f5_031 sil uw ey sh ah n sil 
LOG (lattice-best-path[5.5.1126~1-8c451]:main():lattice-best-path.cc:99) For utterance f5_036, best cost 38.9865 + 514.433 = 553.42 over 348 frames.
f5_036 sil ao r t sil sil 
LOG (lattice-best-path[5.5.1126~1-8c451]:main():lattice-best-path.cc:99) For utterance f5_041, best cost 48.5185 + 538.57 = 587.089 over 364 frames.
f5_041 sil eh m ih m ao r sil 
LOG (lattice-best-path[5.5.1126~1-8c451]:main():lattice-best-path.cc:99) For utterance f5_046, best cost 85.4371 + 475.89 = 561.327 over 354 frames.
f5_046 sil dh iy p r aa l ao r s k y ah s k ay z sil 
LOG (lattice-best-path[5.5.1126~1-8c451]:main():lattice-best-path.cc:99) For utterance f5_051, best cost 74.7134 + 572.251 = 646.965 over 393 frames.
f5_051 sil g r iy l iy p r ih sh iy t ah d sil 
LOG (lattice-best-path[5.5.1126~1-8c451]:main():lattice-best-path.cc:99) For utterance f5_056, best cost 144.611 + 557.008 = 701.619 over 446 frames.
f5_056 sil ae s t er z k ae sh ao r d ih ch k aa s t iy p r ih s ih ng k r iy s ah z sil 
LOG (lattice-best-path[5.5.1126~1-8c451]:main():lattice-best-path.cc:99) For utterance f5_061, best cost 134.075 + 436.581 = 570.656 over 377 frames.
f5_061 sil k l ih s t ih s p l ey l ih z m ih s p l iy s ah n dh iy s k r iy n sil 
LOG (lattice-best-path[5.5.1126~1-8c451]:main():lattice-best-path.cc:99) For utterance f5_066, best cost 38.9679 + 487.366 = 526.334 over 335 frames.
f5_066 sil f r iy l iy sil 
LOG (lattice-best-path[5.5.1126~1-8c451]:main():lattice-best-path.cc:99) For utterance f5_071, best cost 120.047 + 604.071 = 724.119 over 448 frames.
f5_071 sil k w aa p r ey sh ah n ah l aa ng l iy v iy t ih s p iy t sil 
LOG (lattice-best-path[5.5.1126~1-8c451]:main():lattice-best-path.cc:99) For utterance f5_076, best cost 29.5325 + 457.511 = 487.043 over 309 frames.
f5_076 sil sh er sil 
LOG (lattice-best-path[5.5.1126~1-8c451]:main():lattice-best-path.cc:99) For utterance f5_081, best cost 99.2163 + 515.884 = 615.101 over 373 frames.
f5_081 sil ae s k r ey p r iy z t ae k s w ey sh ah n sil 
LOG (lattice-best-path[5.5.1126~1-8c451]:main():lattice-best-path.cc:99) For utterance f5_086, best cost 65.0138 + 750.53 = 815.544 over 495 frames.
f5_086 sil r ao l hh ao l ah d ey z sil 
LOG (lattice-best-path[5.5.1126~1-8c451]:main():lattice-best-path.cc:99) For utterance f5_091, best cost 67.0027 + 472.061 = 539.063 over 318 frames.
f5_091 sil t ae n hh er hh ao l w iy sil 
LOG (lattice-best-path[5.5.1126~1-8c451]:main():lattice-best-path.cc:99) For utterance f5_096, best cost 52.4545 + 490.78 = 543.234 over 334 frames.
f5_096 sil ih sh ao k ae s t sil 
LOG (lattice-best-path[5.5.1126~1-8c451]:main():lattice-best-path.cc:99) For utterance f5_101, best cost 34.0066 + 478.651 = 512.657 over 302 frames.
f5_101 sil t ae n d sil 
LOG (lattice-best-path[5.5.1126~1-8c451]:main():lattice-best-path.cc:99) For utterance f5_106, best cost 21.7998 + 605.59 = 627.39 over 388 frames.
f5_106 sil iy sil 
LOG (lattice-best-path[5.5.1126~1-8c451]:main():lattice-best-path.cc:99) For utterance f5_111, best cost 97.9422 + 436.613 = 534.556 over 318 frames.
f5_111 sil ih sh l ah n t eh l ah jh ah n z ih z f er iy l sil 
LOG (lattice-best-path[5.5.1126~1-8c451]:main():lattice-best-path.cc:99) For utterance f5_116, best cost 17.5611 + 511.984 = 529.545 over 326 frames.
f5_116 sil sil 
LOG (lattice-best-path[5.5.1126~1-8c451]:main():lattice-best-path.cc:99) For utterance f5_121, best cost 30.1007 + 772.206 = 802.307 over 496 frames.
f5_121 sil z sil sil 
LOG (lattice-best-path[5.5.1126~1-8c451]:main():lattice-best-path.cc:99) For utterance f5_126, best cost 90.6583 + 647.636 = 738.295 over 451 frames.
f5_126 sil w ih ch l ah m aa r er f ih k ey sh ah n sil 
LOG (lattice-best-path[5.5.1126~1-8c451]:main():lattice-best-path.cc:99) For utterance f5_131, best cost 97.831 + 550.733 = 648.564 over 403 frames.
f5_131 sil m ay n s t r ah ch ah n z ah s k r ih sh eh l sil 
LOG (lattice-best-path[5.5.1126~1-8c451]:main():lattice-best-path.cc:99) For utterance f5_136, best cost 21.9298 + 553.953 = 575.883 over 370 frames.
f5_136 sil s sil 
LOG (lattice-best-path[5.5.1126~1-8c451]:main():lattice-best-path.cc:99) For utterance f5_141, best cost 25.9021 + 555.302 = 581.204 over 366 frames.
f5_141 sil er z sil 
LOG (lattice-best-path[5.5.1126~1-8c451]:main():lattice-best-path.cc:99) For utterance f5_146, best cost 35.8541 + 633.089 = 668.943 over 398 frames.
f5_146 sil hh er ao z sil 
LOG (lattice-best-path[5.5.1126~1-8c451]:main():lattice-best-path.cc:99) For utterance f5_151, best cost 55.4014 + 456.824 = 512.225 over 304 frames.
f5_151 sil aw n dh iy b ay y uw sil 
LOG (lattice-best-path[5.5.1126~1-8c451]:main():lattice-best-path.cc:99) For utterance f5_156, best cost 130.567 + 723.296 = 853.862 over 500 frames.
f5_156 sil w eh v er k w aa p n ae n s k ae m iy l w iy w ao r d ah d sil 
LOG (lattice-best-path[5.5.1126~1-8c451]:main():lattice-best-path.cc:99) For utterance f5_161, best cost 36.4263 + 628.076 = 664.502 over 443 frames.
f5_161 sil l er iy z sil 
LOG (lattice-best-path[5.5.1126~1-8c451]:main():lattice-best-path.cc:99) For utterance f5_166, best cost 67.1063 + 500.35 = 567.456 over 336 frames.
f5_166 sil k ae m ae l ao l w er z sil 
LOG (lattice-best-path[5.5.1126~1-8c451]:main():lattice-best-path.cc:99) For utterance f5_171, best cost 130.218 + 476.905 = 607.123 over 374 frames.
f5_171 sil ih s t r oy ah v er iy f ay l b r l ey d ah t uw m ay ah s sil 
LOG (lattice-best-path[5.5.1126~1-8c451]:main():lattice-best-path.cc:99) For utterance f5_176, best cost 85.9933 + 386.69 = 472.683 over 282 frames.
f5_176 sil dh iy ih n jh oy ow ah n ay ae n t ih sh ah n sil 
LOG (lattice-best-path[5.5.1126~1-8c451]:main():lattice-best-path.cc:99) For utterance f5_181, best cost 55.4096 + 723.869 = 779.278 over 465 frames.
f5_181 sil iy s t ih z iy z ah z sil 
LOG (lattice-best-path[5.5.1126~1-8c451]:main():lattice-best-path.cc:99) For utterance f5_186, best cost 25.637 + 563.681 = 589.318 over 352 frames.
f5_186 sil n z sil 
LOG (lattice-best-path[5.5.1126~1-8c451]:main():lattice-best-path.cc:99) For utterance f5_191, best cost 95.1854 + 563.516 = 658.701 over 383 frames.
f5_191 sil m ay k ah l k ah l ah m ao l ih k r ah n z sil 
LOG (lattice-best-path[5.5.1126~1-8c451]:main():lattice-best-path.cc:99) For utterance f5_196, best cost 95.2075 + 601.799 = 697.006 over 428 frames.
f5_196 sil dh iy s er f er f er m ah n ah v ae k sh ah n sil 
LOG (lattice-best-path[5.5.1126~1-8c451]:main():lattice-best-path.cc:99) For utterance f5_201, best cost 101.132 + 584.07 = 685.202 over 415 frames.
f5_201 sil k ao r ey t ae k dh iy p r aa jh ih n ey sh ah n sil 
LOG (lattice-best-path[5.5.1126~1-8c451]:main():lattice-best-path.cc:99) For utterance f5_206, best cost 40.6044 + 665.121 = 705.726 over 417 frames.
f5_206 sil sil aa m ah sil 
LOG (lattice-best-path[5.5.1126~1-8c451]:main():lattice-best-path.cc:99) For utterance f5_211, best cost 92.2744 + 470.286 = 562.561 over 329 frames.
f5_211 sil hh ay oy n f r iy l iy m iy n s ih ng ih ng sil 
LOG (lattice-best-path[5.5.1126~1-8c451]:main():lattice-best-path.cc:99) For utterance f5_216, best cost 42.3218 + 592.487 = 634.808 over 379 frames.
f5_216 sil dh iy p ey sh ah n sil 
LOG (lattice-best-path[5.5.1126~1-8c451]:main():lattice-best-path.cc:99) For utterance f5_221, best cost 116.236 + 452.975 = 569.211 over 339 frames.
f5_221 sil hh aw t iy n sh ah n z ih z ih s ah b oy ah s k ah l iy d er sil 
LOG (lattice-best-path[5.5.1126~1-8c451]:main():lattice-best-path.cc:99) For utterance f5_226, best cost 55.4826 + 549.237 = 604.719 over 364 frames.
f5_226 sil dh iy k ao r jh ah s p er sil 
LOG (lattice-best-path[5.5.1126~1-8c451]:main():lattice-best-path.cc:99) For utterance f5_231, best cost 99.4666 + 400.557 = 500.023 over 302 frames.
f5_231 sil iy r ow p ah n t eh v er iy m ah n iy g n ih ng sil 
LOG (lattice-best-path[5.5.1126~1-8c451]:main():lattice-best-path.cc:99) For utterance f5_236, best cost 70.3825 + 528.173 = 598.555 over 356 frames.
f5_236 sil hh ow l iy eh l ah jh eh s ih ng sil 
LOG (lattice-best-path[5.5.1126~1-8c451]:main():lattice-best-path.cc:99) For utterance f5_241, best cost 63.6697 + 592.215 = 655.884 over 406 frames.
f5_241 sil dh iy jh ao p r ey ah l z sil 
LOG (lattice-best-path[5.5.1126~1-8c451]:main():lattice-best-path.cc:99) For utterance f5_246, best cost 55.718 + 506.985 = 562.703 over 340 frames.
f5_246 sil dh ae ng g r iy b oy sil 
LOG (lattice-best-path[5.5.1126~1-8c451]:main():lattice-best-path.cc:99) For utterance f5_251, best cost 115.151 + 720.005 = 835.156 over 520 frames.
f5_251 sil t er f r ah s iy sh iy k ey ow l iy jh er n ah l sil 
LOG (lattice-best-path[5.5.1126~1-8c451]:main():lattice-best-path.cc:99) For utterance f5_256, best cost 60.7588 + 648.415 = 709.174 over 433 frames.
f5_256 sil ao r m ih z ey sh ah l sil 
LOG (lattice-best-path[5.5.1126~1-8c451]:main():lattice-best-path.cc:99) For utterance f5_261, best cost 79.5086 + 576.61 = 656.118 over 410 frames.
f5_261 sil l aa sh ah z er b eh r y ah l sil 
LOG (lattice-best-path[5.5.1126~1-8c451]:main():lattice-best-path.cc:99) For utterance f5_266, best cost 75.9581 + 450.092 = 526.05 over 333 frames.
f5_266 sil sh ah d r ae n s w ao l z uw z sil 
LOG (lattice-best-path[5.5.1126~1-8c451]:main():lattice-best-path.cc:99) For utterance f5_271, best cost 59.2953 + 459.806 = 519.102 over 314 frames.
f5_271 sil ch ey n sh iy p l iy sil 
LOG (lattice-best-path[5.5.1126~1-8c451]:main():lattice-best-path.cc:99) For utterance f5_276, best cost 54.8266 + 478.412 = 533.239 over 321 frames.
f5_276 sil iy w eh n er ah l z sil 
LOG (lattice-best-path[5.5.1126~1-8c451]:main():lattice-best-path.cc:99) For utterance f5_281, best cost 73.7349 + 888.438 = 962.173 over 565 frames.
f5_281 sil ng w ah n f ao r m ey sil sil 
LOG (lattice-best-path[5.5.1126~1-8c451]:main():lattice-best-path.cc:99) For utterance f5_286, best cost 59.9978 + 445.057 = 505.055 over 319 frames.
f5_286 sil ch iy s ah s k ae l iy sil 
LOG (lattice-best-path[5.5.1126~1-8c451]:main():lattice-best-path.cc:99) For utterance f5_291, best cost 17.7736 + 569.089 = 586.863 over 368 frames.
f5_291 sil sil 
LOG (lattice-best-path[5.5.1126~1-8c451]:main():lattice-best-path.cc:99) For utterance f5_296, best cost 53.6207 + 913.758 = 967.378 over 575 frames.
f5_296 sil n dh iy b ay l ah s sil 
LOG (lattice-best-path[5.5.1126~1-8c451]:main():lattice-best-path.cc:99) For utterance f5_301, best cost 81.3524 + 634.41 = 715.763 over 425 frames.
f5_301 sil t aa t p l iy z t aa p r eh r d sil 
LOG (lattice-best-path[5.5.1126~1-8c451]:main():lattice-best-path.cc:99) For utterance f5_306, best cost 72.3286 + 655.114 = 727.442 over 433 frames.
f5_306 sil aa n r aa n f r ah m ay l z sil 
LOG (lattice-best-path[5.5.1126~1-8c451]:main():lattice-best-path.cc:99) For utterance f5_311, best cost 63.3536 + 702.31 = 765.664 over 458 frames.
f5_311 sil dh iy f r ah n ch ae l d er sil 
LOG (lattice-best-path[5.5.1126~1-8c451]:main():lattice-best-path.cc:99) For utterance f5_316, best cost 129.134 + 639.985 = 769.119 over 457 frames.
f5_316 sil dh iy p r iy s k ah l ih f er b ay s er f y ah l ih ng ih sh ah n z sil 
LOG (lattice-best-path[5.5.1126~1-8c451]:main():lattice-best-path.cc:99) For utterance f5_321, best cost 121.559 + 512.634 = 634.193 over 377 frames.
f5_321 sil ah l er w ao z ah p oy n t uw t ae k s k y uw hh er w ah l sil 
LOG (lattice-best-path[5.5.1126~1-8c451]:main():lattice-best-path.cc:99) For utterance f5_326, best cost 170.715 + 571.428 = 742.143 over 481 frames.
f5_326 sil dh iy s ih s t ah m ey b r iy k k aw n s ih n s ih s ey d er f ay l z f r iy k ah l iy sil 
LOG (lattice-best-path[5.5.1126~1-8c451]:main():lattice-best-path.cc:99) For utterance f5_331, best cost 39.7017 + 747.252 = 786.954 over 487 frames.
f5_331 sil r iy aw er z sil 
LOG (lattice-best-path[5.5.1126~1-8c451]:main():lattice-best-path.cc:99) For utterance f5_336, best cost 123.557 + 565.298 = 688.855 over 396 frames.
f5_336 sil dh ae n oy s p aa g r ih z m w ao r n oy n iy ch t iy sil 
LOG (lattice-best-path[5.5.1126~1-8c451]:main():lattice-best-path.cc:99) For utterance f5_341, best cost 74.8133 + 625.641 = 700.454 over 420 frames.
f5_341 sil dh iy m ah n ah n eh v er dh iy k ah n sil 
LOG (lattice-best-path[5.5.1126~1-8c451]:main():lattice-best-path.cc:99) For utterance f5_346, best cost 70.6057 + 517.875 = 588.481 over 360 frames.
f5_346 sil m ah n iy n y iy ch iy er sil 
LOG (lattice-best-path[5.5.1126~1-8c451]:main():lattice-best-path.cc:99) For utterance f5_351, best cost 28.6085 + 510.553 = 539.161 over 341 frames.
f5_351 sil dh ae n sil 
LOG (lattice-best-path[5.5.1126~1-8c451]:main():lattice-best-path.cc:99) For utterance f5_361, best cost 112.148 + 492.732 = 604.88 over 372 frames.
f5_361 sil z sh iy l ah t uw s iy m uw v iy z t ay s ah l iy sil 
LOG (lattice-best-path[5.5.1126~1-8c451]:main():lattice-best-path.cc:99) For utterance f5_366, best cost 68.7239 + 591.2 = 659.924 over 405 frames.
f5_366 sil l iy s k r ih l aa s ah z sil 
LOG (lattice-best-path[5.5.1126~1-8c451]:main():lattice-best-path.cc:99) For utterance f5_371, best cost 38.488 + 635.421 = 673.909 over 396 frames.
f5_371 sil ch ey n jh sil 
LOG (lattice-best-path[5.5.1126~1-8c451]:main():lattice-best-path.cc:99) For utterance f5_376, best cost 40.2523 + 556.437 = 596.689 over 351 frames.
f5_376 sil m ah n d ih l sil 
LOG (lattice-best-path[5.5.1126~1-8c451]:main():lattice-best-path.cc:99) For utterance f5_381, best cost 128.642 + 606.541 = 735.183 over 463 frames.
f5_381 sil k r iy s ih ng ih ch ey n b iy sh er dh iy w aa sh d er l iy sil 
LOG (lattice-best-path[5.5.1126~1-8c451]:main():lattice-best-path.cc:99) For utterance f5_386, best cost 69.9978 + 594.15 = 664.148 over 421 frames.
f5_386 sil ah k r ae k s t ae b ae m sil 
LOG (lattice-best-path[5.5.1126~1-8c451]:main():lattice-best-path.cc:99) For utterance f5_391, best cost 71.648 + 450.227 = 521.875 over 321 frames.
f5_391 sil t s ae b sh er l iy v n sil 
LOG (lattice-best-path[5.5.1126~1-8c451]:main():lattice-best-path.cc:99) For utterance f5_396, best cost 100.382 + 709.475 = 809.857 over 518 frames.
f5_396 sil b er ay t iy s ao r n eh v er ch ey n jh ah z sil 
LOG (lattice-best-path[5.5.1126~1-8c451]:main():lattice-best-path.cc:99) For utterance f5_401, best cost 119.488 + 542.513 = 662.001 over 394 frames.
f5_401 sil ah l aa r jh er k l ae t s ao l z dh iy p r aa b ow m sil 
LOG (lattice-best-path[5.5.1126~1-8c451]:main():lattice-best-path.cc:99) For utterance f5_406, best cost 152.293 + 695.295 = 847.588 over 512 frames.
f5_406 sil eh l m f ao r s ih z n ih l iy ow v er w ao ng b ay t ae ch ah m z iy z sil 
LOG (lattice-best-path[5.5.1126~1-8c451]:main():lattice-best-path.cc:99) For utterance f5_411, best cost 37.8028 + 677.467 = 715.27 over 433 frames.
f5_411 sil sil l iy sil 
LOG (lattice-best-path[5.5.1126~1-8c451]:main():lattice-best-path.cc:99) For utterance f5_416, best cost 21.4933 + 565.753 = 587.246 over 339 frames.
f5_416 sil d sil 
LOG (lattice-best-path[5.5.1126~1-8c451]:main():lattice-best-path.cc:99) For utterance f5_421, best cost 45.1651 + 501.131 = 546.296 over 332 frames.
f5_421 sil k ah l ah f ah l sil 
LOG (lattice-best-path[5.5.1126~1-8c451]:main():lattice-best-path.cc:99) For utterance f5_431, best cost 27.37 + 687.344 = 714.714 over 427 frames.
f5_431 sil er z sil 
LOG (lattice-best-path[5.5.1126~1-8c451]:main():lattice-best-path.cc:99) For utterance f5_436, best cost 59.8979 + 613.716 = 673.614 over 405 frames.
f5_436 sil sil ey f r iy k ah ng sil 
LOG (lattice-best-path[5.5.1126~1-8c451]:main():lattice-best-path.cc:99) For utterance f5_441, best cost 98.6817 + 439.788 = 538.47 over 325 frames.
f5_441 sil r aa k ah m ah m iy z ih k ae z ah g r iy ah m sil 
LOG (lattice-best-path[5.5.1126~1-8c451]:main():lattice-best-path.cc:99) For utterance f5_446, best cost 120.471 + 537.441 = 657.912 over 398 frames.
f5_446 sil dh iy s p iy s ah m p ow z iy m ay b iy g ae n ah m ah n d iy sil 
LOG (lattice-best-path[5.5.1126~1-8c451]:main():lattice-best-path.cc:99) For utterance f5_451, best cost 94.6871 + 757.506 = 852.194 over 533 frames.
f5_451 sil sil n s ih m ah n iy f r uw r ah l ih ng sil 
LOG (lattice-best-path[5.5.1126~1-8c451]:main():lattice-best-path.cc:99) For utterance f5_456, best cost 89.7937 + 620.186 = 709.98 over 434 frames.
f5_456 sil ah l aa n ah t uw aa t ah s k aa r d n sil 
LOG (lattice-best-path[5.5.1126~1-8c451]:main():lattice-best-path.cc:99) For utterance m1_001, best cost 73.7067 + 312.357 = 386.063 over 200 frames.
m1_001 sil ih s w ao z iy z iy f er ae s sil 
LOG (lattice-best-path[5.5.1126~1-8c451]:main():lattice-best-path.cc:99) For utterance m1_006, best cost 110.796 + 595.336 = 706.132 over 381 frames.
m1_006 sil l ay y eh l ao r iy ow v er s ah l iy ay d ah m z 
LOG (lattice-best-path[5.5.1126~1-8c451]:main():lattice-best-path.cc:99) For utterance m1_011, best cost 90.8297 + 536.255 = 627.085 over 308 frames.
m1_011 sil s ah n y uh r ah m ah s hh ay jh ah t ae n sil 
LOG (lattice-best-path[5.5.1126~1-8c451]:main():lattice-best-path.cc:99) For utterance m1_016, best cost 110.117 + 581.581 = 691.698 over 374 frames.
m1_016 sil ae l ah m ow n iy hh ay m z ah m ae n s w eh l f sil 
LOG (lattice-best-path[5.5.1126~1-8c451]:main():lattice-best-path.cc:99) For utterance m1_021, best cost 98.9591 + 542.804 = 641.763 over 323 frames.
m1_021 sil ah l ih l eh r s l ah m ih l iy ah m eh r z 
LOG (lattice-best-path[5.5.1126~1-8c451]:main():lattice-best-path.cc:99) For utterance m1_026, best cost 100.109 + 525.354 = 625.464 over 326 frames.
m1_026 sil d ow ch uw ch aa r l iy z t er iy d ih sh ah z 
LOG (lattice-best-path[5.5.1126~1-8c451]:main():lattice-best-path.cc:99) For utterance m1_031, best cost 134.517 + 649.213 = 783.729 over 415 frames.
m1_031 sil aa r ow l b r ih z w ih z ah g r eh jh oy ih sh ah p r ih z ah n 
LOG (lattice-best-path[5.5.1126~1-8c451]:main():lattice-best-path.cc:99) For utterance m1_036, best cost 130.598 + 585.401 = 715.999 over 379 frames.
m1_036 sil dh ae s k ah p ow l k ah n b iy ah n er t ae n ih ng k s ao r t sil 
LOG (lattice-best-path[5.5.1126~1-8c451]:main():lattice-best-path.cc:99) For utterance m1_041, best cost 134.088 + 587.998 = 722.086 over 398 frames.
m1_041 sil dh ae m ah d eh k s t r s t ih k p aa p ah t uw k aa p ih sh ao r sil 
LOG (lattice-best-path[5.5.1126~1-8c451]:main():lattice-best-path.cc:99) For utterance m1_046, best cost 124.31 + 656.352 = 780.662 over 421 frames.
m1_046 sil dh iy p r ao l ao r s k iy m ae s k f ao r d s d ay z sil 
LOG (lattice-best-path[5.5.1126~1-8c451]:main():lattice-best-path.cc:99) For utterance m1_051, best cost 142.577 + 687.622 = 830.199 over 421 frames.
m1_051 sil ih n iy k ah k r iy sh ah n ah b ah b iy g r ey t l iy p r ih sh ey d 
LOG (lattice-best-path[5.5.1126~1-8c451]:main():lattice-best-path.cc:99) For utterance m1_056, best cost 158.526 + 746.454 = 904.98 over 496 frames.
m1_056 sil l ae sh er z k ae sh sh er jh k aa z s t iy p r ay s ih ng k r iy s ah z sil 
LOG (lattice-best-path[5.5.1126~1-8c451]:main():lattice-best-path.cc:99) For utterance m1_061, best cost 146.183 + 598.598 = 744.781 over 422 frames.
m1_061 sil k l ih s t ih s p l ay iy w ao z m ih z p l ey s t ah m ah s k r iy n sil 
LOG (lattice-best-path[5.5.1126~1-8c451]:main():lattice-best-path.cc:99) For utterance m1_066, best cost 124.215 + 579.789 = 704.003 over 365 frames.
m1_066 sil b aa p er z p er s k r ay b d r k s t uw f r iy l iy sil 
LOG (lattice-best-path[5.5.1126~1-8c451]:main():lattice-best-path.cc:99) For utterance m1_071, best cost 184.908 + 847.339 = 1032.25 over 544 frames.
m1_071 sil k w aa p er ey sh ah n ah l aa ng w ih th er s t ae n ih ng ih l iy v iy ey p ih s p y uw d 
LOG (lattice-best-path[5.5.1126~1-8c451]:main():lattice-best-path.cc:99) For utterance m1_076, best cost 98.9669 + 560.063 = 659.03 over 355 frames.
m1_076 sil dh iy f ih ng t er z ah f ey m ah s k ah l ch er sil 
LOG (lattice-best-path[5.5.1126~1-8c451]:main():lattice-best-path.cc:99) For utterance m1_081, best cost 149.769 + 608.54 = 758.309 over 397 frames.
m1_081 m eh s t er r ey p aa r iy z t ae k s w aa n z ah m eh jh ah n ih sh ah n sil 
LOG (lattice-best-path[5.5.1126~1-8c451]:main():lattice-best-path.cc:99) For utterance m1_086, best cost 192.491 + 859.401 = 1051.89 over 555 frames.
m1_086 sil k ih n er m ch ow p ah n t eh k er ey p er k l ae f r ah m z f er ao l hh ao l ah d ey z sil 
LOG (lattice-best-path[5.5.1126~1-8c451]:main():lattice-best-path.cc:99) For utterance m1_091, best cost 123.881 + 624.405 = 748.286 over 365 frames.
m1_091 sil ah k y uw jh t ae t s t r iy hh aa n ah n hh er hh aa l w ey 
LOG (lattice-best-path[5.5.1126~1-8c451]:main():lattice-best-path.cc:99) For utterance m1_096, best cost 114.101 + 592.578 = 706.679 over 359 frames.
m1_096 sil ih s ah v ah n t ah p aa r ch er sh aa p dh iy k ae s t sil 
LOG (lattice-best-path[5.5.1126~1-8c451]:main():lattice-best-path.cc:99) For utterance m1_101, best cost 100.382 + 502.67 = 603.052 over 310 frames.
m1_101 sil k aa s p ah s k r uw ih n er l ae f t ae n sil 
LOG (lattice-best-path[5.5.1126~1-8c451]:main():lattice-best-path.cc:99) For utterance m1_106, best cost 149.816 + 688.221 = 838.037 over 432 frames.
m1_106 sil t r ah s p ae s ih ng ih z f r b ah n ah n s ah jh eh k t uw p eh n ah l iy sil 
LOG (lattice-best-path[5.5.1126~1-8c451]:main():lattice-best-path.cc:99) For utterance m1_111, best cost 120.34 + 512.722 = 633.062 over 358 frames.
m1_111 sil aa r f ih sh ah l ah n t eh l ah jh ah n s ih z f er r iy l sil 
LOG (lattice-best-path[5.5.1126~1-8c451]:main():lattice-best-path.cc:99) For utterance m1_116, best cost 98.9831 + 569.138 = 668.121 over 369 frames.
m1_116 sil w iy p l ae n t uw b ih l ih n uw b eh v er sil 
LOG (lattice-best-path[5.5.1126~1-8c451]:main():lattice-best-path.cc:99) For utterance m1_121, best cost 154.808 + 909.997 = 1064.81 over 552 frames.
m1_121 sil s ay n t ih f r iy p r r ah s k ah m f r w ih d ih v eh l m ah n iy k s sil 
LOG (lattice-best-path[5.5.1126~1-8c451]:main():lattice-best-path.cc:99) For utterance m1_126, best cost 165.595 + 670.729 = 836.324 over 458 frames.
m1_126 sil w ih ch l aa n ao r d ih k ah l w ao z ah p ey k ih n iy v k l er f k ey sh ah n sil 
LOG (lattice-best-path[5.5.1126~1-8c451]:main():lattice-best-path.cc:99) For utterance m1_131, best cost 145.163 + 712.326 = 857.488 over 438 frames.
m1_131 sil k er k ah k s ih k ih sh ah n ah m ay n jh p ah sh ah n z k r jh ah l sil 
LOG (lattice-best-path[5.5.1126~1-8c451]:main():lattice-best-path.cc:99) For utterance m1_136, best cost 126.133 + 532.604 = 658.736 over 373 frames.
m1_136 sil m s t iy d ow z ih g z ih s t ih n w er k l ay m ah s sil 
LOG (lattice-best-path[5.5.1126~1-8c451]:main():lattice-best-path.cc:99) For utterance m1_141, best cost 124.945 + 633.339 = 758.284 over 385 frames.
m1_141 sil r uw v ih s p l ah n t er w ih f ah p eh r ah p r iy z er z sil 
LOG (lattice-best-path[5.5.1126~1-8c451]:main():lattice-best-path.cc:99) For utterance m1_146, best cost 112.863 + 818.086 = 930.948 over 474 frames.
m1_146 sil hh er w aa b er hh er er m ay ao t ah m l iy t s sil 
LOG (lattice-best-path[5.5.1126~1-8c451]:main():lattice-best-path.cc:99) For utterance m1_151, best cost 75.8689 + 537.636 = 613.505 over 332 frames.
m1_151 sil dh iy k ay ae k ah m b ay y uw 
LOG (lattice-best-path[5.5.1126~1-8c451]:main():lattice-best-path.cc:99) For utterance m1_156, best cost 170.842 + 780.75 = 951.592 over 528 frames.
m1_156 sil w eh v er k w aa p er t uw n f ay n iy n ae n s k ae m iy ow b iy w ao r d ah d 
LOG (lattice-best-path[5.5.1126~1-8c451]:main():lattice-best-path.cc:99) For utterance m1_161, best cost 158.404 + 719.017 = 877.421 over 477 frames.
m1_161 sil dh iy k ah b eh r l iy s iy v ih f y uw ao r jh f r dh iy s ah n ah l f l er iy z sil 
LOG (lattice-best-path[5.5.1126~1-8c451]:main():lattice-best-path.cc:99) For utterance m1_166, best cost 93.2328 + 605.035 = 698.268 over 380 frames.
m1_166 sil dh iy k ae n iy ae l w er m ay iy er z 
LOG (lattice-best-path[5.5.1126~1-8c451]:main():lattice-best-path.cc:99) For utterance m1_171, best cost 135.438 + 621.639 = 757.077 over 411 frames.
m1_171 sil ih sh ao r iy eh v er iy f ay l r l iy d ah t uw m ay ao t ah s sil 
LOG (lattice-best-path[5.5.1126~1-8c451]:main():lattice-best-path.cc:99) For utterance m1_176, best cost 70.5032 + 588.985 = 659.488 over 331 frames.
m1_176 sil ey jh oy ah l er jh ih sh ah n sil 
LOG (lattice-best-path[5.5.1126~1-8c451]:main():lattice-best-path.cc:99) For utterance m1_181, best cost 191.3 + 729.76 = 921.06 over 502 frames.
m1_181 sil y ah ng ch ih l d ah n t uw f ao r d ih k s p ow sh er t uw k ah n t ey jh ih z d ih z iy z ah z sil 
LOG (lattice-best-path[5.5.1126~1-8c451]:main():lattice-best-path.cc:99) For utterance m1_186, best cost 124.551 + 634.972 = 759.522 over 402 frames.
m1_186 sil iy v ah n ay ah k ey sh ah n ah l iy ah m ah n d ey b l uw z 
LOG (lattice-best-path[5.5.1126~1-8c451]:main():lattice-best-path.cc:99) For utterance m1_191, best cost 125.569 + 658.311 = 783.88 over 418 frames.
m1_191 sil m ay k ow k aa l er dh iy b ah b er w ao l f p er aw n z 
LOG (lattice-best-path[5.5.1126~1-8c451]:main():lattice-best-path.cc:99) For utterance m1_196, best cost 155.553 + 743.705 = 899.257 over 488 frames.
m1_196 sil dh iy s er m ah n ah f ah s ay z th ih n iy f er f er m ah d ih v ae k sh ah n sil 
LOG (lattice-best-path[5.5.1126~1-8c451]:main():lattice-best-path.cc:99) For utterance m1_201, best cost 122.476 + 721.627 = 844.103 over 453 frames.
m1_201 sil k ao r iy ah t ae k ah p r aa jh eh k w ih th er m ey sh ah n sil 
LOG (lattice-best-path[5.5.1126~1-8c451]:main():lattice-best-path.cc:99) For utterance m1_206, best cost 155.034 + 611.055 = 766.089 over 414 frames.
m1_206 sil s t ae v eh r l iy hh ae n d ah l dh iy s ay k ah l aa jh ih k ah l t r aa m ah 
LOG (lattice-best-path[5.5.1126~1-8c451]:main():lattice-best-path.cc:99) For utterance m1_211, best cost 114.515 + 647.72 = 762.235 over 398 frames.
m1_211 sil ay er w ey ae n f r iy w ey n iy n dh iy s ih ng f ih ng sil 
LOG (lattice-best-path[5.5.1126~1-8c451]:main():lattice-best-path.cc:99) For utterance m1_216, best cost 137.244 + 648.244 = 785.488 over 430 frames.
m1_216 sil z aa ch er w ao z ih n dh iy ae m y ah l ah n s ah t dh iy p ey sh ah n z 
LOG (lattice-best-path[5.5.1126~1-8c451]:main():lattice-best-path.cc:99) For utterance m1_221, best cost 119.542 + 570.712 = 690.254 over 367 frames.
m1_221 sil hh aw w ey n sh ah n z dh iy s ah b oy ah s k ah l ey t er sil 
LOG (lattice-best-path[5.5.1126~1-8c451]:main():lattice-best-path.cc:99) For utterance m1_226, best cost 115.612 + 605.05 = 720.662 over 388 frames.
m1_226 sil dh iy k ao r jh ih z b er f ah l ey t ah l ow v n ah ch er sil 
LOG (lattice-best-path[5.5.1126~1-8c451]:main():lattice-best-path.cc:99) For utterance m1_236, best cost 113.184 + 536.746 = 649.929 over 355 frames.
m1_236 sil hh aw w oy l iy d iy l ih k ih s eh l ah jh er s ih ng 
LOG (lattice-best-path[5.5.1126~1-8c451]:main():lattice-best-path.cc:99) For utterance m1_241, best cost 162.379 + 624.139 = 786.518 over 452 frames.
m1_241 sil dh iy jh aa b er ey t s p ay y uw z ih ng ih n t eh k ah n ih s t ih k aa s ah l z 
LOG (lattice-best-path[5.5.1126~1-8c451]:main():lattice-best-path.cc:99) For utterance m1_246, best cost 91.1523 + 692.963 = 784.115 over 395 frames.
m1_246 sil dh iy ih ng r iy b oy iy ae n t er g ow p 
LOG (lattice-best-path[5.5.1126~1-8c451]:main():lattice-best-path.cc:99) For utterance m1_251, best cost 198.723 + 829.257 = 1027.98 over 561 frames.
m1_251 sil jh ih f er th er d ih z p er s t iy sh iy k ey sh ah n l iy r iy z dh iy w ao l s t r iy jh er n ah l sil 
LOG (lattice-best-path[5.5.1126~1-8c451]:main():lattice-best-path.cc:99) For utterance m1_256, best cost 161.277 + 707.969 = 869.246 over 461 frames.
m1_256 sil p ay m z p eh r ao r ih n ah z ey sh ah n z p er m ow p b er f ih n t r l sil 
LOG (lattice-best-path[5.5.1126~1-8c451]:main():lattice-best-path.cc:99) For utterance m1_261, best cost 152.074 + 685.524 = 837.598 over 450 frames.
m1_261 sil w ih k ah p er v k ah l aa sh ah z aa r f er y uw s ah l ah n s iy aw t ah l sil 
LOG (lattice-best-path[5.5.1126~1-8c451]:main():lattice-best-path.cc:99) For utterance m1_266, best cost 110.222 + 632.279 = 742.501 over 395 frames.
m1_266 sil sh uh d jh er ae s p iy k ae n s m l z uw z 
LOG (lattice-best-path[5.5.1126~1-8c451]:main():lattice-best-path.cc:99) For utterance m1_271, best cost 111.885 + 478.291 = 590.176 over 320 frames.
m1_271 sil ah m iy d ih s ch ey n sh sh ey k k aa t s ah l iy sil 
LOG (lattice-best-path[5.5.1126~1-8c451]:main():lattice-best-path.cc:99) For utterance m1_276, best cost 104.771 + 486.461 = 591.232 over 322 frames.
m1_276 sil ch ow z ah n f y uw w ih k aw n jh ah n er l z 
LOG (lattice-best-path[5.5.1126~1-8c451]:main():lattice-best-path.cc:99) For utterance m1_281, best cost 199.756 + 872.016 = 1071.77 over 591 frames.
m1_281 sil m ay d ih s ay er z ah s ah m p ah l iy w aa n ah n f ao r m ah t ah v p er r ae f aa n dh iy s ah b sil 
LOG (lattice-best-path[5.5.1126~1-8c451]:main():lattice-best-path.cc:99) For utterance m1_286, best cost 121.474 + 528.233 = 649.708 over 359 frames.
m1_286 sil dh ae t d aa ch ey s ih s k ae t s m er s ah l ah s l iy sil 
LOG (lattice-best-path[5.5.1126~1-8c451]:main():lattice-best-path.cc:99) For utterance m1_291, best cost 123.688 + 635.53 = 759.219 over 403 frames.
m1_291 sil l eh dh er hh ae n d ey t uw b iy ah s uw b ah l p ih f sil 
LOG (lattice-best-path[5.5.1126~1-8c451]:main():lattice-best-path.cc:99) For utterance m1_296, best cost 183.735 + 876.74 = 1060.48 over 592 frames.
m1_296 sil ae l r s iy t uw jh oy d ah p oy n d ah n dh iy b ay eh l ah jh iy ah n ah n jh ah n ih r iy s sil 
LOG (lattice-best-path[5.5.1126~1-8c451]:main():lattice-best-path.cc:99) For utterance m1_301, best cost 163.501 + 714.376 = 877.877 over 494 frames.
m1_301 sil t aa b p l ey z t aa p r ay ao r d iy ah n d ih t ih ng ih z b ay k f ih k s sil 
LOG (lattice-best-path[5.5.1126~1-8c451]:main():lattice-best-path.cc:99) For utterance m1_306, best cost 138.787 + 618.715 = 757.502 over 416 frames.
m1_306 sil jh aa r m er k iy l ih g uw n b aa n r aa n f r ah m ay l z 
LOG (lattice-best-path[5.5.1126~1-8c451]:main():lattice-best-path.cc:99) For utterance m1_311, best cost 119.503 + 906.612 = 1026.11 over 539 frames.
m1_311 sil dh iy f r ah n ch ay l p l ih ch ah n s ih jh uw b ay er sil 
LOG (lattice-best-path[5.5.1126~1-8c451]:main():lattice-best-path.cc:99) For utterance m1_316, best cost 219.705 + 919.437 = 1139.14 over 631 frames.
m1_316 sil dh iy p r iy s k ah l uh k ah n p er b ah l ay s er f y ah l ah n d ah b aa th iy m er jh ah n s iy k ah n d ih sh ah n z sil 
LOG (lattice-best-path[5.5.1126~1-8c451]:main():lattice-best-path.cc:99) For utterance m1_321, best cost 126.142 + 613.32 = 739.463 over 412 frames.
m1_321 sil ah l er w ao z ah p oy n t ah t ae k s ih k y uw hh er w ih l 
LOG (lattice-best-path[5.5.1126~1-8c451]:main():lattice-best-path.cc:99) For utterance m1_326, best cost 177.159 + 754.689 = 931.847 over 542 frames.
m1_326 sil dh iy s ih s t ah m ey b r ey p aw n s uw n s ah s ey t er f ay l z f r iy k ah b l iy sil 
LOG (lattice-best-path[5.5.1126~1-8c451]:main():lattice-best-path.cc:99) For utterance m1_331, best cost 152.746 + 862.293 = 1015.04 over 556 frames.
m1_331 sil dh iy g ah m ah n k ae k ao r m er d ah k ah m p ao r f er f r iy aw er z 
LOG (lattice-best-path[5.5.1126~1-8c451]:main():lattice-best-path.cc:99) For utterance m1_336, best cost 152.803 + 713.734 = 866.537 over 475 frames.
m1_336 sil dh ae n oy z p r aa g ow z d r ow z m ao r n oy ih ng iy jh d ey 
LOG (lattice-best-path[5.5.1126~1-8c451]:main():lattice-best-path.cc:99) For utterance m1_341, best cost 156.669 + 696.551 = 853.22 over 455 frames.
m1_341 sil w ih m ih m ey n eh v er d b iy k ah m k ah m p l iy t iy k ah l t uw m ae n sil 
LOG (lattice-best-path[5.5.1126~1-8c451]:main():lattice-best-path.cc:99) For utterance m1_346, best cost 104.439 + 519.709 = 624.148 over 346 frames.
m1_346 sil w iy w uh k ah m ah n iy n z d ah n s iy ch iy er sil 
LOG (lattice-best-path[5.5.1126~1-8c451]:main():lattice-best-path.cc:99) For utterance m1_351, best cost 114.701 + 585.935 = 700.636 over 372 frames.
m1_351 sil w ih jh ch er jh d uw dh iy s m ih s w er sh ah p ah n sil 
LOG (lattice-best-path[5.5.1126~1-8c451]:main():lattice-best-path.cc:99) For utterance m1_356, best cost 98.894 + 517.311 = 616.205 over 338 frames.
m1_356 ey ao l ay k ah l ao ng hh aa ch sh aw er z sil 
LOG (lattice-best-path[5.5.1126~1-8c451]:main():lattice-best-path.cc:99) For utterance m1_361, best cost 135.448 + 561.633 = 697.081 over 383 frames.
m1_361 sil t ih n t ey z sh iy l ih th ih s iy m uw v iy z t oy s ah b iy sil 
LOG (lattice-best-path[5.5.1126~1-8c451]:main():lattice-best-path.cc:99) For utterance m1_366, best cost 151.583 + 650.341 = 801.924 over 444 frames.
m1_366 sil hh er w ao r jh er ah n s ih s ah v ow l l iy s k er t ah m b aa t s ah z sil 
LOG (lattice-best-path[5.5.1126~1-8c451]:main():lattice-best-path.cc:99) For utterance m1_371, best cost 130.563 + 630.925 = 761.487 over 409 frames.
m1_371 sil r ay dh iy s ah g w ey b ae k ae f ah n t ah n ah v ch ey n sh 
LOG (lattice-best-path[5.5.1126~1-8c451]:main():lattice-best-path.cc:99) For utterance m1_376, best cost 120.569 + 665.665 = 786.234 over 432 frames.
m1_376 sil uw dh iy g aa r b ah jh dh iy er dh iy l aa r jh ah n d ow sil 
LOG (lattice-best-path[5.5.1126~1-8c451]:main():lattice-best-path.cc:99) For utterance m1_381, best cost 172.828 + 743.067 = 915.895 over 508 frames.
m1_381 sil w ah n t uw f ah n ih sh k r iy s ih ng er ch ey n b iy sh er t uw w ao sh s er l iy sil 
LOG (lattice-best-path[5.5.1126~1-8c451]:main():lattice-best-path.cc:99) For utterance m1_386, best cost 162.564 + 720.557 = 883.121 over 461 frames.
m1_386 sil ah k r ae ch aw n jh m iy b ah k w ih k s t ae b f ae ng k w ih sh ae m sil 
LOG (lattice-best-path[5.5.1126~1-8c451]:main():lattice-best-path.cc:99) For utterance m1_391, best cost 120.851 + 615.716 = 736.567 over 386 frames.
m1_391 sil iy ch t ae d sh er l iy f ay n z ah b ih g f aa n sil 
LOG (lattice-best-path[5.5.1126~1-8c451]:main():lattice-best-path.cc:99) For utterance m1_396, best cost 184.046 + 778.195 = 962.242 over 528 frames.
m1_396 sil dh iy ae v er t ay z ih ng f er s ah v ah m ih f er ay t iy s t ao r n ah v er ch ey n jh ah z sil 
LOG (lattice-best-path[5.5.1126~1-8c451]:main():lattice-best-path.cc:99) For utterance m1_401, best cost 155.492 + 660.405 = 815.898 over 462 frames.
m1_401 sil k aa m ah th ih ng s ah l aa r jh er k l ae m p s ao l t uw p r aa b l ah m sil 
LOG (lattice-best-path[5.5.1126~1-8c451]:main():lattice-best-path.cc:99) For utterance m1_406, best cost 178.315 + 967.85 = 1146.17 over 617 frames.
m1_406 sil ow m f ao r z t w ih z n ih r l iy g ow v er w ao ng b ay b ae ch ow n z iy z sil 
LOG (lattice-best-path[5.5.1126~1-8c451]:main():lattice-best-path.cc:99) For utterance m1_411, best cost 143.329 + 573.883 = 717.211 over 395 frames.
m1_411 sil dh ow z m iy z ih sh ah n z hh aa r m ah l ay z m aa r f l ah s l iy 
LOG (lattice-best-path[5.5.1126~1-8c451]:main():lattice-best-path.cc:99) For utterance m1_416, best cost 102.654 + 675.496 = 778.151 over 408 frames.
m1_416 sil ae t p iy p aa p ih s k aa r ah hh ae n d ih 
LOG (lattice-best-path[5.5.1126~1-8c451]:main():lattice-best-path.cc:99) For utterance m1_421, best cost 120.844 + 547.966 = 668.81 over 363 frames.
m1_421 sil ih z b ae n ih k k aa s t uw n t er k w eh k ow th ah l sil 
LOG (lattice-best-path[5.5.1126~1-8c451]:main():lattice-best-path.cc:99) For utterance m1_426, best cost 141.742 + 791.604 = 933.346 over 507 frames.
m1_426 iy z iy g ow ah n z w ao l ah jh ah s r l ae k s t er ah w ey jh 
LOG (lattice-best-path[5.5.1126~1-8c451]:main():lattice-best-path.cc:99) For utterance m1_431, best cost 180.063 + 693.034 = 873.097 over 467 frames.
m1_431 sil b aa m p r ao f ah t ao r ih n ah z ey sh ah n z hh ae v f r iy p ah n ow n b r ih z er z sil 
LOG (lattice-best-path[5.5.1126~1-8c451]:main():lattice-best-path.cc:99) For utterance m1_436, best cost 166.929 + 744.381 = 911.309 over 482 frames.
m1_436 sil b er jh b er k dh ey t f r iy p ah n dh iy ah k er ah z aa n f ay s k ih v ih ng 
LOG (lattice-best-path[5.5.1126~1-8c451]:main():lattice-best-path.cc:99) For utterance m1_441, best cost 118.979 + 547.61 = 666.589 over 358 frames.
m1_441 sil r aa k ah r ah l m y uw z ih k ae z ih g r iy r dh iy m sil 
LOG (lattice-best-path[5.5.1126~1-8c451]:main():lattice-best-path.cc:99) For utterance m1_446, best cost 128.813 + 639.738 = 768.551 over 412 frames.
m1_446 sil dh iy s p iy ch ah m p ow z iy m ay t b iy g ih n ah m ah n d ey 
LOG (lattice-best-path[5.5.1126~1-8c451]:main():lattice-best-path.cc:99) For utterance m1_451, best cost 166.193 + 801.302 = 967.495 over 513 frames.
m1_451 sil sh er n k ae n k ah n s uw m ah n iy f r uw b r ah l ah t s ah m ow n s ah d ih ng 
LOG (lattice-best-path[5.5.1126~1-8c451]:main():lattice-best-path.cc:99) For utterance m1_456, best cost 149.686 + 858.893 = 1008.58 over 518 frames.
m1_456 sil ah m ao th ih z ih g ae b ah l ao ng dh iy p ae f r aa t ow z g aa r n sil 
LOG (lattice-best-path[5.5.1126~1-8c451]:main():lattice-best-path.cc:99) For utterance m3_001, best cost 72.5694 + 293.902 = 366.471 over 246 frames.
m3_001 sil ih s ah z iy z iy f ao r ah s sil 
LOG (lattice-best-path[5.5.1126~1-8c451]:main():lattice-best-path.cc:99) For utterance m3_006, best cost 109.633 + 415.28 = 524.913 over 352 frames.
m3_006 sil w ay g ae l ah r iy ow v er s ah l iy ae t ah m z sil 
LOG (lattice-best-path[5.5.1126~1-8c451]:main():lattice-best-path.cc:99) For utterance m3_011, best cost 90.2829 + 366.857 = 457.14 over 299 frames.
m3_011 sil s ah n y uh r aa r m ah t ay z iy k ae n sil 
LOG (lattice-best-path[5.5.1126~1-8c451]:main():lattice-best-path.cc:99) For utterance m3_016, best cost 117.113 + 463.09 = 580.203 over 351 frames.
m3_016 sil ae l ah m ow n iy hh aw er m ao r ch n ae n t w ao l sil 
LOG (lattice-best-path[5.5.1126~1-8c451]:main():lattice-best-path.cc:99) For utterance m3_021, best cost 89.4697 + 380.601 = 470.071 over 291 frames.
m3_021 sil ah l iy l ay er z l ah n ay ey n er z sil 
LOG (lattice-best-path[5.5.1126~1-8c451]:main():lattice-best-path.cc:99) For utterance m3_026, best cost 93.7113 + 352.861 = 446.572 over 293 frames.
m3_026 sil dh ow t uw t r l iy z t er iy d ih sh ah z sil 
LOG (lattice-best-path[5.5.1126~1-8c451]:main():lattice-best-path.cc:99) For utterance m3_031, best cost 120.765 + 545.291 = 666.056 over 401 frames.
m3_031 sil aa r ah l b r iy s l iy w ao z g r ay t uw ey sh ah t sil 
LOG (lattice-best-path[5.5.1126~1-8c451]:main():lattice-best-path.cc:99) For utterance m3_036, best cost 119.177 + 409.113 = 528.29 over 346 frames.
m3_036 sil ae s k ah b aa p ah n b iy n ah t ih n ih ng s t ao r t sil 
LOG (lattice-best-path[5.5.1126~1-8c451]:main():lattice-best-path.cc:99) For utterance m3_041, best cost 108.695 + 467.43 = 576.125 over 348 frames.
m3_041 sil eh m ah t ih k s t er z p ih k t aa k aa m ao r sil 
LOG (lattice-best-path[5.5.1126~1-8c451]:main():lattice-best-path.cc:99) For utterance m3_046, best cost 114.881 + 440.554 = 555.435 over 358 frames.
m3_046 sil dh iy p r aa l r ah s k iy m ae s p er d s k ay s sil 
LOG (lattice-best-path[5.5.1126~1-8c451]:main():lattice-best-path.cc:99) For utterance m3_051, best cost 132.725 + 487.733 = 620.458 over 388 frames.
m3_051 sil eh n iy k ah n t ah b ih sh ah n d ah b ih g r l iy p er s ey t ah d sil 
LOG (lattice-best-path[5.5.1126~1-8c451]:main():lattice-best-path.cc:99) For utterance m3_056, best cost 144.304 + 497.509 = 641.813 over 421 frames.
m3_056 sil l ae s t uw z g ae sh er d s k ah s t iy p r ay s ih ng k r iy s ah z sil 
LOG (lattice-best-path[5.5.1126~1-8c451]:main():lattice-best-path.cc:99) For utterance m3_061, best cost 130.02 + 415.651 = 545.671 over 352 frames.
m3_061 sil k l ih s t ih s p oy iy w ih z ah s p l ey s t ah s k r iy n sil 
LOG (lattice-best-path[5.5.1126~1-8c451]:main():lattice-best-path.cc:99) For utterance m3_066, best cost 119.027 + 367.035 = 486.062 over 318 frames.
m3_066 sil d ae k t ih s p er s k r ay d er d s t uw f r iy b l iy sil 
LOG (lattice-best-path[5.5.1126~1-8c451]:main():lattice-best-path.cc:99) For utterance m3_071, best cost 158.71 + 551.599 = 710.309 over 439 frames.
m3_071 sil k w aa p r ey sh ah l ao ng z ah n er s t ae n ih ng ah l iy g y uw s t iy t sil 
LOG (lattice-best-path[5.5.1126~1-8c451]:main():lattice-best-path.cc:99) For utterance m3_076, best cost 59.3503 + 457.164 = 516.515 over 319 frames.
m3_076 sil er z ah f ey m er sil 
LOG (lattice-best-path[5.5.1126~1-8c451]:main():lattice-best-path.cc:99) For utterance m3_081, best cost 145.635 + 470.404 = 616.039 over 363 frames.
m3_081 sil m ae s t r ey p aa r d iy z t ae k s aa n z ah m ay d n ey sh ah sil 
LOG (lattice-best-path[5.5.1126~1-8c451]:main():lattice-best-path.cc:99) For utterance m3_086, best cost 165.58 + 667.025 = 832.605 over 522 frames.
m3_086 sil t ih n er ah n ch ow v er n d eh k r ey t ih k l ae sh ah n t r ao hh ao l d ey z sil 
LOG (lattice-best-path[5.5.1126~1-8c451]:main():lattice-best-path.cc:99) For utterance m3_091, best cost 107.31 + 380.193 = 487.503 over 320 frames.
m3_091 sil ah hh y uw t ae p ah s t r iy hh aa n er ao l ay sil 
LOG (lattice-best-path[5.5.1126~1-8c451]:main():lattice-best-path.cc:99) For utterance m3_096, best cost 100.293 + 460.982 = 561.275 over 365 frames.
m3_096 sil ih s ah n d ah p aa r t er s aa k ah k ae s t sil 
LOG (lattice-best-path[5.5.1126~1-8c451]:main():lattice-best-path.cc:99) For utterance m3_101, best cost 92.714 + 413.043 = 505.757 over 307 frames.
m3_101 sil k l ae f dh iy s t r uw n ao f t ae n d sil 
LOG (lattice-best-path[5.5.1126~1-8c451]:main():lattice-best-path.cc:99) For utterance m3_106, best cost 112.306 + 467.544 = 579.85 over 374 frames.
m3_106 sil t r eh s t ae s ih ng ih s er b ah n ah n s ah b iy sil 
LOG (lattice-best-path[5.5.1126~1-8c451]:main():lattice-best-path.cc:99) For utterance m3_111, best cost 111.894 + 376.218 = 488.111 over 322 frames.
m3_111 sil ah th ih sh ah l ah n t eh l ah jh ah n s ih z f er iy l sil 
LOG (lattice-best-path[5.5.1126~1-8c451]:main():lattice-best-path.cc:99) For utterance m3_116, best cost 96.3571 + 499.311 = 595.668 over 363 frames.
m3_116 sil w iy p ae n ah b ih l d ah n uw b eh v er sil 
LOG (lattice-best-path[5.5.1126~1-8c451]:main():lattice-best-path.cc:99) For utterance m3_121, best cost 147.83 + 662.393 = 810.223 over 502 frames.
m3_121 sil s ay n t ih v ih k p r ae g r eh s k aa n f r uw v ah l ah m ah n s sil 
LOG (lattice-best-path[5.5.1126~1-8c451]:main():lattice-best-path.cc:99) For utterance m3_126, best cost 142.432 + 539.512 = 681.943 over 422 frames.
m3_126 sil w ih t s l aa r d ih k ah l ah p ey k ah n ih g l er f ah k ey sh ah n sil 
LOG (lattice-best-path[5.5.1126~1-8c451]:main():lattice-best-path.cc:99) For utterance m3_131, best cost 141.233 + 489.703 = 630.936 over 412 frames.
m3_131 sil k r eh k y uw s n ah m ay n jh jh eh sh ah n z ih z t r ih sh ao l sil 
LOG (lattice-best-path[5.5.1126~1-8c451]:main():lattice-best-path.cc:99) For utterance m3_136, best cost 102.147 + 513.545 = 615.692 over 360 frames.
m3_136 sil ih s t iy d ih z ah d ih s t uw w ao r aa n ah s sil 
LOG (lattice-best-path[5.5.1126~1-8c451]:main():lattice-best-path.cc:99) For utterance m3_141, best cost 95.8798 + 447.566 = 543.446 over 354 frames.
m3_141 sil ah m uw v ih s p ah n t uw w er iy z er z sil 
LOG (lattice-best-path[5.5.1126~1-8c451]:main():lattice-best-path.cc:99) For utterance m3_146, best cost 98.8843 + 684.3 = 783.184 over 495 frames.
m3_146 sil hh er ao ao r n er m ay n hh ao l iy z 
LOG (lattice-best-path[5.5.1126~1-8c451]:main():lattice-best-path.cc:99) For utterance m3_151, best cost 77.5965 + 430.766 = 508.363 over 315 frames.
m3_151 sil dh iy k ae g aa n dh iy b ay y uw sil 
LOG (lattice-best-path[5.5.1126~1-8c451]:main():lattice-best-path.cc:99) For utterance m3_156, best cost 179.009 + 666.193 = 845.202 over 522 frames.
m3_156 sil w eh v er k w aa p r ey t s ah n p ay n iy n ae n s k ae m ow l b iy ow ao r d ah d sil 
LOG (lattice-best-path[5.5.1126~1-8c451]:main():lattice-best-path.cc:99) For utterance m3_161, best cost 143.93 + 545.397 = 689.327 over 430 frames.
m3_161 sil dh iy k ah d er l iy s iy f y uw ao r jh t uw dh iy s m ow th l er iy z sil 
LOG (lattice-best-path[5.5.1126~1-8c451]:main():lattice-best-path.cc:99) For utterance m3_166, best cost 102.296 + 462.096 = 564.393 over 359 frames.
m3_166 sil dh iy k ae n aw w ih z hh er jh m ay iy er z sil 
LOG (lattice-best-path[5.5.1126~1-8c451]:main():lattice-best-path.cc:99) For utterance m3_171, best cost 132.308 + 448.614 = 580.922 over 354 frames.
m3_171 sil d ih s t r ay ah v er iy f ay l er dh iy d ah jh m ay ao t ah s sil 
LOG (lattice-best-path[5.5.1126~1-8c451]:main():lattice-best-path.cc:99) For utterance m3_176, best cost 79.528 + 350.896 = 430.424 over 265 frames.
m3_176 sil ey n jh oy ey b ay ae b ih sh ah n sil 
LOG (lattice-best-path[5.5.1126~1-8c451]:main():lattice-best-path.cc:99) For utterance m3_181, best cost 136.857 + 621.715 = 758.572 over 455 frames.
m3_181 sil iy aa n ch eh l d ah n t uw oy d ih k s p uh d ih s t iy z ah z sil 
LOG (lattice-best-path[5.5.1126~1-8c451]:main():lattice-best-path.cc:99) For utterance m3_186, best cost 114.044 + 503.708 = 617.753 over 351 frames.
m3_186 sil iy n ay k ey t ah l iy t ah k ah m ah n ih b l uw z sil 
LOG (lattice-best-path[5.5.1126~1-8c451]:main():lattice-best-path.cc:99) For utterance m3_191, best cost 92.1443 + 594.971 = 687.115 over 445 frames.
m3_191 sil m ay k ah k aa r ah m ao l s k r ah n z sil 
LOG (lattice-best-path[5.5.1126~1-8c451]:main():lattice-best-path.cc:99) For utterance m3_196, best cost 151.869 + 510.49 = 662.359 over 432 frames.
m3_196 sil dh iy s er m ah n ah m z ah s ay s ih n iy d f er f er m ah b ae k sh ah n sil 
LOG (lattice-best-path[5.5.1126~1-8c451]:main():lattice-best-path.cc:99) For utterance m3_201, best cost 140.527 + 508.697 = 649.225 over 404 frames.
m3_201 sil k ao r ey t ae k ah p r aa jh eh k ah z eh k s t uw t er m ey sh ah n sil 
LOG (lattice-best-path[5.5.1126~1-8c451]:main():lattice-best-path.cc:99) For utterance m3_206, best cost 90.2551 + 543.993 = 634.248 over 387 frames.
m3_206 sil s t ae f ae n ah dh iy s ay k ah l aa t sil 
LOG (lattice-best-path[5.5.1126~1-8c451]:main():lattice-best-path.cc:99) For utterance m3_211, best cost 104.108 + 434.277 = 538.384 over 317 frames.
m3_211 sil hh ay ow ey n f r iy w ey m ih n s ey n z ih ng sil 
LOG (lattice-best-path[5.5.1126~1-8c451]:main():lattice-best-path.cc:99) For utterance m3_216, best cost 81.0533 + 504.374 = 585.427 over 367 frames.
m3_216 sil ah t aa n dh ae n aa p ey sh ah n sil 
LOG (lattice-best-path[5.5.1126~1-8c451]:main():lattice-best-path.cc:99) For utterance m3_221, best cost 102.646 + 477.562 = 580.208 over 334 frames.
m3_221 sil hh ow ey t ih n ih z ah s ah b ay s k ah l ey t er sil 
LOG (lattice-best-path[5.5.1126~1-8c451]:main():lattice-best-path.cc:99) For utterance m3_226, best cost 122.259 + 426.941 = 549.2 over 349 frames.
m3_226 sil dh iy b ao r d ih z b aa t er f l ay ey t ah l aa n ah t er sil 
LOG (lattice-best-path[5.5.1126~1-8c451]:main():lattice-best-path.cc:99) For utterance m3_231, best cost 102.649 + 360.459 = 463.109 over 286 frames.
m3_231 sil w eh r ow p ah n eh v er iy m ah n d ih m ao r ih ng 
LOG (lattice-best-path[5.5.1126~1-8c451]:main():lattice-best-path.cc:99) For utterance m3_236, best cost 100.478 + 469.468 = 569.946 over 339 frames.
m3_236 sil hh aw w oy l iy b iy l ey t er s eh l ah ng sil 
LOG (lattice-best-path[5.5.1126~1-8c451]:main():lattice-best-path.cc:99) For utterance m3_241, best cost 137.032 + 473.929 = 610.961 over 386 frames.
m3_241 sil dh iy d ao r iy t s p l iy z ih ng ih n t ih k ah n ih s t ih k aa s ah l z sil 
LOG (lattice-best-path[5.5.1126~1-8c451]:main():lattice-best-path.cc:99) For utterance m3_246, best cost 83.1203 + 529.268 = 612.388 over 382 frames.
m3_246 sil w ay ae n ch er d ih m ah k aw t sil 
LOG (lattice-best-path[5.5.1126~1-8c451]:main():lattice-best-path.cc:99) For utterance m3_251, best cost 155.866 + 652.386 = 808.252 over 519 frames.
m3_251 sil d ih f er s p ah s t iy sh iy p ey z ah l iy r iy z l ao s t uw jh er ah l 
LOG (lattice-best-path[5.5.1126~1-8c451]:main():lattice-best-path.cc:99) For utterance m3_256, best cost 130.204 + 625.226 = 755.43 over 462 frames.
m3_256 sil dh ae n hh ae t er ih z ey sh ah n z p r ah b er th r ao l sil 
LOG (lattice-best-path[5.5.1126~1-8c451]:main():lattice-best-path.cc:99) For utterance m3_261, best cost 146.426 + 481.606 = 628.032 over 393 frames.
m3_261 sil w ah dh iy p er s p ah l aa s ih z er f er y uw z f ow n s iy aa l sil 
LOG (lattice-best-path[5.5.1126~1-8c451]:main():lattice-best-path.cc:99) For utterance m3_266, best cost 100.679 + 445.352 = 546.031 over 340 frames.
m3_266 sil sh ah jh er ae s t iy k ae n s ow l z uw z sil 
LOG (lattice-best-path[5.5.1126~1-8c451]:main():lattice-best-path.cc:99) For utterance m3_271, best cost 101.022 + 397.772 = 498.794 over 302 frames.
m3_271 sil ah m iy d ih s ch ey n sh ey k aa l iy sil sil 
LOG (lattice-best-path[5.5.1126~1-8c451]:main():lattice-best-path.cc:99) For utterance m3_276, best cost 120.093 + 422.094 = 542.187 over 319 frames.
m3_276 sil ah th y uw ch ow z ah n f iy ow l iy k aw n d aw er l z sil 
LOG (lattice-best-path[5.5.1126~1-8c451]:main():lattice-best-path.cc:99) For utterance m3_281, best cost 164.189 + 702.468 = 866.657 over 543 frames.
m3_281 sil m ay d ih s ay er d ah s ah p ah l iy m iy w aa n f ao r m ah p eh r ae k ah m sil 
LOG (lattice-best-path[5.5.1126~1-8c451]:main():lattice-best-path.cc:99) For utterance m3_286, best cost 102.616 + 414.802 = 517.418 over 327 frames.
m3_286 sil dh ae t d aa ch ih s k ae m er s ah l s l iy sil 
LOG (lattice-best-path[5.5.1126~1-8c451]:main():lattice-best-path.cc:99) For utterance m3_291, best cost 63.9109 + 524.849 = 588.76 over 364 frames.
m3_291 sil ah dh er hh ae n d ae f sil 
LOG (lattice-best-path[5.5.1126~1-8c451]:main():lattice-best-path.cc:99) For utterance m3_296, best cost 143.196 + 813.638 = 956.835 over 584 frames.
m3_296 sil hh aw er s iy d er t ah p oy m ah n t ah d aa l ah jh iy ah n ah n z sil 
LOG (lattice-best-path[5.5.1126~1-8c451]:main():lattice-best-path.cc:99) For utterance m3_301, best cost 130.684 + 595.421 = 726.105 over 443 frames.
m3_301 sil p aa p oy z t aa p ay er d iy ae n d ah n ih z b ay t s t sil 
LOG (lattice-best-path[5.5.1126~1-8c451]:main():lattice-best-path.cc:99) For utterance m3_306, best cost 118.894 + 587.679 = 706.573 over 414 frames.
m3_306 sil dh iy b aa r uw n w aa p t er aw m sil er m ay l z sil 
LOG (lattice-best-path[5.5.1126~1-8c451]:main():lattice-best-path.cc:99) For utterance m3_311, best cost 141.04 + 593.414 = 734.453 over 473 frames.
m3_311 sil ih f r eh n ch ay l ah jh ah n ay s ah n jh uw b ay z b ih g r l er sil 
LOG (lattice-best-path[5.5.1126~1-8c451]:main():lattice-best-path.cc:99) For utterance m3_316, best cost 188.024 + 682.904 = 870.927 over 569 frames.
m3_316 sil dh iy p r iy s k ah l er k ah n p er w ay s er f iy l ih ng z ah b aa p iy m er n d ih sh ah n z sil 
LOG (lattice-best-path[5.5.1126~1-8c451]:main():lattice-best-path.cc:99) For utterance m3_321, best cost 114.902 + 433.783 = 548.686 over 357 frames.
m3_321 sil ah l er w ao z ah p ay n s eh k s ih k y uw t er w eh l sil 
LOG (lattice-best-path[5.5.1126~1-8c451]:main():lattice-best-path.cc:99) For utterance m3_326, best cost 139.188 + 600.096 = 739.284 over 464 frames.
m3_326 sil dh iy s ih s ah m ey b r ih g aa n s ah n s ah s ey t er f ay l th iy sil 
LOG (lattice-best-path[5.5.1126~1-8c451]:main():lattice-best-path.cc:99) For utterance m3_331, best cost 163.182 + 594.234 = 757.416 over 472 frames.
m3_331 sil dh iy g ah m ey k ah p ih z ih k t ah n k ao er d ih k ah m p oy th r iy aw er z sil 
LOG (lattice-best-path[5.5.1126~1-8c451]:main():lattice-best-path.cc:99) For utterance m3_336, best cost 138.768 + 474.563 = 613.33 over 372 frames.
m3_336 sil dh ae n oy z p aa b ah ng r ow z m ao r n oy n iy ch d ey sil 
LOG (lattice-best-path[5.5.1126~1-8c451]:main():lattice-best-path.cc:99) For utterance m3_341, best cost 142.856 + 491.262 = 634.118 over 384 frames.
m3_341 sil ih n ah m ah n eh v er b iy k ah m k ah m p l ey t iy k ah l t ah m ah n sil 
LOG (lattice-best-path[5.5.1126~1-8c451]:main():lattice-best-path.cc:99) For utterance m3_346, best cost 98.5621 + 464.737 = 563.299 over 371 frames.
m3_346 sil w aa k ah m ah n ah s t uw d ih n t iy ch iy er sil 
LOG (lattice-best-path[5.5.1126~1-8c451]:main():lattice-best-path.cc:99) For utterance m3_351, best cost 106.632 + 492.025 = 598.657 over 412 frames.
m3_351 sil w ih ch ch er jh d ih s m ih s er s er b ah n 
LOG (lattice-best-path[5.5.1126~1-8c451]:main():lattice-best-path.cc:99) For utterance m3_356, best cost 86.6739 + 380.798 = 467.472 over 307 frames.
m3_356 sil dh ae l ay k l ao ng hh aa ch aw er z sil 
LOG (lattice-best-path[5.5.1126~1-8c451]:main():lattice-best-path.cc:99) For utterance m3_361, best cost 130.767 + 457.197 = 587.964 over 368 frames.
m3_361 sil k ae n t ey k sh iy l ah d ih s iy m uw v iy s t ay s uw iy sil 
LOG (lattice-best-path[5.5.1126~1-8c451]:main():lattice-best-path.cc:99) For utterance m3_366, best cost 124.457 + 468.939 = 593.396 over 393 frames.
m3_366 sil ao r d er k ah n s ih s t ah l ih s k er k s ah b aa s ah z 
LOG (lattice-best-path[5.5.1126~1-8c451]:main():lattice-best-path.cc:99) For utterance m3_371, best cost 123.338 + 495.305 = 618.643 over 389 frames.
m3_371 sil ay d r ay dh iy s ah v w ey b ah hh aw n ah n ah ch ey n jh sil 
LOG (lattice-best-path[5.5.1126~1-8c451]:main():lattice-best-path.cc:99) For utterance m3_376, best cost 94.459 + 477.128 = 571.587 over 338 frames.
m3_376 sil aa r jh n er s ow aa r d w ih n d ah sil 
LOG (lattice-best-path[5.5.1126~1-8c451]:main():lattice-best-path.cc:99) For utterance m3_381, best cost 123.428 + 558.743 = 682.171 over 453 frames.
m3_381 sil w ih z g r iy s ih ng er ch ey n ih sh er w aa s p er l iy sil 
LOG (lattice-best-path[5.5.1126~1-8c451]:main():lattice-best-path.cc:99) For utterance m3_386, best cost 123.459 + 540.727 = 664.186 over 425 frames.
m3_386 sil ah k r ae b k ae l ah n z m ih ng ih k w ih k s t ae n 
LOG (lattice-best-path[5.5.1126~1-8c451]:main():lattice-best-path.cc:99) For utterance m3_391, best cost 117.978 + 371.58 = 489.557 over 314 frames.
m3_391 sil iy t s t ae d sh uh l iy f ay n t uw b ih g f aa n 
LOG (lattice-best-path[5.5.1126~1-8c451]:main():lattice-best-path.cc:99) For utterance m3_396, best cost 177.857 + 565.647 = 743.504 over 482 frames.
m3_396 sil dh iy ae t ay z ih ng p er s ah p l ah n dh iy f er ay d iy s t ao r n eh v er ch ey n jh ah z sil 
LOG (lattice-best-path[5.5.1126~1-8c451]:main():lattice-best-path.cc:99) For utterance m3_401, best cost 116.779 + 502.147 = 618.926 over 378 frames.
m3_401 sil t aa n ah s ih ng s ah l aa r jh er k l ae sh ao r aa t sil 
LOG (lattice-best-path[5.5.1126~1-8c451]:main():lattice-best-path.cc:99) For utterance m3_406, best cost 181.864 + 617.217 = 799.081 over 493 frames.
m3_406 sil dh iy f ih k aw n f ao r ah s f ih z eh r l iy ow v er w aa n b ah d ah ch aa m z ih z iy z sil 
LOG (lattice-best-path[5.5.1126~1-8c451]:main():lattice-best-path.cc:99) For utterance m3_411, best cost 120.74 + 441.901 = 562.641 over 345 frames.
m3_411 sil ih z n iy z ih sh ah n z hh aa m ay z m aa r b ah l z sil 
LOG (lattice-best-path[5.5.1126~1-8c451]:main():lattice-best-path.cc:99) For utterance m3_416, best cost 111.044 + 426.654 = 537.698 over 322 frames.
m3_416 sil eh t t ih p aa k er w ao z k aa r eh n ae n d ah d sil 
LOG (lattice-best-path[5.5.1126~1-8c451]:main():lattice-best-path.cc:99) For utterance m3_421, best cost 109.197 + 368.527 = 477.724 over 309 frames.
m3_421 sil ih s t ae k aa s t ah n z er k w ay k ah l er f ao l sil 
LOG (lattice-best-path[5.5.1126~1-8c451]:main():lattice-best-path.cc:99) For utterance m3_426, best cost 148.07 + 561.567 = 709.638 over 420 frames.
m3_426 sil iy s iy g ow ah n z aa l ah jh ah s ih l ae k s t er ah b ah b oy ih jh sil 
LOG (lattice-best-path[5.5.1126~1-8c451]:main():lattice-best-path.cc:99) For utterance m3_431, best cost 148.523 + 507.571 = 656.095 over 422 frames.
m3_431 sil n ah m p r aa v er n ih z ey sh ah n s ah f r iy g ah n f ah n er z er z sil 
LOG (lattice-best-path[5.5.1126~1-8c451]:main():lattice-best-path.cc:99) For utterance m3_436, best cost 137.031 + 475.498 = 612.529 over 390 frames.
m3_436 sil hh er z b er dh ey f r iy k ah m ey p er z ah m b ah n s k ah n ih ng sil 
LOG (lattice-best-path[5.5.1126~1-8c451]:main():lattice-best-path.cc:99) For utterance m3_441, best cost 121.471 + 476.391 = 597.862 over 381 frames.
m3_441 sil r aa k ah m ow n iy z ih k ae z ih g r ey g r eh t ah m sil 
LOG (lattice-best-path[5.5.1126~1-8c451]:main():lattice-best-path.cc:99) For utterance m3_446, best cost 127.639 + 472.144 = 599.783 over 355 frames.
m3_446 sil dh iy s p iy t s ah b ow z iy m ay b iy g ae n ah m ah n d ey sil 
LOG (lattice-scale[5.5.1126~1-8c451]:main():lattice-scale.cc:107) Done 363 lattices.
LOG (lattice-best-path[5.5.1126~1-8c451]:main():lattice-best-path.cc:99) For utterance m3_451, best cost 151.048 + 573.24 = 724.288 over 472 frames.
LOG (lattice-add-penalty[5.5.1126~1-8c451]:main():lattice-add-penalty.cc:62) Done adding word insertion penalty to 363 lattices.
m3_451 sil ch er k ih ng ih n s uw m ah n iy f er g r ah l ah t s ah m ah n s ah d ih ng sil 
LOG (lattice-best-path[5.5.1126~1-8c451]:main():lattice-best-path.cc:99) For utterance m3_456, best cost 139.353 + 532.814 = 672.167 over 429 frames.
m3_456 sil ah m ao s ih g z ae g ah l ao ng dh iy k ae s er aw s p aa r d ah n sil 
LOG (lattice-best-path[5.5.1126~1-8c451]:main():lattice-best-path.cc:124) Overall cost per frame is 1.74721 = 0.284909 [graph] + 1.4623 [acoustic] over 144532 frames.
LOG (lattice-best-path[5.5.1126~1-8c451]:main():lattice-best-path.cc:128) Done 363 lattices, failed for 0
# Accounting: time=5 threads=1
# Ended (code 0) at Mon Apr 29 13:55:49 EEST 2024, elapsed time 5 seconds
