# build-tree --verbose=1 --max-leaves=2000 --cluster-thresh=-1 exp/tri_bg/treeacc data/lang_test_bg/phones/roots.int exp/tri_bg/questions.qst data/lang_test_bg/topo exp/tri_bg/tree 
# Started at Mon Apr 29 12:44:23 EEST 2024
#
build-tree --verbose=1 --max-leaves=2000 --cluster-thresh=-1 exp/tri_bg/treeacc data/lang_test_bg/phones/roots.int exp/tri_bg/questions.qst data/lang_test_bg/topo exp/tri_bg/tree 
LOG (build-tree[5.5.1126~1-8c451]:main():build-tree.cc:104) Number of separate statistics is 17227
LOG (build-tree[5.5.1126~1-8c451]:BuildTree():build-tree.cc:161) BuildTree: before building trees, map has 41 leaves.
LOG (build-tree[5.5.1126~1-8c451]:SplitDecisionTree():build-tree-utils.cc:577) DoDecisionTreeSplit: split 1202 times, #leaves now 1243
LOG (build-tree[5.5.1126~1-8c451]:BuildTree():build-tree.cc:187) Setting clustering threshold to smallest split 300.145
VLOG[1] (build-tree[5.5.1126~1-8c451]:BuildTree():build-tree.cc:196) After decision tree split, num-leaves = 1243, like-impr = 5.68932 per frame over 599552 frames.
VLOG[1] (build-tree[5.5.1126~1-8c451]:BuildTree():build-tree.cc:200) Including just phones that were split, improvement is 5.68932 per frame over 599552 frames.
LOG (build-tree[5.5.1126~1-8c451]:BuildTree():build-tree.cc:215) BuildTree: removed 289 leaves.
VLOG[1] (build-tree[5.5.1126~1-8c451]:ClusterEventMapToNClustersRestrictedByMap():build-tree-utils.cc:914) Number of non-empty clusters in map = 40
VLOG[1] (build-tree[5.5.1126~1-8c451]:ClusterEventMapToNClustersRestrictedByMap():build-tree-utils.cc:915) Number of non-empty clusters = 953
LOG (build-tree[5.5.1126~1-8c451]:BuildTree():build-tree.cc:231) BuildTree: Rounded num leaves to multiple of 8 by removing 2 leaves.
VLOG[1] (build-tree[5.5.1126~1-8c451]:BuildTree():build-tree.cc:256) Objf change due to clustering -0.10313 per frame.
VLOG[1] (build-tree[5.5.1126~1-8c451]:BuildTree():build-tree.cc:259) Normalizing over only split phones, this is: -0.10313 per frame.
VLOG[1] (build-tree[5.5.1126~1-8c451]:BuildTree():build-tree.cc:262) Num-leaves is now 952
VLOG[1] (build-tree[5.5.1126~1-8c451]:main():build-tree.cc:143) For pdf-id 20, low count 70
VLOG[1] (build-tree[5.5.1126~1-8c451]:main():build-tree.cc:143) For pdf-id 21, low count 96
VLOG[1] (build-tree[5.5.1126~1-8c451]:main():build-tree.cc:143) For pdf-id 25, low count 0
VLOG[1] (build-tree[5.5.1126~1-8c451]:main():build-tree.cc:143) For pdf-id 34, low count 79
VLOG[1] (build-tree[5.5.1126~1-8c451]:main():build-tree.cc:143) For pdf-id 51, low count 37
VLOG[1] (build-tree[5.5.1126~1-8c451]:main():build-tree.cc:143) For pdf-id 76, low count 34
VLOG[1] (build-tree[5.5.1126~1-8c451]:main():build-tree.cc:143) For pdf-id 88, low count 98
VLOG[1] (build-tree[5.5.1126~1-8c451]:main():build-tree.cc:143) For pdf-id 104, low count 79
VLOG[1] (build-tree[5.5.1126~1-8c451]:main():build-tree.cc:143) For pdf-id 106, low count 65
VLOG[1] (build-tree[5.5.1126~1-8c451]:main():build-tree.cc:143) For pdf-id 109, low count 50
VLOG[1] (build-tree[5.5.1126~1-8c451]:main():build-tree.cc:143) For pdf-id 117, low count 77
VLOG[1] (build-tree[5.5.1126~1-8c451]:main():build-tree.cc:143) For pdf-id 154, low count 74
VLOG[1] (build-tree[5.5.1126~1-8c451]:main():build-tree.cc:143) For pdf-id 167, low count 88
VLOG[1] (build-tree[5.5.1126~1-8c451]:main():build-tree.cc:143) For pdf-id 199, low count 89
VLOG[1] (build-tree[5.5.1126~1-8c451]:main():build-tree.cc:143) For pdf-id 216, low count 24
VLOG[1] (build-tree[5.5.1126~1-8c451]:main():build-tree.cc:143) For pdf-id 221, low count 64
VLOG[1] (build-tree[5.5.1126~1-8c451]:main():build-tree.cc:143) For pdf-id 224, low count 95
VLOG[1] (build-tree[5.5.1126~1-8c451]:main():build-tree.cc:143) For pdf-id 243, low count 50
VLOG[1] (build-tree[5.5.1126~1-8c451]:main():build-tree.cc:143) For pdf-id 247, low count 96
VLOG[1] (build-tree[5.5.1126~1-8c451]:main():build-tree.cc:143) For pdf-id 256, low count 83
VLOG[1] (build-tree[5.5.1126~1-8c451]:main():build-tree.cc:143) For pdf-id 259, low count 98
VLOG[1] (build-tree[5.5.1126~1-8c451]:main():build-tree.cc:143) For pdf-id 265, low count 53
VLOG[1] (build-tree[5.5.1126~1-8c451]:main():build-tree.cc:143) For pdf-id 272, low count 92
VLOG[1] (build-tree[5.5.1126~1-8c451]:main():build-tree.cc:143) For pdf-id 277, low count 88
VLOG[1] (build-tree[5.5.1126~1-8c451]:main():build-tree.cc:143) For pdf-id 280, low count 63
VLOG[1] (build-tree[5.5.1126~1-8c451]:main():build-tree.cc:143) For pdf-id 293, low count 92
VLOG[1] (build-tree[5.5.1126~1-8c451]:main():build-tree.cc:143) For pdf-id 366, low count 81
VLOG[1] (build-tree[5.5.1126~1-8c451]:main():build-tree.cc:143) For pdf-id 380, low count 70
VLOG[1] (build-tree[5.5.1126~1-8c451]:main():build-tree.cc:143) For pdf-id 383, low count 82
VLOG[1] (build-tree[5.5.1126~1-8c451]:main():build-tree.cc:143) For pdf-id 387, low count 95
VLOG[1] (build-tree[5.5.1126~1-8c451]:main():build-tree.cc:143) For pdf-id 389, low count 76
VLOG[1] (build-tree[5.5.1126~1-8c451]:main():build-tree.cc:143) For pdf-id 390, low count 88
VLOG[1] (build-tree[5.5.1126~1-8c451]:main():build-tree.cc:143) For pdf-id 396, low count 68
VLOG[1] (build-tree[5.5.1126~1-8c451]:main():build-tree.cc:143) For pdf-id 406, low count 54
VLOG[1] (build-tree[5.5.1126~1-8c451]:main():build-tree.cc:143) For pdf-id 410, low count 97
VLOG[1] (build-tree[5.5.1126~1-8c451]:main():build-tree.cc:143) For pdf-id 439, low count 60
VLOG[1] (build-tree[5.5.1126~1-8c451]:main():build-tree.cc:143) For pdf-id 446, low count 73
VLOG[1] (build-tree[5.5.1126~1-8c451]:main():build-tree.cc:143) For pdf-id 447, low count 88
VLOG[1] (build-tree[5.5.1126~1-8c451]:main():build-tree.cc:143) For pdf-id 453, low count 68
VLOG[1] (build-tree[5.5.1126~1-8c451]:main():build-tree.cc:143) For pdf-id 468, low count 66
VLOG[1] (build-tree[5.5.1126~1-8c451]:main():build-tree.cc:143) For pdf-id 561, low count 83
VLOG[1] (build-tree[5.5.1126~1-8c451]:main():build-tree.cc:143) For pdf-id 600, low count 70
VLOG[1] (build-tree[5.5.1126~1-8c451]:main():build-tree.cc:143) For pdf-id 609, low count 99
VLOG[1] (build-tree[5.5.1126~1-8c451]:main():build-tree.cc:143) For pdf-id 634, low count 80
VLOG[1] (build-tree[5.5.1126~1-8c451]:main():build-tree.cc:143) For pdf-id 635, low count 99
VLOG[1] (build-tree[5.5.1126~1-8c451]:main():build-tree.cc:143) For pdf-id 642, low count 65
VLOG[1] (build-tree[5.5.1126~1-8c451]:main():build-tree.cc:143) For pdf-id 648, low count 48
VLOG[1] (build-tree[5.5.1126~1-8c451]:main():build-tree.cc:143) For pdf-id 670, low count 66
VLOG[1] (build-tree[5.5.1126~1-8c451]:main():build-tree.cc:143) For pdf-id 712, low count 98
VLOG[1] (build-tree[5.5.1126~1-8c451]:main():build-tree.cc:143) For pdf-id 714, low count 75
VLOG[1] (build-tree[5.5.1126~1-8c451]:main():build-tree.cc:143) For pdf-id 787, low count 83
VLOG[1] (build-tree[5.5.1126~1-8c451]:main():build-tree.cc:143) For pdf-id 795, low count 24
VLOG[1] (build-tree[5.5.1126~1-8c451]:main():build-tree.cc:143) For pdf-id 813, low count 65
VLOG[1] (build-tree[5.5.1126~1-8c451]:main():build-tree.cc:143) For pdf-id 852, low count 97
WARNING (build-tree[5.5.1126~1-8c451]:main():build-tree.cc:185) Saw no stats for following phones: 2 3 4 6 7 8 10 11 12 14 15 16 18 19 20 22 23 24 26 27 28 30 31 32 34 35 36 38 39 40 42 43 44 46 47 48 50 51 52 54 55 56 58 59 60 62 63 64 66 67 68 70 71 72 74 75 76 78 79 80 82 83 84 86 87 88 90 91 92 94 95 96 98 99 100 102 103 104 105 106 107 108 110 111 112 114 115 116 118 119 120 122 123 124 126 127 128 130 131 132 134 135 136 138 139 140 142 143 144 146 147 148 150 151 152 154 155 156 158 159 160 162 163 164 
LOG (build-tree[5.5.1126~1-8c451]:main():build-tree.cc:189) Wrote tree
# Accounting: time=1 threads=1
# Ended (code 0) at Mon Apr 29 12:44:24 EEST 2024, elapsed time 1 seconds
