# gmm-est --mix-up=4240 --power=0.25 --write-occs=exp/tri_bg/9.occs exp/tri_bg/8.mdl "gmm-sum-accs - exp/tri_bg/8.*.acc |" exp/tri_bg/9.mdl 
# Started at Mon Apr 29 12:44:38 EEST 2024
#
gmm-est --mix-up=4240 --power=0.25 --write-occs=exp/tri_bg/9.occs exp/tri_bg/8.mdl 'gmm-sum-accs - exp/tri_bg/8.*.acc |' exp/tri_bg/9.mdl 
gmm-sum-accs - exp/tri_bg/8.1.acc exp/tri_bg/8.2.acc exp/tri_bg/8.3.acc exp/tri_bg/8.4.acc 
LOG (gmm-sum-accs[5.5.1126~1-8c451]:main():gmm-sum-accs.cc:63) Summed 4 stats, total count 599552, avg like/frame -82.6185
LOG (gmm-sum-accs[5.5.1126~1-8c451]:main():gmm-sum-accs.cc:66) Total count of stats is 599552
LOG (gmm-sum-accs[5.5.1126~1-8c451]:main():gmm-sum-accs.cc:67) Written stats to -
LOG (gmm-est[5.5.1126~1-8c451]:MleUpdate():transition-model.cc:528) TransitionModel::Update, objf change is 0 per frame over 599552 frames. 
LOG (gmm-est[5.5.1126~1-8c451]:MleUpdate():transition-model.cc:531) 21 probabilities floored, 3108 out of 4145 transition-states skipped due to insuffient data (it is normal to have some skipped.)
LOG (gmm-est[5.5.1126~1-8c451]:main():gmm-est.cc:102) Transition model update: Overall 0 log-like improvement per frame over 599552 frames.
WARNING (gmm-est[5.5.1126~1-8c451]:MleDiagGmmUpdate():mle-diag-gmm.cc:365) Gaussian has too little data but not removing it because it is the last Gaussian: i = 0, occ = 0, weight = 1
LOG (gmm-est[5.5.1126~1-8c451]:MleAmDiagGmmUpdate():mle-am-diag-gmm.cc:225) 0 variance elements floored in 0 Gaussians, out of 3920
LOG (gmm-est[5.5.1126~1-8c451]:MleAmDiagGmmUpdate():mle-am-diag-gmm.cc:229) Removed 0 Gaussians due to counts < --min-gaussian-occupancy=10 and --remove-low-count-gaussians=true
LOG (gmm-est[5.5.1126~1-8c451]:main():gmm-est.cc:113) GMM update: Overall 0.16081 objective function improvement per frame over 599552 frames
LOG (gmm-est[5.5.1126~1-8c451]:main():gmm-est.cc:116) GMM update: Overall avg like per frame = -82.6185 over 599552 frames.
LOG (gmm-est[5.5.1126~1-8c451]:SplitByCount():am-diag-gmm.cc:116) Split 952 states with target = 4240, power = 0.25, perturb_factor = 0.01 and min_count = 20, split #Gauss from 3920 to 4240
LOG (gmm-est[5.5.1126~1-8c451]:main():gmm-est.cc:146) Written model to exp/tri_bg/9.mdl
# Accounting: time=0 threads=1
# Ended (code 0) at Mon Apr 29 12:44:38 EEST 2024, elapsed time 0 seconds
