# build-tree --verbose=1 --max-leaves=2000 --cluster-thresh=-1 exp/tri/treeacc data/lang/phones/roots.int exp/tri/questions.qst data/lang/topo exp/tri/tree 
# Started at Sun Apr 28 09:57:23 EEST 2024
#
build-tree --verbose=1 --max-leaves=2000 --cluster-thresh=-1 exp/tri/treeacc data/lang/phones/roots.int exp/tri/questions.qst data/lang/topo exp/tri/tree 
LOG (build-tree[5.5.1126~1-8c451]:main():build-tree.cc:104) Number of separate statistics is 17245
LOG (build-tree[5.5.1126~1-8c451]:BuildTree():build-tree.cc:161) BuildTree: before building trees, map has 41 leaves.
LOG (build-tree[5.5.1126~1-8c451]:SplitDecisionTree():build-tree-utils.cc:577) DoDecisionTreeSplit: split 1226 times, #leaves now 1267
LOG (build-tree[5.5.1126~1-8c451]:BuildTree():build-tree.cc:187) Setting clustering threshold to smallest split 300.121
VLOG[1] (build-tree[5.5.1126~1-8c451]:BuildTree():build-tree.cc:196) After decision tree split, num-leaves = 1267, like-impr = 5.6709 per frame over 599859 frames.
VLOG[1] (build-tree[5.5.1126~1-8c451]:BuildTree():build-tree.cc:200) Including just phones that were split, improvement is 5.6709 per frame over 599859 frames.
LOG (build-tree[5.5.1126~1-8c451]:BuildTree():build-tree.cc:215) BuildTree: removed 293 leaves.
VLOG[1] (build-tree[5.5.1126~1-8c451]:ClusterEventMapToNClustersRestrictedByMap():build-tree-utils.cc:914) Number of non-empty clusters in map = 40
VLOG[1] (build-tree[5.5.1126~1-8c451]:ClusterEventMapToNClustersRestrictedByMap():build-tree-utils.cc:915) Number of non-empty clusters = 973
LOG (build-tree[5.5.1126~1-8c451]:BuildTree():build-tree.cc:231) BuildTree: Rounded num leaves to multiple of 8 by removing 6 leaves.
VLOG[1] (build-tree[5.5.1126~1-8c451]:BuildTree():build-tree.cc:256) Objf change due to clustering -0.102597 per frame.
VLOG[1] (build-tree[5.5.1126~1-8c451]:BuildTree():build-tree.cc:259) Normalizing over only split phones, this is: -0.102597 per frame.
VLOG[1] (build-tree[5.5.1126~1-8c451]:BuildTree():build-tree.cc:262) Num-leaves is now 968
VLOG[1] (build-tree[5.5.1126~1-8c451]:main():build-tree.cc:143) For pdf-id 21, low count 45
VLOG[1] (build-tree[5.5.1126~1-8c451]:main():build-tree.cc:143) For pdf-id 25, low count 0
VLOG[1] (build-tree[5.5.1126~1-8c451]:main():build-tree.cc:143) For pdf-id 26, low count 86
VLOG[1] (build-tree[5.5.1126~1-8c451]:main():build-tree.cc:143) For pdf-id 29, low count 25
VLOG[1] (build-tree[5.5.1126~1-8c451]:main():build-tree.cc:143) For pdf-id 50, low count 42
VLOG[1] (build-tree[5.5.1126~1-8c451]:main():build-tree.cc:143) For pdf-id 52, low count 90
VLOG[1] (build-tree[5.5.1126~1-8c451]:main():build-tree.cc:143) For pdf-id 75, low count 72
VLOG[1] (build-tree[5.5.1126~1-8c451]:main():build-tree.cc:143) For pdf-id 77, low count 88
VLOG[1] (build-tree[5.5.1126~1-8c451]:main():build-tree.cc:143) For pdf-id 88, low count 60
VLOG[1] (build-tree[5.5.1126~1-8c451]:main():build-tree.cc:143) For pdf-id 105, low count 87
VLOG[1] (build-tree[5.5.1126~1-8c451]:main():build-tree.cc:143) For pdf-id 106, low count 42
VLOG[1] (build-tree[5.5.1126~1-8c451]:main():build-tree.cc:143) For pdf-id 110, low count 87
VLOG[1] (build-tree[5.5.1126~1-8c451]:main():build-tree.cc:143) For pdf-id 123, low count 71
VLOG[1] (build-tree[5.5.1126~1-8c451]:main():build-tree.cc:143) For pdf-id 168, low count 36
VLOG[1] (build-tree[5.5.1126~1-8c451]:main():build-tree.cc:143) For pdf-id 200, low count 61
VLOG[1] (build-tree[5.5.1126~1-8c451]:main():build-tree.cc:143) For pdf-id 206, low count 44
VLOG[1] (build-tree[5.5.1126~1-8c451]:main():build-tree.cc:143) For pdf-id 227, low count 23
VLOG[1] (build-tree[5.5.1126~1-8c451]:main():build-tree.cc:143) For pdf-id 228, low count 76
VLOG[1] (build-tree[5.5.1126~1-8c451]:main():build-tree.cc:143) For pdf-id 245, low count 64
VLOG[1] (build-tree[5.5.1126~1-8c451]:main():build-tree.cc:143) For pdf-id 275, low count 92
VLOG[1] (build-tree[5.5.1126~1-8c451]:main():build-tree.cc:143) For pdf-id 289, low count 54
VLOG[1] (build-tree[5.5.1126~1-8c451]:main():build-tree.cc:143) For pdf-id 311, low count 95
VLOG[1] (build-tree[5.5.1126~1-8c451]:main():build-tree.cc:143) For pdf-id 318, low count 96
VLOG[1] (build-tree[5.5.1126~1-8c451]:main():build-tree.cc:143) For pdf-id 338, low count 65
VLOG[1] (build-tree[5.5.1126~1-8c451]:main():build-tree.cc:143) For pdf-id 366, low count 79
VLOG[1] (build-tree[5.5.1126~1-8c451]:main():build-tree.cc:143) For pdf-id 375, low count 70
VLOG[1] (build-tree[5.5.1126~1-8c451]:main():build-tree.cc:143) For pdf-id 381, low count 90
VLOG[1] (build-tree[5.5.1126~1-8c451]:main():build-tree.cc:143) For pdf-id 386, low count 68
VLOG[1] (build-tree[5.5.1126~1-8c451]:main():build-tree.cc:143) For pdf-id 389, low count 99
VLOG[1] (build-tree[5.5.1126~1-8c451]:main():build-tree.cc:143) For pdf-id 403, low count 78
VLOG[1] (build-tree[5.5.1126~1-8c451]:main():build-tree.cc:143) For pdf-id 426, low count 19
VLOG[1] (build-tree[5.5.1126~1-8c451]:main():build-tree.cc:143) For pdf-id 436, low count 67
VLOG[1] (build-tree[5.5.1126~1-8c451]:main():build-tree.cc:143) For pdf-id 447, low count 97
VLOG[1] (build-tree[5.5.1126~1-8c451]:main():build-tree.cc:143) For pdf-id 450, low count 85
VLOG[1] (build-tree[5.5.1126~1-8c451]:main():build-tree.cc:143) For pdf-id 492, low count 48
VLOG[1] (build-tree[5.5.1126~1-8c451]:main():build-tree.cc:143) For pdf-id 509, low count 79
VLOG[1] (build-tree[5.5.1126~1-8c451]:main():build-tree.cc:143) For pdf-id 516, low count 21
VLOG[1] (build-tree[5.5.1126~1-8c451]:main():build-tree.cc:143) For pdf-id 533, low count 74
VLOG[1] (build-tree[5.5.1126~1-8c451]:main():build-tree.cc:143) For pdf-id 559, low count 52
VLOG[1] (build-tree[5.5.1126~1-8c451]:main():build-tree.cc:143) For pdf-id 562, low count 70
VLOG[1] (build-tree[5.5.1126~1-8c451]:main():build-tree.cc:143) For pdf-id 568, low count 96
VLOG[1] (build-tree[5.5.1126~1-8c451]:main():build-tree.cc:143) For pdf-id 595, low count 97
VLOG[1] (build-tree[5.5.1126~1-8c451]:main():build-tree.cc:143) For pdf-id 598, low count 86
VLOG[1] (build-tree[5.5.1126~1-8c451]:main():build-tree.cc:143) For pdf-id 617, low count 55
VLOG[1] (build-tree[5.5.1126~1-8c451]:main():build-tree.cc:143) For pdf-id 644, low count 74
VLOG[1] (build-tree[5.5.1126~1-8c451]:main():build-tree.cc:143) For pdf-id 647, low count 78
VLOG[1] (build-tree[5.5.1126~1-8c451]:main():build-tree.cc:143) For pdf-id 668, low count 96
VLOG[1] (build-tree[5.5.1126~1-8c451]:main():build-tree.cc:143) For pdf-id 678, low count 72
VLOG[1] (build-tree[5.5.1126~1-8c451]:main():build-tree.cc:143) For pdf-id 700, low count 85
VLOG[1] (build-tree[5.5.1126~1-8c451]:main():build-tree.cc:143) For pdf-id 765, low count 25
VLOG[1] (build-tree[5.5.1126~1-8c451]:main():build-tree.cc:143) For pdf-id 775, low count 91
VLOG[1] (build-tree[5.5.1126~1-8c451]:main():build-tree.cc:143) For pdf-id 800, low count 81
VLOG[1] (build-tree[5.5.1126~1-8c451]:main():build-tree.cc:143) For pdf-id 813, low count 93
VLOG[1] (build-tree[5.5.1126~1-8c451]:main():build-tree.cc:143) For pdf-id 817, low count 10
VLOG[1] (build-tree[5.5.1126~1-8c451]:main():build-tree.cc:143) For pdf-id 819, low count 61
VLOG[1] (build-tree[5.5.1126~1-8c451]:main():build-tree.cc:143) For pdf-id 820, low count 38
VLOG[1] (build-tree[5.5.1126~1-8c451]:main():build-tree.cc:143) For pdf-id 857, low count 96
VLOG[1] (build-tree[5.5.1126~1-8c451]:main():build-tree.cc:143) For pdf-id 896, low count 74
VLOG[1] (build-tree[5.5.1126~1-8c451]:main():build-tree.cc:143) For pdf-id 931, low count 81
VLOG[1] (build-tree[5.5.1126~1-8c451]:main():build-tree.cc:143) For pdf-id 965, low count 58
WARNING (build-tree[5.5.1126~1-8c451]:main():build-tree.cc:185) Saw no stats for following phones: 2 3 4 6 7 8 10 11 12 14 15 16 18 19 20 22 23 24 26 27 28 30 31 32 34 35 36 38 39 40 42 43 44 46 47 48 50 51 52 54 55 56 58 59 60 62 63 64 66 67 68 70 71 72 74 75 76 78 79 80 82 83 84 86 87 88 90 91 92 94 95 96 98 99 100 102 103 104 105 106 107 108 110 111 112 114 115 116 118 119 120 122 123 124 126 127 128 130 131 132 134 135 136 138 139 140 142 143 144 146 147 148 150 151 152 154 155 156 158 159 160 162 163 164 
LOG (build-tree[5.5.1126~1-8c451]:main():build-tree.cc:189) Wrote tree
# Accounting: time=1 threads=1
# Ended (code 0) at Sun Apr 28 09:57:24 EEST 2024, elapsed time 1 seconds
