# gmm-est --mix-up=10000 --power=0.25 --write-occs=exp/tri/27.occs exp/tri/26.mdl "gmm-sum-accs - exp/tri/26.*.acc |" exp/tri/27.mdl 
# Started at Sun Apr 28 09:57:50 EEST 2024
#
gmm-est --mix-up=10000 --power=0.25 --write-occs=exp/tri/27.occs exp/tri/26.mdl 'gmm-sum-accs - exp/tri/26.*.acc |' exp/tri/27.mdl 
gmm-sum-accs - exp/tri/26.1.acc exp/tri/26.2.acc exp/tri/26.3.acc exp/tri/26.4.acc 
LOG (gmm-sum-accs[5.5.1126~1-8c451]:main():gmm-sum-accs.cc:63) Summed 4 stats, total count 599859, avg like/frame -79.1132
LOG (gmm-sum-accs[5.5.1126~1-8c451]:main():gmm-sum-accs.cc:66) Total count of stats is 599859
LOG (gmm-sum-accs[5.5.1126~1-8c451]:main():gmm-sum-accs.cc:67) Written stats to -
LOG (gmm-est[5.5.1126~1-8c451]:MleUpdate():transition-model.cc:528) TransitionModel::Update, objf change is 0 per frame over 599859 frames. 
LOG (gmm-est[5.5.1126~1-8c451]:MleUpdate():transition-model.cc:531) 93 probabilities floored, 3209 out of 4277 transition-states skipped due to insuffient data (it is normal to have some skipped.)
LOG (gmm-est[5.5.1126~1-8c451]:main():gmm-est.cc:102) Transition model update: Overall 0 log-like improvement per frame over 599859 frames.
WARNING (gmm-est[5.5.1126~1-8c451]:MleDiagGmmUpdate():mle-diag-gmm.cc:365) Gaussian has too little data but not removing it because it is the last Gaussian: i = 0, occ = 0, weight = 1
WARNING (gmm-est[5.5.1126~1-8c451]:MleDiagGmmUpdate():mle-diag-gmm.cc:359) Too little data - removing Gaussian (weight 0.110668, occupation count 9.628140, vector size 39)
WARNING (gmm-est[5.5.1126~1-8c451]:MleDiagGmmUpdate():mle-diag-gmm.cc:359) Too little data - removing Gaussian (weight 0.059116, occupation count 9.163054, vector size 39)
WARNING (gmm-est[5.5.1126~1-8c451]:MleDiagGmmUpdate():mle-diag-gmm.cc:359) Too little data - removing Gaussian (weight 0.050320, occupation count 9.309259, vector size 39)
WARNING (gmm-est[5.5.1126~1-8c451]:MleDiagGmmUpdate():mle-diag-gmm.cc:365) Gaussian has too little data but not removing it because it is the last Gaussian: i = 0, occ = 10, weight = 1
LOG (gmm-est[5.5.1126~1-8c451]:MleAmDiagGmmUpdate():mle-am-diag-gmm.cc:225) 1 variance elements floored in 1 Gaussians, out of 9681
LOG (gmm-est[5.5.1126~1-8c451]:MleAmDiagGmmUpdate():mle-am-diag-gmm.cc:229) Removed 3 Gaussians due to counts < --min-gaussian-occupancy=10 and --remove-low-count-gaussians=true
LOG (gmm-est[5.5.1126~1-8c451]:main():gmm-est.cc:113) GMM update: Overall 0.0564121 objective function improvement per frame over 599859 frames
LOG (gmm-est[5.5.1126~1-8c451]:main():gmm-est.cc:116) GMM update: Overall avg like per frame = -79.1132 over 599859 frames.
LOG (gmm-est[5.5.1126~1-8c451]:SplitByCount():am-diag-gmm.cc:116) Split 968 states with target = 10000, power = 0.25, perturb_factor = 0.01 and min_count = 20, split #Gauss from 9681 to 10004
LOG (gmm-est[5.5.1126~1-8c451]:main():gmm-est.cc:146) Written model to exp/tri/27.mdl
# Accounting: time=0 threads=1
# Ended (code 0) at Sun Apr 28 09:57:50 EEST 2024, elapsed time 0 seconds
