# gmm-est --mix-up=10000 --power=0.25 --write-occs=exp/tri/31.occs exp/tri/30.mdl "gmm-sum-accs - exp/tri/30.*.acc |" exp/tri/31.mdl 
# Started at Sun Apr 28 09:57:58 EEST 2024
#
gmm-est --mix-up=10000 --power=0.25 --write-occs=exp/tri/31.occs exp/tri/30.mdl 'gmm-sum-accs - exp/tri/30.*.acc |' exp/tri/31.mdl 
gmm-sum-accs - exp/tri/30.1.acc exp/tri/30.2.acc exp/tri/30.3.acc exp/tri/30.4.acc 
LOG (gmm-sum-accs[5.5.1126~1-8c451]:main():gmm-sum-accs.cc:63) Summed 4 stats, total count 599859, avg like/frame -78.6892
LOG (gmm-sum-accs[5.5.1126~1-8c451]:main():gmm-sum-accs.cc:66) Total count of stats is 599859
LOG (gmm-sum-accs[5.5.1126~1-8c451]:main():gmm-sum-accs.cc:67) Written stats to -
LOG (gmm-est[5.5.1126~1-8c451]:MleUpdate():transition-model.cc:528) TransitionModel::Update, objf change is 0.000112286 per frame over 599859 frames. 
LOG (gmm-est[5.5.1126~1-8c451]:MleUpdate():transition-model.cc:531) 93 probabilities floored, 3209 out of 4277 transition-states skipped due to insuffient data (it is normal to have some skipped.)
LOG (gmm-est[5.5.1126~1-8c451]:main():gmm-est.cc:102) Transition model update: Overall 0.000112286 log-like improvement per frame over 599859 frames.
WARNING (gmm-est[5.5.1126~1-8c451]:MleDiagGmmUpdate():mle-diag-gmm.cc:359) Too little data - removing Gaussian (weight 0.037159, occupation count 9.549783, vector size 39)
WARNING (gmm-est[5.5.1126~1-8c451]:MleDiagGmmUpdate():mle-diag-gmm.cc:365) Gaussian has too little data but not removing it because it is the last Gaussian: i = 0, occ = 0, weight = 1
WARNING (gmm-est[5.5.1126~1-8c451]:MleDiagGmmUpdate():mle-diag-gmm.cc:359) Too little data - removing Gaussian (weight 0.046296, occupation count 9.999927, vector size 39)
WARNING (gmm-est[5.5.1126~1-8c451]:MleDiagGmmUpdate():mle-diag-gmm.cc:359) Too little data - removing Gaussian (weight 0.023027, occupation count 6.217280, vector size 39)
WARNING (gmm-est[5.5.1126~1-8c451]:MleDiagGmmUpdate():mle-diag-gmm.cc:359) Too little data - removing Gaussian (weight 0.034195, occupation count 9.437765, vector size 39)
WARNING (gmm-est[5.5.1126~1-8c451]:MleDiagGmmUpdate():mle-diag-gmm.cc:359) Too little data - removing Gaussian (weight 0.044244, occupation count 9.999092, vector size 39)
WARNING (gmm-est[5.5.1126~1-8c451]:MleDiagGmmUpdate():mle-diag-gmm.cc:365) Gaussian has too little data but not removing it because it is the last Gaussian: i = 0, occ = 10, weight = 1
LOG (gmm-est[5.5.1126~1-8c451]:MleAmDiagGmmUpdate():mle-am-diag-gmm.cc:225) 1 variance elements floored in 1 Gaussians, out of 9999
LOG (gmm-est[5.5.1126~1-8c451]:MleAmDiagGmmUpdate():mle-am-diag-gmm.cc:229) Removed 5 Gaussians due to counts < --min-gaussian-occupancy=10 and --remove-low-count-gaussians=true
LOG (gmm-est[5.5.1126~1-8c451]:main():gmm-est.cc:113) GMM update: Overall 0.0799206 objective function improvement per frame over 599859 frames
LOG (gmm-est[5.5.1126~1-8c451]:main():gmm-est.cc:116) GMM update: Overall avg like per frame = -78.6892 over 599859 frames.
LOG (gmm-est[5.5.1126~1-8c451]:SplitByCount():am-diag-gmm.cc:116) Split 968 states with target = 10000, power = 0.25, perturb_factor = 0.01 and min_count = 20, split #Gauss from 9999 to 10035
LOG (gmm-est[5.5.1126~1-8c451]:main():gmm-est.cc:146) Written model to exp/tri/31.mdl
# Accounting: time=0 threads=1
# Ended (code 0) at Sun Apr 28 09:57:58 EEST 2024, elapsed time 0 seconds
