# gmm-est --mix-up=5200 --power=0.25 --write-occs=exp/tri/12.occs exp/tri/11.mdl "gmm-sum-accs - exp/tri/11.*.acc |" exp/tri/12.mdl 
# Started at Sun Apr 28 09:57:35 EEST 2024
#
gmm-est --mix-up=5200 --power=0.25 --write-occs=exp/tri/12.occs exp/tri/11.mdl 'gmm-sum-accs - exp/tri/11.*.acc |' exp/tri/12.mdl 
gmm-sum-accs - exp/tri/11.1.acc exp/tri/11.2.acc exp/tri/11.3.acc exp/tri/11.4.acc 
LOG (gmm-sum-accs[5.5.1126~1-8c451]:main():gmm-sum-accs.cc:63) Summed 4 stats, total count 599859, avg like/frame -81.4145
LOG (gmm-sum-accs[5.5.1126~1-8c451]:main():gmm-sum-accs.cc:66) Total count of stats is 599859
LOG (gmm-sum-accs[5.5.1126~1-8c451]:main():gmm-sum-accs.cc:67) Written stats to -
LOG (gmm-est[5.5.1126~1-8c451]:MleUpdate():transition-model.cc:528) TransitionModel::Update, objf change is 0 per frame over 599859 frames. 
LOG (gmm-est[5.5.1126~1-8c451]:MleUpdate():transition-model.cc:531) 89 probabilities floored, 3209 out of 4277 transition-states skipped due to insuffient data (it is normal to have some skipped.)
LOG (gmm-est[5.5.1126~1-8c451]:main():gmm-est.cc:102) Transition model update: Overall 0 log-like improvement per frame over 599859 frames.
WARNING (gmm-est[5.5.1126~1-8c451]:MleDiagGmmUpdate():mle-diag-gmm.cc:365) Gaussian has too little data but not removing it because it is the last Gaussian: i = 0, occ = 0, weight = 1
WARNING (gmm-est[5.5.1126~1-8c451]:MleDiagGmmUpdate():mle-diag-gmm.cc:359) Too little data - removing Gaussian (weight 0.078456, occupation count 9.022462, vector size 39)
WARNING (gmm-est[5.5.1126~1-8c451]:MleDiagGmmUpdate():mle-diag-gmm.cc:365) Gaussian has too little data but not removing it because it is the last Gaussian: i = 0, occ = 10, weight = 1
LOG (gmm-est[5.5.1126~1-8c451]:MleAmDiagGmmUpdate():mle-am-diag-gmm.cc:225) 1 variance elements floored in 1 Gaussians, out of 4881
LOG (gmm-est[5.5.1126~1-8c451]:MleAmDiagGmmUpdate():mle-am-diag-gmm.cc:229) Removed 1 Gaussians due to counts < --min-gaussian-occupancy=10 and --remove-low-count-gaussians=true
LOG (gmm-est[5.5.1126~1-8c451]:main():gmm-est.cc:113) GMM update: Overall 0.111741 objective function improvement per frame over 599859 frames
LOG (gmm-est[5.5.1126~1-8c451]:main():gmm-est.cc:116) GMM update: Overall avg like per frame = -81.4145 over 599859 frames.
LOG (gmm-est[5.5.1126~1-8c451]:SplitByCount():am-diag-gmm.cc:116) Split 968 states with target = 5200, power = 0.25, perturb_factor = 0.01 and min_count = 20, split #Gauss from 4881 to 5202
LOG (gmm-est[5.5.1126~1-8c451]:main():gmm-est.cc:146) Written model to exp/tri/12.mdl
# Accounting: time=0 threads=1
# Ended (code 0) at Sun Apr 28 09:57:35 EEST 2024, elapsed time 0 seconds
