# gmm-est --write-occs=exp/mono_ug/17.occs --mix-up=560 --power=0.25 exp/mono_ug/16.mdl "gmm-sum-accs - exp/mono_ug/16.*.acc|" exp/mono_ug/17.mdl 
# Started at Mon Apr 29 12:11:17 EEST 2024
#
gmm-est --write-occs=exp/mono_ug/17.occs --mix-up=560 --power=0.25 exp/mono_ug/16.mdl 'gmm-sum-accs - exp/mono_ug/16.*.acc|' exp/mono_ug/17.mdl 
gmm-sum-accs - exp/mono_ug/16.1.acc exp/mono_ug/16.2.acc exp/mono_ug/16.3.acc exp/mono_ug/16.4.acc 
LOG (gmm-sum-accs[5.5.1126~1-8c451]:main():gmm-sum-accs.cc:63) Summed 4 stats, total count 599597, avg like/frame -84.51
LOG (gmm-sum-accs[5.5.1126~1-8c451]:main():gmm-sum-accs.cc:66) Total count of stats is 599597
LOG (gmm-sum-accs[5.5.1126~1-8c451]:main():gmm-sum-accs.cc:67) Written stats to -
LOG (gmm-est[5.5.1126~1-8c451]:MleUpdate():transition-model.cc:528) TransitionModel::Update, objf change is 0.000364523 per frame over 599597 frames. 
LOG (gmm-est[5.5.1126~1-8c451]:MleUpdate():transition-model.cc:531) 16 probabilities floored, 378 out of 505 transition-states skipped due to insuffient data (it is normal to have some skipped.)
LOG (gmm-est[5.5.1126~1-8c451]:main():gmm-est.cc:102) Transition model update: Overall 0.000364523 log-like improvement per frame over 599597 frames.
WARNING (gmm-est[5.5.1126~1-8c451]:MleDiagGmmUpdate():mle-diag-gmm.cc:365) Gaussian has too little data but not removing it because it is the last Gaussian: i = 0, occ = 0, weight = 1
WARNING (gmm-est[5.5.1126~1-8c451]:MleDiagGmmUpdate():mle-diag-gmm.cc:365) Gaussian has too little data but not removing it because it is the last Gaussian: i = 0, occ = 0, weight = 1
WARNING (gmm-est[5.5.1126~1-8c451]:MleDiagGmmUpdate():mle-diag-gmm.cc:365) Gaussian has too little data but not removing it because it is the last Gaussian: i = 0, occ = 0, weight = 1
LOG (gmm-est[5.5.1126~1-8c451]:MleAmDiagGmmUpdate():mle-am-diag-gmm.cc:225) 0 variance elements floored in 0 Gaussians, out of 531
LOG (gmm-est[5.5.1126~1-8c451]:MleAmDiagGmmUpdate():mle-am-diag-gmm.cc:229) Removed 0 Gaussians due to counts < --min-gaussian-occupancy=10 and --remove-low-count-gaussians=true
LOG (gmm-est[5.5.1126~1-8c451]:main():gmm-est.cc:113) GMM update: Overall 0.0853447 objective function improvement per frame over 599597 frames
LOG (gmm-est[5.5.1126~1-8c451]:main():gmm-est.cc:116) GMM update: Overall avg like per frame = -84.51 over 599597 frames.
LOG (gmm-est[5.5.1126~1-8c451]:SplitByCount():am-diag-gmm.cc:116) Split 125 states with target = 560, power = 0.25, perturb_factor = 0.01 and min_count = 20, split #Gauss from 531 to 560
LOG (gmm-est[5.5.1126~1-8c451]:main():gmm-est.cc:146) Written model to exp/mono_ug/17.mdl
# Accounting: time=0 threads=1
# Ended (code 0) at Mon Apr 29 12:11:17 EEST 2024, elapsed time 0 seconds
