# gmm-est --write-occs=exp/mono_ug/7.occs --mix-up=270 --power=0.25 exp/mono_ug/6.mdl "gmm-sum-accs - exp/mono_ug/6.*.acc|" exp/mono_ug/7.mdl 
# Started at Mon Apr 29 12:10:16 EEST 2024
#
gmm-est --write-occs=exp/mono_ug/7.occs --mix-up=270 --power=0.25 exp/mono_ug/6.mdl 'gmm-sum-accs - exp/mono_ug/6.*.acc|' exp/mono_ug/7.mdl 
gmm-sum-accs - exp/mono_ug/6.1.acc exp/mono_ug/6.2.acc exp/mono_ug/6.3.acc exp/mono_ug/6.4.acc 
LOG (gmm-sum-accs[5.5.1126~1-8c451]:main():gmm-sum-accs.cc:63) Summed 4 stats, total count 599597, avg like/frame -87.2041
LOG (gmm-sum-accs[5.5.1126~1-8c451]:main():gmm-sum-accs.cc:66) Total count of stats is 599597
LOG (gmm-sum-accs[5.5.1126~1-8c451]:main():gmm-sum-accs.cc:67) Written stats to -
LOG (gmm-est[5.5.1126~1-8c451]:MleUpdate():transition-model.cc:528) TransitionModel::Update, objf change is 0.000950777 per frame over 599597 frames. 
LOG (gmm-est[5.5.1126~1-8c451]:MleUpdate():transition-model.cc:531) 15 probabilities floored, 378 out of 505 transition-states skipped due to insuffient data (it is normal to have some skipped.)
LOG (gmm-est[5.5.1126~1-8c451]:main():gmm-est.cc:102) Transition model update: Overall 0.000950777 log-like improvement per frame over 599597 frames.
WARNING (gmm-est[5.5.1126~1-8c451]:MleDiagGmmUpdate():mle-diag-gmm.cc:365) Gaussian has too little data but not removing it because it is the last Gaussian: i = 0, occ = 0, weight = 1
WARNING (gmm-est[5.5.1126~1-8c451]:MleDiagGmmUpdate():mle-diag-gmm.cc:365) Gaussian has too little data but not removing it because it is the last Gaussian: i = 0, occ = 0, weight = 1
WARNING (gmm-est[5.5.1126~1-8c451]:MleDiagGmmUpdate():mle-diag-gmm.cc:365) Gaussian has too little data but not removing it because it is the last Gaussian: i = 0, occ = 0, weight = 1
LOG (gmm-est[5.5.1126~1-8c451]:MleAmDiagGmmUpdate():mle-am-diag-gmm.cc:225) 0 variance elements floored in 0 Gaussians, out of 241
LOG (gmm-est[5.5.1126~1-8c451]:MleAmDiagGmmUpdate():mle-am-diag-gmm.cc:229) Removed 0 Gaussians due to counts < --min-gaussian-occupancy=10 and --remove-low-count-gaussians=true
LOG (gmm-est[5.5.1126~1-8c451]:main():gmm-est.cc:113) GMM update: Overall 0.263437 objective function improvement per frame over 599597 frames
LOG (gmm-est[5.5.1126~1-8c451]:main():gmm-est.cc:116) GMM update: Overall avg like per frame = -87.2041 over 599597 frames.
LOG (gmm-est[5.5.1126~1-8c451]:SplitByCount():am-diag-gmm.cc:116) Split 125 states with target = 270, power = 0.25, perturb_factor = 0.01 and min_count = 20, split #Gauss from 241 to 270
LOG (gmm-est[5.5.1126~1-8c451]:main():gmm-est.cc:146) Written model to exp/mono_ug/7.mdl
# Accounting: time=0 threads=1
# Ended (code 0) at Mon Apr 29 12:10:16 EEST 2024, elapsed time 0 seconds
