# compute-mfcc-feats --write-utt2dur=ark,t:data/train/log/utt2dur.8 --verbose=2 --config=conf/mfcc.conf scp,p:data/train/log/wav_train.8.scp ark:- | copy-feats --write-num-frames=ark,t:data/train/log/utt2num_frames.8 --compress=true ark:- ark,scp:/home/arismarkogi/kaldi/egs/usc/data/train/data/raw_mfcc_train.8.ark,/home/arismarkogi/kaldi/egs/usc/data/train/data/raw_mfcc_train.8.scp 
# Started at Sat Apr 27 18:36:11 EEST 2024
#
copy-feats --write-num-frames=ark,t:data/train/log/utt2num_frames.8 --compress=true ark:- ark,scp:/home/arismarkogi/kaldi/egs/usc/data/train/data/raw_mfcc_train.8.ark,/home/arismarkogi/kaldi/egs/usc/data/train/data/raw_mfcc_train.8.scp 
compute-mfcc-feats --write-utt2dur=ark,t:data/train/log/utt2dur.8 --verbose=2 --config=conf/mfcc.conf scp,p:data/train/log/wav_train.8.scp ark:- 
VLOG[2] (compute-mfcc-feats[5.5.1126~1-8c451]:main():compute-mfcc-feats.cc:182) Processed features for key m3_233
VLOG[2] (compute-mfcc-feats[5.5.1126~1-8c451]:main():compute-mfcc-feats.cc:182) Processed features for key m3_234
VLOG[2] (compute-mfcc-feats[5.5.1126~1-8c451]:main():compute-mfcc-feats.cc:182) Processed features for key m3_235
VLOG[2] (compute-mfcc-feats[5.5.1126~1-8c451]:main():compute-mfcc-feats.cc:182) Processed features for key m3_237
VLOG[2] (compute-mfcc-feats[5.5.1126~1-8c451]:main():compute-mfcc-feats.cc:182) Processed features for key m3_238
VLOG[2] (compute-mfcc-feats[5.5.1126~1-8c451]:main():compute-mfcc-feats.cc:182) Processed features for key m3_240
VLOG[2] (compute-mfcc-feats[5.5.1126~1-8c451]:main():compute-mfcc-feats.cc:182) Processed features for key m3_242
VLOG[2] (compute-mfcc-feats[5.5.1126~1-8c451]:main():compute-mfcc-feats.cc:182) Processed features for key m3_243
VLOG[2] (compute-mfcc-feats[5.5.1126~1-8c451]:main():compute-mfcc-feats.cc:182) Processed features for key m3_244
LOG (compute-mfcc-feats[5.5.1126~1-8c451]:main():compute-mfcc-feats.cc:181) Processed 10 utterances
VLOG[2] (compute-mfcc-feats[5.5.1126~1-8c451]:main():compute-mfcc-feats.cc:182) Processed features for key m3_245
VLOG[2] (compute-mfcc-feats[5.5.1126~1-8c451]:main():compute-mfcc-feats.cc:182) Processed features for key m3_247
VLOG[2] (compute-mfcc-feats[5.5.1126~1-8c451]:main():compute-mfcc-feats.cc:182) Processed features for key m3_248
VLOG[2] (compute-mfcc-feats[5.5.1126~1-8c451]:main():compute-mfcc-feats.cc:182) Processed features for key m3_249
VLOG[2] (compute-mfcc-feats[5.5.1126~1-8c451]:main():compute-mfcc-feats.cc:182) Processed features for key m3_250
VLOG[2] (compute-mfcc-feats[5.5.1126~1-8c451]:main():compute-mfcc-feats.cc:182) Processed features for key m3_253
VLOG[2] (compute-mfcc-feats[5.5.1126~1-8c451]:main():compute-mfcc-feats.cc:182) Processed features for key m3_254
VLOG[2] (compute-mfcc-feats[5.5.1126~1-8c451]:main():compute-mfcc-feats.cc:182) Processed features for key m3_255
VLOG[2] (compute-mfcc-feats[5.5.1126~1-8c451]:main():compute-mfcc-feats.cc:182) Processed features for key m3_257
VLOG[2] (compute-mfcc-feats[5.5.1126~1-8c451]:main():compute-mfcc-feats.cc:182) Processed features for key m3_258
LOG (compute-mfcc-feats[5.5.1126~1-8c451]:main():compute-mfcc-feats.cc:181) Processed 20 utterances
VLOG[2] (compute-mfcc-feats[5.5.1126~1-8c451]:main():compute-mfcc-feats.cc:182) Processed features for key m3_259
VLOG[2] (compute-mfcc-feats[5.5.1126~1-8c451]:main():compute-mfcc-feats.cc:182) Processed features for key m3_260
VLOG[2] (compute-mfcc-feats[5.5.1126~1-8c451]:main():compute-mfcc-feats.cc:182) Processed features for key m3_262
VLOG[2] (compute-mfcc-feats[5.5.1126~1-8c451]:main():compute-mfcc-feats.cc:182) Processed features for key m3_263
VLOG[2] (compute-mfcc-feats[5.5.1126~1-8c451]:main():compute-mfcc-feats.cc:182) Processed features for key m3_265
VLOG[2] (compute-mfcc-feats[5.5.1126~1-8c451]:main():compute-mfcc-feats.cc:182) Processed features for key m3_267
VLOG[2] (compute-mfcc-feats[5.5.1126~1-8c451]:main():compute-mfcc-feats.cc:182) Processed features for key m3_268
VLOG[2] (compute-mfcc-feats[5.5.1126~1-8c451]:main():compute-mfcc-feats.cc:182) Processed features for key m3_269
VLOG[2] (compute-mfcc-feats[5.5.1126~1-8c451]:main():compute-mfcc-feats.cc:182) Processed features for key m3_270
VLOG[2] (compute-mfcc-feats[5.5.1126~1-8c451]:main():compute-mfcc-feats.cc:182) Processed features for key m3_272
LOG (compute-mfcc-feats[5.5.1126~1-8c451]:main():compute-mfcc-feats.cc:181) Processed 30 utterances
VLOG[2] (compute-mfcc-feats[5.5.1126~1-8c451]:main():compute-mfcc-feats.cc:182) Processed features for key m3_273
VLOG[2] (compute-mfcc-feats[5.5.1126~1-8c451]:main():compute-mfcc-feats.cc:182) Processed features for key m3_274
VLOG[2] (compute-mfcc-feats[5.5.1126~1-8c451]:main():compute-mfcc-feats.cc:182) Processed features for key m3_275
VLOG[2] (compute-mfcc-feats[5.5.1126~1-8c451]:main():compute-mfcc-feats.cc:182) Processed features for key m3_278
VLOG[2] (compute-mfcc-feats[5.5.1126~1-8c451]:main():compute-mfcc-feats.cc:182) Processed features for key m3_279
VLOG[2] (compute-mfcc-feats[5.5.1126~1-8c451]:main():compute-mfcc-feats.cc:182) Processed features for key m3_280
VLOG[2] (compute-mfcc-feats[5.5.1126~1-8c451]:main():compute-mfcc-feats.cc:182) Processed features for key m3_282
VLOG[2] (compute-mfcc-feats[5.5.1126~1-8c451]:main():compute-mfcc-feats.cc:182) Processed features for key m3_283
VLOG[2] (compute-mfcc-feats[5.5.1126~1-8c451]:main():compute-mfcc-feats.cc:182) Processed features for key m3_284
VLOG[2] (compute-mfcc-feats[5.5.1126~1-8c451]:main():compute-mfcc-feats.cc:182) Processed features for key m3_285
LOG (compute-mfcc-feats[5.5.1126~1-8c451]:main():compute-mfcc-feats.cc:181) Processed 40 utterances
VLOG[2] (compute-mfcc-feats[5.5.1126~1-8c451]:main():compute-mfcc-feats.cc:182) Processed features for key m3_287
VLOG[2] (compute-mfcc-feats[5.5.1126~1-8c451]:main():compute-mfcc-feats.cc:182) Processed features for key m3_288
VLOG[2] (compute-mfcc-feats[5.5.1126~1-8c451]:main():compute-mfcc-feats.cc:182) Processed features for key m3_290
VLOG[2] (compute-mfcc-feats[5.5.1126~1-8c451]:main():compute-mfcc-feats.cc:182) Processed features for key m3_292
VLOG[2] (compute-mfcc-feats[5.5.1126~1-8c451]:main():compute-mfcc-feats.cc:182) Processed features for key m3_293
VLOG[2] (compute-mfcc-feats[5.5.1126~1-8c451]:main():compute-mfcc-feats.cc:182) Processed features for key m3_294
VLOG[2] (compute-mfcc-feats[5.5.1126~1-8c451]:main():compute-mfcc-feats.cc:182) Processed features for key m3_295
VLOG[2] (compute-mfcc-feats[5.5.1126~1-8c451]:main():compute-mfcc-feats.cc:182) Processed features for key m3_297
VLOG[2] (compute-mfcc-feats[5.5.1126~1-8c451]:main():compute-mfcc-feats.cc:182) Processed features for key m3_298
VLOG[2] (compute-mfcc-feats[5.5.1126~1-8c451]:main():compute-mfcc-feats.cc:182) Processed features for key m3_299
LOG (compute-mfcc-feats[5.5.1126~1-8c451]:main():compute-mfcc-feats.cc:181) Processed 50 utterances
VLOG[2] (compute-mfcc-feats[5.5.1126~1-8c451]:main():compute-mfcc-feats.cc:182) Processed features for key m3_300
VLOG[2] (compute-mfcc-feats[5.5.1126~1-8c451]:main():compute-mfcc-feats.cc:182) Processed features for key m3_303
VLOG[2] (compute-mfcc-feats[5.5.1126~1-8c451]:main():compute-mfcc-feats.cc:182) Processed features for key m3_304
VLOG[2] (compute-mfcc-feats[5.5.1126~1-8c451]:main():compute-mfcc-feats.cc:182) Processed features for key m3_305
VLOG[2] (compute-mfcc-feats[5.5.1126~1-8c451]:main():compute-mfcc-feats.cc:182) Processed features for key m3_307
VLOG[2] (compute-mfcc-feats[5.5.1126~1-8c451]:main():compute-mfcc-feats.cc:182) Processed features for key m3_308
VLOG[2] (compute-mfcc-feats[5.5.1126~1-8c451]:main():compute-mfcc-feats.cc:182) Processed features for key m3_309
VLOG[2] (compute-mfcc-feats[5.5.1126~1-8c451]:main():compute-mfcc-feats.cc:182) Processed features for key m3_310
VLOG[2] (compute-mfcc-feats[5.5.1126~1-8c451]:main():compute-mfcc-feats.cc:182) Processed features for key m3_312
VLOG[2] (compute-mfcc-feats[5.5.1126~1-8c451]:main():compute-mfcc-feats.cc:182) Processed features for key m3_313
LOG (compute-mfcc-feats[5.5.1126~1-8c451]:main():compute-mfcc-feats.cc:181) Processed 60 utterances
VLOG[2] (compute-mfcc-feats[5.5.1126~1-8c451]:main():compute-mfcc-feats.cc:182) Processed features for key m3_315
VLOG[2] (compute-mfcc-feats[5.5.1126~1-8c451]:main():compute-mfcc-feats.cc:182) Processed features for key m3_317
VLOG[2] (compute-mfcc-feats[5.5.1126~1-8c451]:main():compute-mfcc-feats.cc:182) Processed features for key m3_318
VLOG[2] (compute-mfcc-feats[5.5.1126~1-8c451]:main():compute-mfcc-feats.cc:182) Processed features for key m3_319
VLOG[2] (compute-mfcc-feats[5.5.1126~1-8c451]:main():compute-mfcc-feats.cc:182) Processed features for key m3_320
VLOG[2] (compute-mfcc-feats[5.5.1126~1-8c451]:main():compute-mfcc-feats.cc:182) Processed features for key m3_322
VLOG[2] (compute-mfcc-feats[5.5.1126~1-8c451]:main():compute-mfcc-feats.cc:182) Processed features for key m3_323
VLOG[2] (compute-mfcc-feats[5.5.1126~1-8c451]:main():compute-mfcc-feats.cc:182) Processed features for key m3_324
VLOG[2] (compute-mfcc-feats[5.5.1126~1-8c451]:main():compute-mfcc-feats.cc:182) Processed features for key m3_325
VLOG[2] (compute-mfcc-feats[5.5.1126~1-8c451]:main():compute-mfcc-feats.cc:182) Processed features for key m3_328
LOG (compute-mfcc-feats[5.5.1126~1-8c451]:main():compute-mfcc-feats.cc:181) Processed 70 utterances
VLOG[2] (compute-mfcc-feats[5.5.1126~1-8c451]:main():compute-mfcc-feats.cc:182) Processed features for key m3_329
VLOG[2] (compute-mfcc-feats[5.5.1126~1-8c451]:main():compute-mfcc-feats.cc:182) Processed features for key m3_330
VLOG[2] (compute-mfcc-feats[5.5.1126~1-8c451]:main():compute-mfcc-feats.cc:182) Processed features for key m3_332
VLOG[2] (compute-mfcc-feats[5.5.1126~1-8c451]:main():compute-mfcc-feats.cc:182) Processed features for key m3_333
VLOG[2] (compute-mfcc-feats[5.5.1126~1-8c451]:main():compute-mfcc-feats.cc:182) Processed features for key m3_334
VLOG[2] (compute-mfcc-feats[5.5.1126~1-8c451]:main():compute-mfcc-feats.cc:182) Processed features for key m3_335
VLOG[2] (compute-mfcc-feats[5.5.1126~1-8c451]:main():compute-mfcc-feats.cc:182) Processed features for key m3_337
VLOG[2] (compute-mfcc-feats[5.5.1126~1-8c451]:main():compute-mfcc-feats.cc:182) Processed features for key m3_338
VLOG[2] (compute-mfcc-feats[5.5.1126~1-8c451]:main():compute-mfcc-feats.cc:182) Processed features for key m3_340
VLOG[2] (compute-mfcc-feats[5.5.1126~1-8c451]:main():compute-mfcc-feats.cc:182) Processed features for key m3_342
LOG (compute-mfcc-feats[5.5.1126~1-8c451]:main():compute-mfcc-feats.cc:181) Processed 80 utterances
VLOG[2] (compute-mfcc-feats[5.5.1126~1-8c451]:main():compute-mfcc-feats.cc:182) Processed features for key m3_343
VLOG[2] (compute-mfcc-feats[5.5.1126~1-8c451]:main():compute-mfcc-feats.cc:182) Processed features for key m3_344
VLOG[2] (compute-mfcc-feats[5.5.1126~1-8c451]:main():compute-mfcc-feats.cc:182) Processed features for key m3_345
VLOG[2] (compute-mfcc-feats[5.5.1126~1-8c451]:main():compute-mfcc-feats.cc:182) Processed features for key m3_347
VLOG[2] (compute-mfcc-feats[5.5.1126~1-8c451]:main():compute-mfcc-feats.cc:182) Processed features for key m3_348
VLOG[2] (compute-mfcc-feats[5.5.1126~1-8c451]:main():compute-mfcc-feats.cc:182) Processed features for key m3_349
VLOG[2] (compute-mfcc-feats[5.5.1126~1-8c451]:main():compute-mfcc-feats.cc:182) Processed features for key m3_350
VLOG[2] (compute-mfcc-feats[5.5.1126~1-8c451]:main():compute-mfcc-feats.cc:182) Processed features for key m3_353
VLOG[2] (compute-mfcc-feats[5.5.1126~1-8c451]:main():compute-mfcc-feats.cc:182) Processed features for key m3_354
VLOG[2] (compute-mfcc-feats[5.5.1126~1-8c451]:main():compute-mfcc-feats.cc:182) Processed features for key m3_355
LOG (compute-mfcc-feats[5.5.1126~1-8c451]:main():compute-mfcc-feats.cc:181) Processed 90 utterances
VLOG[2] (compute-mfcc-feats[5.5.1126~1-8c451]:main():compute-mfcc-feats.cc:182) Processed features for key m3_357
VLOG[2] (compute-mfcc-feats[5.5.1126~1-8c451]:main():compute-mfcc-feats.cc:182) Processed features for key m3_358
VLOG[2] (compute-mfcc-feats[5.5.1126~1-8c451]:main():compute-mfcc-feats.cc:182) Processed features for key m3_359
VLOG[2] (compute-mfcc-feats[5.5.1126~1-8c451]:main():compute-mfcc-feats.cc:182) Processed features for key m3_360
VLOG[2] (compute-mfcc-feats[5.5.1126~1-8c451]:main():compute-mfcc-feats.cc:182) Processed features for key m3_362
VLOG[2] (compute-mfcc-feats[5.5.1126~1-8c451]:main():compute-mfcc-feats.cc:182) Processed features for key m3_363
VLOG[2] (compute-mfcc-feats[5.5.1126~1-8c451]:main():compute-mfcc-feats.cc:182) Processed features for key m3_365
VLOG[2] (compute-mfcc-feats[5.5.1126~1-8c451]:main():compute-mfcc-feats.cc:182) Processed features for key m3_367
VLOG[2] (compute-mfcc-feats[5.5.1126~1-8c451]:main():compute-mfcc-feats.cc:182) Processed features for key m3_368
VLOG[2] (compute-mfcc-feats[5.5.1126~1-8c451]:main():compute-mfcc-feats.cc:182) Processed features for key m3_369
LOG (compute-mfcc-feats[5.5.1126~1-8c451]:main():compute-mfcc-feats.cc:181) Processed 100 utterances
VLOG[2] (compute-mfcc-feats[5.5.1126~1-8c451]:main():compute-mfcc-feats.cc:182) Processed features for key m3_370
VLOG[2] (compute-mfcc-feats[5.5.1126~1-8c451]:main():compute-mfcc-feats.cc:182) Processed features for key m3_372
VLOG[2] (compute-mfcc-feats[5.5.1126~1-8c451]:main():compute-mfcc-feats.cc:182) Processed features for key m3_373
VLOG[2] (compute-mfcc-feats[5.5.1126~1-8c451]:main():compute-mfcc-feats.cc:182) Processed features for key m3_374
VLOG[2] (compute-mfcc-feats[5.5.1126~1-8c451]:main():compute-mfcc-feats.cc:182) Processed features for key m3_375
VLOG[2] (compute-mfcc-feats[5.5.1126~1-8c451]:main():compute-mfcc-feats.cc:182) Processed features for key m3_378
VLOG[2] (compute-mfcc-feats[5.5.1126~1-8c451]:main():compute-mfcc-feats.cc:182) Processed features for key m3_379
VLOG[2] (compute-mfcc-feats[5.5.1126~1-8c451]:main():compute-mfcc-feats.cc:182) Processed features for key m3_380
VLOG[2] (compute-mfcc-feats[5.5.1126~1-8c451]:main():compute-mfcc-feats.cc:182) Processed features for key m3_382
VLOG[2] (compute-mfcc-feats[5.5.1126~1-8c451]:main():compute-mfcc-feats.cc:182) Processed features for key m3_383
LOG (compute-mfcc-feats[5.5.1126~1-8c451]:main():compute-mfcc-feats.cc:181) Processed 110 utterances
VLOG[2] (compute-mfcc-feats[5.5.1126~1-8c451]:main():compute-mfcc-feats.cc:182) Processed features for key m3_384
VLOG[2] (compute-mfcc-feats[5.5.1126~1-8c451]:main():compute-mfcc-feats.cc:182) Processed features for key m3_385
VLOG[2] (compute-mfcc-feats[5.5.1126~1-8c451]:main():compute-mfcc-feats.cc:182) Processed features for key m3_387
VLOG[2] (compute-mfcc-feats[5.5.1126~1-8c451]:main():compute-mfcc-feats.cc:182) Processed features for key m3_388
VLOG[2] (compute-mfcc-feats[5.5.1126~1-8c451]:main():compute-mfcc-feats.cc:182) Processed features for key m3_390
VLOG[2] (compute-mfcc-feats[5.5.1126~1-8c451]:main():compute-mfcc-feats.cc:182) Processed features for key m3_392
VLOG[2] (compute-mfcc-feats[5.5.1126~1-8c451]:main():compute-mfcc-feats.cc:182) Processed features for key m3_393
VLOG[2] (compute-mfcc-feats[5.5.1126~1-8c451]:main():compute-mfcc-feats.cc:182) Processed features for key m3_394
VLOG[2] (compute-mfcc-feats[5.5.1126~1-8c451]:main():compute-mfcc-feats.cc:182) Processed features for key m3_395
VLOG[2] (compute-mfcc-feats[5.5.1126~1-8c451]:main():compute-mfcc-feats.cc:182) Processed features for key m3_397
LOG (compute-mfcc-feats[5.5.1126~1-8c451]:main():compute-mfcc-feats.cc:181) Processed 120 utterances
VLOG[2] (compute-mfcc-feats[5.5.1126~1-8c451]:main():compute-mfcc-feats.cc:182) Processed features for key m3_398
VLOG[2] (compute-mfcc-feats[5.5.1126~1-8c451]:main():compute-mfcc-feats.cc:182) Processed features for key m3_399
VLOG[2] (compute-mfcc-feats[5.5.1126~1-8c451]:main():compute-mfcc-feats.cc:182) Processed features for key m3_400
VLOG[2] (compute-mfcc-feats[5.5.1126~1-8c451]:main():compute-mfcc-feats.cc:182) Processed features for key m3_403
VLOG[2] (compute-mfcc-feats[5.5.1126~1-8c451]:main():compute-mfcc-feats.cc:182) Processed features for key m3_404
VLOG[2] (compute-mfcc-feats[5.5.1126~1-8c451]:main():compute-mfcc-feats.cc:182) Processed features for key m3_405
VLOG[2] (compute-mfcc-feats[5.5.1126~1-8c451]:main():compute-mfcc-feats.cc:182) Processed features for key m3_407
VLOG[2] (compute-mfcc-feats[5.5.1126~1-8c451]:main():compute-mfcc-feats.cc:182) Processed features for key m3_408
VLOG[2] (compute-mfcc-feats[5.5.1126~1-8c451]:main():compute-mfcc-feats.cc:182) Processed features for key m3_409
VLOG[2] (compute-mfcc-feats[5.5.1126~1-8c451]:main():compute-mfcc-feats.cc:182) Processed features for key m3_410
LOG (compute-mfcc-feats[5.5.1126~1-8c451]:main():compute-mfcc-feats.cc:181) Processed 130 utterances
VLOG[2] (compute-mfcc-feats[5.5.1126~1-8c451]:main():compute-mfcc-feats.cc:182) Processed features for key m3_412
VLOG[2] (compute-mfcc-feats[5.5.1126~1-8c451]:main():compute-mfcc-feats.cc:182) Processed features for key m3_413
VLOG[2] (compute-mfcc-feats[5.5.1126~1-8c451]:main():compute-mfcc-feats.cc:182) Processed features for key m3_415
VLOG[2] (compute-mfcc-feats[5.5.1126~1-8c451]:main():compute-mfcc-feats.cc:182) Processed features for key m3_417
VLOG[2] (compute-mfcc-feats[5.5.1126~1-8c451]:main():compute-mfcc-feats.cc:182) Processed features for key m3_418
VLOG[2] (compute-mfcc-feats[5.5.1126~1-8c451]:main():compute-mfcc-feats.cc:182) Processed features for key m3_419
VLOG[2] (compute-mfcc-feats[5.5.1126~1-8c451]:main():compute-mfcc-feats.cc:182) Processed features for key m3_420
VLOG[2] (compute-mfcc-feats[5.5.1126~1-8c451]:main():compute-mfcc-feats.cc:182) Processed features for key m3_422
VLOG[2] (compute-mfcc-feats[5.5.1126~1-8c451]:main():compute-mfcc-feats.cc:182) Processed features for key m3_423
VLOG[2] (compute-mfcc-feats[5.5.1126~1-8c451]:main():compute-mfcc-feats.cc:182) Processed features for key m3_424
LOG (compute-mfcc-feats[5.5.1126~1-8c451]:main():compute-mfcc-feats.cc:181) Processed 140 utterances
VLOG[2] (compute-mfcc-feats[5.5.1126~1-8c451]:main():compute-mfcc-feats.cc:182) Processed features for key m3_425
VLOG[2] (compute-mfcc-feats[5.5.1126~1-8c451]:main():compute-mfcc-feats.cc:182) Processed features for key m3_428
VLOG[2] (compute-mfcc-feats[5.5.1126~1-8c451]:main():compute-mfcc-feats.cc:182) Processed features for key m3_429
VLOG[2] (compute-mfcc-feats[5.5.1126~1-8c451]:main():compute-mfcc-feats.cc:182) Processed features for key m3_430
VLOG[2] (compute-mfcc-feats[5.5.1126~1-8c451]:main():compute-mfcc-feats.cc:182) Processed features for key m3_432
VLOG[2] (compute-mfcc-feats[5.5.1126~1-8c451]:main():compute-mfcc-feats.cc:182) Processed features for key m3_433
VLOG[2] (compute-mfcc-feats[5.5.1126~1-8c451]:main():compute-mfcc-feats.cc:182) Processed features for key m3_434
VLOG[2] (compute-mfcc-feats[5.5.1126~1-8c451]:main():compute-mfcc-feats.cc:182) Processed features for key m3_435
VLOG[2] (compute-mfcc-feats[5.5.1126~1-8c451]:main():compute-mfcc-feats.cc:182) Processed features for key m3_437
VLOG[2] (compute-mfcc-feats[5.5.1126~1-8c451]:main():compute-mfcc-feats.cc:182) Processed features for key m3_438
LOG (compute-mfcc-feats[5.5.1126~1-8c451]:main():compute-mfcc-feats.cc:181) Processed 150 utterances
VLOG[2] (compute-mfcc-feats[5.5.1126~1-8c451]:main():compute-mfcc-feats.cc:182) Processed features for key m3_440
VLOG[2] (compute-mfcc-feats[5.5.1126~1-8c451]:main():compute-mfcc-feats.cc:182) Processed features for key m3_442
VLOG[2] (compute-mfcc-feats[5.5.1126~1-8c451]:main():compute-mfcc-feats.cc:182) Processed features for key m3_443
VLOG[2] (compute-mfcc-feats[5.5.1126~1-8c451]:main():compute-mfcc-feats.cc:182) Processed features for key m3_444
VLOG[2] (compute-mfcc-feats[5.5.1126~1-8c451]:main():compute-mfcc-feats.cc:182) Processed features for key m3_445
VLOG[2] (compute-mfcc-feats[5.5.1126~1-8c451]:main():compute-mfcc-feats.cc:182) Processed features for key m3_447
VLOG[2] (compute-mfcc-feats[5.5.1126~1-8c451]:main():compute-mfcc-feats.cc:182) Processed features for key m3_448
VLOG[2] (compute-mfcc-feats[5.5.1126~1-8c451]:main():compute-mfcc-feats.cc:182) Processed features for key m3_449
VLOG[2] (compute-mfcc-feats[5.5.1126~1-8c451]:main():compute-mfcc-feats.cc:182) Processed features for key m3_450
VLOG[2] (compute-mfcc-feats[5.5.1126~1-8c451]:main():compute-mfcc-feats.cc:182) Processed features for key m3_453
LOG (compute-mfcc-feats[5.5.1126~1-8c451]:main():compute-mfcc-feats.cc:181) Processed 160 utterances
VLOG[2] (compute-mfcc-feats[5.5.1126~1-8c451]:main():compute-mfcc-feats.cc:182) Processed features for key m3_454
VLOG[2] (compute-mfcc-feats[5.5.1126~1-8c451]:main():compute-mfcc-feats.cc:182) Processed features for key m3_455
VLOG[2] (compute-mfcc-feats[5.5.1126~1-8c451]:main():compute-mfcc-feats.cc:182) Processed features for key m3_457
VLOG[2] (compute-mfcc-feats[5.5.1126~1-8c451]:main():compute-mfcc-feats.cc:182) Processed features for key m3_458
VLOG[2] (compute-mfcc-feats[5.5.1126~1-8c451]:main():compute-mfcc-feats.cc:182) Processed features for key m3_459
VLOG[2] (compute-mfcc-feats[5.5.1126~1-8c451]:main():compute-mfcc-feats.cc:182) Processed features for key m3_460
LOG (compute-mfcc-feats[5.5.1126~1-8c451]:main():compute-mfcc-feats.cc:185)  Done 165 out of 165 utterances.
LOG (copy-feats[5.5.1126~1-8c451]:main():copy-feats.cc:143) Copied 165 feature matrices.
# Accounting: time=4 threads=1
# Ended (code 0) at Sat Apr 27 18:36:15 EEST 2024, elapsed time 4 seconds
