# gmm-acc-stats-ali exp/mono_bg/7.mdl "ark,s,cs:apply-cmvn  --utt2spk=ark:data/train/split4/2/utt2spk scp:data/train/split4/2/cmvn.scp scp:data/train/split4/2/feats.scp ark:- | add-deltas  ark:- ark:- |" "ark:gunzip -c exp/mono_bg/ali.2.gz|" exp/mono_bg/7.2.acc 
# Started at Mon Apr 29 12:05:16 EEST 2024
#
gmm-acc-stats-ali exp/mono_bg/7.mdl 'ark,s,cs:apply-cmvn  --utt2spk=ark:data/train/split4/2/utt2spk scp:data/train/split4/2/cmvn.scp scp:data/train/split4/2/feats.scp ark:- | add-deltas  ark:- ark:- |' 'ark:gunzip -c exp/mono_bg/ali.2.gz|' exp/mono_bg/7.2.acc 
add-deltas ark:- ark:- 
apply-cmvn --utt2spk=ark:data/train/split4/2/utt2spk scp:data/train/split4/2/cmvn.scp scp:data/train/split4/2/feats.scp ark:- 
LOG (gmm-acc-stats-ali[5.5.1126~1-8c451]:main():gmm-acc-stats-ali.cc:105) Processed 50 utterances; for utterance f5_070 avg. like is -96.3922 over 606 frames.
WARNING (gmm-acc-stats-ali[5.5.1126~1-8c451]:main():gmm-acc-stats-ali.cc:79) No alignment for utterance f5_083
LOG (gmm-acc-stats-ali[5.5.1126~1-8c451]:main():gmm-acc-stats-ali.cc:105) Processed 100 utterances; for utterance f5_142 avg. like is -83.8958 over 386 frames.
WARNING (gmm-acc-stats-ali[5.5.1126~1-8c451]:main():gmm-acc-stats-ali.cc:79) No alignment for utterance f5_167
LOG (gmm-acc-stats-ali[5.5.1126~1-8c451]:main():gmm-acc-stats-ali.cc:105) Processed 150 utterances; for utterance f5_212 avg. like is -86.6443 over 459 frames.
LOG (gmm-acc-stats-ali[5.5.1126~1-8c451]:main():gmm-acc-stats-ali.cc:105) Processed 200 utterances; for utterance f5_282 avg. like is -88.0415 over 681 frames.
LOG (gmm-acc-stats-ali[5.5.1126~1-8c451]:main():gmm-acc-stats-ali.cc:105) Processed 250 utterances; for utterance f5_350 avg. like is -87.813 over 356 frames.
LOG (gmm-acc-stats-ali[5.5.1126~1-8c451]:main():gmm-acc-stats-ali.cc:105) Processed 300 utterances; for utterance f5_420 avg. like is -90.7125 over 310 frames.
LOG (apply-cmvn[5.5.1126~1-8c451]:main():apply-cmvn.cc:162) Applied cepstral mean normalization to 331 utterances, errors on 0
LOG (gmm-acc-stats-ali[5.5.1126~1-8c451]:main():gmm-acc-stats-ali.cc:112) Done 329 files, 2 with errors.
LOG (gmm-acc-stats-ali[5.5.1126~1-8c451]:main():gmm-acc-stats-ali.cc:115) Overall avg like per frame (Gaussian only) = -88.468 over 151118 frames.
LOG (gmm-acc-stats-ali[5.5.1126~1-8c451]:main():gmm-acc-stats-ali.cc:123) Written accs.
# Accounting: time=2 threads=1
# Ended (code 0) at Mon Apr 29 12:05:18 EEST 2024, elapsed time 2 seconds
