# lattice-scale --inv-acoustic-scale=8 "ark:gunzip -c ./exp/tri_bg/decode_dnn/lat.*.gz|" ark:- | lattice-add-penalty --word-ins-penalty=0.0 ark:- ark:- | lattice-best-path --word-symbol-table=./exp/tri_bg/graph/words.txt ark:- ark,t:- | utils/int2sym.pl -f 2- ./exp/tri_bg/graph/words.txt | cat > ./exp/tri_bg/decode_dnn/scoring_kaldi/penalty_0.0/8.txt 
# Started at Mon Apr 29 13:55:31 EEST 2024
#
lattice-scale --inv-acoustic-scale=8 'ark:gunzip -c ./exp/tri_bg/decode_dnn/lat.*.gz|' ark:- 
lattice-best-path --word-symbol-table=./exp/tri_bg/graph/words.txt ark:- ark,t:- 
lattice-add-penalty --word-ins-penalty=0.0 ark:- ark:- 
LOG (lattice-best-path[5.5.1126~1-8c451]:main():lattice-best-path.cc:99) For utterance f1_001, best cost 63.9378 + 297.668 = 361.606 over 237 frames.
f1_001 sil ih s w ih z iy s iy f er aw s sil 
LOG (lattice-best-path[5.5.1126~1-8c451]:main():lattice-best-path.cc:99) For utterance f1_006, best cost 86.4558 + 378.939 = 465.395 over 338 frames.
f1_006 sil w ay ey l ao r iy ow v er s ah l iy ay d ah n z sil 
LOG (lattice-best-path[5.5.1126~1-8c451]:main():lattice-best-path.cc:99) For utterance f1_011, best cost 71.1195 + 389.172 = 460.292 over 306 frames.
f1_011 sil s w iy aa r ah z hh ay z iy k aw n sil 
LOG (lattice-best-path[5.5.1126~1-8c451]:main():lattice-best-path.cc:99) For utterance f1_016, best cost 98.1025 + 390.965 = 489.068 over 336 frames.
f1_016 sil ae l ah n iy hh ay z ah d ih f ao r s k ae n s w eh l sil 
LOG (lattice-best-path[5.5.1126~1-8c451]:main():lattice-best-path.cc:99) For utterance f1_021, best cost 66.0501 + 375.671 = 441.721 over 290 frames.
f1_021 sil ah l iy l ey er z ah l er sil s sil 
LOG (lattice-best-path[5.5.1126~1-8c451]:main():lattice-best-path.cc:99) For utterance f1_026, best cost 85.6069 + 355.402 = 441.009 over 305 frames.
f1_026 sil d ow n t uw ch er l iy s t er d iy d ih sh ah z sil 
LOG (lattice-best-path[5.5.1126~1-8c451]:main():lattice-best-path.cc:99) For utterance f1_031, best cost 122.912 + 437.438 = 560.349 over 395 frames.
f1_031 sil aa r s k ah l p er iy s l w ao z ah p er jh uw ey sh ah n er ih z ah n sil 
LOG (lattice-best-path[5.5.1126~1-8c451]:main():lattice-best-path.cc:99) For utterance f1_036, best cost 91.5822 + 410.022 = 501.604 over 353 frames.
f1_036 sil dh eh s ah b aa n dh iy ae n t er t ih ng s w ao r t sil 
LOG (lattice-best-path[5.5.1126~1-8c451]:main():lattice-best-path.cc:99) For utterance f1_041, best cost 100.327 + 416.62 = 516.946 over 363 frames.
f1_041 sil dh ae sh ih z p ih k p aa k aa m p l ih sh ah n aa r sil 
LOG (lattice-best-path[5.5.1126~1-8c451]:main():lattice-best-path.cc:99) For utterance f1_046, best cost 99.0857 + 423.295 = 522.381 over 373 frames.
f1_046 sil dh iy p r l ao r s t iy m ae s k p er d ih s k ae z sil 
LOG (lattice-best-path[5.5.1126~1-8c451]:main():lattice-best-path.cc:99) For utterance f1_051, best cost 119.809 + 467.287 = 587.096 over 398 frames.
f1_051 sil ah n iy k ah n t uw dh ey sh ah n z ah l iy g r iy l iy p r iy ch ey t ah d sil 
LOG (lattice-best-path[5.5.1126~1-8c451]:main():lattice-best-path.cc:99) For utterance f1_056, best cost 124.777 + 462.791 = 587.568 over 439 frames.
f1_056 sil w eh s t er z g ae sh er ch k ow s t iy p r ey s ih ng k r iy s ah z sil 
LOG (lattice-best-path[5.5.1126~1-8c451]:main():lattice-best-path.cc:99) For utterance f1_061, best cost 108.102 + 388.607 = 496.709 over 359 frames.
f1_061 sil k ow s t ih s p oy l ih z ih z p l ey s aa n s k r ey n sil 
LOG (lattice-best-path[5.5.1126~1-8c451]:main():lattice-best-path.cc:99) For utterance f1_066, best cost 103.613 + 308.021 = 411.634 over 309 frames.
f1_066 sil dh ae k t er z p er z k r ay g r ah k s t uw f r iy l iy sil 
LOG (lattice-best-path[5.5.1126~1-8c451]:main():lattice-best-path.cc:99) For utterance f1_071, best cost 131.853 + 483.749 = 615.602 over 436 frames.
f1_071 sil w aa p r ey sh ah n ah l ah f ah n er s t ae n d ih ng l iy v iy t uw s p iy t sil 
LOG (lattice-best-path[5.5.1126~1-8c451]:main():lattice-best-path.cc:99) For utterance f1_076, best cost 81.1663 + 355.529 = 436.695 over 313 frames.
f1_076 sil ih th ih ng g er ih z ah v ae n s k aa ch er sil 
LOG (lattice-best-path[5.5.1126~1-8c451]:main():lattice-best-path.cc:99) For utterance f1_081, best cost 124.283 + 388.476 = 512.759 over 360 frames.
f1_081 sil m ae s k r ey p aa r d iy s hh aa k s ah n t ih n ah jh ah n ey sh ah n sil 
LOG (lattice-best-path[5.5.1126~1-8c451]:main():lattice-best-path.cc:99) For utterance f1_086, best cost 167.769 + 555.127 = 722.896 over 522 frames.
f1_086 sil aa r d uw ch ah l d ah n t eh k r iy b eh k l ae s er m z f er hh aa k ao l aa l ah d ey z sil 
LOG (lattice-best-path[5.5.1126~1-8c451]:main():lattice-best-path.cc:99) For utterance f1_091, best cost 100.138 + 370.513 = 470.652 over 327 frames.
f1_091 sil iy ch t ae p ih s t r iy hh aw n ih ng r m ao l ay d sil 
LOG (lattice-best-path[5.5.1126~1-8c451]:main():lattice-best-path.cc:99) For utterance f1_096, best cost 88.4688 + 380.237 = 468.705 over 339 frames.
f1_096 sil ih s ao ao r jh er s sh aa k ah k ae p s sil 
LOG (lattice-best-path[5.5.1126~1-8c451]:main():lattice-best-path.cc:99) For utterance f1_101, best cost 77.5888 + 337.039 = 414.628 over 300 frames.
f1_101 sil ae s t ah s k er ah n ih r l ah t ae n sil 
LOG (lattice-best-path[5.5.1126~1-8c451]:main():lattice-best-path.cc:99) For utterance f1_106, best cost 119.186 + 432.566 = 551.753 over 388 frames.
f1_106 sil t r ah s t eh s ih z f er b ih n ah n s ah t eh k t ah p aa n t iy sil 
LOG (lattice-best-path[5.5.1126~1-8c451]:main():lattice-best-path.cc:99) For utterance f1_111, best cost 101.919 + 350.514 = 452.433 over 329 frames.
f1_111 sil aa r d ih f ih sh ow n t eh l ah jh ah n s ih z f er iy l sil 
LOG (lattice-best-path[5.5.1126~1-8c451]:main():lattice-best-path.cc:99) For utterance f1_116, best cost 106.5 + 373.711 = 480.212 over 323 frames.
f1_116 sil w iy p l iy s ah b ae l d ih n uw b eh v er jh p l ae n t sil 
LOG (lattice-best-path[5.5.1126~1-8c451]:main():lattice-best-path.cc:99) For utterance f1_121, best cost 122.702 + 589.817 = 712.519 over 494 frames.
f1_121 sil s ay n t uw dh iy p r ae g r ae s k ah n ch ah n ah z aa l ah n ih s sil 
LOG (lattice-best-path[5.5.1126~1-8c451]:main():lattice-best-path.cc:99) For utterance f1_126, best cost 117.57 + 490.682 = 608.252 over 432 frames.
f1_126 sil w ih sh aa t ih k ah l ih z ah p ey t ih n iy p aa r f ih k ey sh ah n sil 
LOG (lattice-best-path[5.5.1126~1-8c451]:main():lattice-best-path.cc:99) For utterance f1_131, best cost 129.242 + 446.172 = 575.415 over 419 frames.
f1_131 sil p r eh k ae t s ih k y ih sh ah m ay n s t r ah sh ah n z k r ih sh ah l sil 
LOG (lattice-best-path[5.5.1126~1-8c451]:main():lattice-best-path.cc:99) For utterance f1_136, best cost 95.0151 + 424.965 = 519.98 over 352 frames.
f1_136 sil dh iy s t iy ah z ih g z ih s ah n ao r d ay m ah n s sil 
LOG (lattice-best-path[5.5.1126~1-8c451]:main():lattice-best-path.cc:99) For utterance f1_141, best cost 80.0932 + 442.939 = 523.032 over 364 frames.
f1_141 sil uw s p l ah n t er dh iy p eh r f ey t er z sil 
LOG (lattice-best-path[5.5.1126~1-8c451]:main():lattice-best-path.cc:99) For utterance f1_146, best cost 104.319 + 467.961 = 572.28 over 381 frames.
f1_146 sil p er ao r ah n hh aw er m ay n t ah n ah f ao t ah m l iy z sil 
LOG (lattice-best-path[5.5.1126~1-8c451]:main():lattice-best-path.cc:99) For utterance f1_151, best cost 67.5746 + 439.39 = 506.964 over 325 frames.
f1_151 sil dh iy p ay ae k aw n ah b ay y uw sil 
LOG (lattice-best-path[5.5.1126~1-8c451]:main():lattice-best-path.cc:99) For utterance f1_156, best cost 155.331 + 566.338 = 721.669 over 482 frames.
f1_156 sil w eh v er k aa p r ey t s ih n b ay n ih n ae n s k aw n iy ow l b iy er w ao r d ah d sil 
LOG (lattice-best-path[5.5.1126~1-8c451]:main():lattice-best-path.cc:99) For utterance f1_161, best cost 115.902 + 537.413 = 653.315 over 455 frames.
f1_161 sil dh eh r l iy s iy t ih f y ao r s t uw dh iy s m ah l f ao r iy z sil 
LOG (lattice-best-path[5.5.1126~1-8c451]:main():lattice-best-path.cc:99) For utterance f1_166, best cost 96.9056 + 380.012 = 476.917 over 335 frames.
f1_166 sil dh iy k ae t s ah n aw t ao l ih z hh er s m ay iy er z sil 
LOG (lattice-best-path[5.5.1126~1-8c451]:main():lattice-best-path.cc:99) For utterance f1_171, best cost 103.381 + 443.784 = 547.166 over 379 frames.
f1_171 sil dh iy s t r ay ae f ay ow v er l iy t s m ay ao t ih z sil 
LOG (lattice-best-path[5.5.1126~1-8c451]:main():lattice-best-path.cc:99) For utterance f1_176, best cost 54.6672 + 340.131 = 394.799 over 262 frames.
f1_176 sil ey jh oy l ae b ih sh ah n sil 
LOG (lattice-best-path[5.5.1126~1-8c451]:main():lattice-best-path.cc:99) For utterance f1_181, best cost 156.126 + 522.263 = 678.389 over 466 frames.
f1_181 sil dh iy ah n t ow sh ah n sh ah d ah b oy d ih k s p ow t er d ih k ah n t ey t uw s t ih z iy z ah z sil 
LOG (lattice-best-path[5.5.1126~1-8c451]:main():lattice-best-path.cc:99) For utterance f1_186, best cost 71.8491 + 450.805 = 522.655 over 346 frames.
f1_186 sil iy v n ay ah m ah n d iy b l uw z sil 
LOG (lattice-best-path[5.5.1126~1-8c451]:main():lattice-best-path.cc:99) For utterance f1_191, best cost 83.1696 + 470.015 = 553.184 over 373 frames.
f1_191 sil m ay k ah k aa t ah v er m ao r ay ah n z sil 
LOG (lattice-best-path[5.5.1126~1-8c451]:main():lattice-best-path.cc:99) For utterance f1_196, best cost 120.437 + 493.634 = 614.071 over 428 frames.
f1_196 sil dh iy s er m ah n ae f ah s ay s ih n iy f er f er m ah b aa sh ah n sil 
LOG (lattice-best-path[5.5.1126~1-8c451]:main():lattice-best-path.cc:99) For utterance f1_201, best cost 121.095 + 499.36 = 620.455 over 424 frames.
f1_201 sil k ao r ey t ae k ah p r ae sh eh k ae sh uh d t er m ah n ey sh ah n sil 
LOG (lattice-best-path[5.5.1126~1-8c451]:main():lattice-best-path.cc:99) For utterance f1_206, best cost 112.87 + 612.898 = 725.768 over 476 frames.
f1_206 sil s eh k ah d er l iy ah n t ah l dh iy s ay k ah l aa ch aa m ah sil 
LOG (lattice-best-path[5.5.1126~1-8c451]:main():lattice-best-path.cc:99) For utterance f1_211, best cost 81.8531 + 424.498 = 506.351 over 338 frames.
f1_211 sil ay l iy n t r iy m ey t s ey n b eh ng sil 
LOG (lattice-best-path[5.5.1126~1-8c451]:main():lattice-best-path.cc:99) For utterance f1_216, best cost 112.339 + 421.036 = 533.376 over 365 frames.
f1_216 sil dh iy d ae t er b ih z m iy ah n d y ah l ah n t uw dh iy p ey sh ah n t sil 
LOG (lattice-best-path[5.5.1126~1-8c451]:main():lattice-best-path.cc:99) For utterance f1_221, best cost 92.0348 + 359.098 = 451.132 over 312 frames.
f1_221 sil hh ae l iy t uw ih z ih s ah b l ae s k ah l ey er sil 
LOG (lattice-best-path[5.5.1126~1-8c451]:main():lattice-best-path.cc:99) For utterance f1_226, best cost 111.136 + 435.728 = 546.864 over 376 frames.
f1_226 sil dh iy p ao r d ih z b aa t er f l ay t iy d ah l aa n ae k er sil 
LOG (lattice-best-path[5.5.1126~1-8c451]:main():lattice-best-path.cc:99) For utterance f1_231, best cost 89.8217 + 359.495 = 449.316 over 300 frames.
f1_231 sil w eh r ow p ah n eh v er iy m ah n d ay iy n ih ng sil 
LOG (lattice-best-path[5.5.1126~1-8c451]:main():lattice-best-path.cc:99) For utterance f1_236, best cost 99.3907 + 413.052 = 512.443 over 358 frames.
f1_236 sil hh aw oy l iy t iy l ey t ih s ae l ah t r ah s ih ng sil 
LOG (lattice-best-path[5.5.1126~1-8c451]:main():lattice-best-path.cc:99) For utterance f1_241, best cost 103.154 + 503.593 = 606.748 over 433 frames.
f1_241 sil ih jh aa t iy z ae n t ae k ah n ah s t ih m ah s ah l z sil 
LOG (lattice-best-path[5.5.1126~1-8c451]:main():lattice-best-path.cc:99) For utterance f1_246, best cost 68.9386 + 486.228 = 555.166 over 347 frames.
f1_246 sil ey m ey b oy ey n s ih k aa t sil 
LOG (lattice-best-path[5.5.1126~1-8c451]:main():lattice-best-path.cc:99) For utterance f1_251, best cost 167.927 + 584.46 = 752.386 over 526 frames.
f1_251 sil dh iy f r ih z p er s t iy z iy er k r ay t ey sh ah n l iy w iy z ah l ao s t r iy ch er n ah l sil 
LOG (lattice-best-path[5.5.1126~1-8c451]:main():lattice-best-path.cc:99) For utterance f1_256, best cost 139.364 + 508.531 = 647.895 over 447 frames.
f1_256 sil ae n g eh r ah n hh ay d ao r m ih z ey sh ah n s p er m ow er f ah n t r ah l sil 
LOG (lattice-best-path[5.5.1126~1-8c451]:main():lattice-best-path.cc:99) For utterance f1_261, best cost 121.608 + 471.62 = 593.228 over 423 frames.
f1_261 sil w ey p er f ah l aa ch uw z p er b eh r iy z f ah n s iy aa t ah l sil 
LOG (lattice-best-path[5.5.1126~1-8c451]:main():lattice-best-path.cc:99) For utterance f1_266, best cost 91.7146 + 388.231 = 479.946 over 326 frames.
f1_266 sil ch ey jh er ae s t iy k ae n s m ao l z uw z sil 
LOG (lattice-best-path[5.5.1126~1-8c451]:main():lattice-best-path.cc:99) For utterance f1_271, best cost 80.9578 + 325.72 = 406.677 over 289 frames.
f1_271 sil ah n iy v ih sh ey n sh ey p aa s ah l iy sil 
LOG (lattice-best-path[5.5.1126~1-8c451]:main():lattice-best-path.cc:99) For utterance f1_276, best cost 87.9111 + 341.278 = 429.189 over 298 frames.
f1_276 sil dh iy t ow z ah n f iy l dh iy k ah n jh ah n ah l z sil 
LOG (lattice-best-path[5.5.1126~1-8c451]:main():lattice-best-path.cc:99) For utterance f1_281, best cost 136.202 + 711.214 = 847.416 over 558 frames.
f1_281 sil ay d ih z ae t er s ah n b ah l iy w aa n f ao r m ah n ah p aa r b r eh s sil 
LOG (lattice-best-path[5.5.1126~1-8c451]:main():lattice-best-path.cc:99) For utterance f1_286, best cost 94.93 + 355.338 = 450.267 over 302 frames.
f1_286 sil dh ae t ow ch iy s ah s k ae s m er s ah l s l iy sil 
LOG (lattice-best-path[5.5.1126~1-8c451]:main():lattice-best-path.cc:99) For utterance f1_291, best cost 86.9313 + 436.549 = 523.481 over 343 frames.
f1_291 sil ah l eh g ae n t ae b iy s t uw d ah l d ih z sil 
LOG (lattice-best-path[5.5.1126~1-8c451]:main():lattice-best-path.cc:99) For utterance f1_296, best cost 130.99 + 721.911 = 852.901 over 571 frames.
f1_296 sil ae l ah s iy p oy n ah n ah b ay l ah jh iy ah n iy ah n ih r ah n d ih n z sil 
LOG (lattice-best-path[5.5.1126~1-8c451]:main():lattice-best-path.cc:99) For utterance f1_301, best cost 93.5693 + 523.563 = 617.132 over 417 frames.
f1_301 sil t aa k l iy s t aa p r eh r ih ng ih z b ay k s sil 
LOG (lattice-best-path[5.5.1126~1-8c451]:main():lattice-best-path.cc:99) For utterance f1_306, best cost 105.492 + 454.554 = 560.045 over 386 frames.
f1_306 sil d aa r g er k y uw n aa n z er aw n f er m ay l z sil 
LOG (lattice-best-path[5.5.1126~1-8c451]:main():lattice-best-path.cc:99) For utterance f1_311, best cost 126.345 + 615.552 = 741.897 over 495 frames.
f1_311 sil dh iy f r ey t uw ch ay l ih z jh ah m ah s ah t uw b ay z b ih g r ae t er sil 
LOG (lattice-best-path[5.5.1126~1-8c451]:main():lattice-best-path.cc:99) For utterance f1_316, best cost 167.56 + 630.761 = 798.321 over 563 frames.
f1_316 sil dh iy p r iy s w eh k ah n b er b ay s er f iy ah n z aa p iy ah m er sh ah n s iy k ah n d ih sh ah n z sil 
LOG (lattice-best-path[5.5.1126~1-8c451]:main():lattice-best-path.cc:99) For utterance f1_321, best cost 111.433 + 397.049 = 508.482 over 353 frames.
f1_321 sil ah l oy ow ih z ah p oy n t uw t ae k s ih k y uw g er w eh l sil 
LOG (lattice-best-path[5.5.1126~1-8c451]:main():lattice-best-path.cc:99) For utterance f1_326, best cost 140.745 + 580.81 = 721.556 over 494 frames.
f1_326 sil dh iy s ih s t ah m ey b r ey k aw n s iy n z ih z ey t er b ay l z f r iy l iy sil 
LOG (lattice-best-path[5.5.1126~1-8c451]:main():lattice-best-path.cc:99) For utterance f1_331, best cost 129.965 + 582.113 = 712.078 over 492 frames.
f1_331 sil dh iy k ah n ah n t eh k t ih z eh k t ah n k ao r d ih g ah m p r iy aw er z sil 
LOG (lattice-best-path[5.5.1126~1-8c451]:main():lattice-best-path.cc:99) For utterance f1_336, best cost 83.6456 + 544.511 = 628.156 over 404 frames.
f1_336 sil eh r ow z m ao r n ah l ih ng ih sh t ae d sil 
LOG (lattice-best-path[5.5.1126~1-8c451]:main():lattice-best-path.cc:99) For utterance f1_341, best cost 93.4131 + 513.646 = 607.059 over 414 frames.
f1_341 sil r ih n ah n eh v er t sil dh iy k ah l iy iy m ah n sil 
LOG (lattice-best-path[5.5.1126~1-8c451]:main():lattice-best-path.cc:99) For utterance f1_346, best cost 83.8874 + 390.142 = 474.029 over 328 frames.
f1_346 sil w ao l k ah m ah n iy s t uw n z iy ch iy er sil 
LOG (lattice-best-path[5.5.1126~1-8c451]:main():lattice-best-path.cc:99) For utterance f1_351, best cost 91.894 + 381.155 = 473.049 over 336 frames.
f1_351 sil w ih ch er jh d ih s m eh k s p er sh ah p ah n sil 
LOG (lattice-best-path[5.5.1126~1-8c451]:main():lattice-best-path.cc:99) For utterance f1_356, best cost 75.2314 + 366.186 = 441.418 over 302 frames.
f1_356 sil dh ey ao l ay k w ao hh ay ch er aw er z sil 
LOG (lattice-best-path[5.5.1126~1-8c451]:main():lattice-best-path.cc:99) For utterance f1_361, best cost 98.2766 + 449.203 = 547.48 over 381 frames.
f1_361 sil t ih n z ih sh iy l ah s iy m l iy s f ay s ah l iy sil 
LOG (lattice-best-path[5.5.1126~1-8c451]:main():lattice-best-path.cc:99) For utterance f1_366, best cost 109.601 + 501.801 = 611.403 over 419 frames.
f1_366 sil ao r jh ah k ah n s ah s ah v ah l iy s k t ah m b l aw s ah z sil 
LOG (lattice-best-path[5.5.1126~1-8c451]:main():lattice-best-path.cc:99) For utterance f1_371, best cost 96.1313 + 505.56 = 601.691 over 401 frames.
f1_371 sil ay d r ay d ih s ah b oy b ae p ah n ah ch ey n z sil 
LOG (lattice-best-path[5.5.1126~1-8c451]:main():lattice-best-path.cc:99) For utterance f1_376, best cost 74.5864 + 454.546 = 529.133 over 370 frames.
f1_376 sil iy er s ah v ah l aa r d w ih n d ah sil 
LOG (lattice-best-path[5.5.1126~1-8c451]:main():lattice-best-path.cc:99) For utterance f1_381, best cost 135.958 + 552.292 = 688.25 over 474 frames.
f1_381 sil ah n t ih f ah n ah jh g r iy s iy er ch ey n b iy ch er d ah b aa sh er l iy sil 
LOG (lattice-best-path[5.5.1126~1-8c451]:main():lattice-best-path.cc:99) For utterance f1_386, best cost 87.5597 + 588.835 = 676.394 over 474 frames.
f1_386 sil dh iy k r ae ch aa n sh ah n iy k s t ae t ah n sil 
LOG (lattice-best-path[5.5.1126~1-8c451]:main():lattice-best-path.cc:99) For utterance f1_391, best cost 74.5334 + 371.282 = 445.816 over 336 frames.
f1_391 sil iy ch t ih sh er l iy f ay n z ah n sil 
LOG (lattice-best-path[5.5.1126~1-8c451]:main():lattice-best-path.cc:99) For utterance f1_396, best cost 137.639 + 578.312 = 715.951 over 507 frames.
f1_396 sil dh ae t er t ay z ih ng b er s ah v er ay d iy s p er n ah v er ch ey n z s sil 
LOG (lattice-best-path[5.5.1126~1-8c451]:main():lattice-best-path.cc:99) For utterance f1_401, best cost 111.751 + 468.912 = 580.663 over 395 frames.
f1_401 sil t aa n s ah s ah l aa r jh ah k l ae n s ao s ah p r aa k ah l sil 
LOG (lattice-best-path[5.5.1126~1-8c451]:main():lattice-best-path.cc:99) For utterance f1_406, best cost 120.647 + 632.299 = 752.946 over 518 frames.
f1_406 sil dh iy f ih k ae l f aa r iy er l iy ow v er w ao ng t ah m z iy z sil 
LOG (lattice-best-path[5.5.1126~1-8c451]:main():lattice-best-path.cc:99) For utterance f1_411, best cost 106.199 + 384.493 = 490.692 over 343 frames.
f1_411 sil ih z w iy z ih sh ah n t aa r m ay z m aa r k ah l ah s l iy sil 
LOG (lattice-best-path[5.5.1126~1-8c451]:main():lattice-best-path.cc:99) For utterance f1_416, best cost 62.9902 + 436.962 = 499.952 over 320 frames.
f1_416 sil ae p aa k ah l ah s k ao iy sil 
LOG (lattice-best-path[5.5.1126~1-8c451]:main():lattice-best-path.cc:99) For utterance f1_421, best cost 93.9019 + 380.593 = 474.495 over 329 frames.
f1_421 sil ih z b ae k aa s t ah n z ah p ay k ah l ah f ah l sil 
LOG (lattice-best-path[5.5.1126~1-8c451]:main():lattice-best-path.cc:99) For utterance f1_426, best cost 122.199 + 496.339 = 618.538 over 437 frames.
f1_426 sil dh iy z ih g ow n z aa l ah jh ah s f r l ae s t er ah p oy d ah jh sil 
LOG (lattice-best-path[5.5.1126~1-8c451]:main():lattice-best-path.cc:99) For utterance f1_431, best cost 96.3277 + 530.185 = 626.513 over 432 frames.
f1_431 sil n ah m p r ah v er k ah n z ey sh ah n t eh v er iy z sil 
LOG (lattice-best-path[5.5.1126~1-8c451]:main():lattice-best-path.cc:99) For utterance f1_436, best cost 103.907 + 471.561 = 575.469 over 405 frames.
f1_436 sil ey f r iy p r ah l iy ah k er z ah n t ih ng s k eh v ih ng sil 
LOG (lattice-best-path[5.5.1126~1-8c451]:main():lattice-best-path.cc:99) For utterance f1_441, best cost 79.2373 + 415.06 = 494.297 over 335 frames.
f1_441 sil r ae k ah n iy z ah k ae z ah g r iy ah m sil 
LOG (lattice-best-path[5.5.1126~1-8c451]:main():lattice-best-path.cc:99) For utterance f1_446, best cost 94.704 + 459.932 = 554.636 over 379 frames.
f1_446 sil dh iy s t iy ch ah p ow z iy m ay ih g ae m ah n t er sil 
LOG (lattice-best-path[5.5.1126~1-8c451]:main():lattice-best-path.cc:99) For utterance f1_451, best cost 124.059 + 502.992 = 627.051 over 444 frames.
f1_451 sil ch ow ch ah n p ah n s ih m ah n iy f er r ah l ah s ah m ah n s ih ng sil 
LOG (lattice-best-path[5.5.1126~1-8c451]:main():lattice-best-path.cc:99) For utterance f1_456, best cost 100.396 + 543.044 = 643.439 over 433 frames.
f1_456 sil ah m ah s ih z ae k ae t er aw t ow z k aa r d ah n sil 
LOG (lattice-best-path[5.5.1126~1-8c451]:main():lattice-best-path.cc:99) For utterance f5_001, best cost 49.5059 + 292.229 = 341.735 over 249 frames.
f5_001 sil ih z ih z iy p er ah s sil 
LOG (lattice-best-path[5.5.1126~1-8c451]:main():lattice-best-path.cc:99) For utterance f5_006, best cost 63.9681 + 374.85 = 438.818 over 325 frames.
f5_006 sil w ay iy l er w er iy ow v z sil 
LOG (lattice-best-path[5.5.1126~1-8c451]:main():lattice-best-path.cc:99) For utterance f5_011, best cost 23.4275 + 356.234 = 379.661 over 301 frames.
f5_011 sil n sil 
LOG (lattice-best-path[5.5.1126~1-8c451]:main():lattice-best-path.cc:99) For utterance f5_021, best cost 50.3116 + 333.948 = 384.259 over 301 frames.
f5_021 sil ah l iy l er z d er z sil 
LOG (lattice-best-path[5.5.1126~1-8c451]:main():lattice-best-path.cc:99) For utterance f5_031, best cost 39.7162 + 425.82 = 465.536 over 391 frames.
f5_031 sil uw ey sh ah n sil 
LOG (lattice-best-path[5.5.1126~1-8c451]:main():lattice-best-path.cc:99) For utterance f5_036, best cost 31.0782 + 390.575 = 421.653 over 348 frames.
f5_036 sil ao r t sil 
LOG (lattice-best-path[5.5.1126~1-8c451]:main():lattice-best-path.cc:99) For utterance f5_041, best cost 39.2369 + 408.651 = 447.888 over 364 frames.
f5_041 sil eh m y ao r sil 
LOG (lattice-best-path[5.5.1126~1-8c451]:main():lattice-best-path.cc:99) For utterance f5_046, best cost 76.437 + 356.917 = 433.355 over 354 frames.
f5_046 sil dh iy p r aa l ao r s k y ah s k ay z sil 
LOG (lattice-best-path[5.5.1126~1-8c451]:main():lattice-best-path.cc:99) For utterance f5_051, best cost 67.2134 + 429.188 = 496.402 over 393 frames.
f5_051 sil g r iy l iy p r ih sh iy t ah d sil 
LOG (lattice-best-path[5.5.1126~1-8c451]:main():lattice-best-path.cc:99) For utterance f5_056, best cost 110.064 + 433.778 = 543.842 over 446 frames.
f5_056 sil k ae sh ao r d ih ch k aa s t iy p r ih s ih ng k r iy s ih z sil 
LOG (lattice-best-path[5.5.1126~1-8c451]:main():lattice-best-path.cc:99) For utterance f5_061, best cost 108.564 + 336.227 = 444.791 over 377 frames.
f5_061 sil k l ih s t ih s p l ey l ih z ah s p l iy s ah n s k r iy n sil 
LOG (lattice-best-path[5.5.1126~1-8c451]:main():lattice-best-path.cc:99) For utterance f5_066, best cost 35.4679 + 365.525 = 400.993 over 335 frames.
f5_066 sil f r iy l iy sil 
LOG (lattice-best-path[5.5.1126~1-8c451]:main():lattice-best-path.cc:99) For utterance f5_071, best cost 107.547 + 453.053 = 560.601 over 448 frames.
f5_071 sil k w aa p r ey sh ah n ah l aa ng l iy v iy t ih s p iy t sil 
LOG (lattice-best-path[5.5.1126~1-8c451]:main():lattice-best-path.cc:99) For utterance f5_076, best cost 22.5748 + 347.906 = 370.481 over 309 frames.
f5_076 sil er sil 
LOG (lattice-best-path[5.5.1126~1-8c451]:main():lattice-best-path.cc:99) For utterance f5_081, best cost 89.2163 + 386.913 = 476.129 over 373 frames.
f5_081 sil ae s k r ey p r iy z t ae k s w ey sh ah n sil 
LOG (lattice-best-path[5.5.1126~1-8c451]:main():lattice-best-path.cc:99) For utterance f5_086, best cost 59.0138 + 562.897 = 621.911 over 495 frames.
f5_086 sil r ao l hh ao l ah d ey z sil 
LOG (lattice-best-path[5.5.1126~1-8c451]:main():lattice-best-path.cc:99) For utterance f5_091, best cost 55.9936 + 358.913 = 414.906 over 318 frames.
f5_091 sil t ae n hh er hh ao l iy sil 
LOG (lattice-best-path[5.5.1126~1-8c451]:main():lattice-best-path.cc:99) For utterance f5_096, best cost 47.9545 + 368.085 = 416.039 over 334 frames.
f5_096 sil ih sh ao k ae s t sil 
LOG (lattice-best-path[5.5.1126~1-8c451]:main():lattice-best-path.cc:99) For utterance f5_101, best cost 31.0066 + 358.988 = 389.995 over 302 frames.
f5_101 sil t ae n d sil 
LOG (lattice-best-path[5.5.1126~1-8c451]:main():lattice-best-path.cc:99) For utterance f5_106, best cost 20.2998 + 454.193 = 474.493 over 388 frames.
f5_106 sil iy sil 
LOG (lattice-best-path[5.5.1126~1-8c451]:main():lattice-best-path.cc:99) For utterance f5_111, best cost 87.4422 + 327.46 = 414.902 over 318 frames.
f5_111 sil ih sh l ah n t eh l ah jh ah n z ih z f er iy l sil 
LOG (lattice-best-path[5.5.1126~1-8c451]:main():lattice-best-path.cc:99) For utterance f5_116, best cost 16.5611 + 383.988 = 400.549 over 326 frames.
f5_116 sil sil 
LOG (lattice-best-path[5.5.1126~1-8c451]:main():lattice-best-path.cc:99) For utterance f5_121, best cost 28.1007 + 579.155 = 607.255 over 496 frames.
f5_121 sil z sil sil 
LOG (lattice-best-path[5.5.1126~1-8c451]:main():lattice-best-path.cc:99) For utterance f5_126, best cost 78.7347 + 488.519 = 567.254 over 451 frames.
f5_126 sil dh iy ch l ah m aa r er f ih k ey sh ah n sil 
LOG (lattice-best-path[5.5.1126~1-8c451]:main():lattice-best-path.cc:99) For utterance f5_131, best cost 85.2985 + 414.877 = 500.175 over 403 frames.
f5_131 sil m ay n s t r ah ch ah n z ah s k r ih sh ah l sil 
LOG (lattice-best-path[5.5.1126~1-8c451]:main():lattice-best-path.cc:99) For utterance f5_136, best cost 20.4298 + 415.465 = 435.895 over 370 frames.
f5_136 sil s sil 
LOG (lattice-best-path[5.5.1126~1-8c451]:main():lattice-best-path.cc:99) For utterance f5_141, best cost 23.9021 + 416.477 = 440.379 over 366 frames.
f5_141 sil er z sil 
LOG (lattice-best-path[5.5.1126~1-8c451]:main():lattice-best-path.cc:99) For utterance f5_146, best cost 32.8541 + 474.816 = 507.671 over 398 frames.
f5_146 sil hh er ao z sil 
LOG (lattice-best-path[5.5.1126~1-8c451]:main():lattice-best-path.cc:99) For utterance f5_151, best cost 50.4014 + 342.618 = 393.019 over 304 frames.
f5_151 sil aw n dh iy b ay y uw sil 
LOG (lattice-best-path[5.5.1126~1-8c451]:main():lattice-best-path.cc:99) For utterance f5_156, best cost 111.077 + 548.136 = 659.214 over 500 frames.
f5_156 sil w eh v er k w aa n ae n s k ae m iy l w iy w ao r d ah d sil 
LOG (lattice-best-path[5.5.1126~1-8c451]:main():lattice-best-path.cc:99) For utterance f5_161, best cost 33.4263 + 471.057 = 504.483 over 443 frames.
f5_161 sil l er iy z sil 
LOG (lattice-best-path[5.5.1126~1-8c451]:main():lattice-best-path.cc:99) For utterance f5_166, best cost 55.7498 + 380.01 = 435.76 over 336 frames.
f5_166 sil k ae m y ao l w er z sil 
LOG (lattice-best-path[5.5.1126~1-8c451]:main():lattice-best-path.cc:99) For utterance f5_171, best cost 109.567 + 364.773 = 474.34 over 374 frames.
f5_171 sil ih s t r ay ah v er iy f ay l b r l iy d ah t uw m ay s sil 
LOG (lattice-best-path[5.5.1126~1-8c451]:main():lattice-best-path.cc:99) For utterance f5_176, best cost 76.4933 + 290.017 = 366.511 over 282 frames.
f5_176 sil dh iy ih n jh oy ow ah n ay ae n t ih sh ah n sil 
LOG (lattice-best-path[5.5.1126~1-8c451]:main():lattice-best-path.cc:99) For utterance f5_181, best cost 49.9096 + 542.902 = 592.811 over 465 frames.
f5_181 sil iy s t ih z iy z ah z sil 
LOG (lattice-best-path[5.5.1126~1-8c451]:main():lattice-best-path.cc:99) For utterance f5_186, best cost 23.637 + 422.761 = 446.398 over 352 frames.
f5_186 sil n z sil 
LOG (lattice-best-path[5.5.1126~1-8c451]:main():lattice-best-path.cc:99) For utterance f5_191, best cost 85.1854 + 422.637 = 507.822 over 383 frames.
f5_191 sil m ay k ah l k ah l ah m ao l ih k r ah n z sil 
LOG (lattice-best-path[5.5.1126~1-8c451]:main():lattice-best-path.cc:99) For utterance f5_196, best cost 85.2075 + 451.349 = 536.557 over 428 frames.
f5_196 sil dh iy s er f er f er m ah n ah v ae k sh ah n sil 
LOG (lattice-best-path[5.5.1126~1-8c451]:main():lattice-best-path.cc:99) For utterance f5_201, best cost 90.6324 + 438.052 = 528.685 over 415 frames.
f5_201 sil k ao r ey t ae k dh iy p r aa jh ih n ey sh ah n sil 
LOG (lattice-best-path[5.5.1126~1-8c451]:main():lattice-best-path.cc:99) For utterance f5_206, best cost 36.9237 + 499.37 = 536.294 over 417 frames.
f5_206 sil sil aa n ah sil 
LOG (lattice-best-path[5.5.1126~1-8c451]:main():lattice-best-path.cc:99) For utterance f5_211, best cost 82.7744 + 352.715 = 435.489 over 329 frames.
f5_211 sil hh ay oy n f r iy l iy m iy n s ih ng ih ng sil 
LOG (lattice-best-path[5.5.1126~1-8c451]:main():lattice-best-path.cc:99) For utterance f5_216, best cost 37.8218 + 444.365 = 482.187 over 379 frames.
f5_216 sil dh iy p ey sh ah n sil 
LOG (lattice-best-path[5.5.1126~1-8c451]:main():lattice-best-path.cc:99) For utterance f5_221, best cost 98.3679 + 344.319 = 442.687 over 339 frames.
f5_221 sil hh aw n sh ah n z ih z ih s ah b oy ah s k ah l iy d er sil 
LOG (lattice-best-path[5.5.1126~1-8c451]:main():lattice-best-path.cc:99) For utterance f5_226, best cost 49.4826 + 411.927 = 461.41 over 364 frames.
f5_226 sil dh iy k ao r jh ah s p er sil 
LOG (lattice-best-path[5.5.1126~1-8c451]:main():lattice-best-path.cc:99) For utterance f5_231, best cost 77.109 + 310.87 = 387.979 over 302 frames.
f5_231 sil dh iy r ow p ah n t eh v er iy m ah n ih ng sil 
LOG (lattice-best-path[5.5.1126~1-8c451]:main():lattice-best-path.cc:99) For utterance f5_236, best cost 63.3825 + 396.13 = 459.512 over 356 frames.
f5_236 sil hh ow l iy eh l ah jh eh s ih ng sil 
LOG (lattice-best-path[5.5.1126~1-8c451]:main():lattice-best-path.cc:99) For utterance f5_241, best cost 45.8463 + 454.424 = 500.271 over 406 frames.
f5_241 sil dh iy jh ao ah l z sil 
LOG (lattice-best-path[5.5.1126~1-8c451]:main():lattice-best-path.cc:99) For utterance f5_246, best cost 46.4569 + 383.93 = 430.387 over 340 frames.
f5_246 sil ih ng g r iy b oy sil 
LOG (lattice-best-path[5.5.1126~1-8c451]:main():lattice-best-path.cc:99) For utterance f5_251, best cost 89.7827 + 553.257 = 643.04 over 520 frames.
f5_251 sil t er f r ah s iy sh iy p ow l er n ah l sil 
LOG (lattice-best-path[5.5.1126~1-8c451]:main():lattice-best-path.cc:99) For utterance f5_256, best cost 42.5116 + 497.982 = 540.494 over 433 frames.
f5_256 sil ih z ey sh ah l sil 
LOG (lattice-best-path[5.5.1126~1-8c451]:main():lattice-best-path.cc:99) For utterance f5_261, best cost 67.0067 + 437.654 = 504.661 over 410 frames.
f5_261 sil l aa sh ah z ah b er y ah l sil 
LOG (lattice-best-path[5.5.1126~1-8c451]:main():lattice-best-path.cc:99) For utterance f5_266, best cost 68.4581 + 337.569 = 406.027 over 333 frames.
f5_266 sil sh ah d r ae n s w ao l z uw z sil 
LOG (lattice-best-path[5.5.1126~1-8c451]:main():lattice-best-path.cc:99) For utterance f5_271, best cost 54.2953 + 344.855 = 399.15 over 314 frames.
f5_271 sil ch ey n sh iy p l iy sil 
LOG (lattice-best-path[5.5.1126~1-8c451]:main():lattice-best-path.cc:99) For utterance f5_276, best cost 49.8266 + 358.809 = 408.636 over 321 frames.
f5_276 sil iy w eh n er ah l z sil 
LOG (lattice-best-path[5.5.1126~1-8c451]:main():lattice-best-path.cc:99) For utterance f5_281, best cost 37.1069 + 694.289 = 731.395 over 565 frames.
f5_281 sil n f ao r sil 
LOG (lattice-best-path[5.5.1126~1-8c451]:main():lattice-best-path.cc:99) For utterance f5_286, best cost 54.4978 + 333.793 = 388.291 over 319 frames.
f5_286 sil ch iy s ah s k ae l iy sil 
LOG (lattice-best-path[5.5.1126~1-8c451]:main():lattice-best-path.cc:99) For utterance f5_291, best cost 16.7736 + 426.817 = 443.59 over 368 frames.
f5_291 sil sil 
LOG (lattice-best-path[5.5.1126~1-8c451]:main():lattice-best-path.cc:99) For utterance f5_296, best cost 48.6207 + 685.318 = 733.939 over 575 frames.
f5_296 sil n dh iy b ay l ah s sil 
LOG (lattice-best-path[5.5.1126~1-8c451]:main():lattice-best-path.cc:99) For utterance f5_301, best cost 55.8496 + 491.142 = 546.991 over 425 frames.
f5_301 sil t aa t aa p r eh r d sil 
LOG (lattice-best-path[5.5.1126~1-8c451]:main():lattice-best-path.cc:99) For utterance f5_306, best cost 53.7515 + 501.435 = 555.187 over 433 frames.
f5_306 sil r aa n f r ah m ay l z sil 
LOG (lattice-best-path[5.5.1126~1-8c451]:main():lattice-best-path.cc:99) For utterance f5_311, best cost 56.8536 + 526.733 = 583.586 over 458 frames.
f5_311 sil dh iy f r ah n ch ae l d er sil 
LOG (lattice-best-path[5.5.1126~1-8c451]:main():lattice-best-path.cc:99) For utterance f5_316, best cost 105.574 + 488.38 = 593.954 over 457 frames.
f5_316 sil dh iy p r iy s k ah l ih l ay s er f y ah l ih ng ih sh ah n z sil 
LOG (lattice-best-path[5.5.1126~1-8c451]:main():lattice-best-path.cc:99) For utterance f5_321, best cost 108.559 + 384.475 = 493.035 over 377 frames.
f5_321 sil ah l er w ao z ah p oy n t uw t ae k s k y uw hh er w ah l sil 
LOG (lattice-best-path[5.5.1126~1-8c451]:main():lattice-best-path.cc:99) For utterance f5_326, best cost 146.396 + 433.447 = 579.843 over 481 frames.
f5_326 sil dh iy s ih s t ah m ey b r iy k aw n s ih n s ih s ey t er f ay l z f r iy k ah l iy sil 
LOG (lattice-best-path[5.5.1126~1-8c451]:main():lattice-best-path.cc:99) For utterance f5_331, best cost 36.2017 + 560.439 = 596.641 over 487 frames.
f5_331 sil r iy aw er z sil 
LOG (lattice-best-path[5.5.1126~1-8c451]:main():lattice-best-path.cc:99) For utterance f5_336, best cost 102.1 + 432.155 = 534.255 over 396 frames.
f5_336 sil eh n oy s p aa r ih z m w ao r n oy n iy ch t iy sil 
LOG (lattice-best-path[5.5.1126~1-8c451]:main():lattice-best-path.cc:99) For utterance f5_341, best cost 59.6149 + 475.862 = 535.477 over 420 frames.
f5_341 sil ah n ah n eh v er dh iy k ah n sil 
LOG (lattice-best-path[5.5.1126~1-8c451]:main():lattice-best-path.cc:99) For utterance f5_346, best cost 64.6057 + 388.406 = 453.012 over 360 frames.
f5_346 sil m ah n iy n y iy ch iy er sil 
LOG (lattice-best-path[5.5.1126~1-8c451]:main():lattice-best-path.cc:99) For utterance f5_351, best cost 26.1085 + 382.915 = 409.023 over 341 frames.
f5_351 sil dh ae n sil 
LOG (lattice-best-path[5.5.1126~1-8c451]:main():lattice-best-path.cc:99) For utterance f5_361, best cost 96.5407 + 374.128 = 470.669 over 372 frames.
f5_361 sil sh iy l ah t uw s iy m uw v iy z t ay s ah l iy sil 
LOG (lattice-best-path[5.5.1126~1-8c451]:main():lattice-best-path.cc:99) For utterance f5_366, best cost 58.8492 + 446.677 = 505.526 over 405 frames.
f5_366 sil iy s k r ih l aa s ah z sil 
LOG (lattice-best-path[5.5.1126~1-8c451]:main():lattice-best-path.cc:99) For utterance f5_371, best cost 35.488 + 476.566 = 512.054 over 396 frames.
f5_371 sil ch ey n jh sil 
LOG (lattice-best-path[5.5.1126~1-8c451]:main():lattice-best-path.cc:99) For utterance f5_376, best cost 30.9991 + 422.122 = 453.121 over 351 frames.
f5_376 sil n d ih l sil 
LOG (lattice-best-path[5.5.1126~1-8c451]:main():lattice-best-path.cc:99) For utterance f5_381, best cost 101.239 + 469.574 = 570.813 over 463 frames.
f5_381 sil ng y uw ch ey n b iy ch er dh iy w aa sh d er l iy sil 
LOG (lattice-best-path[5.5.1126~1-8c451]:main():lattice-best-path.cc:99) For utterance f5_386, best cost 60.4756 + 448.07 = 508.546 over 421 frames.
f5_386 sil ah k r ae k w ih sh t ae m sil 
LOG (lattice-best-path[5.5.1126~1-8c451]:main():lattice-best-path.cc:99) For utterance f5_391, best cost 41.0003 + 358.788 = 399.788 over 321 frames.
f5_391 sil sh er l iy n sil 
LOG (lattice-best-path[5.5.1126~1-8c451]:main():lattice-best-path.cc:99) For utterance f5_396, best cost 87.6584 + 534.798 = 622.456 over 518 frames.
f5_396 sil b er ay t iy s ao r n eh v er ch ey n d ih z sil 
LOG (lattice-best-path[5.5.1126~1-8c451]:main():lattice-best-path.cc:99) For utterance f5_401, best cost 92.8973 + 421.201 = 514.098 over 394 frames.
f5_401 sil ah l aa r jh er k l ae m p ah p r aa b ah m sil 
LOG (lattice-best-path[5.5.1126~1-8c451]:main():lattice-best-path.cc:99) For utterance f5_406, best cost 136.793 + 521.471 = 658.265 over 512 frames.
f5_406 sil eh l m f ao r s ih z n ih l iy ow v er w ao ng b ay t ae ch ah m z iy z sil 
LOG (lattice-best-path[5.5.1126~1-8c451]:main():lattice-best-path.cc:99) For utterance f5_411, best cost 35.3028 + 508.101 = 543.403 over 433 frames.
f5_411 sil sil l iy sil 
LOG (lattice-best-path[5.5.1126~1-8c451]:main():lattice-best-path.cc:99) For utterance f5_416, best cost 19.9933 + 424.315 = 444.308 over 339 frames.
f5_416 sil d sil 
LOG (lattice-best-path[5.5.1126~1-8c451]:main():lattice-best-path.cc:99) For utterance f5_421, best cost 40.6651 + 375.848 = 416.513 over 332 frames.
f5_421 sil k ah l ah f ah l sil 
LOG (lattice-best-path[5.5.1126~1-8c451]:main():lattice-best-path.cc:99) For utterance f5_431, best cost 25.37 + 515.508 = 540.878 over 427 frames.
f5_431 sil er z sil 
LOG (lattice-best-path[5.5.1126~1-8c451]:main():lattice-best-path.cc:99) For utterance f5_436, best cost 54.8979 + 460.287 = 515.185 over 405 frames.
f5_436 sil sil ey f r iy k ah ng sil 
LOG (lattice-best-path[5.5.1126~1-8c451]:main():lattice-best-path.cc:99) For utterance f5_441, best cost 88.1817 + 329.841 = 418.023 over 325 frames.
f5_441 sil r aa k ah m ah m iy z ih k ae z ah g r iy ah m sil 
LOG (lattice-best-path[5.5.1126~1-8c451]:main():lattice-best-path.cc:99) For utterance f5_446, best cost 106.971 + 403.081 = 510.052 over 398 frames.
f5_446 sil dh iy s p iy s ah m p ow z iy m ay b iy g ae n ah m ah n d iy sil 
LOG (lattice-best-path[5.5.1126~1-8c451]:main():lattice-best-path.cc:99) For utterance f5_451, best cost 75.7504 + 577.24 = 652.991 over 533 frames.
f5_451 sil sil ah m ah n iy f r uw r ah l ih ng sil 
LOG (lattice-best-path[5.5.1126~1-8c451]:main():lattice-best-path.cc:99) For utterance f5_456, best cost 80.8967 + 464.907 = 545.804 over 434 frames.
f5_456 sil ah l aa n ah t uw aa t ah s k aa r d ah n sil 
LOG (lattice-best-path[5.5.1126~1-8c451]:main():lattice-best-path.cc:99) For utterance m1_001, best cost 66.7067 + 234.267 = 300.974 over 200 frames.
m1_001 sil ih s w ao z iy z iy f er ae s sil 
LOG (lattice-best-path[5.5.1126~1-8c451]:main():lattice-best-path.cc:99) For utterance m1_006, best cost 92.4442 + 453.617 = 546.061 over 381 frames.
m1_006 sil l ah jh eh l ao r iy ow v er s ah l iy ay d ah m z sil 
LOG (lattice-best-path[5.5.1126~1-8c451]:main():lattice-best-path.cc:99) For utterance m1_011, best cost 81.3297 + 402.191 = 483.521 over 308 frames.
m1_011 sil s ah n y uh r ah m ah s hh ay jh ah t ae n sil 
LOG (lattice-best-path[5.5.1126~1-8c451]:main():lattice-best-path.cc:99) For utterance m1_016, best cost 98.1849 + 436.927 = 535.112 over 374 frames.
m1_016 sil ae l ah m ow n iy hh ay m z ah n ae n s w eh l f sil 
LOG (lattice-best-path[5.5.1126~1-8c451]:main():lattice-best-path.cc:99) For utterance m1_021, best cost 74.4906 + 420.021 = 494.511 over 323 frames.
m1_021 sil ah l eh r s l ah m ih l iy ah n er z sil 
LOG (lattice-best-path[5.5.1126~1-8c451]:main():lattice-best-path.cc:99) For utterance m1_026, best cost 88.8806 + 394.961 = 483.841 over 326 frames.
m1_026 sil d ow ch uw ch aa r l iy z t er iy d ih sh ah s sil 
LOG (lattice-best-path[5.5.1126~1-8c451]:main():lattice-best-path.cc:99) For utterance m1_031, best cost 119.81 + 487.585 = 607.395 over 415 frames.
m1_031 sil aa r ow l b r ih z w ih z ah g r eh jh oy ih sh ah p r ih z ah n sil 
LOG (lattice-best-path[5.5.1126~1-8c451]:main():lattice-best-path.cc:99) For utterance m1_036, best cost 109.132 + 445.762 = 554.894 over 379 frames.
m1_036 sil dh ae s k ah p ow l k ah n b iy ah n er t ih ng k s ao r t sil 
LOG (lattice-best-path[5.5.1126~1-8c451]:main():lattice-best-path.cc:99) For utterance m1_041, best cost 112.714 + 447.392 = 560.106 over 398 frames.
m1_041 sil dh ae m ah d eh k s t r ah s p aa p ah t uw k aa p ih sh ao r sil 
LOG (lattice-best-path[5.5.1126~1-8c451]:main():lattice-best-path.cc:99) For utterance m1_046, best cost 102.61 + 501.144 = 603.753 over 421 frames.
m1_046 sil dh iy p r ao l ao r s k y uw m ae s k f er d ay z sil 
LOG (lattice-best-path[5.5.1126~1-8c451]:main():lattice-best-path.cc:99) For utterance m1_051, best cost 126.779 + 516.481 = 643.26 over 421 frames.
m1_051 sil ih n iy k ah k r iy sh ah n ah b ah b iy g r ey t l iy p r ih sh ey d sil 
LOG (lattice-best-path[5.5.1126~1-8c451]:main():lattice-best-path.cc:99) For utterance m1_056, best cost 138.68 + 563.509 = 702.189 over 496 frames.
m1_056 sil l ae s t er z k ae sh er jh k aa z s t iy p r ay s ih ng k r iy s ah z sil 
LOG (lattice-best-path[5.5.1126~1-8c451]:main():lattice-best-path.cc:99) For utterance m1_061, best cost 124.384 + 454.143 = 578.527 over 422 frames.
m1_061 sil k l ih s t ih s p l iy w ao z m ih z p l ey s t ah m ah s k r iy n sil 
LOG (lattice-best-path[5.5.1126~1-8c451]:main():lattice-best-path.cc:99) For utterance m1_066, best cost 109.869 + 436.511 = 546.379 over 365 frames.
m1_066 sil b aa p er z p er s k r ay d f er k s t uw f r iy l iy sil 
LOG (lattice-best-path[5.5.1126~1-8c451]:main():lattice-best-path.cc:99) For utterance m1_071, best cost 163.198 + 638.074 = 801.272 over 544 frames.
m1_071 sil k w aa p er ih sh ah n ah l aa ng w ih th er s t ae n ih ng ih l iy v iy ey p ih s p y uw d sil 
LOG (lattice-best-path[5.5.1126~1-8c451]:main():lattice-best-path.cc:99) For utterance m1_076, best cost 88.4669 + 420.047 = 508.514 over 355 frames.
m1_076 sil dh iy f ih ng t er z ah f ey m ah s k ah l ch er sil 
LOG (lattice-best-path[5.5.1126~1-8c451]:main():lattice-best-path.cc:99) For utterance m1_081, best cost 130.891 + 458.573 = 589.464 over 397 frames.
m1_081 sil m eh s t er r ey p aa r iy z t ae k s w aa n z ah m eh jh ah n ih sh ah n sil 
LOG (lattice-best-path[5.5.1126~1-8c451]:main():lattice-best-path.cc:99) For utterance m1_086, best cost 160.501 + 656.539 = 817.04 over 555 frames.
m1_086 sil er n t ow p ah n t eh k er ey p er k l ae f r ah m z f er ao l hh ao l ah d ey z sil 
LOG (lattice-best-path[5.5.1126~1-8c451]:main():lattice-best-path.cc:99) For utterance m1_091, best cost 107.736 + 471.484 = 579.22 over 365 frames.
m1_091 sil dh iy k y uw jh t ae t s t r iy hh aw n ah p er hh aa l w ey 
LOG (lattice-best-path[5.5.1126~1-8c451]:main():lattice-best-path.cc:99) For utterance m1_096, best cost 102.101 + 444.433 = 546.534 over 359 frames.
m1_096 sil ih s ah v ah n t ah p aa r ch er sh aa p dh iy k ae s t sil 
LOG (lattice-best-path[5.5.1126~1-8c451]:main():lattice-best-path.cc:99) For utterance m1_101, best cost 87.9303 + 379.285 = 467.216 over 310 frames.
m1_101 sil k aa s t dh iy s k r uw n er l ae f t ae n sil 
LOG (lattice-best-path[5.5.1126~1-8c451]:main():lattice-best-path.cc:99) For utterance m1_106, best cost 131.157 + 517.908 = 649.065 over 432 frames.
m1_106 sil t r ah s k ae s ih ng ih z f r b ah n ah n s ah jh eh k t uw p eh n ah l iy sil 
LOG (lattice-best-path[5.5.1126~1-8c451]:main():lattice-best-path.cc:99) For utterance m1_111, best cost 102.888 + 388.568 = 491.457 over 358 frames.
m1_111 sil aa r f ih sh ah l ah n t ah l ah jh ah n s ih f er r iy l sil 
LOG (lattice-best-path[5.5.1126~1-8c451]:main():lattice-best-path.cc:99) For utterance m1_116, best cost 88.0241 + 427.786 = 515.81 over 369 frames.
m1_116 sil w iy p l ae n t uw b ih l ah n uw b eh v er sil 
LOG (lattice-best-path[5.5.1126~1-8c451]:main():lattice-best-path.cc:99) For utterance m1_121, best cost 134.748 + 685.685 = 820.432 over 552 frames.
m1_121 sil s ay n t ih f r iy p r r ah s k ah m f r uw d ih v eh l m ah n iy k s sil 
LOG (lattice-best-path[5.5.1126~1-8c451]:main():lattice-best-path.cc:99) For utterance m1_126, best cost 144.792 + 505.976 = 650.768 over 458 frames.
m1_126 sil w ih ch l aa n ao r d ih k ah l w ao z ah p ey k ah n iy v k l er v k ey sh ah n sil 
LOG (lattice-best-path[5.5.1126~1-8c451]:main():lattice-best-path.cc:99) For utterance m1_131, best cost 124.907 + 539.183 = 664.091 over 438 frames.
m1_131 sil k er k ah k s k ih sh ah n ah m ay n jh d ah sh ah n z k r jh ah l sil 
LOG (lattice-best-path[5.5.1126~1-8c451]:main():lattice-best-path.cc:99) For utterance m1_136, best cost 112.536 + 399.985 = 512.522 over 373 frames.
m1_136 sil dh iy s t iy t ow z ih g z ih s t ih n w er k l ay m ah s sil 
LOG (lattice-best-path[5.5.1126~1-8c451]:main():lattice-best-path.cc:99) For utterance m1_141, best cost 103.492 + 482.692 = 586.184 over 385 frames.
m1_141 sil r uw v ih s p l ah n t er ah p eh r ah p r iy z er z sil 
LOG (lattice-best-path[5.5.1126~1-8c451]:main():lattice-best-path.cc:99) For utterance m1_146, best cost 102.363 + 613.564 = 715.927 over 474 frames.
m1_146 sil hh er w aa b er hh er er m ay ao t ah m l iy t s sil 
LOG (lattice-best-path[5.5.1126~1-8c451]:main():lattice-best-path.cc:99) For utterance m1_151, best cost 69.3689 + 403.227 = 472.596 over 332 frames.
m1_151 sil dh iy k ay ae k ah m b ay y uw 
LOG (lattice-best-path[5.5.1126~1-8c451]:main():lattice-best-path.cc:99) For utterance m1_156, best cost 143.869 + 594.594 = 738.463 over 528 frames.
m1_156 sil w eh v er k w aa p er t uw n f ay n ih ng ae n s k ae m iy ow b iy w ao r d sil 
LOG (lattice-best-path[5.5.1126~1-8c451]:main():lattice-best-path.cc:99) For utterance m1_161, best cost 125.05 + 553.541 = 678.591 over 477 frames.
m1_161 sil eh r l iy s iy v ih f y ao r jh f r dh iy s ah n ah l f l er iy z sil 
LOG (lattice-best-path[5.5.1126~1-8c451]:main():lattice-best-path.cc:99) For utterance m1_166, best cost 82.922 + 455.682 = 538.604 over 380 frames.
m1_166 sil dh iy k ae n iy ae l w er m ay iy er z sil 
LOG (lattice-best-path[5.5.1126~1-8c451]:main():lattice-best-path.cc:99) For utterance m1_171, best cost 121.938 + 466.229 = 588.167 over 411 frames.
m1_171 sil ih sh ao r iy eh v er iy f ay l r l iy d ah t uw m ay ao t ah s sil 
LOG (lattice-best-path[5.5.1126~1-8c451]:main():lattice-best-path.cc:99) For utterance m1_176, best cost 61.7422 + 443.56 = 505.302 over 331 frames.
m1_176 sil ey jh oy ah l er d ih sh ah n sil 
LOG (lattice-best-path[5.5.1126~1-8c451]:main():lattice-best-path.cc:99) For utterance m1_181, best cost 155.234 + 560.96 = 716.194 over 502 frames.
m1_181 sil ch ih l d ah n t uw f ao r d ih k s p ow sh er t uw k ah n t ey jh ih z d ih z iy z ah z sil 
LOG (lattice-best-path[5.5.1126~1-8c451]:main():lattice-best-path.cc:99) For utterance m1_186, best cost 109.71 + 478.225 = 587.935 over 402 frames.
m1_186 sil iy v ah n ay ah k ey sh ah n ah l iy ah m ah n d ey b l uw z sil 
LOG (lattice-best-path[5.5.1126~1-8c451]:main():lattice-best-path.cc:99) For utterance m1_191, best cost 111.3 + 495.294 = 606.595 over 418 frames.
m1_191 sil m ay k ow k aa l er dh iy b ah b er w ao l f p er aw n z sil 
LOG (lattice-best-path[5.5.1126~1-8c451]:main():lattice-best-path.cc:99) For utterance m1_196, best cost 127.972 + 567.699 = 695.671 over 488 frames.
m1_196 sil dh iy s er m ah n ah f ah s ay z th ih n iy f er f er m ah n ae ch ah n sil 
LOG (lattice-best-path[5.5.1126~1-8c451]:main():lattice-best-path.cc:99) For utterance m1_201, best cost 109.476 + 541.22 = 650.696 over 453 frames.
m1_201 sil k ao r iy ah t ae k ah p r aa jh eh k w ih th er m ey sh ah n sil 
LOG (lattice-best-path[5.5.1126~1-8c451]:main():lattice-best-path.cc:99) For utterance m1_206, best cost 138.534 + 458.292 = 596.825 over 414 frames.
m1_206 sil s t ae v eh r l iy hh ae n d ah l dh iy s ay k ah l aa jh ih k ah l t r aa m ah 
LOG (lattice-best-path[5.5.1126~1-8c451]:main():lattice-best-path.cc:99) For utterance m1_211, best cost 98.0032 + 489.94 = 587.943 over 398 frames.
m1_211 sil ay er w ey ae n f r iy w ey n iy n s ih ng f ih ng sil 
LOG (lattice-best-path[5.5.1126~1-8c451]:main():lattice-best-path.cc:99) For utterance m1_216, best cost 122.244 + 486.183 = 608.427 over 430 frames.
m1_216 sil z aa ch er w ao z ih n dh iy ae m y ah l ah n s ah t dh iy p ey sh ah n z 
LOG (lattice-best-path[5.5.1126~1-8c451]:main():lattice-best-path.cc:99) For utterance m1_221, best cost 89.4858 + 443.64 = 533.126 over 367 frames.
m1_221 sil hh aw n z dh iy s ah b oy ah s k ah l ey t er sil 
LOG (lattice-best-path[5.5.1126~1-8c451]:main():lattice-best-path.cc:99) For utterance m1_226, best cost 103.112 + 453.787 = 556.9 over 388 frames.
m1_226 sil dh iy k ao r jh ih z b er f ah l ey t ah l ow v n ah ch er sil 
LOG (lattice-best-path[5.5.1126~1-8c451]:main():lattice-best-path.cc:99) For utterance m1_236, best cost 101.288 + 403.147 = 504.435 over 355 frames.
m1_236 sil hh aw w oy l iy d iy l ih k ih s eh l ah jh er s ih ng sil 
LOG (lattice-best-path[5.5.1126~1-8c451]:main():lattice-best-path.cc:99) For utterance m1_241, best cost 137.098 + 475.372 = 612.47 over 452 frames.
m1_241 sil dh iy jh aa b r ey t s p ay iy z ih ng ih n t eh k ah n ih s t ih k aa s ah l z 
LOG (lattice-best-path[5.5.1126~1-8c451]:main():lattice-best-path.cc:99) For utterance m1_246, best cost 74.3186 + 527.066 = 601.384 over 395 frames.
m1_246 sil dh iy ih ng r iy b oy iy ae n t er aw 
LOG (lattice-best-path[5.5.1126~1-8c451]:main():lattice-best-path.cc:99) For utterance m1_251, best cost 169.51 + 629.765 = 799.275 over 561 frames.
m1_251 sil jh ih f er th er d ih z p er s t iy sh iy k ey sh ah n l iy r iy z ah l s t r iy jh er n ah l sil 
LOG (lattice-best-path[5.5.1126~1-8c451]:main():lattice-best-path.cc:99) For utterance m1_256, best cost 144.777 + 530.977 = 675.753 over 461 frames.
m1_256 sil p ay m z p eh r ao r ih n ah z ey sh ah n z p er m ow p b er f ih n t r l sil 
LOG (lattice-best-path[5.5.1126~1-8c451]:main():lattice-best-path.cc:99) For utterance m1_261, best cost 133.382 + 516.218 = 649.6 over 450 frames.
m1_261 sil w ih k ah p er v k ah l aa sh ah z er f er y uw s ah l ah n s iy aw t ah l sil 
LOG (lattice-best-path[5.5.1126~1-8c451]:main():lattice-best-path.cc:99) For utterance m1_266, best cost 100.722 + 474.209 = 574.932 over 395 frames.
m1_266 sil sh uh d jh er ae s p iy k ae n s m l z uw z 
LOG (lattice-best-path[5.5.1126~1-8c451]:main():lattice-best-path.cc:99) For utterance m1_271, best cost 94.0892 + 365.093 = 459.182 over 320 frames.
m1_271 sil ah m iy d ih s ch ey n sh ey t k aa t s ah l iy sil 
LOG (lattice-best-path[5.5.1126~1-8c451]:main():lattice-best-path.cc:99) For utterance m1_276, best cost 94.7713 + 364.846 = 459.617 over 322 frames.
m1_276 sil ch ow z ah n f y uw w ih k aw n jh ah n er l z 
LOG (lattice-best-path[5.5.1126~1-8c451]:main():lattice-best-path.cc:99) For utterance m1_281, best cost 169.535 + 662.056 = 831.591 over 591 frames.
m1_281 sil m ay d ih s ay er z ah s ah m p ah l iy w aa n f ao r m ah t ah v p er r ae f aa n dh iy s ah sil 
LOG (lattice-best-path[5.5.1126~1-8c451]:main():lattice-best-path.cc:99) For utterance m1_286, best cost 108.974 + 396.175 = 505.149 over 359 frames.
m1_286 sil dh ae t d aa ch ey s ih s k ae t s m er s ah l ah s l iy sil 
LOG (lattice-best-path[5.5.1126~1-8c451]:main():lattice-best-path.cc:99) For utterance m1_291, best cost 107.071 + 481.099 = 588.171 over 403 frames.
m1_291 sil l eh v er hh ae n d ey t ah b iy ah s uw b ah l p ih f sil 
LOG (lattice-best-path[5.5.1126~1-8c451]:main():lattice-best-path.cc:99) For utterance m1_296, best cost 162.128 + 659.529 = 821.656 over 592 frames.
m1_296 sil ae l r s iy t uw jh oy dh iy p oy n d ah n dh iy b ay eh l ah jh iy ah n ah n jh ah n ih r iy s sil 
LOG (lattice-best-path[5.5.1126~1-8c451]:main():lattice-best-path.cc:99) For utterance m1_301, best cost 146.501 + 535.782 = 682.283 over 494 frames.
m1_301 sil t aa b p l ey z t aa p r ay ao r d iy ah n d ih t ih ng ih z b ay k f ih k s sil 
LOG (lattice-best-path[5.5.1126~1-8c451]:main():lattice-best-path.cc:99) For utterance m1_306, best cost 125.787 + 464.036 = 589.823 over 416 frames.
m1_306 sil jh aa r m er k iy l ih g uw n b aa n r aa n f r ah m ay l z 
LOG (lattice-best-path[5.5.1126~1-8c451]:main():lattice-best-path.cc:99) For utterance m1_311, best cost 100.772 + 685.548 = 786.32 over 539 frames.
m1_311 sil dh iy f r ah n t r ow p ih ch ah n s ih jh uw b ay er sil 
LOG (lattice-best-path[5.5.1126~1-8c451]:main():lattice-best-path.cc:99) For utterance m1_316, best cost 191.798 + 691.576 = 883.375 over 631 frames.
m1_316 sil dh iy p r iy s k ah l ah k ah n p er b ah l ay s er f y ah l ah n d ah b aa th iy m er jh ah n t iy k ah n d ih sh ah n z sil 
LOG (lattice-best-path[5.5.1126~1-8c451]:main():lattice-best-path.cc:99) For utterance m1_321, best cost 114.573 + 458.545 = 573.118 over 412 frames.
m1_321 sil ah l er w ao z ah p oy n t ah n t ae k s ih k y uw hh er w ih l 
LOG (lattice-best-path[5.5.1126~1-8c451]:main():lattice-best-path.cc:99) For utterance m1_326, best cost 139.43 + 583.505 = 722.935 over 542 frames.
m1_326 sil dh iy s ih s ah m ey b r iy p aw n s uw n s ah s ey t er f ay l z f r iy sil 
LOG (lattice-best-path[5.5.1126~1-8c451]:main():lattice-best-path.cc:99) For utterance m1_331, best cost 129.716 + 654.047 = 783.763 over 556 frames.
m1_331 sil dh iy g ah m ah n k ae k ao r d ah k ah m p ao r f er f r iy aw er z 
LOG (lattice-best-path[5.5.1126~1-8c451]:main():lattice-best-path.cc:99) For utterance m1_336, best cost 139.303 + 535.3 = 674.603 over 475 frames.
m1_336 sil dh ae n oy z p r aa g ow z d r ow z m ao r n oy ih ng iy jh d ey 
LOG (lattice-best-path[5.5.1126~1-8c451]:main():lattice-best-path.cc:99) For utterance m1_341, best cost 117.982 + 542.737 = 660.719 over 455 frames.
m1_341 sil w ih n ah m ey n eh v er k ah m k ah m p l iy t iy t ah m ah n sil 
LOG (lattice-best-path[5.5.1126~1-8c451]:main():lattice-best-path.cc:99) For utterance m1_346, best cost 93.4392 + 389.782 = 483.221 over 346 frames.
m1_346 sil w iy w uh k ah m ah n iy n z d ah n s iy ch iy er sil 
LOG (lattice-best-path[5.5.1126~1-8c451]:main():lattice-best-path.cc:99) For utterance m1_351, best cost 103.201 + 439.451 = 542.652 over 372 frames.
m1_351 sil w ih jh ch er jh d uw dh iy s m ih s w er sh ah p ah n sil 
LOG (lattice-best-path[5.5.1126~1-8c451]:main():lattice-best-path.cc:99) For utterance m1_356, best cost 87.8178 + 389.734 = 477.552 over 338 frames.
m1_356 sil ey ao l ay k ah l ao ng hh aa ch sh aw er z sil 
LOG (lattice-best-path[5.5.1126~1-8c451]:main():lattice-best-path.cc:99) For utterance m1_361, best cost 114.415 + 428.477 = 542.892 over 383 frames.
m1_361 sil t ih n t ey z sh iy l ih k ah s y uw v iy z t oy s ah b iy sil 
LOG (lattice-best-path[5.5.1126~1-8c451]:main():lattice-best-path.cc:99) For utterance m1_366, best cost 132.748 + 490.196 = 622.944 over 444 frames.
m1_366 sil hh er w ao r jh er ah n s ih s ah v ah l l iy s k er t ah m b aa t s ah z sil 
LOG (lattice-best-path[5.5.1126~1-8c451]:main():lattice-best-path.cc:99) For utterance m1_371, best cost 117.563 + 473.193 = 590.756 over 409 frames.
m1_371 sil r ay dh iy s ah g w ey b ae k ae f ah n t ah n ah v ch ey n sh 
LOG (lattice-best-path[5.5.1126~1-8c451]:main():lattice-best-path.cc:99) For utterance m1_376, best cost 108.569 + 499.249 = 607.818 over 432 frames.
m1_376 sil uw dh iy g aa r b ah jh dh iy er dh iy l aa r jh ah n d ow sil 
LOG (lattice-best-path[5.5.1126~1-8c451]:main():lattice-best-path.cc:99) For utterance m1_381, best cost 155.328 + 557.3 = 712.628 over 508 frames.
m1_381 sil w ah n t uw f ah n ih sh k r iy s ih ng er ch ey n b iy sh er t uw w ao sh s er l iy sil 
LOG (lattice-best-path[5.5.1126~1-8c451]:main():lattice-best-path.cc:99) For utterance m1_386, best cost 139.824 + 546.992 = 686.816 over 461 frames.
m1_386 sil ah k r ae ch aw n jh m iy b ah k w ih k s t ae b ih ng k w ih sh ae m sil 
LOG (lattice-best-path[5.5.1126~1-8c451]:main():lattice-best-path.cc:99) For utterance m1_391, best cost 109.851 + 461.787 = 571.638 over 386 frames.
m1_391 sil iy ch t ae d sh er l iy f ay n z ah b ih g f aa n sil 
LOG (lattice-best-path[5.5.1126~1-8c451]:main():lattice-best-path.cc:99) For utterance m1_396, best cost 164.546 + 583.646 = 748.193 over 528 frames.
m1_396 sil dh iy ae v er t ay z ih ng f er s ah v ah m ih f er ay t iy s t ao r n ah v er ch ey n jh ah z sil 
LOG (lattice-best-path[5.5.1126~1-8c451]:main():lattice-best-path.cc:99) For utterance m1_401, best cost 138.992 + 495.304 = 634.296 over 462 frames.
m1_401 sil k aa m ah th ih ng s ah l aa r jh er k l ae m p s ao l t uw p r aa b l ah m sil 
LOG (lattice-best-path[5.5.1126~1-8c451]:main():lattice-best-path.cc:99) For utterance m1_406, best cost 152.024 + 734.504 = 886.529 over 617 frames.
m1_406 sil ow n f ao r z t w ih z er l iy g ow v er w ao ng b ay b ae ch ow n z iy z sil 
LOG (lattice-best-path[5.5.1126~1-8c451]:main():lattice-best-path.cc:99) For utterance m1_411, best cost 121.701 + 436.626 = 558.327 over 395 frames.
m1_411 sil dh ow z m iy z ih sh ah n z hh aa r m ay z m aa r f l ah s l iy sil 
LOG (lattice-best-path[5.5.1126~1-8c451]:main():lattice-best-path.cc:99) For utterance m1_416, best cost 82.2485 + 516.679 = 598.927 over 408 frames.
m1_416 sil ae p aa p ih s k aa r ah hh ae n d ih 
LOG (lattice-best-path[5.5.1126~1-8c451]:main():lattice-best-path.cc:99) For utterance m1_421, best cost 102.579 + 416.07 = 518.65 over 363 frames.
m1_421 sil ih z b ae n ah k aa s t ih n t er k w eh k ow th ah l sil 
LOG (lattice-best-path[5.5.1126~1-8c451]:main():lattice-best-path.cc:99) For utterance m1_426, best cost 125.704 + 595.906 = 721.61 over 507 frames.
m1_426 sil dh iy z iy g ow ah n z w ao l ah jh ah s r l ae k s t er ah w ey jh sil 
LOG (lattice-best-path[5.5.1126~1-8c451]:main():lattice-best-path.cc:99) For utterance m1_431, best cost 150.984 + 528.51 = 679.494 over 467 frames.
m1_431 sil aa m p r ao f ah t ao r ih n ah z ey sh ah n z hh ae v f r iy p ah n ah r ih z er z sil 
LOG (lattice-best-path[5.5.1126~1-8c451]:main():lattice-best-path.cc:99) For utterance m1_436, best cost 144.675 + 563.083 = 707.758 over 482 frames.
m1_436 sil b er jh b er t ey t f r iy k ah n dh iy ah k er ah z aa n f ay s k ih v ih ng sil 
LOG (lattice-best-path[5.5.1126~1-8c451]:main():lattice-best-path.cc:99) For utterance m1_441, best cost 98.1348 + 418.984 = 517.118 over 358 frames.
m1_441 sil r aa r ah l m y uw z ih k ae z ih g r iy r dh iy m sil 
LOG (lattice-best-path[5.5.1126~1-8c451]:main():lattice-best-path.cc:99) For utterance m1_446, best cost 111.716 + 483.19 = 594.906 over 412 frames.
m1_446 sil dh iy s p iy ch ah m p ow z iy m ay b iy g ih n ah m ah n d ey 
LOG (lattice-best-path[5.5.1126~1-8c451]:main():lattice-best-path.cc:99) For utterance m1_451, best cost 146.763 + 602.427 = 749.19 over 513 frames.
m1_451 sil ch er n k ae n k ah n s uw m ah n iy f r uw b r ah l ah t s ah m ow n s ah d ih ng sil 
LOG (lattice-best-path[5.5.1126~1-8c451]:main():lattice-best-path.cc:99) For utterance m1_456, best cost 131.357 + 647.452 = 778.809 over 518 frames.
m1_456 sil ah m ao th ih z ih g ae b ah l aa n ah p ae f r aa t ow z g aa r n sil 
LOG (lattice-best-path[5.5.1126~1-8c451]:main():lattice-best-path.cc:99) For utterance m3_001, best cost 65.5694 + 220.426 = 285.996 over 246 frames.
m3_001 sil ih s ah z iy z iy f ao r ah s sil 
LOG (lattice-best-path[5.5.1126~1-8c451]:main():lattice-best-path.cc:99) For utterance m3_006, best cost 96.9769 + 312.843 = 409.82 over 352 frames.
m3_006 sil w ay d ae l ah r iy ow v er s ah l iy ae t ah m z sil 
LOG (lattice-best-path[5.5.1126~1-8c451]:main():lattice-best-path.cc:99) For utterance m3_011, best cost 80.7829 + 275.143 = 355.925 over 299 frames.
m3_011 sil s ah n y uh r aa r m ah t ay z iy k ae n sil 
LOG (lattice-best-path[5.5.1126~1-8c451]:main():lattice-best-path.cc:99) For utterance m3_016, best cost 105.613 + 347.318 = 452.931 over 351 frames.
m3_016 sil ae l ah m ow n iy hh aw er m ao r ch n ae n t w ao l sil 
LOG (lattice-best-path[5.5.1126~1-8c451]:main():lattice-best-path.cc:99) For utterance m3_021, best cost 66.6661 + 298.882 = 365.549 over 291 frames.
m3_021 sil ah l iy l ay er z l ah n er z sil 
LOG (lattice-best-path[5.5.1126~1-8c451]:main():lattice-best-path.cc:99) For utterance m3_026, best cost 84.2113 + 264.646 = 348.857 over 293 frames.
m3_026 sil dh ow t uw t r l iy z t er iy d ih sh ah z sil 
LOG (lattice-best-path[5.5.1126~1-8c451]:main():lattice-best-path.cc:99) For utterance m3_031, best cost 86.8367 + 428.31 = 515.147 over 401 frames.
m3_031 sil aa r ah l b r iy s l w ao z g r eh t sil 
LOG (lattice-best-path[5.5.1126~1-8c451]:main():lattice-best-path.cc:99) For utterance m3_036, best cost 106.677 + 306.835 = 413.512 over 346 frames.
m3_036 sil ae s k ah b aa p ah n b iy n ah t ih n ih ng s t ao r t sil 
LOG (lattice-best-path[5.5.1126~1-8c451]:main():lattice-best-path.cc:99) For utterance m3_041, best cost 92.374 + 355.436 = 447.81 over 348 frames.
m3_041 sil eh m ih k s t er z p ih k t aa k aa m ao r sil 
LOG (lattice-best-path[5.5.1126~1-8c451]:main():lattice-best-path.cc:99) For utterance m3_046, best cost 94.1926 + 339.075 = 433.268 over 358 frames.
m3_046 sil dh iy p r ao l r ah s t iy m ae s k s k ay s sil 
LOG (lattice-best-path[5.5.1126~1-8c451]:main():lattice-best-path.cc:99) For utterance m3_051, best cost 117.725 + 365.8 = 483.525 over 388 frames.
m3_051 sil eh n iy k ah n t ah b ih sh ah n d ah b ih g r l iy p er s ey t ah d sil 
LOG (lattice-best-path[5.5.1126~1-8c451]:main():lattice-best-path.cc:99) For utterance m3_056, best cost 118.27 + 382.76 = 501.03 over 421 frames.
m3_056 sil l ae s t er z g ae sh er d s k ah s t iy p r ay s ih s ah z sil 
LOG (lattice-best-path[5.5.1126~1-8c451]:main():lattice-best-path.cc:99) For utterance m3_061, best cost 112.837 + 314.665 = 427.502 over 352 frames.
m3_061 sil k l ih s t ih s p l iy w ih z ah s p l ey s t ah s k r iy n sil 
LOG (lattice-best-path[5.5.1126~1-8c451]:main():lattice-best-path.cc:99) For utterance m3_066, best cost 87.0131 + 292.969 = 379.982 over 318 frames.
m3_066 sil dh ae k t ih s p er s k r ae t uw f r iy l iy sil 
LOG (lattice-best-path[5.5.1126~1-8c451]:main():lattice-best-path.cc:99) For utterance m3_071, best cost 131.522 + 423.742 = 555.265 over 439 frames.
m3_071 sil k w aa p r ey sh ah l ao ng z ah n er s t ae n ih ng ah l iy g y uw t sil 
LOG (lattice-best-path[5.5.1126~1-8c451]:main():lattice-best-path.cc:99) For utterance m3_076, best cost 54.8503 + 342.873 = 397.724 over 319 frames.
m3_076 sil er z ah f ey m er sil 
LOG (lattice-best-path[5.5.1126~1-8c451]:main():lattice-best-path.cc:99) For utterance m3_081, best cost 112.792 + 369.846 = 482.638 over 363 frames.
m3_081 sil m ae s t r ey p aa r iy z t ae k s aa m ay m ey sh ah sil 
LOG (lattice-best-path[5.5.1126~1-8c451]:main():lattice-best-path.cc:99) For utterance m3_086, best cost 133.927 + 512.947 = 646.874 over 522 frames.
m3_086 sil t ih n er ah n t ow t ah n d eh k r ey t ih k l ae sh ah n t r ao l d ey z sil 
LOG (lattice-best-path[5.5.1126~1-8c451]:main():lattice-best-path.cc:99) For utterance m3_091, best cost 90.6798 + 291.177 = 381.857 over 320 frames.
m3_091 sil y uw t ae p ah s t r iy hh aa n er ao l ay sil 
LOG (lattice-best-path[5.5.1126~1-8c451]:main():lattice-best-path.cc:99) For utterance m3_096, best cost 89.793 + 345.737 = 435.53 over 365 frames.
m3_096 sil ih s ah n d ah p aa r t er s aa k ah k ae s t sil 
LOG (lattice-best-path[5.5.1126~1-8c451]:main():lattice-best-path.cc:99) For utterance m3_101, best cost 70.626 + 321.46 = 392.086 over 307 frames.
m3_101 sil k l ae f r uw n ao f t ae n d sil 
LOG (lattice-best-path[5.5.1126~1-8c451]:main():lattice-best-path.cc:99) For utterance m3_106, best cost 95.8325 + 355.164 = 450.997 over 374 frames.
m3_106 sil t r eh s t ae s ih ng ih s er b ah n s ah b iy sil 
LOG (lattice-best-path[5.5.1126~1-8c451]:main():lattice-best-path.cc:99) For utterance m3_111, best cost 95.9695 + 285.87 = 381.839 over 322 frames.
m3_111 sil ah th ih sh ah l ah n t eh l ah jh ah n s ah s er iy l sil 
LOG (lattice-best-path[5.5.1126~1-8c451]:main():lattice-best-path.cc:99) For utterance m3_116, best cost 83.6792 + 377.612 = 461.291 over 363 frames.
m3_116 sil dh iy p ae n ah b ih l d ah n uw b eh v er sil 
LOG (lattice-best-path[5.5.1126~1-8c451]:main():lattice-best-path.cc:99) For utterance m3_121, best cost 111.613 + 515.96 = 627.573 over 502 frames.
m3_121 sil s ay n t uw dh iy p r aa r eh s k aa n f r uw v ah l ah s sil 
LOG (lattice-best-path[5.5.1126~1-8c451]:main():lattice-best-path.cc:99) For utterance m3_126, best cost 126.932 + 404.634 = 531.565 over 422 frames.
m3_126 sil w ih t s l aa r d ih k ah l ah p ey k ah n ih g l er f ah k ey sh ah n sil 
LOG (lattice-best-path[5.5.1126~1-8c451]:main():lattice-best-path.cc:99) For utterance m3_131, best cost 118.28 + 374.938 = 493.218 over 412 frames.
m3_131 sil k r eh k y uw s n ah m ay n s t r eh sh ah n z t r ih sh ah l sil 
LOG (lattice-best-path[5.5.1126~1-8c451]:main():lattice-best-path.cc:99) For utterance m3_136, best cost 84.7458 + 390.631 = 475.377 over 360 frames.
m3_136 sil dh iy s t iy d ih z ah s t uw w ao r aa n ah s sil 
LOG (lattice-best-path[5.5.1126~1-8c451]:main():lattice-best-path.cc:99) For utterance m3_141, best cost 76.067 + 345.986 = 422.053 over 354 frames.
m3_141 sil ah m uw v ih s p ah n er iy z er z sil 
LOG (lattice-best-path[5.5.1126~1-8c451]:main():lattice-best-path.cc:99) For utterance m3_146, best cost 72.151 + 531.047 = 603.198 over 495 frames.
m3_146 sil r aa r n er m ay ao l iy z 
LOG (lattice-best-path[5.5.1126~1-8c451]:main():lattice-best-path.cc:99) For utterance m3_151, best cost 51.5953 + 339.863 = 391.458 over 315 frames.
m3_151 sil dh iy k ae b ay t uw sil 
LOG (lattice-best-path[5.5.1126~1-8c451]:main():lattice-best-path.cc:99) For utterance m3_156, best cost 151.008 + 508.363 = 659.371 over 522 frames.
m3_156 sil w eh v er k w aa p r ey t s ah n p ay n iy n ae n s k ae m ow l b iy w ao r d sil 
LOG (lattice-best-path[5.5.1126~1-8c451]:main():lattice-best-path.cc:99) For utterance m3_161, best cost 122.647 + 414.835 = 537.482 over 430 frames.
m3_161 sil dh iy k ah d er l iy s iy f y uw ao r jh t uw dh iy s m ow th er iy z sil 
LOG (lattice-best-path[5.5.1126~1-8c451]:main():lattice-best-path.cc:99) For utterance m3_166, best cost 87.3458 + 351.839 = 439.184 over 359 frames.
m3_166 sil dh iy k ae n aw z hh er jh m ay iy er z sil 
LOG (lattice-best-path[5.5.1126~1-8c451]:main():lattice-best-path.cc:99) For utterance m3_171, best cost 115.282 + 339.901 = 455.183 over 354 frames.
m3_171 sil d ih s t r ay ah v er iy f ay l er dh iy t ah jh m ay ao t s sil 
LOG (lattice-best-path[5.5.1126~1-8c451]:main():lattice-best-path.cc:99) For utterance m3_176, best cost 72.028 + 263.172 = 335.2 over 265 frames.
m3_176 sil ey n jh oy ey b ay ae b ih sh ah n sil 
LOG (lattice-best-path[5.5.1126~1-8c451]:main():lattice-best-path.cc:99) For utterance m3_181, best cost 122.857 + 466.286 = 589.143 over 455 frames.
m3_181 sil iy aa n ch eh l d ah n t uw oy d ih k s p uh d ih s t iy z ah z sil 
LOG (lattice-best-path[5.5.1126~1-8c451]:main():lattice-best-path.cc:99) For utterance m3_186, best cost 102.544 + 377.781 = 480.326 over 351 frames.
m3_186 sil iy n ay k ey t ah l iy t ah k ah m ah n ih b l uw z sil 
LOG (lattice-best-path[5.5.1126~1-8c451]:main():lattice-best-path.cc:99) For utterance m3_191, best cost 82.6443 + 446.228 = 528.872 over 445 frames.
m3_191 sil m ay k ah k aa r ah m ao l s k r ah n z sil 
LOG (lattice-best-path[5.5.1126~1-8c451]:main():lattice-best-path.cc:99) For utterance m3_196, best cost 135.869 + 382.868 = 518.737 over 432 frames.
m3_196 sil dh iy s er m ah n ah m z ah s ay s ih n iy d f er f er m ah b ae k sh ah n sil 
LOG (lattice-best-path[5.5.1126~1-8c451]:main():lattice-best-path.cc:99) For utterance m3_201, best cost 125.527 + 381.523 = 507.05 over 404 frames.
m3_201 sil k ao r ey t ae k ah p r aa jh eh k ah z eh k s t uw t er m ey sh ah n sil 
LOG (lattice-best-path[5.5.1126~1-8c451]:main():lattice-best-path.cc:99) For utterance m3_206, best cost 81.2551 + 407.995 = 489.25 over 387 frames.
m3_206 sil s t ae f ae n ah dh iy s ay k ah l aa t sil 
LOG (lattice-best-path[5.5.1126~1-8c451]:main():lattice-best-path.cc:99) For utterance m3_211, best cost 87.0628 + 331.168 = 418.231 over 317 frames.
m3_211 sil ay l iy ah n f r iy w ey m ah n s ey n z ih ng sil 
LOG (lattice-best-path[5.5.1126~1-8c451]:main():lattice-best-path.cc:99) For utterance m3_216, best cost 73.5533 + 378.281 = 451.834 over 367 frames.
m3_216 sil ah t aa n dh ae n aa p ey sh ah n sil 
LOG (lattice-best-path[5.5.1126~1-8c451]:main():lattice-best-path.cc:99) For utterance m3_221, best cost 91.6458 + 358.172 = 449.817 over 334 frames.
m3_221 sil hh ow ey t ih n ih z ah s ah b ay s k ah l ey t er sil 
LOG (lattice-best-path[5.5.1126~1-8c451]:main():lattice-best-path.cc:99) For utterance m3_226, best cost 103.024 + 326.082 = 429.107 over 349 frames.
m3_226 sil dh iy b ao r ih z b aa r f l ay ey t ah l aa n ah t er sil 
LOG (lattice-best-path[5.5.1126~1-8c451]:main():lattice-best-path.cc:99) For utterance m3_231, best cost 89.25 + 272.347 = 361.597 over 286 frames.
m3_231 sil w ao r ow k ah n eh v er iy m ah n d ih m ao r ih ng sil 
LOG (lattice-best-path[5.5.1126~1-8c451]:main():lattice-best-path.cc:99) For utterance m3_236, best cost 90.978 + 352.101 = 443.079 over 339 frames.
m3_236 sil hh aw w oy l iy b iy l ey t er s eh l ah ng sil 
LOG (lattice-best-path[5.5.1126~1-8c451]:main():lattice-best-path.cc:99) For utterance m3_241, best cost 108.464 + 367.038 = 475.501 over 386 frames.
m3_241 sil ao r iy p iy z ih ng ih n t ih k ah n ih s t ih k aa s ah l z sil 
LOG (lattice-best-path[5.5.1126~1-8c451]:main():lattice-best-path.cc:99) For utterance m3_246, best cost 75.6203 + 396.951 = 472.571 over 382 frames.
m3_246 sil w ay ae n ch er d ih m ah k aw t sil 
LOG (lattice-best-path[5.5.1126~1-8c451]:main():lattice-best-path.cc:99) For utterance m3_251, best cost 133.151 + 495.589 = 628.74 over 519 frames.
m3_251 sil dh iy f er s p ah s t iy sh iy p ey z ah l iy r iy z w ao s t uw jh er ah l sil 
LOG (lattice-best-path[5.5.1126~1-8c451]:main():lattice-best-path.cc:99) For utterance m3_256, best cost 114.202 + 471.97 = 586.172 over 462 frames.
m3_256 sil dh ae n hh ae t er ih z ey sh ah n z p r ah b er th er l sil 
LOG (lattice-best-path[5.5.1126~1-8c451]:main():lattice-best-path.cc:99) For utterance m3_261, best cost 126.883 + 365.882 = 492.766 over 393 frames.
m3_261 sil w ah dh iy p er s p ah l aa s ih z er f er y uw s ow n s iy aa l sil 
LOG (lattice-best-path[5.5.1126~1-8c451]:main():lattice-best-path.cc:99) For utterance m3_266, best cost 75.0686 + 347.628 = 422.697 over 340 frames.
m3_266 sil sh ah jh er ae s t iy k ae z uw z sil 
LOG (lattice-best-path[5.5.1126~1-8c451]:main():lattice-best-path.cc:99) For utterance m3_271, best cost 86.2888 + 303.55 = 389.839 over 302 frames.
m3_271 sil ah m iy d ih s ch ey n sh ey k aa l iy sil 
LOG (lattice-best-path[5.5.1126~1-8c451]:main():lattice-best-path.cc:99) For utterance m3_276, best cost 105.49 + 318.718 = 424.208 over 319 frames.
m3_276 sil ah th y uw ch ow z ah n t iy ow l iy k aw n d aw er l z sil 
LOG (lattice-best-path[5.5.1126~1-8c451]:main():lattice-best-path.cc:99) For utterance m3_281, best cost 137 + 536.258 = 673.258 over 543 frames.
m3_281 sil m ay d ih z ae t ah s ah p ah l iy m iy w aa n f ao r m ah p eh r ae k sil 
LOG (lattice-best-path[5.5.1126~1-8c451]:main():lattice-best-path.cc:99) For utterance m3_286, best cost 86.3808 + 317.287 = 403.667 over 327 frames.
m3_286 sil eh jh aa ch ih s k ae m er s ah l s l iy sil 
LOG (lattice-best-path[5.5.1126~1-8c451]:main():lattice-best-path.cc:99) For utterance m3_291, best cost 56.6327 + 395.116 = 451.749 over 364 frames.
m3_291 sil ah dh er hh ae n d ae t sil 
LOG (lattice-best-path[5.5.1126~1-8c451]:main():lattice-best-path.cc:99) For utterance m3_296, best cost 115.212 + 623.203 = 738.416 over 584 frames.
m3_296 sil hh aw er s iy d er d ah p oy m ah n aa l d iy ah n ah n z sil 
LOG (lattice-best-path[5.5.1126~1-8c451]:main():lattice-best-path.cc:99) For utterance m3_301, best cost 117.684 + 446.566 = 564.25 over 443 frames.
m3_301 sil p aa p oy z t aa p ay er d iy ae n d ah n ih z b ay t s t sil 
LOG (lattice-best-path[5.5.1126~1-8c451]:main():lattice-best-path.cc:99) For utterance m3_306, best cost 82.2752 + 464.263 = 546.539 over 414 frames.
m3_306 sil dh iy b aa r uw w ao r aw n er m ah l z sil 
LOG (lattice-best-path[5.5.1126~1-8c451]:main():lattice-best-path.cc:99) For utterance m3_311, best cost 128.398 + 442.747 = 571.145 over 473 frames.
m3_311 sil dh iy f r eh n t ae t ah l ah jh ah n ay s ah n jh uw b ay z b ih g r l er sil 
LOG (lattice-best-path[5.5.1126~1-8c451]:main():lattice-best-path.cc:99) For utterance m3_316, best cost 165.605 + 513.892 = 679.497 over 569 frames.
m3_316 sil dh iy p r iy s k ah l er k ah m p er w ay s er f iy l ih n z ah b aa p iy m er n d ih sh ah n z sil 
LOG (lattice-best-path[5.5.1126~1-8c451]:main():lattice-best-path.cc:99) For utterance m3_321, best cost 102.402 + 325.338 = 427.74 over 357 frames.
m3_321 sil ah l er w ao z ah p ay n s eh k s ih k y uw t er w eh l sil 
LOG (lattice-best-path[5.5.1126~1-8c451]:main():lattice-best-path.cc:99) For utterance m3_326, best cost 124.188 + 450.072 = 574.26 over 464 frames.
m3_326 sil dh iy s ih s ah m ey b r ih g aa n s ah n s ah s ey t er f ay l th iy sil 
LOG (lattice-best-path[5.5.1126~1-8c451]:main():lattice-best-path.cc:99) For utterance m3_331, best cost 114.452 + 474.803 = 589.256 over 472 frames.
m3_331 sil dh iy g ah m ey k ah t ih z ih k ao r ih k ah m p aa r iy aw er z sil 
LOG (lattice-best-path[5.5.1126~1-8c451]:main():lattice-best-path.cc:99) For utterance m3_336, best cost 114.268 + 366.302 = 480.57 over 372 frames.
m3_336 sil ah n oy z p r aa n w ao z m ao r n oy n iy ch d ey sil 
LOG (lattice-best-path[5.5.1126~1-8c451]:main():lattice-best-path.cc:99) For utterance m3_341, best cost 118.793 + 375.577 = 494.37 over 384 frames.
m3_341 sil dh iy m ah n eh v er b iy k ah m k ah m p ey t iy k ah l t ah m ah n sil 
LOG (lattice-best-path[5.5.1126~1-8c451]:main():lattice-best-path.cc:99) For utterance m3_346, best cost 88.062 + 348.553 = 436.615 over 371 frames.
m3_346 sil w aa k ah m ah n ah s t uw d ih n t iy ch iy er sil 
LOG (lattice-best-path[5.5.1126~1-8c451]:main():lattice-best-path.cc:99) For utterance m3_351, best cost 86.2599 + 378.54 = 464.8 over 412 frames.
m3_351 sil w ih ch ch er jh d ih s m ah s er ah n 
LOG (lattice-best-path[5.5.1126~1-8c451]:main():lattice-best-path.cc:99) For utterance m3_356, best cost 78.6739 + 285.598 = 364.272 over 307 frames.
m3_356 sil dh ae l ay k l ao ng hh aa ch aw er z sil 
LOG (lattice-best-path[5.5.1126~1-8c451]:main():lattice-best-path.cc:99) For utterance m3_361, best cost 112.536 + 346.84 = 459.376 over 368 frames.
m3_361 sil k ae n t ih k sh iy l ah d ih s iy m uw v iy s t ay s ah l iy sil 
LOG (lattice-best-path[5.5.1126~1-8c451]:main():lattice-best-path.cc:99) For utterance m3_366, best cost 111.457 + 351.704 = 463.161 over 393 frames.
m3_366 sil ao r d er k ah n s ih s t ah l ih s k er k s ah b aa s ah z 
LOG (lattice-best-path[5.5.1126~1-8c451]:main():lattice-best-path.cc:99) For utterance m3_371, best cost 110.838 + 371.478 = 482.317 over 389 frames.
m3_371 sil ay d r ay dh iy s ah v w ey b ah hh aw n ah n ah ch ey n jh sil 
LOG (lattice-best-path[5.5.1126~1-8c451]:main():lattice-best-path.cc:99) For utterance m3_376, best cost 60.1237 + 381.626 = 441.75 over 338 frames.
m3_376 sil aa r er s ow aa r t sil 
LOG (lattice-best-path[5.5.1126~1-8c451]:main():lattice-best-path.cc:99) For utterance m3_381, best cost 110.928 + 419.057 = 529.985 over 453 frames.
m3_381 sil w ih z g r iy s ih ng er ch ey n ih sh er w aa s p er l iy sil 
LOG (lattice-best-path[5.5.1126~1-8c451]:main():lattice-best-path.cc:99) For utterance m3_386, best cost 102.671 + 413.74 = 516.411 over 425 frames.
m3_386 sil ah k r ae b aa n z m ih ng ih k w ih k s t ae n 
LOG (lattice-best-path[5.5.1126~1-8c451]:main():lattice-best-path.cc:99) For utterance m3_391, best cost 93.1898 + 290.224 = 383.414 over 314 frames.
m3_391 sil iy t s t ae sh eh l iy f ay n t uw b ih ng f ao ng sil 
LOG (lattice-best-path[5.5.1126~1-8c451]:main():lattice-best-path.cc:99) For utterance m3_396, best cost 141.439 + 440.335 = 581.774 over 482 frames.
m3_396 sil dh iy ae ng p er s ah p l ah n dh iy f er ay t iy s t ao r n eh v er ch ey n t ih z sil 
LOG (lattice-best-path[5.5.1126~1-8c451]:main():lattice-best-path.cc:99) For utterance m3_401, best cost 103.048 + 378.254 = 481.302 over 378 frames.
m3_401 sil t ah m ah s ih ng s ah l aa r jh er k l ae sh ao r aa t sil 
LOG (lattice-best-path[5.5.1126~1-8c451]:main():lattice-best-path.cc:99) For utterance m3_406, best cost 147.64 + 475.822 = 623.462 over 493 frames.
m3_406 sil dh iy f ih k aw n f ao r ah s ih z eh r l iy ow v er w ao l ow ch aa m z ih z iy z sil 
LOG (lattice-best-path[5.5.1126~1-8c451]:main():lattice-best-path.cc:99) For utterance m3_411, best cost 103.142 + 336.432 = 439.573 over 345 frames.
m3_411 sil ih z n iy z ih sh ah n z hh aa m ay z m aa r l z sil 
LOG (lattice-best-path[5.5.1126~1-8c451]:main():lattice-best-path.cc:99) For utterance m3_416, best cost 84.6772 + 333.903 = 418.58 over 322 frames.
m3_416 sil p aa k er w ao z k aa r eh n ae n d ah d sil 
LOG (lattice-best-path[5.5.1126~1-8c451]:main():lattice-best-path.cc:99) For utterance m3_421, best cost 97.1968 + 276.395 = 373.592 over 309 frames.
m3_421 sil ih s t ae k aa s t ah n z er k w ay k ah l er f ao l sil 
LOG (lattice-best-path[5.5.1126~1-8c451]:main():lattice-best-path.cc:99) For utterance m3_426, best cost 122.373 + 430.583 = 552.956 over 420 frames.
m3_426 sil iy s ih g ow n s ao d ih s ih l ae k s t er ah b ah b oy ih jh sil 
LOG (lattice-best-path[5.5.1126~1-8c451]:main():lattice-best-path.cc:99) For utterance m3_431, best cost 126.743 + 385.579 = 512.322 over 422 frames.
m3_431 sil n ah m p r aa t er ih z ey sh ah n s ah f r iy g ah n f ah n er z er z sil 
LOG (lattice-best-path[5.5.1126~1-8c451]:main():lattice-best-path.cc:99) For utterance m3_436, best cost 122.031 + 356.624 = 478.655 over 390 frames.
m3_436 sil hh er z b er dh ey f r iy k ah m ey p er z ah m b ah n s k ah n ih ng sil 
LOG (lattice-best-path[5.5.1126~1-8c451]:main():lattice-best-path.cc:99) For utterance m3_441, best cost 107.407 + 358.589 = 465.996 over 381 frames.
m3_441 sil r aa k ah m ow n iy z ih k ae z ih g r iy g r eh t ah m sil 
LOG (lattice-best-path[5.5.1126~1-8c451]:main():lattice-best-path.cc:99) For utterance m3_446, best cost 101.652 + 365.662 = 467.314 over 355 frames.
m3_446 sil dh iy s p iy t s ah b ow z iy m ay b ih g ae n ah n t sil 
LOG (lattice-scale[5.5.1126~1-8c451]:main():lattice-scale.cc:107) Done 363 lattices.
LOG (lattice-best-path[5.5.1126~1-8c451]:main():lattice-best-path.cc:99) For utterance m3_451, best cost 134.548 + 429.93 = 564.478 over 472 frames.
m3_451 sil ch er k ih ng ih n s uw m ah n iy f er g r ah l ah t s ah m ah n s ah d ih ng sil 
LOG (lattice-add-penalty[5.5.1126~1-8c451]:main():lattice-add-penalty.cc:62) Done adding word insertion penalty to 363 lattices.
LOG (lattice-best-path[5.5.1126~1-8c451]:main():lattice-best-path.cc:99) For utterance m3_456, best cost 119.482 + 404.504 = 523.987 over 429 frames.
m3_456 sil ah m ao s ih g ae g ah l ao ng dh iy k ae f er aw s p aa r d ah n sil 
LOG (lattice-best-path[5.5.1126~1-8c451]:main():lattice-best-path.cc:124) Overall cost per frame is 1.35119 = 0.243204 [graph] + 1.10799 [acoustic] over 144532 frames.
LOG (lattice-best-path[5.5.1126~1-8c451]:main():lattice-best-path.cc:128) Done 363 lattices, failed for 0
# Accounting: time=5 threads=1
# Ended (code 0) at Mon Apr 29 13:55:36 EEST 2024, elapsed time 5 seconds
