# lattice-scale --inv-acoustic-scale=1 "ark:gunzip -c ./exp/tri_bg/decode_dnn/lat.*.gz|" ark:- | lattice-add-penalty --word-ins-penalty=0.0 ark:- ark:- | lattice-best-path --word-symbol-table=./exp/tri_bg/graph/words.txt ark:- ark,t:- | utils/int2sym.pl -f 2- ./exp/tri_bg/graph/words.txt | cat > ./exp/tri_bg/decode_dnn/scoring_kaldi/penalty_0.0/1.txt 
# Started at Mon Apr 29 13:55:26 EEST 2024
#
lattice-scale --inv-acoustic-scale=1 'ark:gunzip -c ./exp/tri_bg/decode_dnn/lat.*.gz|' ark:- 
lattice-add-penalty --word-ins-penalty=0.0 ark:- ark:- 
lattice-best-path --word-symbol-table=./exp/tri_bg/graph/words.txt ark:- ark,t:- 
LOG (lattice-best-path[5.5.1126~1-8c451]:main():lattice-best-path.cc:99) For utterance f1_001, best cost 75.2636 + 2328.64 = 2403.9 over 237 frames.
f1_001 sil sil dh ih s w ih z iy s iy f er aw t s sil 
LOG (lattice-best-path[5.5.1126~1-8c451]:main():lattice-best-path.cc:99) For utterance f1_006, best cost 101.422 + 2949.41 = 3050.83 over 338 frames.
f1_006 sil w ay ey eh l aa r w ao r iy ow v er s ah l iy ay d ah m z sil 
LOG (lattice-best-path[5.5.1126~1-8c451]:main():lattice-best-path.cc:99) For utterance f1_011, best cost 90.1876 + 3058.68 = 3148.87 over 306 frames.
f1_011 sil s p l iy y aa r ah m ih z hh ay ey z iy k aw n sil 
LOG (lattice-best-path[5.5.1126~1-8c451]:main():lattice-best-path.cc:99) For utterance f1_016, best cost 146.633 + 2955.01 = 3101.64 over 336 frames.
f1_016 sil sil ae l ah m ao r n iy hh aa r ae m z ah d dh iy f ao r s k n ae n s b ae l sil sil 
LOG (lattice-best-path[5.5.1126~1-8c451]:main():lattice-best-path.cc:99) For utterance f1_021, best cost 93.4729 + 2871.98 = 2965.45 over 290 frames.
f1_021 sil ao l iy l ay ey er z ah l th n ah n ih n er sil s sil 
LOG (lattice-best-path[5.5.1126~1-8c451]:main():lattice-best-path.cc:99) For utterance f1_026, best cost 94.7347 + 2810.94 = 2905.67 over 305 frames.
f1_026 sil d ow n jh uw ch er l iy z dh eh r d iy d ih sh ah z sil 
LOG (lattice-best-path[5.5.1126~1-8c451]:main():lattice-best-path.cc:99) For utterance f1_031, best cost 144.904 + 3397.03 = 3541.93 over 395 frames.
f1_031 sil b aa r k s k ah l p er iy s l ah t w ao z ah g r eh jh uw ey sh ah n p er ah z ah n t sil 
LOG (lattice-best-path[5.5.1126~1-8c451]:main():lattice-best-path.cc:99) For utterance f1_036, best cost 125.1 + 3102.81 = 3227.91 over 353 frames.
f1_036 sil dh eh s k ah b ao l th ih n b iy ah n eh n t er t ey ng s p w ao r t sil 
LOG (lattice-best-path[5.5.1126~1-8c451]:main():lattice-best-path.cc:99) For utterance f1_041, best cost 135.386 + 3103.06 = 3238.45 over 363 frames.
f1_041 sil ae n b ah dh ae sh ih z p ih k p aa p ah t dh iy k aa m p l ih sh ah n ao aw er sil 
LOG (lattice-best-path[5.5.1126~1-8c451]:main():lattice-best-path.cc:99) For utterance f1_046, best cost 114.475 + 3322.3 = 3436.78 over 373 frames.
f1_046 sil dh iy p r aa l er ao r s k iy m ae s k p er d ih s k ae t ah z sil 
LOG (lattice-best-path[5.5.1126~1-8c451]:main():lattice-best-path.cc:99) For utterance f1_051, best cost 134.12 + 3685.29 = 3819.41 over 398 frames.
f1_051 sil eh n iy k aw n t uw b ey sh ah n z ah l iy g r iy l iy ah p r iy z sh ey t ah d sil 
LOG (lattice-best-path[5.5.1126~1-8c451]:main():lattice-best-path.cc:99) For utterance f1_056, best cost 139.314 + 3647.89 = 3787.2 over 439 frames.
f1_056 sil w ey eh s t er z g ae sh er t ih ch k ow s t iy p r ey s ih ng k r iy s ah z sil 
LOG (lattice-best-path[5.5.1126~1-8c451]:main():lattice-best-path.cc:99) For utterance f1_061, best cost 129.753 + 3048.43 = 3178.18 over 359 frames.
f1_061 sil k l ih z d ih s p l ay l ih z m ih s t p l ey s aa n ah s k r ey ng sil 
LOG (lattice-best-path[5.5.1126~1-8c451]:main():lattice-best-path.cc:99) For utterance f1_066, best cost 108.752 + 2453.49 = 2562.24 over 309 frames.
f1_066 sil b ae k t er z p r ah z k r ay g r ah k s t uw f r iy l iy sil 
LOG (lattice-best-path[5.5.1126~1-8c451]:main():lattice-best-path.cc:99) For utterance f1_071, best cost 164.302 + 3748.96 = 3913.26 over 436 frames.
f1_071 sil k w aa k g r ey sh n ah l ah n ah th eh n d er s t ae n d ih ng ah l iy v iy t uw s b iy t ah t sil 
LOG (lattice-best-path[5.5.1126~1-8c451]:main():lattice-best-path.cc:99) For utterance f1_076, best cost 97.6107 + 2778.01 = 2875.62 over 313 frames.
f1_076 sil dh ih th ih ng g er ih z ih f ey n ah s k eh l p t er sil 
LOG (lattice-best-path[5.5.1126~1-8c451]:main():lattice-best-path.cc:99) For utterance f1_081, best cost 134.93 + 3071.48 = 3206.41 over 360 frames.
f1_081 sil m ae s k r ey p aa r d iy s hh aa k s k aa n t ih n ah ch ah n ey n sh ah n sil 
LOG (lattice-best-path[5.5.1126~1-8c451]:main():lattice-best-path.cc:99) For utterance f1_086, best cost 197.73 + 4319.11 = 4516.84 over 522 frames.
f1_086 sil t uw dh iy g aa r d uw ch eh l d r ah n z eh k g r iy b eh r k l ae s t er m z f er hh aa k ao l aa l ah d ey z sil 
LOG (lattice-best-path[5.5.1126~1-8c451]:main():lattice-best-path.cc:99) For utterance f1_091, best cost 115.679 + 2894.4 = 3010.08 over 327 frames.
f1_091 sil sil ah hh iy ch t ae p ih s t r iy hh aa n ih ng r m ao l ay d sil 
LOG (lattice-best-path[5.5.1126~1-8c451]:main():lattice-best-path.cc:99) For utterance f1_096, best cost 134.589 + 2885.46 = 3020.04 over 339 frames.
f1_096 sil sil hh ih s ao t n b eh t p aa r ch er s sh aa k t dh iy k ae p s sil sil 
LOG (lattice-best-path[5.5.1126~1-8c451]:main():lattice-best-path.cc:99) For utterance f1_101, best cost 93.3811 + 2612 = 2705.39 over 300 frames.
f1_101 sil k l ae s t ih s k er ah n ih r l eh p t ae n z sil 
LOG (lattice-best-path[5.5.1126~1-8c451]:main():lattice-best-path.cc:99) For utterance f1_106, best cost 162.596 + 3296.12 = 3458.72 over 388 frames.
f1_106 sil sil t r eh s f ae s ih n ih z f r er b ey d ah n ah n s eh t t eh k t ah p aa n ah l d s iy sil 
LOG (lattice-best-path[5.5.1126~1-8c451]:main():lattice-best-path.cc:99) For utterance f1_111, best cost 110.201 + 2780.08 = 2890.28 over 329 frames.
f1_111 sil aa r d ih f ih sh ow n t eh l ah jh ah n s ah z f er er iy ah l sil 
LOG (lattice-best-path[5.5.1126~1-8c451]:main():lattice-best-path.cc:99) For utterance f1_116, best cost 118.743 + 2951.98 = 3070.72 over 323 frames.
f1_116 sil w iy p l ey ah n t s ah b ae l d ih n y uw b eh v er jh p l ae n t sil 
LOG (lattice-best-path[5.5.1126~1-8c451]:main():lattice-best-path.cc:99) For utterance f1_121, best cost 193.903 + 4407.96 = 4601.87 over 494 frames.
f1_121 sil s ay n t ih th ih k p r aa g r ae s k ah m ch ah m n ah d z ah b aa l ah m ah n ah v n iy t eh t m iy t s sil 
LOG (lattice-best-path[5.5.1126~1-8c451]:main():lattice-best-path.cc:99) For utterance f1_126, best cost 163.765 + 3737.72 = 3901.48 over 432 frames.
f1_126 sil w ih sh l ao n aa r d ih k ah l w ao z ow p p ey p ih n ey t ah d k aa r f ih k ey sh ah n sil 
LOG (lattice-best-path[5.5.1126~1-8c451]:main():lattice-best-path.cc:99) For utterance f1_131, best cost 163.382 + 3377.87 = 3541.25 over 419 frames.
f1_131 sil p er eh k t ae t s ih k y ih sh ah n ae f m ay n sh t r ah sh ah n z ah z k r uw sh ah l sil 
LOG (lattice-best-path[5.5.1126~1-8c451]:main():lattice-best-path.cc:99) For utterance f1_136, best cost 140.5 + 3197.47 = 3337.97 over 352 frames.
f1_136 sil dh iy s t iy t ah z ih g z ih s s ih n w ao r g n y m ah k k l ay m ah n s sil 
LOG (lattice-best-path[5.5.1126~1-8c451]:main():lattice-best-path.cc:99) For utterance f1_141, best cost 133.131 + 3344.86 = 3477.99 over 364 frames.
f1_141 sil p er m ow s dh ih s p l ah n t er b ah v dh iy p eh r ah f s f r iy z ah t er z sil 
LOG (lattice-best-path[5.5.1126~1-8c451]:main():lattice-best-path.cc:99) For utterance f1_146, best cost 139.871 + 3601.1 = 3740.98 over 381 frames.
f1_146 sil p er ao v er ah n hh ae n er m ay n t uw hh ae n ah f w aa d ah m l iy iy d z sil 
LOG (lattice-best-path[5.5.1126~1-8c451]:main():lattice-best-path.cc:99) For utterance f1_151, best cost 98.7474 + 3385.3 = 3484.05 over 325 frames.
f1_151 sil w uw t eh d dh iy p ay ae k t aw n ah b ay y uw sil 
LOG (lattice-best-path[5.5.1126~1-8c451]:main():lattice-best-path.cc:99) For utterance f1_156, best cost 173.672 + 4462.3 = 4635.97 over 482 frames.
f1_156 sil ao r v er k w aa p r ey t s ih n f ay n ih ng n ae n z k aw n iy ao l b iy er w ao r d ah d sil 
LOG (lattice-best-path[5.5.1126~1-8c451]:main():lattice-best-path.cc:99) For utterance f1_161, best cost 155.643 + 4072.26 = 4227.9 over 455 frames.
f1_161 n sil w uw k ah d b eh r l iy s iy t ih f y ao r s t uw dh iy s n ae l f l er iy z sil 
LOG (lattice-best-path[5.5.1126~1-8c451]:main():lattice-best-path.cc:99) For utterance f1_166, best cost 116.991 + 2980.6 = 3097.59 over 335 frames.
f1_166 sil dh iy k ae t s ah n iy aw t ao l oy z hh aa r s m ay y ih r z sil 
LOG (lattice-best-path[5.5.1126~1-8c451]:main():lattice-best-path.cc:99) For utterance f1_171, best cost 159.818 + 3292.43 = 3452.25 over 379 frames.
f1_171 sil dh iy s t r ay t ae v er iy f sil f ay ow v r ah b l iy d ih t s m ay n ao t ah d sil s sil 
LOG (lattice-best-path[5.5.1126~1-8c451]:main():lattice-best-path.cc:99) For utterance f1_176, best cost 86.3604 + 2628.46 = 2714.82 over 262 frames.
f1_176 sil dh ey n jh er ay ah w eh n ay ay d dh ih sh ah n sil 
LOG (lattice-best-path[5.5.1126~1-8c451]:main():lattice-best-path.cc:99) For utterance f1_181, best cost 185.47 + 4108.11 = 4293.58 over 466 frames.
f1_181 sil dh iy ah n jh eh l sh ah n sh ah d ah v f w oy d ih k s b ow zh er d ah k ah n z ey d uw z d ih z iy z ah d z sil 
LOG (lattice-best-path[5.5.1126~1-8c451]:main():lattice-best-path.cc:99) For utterance f1_186, best cost 121.346 + 3346.47 = 3467.82 over 346 frames.
f1_186 sil iy v n aa ay t k ey sh ah l iy d ah t dh iy m ah n b ey b l uw z sil 
LOG (lattice-best-path[5.5.1126~1-8c451]:main():lattice-best-path.cc:99) For utterance f1_191, best cost 127.004 + 3520.2 = 3647.2 over 373 frames.
f1_191 sil m ay k ah l k aa t ah v dh iy b ae g r ow m ao l w ih th k r ay aa n z sil 
LOG (lattice-best-path[5.5.1126~1-8c451]:main():lattice-best-path.cc:99) For utterance f1_196, best cost 142.843 + 3818.22 = 3961.06 over 428 frames.
f1_196 sil dh iy s er m ah n eh m f ah s ay z dh iy n iy t f er f er m d ah b aa k sh ah n sil 
LOG (lattice-best-path[5.5.1126~1-8c451]:main():lattice-best-path.cc:99) For utterance f1_201, best cost 177.422 + 3795.21 = 3972.64 over 424 frames.
f1_201 sil sil k ao r ey t ae k dh iy p r aa sh eh k sil dh iy d b ay sh t r uh d z ah t aa r m ah n ey n sh ah n sil 
LOG (lattice-best-path[5.5.1126~1-8c451]:main():lattice-best-path.cc:99) For utterance f1_206, best cost 160.2 + 4692.43 = 4852.63 over 476 frames.
f1_206 sil s t eh t k ah d b eh r l ay t ae n g ah l dh iy s ay k ah l aa t t ih k ah l d t r aa m ah sil 
LOG (lattice-best-path[5.5.1126~1-8c451]:main():lattice-best-path.cc:99) For utterance f1_211, best cost 113.832 + 3209.9 = 3323.73 over 338 frames.
f1_211 sil hh ay l w ey n t r iy m ey n t sil n iy n ih s ey n b eh ng sil 
LOG (lattice-best-path[5.5.1126~1-8c451]:main():lattice-best-path.cc:99) For utterance f1_216, best cost 132.572 + 3308.01 = 3440.58 over 365 frames.
f1_216 sil sil dh iy d ae k t er b ih z m ey iy ae m b y ah l ah n z ah dh iy p ey sh ah n t sil 
LOG (lattice-best-path[5.5.1126~1-8c451]:main():lattice-best-path.cc:99) For utterance f1_221, best cost 108.005 + 2811.81 = 2919.82 over 312 frames.
f1_221 sil hh ae l iy t uw k ah z ih s ah b oy ey ae s s k ah l ey er sil 
LOG (lattice-best-path[5.5.1126~1-8c451]:main():lattice-best-path.cc:99) For utterance f1_226, best cost 122.207 + 3447.69 = 3569.89 over 376 frames.
f1_226 sil dh iy p ao r d ih z b aa t er f l ay t iy d ah l aa t ah n ae k sil er sil 
LOG (lattice-best-path[5.5.1126~1-8c451]:main():lattice-best-path.cc:99) For utterance f1_231, best cost 108.039 + 2836.06 = 2944.09 over 300 frames.
f1_231 sil w eh r ow p ah n eh v er iy m aa n d ay ey iy t n ae ng sil 
LOG (lattice-best-path[5.5.1126~1-8c451]:main():lattice-best-path.cc:99) For utterance f1_236, best cost 104.405 + 3276.8 = 3381.21 over 358 frames.
f1_236 sil hh aw oy l iy d y ah l ay t ih s ae l ah jh er ah s ih ng sil 
LOG (lattice-best-path[5.5.1126~1-8c451]:main():lattice-best-path.cc:99) For utterance f1_241, best cost 151.725 + 3785.05 = 3936.77 over 433 frames.
f1_241 sil ih jh ao aw p g r iy t s b ay y uw z ae n t ae k ah n ah s t ih k m aa s ah l z sil 
LOG (lattice-best-path[5.5.1126~1-8c451]:main():lattice-best-path.cc:99) For utterance f1_246, best cost 127.146 + 3641.92 = 3769.06 over 347 frames.
f1_246 sil dh iy ey n d r iy b oy ey n s er t sil ah t d ih t n m ah t k aa p sil 
LOG (lattice-best-path[5.5.1126~1-8c451]:main():lattice-best-path.cc:99) For utterance f1_251, best cost 206.51 + 4488.08 = 4694.59 over 526 frames.
f1_251 sil t er f er eh t ah t ah z p r ih s t iy z iy er k r ay iy g ey sh ah n l iy w iy z dh iy b ao l s t r iy ch er ah n ah l sil 
LOG (lattice-best-path[5.5.1126~1-8c451]:main():lattice-best-path.cc:99) For utterance f1_256, best cost 161.235 + 4013.08 = 4174.32 over 447 frames.
f1_256 sil l ae n g y eh r ah n hh ay d ao r m ih z ey sh ah n z p er m ow l sil b er f ah n t r ah l sil 
LOG (lattice-best-path[5.5.1126~1-8c451]:main():lattice-best-path.cc:99) For utterance f1_261, best cost 164.652 + 3551.48 = 3716.14 over 423 frames.
f1_261 sil sil w uh d ih p er f ah l aa sh uw s ah t b aa r b eh r y uw z f ow n s iy aa t ow l sil sil 
LOG (lattice-best-path[5.5.1126~1-8c451]:main():lattice-best-path.cc:99) For utterance f1_266, best cost 111.153 + 3013.52 = 3124.67 over 326 frames.
f1_266 sil ch ih jh er ae s th iy k ae k t ih n s m l ao l z uw z sil 
LOG (lattice-best-path[5.5.1126~1-8c451]:main():lattice-best-path.cc:99) For utterance f1_271, best cost 93.4845 + 2561.72 = 2655.2 over 289 frames.
f1_271 sil ah n iy v ah jh ch ey n sh ey p aa s ah ng g l iy sil 
LOG (lattice-best-path[5.5.1126~1-8c451]:main():lattice-best-path.cc:99) For utterance f1_276, best cost 107.611 + 2650.83 = 2758.44 over 298 frames.
f1_276 sil sil dh iy ch ow z ah n f y uw l ah l b uh k ah n jh eh n ah l z sil 
LOG (lattice-best-path[5.5.1126~1-8c451]:main():lattice-best-path.cc:99) For utterance f1_281, best cost 236.402 + 5267.52 = 5503.92 over 558 frames.
f1_281 sil r ay d ih z ay er z er z s eh n b ah l z p iy v n iy w aa n n z b aa r m ay d ah v p aa r b r ae n hh aa n dh iy s aa d ch ae t s sil 
LOG (lattice-best-path[5.5.1126~1-8c451]:main():lattice-best-path.cc:99) For utterance f1_286, best cost 111.268 + 2771.8 = 2883.07 over 302 frames.
f1_286 sil dh ae t d ow ah ch iy s ah z k ae t s m er s ah l z s l iy sil 
LOG (lattice-best-path[5.5.1126~1-8c451]:main():lattice-best-path.cc:99) For utterance f1_291, best cost 137.582 + 3251.89 = 3389.47 over 343 frames.
f1_291 sil ah l ow dh er g ae m b ey ay g w ih b iy s t uw d ah b ah l ah g ae f z sil 
LOG (lattice-best-path[5.5.1126~1-8c451]:main():lattice-best-path.cc:99) For utterance f1_296, best cost 203.05 + 5410.26 = 5613.31 over 571 frames.
f1_296 sil ae l ah s iy t dh iy jh er ay n ah k l ay iy m ah n ah b ay ae l ah jh iy ah n iy ah n d ih n ih r ah n d ah p aa r b n ah n z sil 
LOG (lattice-best-path[5.5.1126~1-8c451]:main():lattice-best-path.cc:99) For utterance f1_301, best cost 153.877 + 3900 = 4053.88 over 417 frames.
f1_301 sil sil t aa l th l ey s t aa p r ay aa r d iy ah n g eh d ih ng ih z b ay t f eh k s t sil 
LOG (lattice-best-path[5.5.1126~1-8c451]:main():lattice-best-path.cc:99) For utterance f1_306, best cost 150.604 + 3448.93 = 3599.54 over 386 frames.
f1_306 sil dh iy d d aa r k m er k y ah l ah g uw ow n r aa n z er aw n f er m ay n ah l z sil 
LOG (lattice-best-path[5.5.1126~1-8c451]:main():lattice-best-path.cc:99) For utterance f1_311, best cost 159.171 + 4832.23 = 4991.4 over 495 frames.
f1_311 sil dh iy f r ey t uw ch ay l b m ih z jh ah m l iy s ah d t uw d b ay z b ih g b r ae b er sil 
LOG (lattice-best-path[5.5.1126~1-8c451]:main():lattice-best-path.cc:99) For utterance f1_316, best cost 200.354 + 4918.46 = 5118.82 over 563 frames.
f1_316 sil dh iy p r iy s k ow eh r k ah n b er b l ay s er f ey ow oy n z ah v ae p dh iy ah m er sh ah n s iy k ah n d ih sh ah n s sil 
LOG (lattice-best-path[5.5.1126~1-8c451]:main():lattice-best-path.cc:99) For utterance f1_321, best cost 117.751 + 3161.06 = 3278.81 over 353 frames.
f1_321 sil ah l oy ay er w ih z ah p oy n t iy t ae k s ih k y uw g er w eh l sil 
LOG (lattice-best-path[5.5.1126~1-8c451]:main():lattice-best-path.cc:99) For utterance f1_326, best cost 167.676 + 4565.09 = 4732.77 over 494 frames.
f1_326 sil dh iy s ih s t ah n m ey b r ey g t eh m s iy ah n z ih z ey p er f ay l z f r iy t ah m l iy sil 
LOG (lattice-best-path[5.5.1126~1-8c451]:main():lattice-best-path.cc:99) For utterance f1_331, best cost 187.124 + 4481.81 = 4668.94 over 492 frames.
f1_331 sil dh iy k ah n m ey n p eh k s ah z dh eh k t ih m k ao r d er d ih g ah m p oy t f r ih th r iy aa aw er z sil 
LOG (lattice-best-path[5.5.1126~1-8c451]:main():lattice-best-path.cc:99) For utterance f1_336, best cost 144.344 + 4074 = 4218.34 over 404 frames.
f1_336 sil dh eh t n ah l iy s p aa t n b r ow z m ao r n ow oy ih ng iy sh t ae iy sil 
LOG (lattice-best-path[5.5.1126~1-8c451]:main():lattice-best-path.cc:99) For utterance f1_341, best cost 163.605 + 3791.63 = 3955.24 over 414 frames.
f1_341 sil r ih n ah n m ey n eh v er t sil sil dh iy k aa n k ah m k l iy t l iy iy t ah l p s ah n ae n sil 
LOG (lattice-best-path[5.5.1126~1-8c451]:main():lattice-best-path.cc:99) For utterance f1_346, best cost 115.718 + 2972.28 = 3088 over 328 frames.
f1_346 sil w iy l ao l k ow m ah n iy ng iy s t uw d n z iy ch iy er sil 
LOG (lattice-best-path[5.5.1126~1-8c451]:main():lattice-best-path.cc:99) For utterance f1_351, best cost 106.473 + 2976.69 = 3083.17 over 336 frames.
f1_351 sil w ih k sh er jh t uw dh iy s m eh k s w er sh ah t b ah n sil 
LOG (lattice-best-path[5.5.1126~1-8c451]:main():lattice-best-path.cc:99) For utterance f1_356, best cost 93.3184 + 2877.05 = 2970.37 over 302 frames.
f1_356 sil dh ey ao l l ay k ah l aa hh ay ch aa aw er z sil 
LOG (lattice-best-path[5.5.1126~1-8c451]:main():lattice-best-path.cc:99) For utterance f1_361, best cost 129.107 + 3466.45 = 3595.56 over 381 frames.
f1_361 sil t ih n z iy sh y ah l ah t ah s iy m uw v iy s f ay s ah b l iy t sil sil 
LOG (lattice-best-path[5.5.1126~1-8c451]:main():lattice-best-path.cc:99) For utterance f1_366, best cost 148.317 + 3866.33 = 4014.65 over 419 frames.
f1_366 sil sil hh er w ao r jh er k ah n s ih s t ah v ah l l iy s k er k t ah m b l aw ah s ah z sil 
LOG (lattice-best-path[5.5.1126~1-8c451]:main():lattice-best-path.cc:99) For utterance f1_371, best cost 137.411 + 3866.09 = 4003.5 over 401 frames.
f1_371 sil ay d r ay d ih s ae b oy ey b ae t ah n aa p ah n ah n ah f ch ey n z jh sil 
LOG (lattice-best-path[5.5.1126~1-8c451]:main():lattice-best-path.cc:99) For utterance f1_376, best cost 131.067 + 3367.9 = 3498.97 over 370 frames.
f1_376 sil m uw v ah g aa r b iy jh t n iy er s ah v ah l aa r jh ah b l ah n d ah sil 
LOG (lattice-best-path[5.5.1126~1-8c451]:main():lattice-best-path.cc:99) For utterance f1_381, best cost 175.282 + 4249.47 = 4424.76 over 474 frames.
f1_381 sil w ih n s ih f r ah n ah jh g r iy s iy er ch ey n b iy sh er d ah v w aa sh s t aa er l iy sil sil 
LOG (lattice-best-path[5.5.1126~1-8c451]:main():lattice-best-path.cc:99) For utterance f1_386, best cost 154.759 + 4367.32 = 4522.08 over 474 frames.
f1_386 sil dh iy k r ae t ch aa n sh ah n ey n b ah v ah k r ih k s t ae d v eh ng g w ih sh t ah n sil 
LOG (lattice-best-path[5.5.1126~1-8c451]:main():lattice-best-path.cc:99) For utterance f1_391, best cost 110.102 + 2796.64 = 2906.75 over 336 frames.
f1_391 sil iy ch f ey ay s sh er l iy f ay n z ah b ih g f aa n sil 
LOG (lattice-best-path[5.5.1126~1-8c451]:main():lattice-best-path.cc:99) For utterance f1_396, best cost 191.152 + 4396.51 = 4587.66 over 507 frames.
f1_396 sil sil dh iy ae b er t ay z ih ng b er s ah p l eh m ah v sil r er ay d iy z p er n eh v er ch ey n jh ah sil s sil 
LOG (lattice-best-path[5.5.1126~1-8c451]:main():lattice-best-path.cc:99) For utterance f1_401, best cost 127.975 + 3706.64 = 3834.61 over 395 frames.
f1_401 sil sil t aa n s s ih ng s ah l aa r jh er k l ae n s ao s ah p r aa k ah l sil 
LOG (lattice-best-path[5.5.1126~1-8c451]:main():lattice-best-path.cc:99) For utterance f1_406, best cost 186.569 + 4709.48 = 4896.05 over 518 frames.
f1_406 sil dh iy th ih k ae l m f aa r s w ih z p iy er l iy y ow v er l ow n b ay g d ah ch ah m z ah z iy z sil 
LOG (lattice-best-path[5.5.1126~1-8c451]:main():lattice-best-path.cc:99) For utterance f1_411, best cost 112.987 + 3028.98 = 3141.96 over 343 frames.
f1_411 sil dh ih z w iy z ih sh ah n z hh aa r m ay z m aa r k ah l ah s l iy sil 
LOG (lattice-best-path[5.5.1126~1-8c451]:main():lattice-best-path.cc:99) For utterance f1_416, best cost 108.018 + 3250.45 = 3358.47 over 320 frames.
f1_416 sil b ae t k ae t p aa k ah w ao z k ao t r eh t ae n t ah d sil 
LOG (lattice-best-path[5.5.1126~1-8c451]:main():lattice-best-path.cc:99) For utterance f1_421, best cost 108.63 + 2978.27 = 3086.9 over 329 frames.
f1_421 sil ih s p ae t ih k hh aa s t ih n z ah k r ay k ah l ah f ah l sil 
LOG (lattice-best-path[5.5.1126~1-8c451]:main():lattice-best-path.cc:99) For utterance f1_426, best cost 143.129 + 3907.66 = 4050.78 over 437 frames.
f1_426 sil dh iy iy z iy g ow ah n z aa l ah jh ah s f r l ae s t er ah p w oy ey t ah jh sil 
LOG (lattice-best-path[5.5.1126~1-8c451]:main():lattice-best-path.cc:99) For utterance f1_431, best cost 171.964 + 3947.98 = 4119.94 over 432 frames.
f1_431 sil n aa m p aa r v er d er k n ih z ey sh ah n z hh eh v er iy g r uw sil aa n r iy g n b ih z sil 
LOG (lattice-best-path[5.5.1126~1-8c451]:main():lattice-best-path.cc:99) For utterance f1_436, best cost 151.165 + 3556.26 = 3707.43 over 405 frames.
f1_436 sil aa r k s p r iy k g ey f r iy p r ah l iy ah k er z aa n th ih ng s k eh v ih ng sil sil 
LOG (lattice-best-path[5.5.1126~1-8c451]:main():lattice-best-path.cc:99) For utterance f1_441, best cost 108.893 + 3150.8 = 3259.69 over 335 frames.
f1_441 sil r aa k ah n m ah l n iy z ah k ae z ah g r iy g r ih b ah m sil 
LOG (lattice-best-path[5.5.1126~1-8c451]:main():lattice-best-path.cc:99) For utterance f1_446, best cost 121.194 + 3589.52 = 3710.71 over 379 frames.
f1_446 sil dh iy s p iy ch s ah n p ow z iy m ay t b ih g ih n aa m ay n z er sil 
LOG (lattice-best-path[5.5.1126~1-8c451]:main():lattice-best-path.cc:99) For utterance f1_451, best cost 154.304 + 3894.36 = 4048.66 over 444 frames.
f1_451 sil ch ow jh ah n k ih ng p ah n s ih m ay n iy f er r ah l ah p s ih m aa n s ih d ih ng sil 
LOG (lattice-best-path[5.5.1126~1-8c451]:main():lattice-best-path.cc:99) For utterance f1_456, best cost 142.73 + 4106.34 = 4249.07 over 433 frames.
f1_456 sil ah m ao l s ih g z ae g t ih l ah n ah p ae k t uw r aw t ow z k aa r d ah n sil 
LOG (lattice-best-path[5.5.1126~1-8c451]:main():lattice-best-path.cc:99) For utterance f5_001, best cost 77.2815 + 2208.87 = 2286.15 over 249 frames.
f5_001 sil sil d ih s w ih z iy z iy p er ae f s sil 
LOG (lattice-best-path[5.5.1126~1-8c451]:main():lattice-best-path.cc:99) For utterance f5_006, best cost 115.073 + 2717.56 = 2832.63 over 325 frames.
f5_006 sil w ay y eh l er w er iy ow v f r ah s ih l iy ae t ah m z sil sil 
LOG (lattice-best-path[5.5.1126~1-8c451]:main():lattice-best-path.cc:99) For utterance f5_011, best cost 92.4405 + 2495.73 = 2588.17 over 301 frames.
f5_011 sil s w ih ng er aa r m ah s hh ay s uw z ae n sil sil 
LOG (lattice-best-path[5.5.1126~1-8c451]:main():lattice-best-path.cc:99) For utterance f5_021, best cost 90.2769 + 2449.62 = 2539.9 over 301 frames.
f5_021 sil ah n l iy l er z t l ah v n l iy n ih n er z sil 
LOG (lattice-best-path[5.5.1126~1-8c451]:main():lattice-best-path.cc:99) For utterance f5_031, best cost 137.265 + 2888.08 = 3025.34 over 391 frames.
f5_031 sil aa r b s k ah l b r ay s l ih g r eh jh uw ey sh ah n p ae z ah n t sil sil 
LOG (lattice-best-path[5.5.1126~1-8c451]:main():lattice-best-path.cc:99) For utterance f5_036, best cost 74.6334 + 2941.45 = 3016.08 over 348 frames.
f5_036 sil b ae s k ah t b aa w ao r t sil sil 
LOG (lattice-best-path[5.5.1126~1-8c451]:main():lattice-best-path.cc:99) For utterance f5_041, best cost 156.065 + 2742.09 = 2898.15 over 364 frames.
f5_041 sil eh m iy d eh k s t r ih s p ih k p aa p ah t s ah k aa m p ih sh m w ao r sil sil sil 
LOG (lattice-best-path[5.5.1126~1-8c451]:main():lattice-best-path.cc:99) For utterance f5_046, best cost 120.11 + 2651.56 = 2771.67 over 354 frames.
f5_046 sil dh iy p r aa l ow t w ao r eh s k iy m ae s k f er t ih s k ay z sil 
LOG (lattice-best-path[5.5.1126~1-8c451]:main():lattice-best-path.cc:99) For utterance f5_051, best cost 139.272 + 3133.17 = 3272.45 over 393 frames.
f5_051 sil eh n iy k aa b iy sh ah n z b ah l b iy k r ey l iy p r ih sh iy t ah d sil sil 
LOG (lattice-best-path[5.5.1126~1-8c451]:main():lattice-best-path.cc:99) For utterance f5_056, best cost 152.474 + 3240.88 = 3393.35 over 446 frames.
f5_056 sil r ae s t er z k ae s sh ao r d ih ch k aa s t iy p r ih s ih ng k r iy s ah z sil sil sil 
LOG (lattice-best-path[5.5.1126~1-8c451]:main():lattice-best-path.cc:99) For utterance f5_061, best cost 136.663 + 2576.84 = 2713.5 over 377 frames.
f5_061 sil sil k l ih s t s t ih s p l ey l ih z m ih s t p l iy s ah m dh iy s k r iy n sil 
LOG (lattice-best-path[5.5.1126~1-8c451]:main():lattice-best-path.cc:99) For utterance f5_066, best cost 73.2333 + 2802.74 = 2875.97 over 335 frames.
f5_066 sil ih s k r ae t uw f r iy ah l iy sil sil 
LOG (lattice-best-path[5.5.1126~1-8c451]:main():lattice-best-path.cc:99) For utterance f5_071, best cost 169.431 + 3368.5 = 3537.93 over 448 frames.
f5_071 sil k w aa p r ey sh ah n ah l aa n n p ah n d ih sh t ae n ih ng ah l iy v iy iy t d ih s p iy n ih t sil 
LOG (lattice-best-path[5.5.1126~1-8c451]:main():lattice-best-path.cc:99) For utterance f5_076, best cost 108.836 + 2381.42 = 2490.26 over 309 frames.
f5_076 sil dh iy th ih ng k er ah z ih f ey m ah s k ah l p sh er sil sil 
LOG (lattice-best-path[5.5.1126~1-8c451]:main():lattice-best-path.cc:99) For utterance f5_081, best cost 132.175 + 2865.54 = 2997.72 over 373 frames.
f5_081 sil m ae s k f r ey p aa r iy z t ae k s w ih n z ah n ae d iy n ey sh ah n sil 
LOG (lattice-best-path[5.5.1126~1-8c451]:main():lattice-best-path.cc:99) For utterance f5_086, best cost 161.846 + 4036.87 = 4198.71 over 495 frames.
f5_086 sil aa r d ah n ch ah l d ih n t eh k r ey t eh k l ae sh ih n sh f r ao l hh aa l ah d ih ng ih z sil 
LOG (lattice-best-path[5.5.1126~1-8c451]:main():lattice-best-path.cc:99) For utterance f5_091, best cost 121.272 + 2545.85 = 2667.12 over 318 frames.
f5_091 sil ih k iy jh t ae p s t r ey d hh aw n ih n hh er hh ao l w iy sil sil 
LOG (lattice-best-path[5.5.1126~1-8c451]:main():lattice-best-path.cc:99) For utterance f5_096, best cost 114.431 + 2646.46 = 2760.89 over 334 frames.
f5_096 sil hh ih s eh n d ah p aa r sh er sh aa k sil dh iy k ae s s sil sil 
LOG (lattice-best-path[5.5.1126~1-8c451]:main():lattice-best-path.cc:99) For utterance f5_101, best cost 103.693 + 2551.59 = 2655.28 over 302 frames.
f5_101 sil f ae s t dh iy s k r uw ih n ih r l eh k t ae n d sil sil 
LOG (lattice-best-path[5.5.1126~1-8c451]:main():lattice-best-path.cc:99) For utterance f5_106, best cost 118.011 + 3176.98 = 3294.99 over 388 frames.
f5_106 sil t r eh s p eh s ih ng ih s f r er b ih n ah n s ah g ih t iy sil sil 
LOG (lattice-best-path[5.5.1126~1-8c451]:main():lattice-best-path.cc:99) For utterance f5_111, best cost 113.724 + 2495.38 = 2609.1 over 318 frames.
f5_111 sil aa r d ih f ih sh l ah n t eh l ah jh ah n z ih z f er iy ng l sil 
LOG (lattice-best-path[5.5.1126~1-8c451]:main():lattice-best-path.cc:99) For utterance f5_116, best cost 113.596 + 2607.67 = 2721.27 over 326 frames.
f5_116 sil b iy p l ae n t ih b eh l d ih n y uw b eh v f r ih ng t sil sil 
LOG (lattice-best-path[5.5.1126~1-8c451]:main():lattice-best-path.cc:99) For utterance f5_121, best cost 187.93 + 3927.15 = 4115.08 over 496 frames.
f5_121 sil s ay n t ih k ah t p r aa g r eh s k ah m s f r ah m n dh iy d ah d v eh l m ah n ih n ih n t ih z sil sil sil 
LOG (lattice-best-path[5.5.1126~1-8c451]:main():lattice-best-path.cc:99) For utterance f5_126, best cost 178.652 + 3448.42 = 3627.07 over 451 frames.
f5_126 sil w ih ch l ao m aa r d ah k ah l w ao z ow k p ey k ah n iy d uw d k l er f ih k ey sh ah n sil sil 
LOG (lattice-best-path[5.5.1126~1-8c451]:main():lattice-best-path.cc:99) For utterance f5_131, best cost 162.881 + 2929.3 = 3092.18 over 403 frames.
f5_131 sil sil k r eh k t ih k s iy k y uw sh ah n ah z m ay n s t r ah k sh ah n z ah s k r ah sh eh l sil 
LOG (lattice-best-path[5.5.1126~1-8c451]:main():lattice-best-path.cc:99) For utterance f5_136, best cost 130.398 + 2811.03 = 2941.43 over 370 frames.
f5_136 sil dh iy s k iy t ah z ih g z ih s t ih n b ao r m hh k l ay m ah t s sil 
LOG (lattice-best-path[5.5.1126~1-8c451]:main():lattice-best-path.cc:99) For utterance f5_141, best cost 85.0292 + 3017.37 = 3102.4 over 366 frames.
f5_141 sil ah n t er w ih th dh iy p eh r z t r iy s er z sil 
LOG (lattice-best-path[5.5.1126~1-8c451]:main():lattice-best-path.cc:99) For utterance f5_146, best cost 122.2 + 3416.03 = 3538.23 over 398 frames.
f5_146 sil sil hh er ao p er g hh eh r ah m ay n d t ih m dh iy f ao t ah n z sil 
LOG (lattice-best-path[5.5.1126~1-8c451]:main():lattice-best-path.cc:99) For utterance f5_151, best cost 93.6493 + 2588.27 = 2681.92 over 304 frames.
f5_151 sil k dh iy k hh ay ae t n k aw n dh iy b ay y uw sil 
LOG (lattice-best-path[5.5.1126~1-8c451]:main():lattice-best-path.cc:99) For utterance f5_156, best cost 184.53 + 4043.85 = 4228.38 over 500 frames.
f5_156 sil w eh v er k w aa p r iy k t s ah n f ay n ih ng n ah t n ae n s k ae m iy eh l ah b iy er w ao r d ah d sil 
LOG (lattice-best-path[5.5.1126~1-8c451]:main():lattice-best-path.cc:99) For utterance f5_161, best cost 104.814 + 3479.56 = 3584.37 over 443 frames.
f5_161 sil dh iy f ah b eh r l iy s y uw p s n ow v f l er iy z sil 
LOG (lattice-best-path[5.5.1126~1-8c451]:main():lattice-best-path.cc:99) For utterance f5_166, best cost 107.453 + 2759.5 = 2866.96 over 336 frames.
f5_166 sil dh iy k ae t s m ae l ao l w ey z f er t s m ay iy er z sil 
LOG (lattice-best-path[5.5.1126~1-8c451]:main():lattice-best-path.cc:99) For utterance f5_171, best cost 135.47 + 2803.72 = 2939.19 over 374 frames.
f5_171 sil ih s t r oy iy eh v er iy f ay l ah b r l ey d ih t uw m ay ao t ah t s sil 
LOG (lattice-best-path[5.5.1126~1-8c451]:main():lattice-best-path.cc:99) For utterance f5_176, best cost 97.1579 + 2266.53 = 2363.69 over 282 frames.
f5_176 sil sil dh iy ih n jh uw oy ey ow ah n ay ae d t ih sh ah n sil 
LOG (lattice-best-path[5.5.1126~1-8c451]:main():lattice-best-path.cc:99) For utterance f5_181, best cost 180.442 + 3729.44 = 3909.88 over 465 frames.
f5_181 sil sil d eh l ah ch ow n ah n ch ah d ah p oy d uw k s p ow zh er t uw k ah n t iy jh ih s t ih z iy z ah z sil 
LOG (lattice-best-path[5.5.1126~1-8c451]:main():lattice-best-path.cc:99) For utterance f5_186, best cost 104.154 + 3009.11 = 3113.26 over 352 frames.
f5_186 sil sil iy f ih n ay ey k y ah m ah n ey b l uw n z sil sil 
LOG (lattice-best-path[5.5.1126~1-8c451]:main():lattice-best-path.cc:99) For utterance f5_191, best cost 128.263 + 3196.64 = 3324.91 over 383 frames.
f5_191 sil m ay k ah l k aa l ah d dh iy b eh d er m m ao l w ih k k r ay ah n z sil 
LOG (lattice-best-path[5.5.1126~1-8c451]:main():lattice-best-path.cc:99) For utterance f5_196, best cost 150.174 + 3296.07 = 3446.25 over 428 frames.
f5_196 sil dh iy s er m ah n eh m th dh iy s ay z t dh ih n iy f er f er m ah n ah v ae k s sh ah n sil 
LOG (lattice-best-path[5.5.1126~1-8c451]:main():lattice-best-path.cc:99) For utterance f5_201, best cost 153.51 + 3188.02 = 3341.53 over 415 frames.
f5_201 sil sil k ao r ey t t ae k dh iy p r aa jh ah t dh iy p ae k s t r ih jh ch er m ah n ey sh ah n sil 
LOG (lattice-best-path[5.5.1126~1-8c451]:main():lattice-best-path.cc:99) For utterance f5_206, best cost 127.697 + 3569.11 = 3696.81 over 417 frames.
f5_206 sil sil s t ae th ae n d ah l d ah s ay k ah l aa jh ah b ah l t r aa m ah sil 
LOG (lattice-best-path[5.5.1126~1-8c451]:main():lattice-best-path.cc:99) For utterance f5_211, best cost 103.706 + 2754.56 = 2858.26 over 329 frames.
f5_211 sil hh ay ow ey er d f r iy l iy m iy n s ey n b ae ng sil 
LOG (lattice-best-path[5.5.1126~1-8c451]:main():lattice-best-path.cc:99) For utterance f5_216, best cost 113.839 + 3187.75 = 3301.59 over 379 frames.
f5_216 sil ah d aa k t er w ao z ah n dh iy ae m b y ah l er dh iy p ey sh ah n sil 
LOG (lattice-best-path[5.5.1126~1-8c451]:main():lattice-best-path.cc:99) For utterance f5_221, best cost 119.511 + 2669.76 = 2789.27 over 339 frames.
f5_221 sil hh aw t iy n sh ah n z ih z ih s ah b w ey ae s k ah l iy d er sil sil 
LOG (lattice-best-path[5.5.1126~1-8c451]:main():lattice-best-path.cc:99) For utterance f5_226, best cost 126.878 + 2963 = 3089.88 over 364 frames.
f5_226 sil dh iy k ao r jh ah s p ah t ah p l ay t ey t ah v l aa t ah p eh k t er sil sil 
LOG (lattice-best-path[5.5.1126~1-8c451]:main():lattice-best-path.cc:99) For utterance f5_231, best cost 107.811 + 2357.3 = 2465.11 over 302 frames.
f5_231 sil b iy uh r ow p ah n t eh v er iy m ah n ey iy v n ih ng sil 
LOG (lattice-best-path[5.5.1126~1-8c451]:main():lattice-best-path.cc:99) For utterance f5_236, best cost 124.559 + 2887.75 = 3012.31 over 356 frames.
f5_236 sil hh aa l w oy l iy g y uw l ay k y ah s ae l ah jh eh s ih ng sil sil sil 
LOG (lattice-best-path[5.5.1126~1-8c451]:main():lattice-best-path.cc:99) For utterance f5_241, best cost 156.845 + 3099.49 = 3256.34 over 406 frames.
f5_241 sil dh iy jh ao p r ey t s p ay y uw z ih ng n ae n t ay g ih n ih s t ih k m ao s ah l z sil 
LOG (lattice-best-path[5.5.1126~1-8c451]:main():lattice-best-path.cc:99) For utterance f5_246, best cost 87.7165 + 2918.22 = 3005.93 over 340 frames.
f5_246 sil dh ae ng g r iy b oy iy ae m ah p ae p sil sil 
LOG (lattice-best-path[5.5.1126~1-8c451]:main():lattice-best-path.cc:99) For utterance f5_251, best cost 192.339 + 3884.48 = 4076.82 over 520 frames.
f5_251 sil t er f r eh dh er iy s p er s t iy sh iy k ey jh ah n l iy r iy d f p ah w ao l z t r iy jh er n ah l sil sil 
LOG (lattice-best-path[5.5.1126~1-8c451]:main():lattice-best-path.cc:99) For utterance f5_256, best cost 166.793 + 3404.79 = 3571.59 over 433 frames.
f5_256 sil p l ae n k eh r hh er d w ao r b ah n ih z ey sh ah n z p r ah m ah l p er th k k ah n t er ah l sil 
LOG (lattice-best-path[5.5.1126~1-8c451]:main():lattice-best-path.cc:99) For utterance f5_261, best cost 153.657 + 3097.87 = 3251.53 over 410 frames.
f5_261 sil w eh dh er p r uw v k ah l aa sh ah z aa r b eh r y iy s k ah l ah n s iy ae d ah l sil 
LOG (lattice-best-path[5.5.1126~1-8c451]:main():lattice-best-path.cc:99) For utterance f5_266, best cost 102.258 + 2539.83 = 2642.09 over 333 frames.
f5_266 sil sh ih jh er ae s p iy k ae p t ah n s w ao l z uw z sil 
LOG (lattice-best-path[5.5.1126~1-8c451]:main():lattice-best-path.cc:99) For utterance f5_271, best cost 116.293 + 2536.36 = 2652.65 over 314 frames.
f5_271 sil ah m iy b ih z t ch ey n ch sh ey p k aa n s ah l iy sil sil 
LOG (lattice-best-path[5.5.1126~1-8c451]:main():lattice-best-path.cc:99) For utterance f5_276, best cost 116.062 + 2523.66 = 2639.72 over 321 frames.
f5_276 sil ih ch ow z w uw f y uw w ih l w uh k ah m n jh eh n er ah l z sil 
LOG (lattice-best-path[5.5.1126~1-8c451]:main():lattice-best-path.cc:99) For utterance f5_281, best cost 236.615 + 4638.38 = 4874.99 over 565 frames.
f5_281 sil sil m ay b ay er z ah s eh m p ah l k ih t m ih ng w ah n n f ao r m ah v k eh r k r ae f k aa n dh d s ah b jh ih t sil sil sil 
LOG (lattice-best-path[5.5.1126~1-8c451]:main():lattice-best-path.cc:99) For utterance f5_286, best cost 108.332 + 2403.27 = 2511.6 over 319 frames.
f5_286 sil ae t d aa m ch iy s ih s k ae k s m er s ah l ah s l iy sil 
LOG (lattice-best-path[5.5.1126~1-8c451]:main():lattice-best-path.cc:99) For utterance f5_291, best cost 126.163 + 2871.07 = 2997.23 over 368 frames.
f5_291 sil ah l ah dh er hh ae m b ae g w ih b iy ah s uw d uw p ah l g ae f sil 
LOG (lattice-best-path[5.5.1126~1-8c451]:main():lattice-best-path.cc:99) For utterance f5_296, best cost 221.781 + 4668.29 = 4890.07 over 575 frames.
f5_296 sil sil hh aw l w uw s iy d ih d jh ow ah n ah p oy d m ah n ah n dh iy b ay l ah ch iy ah n ey n jh iy n ih r ah n d ah p er m ah n s sil 
LOG (lattice-best-path[5.5.1126~1-8c451]:main():lattice-best-path.cc:99) For utterance f5_301, best cost 153.908 + 3441.51 = 3595.42 over 425 frames.
f5_301 sil sil t aa t p l ey s t t aa p r iy er d iy ah n t eh d ih ng ih z b ay k t ih k k s t sil 
LOG (lattice-best-path[5.5.1126~1-8c451]:main():lattice-best-path.cc:99) For utterance f5_306, best cost 152.856 + 3588.45 = 3741.3 over 433 frames.
f5_306 sil sil dh iy d aa r k m er k y uw l ah g ih m m r aa n d er r aa n f r ah m ay ah l z sil 
LOG (lattice-best-path[5.5.1126~1-8c451]:main():lattice-best-path.cc:99) For utterance f5_311, best cost 161.492 + 3794.91 = 3956.4 over 458 frames.
f5_311 sil sil dh iy f r ay t n ch ay l d w ih z t eh d uw d b oy n z b ih g b r ah p t er sil sil 
LOG (lattice-best-path[5.5.1126~1-8c451]:main():lattice-best-path.cc:99) For utterance f5_316, best cost 196.372 + 3462.24 = 3658.61 over 457 frames.
f5_316 sil dh iy p r iy s k ah l eh k ah d ih ng dh iy f er b l ay s er f y ah l ih ng z b aa p iy m er z d k ae n d ih sh ah n z sil sil 
LOG (lattice-best-path[5.5.1126~1-8c451]:main():lattice-best-path.cc:99) For utterance f5_321, best cost 124.878 + 3048.67 = 3173.55 over 377 frames.
f5_321 sil ah l eh er w ao z ah p oy n t iy t ae k s k y uw hh er w ah l sil sil 
LOG (lattice-best-path[5.5.1126~1-8c451]:main():lattice-best-path.cc:99) For utterance f5_326, best cost 181.879 + 3334.2 = 3516.08 over 481 frames.
f5_326 sil dh iy s ih s t ah n m ey b r ey k k aw n s ih n s ih s ey g er f ay l z f r iy k w ih t l iy sil sil sil 
LOG (lattice-best-path[5.5.1126~1-8c451]:main():lattice-best-path.cc:99) For utterance f5_331, best cost 178.717 + 3873.6 = 4052.31 over 487 frames.
f5_331 sil sil dh iy k eh n m ah n k ae t t uw z b ih k w ao r n er d ih g eh m p oy n f r ih th r iy aa aw er z sil 
LOG (lattice-best-path[5.5.1126~1-8c451]:main():lattice-best-path.cc:99) For utterance f5_336, best cost 167.08 + 3225.83 = 3392.91 over 396 frames.
f5_336 sil sil dh ae t n ow oy s p r aa p n n g r ih z m n w ao r ah n oy ih ng iy ch t d ey iy sil 
LOG (lattice-best-path[5.5.1126~1-8c451]:main():lattice-best-path.cc:99) For utterance f5_341, best cost 142.467 + 3372.55 = 3515.02 over 420 frames.
f5_341 sil sil w ih m ah n m ey n eh v er dh iy k ah m k ah m p l iy t l iy k ah l d s ah n ah n sil 
LOG (lattice-best-path[5.5.1126~1-8c451]:main():lattice-best-path.cc:99) For utterance f5_346, best cost 114.363 + 2835.73 = 2950.09 over 360 frames.
f5_346 sil w iy l uh l k ah m ay n iy n y uw s t uw d n s iy ch iy er sil 
LOG (lattice-best-path[5.5.1126~1-8c451]:main():lattice-best-path.cc:99) For utterance f5_351, best cost 101.787 + 2663.58 = 2765.36 over 341 frames.
f5_351 sil w ih ch ch er sh t uw p s n ah s w er s ih p ae n sil 
LOG (lattice-best-path[5.5.1126~1-8c451]:main():lattice-best-path.cc:99) For utterance f5_361, best cost 136.172 + 2807.97 = 2944.14 over 372 frames.
f5_361 sil t ih n t iy k s sh iy l ih t s ih s iy m uw v iy z t ay s uw l iy k k sil 
LOG (lattice-best-path[5.5.1126~1-8c451]:main():lattice-best-path.cc:99) For utterance f5_366, best cost 145.601 + 3165.57 = 3311.17 over 405 frames.
f5_366 sil hh er b ao r d r er p ah n s ih s ah b ow n l iy s k r ih t s ah m b l ao s ah z sil 
LOG (lattice-best-path[5.5.1126~1-8c451]:main():lattice-best-path.cc:99) For utterance f5_371, best cost 126.182 + 3376.24 = 3502.42 over 396 frames.
f5_371 sil ay d r ay d dh iy s ah b oy p ah n ah hh ae b n z ah n ah ch ey n jh sil 
LOG (lattice-best-path[5.5.1126~1-8c451]:main():lattice-best-path.cc:99) For utterance f5_376, best cost 131.27 + 2927.54 = 3058.81 over 351 frames.
f5_376 sil uw v dh iy k aa r b ih jh g eh er ch ah d l aa r jh m ah n d ih l sil sil 
LOG (lattice-best-path[5.5.1126~1-8c451]:main():lattice-best-path.cc:99) For utterance f5_381, best cost 166.995 + 3412.91 = 3579.91 over 463 frames.
f5_381 sil w eh n t uw f ih n ih jh k r iy s iy n y uw ch ey n b iy sh er dh iy w aa sh s p eh r l iy sil 
LOG (lattice-best-path[5.5.1126~1-8c451]:main():lattice-best-path.cc:99) For utterance f5_386, best cost 133.219 + 3238.59 = 3371.8 over 421 frames.
f5_386 sil dh iy k r ae b ch eh l ah n jh d ih k s t ae b th ih ng g w ih sh t ae m sil 
LOG (lattice-best-path[5.5.1126~1-8c451]:main():lattice-best-path.cc:99) For utterance f5_391, best cost 121.239 + 2479.9 = 2601.13 over 321 frames.
f5_391 sil sil iy t t s ae d sh er l iy th b ay n z ah b ih g f aa n sil 
LOG (lattice-best-path[5.5.1126~1-8c451]:main():lattice-best-path.cc:99) For utterance f5_396, best cost 196.239 + 3822.11 = 4018.35 over 518 frames.
f5_396 sil dh iy ae t t er ch ay z ih ng n p er s s ah dh eh v k ah m ah th b er ay t iy s t ao r n eh v er ch ey n jh ah z sil 
LOG (lattice-best-path[5.5.1126~1-8c451]:main():lattice-best-path.cc:99) For utterance f5_401, best cost 170.365 + 2967.63 = 3137.99 over 394 frames.
f5_401 sil t aa m ah s t ih n s ah l aa r zh er k l ae m p s ao l z t dh iy p r aa b ah l m sil sil f sil 
LOG (lattice-best-path[5.5.1126~1-8c451]:main():lattice-best-path.cc:99) For utterance f5_406, best cost 181.909 + 3984.36 = 4166.27 over 512 frames.
f5_406 sil dh iy f ih k ae l m f ao r s ih z n ih r l iy ow v er w ao l m b ay t t eh s ch eh l m d ih z iy z sil 
LOG (lattice-best-path[5.5.1126~1-8c451]:main():lattice-best-path.cc:99) For utterance f5_411, best cost 171.451 + 3443.03 = 3614.48 over 433 frames.
f5_411 sil ih z m iy z ih sh ah n z hh aa r m l ae t sil ih z m y ah m ah n ay z m aa r m b ah l ah s l iy sil 
LOG (lattice-best-path[5.5.1126~1-8c451]:main():lattice-best-path.cc:99) For utterance f5_416, best cost 125.157 + 2929.63 = 3054.78 over 339 frames.
f5_416 sil sil eh p t ih p aa k iy w ao z k aa t er r eh d hh ae n d ah d sil sil 
LOG (lattice-best-path[5.5.1126~1-8c451]:main():lattice-best-path.cc:99) For utterance f5_421, best cost 113.117 + 2647.62 = 2760.74 over 332 frames.
f5_421 sil hh ih s p eh t ah k aa s t uw m z er k w ay k k ah l ah f ah l sil 
LOG (lattice-best-path[5.5.1126~1-8c451]:main():lattice-best-path.cc:99) For utterance f5_431, best cost 168.31 + 3445.93 = 3614.24 over 427 frames.
f5_431 sil sil b aa n p aa f er ao r g m ah n z ey sh ah n z eh k p r iy k ah t p aa n r iy z er z sil sil 
LOG (lattice-best-path[5.5.1126~1-8c451]:main():lattice-best-path.cc:99) For utterance f5_436, best cost 157.26 + 3182.44 = 3339.7 over 405 frames.
f5_436 sil sil sil hh er p s p er s t ey f r iy k ah n m ey k r ih z ah m b ae ng s k ih v ih ng sil sil 
LOG (lattice-best-path[5.5.1126~1-8c451]:main():lattice-best-path.cc:99) For utterance f5_441, best cost 110.792 + 2553.04 = 2663.83 over 325 frames.
f5_441 sil r aa k ah n m ow m y uw z ih k ae z ah g r ey g r eh b ah m sil 
LOG (lattice-best-path[5.5.1126~1-8c451]:main():lattice-best-path.cc:99) For utterance f5_446, best cost 111.648 + 3207.71 = 3319.36 over 398 frames.
f5_446 sil dh iy s b iy t s ah m p ow z iy m ay b iy g ae n ah m ah n d iy sil 
LOG (lattice-best-path[5.5.1126~1-8c451]:main():lattice-best-path.cc:99) For utterance f5_451, best cost 197.034 + 4075.44 = 4272.47 over 533 frames.
f5_451 sil ch ah l d r uw sil sil ch ah l d ah n t f ah n s ih m m ah n iy f r uw r ah l ah p s n m ah n s ih d ih ng sil sil 
LOG (lattice-best-path[5.5.1126~1-8c451]:main():lattice-best-path.cc:99) For utterance f5_456, best cost 162.582 + 3327.42 = 3490 over 434 frames.
f5_456 sil ah m l ao s t ih g z ae d b ah l aa n n dh iy p aa k th r uw ao t ah z k aa r d ah n sil sil 
LOG (lattice-best-path[5.5.1126~1-8c451]:main():lattice-best-path.cc:99) For utterance m1_001, best cost 76.2519 + 1850.05 = 1926.3 over 200 frames.
m1_001 dh ih s w ao z iy z iy f er ae s 
LOG (lattice-best-path[5.5.1126~1-8c451]:main():lattice-best-path.cc:99) For utterance m1_006, best cost 113.044 + 3542.1 = 3655.14 over 381 frames.
m1_006 sil l ay y eh l aa r ao r y ao r f r ah s ah l iy ay d ah m z 
LOG (lattice-best-path[5.5.1126~1-8c451]:main():lattice-best-path.cc:99) For utterance m1_011, best cost 106.191 + 3119.26 = 3225.45 over 308 frames.
m1_011 sil s m ah n y uh r ao aa r m ah s hh ay eh zh ah t ae n sil 
LOG (lattice-best-path[5.5.1126~1-8c451]:main():lattice-best-path.cc:99) For utterance m1_016, best cost 138.614 + 3314.24 = 3452.85 over 374 frames.
m1_016 ae l ow m ow n iy hh ay m t ah jh ah v f ao r s d m ae n s w eh l f sil 
LOG (lattice-best-path[5.5.1126~1-8c451]:main():lattice-best-path.cc:99) For utterance m1_021, best cost 110.282 + 3169.75 = 3280.03 over 323 frames.
m1_021 sil ow n l iy l ow l eh r s l ah v m ih l iy ah m eh r z 
LOG (lattice-best-path[5.5.1126~1-8c451]:main():lattice-best-path.cc:99) For utterance m1_026, best cost 104.497 + 3119.52 = 3224.02 over 326 frames.
m1_026 sil d ow ch uw ch aa r l iy z t er d iy g d ih sh ah z s 
LOG (lattice-best-path[5.5.1126~1-8c451]:main():lattice-best-path.cc:99) For utterance m1_031, best cost 160.996 + 3738.02 = 3899.02 over 415 frames.
m1_031 sil b aa r v z g ow l b r ih z l ih t w ao z ah g r eh jh oy ih sh ah b p r eh z ah n 
LOG (lattice-best-path[5.5.1126~1-8c451]:main():lattice-best-path.cc:99) For utterance m1_036, best cost 135.789 + 3448.66 = 3584.45 over 379 frames.
m1_036 dh ae s k ah p ow l k ah n b iy ae n ah n er t ae n ih ng k s p w ao r t 
LOG (lattice-best-path[5.5.1126~1-8c451]:main():lattice-best-path.cc:99) For utterance m1_041, best cost 145.079 + 3414.79 = 3559.87 over 398 frames.
m1_041 sil dh ae m b ah d eh k s t r ah s t p ih k p aa p ah t s ah k aa p w ih sh m ao r sil 
LOG (lattice-best-path[5.5.1126~1-8c451]:main():lattice-best-path.cc:99) For utterance m1_046, best cost 127.013 + 3884.05 = 4011.06 over 421 frames.
m1_046 sil dh iy p r ao l er w ao r s k iy m ae s k f ao r d t s k ae ay z sil 
LOG (lattice-best-path[5.5.1126~1-8c451]:main():lattice-best-path.cc:99) For utterance m1_051, best cost 162.139 + 3990.72 = 4152.86 over 421 frames.
m1_051 sil eh n iy k aa n k r iy b iy ih sh ah n ah b l ow b iy g r ey t l iy ah v p r ih sh ey t ah d 
LOG (lattice-best-path[5.5.1126~1-8c451]:main():lattice-best-path.cc:99) For utterance m1_056, best cost 175.214 + 4357.85 = 4533.06 over 496 frames.
m1_056 sil l ae s sh y er z g ae sh sh ao r uw jh k aa z s t iy t p r ay s ih k ih n k r iy s ah z sil 
LOG (lattice-best-path[5.5.1126~1-8c451]:main():lattice-best-path.cc:99) For utterance m1_061, best cost 137.088 + 3559.91 = 3697 over 422 frames.
m1_061 k l ih s t ih s p l ay iy w ao z m ih z p l ey s t aa n dh iy s k r iy n sil 
LOG (lattice-best-path[5.5.1126~1-8c451]:main():lattice-best-path.cc:99) For utterance m1_066, best cost 133.505 + 3404.14 = 3537.65 over 365 frames.
m1_066 sil b aa p t er z p er s k r ay b d r ay d k s t t uw f r y uw l iy 
LOG (lattice-best-path[5.5.1126~1-8c451]:main():lattice-best-path.cc:99) For utterance m1_071, best cost 194.501 + 4971.11 = 5165.61 over 544 frames.
m1_071 k w aa p er ey sh ah n ah l l aa ng w ih th f ow n d er s t ae n ih ng ih l iy v iy ey p d ih s p y uw d 
LOG (lattice-best-path[5.5.1126~1-8c451]:main():lattice-best-path.cc:99) For utterance m1_076, best cost 98.259 + 3330.06 = 3428.32 over 355 frames.
m1_076 sil dh iy f ih ng k er ah z ah f ih ng m ah s k eh l ch er sil 
LOG (lattice-best-path[5.5.1126~1-8c451]:main():lattice-best-path.cc:99) For utterance m1_081, best cost 142.995 + 3627.15 = 3770.15 over 397 frames.
m1_081 m eh s k er r ey p aa r t iy z t ae k s w aa n z ih m eh jh ah n ih sh ah n sil 
LOG (lattice-best-path[5.5.1126~1-8c451]:main():lattice-best-path.cc:99) For utterance m1_086, best cost 203.664 + 5053.35 = 5257.02 over 555 frames.
m1_086 sil k ih n d er g r aa r d ah n ch ih l d ah n t eh k er ey p er k l ae sh f r ah m z f er k ao l hh ao l ah d ey z sil 
LOG (lattice-best-path[5.5.1126~1-8c451]:main():lattice-best-path.cc:99) For utterance m1_091, best cost 133.752 + 3672.15 = 3805.9 over 365 frames.
m1_091 ah hh y uw jh t ae p ih sh t r iy hh aa n dh ih n d k er hh aa l w ey sil 
LOG (lattice-best-path[5.5.1126~1-8c451]:main():lattice-best-path.cc:99) For utterance m1_096, best cost 117.23 + 3519.65 = 3636.88 over 359 frames.
m1_096 hh ih s ah v ah n t ah p aa r ch er sh sh aa p dh iy k ae s t 
LOG (lattice-best-path[5.5.1126~1-8c451]:main():lattice-best-path.cc:99) For utterance m1_101, best cost 100.11 + 2969.6 = 3069.71 over 310 frames.
m1_101 sil k l ae s t dh iy s k r uw ih n er l ae f s hh ae n sil 
LOG (lattice-best-path[5.5.1126~1-8c451]:main():lattice-best-path.cc:99) For utterance m1_106, best cost 170.584 + 4010.06 = 4180.65 over 432 frames.
m1_106 sil sil t r ah s t p ae s ih ng ih z f r er b ih t ah n n ah n t s ah b jh eh k t uw p eh n ah l d iy sil 
LOG (lattice-best-path[5.5.1126~1-8c451]:main():lattice-best-path.cc:99) For utterance m1_111, best cost 114.204 + 3037.13 = 3151.33 over 358 frames.
m1_111 sil aa r d er f ih sh ah l ah n t eh l ah jh ah n s ih z f er r iy l sil 
LOG (lattice-best-path[5.5.1126~1-8c451]:main():lattice-best-path.cc:99) For utterance m1_116, best cost 119.633 + 3262.06 = 3381.69 over 369 frames.
m1_116 w iy p l ae n t uw b ih l ih n uw b eh v er jh p ay ae d z 
LOG (lattice-best-path[5.5.1126~1-8c451]:main():lattice-best-path.cc:99) For utterance m1_121, best cost 195.481 + 5202.77 = 5398.25 over 552 frames.
m1_121 s ay n t ih f ih k p r aw er r ah s k ah m z f r ah m dh iy d ih v eh l m ah b ah v ih n d t eh k l iy k s 
LOG (lattice-best-path[5.5.1126~1-8c451]:main():lattice-best-path.cc:99) For utterance m1_126, best cost 170.069 + 3962.66 = 4132.72 over 458 frames.
m1_126 w ih ch l aa n ao r d ih k ah l w ao z ah p ey k ih n iy d y uw g k l eh r f ah k ey sh ah n sil 
LOG (lattice-best-path[5.5.1126~1-8c451]:main():lattice-best-path.cc:99) For utterance m1_131, best cost 165.881 + 4158.68 = 4324.56 over 438 frames.
m1_131 sil k er ih k p r eh k s ih k y uw sh ah n ah th m ay n jh p r ah sh ah n z ih s k r uw ch ah l sil 
LOG (lattice-best-path[5.5.1126~1-8c451]:main():lattice-best-path.cc:99) For utterance m1_136, best cost 152.804 + 3039.91 = 3192.71 over 373 frames.
m1_136 sil m s k y d ow z ih g z ih s t ih n w ao r m k ih m ih b k l ay m ah t s 
LOG (lattice-best-path[5.5.1126~1-8c451]:main():lattice-best-path.cc:99) For utterance m1_141, best cost 134.922 + 3735.14 = 3870.06 over 385 frames.
m1_141 sil r ih m uw v ih s p l ah n jh er w ih f ah p eh r ah v p f w iy z er z sil 
LOG (lattice-best-path[5.5.1126~1-8c451]:main():lattice-best-path.cc:99) For utterance m1_146, best cost 167.102 + 4631.11 = 4798.21 over 474 frames.
m1_146 sil p er k ao b er n ah hh eh er r m ay n d ih z ah hh ih m ah v ao t ah m l iy iy t s 
LOG (lattice-best-path[5.5.1126~1-8c451]:main():lattice-best-path.cc:99) For utterance m1_151, best cost 100.286 + 3100.28 = 3200.57 over 332 frames.
m1_151 sil uw g uh k dh iy k ay ae k dh ow m dh iy b ay y uw sil 
LOG (lattice-best-path[5.5.1126~1-8c451]:main():lattice-best-path.cc:99) For utterance m1_156, best cost 166.081 + 4633.6 = 4799.68 over 528 frames.
m1_156 sil w eh v er k w aa p er iy t s ah n f ay n ih ng n ae n s k ae m iy ow b y uw w ao r d ah d 
LOG (lattice-best-path[5.5.1126~1-8c451]:main():lattice-best-path.cc:99) For utterance m1_161, best cost 155.241 + 4278.39 = 4433.63 over 477 frames.
m1_161 sil dh iy k ah d b eh r l iy s iy v ih f y uw ao r jh f r uw dh ah s ah n ah l f l er iy z sil 
LOG (lattice-best-path[5.5.1126~1-8c451]:main():lattice-best-path.cc:99) For utterance m1_166, best cost 118.216 + 3486.09 = 3604.31 over 380 frames.
m1_166 sil dh iy k ae t s m iy aw l w ey z f er t m ay iy iy r z 
LOG (lattice-best-path[5.5.1126~1-8c451]:main():lattice-best-path.cc:99) For utterance m1_171, best cost 142.978 + 3660.72 = 3803.7 over 411 frames.
m1_171 sil d ih s t r ao r ey eh v er iy f ay l w er l ey d ih ch uw m ay ao t ah t s sil 
LOG (lattice-best-path[5.5.1126~1-8c451]:main():lattice-best-path.cc:99) For utterance m1_176, best cost 92.7399 + 3382.17 = 3474.91 over 331 frames.
m1_176 sil dh ey jh oy iy ah t w eh n ay er aa r jh ih sh ah n sil 
LOG (lattice-best-path[5.5.1126~1-8c451]:main():lattice-best-path.cc:99) For utterance m1_181, best cost 191.601 + 4324.52 = 4516.12 over 502 frames.
m1_181 sil y ah ng ch ih l d er ah n ch uw t ah v f ao r d ih k s p ow sh er t uw k ah n t ey jh ih z d ih z iy z ah z 
LOG (lattice-best-path[5.5.1126~1-8c451]:main():lattice-best-path.cc:99) For utterance m1_186, best cost 122.246 + 3750.36 = 3872.6 over 402 frames.
m1_186 sil iy v ah n ay ah k ey sh ah n ah l iy g uw p ah m ah n d ey b l uw z 
LOG (lattice-best-path[5.5.1126~1-8c451]:main():lattice-best-path.cc:99) For utterance m1_191, best cost 145.955 + 3841.84 = 3987.8 over 418 frames.
m1_191 sil m ay k ah l k aa l er d dh iy b eh b er ow n w ao l p ah k k r ay aa n z 
LOG (lattice-best-path[5.5.1126~1-8c451]:main():lattice-best-path.cc:99) For utterance m1_196, best cost 148.093 + 4420.85 = 4568.94 over 488 frames.
m1_196 sil dh iy s er m ah n eh m f ah s ay z th ih n iy d f er f er m ah d ih v ae k sh ah n sil 
LOG (lattice-best-path[5.5.1126~1-8c451]:main():lattice-best-path.cc:99) For utterance m1_201, best cost 164.224 + 4045.59 = 4209.81 over 453 frames.
m1_201 sil sil k ao r iy ah t ae t p ah p r aa jh eh k w ih th ae k s t r ih d ih z t er m ah n ey sh ah n sil 
LOG (lattice-best-path[5.5.1126~1-8c451]:main():lattice-best-path.cc:99) For utterance m1_206, best cost 154.427 + 3585.92 = 3740.34 over 414 frames.
m1_206 sil s t eh f k ah d b eh r l iy hh ae n d ah l dh iy s ay k ah l aa jh ih k ah l t r aa m ah 
LOG (lattice-best-path[5.5.1126~1-8c451]:main():lattice-best-path.cc:99) For utterance m1_211, best cost 118.817 + 3844.36 = 3963.18 over 398 frames.
m1_211 sil p ay r w ey iy ah n f r iy w ey ih n iy n dh iy s ih ng f ih ng 
LOG (lattice-best-path[5.5.1126~1-8c451]:main():lattice-best-path.cc:99) For utterance m1_216, best cost 130.324 + 3857.72 = 3988.04 over 430 frames.
m1_216 sil ih z aa ch er w ao z ih n dh iy ae m y ah l ah n t s w ih th dh iy p ey sh ah n z 
LOG (lattice-best-path[5.5.1126~1-8c451]:main():lattice-best-path.cc:99) For utterance m1_221, best cost 128.044 + 3355.66 = 3483.71 over 367 frames.
m1_221 sil hh aw w iy n sh ah n s ah z d ih z s ah b w ey eh s k ah l ey d er sil 
LOG (lattice-best-path[5.5.1126~1-8c451]:main():lattice-best-path.cc:99) For utterance m1_226, best cost 127.1 + 3543.31 = 3670.41 over 388 frames.
m1_226 sil dh iy g ao r jh ih z b ow t er f w oy ey t ah l aa t ah v n ah ch er sil 
LOG (lattice-best-path[5.5.1126~1-8c451]:main():lattice-best-path.cc:99) For utterance m1_236, best cost 107.913 + 3205.77 = 3313.69 over 355 frames.
m1_236 hh aw w oy l iy d iy l ay k ih s eh l ah jh er s ih ng 
LOG (lattice-best-path[5.5.1126~1-8c451]:main():lattice-best-path.cc:99) For utterance m1_241, best cost 173.153 + 3646.72 = 3819.87 over 452 frames.
m1_241 sil dh iy jh aa l p er ey t s p ay y uw z ih ng iy ae n t t ay k ih n ih s t ih k m ae s ah l z 
LOG (lattice-best-path[5.5.1126~1-8c451]:main():lattice-best-path.cc:99) For utterance m1_246, best cost 138.028 + 3939.5 = 4077.52 over 395 frames.
m1_246 dh iy ae ih ng r iy b oy iy ae n ch er d ah t d ih v ah n w uh k g ow p 
LOG (lattice-best-path[5.5.1126~1-8c451]:main():lattice-best-path.cc:99) For utterance m1_251, best cost 192.17 + 4927.34 = 5119.51 over 561 frames.
m1_251 sil jh ih f er ih th er d ih z p er s t iy sh y ih k ey sh ah n l iy r iy d s t ah b ao l s t r iy jh er n ah l sil 
LOG (lattice-best-path[5.5.1126~1-8c451]:main():lattice-best-path.cc:99) For utterance m1_256, best cost 167.902 + 4152.96 = 4320.86 over 461 frames.
m1_256 sil p ay n jh p eh er hh er d ao r ih n ah z ey sh ah n z p er m ow p b er f k ah n t r ow l sil 
LOG (lattice-best-path[5.5.1126~1-8c451]:main():lattice-best-path.cc:99) For utterance m1_261, best cost 164.845 + 4041.56 = 4206.41 over 450 frames.
m1_261 sil w ih th ah b p r uw v k ah l aa sh ah z aa r v er er iy y uw s f ah l ah n s iy aw t ah l sil 
LOG (lattice-best-path[5.5.1126~1-8c451]:main():lattice-best-path.cc:99) For utterance m1_266, best cost 121.24 + 3718.63 = 3839.87 over 395 frames.
m1_266 sil sh uh d jh er ae f s p iy k ae t t t ah n s m ao l s uw z 
LOG (lattice-best-path[5.5.1126~1-8c451]:main():lattice-best-path.cc:99) For utterance m1_271, best cost 107.387 + 2856.33 = 2963.72 over 320 frames.
m1_271 sil ah m iy g ih s ch ey n sh sh ey p k aa n t s ah l iy sil 
LOG (lattice-best-path[5.5.1126~1-8c451]:main():lattice-best-path.cc:99) For utterance m1_276, best cost 126.011 + 2826.06 = 2952.07 over 322 frames.
m1_276 sil ah k ch ow z ah n f y uw w ih l g dh iy k ah m n jh ae n er ah l z 
LOG (lattice-best-path[5.5.1126~1-8c451]:main():lattice-best-path.cc:99) For utterance m1_281, best cost 225.62 + 5017.55 = 5243.17 over 591 frames.
m1_281 sil m ay d ih z s ay er z aa r s ah m p ah l g ih v m iy w aa n ah n f ao r m ah t ah v p eh er r ae f aa n dh iy s ah b jh eh k sil 
LOG (lattice-best-path[5.5.1126~1-8c451]:main():lattice-best-path.cc:99) For utterance m1_286, best cost 120.716 + 3129.65 = 3250.37 over 359 frames.
m1_286 b ae t d aa t ch ey s ih z k ae t s m er s ah l ah s l iy 
LOG (lattice-best-path[5.5.1126~1-8c451]:main():lattice-best-path.cc:99) For utterance m1_291, best cost 135.853 + 3743.83 = 3879.68 over 403 frames.
m1_291 sil dh iy l eh dh er hh ae n v ey d w uh d b iy ah s s uw b ah l p iy ah f sil 
LOG (lattice-best-path[5.5.1126~1-8c451]:main():lattice-best-path.cc:99) For utterance m1_296, best cost 227.511 + 4957.83 = 5185.34 over 592 frames.
m1_296 ae l d w er s iy v z ah d jh oy d ah p oy m m ah n ah n dh iy b ay aa l ah jh iy ah n ah n jh ah n ih r iy n d ah t aa r t m ah n s 
LOG (lattice-best-path[5.5.1126~1-8c451]:main():lattice-best-path.cc:99) For utterance m1_301, best cost 162.272 + 4223.62 = 4385.89 over 494 frames.
m1_301 sil t aa b p l ey z t aa p r ay er ao r d iy ah n g ih t ih ng ih z b ay k f ey k s s 
LOG (lattice-best-path[5.5.1126~1-8c451]:main():lattice-best-path.cc:99) For utterance m1_306, best cost 164.951 + 3588.06 = 3753.01 over 416 frames.
m1_306 dh iy b jh aa r p m er k y uw l ih g uw n b w aa n d er r aw m f r ah m ay l z 
LOG (lattice-best-path[5.5.1126~1-8c451]:main():lattice-best-path.cc:99) For utterance m1_311, best cost 180.797 + 5102.66 = 5283.45 over 539 frames.
m1_311 sil dh iy f r ay v n t r aw ow p w ao z jh eh n t l iy s ah b jh uw b ay hh ih z b ih d b r ah dh er sil 
LOG (lattice-best-path[5.5.1126~1-8c451]:main():lattice-best-path.cc:99) For utterance m1_316, best cost 221.465 + 5415.56 = 5637.02 over 631 frames.
m1_316 sil dh iy p p r iy s k ah l er k r ih d ah n p er b ah l ay s er f y ah l ih ng d ah b aa th iy ah m er jh ah n s iy k ih n d ih sh ah n z 
LOG (lattice-best-path[5.5.1126~1-8c451]:main():lattice-best-path.cc:99) For utterance m1_321, best cost 136.035 + 3602.4 = 3738.43 over 412 frames.
m1_321 sil ah l er iy er w ao z ah p oy n t ah d t ey ae k s ih k y uw d hh er w ih l 
LOG (lattice-best-path[5.5.1126~1-8c451]:main():lattice-best-path.cc:99) For utterance m1_326, best cost 176.41 + 4473.09 = 4649.5 over 542 frames.
m1_326 sil dh iy s ih s t ah m m ey b r ey k d aw m z s uw n s ah s ey g er f ay l z f r iy k ah b l iy sil 
LOG (lattice-best-path[5.5.1126~1-8c451]:main():lattice-best-path.cc:99) For utterance m1_331, best cost 191.762 + 4941.1 = 5132.87 over 556 frames.
m1_331 sil dh iy g ah m ah n k ae t p ih z f ih k t m k ao r m er b ah t g ah m p ao r d f er f r iy aw ao r z 
LOG (lattice-best-path[5.5.1126~1-8c451]:main():lattice-best-path.cc:99) For utterance m1_336, best cost 170.568 + 4154.65 = 4325.22 over 475 frames.
m1_336 sil dh ae t n oy z p r aa b l ah m n g ow z d g r ow z m ao r n oy ih ng iy ch t d ey 
LOG (lattice-best-path[5.5.1126~1-8c451]:main():lattice-best-path.cc:99) For utterance m1_341, best cost 169.305 + 4099.27 = 4268.58 over 455 frames.
m1_341 sil w ih m ah n m ey n eh v er v b iy k aw m m k ah m p l iy dh iy iy k ah l t t ah m ae n sil sil 
LOG (lattice-best-path[5.5.1126~1-8c451]:main():lattice-best-path.cc:99) For utterance m1_346, best cost 120.773 + 3008.84 = 3129.61 over 346 frames.
m1_346 w iy b l ow k ah m m ah n iy n ih n z d ah d ah n s iy ch iy er sil 
LOG (lattice-best-path[5.5.1126~1-8c451]:main():lattice-best-path.cc:99) For utterance m1_351, best cost 106.771 + 3504.43 = 3611.2 over 372 frames.
m1_351 sil w ih jh ch er jh d uw dh iy s m ih s w er sh ih p ih n sil 
LOG (lattice-best-path[5.5.1126~1-8c451]:main():lattice-best-path.cc:99) For utterance m1_356, best cost 103.723 + 3049.39 = 3153.12 over 338 frames.
m1_356 dh ey ao l l ay k ah l aa ng hh aa ch sh aw er z 
LOG (lattice-best-path[5.5.1126~1-8c451]:main():lattice-best-path.cc:99) For utterance m1_361, best cost 143.737 + 3310.47 = 3454.21 over 383 frames.
m1_361 t ih n t ey z sh iy l ih th t ah s iy m uw v iy s ch w oy s uw w iy iy sil 
LOG (lattice-best-path[5.5.1126~1-8c451]:main():lattice-best-path.cc:99) For utterance m1_366, best cost 158.556 + 3773.42 = 3931.98 over 444 frames.
m1_366 sil hh er w ao r jh er ah b k ae n s ih s ah v ah b ah l l iy s k er t s ah m b l ao s ah z 
LOG (lattice-best-path[5.5.1126~1-8c451]:main():lattice-best-path.cc:99) For utterance m1_371, best cost 143.371 + 3693.64 = 3837.01 over 409 frames.
m1_371 sil ah ay d r ay d dh iy s ah b w ey b ae k ae f ah n t ah n ah f ch ey n sh 
LOG (lattice-best-path[5.5.1126~1-8c451]:main():lattice-best-path.cc:99) For utterance m1_376, best cost 149.058 + 3850.85 = 3999.91 over 432 frames.
m1_376 sil m uw v dh iy g aa r b ah jh s n ih er ih dh iy l aa r ch w ih n d ow sil sil 
LOG (lattice-best-path[5.5.1126~1-8c451]:main():lattice-best-path.cc:99) For utterance m1_381, best cost 170.155 + 4429.96 = 4600.11 over 508 frames.
m1_381 sil w ow n ch uw f ah n ih sh k r iy s ih ng y er ch ey n b iy sh er jh uw w ao sh s er l iy sil 
LOG (lattice-best-path[5.5.1126~1-8c451]:main():lattice-best-path.cc:99) For utterance m1_386, best cost 177.33 + 4195.15 = 4372.48 over 461 frames.
m1_386 ah k r ae b ch aw n jh s m iy b uh d ah k w ih k s t ae b f ay ng k w ih sh ch ae m sil 
LOG (lattice-best-path[5.5.1126~1-8c451]:main():lattice-best-path.cc:99) For utterance m1_391, best cost 129.035 + 3652.79 = 3781.83 over 386 frames.
m1_391 sil iy ch sh s t ae g sh er l iy f ay n z ah b ih g f ao l ao n sil 
LOG (lattice-best-path[5.5.1126~1-8c451]:main():lattice-best-path.cc:99) For utterance m1_396, best cost 189.721 + 4588.12 = 4777.85 over 528 frames.
m1_396 dh iy ae v er t ay z ih ng f er s ah v p l ih m ih f f er ay ah t iy s t ao r n ah f er ch ey n jh ah z sil 
LOG (lattice-best-path[5.5.1126~1-8c451]:main():lattice-best-path.cc:99) For utterance m1_401, best cost 154.344 + 3906.38 = 4060.72 over 462 frames.
m1_401 sil sil t aa m ah s f ih ng s ah l aa r jh er k l ae m p s ao l t s ah p r aa b l ah m sil 
LOG (lattice-best-path[5.5.1126~1-8c451]:main():lattice-best-path.cc:99) For utterance m1_406, best cost 218.836 + 5574.76 = 5793.59 over 617 frames.
m1_406 sil dh iy th ih k ey t ow n m f ao er z p w ao z t m y ih r l iy g ow v er w eh ow m b ay b ae ch uw ow n d z iy z sil 
LOG (lattice-best-path[5.5.1126~1-8c451]:main():lattice-best-path.cc:99) For utterance m1_411, best cost 134.414 + 3420.37 = 3554.78 over 395 frames.
m1_411 sil v ow z m y uw z ih sh ah n z hh aa r m ah l ay z m aa r f ah l ah s l iy 
LOG (lattice-best-path[5.5.1126~1-8c451]:main():lattice-best-path.cc:99) For utterance m1_416, best cost 118.045 + 3939.65 = 4057.69 over 408 frames.
m1_416 sil dh ae t p ih k p aa k ih t ah s k aa t r eh d hh ae n d ih d sil 
LOG (lattice-best-path[5.5.1126~1-8c451]:main():lattice-best-path.cc:99) For utterance m1_421, best cost 132.058 + 3213.34 = 3345.4 over 363 frames.
m1_421 sil ih z b ae n ih k k aa s t uw m t er k w oy k k ah l ah f ah l sil sil 
LOG (lattice-best-path[5.5.1126~1-8c451]:main():lattice-best-path.cc:99) For utterance m1_426, best cost 180.056 + 4581.62 = 4761.67 over 507 frames.
m1_426 dh iy iy z iy g ow oy m n z uw w ao l ah jh ih z k w er l ae k s t er ah p dh iy v w oy ey jh sil 
LOG (lattice-best-path[5.5.1126~1-8c451]:main():lattice-best-path.cc:99) For utterance m1_431, best cost 173.521 + 4119.33 = 4292.85 over 467 frames.
m1_431 sil b aa m p r aa f ih p ao r ih n ah z ey sh ah n z hh ah v f r iy p ah n th p aa n b r ih z er z sil 
LOG (lattice-best-path[5.5.1126~1-8c451]:main():lattice-best-path.cc:99) For utterance m1_436, best cost 174.514 + 4410.86 = 4585.37 over 482 frames.
m1_436 sil b er b z b er k dh ey iy t f r iy p ah m dh iy ah k er ah z aa n f ay ng s k y ah v ih ng 
LOG (lattice-best-path[5.5.1126~1-8c451]:main():lattice-best-path.cc:99) For utterance m1_441, best cost 123.313 + 3246.39 = 3369.71 over 358 frames.
m1_441 sil r aa k ah n r ah l m y uw z ih k ae z ih g g r ey d r dh ah m sil 
LOG (lattice-best-path[5.5.1126~1-8c451]:main():lattice-best-path.cc:99) For utterance m1_446, best cost 140.796 + 3763.62 = 3904.41 over 412 frames.
m1_446 dh iy s p iy ch s ah m p ow z iy ah m m ay k b iy g ih n aa n m ah n d ey sil 
LOG (lattice-best-path[5.5.1126~1-8c451]:main():lattice-best-path.cc:99) For utterance m1_451, best cost 168.705 + 4743.32 = 4912.02 over 513 frames.
m1_451 sil sh er d er ah n k ae n k ah n s uw m m ah n iy f r uw t b r ah l ah p s ah m ow n s ih t ih ng 
LOG (lattice-best-path[5.5.1126~1-8c451]:main():lattice-best-path.cc:99) For utterance m1_456, best cost 172.336 + 5039.74 = 5212.07 over 518 frames.
m1_456 sil ah m ao l aa th ih z ih g jh ae d b ah l ao ng dh iy p ae f t er aa t ow z g aa r b n sil sil 
LOG (lattice-best-path[5.5.1126~1-8c451]:main():lattice-best-path.cc:99) For utterance m3_001, best cost 75.4055 + 1730.31 = 1805.71 over 246 frames.
m3_001 sil sil dh ih s ah z iy z y uw f ao r ah s sil 
LOG (lattice-best-path[5.5.1126~1-8c451]:main():lattice-best-path.cc:99) For utterance m3_006, best cost 105.258 + 2460.08 = 2565.34 over 352 frames.
m3_006 sil w ay g ae l er w ao r iy ow v er s eh l iy ae d ah m z sil 
LOG (lattice-best-path[5.5.1126~1-8c451]:main():lattice-best-path.cc:99) For utterance m3_011, best cost 92.4054 + 2159.11 = 2251.52 over 299 frames.
m3_011 sil s f r ih n y uh r aa r m ih z hh ay z iy k ae n sil 
LOG (lattice-best-path[5.5.1126~1-8c451]:main():lattice-best-path.cc:99) For utterance m3_016, best cost 133.173 + 2670.94 = 2804.11 over 351 frames.
m3_016 sil ae l ah m ow n iy hh aw er m d ah d ah v w ao r ch m ae n t w ao l p sil 
LOG (lattice-best-path[5.5.1126~1-8c451]:main():lattice-best-path.cc:99) For utterance m3_021, best cost 110.824 + 2186.71 = 2297.53 over 291 frames.
m3_021 sil sil ow n l iy l ey er z l ah b n ay ey n ih er z sil 
LOG (lattice-best-path[5.5.1126~1-8c451]:main():lattice-best-path.cc:99) For utterance m3_026, best cost 91.0041 + 2092.81 = 2183.81 over 293 frames.
m3_026 sil d ow t uw ch r l iy z t er iy g ih sh ah z sil 
LOG (lattice-best-path[5.5.1126~1-8c451]:main():lattice-best-path.cc:99) For utterance m3_031, best cost 150.9 + 3118.54 = 3269.44 over 401 frames.
m3_031 sil sil b aa r b ah l b r iy s l ih w ao z g r ay t uw ey sh ah d b r ah z ah m sil 
LOG (lattice-best-path[5.5.1126~1-8c451]:main():lattice-best-path.cc:99) For utterance m3_036, best cost 121.014 + 2410.63 = 2531.64 over 346 frames.
m3_036 sil b ae s k ah b aa p ah n b iy n ah n er t ih n ih ng s p w ao r t sil 
LOG (lattice-best-path[5.5.1126~1-8c451]:main():lattice-best-path.cc:99) For utterance m3_041, best cost 140.42 + 2615.32 = 2755.74 over 348 frames.
m3_041 sil eh m b ah d eh k s t er z p ih k p aa k ah t s ah k aa p ah s m ao r p n sil 
LOG (lattice-best-path[5.5.1126~1-8c451]:main():lattice-best-path.cc:99) For utterance m3_046, best cost 124.005 + 2568.81 = 2692.81 over 358 frames.
m3_046 sil dh iy p r aa l ah w ao r ah s k iy m ae s f r er d s k er ay t ah s sil 
LOG (lattice-best-path[5.5.1126~1-8c451]:main():lattice-best-path.cc:99) For utterance m3_051, best cost 138.332 + 2812.79 = 2951.12 over 388 frames.
m3_051 sil eh n iy k ah n t ah b y uw sh ah n d ah b ih g r ey t l iy ah p r ih sh ey t ah d sil 
LOG (lattice-best-path[5.5.1126~1-8c451]:main():lattice-best-path.cc:99) For utterance m3_056, best cost 146.192 + 2919.03 = 3065.23 over 421 frames.
m3_056 sil w ae s t uw z g ae sh ao r ih jh k aa ah s t iy p r ay s ih ng k r iy s ah z sil 
LOG (lattice-best-path[5.5.1126~1-8c451]:main():lattice-best-path.cc:99) For utterance m3_061, best cost 133.244 + 2419.82 = 2553.06 over 352 frames.
m3_061 sil k l ih s t ih s p l oy iy w ao z ah s t p l ey s t aa n dh iy s k r iy n sil 
LOG (lattice-best-path[5.5.1126~1-8c451]:main():lattice-best-path.cc:99) For utterance m3_066, best cost 116.043 + 2167.58 = 2283.62 over 318 frames.
m3_066 sil d ae k t ih s p er s k r ae d d er ah d s t uw f r iy g l iy sil 
LOG (lattice-best-path[5.5.1126~1-8c451]:main():lattice-best-path.cc:99) For utterance m3_071, best cost 161.484 + 3217.44 = 3378.92 over 439 frames.
m3_071 sil k w aa p r ey sh ow l ao ng z ah n d er s t ae n d ih ng ah l iy g y uw g d ih s p y uw t sil 
LOG (lattice-best-path[5.5.1126~1-8c451]:main():lattice-best-path.cc:99) For utterance m3_076, best cost 95.0441 + 2497.62 = 2592.66 over 319 frames.
m3_076 sil dh iy th ih ng t er z ah f ey m ah s k ah l t ch er sil 
LOG (lattice-best-path[5.5.1126~1-8c451]:main():lattice-best-path.cc:99) For utterance m3_081, best cost 147.283 + 2792.22 = 2939.51 over 363 frames.
m3_081 sil m ae s k r ey t p aa r t iy z t ae k s aa n z ah m ae d n ey sh ah dh d sil 
LOG (lattice-best-path[5.5.1126~1-8c451]:main():lattice-best-path.cc:99) For utterance m3_086, best cost 169.565 + 3930.53 = 4100.1 over 522 frames.
m3_086 sil k ih n d er ah n ch eh ow v er n d eh k r ey d ih k l ae sh er m sh r ao hh ao l d ey z sil 
LOG (lattice-best-path[5.5.1126~1-8c451]:main():lattice-best-path.cc:99) For utterance m3_091, best cost 106.662 + 2255.41 = 2362.07 over 320 frames.
m3_091 sil ah hh y uw jh t ae p ah s t r iy hh aa n er ao l ay g sil 
LOG (lattice-best-path[5.5.1126~1-8c451]:main():lattice-best-path.cc:99) For utterance m3_096, best cost 105.64 + 2714.23 = 2819.87 over 365 frames.
m3_096 sil hh er s eh t ah n d ah p aa r t er z sh aa k ah k ae s t sil 
LOG (lattice-best-path[5.5.1126~1-8c451]:main():lattice-best-path.cc:99) For utterance m3_101, best cost 99.6395 + 2433.07 = 2532.71 over 307 frames.
m3_101 sil k l ae f dh ih s t r uw ih n y ah l ao f t ae n d sil 
LOG (lattice-best-path[5.5.1126~1-8c451]:main():lattice-best-path.cc:99) For utterance m3_106, best cost 152.152 + 2596.92 = 2749.07 over 374 frames.
m3_106 sil t r eh s p ae s ih ng ih z f r er b ih t ah n ah n t s ah b ih k t uw p aw l k l iy sil 
LOG (lattice-best-path[5.5.1126~1-8c451]:main():lattice-best-path.cc:99) For utterance m3_111, best cost 114.685 + 2184.37 = 2299.06 over 322 frames.
m3_111 sil ae d ah f ih sh ah l ah n t eh l ah jh ah n s ah z f er r iy ah l sil 
LOG (lattice-best-path[5.5.1126~1-8c451]:main():lattice-best-path.cc:99) For utterance m3_116, best cost 113.078 + 2881.54 = 2994.62 over 363 frames.
m3_116 sil w iy p l ae n d ih b ih l d ah n uw b eh v er d s p l ah n t sil 
LOG (lattice-best-path[5.5.1126~1-8c451]:main():lattice-best-path.cc:99) For utterance m3_121, best cost 196.108 + 3740.9 = 3937.01 over 502 frames.
m3_121 sil s ay n t ih v ih k p r aa r g r eh s k aa n f r ah m dh ih b ah l ah m ah n t ah v n ey t eh k m ey t k s sil 
LOG (lattice-best-path[5.5.1126~1-8c451]:main():lattice-best-path.cc:99) For utterance m3_126, best cost 152.44 + 3143.67 = 3296.11 over 422 frames.
m3_126 sil w ih t s l aa n aa r d ah k ah l w ao z ah p ey g ih n ey g l er f ah k ey sh ah n sil 
LOG (lattice-best-path[5.5.1126~1-8c451]:main():lattice-best-path.cc:99) For utterance m3_131, best cost 156.678 + 2779.24 = 2935.92 over 412 frames.
m3_131 sil k r eh k t ih k s ih k y ih sh ah n ah m ay n jh t r ah sh ah n z ah z t t r ih sh ow l sil 
LOG (lattice-best-path[5.5.1126~1-8c451]:main():lattice-best-path.cc:99) For utterance m3_136, best cost 153.858 + 2814.34 = 2968.2 over 360 frames.
m3_136 sil m ih s k iy g ow z ah g z ih s t ih n w ao r m g y uw m ah k l aa n ah t sil s sil sil 
LOG (lattice-best-path[5.5.1126~1-8c451]:main():lattice-best-path.cc:99) For utterance m3_141, best cost 123.292 + 2527.34 = 2650.63 over 354 frames.
m3_141 sil r ih m uw v dh ih s p ah n jh er w ao z ah p eh r k p w iy z er z sil 
LOG (lattice-best-path[5.5.1126~1-8c451]:main():lattice-best-path.cc:99) For utterance m3_146, best cost 154.325 + 3877.97 = 4032.3 over 495 frames.
m3_146 sil hh er ao ao r n hh eh er r iy m ay n d ah d hh ah m ah v l ao aa r m l iy z 
LOG (lattice-best-path[5.5.1126~1-8c451]:main():lattice-best-path.cc:99) For utterance m3_151, best cost 112.165 + 2429.76 = 2541.93 over 315 frames.
m3_151 sil w uw ch ah v dh iy k ay ae k t b aa n dh iy b ay y uw sil sil 
LOG (lattice-best-path[5.5.1126~1-8c451]:main():lattice-best-path.cc:99) For utterance m3_156, best cost 201.67 + 3887.1 = 4088.77 over 522 frames.
m3_156 sil w ow v er k w aa p r ey t t s ah n th p ay n iy n iy ae n s k aw m ow w ah b iy ow b g uw w ao r d ah n d 
LOG (lattice-best-path[5.5.1126~1-8c451]:main():lattice-best-path.cc:99) For utterance m3_161, best cost 145.163 + 3189.18 = 3334.34 over 430 frames.
m3_161 sil dh iy k ah n b eh r l iy s iy t ih f y uw ao r d s t uw dh iy s ah n ow th l er iy z sil 
LOG (lattice-best-path[5.5.1126~1-8c451]:main():lattice-best-path.cc:99) For utterance m3_166, best cost 118.629 + 2703.05 = 2821.68 over 359 frames.
m3_166 sil dh iy k ae n iy ae aw w iy z hh aa r jh m ay y ih r z sil 
LOG (lattice-best-path[5.5.1126~1-8c451]:main():lattice-best-path.cc:99) For utterance m3_171, best cost 129.453 + 2638.75 = 2768.2 over 354 frames.
m3_171 sil d ih s t r ay ah v er iy f ay aw er dh iy d ah d z m ay ao t ah t s sil 
LOG (lattice-best-path[5.5.1126~1-8c451]:main():lattice-best-path.cc:99) For utterance m3_176, best cost 95.333 + 2026.18 = 2121.51 over 265 frames.
m3_176 sil dh ey n jh ao oy ey t w aa n ay ae b ih sh ah n sil 
LOG (lattice-best-path[5.5.1126~1-8c451]:main():lattice-best-path.cc:99) For utterance m3_181, best cost 196.487 + 3458.89 = 3655.37 over 455 frames.
m3_181 sil y ah ng ch eh l d er n ch uw w oy d ih k s p uh ow zh er t uw g ih n t ey d ih s t ih z iy z ah z sil sil 
LOG (lattice-best-path[5.5.1126~1-8c451]:main():lattice-best-path.cc:99) For utterance m3_186, best cost 124.776 + 2967.69 = 3092.47 over 351 frames.
m3_186 sil iy y uw ah n ay ah k ey jh ah l iy t ih p ah m ah n d ih b l uw n z sil 
LOG (lattice-best-path[5.5.1126~1-8c451]:main():lattice-best-path.cc:99) For utterance m3_191, best cost 116.642 + 3407.05 = 3523.69 over 445 frames.
m3_191 sil m ay k ah k aa l eh d dh iy b eh d er m ao l s k r ay ae n z sil 
LOG (lattice-best-path[5.5.1126~1-8c451]:main():lattice-best-path.cc:99) For utterance m3_196, best cost 151.136 + 3007.06 = 3158.2 over 432 frames.
m3_196 sil dh iy s aa r m ah n ah m z ah s ay z dh iy n iy d f er f er m er d ah b ae k sh ah n sil 
LOG (lattice-best-path[5.5.1126~1-8c451]:main():lattice-best-path.cc:99) For utterance m3_201, best cost 162.25 + 2946.64 = 3108.89 over 404 frames.
m3_201 sil k ao r iy ah t t ae k dh iy p r aa jh eh k t w ih th dh eh k s sh ih z t er m ah n ey sh ah n sil 
LOG (lattice-best-path[5.5.1126~1-8c451]:main():lattice-best-path.cc:99) For utterance m3_206, best cost 150.722 + 2921.76 = 3072.49 over 387 frames.
m3_206 sil s t ae f p ah d b eh r ah t iy hh ae n d ah l dh iy s ay k ah l aa ch ah b ah l t r aa t sil 
LOG (lattice-best-path[5.5.1126~1-8c451]:main():lattice-best-path.cc:99) For utterance m3_211, best cost 114.202 + 2542.06 = 2656.26 over 317 frames.
m3_211 sil hh ay w ey ae n f r iy w ey m iy n s ey n f ae ng sil sil 
LOG (lattice-best-path[5.5.1126~1-8c451]:main():lattice-best-path.cc:99) For utterance m3_216, best cost 122.288 + 2779.36 = 2901.65 over 367 frames.
m3_216 sil ay t t aa p t uw w ao z ah n dh ae m dh iy ow n s ah v dh iy p ey sh ah n sil 
LOG (lattice-best-path[5.5.1126~1-8c451]:main():lattice-best-path.cc:99) For utterance m3_221, best cost 112.575 + 2767.37 = 2879.95 over 334 frames.
m3_221 sil hh aw l ey n t ih n ih z ah s ah b oy eh s k ah l ey t er sil sil 
LOG (lattice-best-path[5.5.1126~1-8c451]:main():lattice-best-path.cc:99) For utterance m3_226, best cost 126.067 + 2493.16 = 2619.23 over 349 frames.
m3_226 sil dh iy b ow ao r d ih z b aa t er f w ay ey d ah l aa t n ae k t er sil 
LOG (lattice-best-path[5.5.1126~1-8c451]:main():lattice-best-path.cc:99) For utterance m3_231, best cost 106.054 + 2112.54 = 2218.59 over 286 frames.
m3_231 sil w eh r ah k ow p ah d eh v er iy m ah n d ih m ao r n ih ng sil 
LOG (lattice-best-path[5.5.1126~1-8c451]:main():lattice-best-path.cc:99) For utterance m3_236, best cost 123.959 + 2695.37 = 2819.33 over 339 frames.
m3_236 sil hh aa l w oy l iy b iy ah l ey g er s ae l ah d er ah s ih ng sil sil 
LOG (lattice-best-path[5.5.1126~1-8c451]:main():lattice-best-path.cc:99) For utterance m3_241, best cost 155.279 + 2722.08 = 2877.36 over 386 frames.
m3_241 sil dh iy d r ao aa b r iy p s p ah y iy z ih ng ih n t ay k ah n ih s t ah k m ah s ah l z sil 
LOG (lattice-best-path[5.5.1126~1-8c451]:main():lattice-best-path.cc:99) For utterance m3_246, best cost 123.191 + 2930.58 = 3053.77 over 382 frames.
m3_246 sil dh iy ae n r uw b oy ay ae n ch er d b ah t d ih m ah p r aw p sil 
LOG (lattice-best-path[5.5.1126~1-8c451]:main():lattice-best-path.cc:99) For utterance m3_251, best cost 186.766 + 3708.59 = 3895.36 over 519 frames.
m3_251 sil d ih f er dh er ih s p ah s t iy iy z sh iy k ey z ih n l iy r iy jh ah dh iy w ao l s t r iy jh er n ah l 
LOG (lattice-best-path[5.5.1126~1-8c451]:main():lattice-best-path.cc:99) For utterance m3_256, best cost 174.22 + 3523.55 = 3697.77 over 462 frames.
m3_256 sil p l ae n p ey er n hh ae d er iy n d ih z ey sh ah n z p r r ah b er th k ah n t r ao l sil sil 
LOG (lattice-best-path[5.5.1126~1-8c451]:main():lattice-best-path.cc:99) For utterance m3_261, best cost 140.463 + 2871.49 = 3011.95 over 393 frames.
m3_261 sil w ah dh iy p er s p ah l aa s ih z er f er y uw z f ah l ah n s iy aa l sil sil 
LOG (lattice-best-path[5.5.1126~1-8c451]:main():lattice-best-path.cc:99) For utterance m3_266, best cost 104.755 + 2611.37 = 2716.13 over 340 frames.
m3_266 sil sh ih jh er ae s b iy k ae k t ah n s t ow l z uw z sil 
LOG (lattice-best-path[5.5.1126~1-8c451]:main():lattice-best-path.cc:99) For utterance m3_271, best cost 110.569 + 2294.42 = 2404.99 over 302 frames.
m3_271 sil ah m iy d ih z ch ey n sh ey t k aa n ch s ah l iy sil sil 
LOG (lattice-best-path[5.5.1126~1-8c451]:main():lattice-best-path.cc:99) For utterance m3_276, best cost 124.181 + 2469.27 = 2593.45 over 319 frames.
m3_276 sil ah th y uw t ch ow z ah n th iy ow w iy k aw n jh aa n er ah l z sil 
LOG (lattice-best-path[5.5.1126~1-8c451]:main():lattice-best-path.cc:99) For utterance m3_281, best cost 222.514 + 3914.69 = 4137.21 over 543 frames.
m3_281 sil m ay n d ih z ay er n ah s ah p ah l sil g ih m iy w aa n ah n f ao r m ah t uw p eh er r ae k ah m dh iy s ah b jh er t sil sil 
LOG (lattice-best-path[5.5.1126~1-8c451]:main():lattice-best-path.cc:99) For utterance m3_286, best cost 114.678 + 2394.02 = 2508.7 over 327 frames.
m3_286 sil dh ae d d aa d t ih z ih z k ae t s m er s ao l z s l iy sil 
LOG (lattice-best-path[5.5.1126~1-8c451]:main():lattice-best-path.cc:99) For utterance m3_291, best cost 137.282 + 2793.3 = 2930.58 over 364 frames.
m3_291 sil ah l eh dh er hh ae n b ae g w ih b iy ah s uw d ah b ah l g ey ae f sil sil 
LOG (lattice-best-path[5.5.1126~1-8c451]:main():lattice-best-path.cc:99) For utterance m3_296, best cost 209.904 + 4547.13 = 4757.04 over 584 frames.
m3_296 sil hh aw ao r s iy d uw jh er t ah p oy m m ah n t ah n dh iy b y ao aw l ah jh iy ae n ah n jh n ih r iy g p aa r z sil 
LOG (lattice-best-path[5.5.1126~1-8c451]:main():lattice-best-path.cc:99) For utterance m3_301, best cost 164.06 + 3379.47 = 3543.53 over 443 frames.
m3_301 sil t aa b p l ay z t aa p r ay er d iy ae ng g ih d ih ng ih z b ay k f r ih k k s t sil sil 
LOG (lattice-best-path[5.5.1126~1-8c451]:main():lattice-best-path.cc:99) For utterance m3_306, best cost 161.76 + 3292.88 = 3454.64 over 414 frames.
m3_306 sil dh iy d aa r k m er f y uw dh iy g uw n w aa p t er r aw m sil f er m aa n ah l z sil 
LOG (lattice-best-path[5.5.1126~1-8c451]:main():lattice-best-path.cc:99) For utterance m3_311, best cost 169.412 + 3411.59 = 3581 over 473 frames.
m3_311 sil dh iy f r ay t n ch ae t ah l ah z jh ah n ah l ih s ah n jh uw b ay z b ih g b r ah dh eh er sil sil 
LOG (lattice-best-path[5.5.1126~1-8c451]:main():lattice-best-path.cc:99) For utterance m3_316, best cost 197.593 + 3918.75 = 4116.34 over 569 frames.
m3_316 sil dh iy p r iy s k ah l er k ah n g er b l ay s er f y ah l ih ng z ah b aw p iy m ao r jh ah n s iy k ah n d ih sh ah n z sil 
LOG (lattice-best-path[5.5.1126~1-8c451]:main():lattice-best-path.cc:99) For utterance m3_321, best cost 125.544 + 2549.99 = 2675.53 over 357 frames.
m3_321 sil ah l eh r w ao z ah p oy n ih n s uw eh k s ih k y uw t er w eh l sil sil 
LOG (lattice-best-path[5.5.1126~1-8c451]:main():lattice-best-path.cc:99) For utterance m3_326, best cost 171.639 + 3390.57 = 3562.21 over 464 frames.
m3_326 sil dh iy s ih s t s ah m ey b r ey g ae aa n s sh ah n s ah s ey t er f ay l s f r iy k w ah b l iy sil 
LOG (lattice-best-path[5.5.1126~1-8c451]:main():lattice-best-path.cc:99) For utterance m3_331, best cost 168.596 + 3483.42 = 3652.02 over 472 frames.
m3_331 sil dh iy g aa n m ey k ah p ih z v ih k t ah n k ao er d ah k ah m p oy d f r er th r iy aw er z sil 
LOG (lattice-best-path[5.5.1126~1-8c451]:main():lattice-best-path.cc:99) For utterance m3_336, best cost 141.025 + 2772.2 = 2913.22 over 372 frames.
m3_336 sil dh ae t n oy z p r aa b ah ng g r ow z m ao r n ow ay n iy ch d ey sil 
LOG (lattice-best-path[5.5.1126~1-8c451]:main():lattice-best-path.cc:99) For utterance m3_341, best cost 147.191 + 2899.37 = 3046.57 over 384 frames.
m3_341 sil dh iy m ah n m ah n eh v er b iy k ah ng k ah m p l ey d iy iy k w uh k t t ah m ah n sil 
LOG (lattice-best-path[5.5.1126~1-8c451]:main():lattice-best-path.cc:99) For utterance m3_346, best cost 115.221 + 2711.29 = 2826.51 over 371 frames.
m3_346 sil w uw w aa p ah m m eh n iy n ih s t uw d ih n s iy ch iy er sil 
LOG (lattice-best-path[5.5.1126~1-8c451]:main():lattice-best-path.cc:99) For utterance m3_351, best cost 107.892 + 2922.01 = 3029.9 over 412 frames.
m3_351 sil sil w ih ch ch er jh dh ih s m ih s er sh er b ah n 
LOG (lattice-best-path[5.5.1126~1-8c451]:main():lattice-best-path.cc:99) For utterance m3_356, best cost 85.7319 + 2273.5 = 2359.23 over 307 frames.
m3_356 sil dh ae l l ay k l ao ng hh ay ch aw er z sil 
LOG (lattice-best-path[5.5.1126~1-8c451]:main():lattice-best-path.cc:99) For utterance m3_361, best cost 133.566 + 2688.66 = 2822.23 over 368 frames.
m3_361 sil k ae n t ey k s sh iy ah l uh d ih s iy m uw v iy z t ay s uw iy sil sil 
LOG (lattice-best-path[5.5.1126~1-8c451]:main():lattice-best-path.cc:99) For utterance m3_366, best cost 137.036 + 2748.25 = 2885.28 over 393 frames.
m3_366 sil hh er w ao r d er k ah n s ih s t s uw ah l w ih s k er k s ah n b aa s ah z 
LOG (lattice-best-path[5.5.1126~1-8c451]:main():lattice-best-path.cc:99) For utterance m3_371, best cost 138.618 + 2913.66 = 3052.28 over 389 frames.
m3_371 sil ay d r ay d dh iy s ao b oy ey b ah t ah hh aw m ah n ah f ch ey n jh sil 
LOG (lattice-best-path[5.5.1126~1-8c451]:main():lattice-best-path.cc:99) For utterance m3_376, best cost 126.909 + 2662.46 = 2789.36 over 338 frames.
m3_376 sil m uw v dh iy g aa r v er jh n ih r z ow l aa r d w ah n d ah sil 
LOG (lattice-best-path[5.5.1126~1-8c451]:main():lattice-best-path.cc:99) For utterance m3_381, best cost 154.146 + 3147.44 = 3301.59 over 453 frames.
m3_381 sil w aa n t uw f eh n ah s k r iy s ih ng er ch ey n d ih sh er t er w aa s p er ow t l iy sil 
LOG (lattice-best-path[5.5.1126~1-8c451]:main():lattice-best-path.cc:99) For utterance m3_386, best cost 153.261 + 3025.58 = 3178.84 over 425 frames.
m3_386 sil ah k r ae b k ae l ah n z m iy n b ah t ih k w ih k s t ae v eh n g w ih sh t ah n 
LOG (lattice-best-path[5.5.1126~1-8c451]:main():lattice-best-path.cc:99) For utterance m3_391, best cost 117.263 + 2182 = 2299.26 over 314 frames.
m3_391 sil iy t s t ae d sh er l iy f ay n t uw b ih g f l ao m 
LOG (lattice-best-path[5.5.1126~1-8c451]:main():lattice-best-path.cc:99) For utterance m3_396, best cost 158.357 + 3393.88 = 3552.24 over 482 frames.
m3_396 sil dh iy ae t ay z ih ng p er s ah p l ah n dh iy f er ay d iy s t ao r n eh v er ch ey n jh ah z sil 
LOG (lattice-best-path[5.5.1126~1-8c451]:main():lattice-best-path.cc:99) For utterance m3_401, best cost 142.739 + 2807.49 = 2950.23 over 378 frames.
m3_401 sil t aa m ah s eh n s ah l aa r jh er k l ay ah ch sh ao l s ah p r aa p ah l sil sil 
LOG (lattice-best-path[5.5.1126~1-8c451]:main():lattice-best-path.cc:99) For utterance m3_406, best cost 175.547 + 3657.19 = 3832.74 over 493 frames.
m3_406 sil dh iy f ih k aw n f ao r ah s f ah z n ih r l iy ow v er w eh l m b ah d eh ch aa m z ih z iy z sil 
LOG (lattice-best-path[5.5.1126~1-8c451]:main():lattice-best-path.cc:99) For utterance m3_411, best cost 136.04 + 2582.46 = 2718.5 over 345 frames.
m3_411 sil sil dh ow z n y uw z ih sh ah n z hh aa m ay z m aa r b ah l z ah l ah sil 
LOG (lattice-best-path[5.5.1126~1-8c451]:main():lattice-best-path.cc:99) For utterance m3_416, best cost 115.822 + 2500.11 = 2615.93 over 322 frames.
m3_416 sil b ae t t eh t p aa k uw w ao z k aa g r eh d hh ae n d ah d sil 
LOG (lattice-best-path[5.5.1126~1-8c451]:main():lattice-best-path.cc:99) For utterance m3_421, best cost 106.087 + 2178.9 = 2284.99 over 309 frames.
m3_421 sil ih s p eh n ih k aa s t ah n z er k w ay k aa l er f ao l sil 
LOG (lattice-best-path[5.5.1126~1-8c451]:main():lattice-best-path.cc:99) For utterance m3_426, best cost 145.471 + 3321.62 = 3467.09 over 420 frames.
m3_426 sil dh iy iy z iy g ow ah n z aa l ah jh ih s t r ih l ae k s t er ah b ah b oy ih jh sil 
LOG (lattice-best-path[5.5.1126~1-8c451]:main():lattice-best-path.cc:99) For utterance m3_431, best cost 154.927 + 2957.5 = 3112.43 over 422 frames.
m3_431 sil n aa n p r aa v r ao r ih n ih z ey sh ah n s eh v f r iy g ah n f ah n r ih z er z sil 
LOG (lattice-best-path[5.5.1126~1-8c451]:main():lattice-best-path.cc:99) For utterance m3_436, best cost 155.392 + 2776.6 = 2931.99 over 390 frames.
m3_436 sil sil hh er er v b er th ey f r iy k uh m ey k er ih z ah m b ih g z k ih v ih ng sil 
LOG (lattice-best-path[5.5.1126~1-8c451]:main():lattice-best-path.cc:99) For utterance m3_441, best cost 121.923 + 2833.95 = 2955.88 over 381 frames.
m3_441 sil r aa k ah n m ow n iy uw z ih k ae z ih g r ey g r eh t ah m sil 
LOG (lattice-scale[5.5.1126~1-8c451]:main():lattice-scale.cc:107) Done 363 lattices.
LOG (lattice-best-path[5.5.1126~1-8c451]:main():lattice-best-path.cc:99) For utterance m3_446, best cost 126.209 + 2791.86 = 2918.07 over 355 frames.
m3_446 sil dh iy s p iy t s ah m b ow z iy ah m ay t b iy g ae n ah m ah n d eh t sil 
LOG (lattice-add-penalty[5.5.1126~1-8c451]:main():lattice-add-penalty.cc:62) Done adding word insertion penalty to 363 lattices.
LOG (lattice-best-path[5.5.1126~1-8c451]:main():lattice-best-path.cc:99) For utterance m3_451, best cost 162.656 + 3369.66 = 3532.32 over 472 frames.
m3_451 sil ch l ow v er m k ih ng d ih n s uw m ah n iy f er g r ah l ow t s ah n w ah n s ih d ih ng sil 
LOG (lattice-best-path[5.5.1126~1-8c451]:main():lattice-best-path.cc:99) For utterance m3_456, best cost 148.124 + 3138.01 = 3286.14 over 429 frames.
m3_456 sil sil ah m ao s t ih g z ae g ah l ao ng dh iy p ae f t er aa t ow z g aa r d ah n sil 
LOG (lattice-best-path[5.5.1126~1-8c451]:main():lattice-best-path.cc:124) Overall cost per frame is 8.72739 = 0.351869 [graph] + 8.37552 [acoustic] over 144532 frames.
LOG (lattice-best-path[5.5.1126~1-8c451]:main():lattice-best-path.cc:128) Done 363 lattices, failed for 0
# Accounting: time=5 threads=1
# Ended (code 0) at Mon Apr 29 13:55:31 EEST 2024, elapsed time 5 seconds
