# lattice-scale --inv-acoustic-scale=9 "ark:gunzip -c ./exp/tri_bg/decode_dnn/lat.*.gz|" ark:- | lattice-add-penalty --word-ins-penalty=0.0 ark:- ark:- | lattice-best-path --word-symbol-table=./exp/tri_bg/graph/words.txt ark:- ark,t:- | utils/int2sym.pl -f 2- ./exp/tri_bg/graph/words.txt | cat > ./exp/tri_bg/decode_dnn/scoring_kaldi/penalty_0.0/9.txt 
# Started at Mon Apr 29 13:55:36 EEST 2024
#
lattice-add-penalty --word-ins-penalty=0.0 ark:- ark:- 
lattice-scale --inv-acoustic-scale=9 'ark:gunzip -c ./exp/tri_bg/decode_dnn/lat.*.gz|' ark:- 
lattice-best-path --word-symbol-table=./exp/tri_bg/graph/words.txt ark:- ark,t:- 
LOG (lattice-best-path[5.5.1126~1-8c451]:main():lattice-best-path.cc:99) For utterance f1_001, best cost 63.9378 + 264.594 = 328.531 over 237 frames.
f1_001 sil ih s w ih z iy s iy f er aw s sil 
LOG (lattice-best-path[5.5.1126~1-8c451]:main():lattice-best-path.cc:99) For utterance f1_006, best cost 86.4558 + 336.835 = 423.291 over 338 frames.
f1_006 sil w ay ey l ao r iy ow v er s ah l iy ay d ah n z sil 
LOG (lattice-best-path[5.5.1126~1-8c451]:main():lattice-best-path.cc:99) For utterance f1_011, best cost 71.1195 + 345.931 = 417.051 over 306 frames.
f1_011 sil s w iy aa r ah z hh ay z iy k aw n sil 
LOG (lattice-best-path[5.5.1126~1-8c451]:main():lattice-best-path.cc:99) For utterance f1_016, best cost 93.5574 + 351.995 = 445.553 over 336 frames.
f1_016 sil ae l ah n iy hh ay z ah d ih f ao r s k ae n d ah l sil 
LOG (lattice-best-path[5.5.1126~1-8c451]:main():lattice-best-path.cc:99) For utterance f1_021, best cost 63.6704 + 336.208 = 399.878 over 290 frames.
f1_021 sil ah l iy l ay er z ah l er sil s sil 
LOG (lattice-best-path[5.5.1126~1-8c451]:main():lattice-best-path.cc:99) For utterance f1_026, best cost 85.6069 + 315.913 = 401.52 over 305 frames.
f1_026 sil d ow n t uw ch er l iy s t er d iy d ih sh ah z sil 
LOG (lattice-best-path[5.5.1126~1-8c451]:main():lattice-best-path.cc:99) For utterance f1_031, best cost 118.785 + 392.697 = 511.482 over 395 frames.
f1_031 sil aa r s k ah l p er iy s l w ao z ah p er jh uw ey sh ah n er z ah n sil 
LOG (lattice-best-path[5.5.1126~1-8c451]:main():lattice-best-path.cc:99) For utterance f1_036, best cost 91.5822 + 364.464 = 456.046 over 353 frames.
f1_036 sil dh eh s ah b aa n dh iy ae n t er t ih ng s w ao r t sil 
LOG (lattice-best-path[5.5.1126~1-8c451]:main():lattice-best-path.cc:99) For utterance f1_041, best cost 95.8252 + 374.814 = 470.639 over 363 frames.
f1_041 sil dh ae sh ih z p ey p aa k aa m p l ih sh ah n aa r sil 
LOG (lattice-best-path[5.5.1126~1-8c451]:main():lattice-best-path.cc:99) For utterance f1_046, best cost 88.8667 + 385.4 = 474.267 over 373 frames.
f1_046 sil dh iy p r l ao r s t iy m ae s k ah s k ae z sil 
LOG (lattice-best-path[5.5.1126~1-8c451]:main():lattice-best-path.cc:99) For utterance f1_051, best cost 119.809 + 415.366 = 535.175 over 398 frames.
f1_051 sil ah n iy k ah n t uw dh ey sh ah n z ah l iy g r iy l iy p r iy ch ey t ah d sil 
LOG (lattice-best-path[5.5.1126~1-8c451]:main():lattice-best-path.cc:99) For utterance f1_056, best cost 120.924 + 415.113 = 536.036 over 439 frames.
f1_056 sil w eh s er z k ae sh er ch k ow s t iy p r iy s ih ng k r iy s ah z sil 
LOG (lattice-best-path[5.5.1126~1-8c451]:main():lattice-best-path.cc:99) For utterance f1_061, best cost 105.49 + 347.979 = 453.468 over 359 frames.
f1_061 sil k ow s t ih s p oy l ih z ih z p l ey s ah n s k r ey n sil 
LOG (lattice-best-path[5.5.1126~1-8c451]:main():lattice-best-path.cc:99) For utterance f1_066, best cost 97.7674 + 279.147 = 376.914 over 309 frames.
f1_066 sil eh k t er z k ah s k aa r g r ah k s t uw f r iy l iy sil 
LOG (lattice-best-path[5.5.1126~1-8c451]:main():lattice-best-path.cc:99) For utterance f1_071, best cost 131.853 + 429.999 = 561.852 over 436 frames.
f1_071 sil w aa p r ey sh ah n ah l ah f ah n er s t ae n d ih ng l iy v iy t uw s p iy t sil 
LOG (lattice-best-path[5.5.1126~1-8c451]:main():lattice-best-path.cc:99) For utterance f1_076, best cost 77.0383 + 319.961 = 396.999 over 313 frames.
f1_076 sil ih th ih ng g er z ah v ae n s k aa ch er sil 
LOG (lattice-best-path[5.5.1126~1-8c451]:main():lattice-best-path.cc:99) For utterance f1_081, best cost 118.012 + 351.338 = 469.35 over 360 frames.
f1_081 sil ae s k r ey p aa r d iy s hh ae k s ah n t ih n ah jh ah n ey sh ah n sil 
LOG (lattice-best-path[5.5.1126~1-8c451]:main():lattice-best-path.cc:99) For utterance f1_086, best cost 157.039 + 503.133 = 660.172 over 522 frames.
f1_086 sil uw ch ah l d ah n t eh k r iy b eh k l ae s er m z f er hh aa k ao l aa l ah d ey z sil 
LOG (lattice-best-path[5.5.1126~1-8c451]:main():lattice-best-path.cc:99) For utterance f1_091, best cost 96.6526 + 332.667 = 429.32 over 327 frames.
f1_091 sil iy ch t aa p ih s t r iy aa n ih ng r m ao l ay d sil 
LOG (lattice-best-path[5.5.1126~1-8c451]:main():lattice-best-path.cc:99) For utterance f1_096, best cost 88.4688 + 337.988 = 426.457 over 339 frames.
f1_096 sil ih s ao ao r jh er s sh aa k ah k ae p s sil 
LOG (lattice-best-path[5.5.1126~1-8c451]:main():lattice-best-path.cc:99) For utterance f1_101, best cost 75.254 + 301.869 = 377.122 over 300 frames.
f1_101 sil ae s ah s k er ah n ih r l ah t ae n sil 
LOG (lattice-best-path[5.5.1126~1-8c451]:main():lattice-best-path.cc:99) For utterance f1_106, best cost 100.581 + 402.66 = 503.241 over 388 frames.
f1_106 sil t ah s t eh s ih z f er b ah n s ah b ah p aa n t iy sil 
LOG (lattice-best-path[5.5.1126~1-8c451]:main():lattice-best-path.cc:99) For utterance f1_111, best cost 94.0442 + 318.596 = 412.64 over 329 frames.
f1_111 sil aa r d ih sh ow n t eh l ah jh ah n s ih z f er iy l sil 
LOG (lattice-best-path[5.5.1126~1-8c451]:main():lattice-best-path.cc:99) For utterance f1_116, best cost 103.891 + 334.61 = 438.501 over 323 frames.
f1_116 sil w iy p l iy s ah b ae l d ih n uw b eh v er ch p l ae n sil 
LOG (lattice-best-path[5.5.1126~1-8c451]:main():lattice-best-path.cc:99) For utterance f1_121, best cost 122.702 + 524.281 = 646.983 over 494 frames.
f1_121 sil s ay n t uw dh iy p r ae g r ae s k ah n ch ah n ah z aa l ah n ih s sil 
LOG (lattice-best-path[5.5.1126~1-8c451]:main():lattice-best-path.cc:99) For utterance f1_126, best cost 117.57 + 436.162 = 553.732 over 432 frames.
f1_126 sil w ih sh aa t ih k ah l ih z ah p ey t ih n iy p aa r f ih k ey sh ah n sil 
LOG (lattice-best-path[5.5.1126~1-8c451]:main():lattice-best-path.cc:99) For utterance f1_131, best cost 129.242 + 396.597 = 525.84 over 419 frames.
f1_131 sil p r eh k ae t s ih k y ih sh ah m ay n s t r ah sh ah n z k r ih sh ah l sil 
LOG (lattice-best-path[5.5.1126~1-8c451]:main():lattice-best-path.cc:99) For utterance f1_136, best cost 90.5804 + 381.76 = 472.341 over 352 frames.
f1_136 sil dh iy s t iy ah z ih z ih s ah n ao r d ay m ah n s sil 
LOG (lattice-best-path[5.5.1126~1-8c451]:main():lattice-best-path.cc:99) For utterance f1_141, best cost 69.251 + 403.448 = 472.699 over 364 frames.
f1_141 sil uw s p l ah n t er dh iy p eh r er z sil 
LOG (lattice-best-path[5.5.1126~1-8c451]:main():lattice-best-path.cc:99) For utterance f1_146, best cost 97.1261 + 422.623 = 519.749 over 381 frames.
f1_146 sil er ao r ah n hh aw er m ay n t ah f ao t ah m l iy z sil 
LOG (lattice-best-path[5.5.1126~1-8c451]:main():lattice-best-path.cc:99) For utterance f1_151, best cost 62.8199 + 394.853 = 457.673 over 325 frames.
f1_151 sil hh ay ae k aw n ah b ay y uw sil 
LOG (lattice-best-path[5.5.1126~1-8c451]:main():lattice-best-path.cc:99) For utterance f1_156, best cost 150.858 + 507.747 = 658.606 over 482 frames.
f1_156 sil w eh v er k aa p r ey t s ih n b ay n ih n ae n s k aw n iy ow b iy er w ao r d ah d sil 
LOG (lattice-best-path[5.5.1126~1-8c451]:main():lattice-best-path.cc:99) For utterance f1_161, best cost 113.113 + 480.349 = 593.462 over 455 frames.
f1_161 sil dh er l iy s iy t ih f y ao r s t uw dh iy s m ah l f ao r iy z sil 
LOG (lattice-best-path[5.5.1126~1-8c451]:main():lattice-best-path.cc:99) For utterance f1_166, best cost 86.9999 + 347.286 = 434.286 over 335 frames.
f1_166 sil dh iy k ae n aw t ao l ih z hh er s m ay t er z sil 
LOG (lattice-best-path[5.5.1126~1-8c451]:main():lattice-best-path.cc:99) For utterance f1_171, best cost 103.381 + 394.475 = 497.856 over 379 frames.
f1_171 sil dh iy s t r ay ae f ay ow v er l iy t s m ay ao t ih z sil 
LOG (lattice-best-path[5.5.1126~1-8c451]:main():lattice-best-path.cc:99) For utterance f1_176, best cost 54.6672 + 302.339 = 357.006 over 262 frames.
f1_176 sil ey jh oy l ae b ih sh ah n sil 
LOG (lattice-best-path[5.5.1126~1-8c451]:main():lattice-best-path.cc:99) For utterance f1_181, best cost 142.326 + 476.612 = 618.937 over 466 frames.
f1_181 sil dh iy ah n t ow sh ah n sh ah t ah b oy s p ow dh iy k ah n t ey t uw s t ih z iy z ah z sil 
LOG (lattice-best-path[5.5.1126~1-8c451]:main():lattice-best-path.cc:99) For utterance f1_186, best cost 71.8491 + 400.716 = 472.565 over 346 frames.
f1_186 sil iy v n ay ah m ah n d iy b l uw z sil 
LOG (lattice-best-path[5.5.1126~1-8c451]:main():lattice-best-path.cc:99) For utterance f1_191, best cost 83.1696 + 417.791 = 500.961 over 373 frames.
f1_191 sil m ay k ah k aa t ah v er m ao r ay ah n z sil 
LOG (lattice-best-path[5.5.1126~1-8c451]:main():lattice-best-path.cc:99) For utterance f1_196, best cost 120.437 + 438.786 = 559.222 over 428 frames.
f1_196 sil dh iy s er m ah n ae f ah s ay s ih n iy f er f er m ah b aa sh ah n sil 
LOG (lattice-best-path[5.5.1126~1-8c451]:main():lattice-best-path.cc:99) For utterance f1_201, best cost 113.974 + 450.347 = 564.321 over 424 frames.
f1_201 sil k ao r ey t ae k ah p r ae sh eh k ae sh uh d t er m ey sh ah n sil 
LOG (lattice-best-path[5.5.1126~1-8c451]:main():lattice-best-path.cc:99) For utterance f1_206, best cost 105.052 + 552.364 = 657.416 over 476 frames.
f1_206 sil s eh v er l iy ah n t ah v ah s ay k ah l aa ch aa m ah sil 
LOG (lattice-best-path[5.5.1126~1-8c451]:main():lattice-best-path.cc:99) For utterance f1_211, best cost 76.7138 + 381.951 = 458.665 over 338 frames.
f1_211 sil ay l iy n t r iy m ey t s ey n ih ng sil 
LOG (lattice-best-path[5.5.1126~1-8c451]:main():lattice-best-path.cc:99) For utterance f1_216, best cost 108.329 + 377.853 = 486.183 over 365 frames.
f1_216 sil d ae t er b ih z m iy ah n d y ah l ah n t uw dh iy p ey sh ah n t sil 
LOG (lattice-best-path[5.5.1126~1-8c451]:main():lattice-best-path.cc:99) For utterance f1_221, best cost 87.9426 + 323.197 = 411.14 over 312 frames.
f1_221 sil hh ae l iy t ih z ih s ah b l ae s k ah l ey er sil 
LOG (lattice-best-path[5.5.1126~1-8c451]:main():lattice-best-path.cc:99) For utterance f1_226, best cost 104.677 + 393.07 = 497.747 over 376 frames.
f1_226 sil dh iy p ao r d ih z b aa t er f l ay t ah l aa n ae k er sil 
LOG (lattice-best-path[5.5.1126~1-8c451]:main():lattice-best-path.cc:99) For utterance f1_231, best cost 83.7085 + 325.174 = 408.883 over 300 frames.
f1_231 sil w eh r k ah n eh v er iy m ah n d ay iy ih ng sil 
LOG (lattice-best-path[5.5.1126~1-8c451]:main():lattice-best-path.cc:99) For utterance f1_236, best cost 99.3907 + 367.158 = 466.548 over 358 frames.
f1_236 sil hh aw oy l iy t iy l ey t ih s ae l ah t r ah s ih ng sil 
LOG (lattice-best-path[5.5.1126~1-8c451]:main():lattice-best-path.cc:99) For utterance f1_241, best cost 103.154 + 447.639 = 550.793 over 433 frames.
f1_241 sil ih jh aa t iy z ae n t ae k ah n ah s t ih m ah s ah l z sil 
LOG (lattice-best-path[5.5.1126~1-8c451]:main():lattice-best-path.cc:99) For utterance f1_246, best cost 68.9386 + 432.202 = 501.141 over 347 frames.
f1_246 sil ey m ey b oy ey n s ih k aa t sil 
LOG (lattice-best-path[5.5.1126~1-8c451]:main():lattice-best-path.cc:99) For utterance f1_251, best cost 165.802 + 521.484 = 687.286 over 526 frames.
f1_251 sil dh iy f r ih z p er s t iy z iy er k r ay t ey sh ah n l iy w iy z ah l ao s t r iy ch ah n ah l sil 
LOG (lattice-best-path[5.5.1126~1-8c451]:main():lattice-best-path.cc:99) For utterance f1_256, best cost 131.378 + 459.535 = 590.912 over 447 frames.
f1_256 sil ae n g eh r ah n hh ay d ao r m ih z ey sh ah n s p er m ow ah n t r ah l sil 
LOG (lattice-best-path[5.5.1126~1-8c451]:main():lattice-best-path.cc:99) For utterance f1_261, best cost 111.828 + 428.706 = 540.534 over 423 frames.
f1_261 sil w ey p er f ao sh ih z p er b eh r iy f ah n s iy aa t ah l sil 
LOG (lattice-best-path[5.5.1126~1-8c451]:main():lattice-best-path.cc:99) For utterance f1_266, best cost 89.2057 + 347.46 = 436.666 over 326 frames.
f1_266 sil t uw jh er ae s t iy k ae n s m ao l z uw z sil 
LOG (lattice-best-path[5.5.1126~1-8c451]:main():lattice-best-path.cc:99) For utterance f1_271, best cost 80.9578 + 289.529 = 370.486 over 289 frames.
f1_271 sil ah n iy v ih sh ey n sh ey p aa s ah l iy sil 
LOG (lattice-best-path[5.5.1126~1-8c451]:main():lattice-best-path.cc:99) For utterance f1_276, best cost 87.9111 + 303.358 = 391.269 over 298 frames.
f1_276 sil dh iy t ow z ah n f iy l dh iy k ah n jh ah n ah l z sil 
LOG (lattice-best-path[5.5.1126~1-8c451]:main():lattice-best-path.cc:99) For utterance f1_281, best cost 118.422 + 648.628 = 767.05 over 558 frames.
f1_281 sil ay d ih z ae n b ah l iy w aa n f ao r d ah p aa r b r eh s sil 
LOG (lattice-best-path[5.5.1126~1-8c451]:main():lattice-best-path.cc:99) For utterance f1_286, best cost 91.45 + 319.136 = 410.586 over 302 frames.
f1_286 sil dh ae t ow ch iy s ah s k ae s m er s ah s l iy sil 
LOG (lattice-best-path[5.5.1126~1-8c451]:main():lattice-best-path.cc:99) For utterance f1_291, best cost 78.3529 + 396.476 = 474.829 over 343 frames.
f1_291 sil g ae n t ae b iy s t uw d ah l d ih z sil 
LOG (lattice-best-path[5.5.1126~1-8c451]:main():lattice-best-path.cc:99) For utterance f1_296, best cost 129.367 + 643.188 = 772.555 over 571 frames.
f1_296 sil ae l ah s iy p oy n ah n ah b ay l ah jh iy ah n iy n ih r ah n d ih n z sil 
LOG (lattice-best-path[5.5.1126~1-8c451]:main():lattice-best-path.cc:99) For utterance f1_301, best cost 78.5402 + 479.755 = 558.295 over 417 frames.
f1_301 sil l iy s t aa p er ih ng ih z b ay k s sil 
LOG (lattice-best-path[5.5.1126~1-8c451]:main():lattice-best-path.cc:99) For utterance f1_306, best cost 100.459 + 408.736 = 509.194 over 386 frames.
f1_306 sil d aa r er k y uw n aa n t er aw n f er m ay l z sil 
LOG (lattice-best-path[5.5.1126~1-8c451]:main():lattice-best-path.cc:99) For utterance f1_311, best cost 126.345 + 547.157 = 673.502 over 495 frames.
f1_311 sil dh iy f r ey t uw ch ay l ih z jh ah m ah s ah t uw b ay z b ih g r ae t er sil 
LOG (lattice-best-path[5.5.1126~1-8c451]:main():lattice-best-path.cc:99) For utterance f1_316, best cost 162.685 + 565.204 = 727.889 over 563 frames.
f1_316 sil dh iy p r iy s w eh k ah n b er b ay s er f iy ah n z aa p iy m er z ah n s iy k ah n d ih sh ah n z sil 
LOG (lattice-best-path[5.5.1126~1-8c451]:main():lattice-best-path.cc:99) For utterance f1_321, best cost 110.596 + 353.71 = 464.306 over 353 frames.
f1_321 sil ah l oy ow ih z ah p oy n t uw t ae k s ih k y uw d er w eh l sil 
LOG (lattice-best-path[5.5.1126~1-8c451]:main():lattice-best-path.cc:99) For utterance f1_326, best cost 139.907 + 517.044 = 656.951 over 494 frames.
f1_326 sil dh iy s ih s t ah m ey b r ey t ae n s iy n z ih z ey t er b ay l z f r iy l iy sil 
LOG (lattice-best-path[5.5.1126~1-8c451]:main():lattice-best-path.cc:99) For utterance f1_331, best cost 118.565 + 527.781 = 646.346 over 492 frames.
f1_331 sil dh iy k ah n ah n t eh k t ih z eh k ao r d ih g ah m p r iy aw er z sil 
LOG (lattice-best-path[5.5.1126~1-8c451]:main():lattice-best-path.cc:99) For utterance f1_336, best cost 83.6456 + 484.009 = 567.655 over 404 frames.
f1_336 sil eh r ow z m ao r n ah l ih ng ih sh t ae d sil 
LOG (lattice-best-path[5.5.1126~1-8c451]:main():lattice-best-path.cc:99) For utterance f1_341, best cost 89.4054 + 460.486 = 549.891 over 414 frames.
f1_341 sil w ih n ah n eh v er sil dh iy k ah l iy iy m ah n sil 
LOG (lattice-best-path[5.5.1126~1-8c451]:main():lattice-best-path.cc:99) For utterance f1_346, best cost 83.8874 + 346.793 = 430.68 over 328 frames.
f1_346 sil w ao l k ah m ah n iy s t uw n z iy ch iy er sil 
LOG (lattice-best-path[5.5.1126~1-8c451]:main():lattice-best-path.cc:99) For utterance f1_351, best cost 80.8526 + 349.308 = 430.16 over 336 frames.
f1_351 sil w ih ch er jh d ih s m er sh ah p ah n sil 
LOG (lattice-best-path[5.5.1126~1-8c451]:main():lattice-best-path.cc:99) For utterance f1_356, best cost 67.9667 + 332.552 = 400.518 over 302 frames.
f1_356 sil dh ey ao l ay k w aa ch er aw er z sil 
LOG (lattice-best-path[5.5.1126~1-8c451]:main():lattice-best-path.cc:99) For utterance f1_361, best cost 98.2766 + 399.292 = 497.568 over 381 frames.
f1_361 sil t ih n z ih sh iy l ah s iy m l iy s f ay s ah l iy sil 
LOG (lattice-best-path[5.5.1126~1-8c451]:main():lattice-best-path.cc:99) For utterance f1_366, best cost 100.986 + 454.488 = 555.474 over 419 frames.
f1_366 sil ao r jh ah k ah n s ah s ah v ah l iy s k t ah m ah s ah z sil 
LOG (lattice-best-path[5.5.1126~1-8c451]:main():lattice-best-path.cc:99) For utterance f1_371, best cost 96.1313 + 449.386 = 545.518 over 401 frames.
f1_371 sil ay d r ay d ih s ah b oy b ae p ah n ah ch ey n z sil 
LOG (lattice-best-path[5.5.1126~1-8c451]:main():lattice-best-path.cc:99) For utterance f1_376, best cost 74.5864 + 404.041 = 478.628 over 370 frames.
f1_376 sil iy er s ah v ah l aa r d w ih n d ah sil 
LOG (lattice-best-path[5.5.1126~1-8c451]:main():lattice-best-path.cc:99) For utterance f1_381, best cost 135.958 + 490.926 = 626.884 over 474 frames.
f1_381 sil ah n t ih f ah n ah jh g r iy s iy er ch ey n b iy ch er d ah b aa sh er l iy sil 
LOG (lattice-best-path[5.5.1126~1-8c451]:main():lattice-best-path.cc:99) For utterance f1_386, best cost 84.0821 + 526.85 = 610.932 over 474 frames.
f1_386 sil dh iy k r ae ch aa n sh ah n iy s t ae t ah n sil 
LOG (lattice-best-path[5.5.1126~1-8c451]:main():lattice-best-path.cc:99) For utterance f1_391, best cost 74.5334 + 330.029 = 404.562 over 336 frames.
f1_391 sil iy ch t ih sh er l iy f ay n z ah n sil 
LOG (lattice-best-path[5.5.1126~1-8c451]:main():lattice-best-path.cc:99) For utterance f1_396, best cost 132.232 + 519.154 = 651.386 over 507 frames.
f1_396 sil dh ae t ay z ih ng b er s ah v er ay d iy s p er n ah v er ch ey n z s sil 
LOG (lattice-best-path[5.5.1126~1-8c451]:main():lattice-best-path.cc:99) For utterance f1_401, best cost 102.108 + 425.929 = 528.037 over 395 frames.
f1_401 sil t aa n s ah s ah l aa r jh ah k l ae n s aa r aa k ah l sil 
LOG (lattice-best-path[5.5.1126~1-8c451]:main():lattice-best-path.cc:99) For utterance f1_406, best cost 120.138 + 562.51 = 682.648 over 518 frames.
f1_406 sil ih th ih k ae l f aa r iy er l iy ow v er w ao ng t ah m z iy z sil 
LOG (lattice-best-path[5.5.1126~1-8c451]:main():lattice-best-path.cc:99) For utterance f1_411, best cost 100.238 + 347.45 = 447.688 over 343 frames.
f1_411 sil ih z w iy z ih sh ah n t aa m ay z m aa r ah l ah s l iy sil 
LOG (lattice-best-path[5.5.1126~1-8c451]:main():lattice-best-path.cc:99) For utterance f1_416, best cost 62.9902 + 388.411 = 451.401 over 320 frames.
f1_416 sil ae p aa k ah l ah s k ao iy sil 
LOG (lattice-best-path[5.5.1126~1-8c451]:main():lattice-best-path.cc:99) For utterance f1_421, best cost 93.9019 + 338.305 = 432.207 over 329 frames.
f1_421 sil ih z b ae k aa s t ah n z ah p ay k ah l ah f ah l sil 
LOG (lattice-best-path[5.5.1126~1-8c451]:main():lattice-best-path.cc:99) For utterance f1_426, best cost 122.199 + 441.191 = 563.39 over 437 frames.
f1_426 sil dh iy z ih g ow n z aa l ah jh ah s f r l ae s t er ah p oy d ah jh sil 
LOG (lattice-best-path[5.5.1126~1-8c451]:main():lattice-best-path.cc:99) For utterance f1_431, best cost 89.0094 + 477.909 = 566.918 over 432 frames.
f1_431 sil n ah m p r ah v er z ey sh ah n t eh v er iy z sil 
LOG (lattice-best-path[5.5.1126~1-8c451]:main():lattice-best-path.cc:99) For utterance f1_436, best cost 96.3697 + 426.245 = 522.615 over 405 frames.
f1_436 sil ey f r iy p r ah l iy p er z ah n t ih ng s k ah v ih ng sil 
LOG (lattice-best-path[5.5.1126~1-8c451]:main():lattice-best-path.cc:99) For utterance f1_441, best cost 79.2373 + 368.942 = 448.179 over 335 frames.
f1_441 sil r ae k ah n iy z ah k ae z ah g r iy ah m sil 
LOG (lattice-best-path[5.5.1126~1-8c451]:main():lattice-best-path.cc:99) For utterance f1_446, best cost 94.704 + 408.828 = 503.532 over 379 frames.
f1_446 sil dh iy s t iy ch ah p ow z iy m ay ih g ae m ah n t er sil 
LOG (lattice-best-path[5.5.1126~1-8c451]:main():lattice-best-path.cc:99) For utterance f1_451, best cost 122.062 + 449.003 = 571.065 over 444 frames.
f1_451 sil ch eh jh ah n p ah n s ih m ah n iy f er r ah l ah s ah m ah n s ih ng sil 
LOG (lattice-best-path[5.5.1126~1-8c451]:main():lattice-best-path.cc:99) For utterance f1_456, best cost 100.396 + 482.705 = 583.101 over 433 frames.
f1_456 sil ah m ah s ih z ae k ae t er aw t ow z k aa r d ah n sil 
LOG (lattice-best-path[5.5.1126~1-8c451]:main():lattice-best-path.cc:99) For utterance f5_001, best cost 49.5059 + 259.759 = 309.265 over 249 frames.
f5_001 sil ih z ih z iy p er ah s sil 
LOG (lattice-best-path[5.5.1126~1-8c451]:main():lattice-best-path.cc:99) For utterance f5_006, best cost 60.3626 + 336.507 = 396.869 over 325 frames.
f5_006 sil w ay iy l w er iy ow v z sil 
LOG (lattice-best-path[5.5.1126~1-8c451]:main():lattice-best-path.cc:99) For utterance f5_011, best cost 23.4275 + 316.652 = 340.08 over 301 frames.
f5_011 sil n sil 
LOG (lattice-best-path[5.5.1126~1-8c451]:main():lattice-best-path.cc:99) For utterance f5_021, best cost 50.3116 + 296.842 = 347.154 over 301 frames.
f5_021 sil ah l iy l er z d er z sil 
LOG (lattice-best-path[5.5.1126~1-8c451]:main():lattice-best-path.cc:99) For utterance f5_031, best cost 39.7162 + 378.506 = 418.223 over 391 frames.
f5_031 sil uw ey sh ah n sil 
LOG (lattice-best-path[5.5.1126~1-8c451]:main():lattice-best-path.cc:99) For utterance f5_036, best cost 31.0782 + 347.177 = 378.256 over 348 frames.
f5_036 sil ao r t sil 
LOG (lattice-best-path[5.5.1126~1-8c451]:main():lattice-best-path.cc:99) For utterance f5_041, best cost 39.2369 + 363.246 = 402.483 over 364 frames.
f5_041 sil eh m y ao r sil 
LOG (lattice-best-path[5.5.1126~1-8c451]:main():lattice-best-path.cc:99) For utterance f5_046, best cost 76.437 + 317.26 = 393.697 over 354 frames.
f5_046 sil dh iy p r aa l ao r s k y ah s k ay z sil 
LOG (lattice-best-path[5.5.1126~1-8c451]:main():lattice-best-path.cc:99) For utterance f5_051, best cost 67.2134 + 381.501 = 448.714 over 393 frames.
f5_051 sil g r iy l iy p r ih sh iy t ah d sil 
LOG (lattice-best-path[5.5.1126~1-8c451]:main():lattice-best-path.cc:99) For utterance f5_056, best cost 102.43 + 393.128 = 495.558 over 446 frames.
f5_056 sil k ae sh ao r d ih ch k aa s t iy p r ih k r iy s ih z sil 
LOG (lattice-best-path[5.5.1126~1-8c451]:main():lattice-best-path.cc:99) For utterance f5_061, best cost 108.564 + 298.869 = 407.433 over 377 frames.
f5_061 sil k l ih s t ih s p l ey l ih z ah s p l iy s ah n s k r iy n sil 
LOG (lattice-best-path[5.5.1126~1-8c451]:main():lattice-best-path.cc:99) For utterance f5_066, best cost 35.4679 + 324.911 = 360.379 over 335 frames.
f5_066 sil f r iy l iy sil 
LOG (lattice-best-path[5.5.1126~1-8c451]:main():lattice-best-path.cc:99) For utterance f5_071, best cost 105.915 + 404.279 = 510.194 over 448 frames.
f5_071 sil k w aa p er sh ah n ah l aa ng l iy v iy t ih s p iy t sil 
LOG (lattice-best-path[5.5.1126~1-8c451]:main():lattice-best-path.cc:99) For utterance f5_076, best cost 22.5748 + 309.25 = 331.825 over 309 frames.
f5_076 sil er sil 
LOG (lattice-best-path[5.5.1126~1-8c451]:main():lattice-best-path.cc:99) For utterance f5_081, best cost 78.5716 + 353.402 = 431.974 over 373 frames.
f5_081 sil r ey p r iy z t ae k s w ey sh ah n sil 
LOG (lattice-best-path[5.5.1126~1-8c451]:main():lattice-best-path.cc:99) For utterance f5_086, best cost 59.0138 + 500.353 = 559.367 over 495 frames.
f5_086 sil r ao l hh ao l ah d ey z sil 
LOG (lattice-best-path[5.5.1126~1-8c451]:main():lattice-best-path.cc:99) For utterance f5_091, best cost 55.9936 + 319.033 = 375.027 over 318 frames.
f5_091 sil t ae n hh er hh ao l iy sil 
LOG (lattice-best-path[5.5.1126~1-8c451]:main():lattice-best-path.cc:99) For utterance f5_096, best cost 34.4459 + 339.941 = 374.387 over 334 frames.
f5_096 sil ih sh uh k sil 
LOG (lattice-best-path[5.5.1126~1-8c451]:main():lattice-best-path.cc:99) For utterance f5_101, best cost 31.0066 + 319.1 = 350.107 over 302 frames.
f5_101 sil t ae n d sil 
LOG (lattice-best-path[5.5.1126~1-8c451]:main():lattice-best-path.cc:99) For utterance f5_106, best cost 20.2998 + 403.727 = 424.027 over 388 frames.
f5_106 sil iy sil 
LOG (lattice-best-path[5.5.1126~1-8c451]:main():lattice-best-path.cc:99) For utterance f5_111, best cost 87.4422 + 291.076 = 378.518 over 318 frames.
f5_111 sil ih sh l ah n t eh l ah jh ah n z ih z f er iy l sil 
LOG (lattice-best-path[5.5.1126~1-8c451]:main():lattice-best-path.cc:99) For utterance f5_116, best cost 16.5611 + 341.323 = 357.884 over 326 frames.
f5_116 sil sil 
LOG (lattice-best-path[5.5.1126~1-8c451]:main():lattice-best-path.cc:99) For utterance f5_121, best cost 28.1007 + 514.804 = 542.905 over 496 frames.
f5_121 sil z sil sil 
LOG (lattice-best-path[5.5.1126~1-8c451]:main():lattice-best-path.cc:99) For utterance f5_126, best cost 75.0509 + 437.743 = 512.794 over 451 frames.
f5_126 sil dh iy ch aa m aa r er f ih k ey sh ah n sil 
LOG (lattice-best-path[5.5.1126~1-8c451]:main():lattice-best-path.cc:99) For utterance f5_131, best cost 79.5017 + 374.313 = 453.815 over 403 frames.
f5_131 sil m ay n s t r ah n z ah s k r ih sh ah l sil 
LOG (lattice-best-path[5.5.1126~1-8c451]:main():lattice-best-path.cc:99) For utterance f5_136, best cost 20.4298 + 369.302 = 389.732 over 370 frames.
f5_136 sil s sil 
LOG (lattice-best-path[5.5.1126~1-8c451]:main():lattice-best-path.cc:99) For utterance f5_141, best cost 23.9021 + 370.202 = 394.104 over 366 frames.
f5_141 sil er z sil 
LOG (lattice-best-path[5.5.1126~1-8c451]:main():lattice-best-path.cc:99) For utterance f5_146, best cost 32.8541 + 422.059 = 454.913 over 398 frames.
f5_146 sil hh er ao z sil 
LOG (lattice-best-path[5.5.1126~1-8c451]:main():lattice-best-path.cc:99) For utterance f5_151, best cost 50.4014 + 304.549 = 354.951 over 304 frames.
f5_151 sil aw n dh iy b ay y uw sil 
LOG (lattice-best-path[5.5.1126~1-8c451]:main():lattice-best-path.cc:99) For utterance f5_156, best cost 111.077 + 487.232 = 598.31 over 500 frames.
f5_156 sil w eh v er k w aa n ae n s k ae m iy l w iy w ao r d ah d sil 
LOG (lattice-best-path[5.5.1126~1-8c451]:main():lattice-best-path.cc:99) For utterance f5_161, best cost 33.4263 + 418.717 = 452.143 over 443 frames.
f5_161 sil l er iy z sil 
LOG (lattice-best-path[5.5.1126~1-8c451]:main():lattice-best-path.cc:99) For utterance f5_166, best cost 52.166 + 341.158 = 393.324 over 336 frames.
f5_166 sil k ae n ao l w er z sil 
LOG (lattice-best-path[5.5.1126~1-8c451]:main():lattice-best-path.cc:99) For utterance f5_171, best cost 105.975 + 327.805 = 433.78 over 374 frames.
f5_171 sil ih s t r ay ah v er iy f ay l r l iy d ah t uw m ay s sil 
LOG (lattice-best-path[5.5.1126~1-8c451]:main():lattice-best-path.cc:99) For utterance f5_176, best cost 76.4933 + 257.793 = 334.286 over 282 frames.
f5_176 sil dh iy ih n jh oy ow ah n ay ae n t ih sh ah n sil 
LOG (lattice-best-path[5.5.1126~1-8c451]:main():lattice-best-path.cc:99) For utterance f5_181, best cost 49.9096 + 482.579 = 532.489 over 465 frames.
f5_181 sil iy s t ih z iy z ah z sil 
LOG (lattice-best-path[5.5.1126~1-8c451]:main():lattice-best-path.cc:99) For utterance f5_186, best cost 23.637 + 375.787 = 399.424 over 352 frames.
f5_186 sil n z sil 
LOG (lattice-best-path[5.5.1126~1-8c451]:main():lattice-best-path.cc:99) For utterance f5_191, best cost 72.6815 + 387.669 = 460.351 over 383 frames.
f5_191 sil ah l k ah l ah m ao l ah k r ah n z sil 
LOG (lattice-best-path[5.5.1126~1-8c451]:main():lattice-best-path.cc:99) For utterance f5_196, best cost 85.2075 + 401.199 = 486.407 over 428 frames.
f5_196 sil dh iy s er f er f er m ah n ah v ae k sh ah n sil 
LOG (lattice-best-path[5.5.1126~1-8c451]:main():lattice-best-path.cc:99) For utterance f5_201, best cost 81.7494 + 397.45 = 479.2 over 415 frames.
f5_201 sil k ao r uw dh iy p r aa jh ih n ey sh ah n sil 
LOG (lattice-best-path[5.5.1126~1-8c451]:main():lattice-best-path.cc:99) For utterance f5_206, best cost 36.9237 + 443.885 = 480.808 over 417 frames.
f5_206 sil sil aa n ah sil 
LOG (lattice-best-path[5.5.1126~1-8c451]:main():lattice-best-path.cc:99) For utterance f5_211, best cost 82.7744 + 313.524 = 396.299 over 329 frames.
f5_211 sil hh ay oy n f r iy l iy m iy n s ih ng ih ng sil 
LOG (lattice-best-path[5.5.1126~1-8c451]:main():lattice-best-path.cc:99) For utterance f5_216, best cost 37.8218 + 394.991 = 432.813 over 379 frames.
f5_216 sil dh iy p ey sh ah n sil 
LOG (lattice-best-path[5.5.1126~1-8c451]:main():lattice-best-path.cc:99) For utterance f5_221, best cost 92.1958 + 311.666 = 403.861 over 339 frames.
f5_221 sil hh aw n sh ah n z ih s ah b oy ah s k ah l iy d er sil 
LOG (lattice-best-path[5.5.1126~1-8c451]:main():lattice-best-path.cc:99) For utterance f5_226, best cost 48.6696 + 366.896 = 415.566 over 364 frames.
f5_226 sil dh iy k ao r jh ah s t er sil 
LOG (lattice-best-path[5.5.1126~1-8c451]:main():lattice-best-path.cc:99) For utterance f5_231, best cost 74.7764 + 278.424 = 353.201 over 302 frames.
f5_231 sil dh iy r ow p ah n eh v er iy m ah n ih ng sil 
LOG (lattice-best-path[5.5.1126~1-8c451]:main():lattice-best-path.cc:99) For utterance f5_236, best cost 62.2415 + 353.134 = 415.375 over 356 frames.
f5_236 sil hh ow l iy eh l ah jh ah s ih ng sil 
LOG (lattice-best-path[5.5.1126~1-8c451]:main():lattice-best-path.cc:99) For utterance f5_241, best cost 45.8463 + 403.933 = 449.779 over 406 frames.
f5_241 sil dh iy jh ao ah l z sil 
LOG (lattice-best-path[5.5.1126~1-8c451]:main():lattice-best-path.cc:99) For utterance f5_246, best cost 39.1369 + 348.343 = 387.48 over 340 frames.
f5_246 sil r iy b oy sil 
LOG (lattice-best-path[5.5.1126~1-8c451]:main():lattice-best-path.cc:99) For utterance f5_251, best cost 87.9732 + 493.482 = 581.456 over 520 frames.
f5_251 sil t ih f r ah s iy ch iy p ow l er n ah l sil 
LOG (lattice-best-path[5.5.1126~1-8c451]:main():lattice-best-path.cc:99) For utterance f5_256, best cost 42.5116 + 442.651 = 485.162 over 433 frames.
f5_256 sil ih z ey sh ah l sil 
LOG (lattice-best-path[5.5.1126~1-8c451]:main():lattice-best-path.cc:99) For utterance f5_261, best cost 67.0067 + 389.026 = 456.033 over 410 frames.
f5_261 sil l aa sh ah z ah b er y ah l sil 
LOG (lattice-best-path[5.5.1126~1-8c451]:main():lattice-best-path.cc:99) For utterance f5_266, best cost 60.6929 + 307.595 = 368.288 over 333 frames.
f5_266 sil sh ah d r ae m ah l z uw z sil 
LOG (lattice-best-path[5.5.1126~1-8c451]:main():lattice-best-path.cc:99) For utterance f5_271, best cost 54.2953 + 306.538 = 360.833 over 314 frames.
f5_271 sil ch ey n sh iy p l iy sil 
LOG (lattice-best-path[5.5.1126~1-8c451]:main():lattice-best-path.cc:99) For utterance f5_276, best cost 49.8266 + 318.941 = 368.768 over 321 frames.
f5_276 sil iy w eh n er ah l z sil 
LOG (lattice-best-path[5.5.1126~1-8c451]:main():lattice-best-path.cc:99) For utterance f5_281, best cost 37.1069 + 617.145 = 654.252 over 565 frames.
f5_281 sil n f ao r sil 
LOG (lattice-best-path[5.5.1126~1-8c451]:main():lattice-best-path.cc:99) For utterance f5_286, best cost 54.4978 + 296.705 = 351.202 over 319 frames.
f5_286 sil ch iy s ah s k ae l iy sil 
LOG (lattice-best-path[5.5.1126~1-8c451]:main():lattice-best-path.cc:99) For utterance f5_291, best cost 16.7736 + 379.393 = 396.166 over 368 frames.
f5_291 sil sil 
LOG (lattice-best-path[5.5.1126~1-8c451]:main():lattice-best-path.cc:99) For utterance f5_296, best cost 48.6207 + 609.172 = 657.792 over 575 frames.
f5_296 sil n dh iy b ay l ah s sil 
LOG (lattice-best-path[5.5.1126~1-8c451]:main():lattice-best-path.cc:99) For utterance f5_301, best cost 53.2075 + 438.967 = 492.174 over 425 frames.
f5_301 sil t aa t aa p r eh r sil 
LOG (lattice-best-path[5.5.1126~1-8c451]:main():lattice-best-path.cc:99) For utterance f5_306, best cost 53.7515 + 445.72 = 499.472 over 433 frames.
f5_306 sil r aa n f r ah m ay l z sil 
LOG (lattice-best-path[5.5.1126~1-8c451]:main():lattice-best-path.cc:99) For utterance f5_311, best cost 56.8536 + 468.207 = 525.06 over 458 frames.
f5_311 sil dh iy f r ah n ch ae l d er sil 
LOG (lattice-best-path[5.5.1126~1-8c451]:main():lattice-best-path.cc:99) For utterance f5_316, best cost 105.574 + 434.116 = 539.69 over 457 frames.
f5_316 sil dh iy p r iy s k ah l ih l ay s er f y ah l ih ng ih sh ah n z sil 
LOG (lattice-best-path[5.5.1126~1-8c451]:main():lattice-best-path.cc:99) For utterance f5_321, best cost 108.559 + 341.756 = 450.315 over 377 frames.
f5_321 sil ah l er w ao z ah p oy n t uw t ae k s k y uw hh er w ah l sil 
LOG (lattice-best-path[5.5.1126~1-8c451]:main():lattice-best-path.cc:99) For utterance f5_326, best cost 146.396 + 385.286 = 531.682 over 481 frames.
f5_326 sil dh iy s ih s t ah m ey b r iy k aw n s ih n s ih s ey t er f ay l z f r iy k ah l iy sil 
LOG (lattice-best-path[5.5.1126~1-8c451]:main():lattice-best-path.cc:99) For utterance f5_331, best cost 36.2017 + 498.168 = 534.37 over 487 frames.
f5_331 sil r iy aw er z sil 
LOG (lattice-best-path[5.5.1126~1-8c451]:main():lattice-best-path.cc:99) For utterance f5_336, best cost 102.1 + 384.138 = 486.237 over 396 frames.
f5_336 sil eh n oy s p aa r ih z m w ao r n oy n iy ch t iy sil 
LOG (lattice-best-path[5.5.1126~1-8c451]:main():lattice-best-path.cc:99) For utterance f5_341, best cost 57.5188 + 425.073 = 482.592 over 420 frames.
f5_341 sil m ah n eh v er dh iy k ah n sil 
LOG (lattice-best-path[5.5.1126~1-8c451]:main():lattice-best-path.cc:99) For utterance f5_346, best cost 61.8828 + 347.776 = 409.658 over 360 frames.
f5_346 sil m ah n iy n s iy ch iy er sil 
LOG (lattice-best-path[5.5.1126~1-8c451]:main():lattice-best-path.cc:99) For utterance f5_351, best cost 26.1085 + 340.368 = 366.477 over 341 frames.
f5_351 sil dh ae n sil 
LOG (lattice-best-path[5.5.1126~1-8c451]:main():lattice-best-path.cc:99) For utterance f5_361, best cost 92.8017 + 336.14 = 428.941 over 372 frames.
f5_361 sil sh iy l ah t uw s iy n l iy z t ay s ah l iy sil 
LOG (lattice-best-path[5.5.1126~1-8c451]:main():lattice-best-path.cc:99) For utterance f5_366, best cost 51.6565 + 403.767 = 455.424 over 405 frames.
f5_366 sil iy s k r ao s ah z sil 
LOG (lattice-best-path[5.5.1126~1-8c451]:main():lattice-best-path.cc:99) For utterance f5_371, best cost 35.488 + 423.614 = 459.102 over 396 frames.
f5_371 sil ch ey n jh sil 
LOG (lattice-best-path[5.5.1126~1-8c451]:main():lattice-best-path.cc:99) For utterance f5_376, best cost 30.9991 + 375.219 = 406.218 over 351 frames.
f5_376 sil n d ih l sil 
LOG (lattice-best-path[5.5.1126~1-8c451]:main():lattice-best-path.cc:99) For utterance f5_381, best cost 100.033 + 418.583 = 518.615 over 463 frames.
f5_381 sil ng y uw ch ey n b iy ch er dh iy w aa sh t er l iy sil 
LOG (lattice-best-path[5.5.1126~1-8c451]:main():lattice-best-path.cc:99) For utterance f5_386, best cost 60.4756 + 398.285 = 458.76 over 421 frames.
f5_386 sil ah k r ae k w ih sh t ae m sil 
LOG (lattice-best-path[5.5.1126~1-8c451]:main():lattice-best-path.cc:99) For utterance f5_391, best cost 41.0003 + 318.922 = 359.923 over 321 frames.
f5_391 sil sh er l iy n sil 
LOG (lattice-best-path[5.5.1126~1-8c451]:main():lattice-best-path.cc:99) For utterance f5_396, best cost 80.5126 + 482.134 = 562.647 over 518 frames.
f5_396 sil r ay t iy s er n eh v er ch ey n d ih z sil 
LOG (lattice-best-path[5.5.1126~1-8c451]:main():lattice-best-path.cc:99) For utterance f5_401, best cost 86.8964 + 379.883 = 466.78 over 394 frames.
f5_401 sil t aa zh er k l ae m p ah p r aa b ah m sil 
LOG (lattice-best-path[5.5.1126~1-8c451]:main():lattice-best-path.cc:99) For utterance f5_406, best cost 126.823 + 472.467 = 599.29 over 512 frames.
f5_406 sil eh l m f ao r s ih z n ih l iy ow v er w aa t ah ch ah m z iy z sil 
LOG (lattice-best-path[5.5.1126~1-8c451]:main():lattice-best-path.cc:99) For utterance f5_411, best cost 35.3028 + 451.645 = 486.948 over 433 frames.
f5_411 sil sil l iy sil 
LOG (lattice-best-path[5.5.1126~1-8c451]:main():lattice-best-path.cc:99) For utterance f5_416, best cost 19.9933 + 377.169 = 397.162 over 339 frames.
f5_416 sil d sil 
LOG (lattice-best-path[5.5.1126~1-8c451]:main():lattice-best-path.cc:99) For utterance f5_421, best cost 40.6651 + 334.087 = 374.752 over 332 frames.
f5_421 sil k ah l ah f ah l sil 
LOG (lattice-best-path[5.5.1126~1-8c451]:main():lattice-best-path.cc:99) For utterance f5_431, best cost 25.37 + 458.23 = 483.6 over 427 frames.
f5_431 sil er z sil 
LOG (lattice-best-path[5.5.1126~1-8c451]:main():lattice-best-path.cc:99) For utterance f5_436, best cost 54.8979 + 409.144 = 464.042 over 405 frames.
f5_436 sil sil ey f r iy k ah ng sil 
LOG (lattice-best-path[5.5.1126~1-8c451]:main():lattice-best-path.cc:99) For utterance f5_441, best cost 88.1817 + 293.192 = 381.374 over 325 frames.
f5_441 sil r aa k ah m ah m iy z ih k ae z ah g r iy ah m sil 
LOG (lattice-best-path[5.5.1126~1-8c451]:main():lattice-best-path.cc:99) For utterance f5_446, best cost 87.4029 + 375.974 = 463.377 over 398 frames.
f5_446 sil iy s ah m p ow z iy m ay ae n ah m ah n d iy sil 
LOG (lattice-best-path[5.5.1126~1-8c451]:main():lattice-best-path.cc:99) For utterance f5_451, best cost 75.7504 + 513.103 = 588.853 over 533 frames.
f5_451 sil sil ah m ah n iy f r uw r ah l ih ng sil 
LOG (lattice-best-path[5.5.1126~1-8c451]:main():lattice-best-path.cc:99) For utterance f5_456, best cost 80.8967 + 413.251 = 494.147 over 434 frames.
f5_456 sil ah l aa n ah t uw aa t ah s k aa r d ah n sil 
LOG (lattice-best-path[5.5.1126~1-8c451]:main():lattice-best-path.cc:99) For utterance m1_001, best cost 58.4066 + 216.401 = 274.807 over 200 frames.
m1_001 sil ih s w ao z iy f er ae s sil 
LOG (lattice-best-path[5.5.1126~1-8c451]:main():lattice-best-path.cc:99) For utterance m1_006, best cost 92.4442 + 403.215 = 495.659 over 381 frames.
m1_006 sil l ah jh eh l ao r iy ow v er s ah l iy ay d ah m z sil 
LOG (lattice-best-path[5.5.1126~1-8c451]:main():lattice-best-path.cc:99) For utterance m1_011, best cost 81.3297 + 357.503 = 438.833 over 308 frames.
m1_011 sil s ah n y uh r ah m ah s hh ay jh ah t ae n sil 
LOG (lattice-best-path[5.5.1126~1-8c451]:main():lattice-best-path.cc:99) For utterance m1_016, best cost 98.1849 + 388.38 = 486.565 over 374 frames.
m1_016 sil ae l ah m ow n iy hh ay m z ah n ae n s w eh l f sil 
LOG (lattice-best-path[5.5.1126~1-8c451]:main():lattice-best-path.cc:99) For utterance m1_021, best cost 71.2724 + 376.425 = 447.697 over 323 frames.
m1_021 sil ah l er z l ah m ih l iy ah n er z sil 
LOG (lattice-best-path[5.5.1126~1-8c451]:main():lattice-best-path.cc:99) For utterance m1_026, best cost 84.9512 + 354.646 = 439.597 over 326 frames.
m1_026 sil d ow ch uw ch aa r l iy ch er iy d ih sh ah s sil 
LOG (lattice-best-path[5.5.1126~1-8c451]:main():lattice-best-path.cc:99) For utterance m1_031, best cost 114.314 + 438.708 = 553.022 over 415 frames.
m1_031 sil aa r ow l b r ih z w ih z r eh jh oy ih sh ah p r ih z ah n sil 
LOG (lattice-best-path[5.5.1126~1-8c451]:main():lattice-best-path.cc:99) For utterance m1_036, best cost 106.218 + 399.135 = 505.352 over 379 frames.
m1_036 sil dh ae s k ah p ow l k ah n b iy ah n er t ih ng k s ao r sil 
LOG (lattice-best-path[5.5.1126~1-8c451]:main():lattice-best-path.cc:99) For utterance m1_041, best cost 110.88 + 399.375 = 510.255 over 398 frames.
m1_041 sil ae m ah d eh k s t r ah s p aa p ah t uw k aa p ih sh ao r sil 
LOG (lattice-best-path[5.5.1126~1-8c451]:main():lattice-best-path.cc:99) For utterance m1_046, best cost 102.61 + 445.461 = 548.071 over 421 frames.
m1_046 sil dh iy p r ao l ao r s k y uw m ae s k f er d ay z sil 
LOG (lattice-best-path[5.5.1126~1-8c451]:main():lattice-best-path.cc:99) For utterance m1_051, best cost 126.779 + 459.094 = 585.873 over 421 frames.
m1_051 sil ih n iy k ah k r iy sh ah n ah b ah b iy g r ey t l iy p r ih sh ey d sil 
LOG (lattice-best-path[5.5.1126~1-8c451]:main():lattice-best-path.cc:99) For utterance m1_056, best cost 137.585 + 501.888 = 639.473 over 496 frames.
m1_056 sil l ae sh er z k ae sh er jh k aa z s t iy p r ay s ih ng k r iy s ah z sil 
LOG (lattice-best-path[5.5.1126~1-8c451]:main():lattice-best-path.cc:99) For utterance m1_061, best cost 124.384 + 403.682 = 528.066 over 422 frames.
m1_061 sil k l ih s t ih s p l iy w ao z m ih z p l ey s t ah m ah s k r iy n sil 
LOG (lattice-best-path[5.5.1126~1-8c451]:main():lattice-best-path.cc:99) For utterance m1_066, best cost 108.368 + 389.508 = 497.876 over 365 frames.
m1_066 sil b aa t er z p er s k r ay d f er k s t uw f r iy l iy sil 
LOG (lattice-best-path[5.5.1126~1-8c451]:main():lattice-best-path.cc:99) For utterance m1_071, best cost 157.149 + 572.945 = 730.094 over 544 frames.
m1_071 sil k w aa p er ih sh ah n ah l aa ng w er s t ae n ih ng ih l iy v iy ey p ih s p y uw d sil 
LOG (lattice-best-path[5.5.1126~1-8c451]:main():lattice-best-path.cc:99) For utterance m1_076, best cost 88.4669 + 373.375 = 461.842 over 355 frames.
m1_076 sil dh iy f ih ng t er z ah f ey m ah s k ah l ch er sil 
LOG (lattice-best-path[5.5.1126~1-8c451]:main():lattice-best-path.cc:99) For utterance m1_081, best cost 129.761 + 408.73 = 538.491 over 397 frames.
m1_081 sil m eh s t er r ey p aa r iy z t ae k s w aa n z ah m ah jh ah n ih sh ah n sil 
LOG (lattice-best-path[5.5.1126~1-8c451]:main():lattice-best-path.cc:99) For utterance m1_086, best cost 157.199 + 586.842 = 744.041 over 555 frames.
m1_086 sil er n t ow t ah n t eh k er ey p er k l ae f r ah m z f r ow l hh ao l ah d ey z sil 
LOG (lattice-best-path[5.5.1126~1-8c451]:main():lattice-best-path.cc:99) For utterance m1_091, best cost 98.6783 + 427.328 = 526.006 over 365 frames.
m1_091 sil y uw jh t ae t s t r iy hh aw n ah p er hh aa l ay 
LOG (lattice-best-path[5.5.1126~1-8c451]:main():lattice-best-path.cc:99) For utterance m1_096, best cost 99.5288 + 397.396 = 496.925 over 359 frames.
m1_096 sil ih s ah v ah n t ah p aa r ch er sh aa k ih k ae s t sil 
LOG (lattice-best-path[5.5.1126~1-8c451]:main():lattice-best-path.cc:99) For utterance m1_101, best cost 86.9108 + 338.074 = 424.984 over 310 frames.
m1_101 sil k aa s p ah s k r uw n er l ae f t ae n sil 
LOG (lattice-best-path[5.5.1126~1-8c451]:main():lattice-best-path.cc:99) For utterance m1_106, best cost 131.157 + 460.363 = 591.52 over 432 frames.
m1_106 sil t r ah s k ae s ih ng ih z f r b ah n ah n s ah jh eh k t uw p eh n ah l iy sil 
LOG (lattice-best-path[5.5.1126~1-8c451]:main():lattice-best-path.cc:99) For utterance m1_111, best cost 102.888 + 345.394 = 448.282 over 358 frames.
m1_111 sil aa r f ih sh ah l ah n t ah l ah jh ah n s ih f er r iy l sil 
LOG (lattice-best-path[5.5.1126~1-8c451]:main():lattice-best-path.cc:99) For utterance m1_116, best cost 88.0241 + 380.254 = 468.278 over 369 frames.
m1_116 sil w iy p l ae n t uw b ih l ah n uw b eh v er sil 
LOG (lattice-best-path[5.5.1126~1-8c451]:main():lattice-best-path.cc:99) For utterance m1_121, best cost 134.748 + 609.497 = 744.245 over 552 frames.
m1_121 sil s ay n t ih f r iy p r r ah s k ah m f r uw d ih v eh l m ah n iy k s sil 
LOG (lattice-best-path[5.5.1126~1-8c451]:main():lattice-best-path.cc:99) For utterance m1_126, best cost 144.792 + 449.756 = 594.548 over 458 frames.
m1_126 sil w ih ch l aa n ao r d ih k ah l w ao z ah p ey k ah n iy v k l er v k ey sh ah n sil 
LOG (lattice-best-path[5.5.1126~1-8c451]:main():lattice-best-path.cc:99) For utterance m1_131, best cost 124.907 + 479.274 = 604.181 over 438 frames.
m1_131 sil k er k ah k s k ih sh ah n ah m ay n jh d ah sh ah n z k r jh ah l sil 
LOG (lattice-best-path[5.5.1126~1-8c451]:main():lattice-best-path.cc:99) For utterance m1_136, best cost 104.198 + 363.875 = 468.072 over 373 frames.
m1_136 sil iy t ow z ih g z ih s t ih n w er k l ay m ah s sil 
LOG (lattice-best-path[5.5.1126~1-8c451]:main():lattice-best-path.cc:99) For utterance m1_141, best cost 103.492 + 429.06 = 532.552 over 385 frames.
m1_141 sil r uw v ih s p l ah n t er ah p eh r ah p r iy z er z sil 
LOG (lattice-best-path[5.5.1126~1-8c451]:main():lattice-best-path.cc:99) For utterance m1_146, best cost 98.8621 + 548.566 = 647.428 over 474 frames.
m1_146 sil hh er w aa b er hh er er m ay ao t ah m l iy s sil 
LOG (lattice-best-path[5.5.1126~1-8c451]:main():lattice-best-path.cc:99) For utterance m1_151, best cost 69.3689 + 358.424 = 427.793 over 332 frames.
m1_151 sil dh iy k ay ae k ah m b ay y uw 
LOG (lattice-best-path[5.5.1126~1-8c451]:main():lattice-best-path.cc:99) For utterance m1_156, best cost 143.869 + 528.528 = 672.397 over 528 frames.
m1_156 sil w eh v er k w aa p er t uw n f ay n ih ng ae n s k ae m iy ow b iy w ao r d sil 
LOG (lattice-best-path[5.5.1126~1-8c451]:main():lattice-best-path.cc:99) For utterance m1_161, best cost 125.05 + 492.036 = 617.087 over 477 frames.
m1_161 sil eh r l iy s iy v ih f y ao r jh f r dh iy s ah n ah l f l er iy z sil 
LOG (lattice-best-path[5.5.1126~1-8c451]:main():lattice-best-path.cc:99) For utterance m1_166, best cost 82.922 + 405.051 = 487.973 over 380 frames.
m1_166 sil dh iy k ae n iy ae l w er m ay iy er z sil 
LOG (lattice-best-path[5.5.1126~1-8c451]:main():lattice-best-path.cc:99) For utterance m1_171, best cost 121.938 + 414.426 = 536.364 over 411 frames.
m1_171 sil ih sh ao r iy eh v er iy f ay l r l iy d ah t uw m ay ao t ah s sil 
LOG (lattice-best-path[5.5.1126~1-8c451]:main():lattice-best-path.cc:99) For utterance m1_176, best cost 61.7422 + 394.275 = 456.018 over 331 frames.
m1_176 sil ey jh oy ah l er d ih sh ah n sil 
LOG (lattice-best-path[5.5.1126~1-8c451]:main():lattice-best-path.cc:99) For utterance m1_181, best cost 153.174 + 500.555 = 653.729 over 502 frames.
m1_181 sil ch ih l d ah n t uw f ao r d ih k s p ow sh er t uw k ah n t ey t ih z d ih z iy z ah z sil 
LOG (lattice-best-path[5.5.1126~1-8c451]:main():lattice-best-path.cc:99) For utterance m1_186, best cost 107.04 + 427.752 = 534.792 over 402 frames.
m1_186 sil iy v ih l ey k ey sh ah n ah l iy ah m ah n d ey b l uw z sil 
LOG (lattice-best-path[5.5.1126~1-8c451]:main():lattice-best-path.cc:99) For utterance m1_191, best cost 108.943 + 442.484 = 551.427 over 418 frames.
m1_191 sil m ay k ow k aa l er dh iy b ah b er w ao l p er aw n z sil 
LOG (lattice-best-path[5.5.1126~1-8c451]:main():lattice-best-path.cc:99) For utterance m1_196, best cost 122.693 + 509.82 = 632.513 over 488 frames.
m1_196 sil dh iy s er m ah n ah f ah s ay z ih n iy f er f er m ah n ae ch ah n sil 
LOG (lattice-best-path[5.5.1126~1-8c451]:main():lattice-best-path.cc:99) For utterance m1_201, best cost 109.476 + 481.085 = 590.56 over 453 frames.
m1_201 sil k ao r iy ah t ae k ah p r aa jh eh k w ih th er m ey sh ah n sil 
LOG (lattice-best-path[5.5.1126~1-8c451]:main():lattice-best-path.cc:99) For utterance m1_206, best cost 130.466 + 415.002 = 545.469 over 414 frames.
m1_206 sil s t ae v er l iy hh ae n d ah l ah s ay k ah l aa jh ih k ah l t r aa m ah 
LOG (lattice-best-path[5.5.1126~1-8c451]:main():lattice-best-path.cc:99) For utterance m1_211, best cost 98.0032 + 435.502 = 533.505 over 398 frames.
m1_211 sil ay er w ey ae n f r iy w ey n iy n s ih ng f ih ng sil 
LOG (lattice-best-path[5.5.1126~1-8c451]:main():lattice-best-path.cc:99) For utterance m1_216, best cost 112.11 + 441.705 = 553.815 over 430 frames.
m1_216 sil z aa ch er w ao z ih n dh iy ae m y ah l ah n s w ey sh ah n z 
LOG (lattice-best-path[5.5.1126~1-8c451]:main():lattice-best-path.cc:99) For utterance m1_221, best cost 89.4858 + 394.347 = 483.833 over 367 frames.
m1_221 sil hh aw n z dh iy s ah b oy ah s k ah l ey t er sil 
LOG (lattice-best-path[5.5.1126~1-8c451]:main():lattice-best-path.cc:99) For utterance m1_226, best cost 103.112 + 403.367 = 506.479 over 388 frames.
m1_226 sil dh iy k ao r jh ih z b er f ah l ey t ah l ow v n ah ch er sil 
LOG (lattice-best-path[5.5.1126~1-8c451]:main():lattice-best-path.cc:99) For utterance m1_236, best cost 101.288 + 358.353 = 459.641 over 355 frames.
m1_236 sil hh aw w oy l iy d iy l ih k ih s eh l ah jh er s ih ng sil 
LOG (lattice-best-path[5.5.1126~1-8c451]:main():lattice-best-path.cc:99) For utterance m1_241, best cost 136.487 + 423.135 = 559.622 over 452 frames.
m1_241 sil dh iy jh aa b r ey t s p ay iy z ih ng ih n t eh k ah n ah s t ih k aa s ah l z 
LOG (lattice-best-path[5.5.1126~1-8c451]:main():lattice-best-path.cc:99) For utterance m1_246, best cost 68.0542 + 474.403 = 542.457 over 395 frames.
m1_246 sil dh iy ih ng r iy b oy n t er aw 
LOG (lattice-best-path[5.5.1126~1-8c451]:main():lattice-best-path.cc:99) For utterance m1_251, best cost 161.766 + 567.281 = 729.047 over 561 frames.
m1_251 sil jh ih f er v er d ih z p er s t iy sh iy k ey sh ah n l iy r iy z ah l s t r iy ch er ah l sil 
LOG (lattice-best-path[5.5.1126~1-8c451]:main():lattice-best-path.cc:99) For utterance m1_256, best cost 131.745 + 484.396 = 616.141 over 461 frames.
m1_256 sil p ay n t p eh r ao r ih z ey sh ah n z p er m ah b er f ih n t r l sil 
LOG (lattice-best-path[5.5.1126~1-8c451]:main():lattice-best-path.cc:99) For utterance m1_261, best cost 133.382 + 458.86 = 592.243 over 450 frames.
m1_261 sil w ih k ah p er v k ah l aa sh ah z er f er y uw s ah l ah n s iy aw t ah l sil 
LOG (lattice-best-path[5.5.1126~1-8c451]:main():lattice-best-path.cc:99) For utterance m1_266, best cost 100.722 + 421.519 = 522.242 over 395 frames.
m1_266 sil sh uh d jh er ae s p iy k ae n s m l z uw z 
LOG (lattice-best-path[5.5.1126~1-8c451]:main():lattice-best-path.cc:99) For utterance m1_271, best cost 82.7973 + 335.218 = 418.015 over 320 frames.
m1_271 sil ah m iy d ih s ch ey n sh ey k aa l iy sil 
LOG (lattice-best-path[5.5.1126~1-8c451]:main():lattice-best-path.cc:99) For utterance m1_276, best cost 94.7713 + 324.307 = 419.079 over 322 frames.
m1_276 sil ch ow z ah n f y uw w ih k aw n jh ah n er l z 
LOG (lattice-best-path[5.5.1126~1-8c451]:main():lattice-best-path.cc:99) For utterance m1_281, best cost 163.531 + 594.467 = 757.998 over 591 frames.
m1_281 sil m ay d ih s ay er z ah s ah m p ah l iy w aa n f ao r d ah v p er r ae f aa n dh iy s ah sil 
LOG (lattice-best-path[5.5.1126~1-8c451]:main():lattice-best-path.cc:99) For utterance m1_286, best cost 104.404 + 356.638 = 461.042 over 359 frames.
m1_286 sil dh ae t aa ch ey s ih s k ae t s m er s ah l ah s l iy sil 
LOG (lattice-best-path[5.5.1126~1-8c451]:main():lattice-best-path.cc:99) For utterance m1_291, best cost 107.071 + 427.644 = 534.715 over 403 frames.
m1_291 sil l eh v er hh ae n d ey t ah b iy ah s uw b ah l p ih f sil 
LOG (lattice-best-path[5.5.1126~1-8c451]:main():lattice-best-path.cc:99) For utterance m1_296, best cost 157.704 + 590.195 = 747.899 over 592 frames.
m1_296 sil ae l r s iy t uw jh oy dh iy p oy n d ah n dh iy b ay l ah jh iy ah n ah n jh ah n ih r iy s sil 
LOG (lattice-best-path[5.5.1126~1-8c451]:main():lattice-best-path.cc:99) For utterance m1_301, best cost 142.733 + 479.924 = 622.657 over 494 frames.
m1_301 sil t aa b p l ey z t aa p er ao r d iy ah n d ih t ih ng ih z b ay k f ih k s sil 
LOG (lattice-best-path[5.5.1126~1-8c451]:main():lattice-best-path.cc:99) For utterance m1_306, best cost 124.766 + 413.423 = 538.189 over 416 frames.
m1_306 sil jh aa r m er k iy l ih g uw n b aa n r aa n f r ah m ay l z sil 
LOG (lattice-best-path[5.5.1126~1-8c451]:main():lattice-best-path.cc:99) For utterance m1_311, best cost 100.772 + 609.376 = 710.148 over 539 frames.
m1_311 sil dh iy f r ah n t r ow p ih ch ah n s ih jh uw b ay er sil 
LOG (lattice-best-path[5.5.1126~1-8c451]:main():lattice-best-path.cc:99) For utterance m1_316, best cost 191.798 + 614.734 = 806.533 over 631 frames.
m1_316 sil dh iy p r iy s k ah l ah k ah n p er b ah l ay s er f y ah l ah n d ah b aa th iy m er jh ah n t iy k ah n d ih sh ah n z sil 
LOG (lattice-best-path[5.5.1126~1-8c451]:main():lattice-best-path.cc:99) For utterance m1_321, best cost 112.337 + 409.62 = 521.956 over 412 frames.
m1_321 sil ah l er w ao z ah p oy n t ah t ae k s ih k y uw hh er w ih l sil 
LOG (lattice-best-path[5.5.1126~1-8c451]:main():lattice-best-path.cc:99) For utterance m1_326, best cost 139.43 + 518.671 = 658.101 over 542 frames.
m1_326 sil dh iy s ih s ah m ey b r iy p aw n s uw n s ah s ey t er f ay l z f r iy sil 
LOG (lattice-best-path[5.5.1126~1-8c451]:main():lattice-best-path.cc:99) For utterance m1_331, best cost 127.405 + 583.615 = 711.021 over 556 frames.
m1_331 sil dh iy g ah m ah n k ae k ao r d ah k ah m p ao r f er f r iy aw er z sil 
LOG (lattice-best-path[5.5.1126~1-8c451]:main():lattice-best-path.cc:99) For utterance m1_336, best cost 139.303 + 475.823 = 615.125 over 475 frames.
m1_336 sil dh ae n oy z p r aa g ow z d r ow z m ao r n oy ih ng iy jh d ey 
LOG (lattice-best-path[5.5.1126~1-8c451]:main():lattice-best-path.cc:99) For utterance m1_341, best cost 117.982 + 482.433 = 600.415 over 455 frames.
m1_341 sil w ih n ah m ey n eh v er k ah m k ah m p l iy t iy t ah m ah n sil 
LOG (lattice-best-path[5.5.1126~1-8c451]:main():lattice-best-path.cc:99) For utterance m1_346, best cost 93.4392 + 346.473 = 439.912 over 346 frames.
m1_346 sil w iy w uh k ah m ah n iy n z d ah n s iy ch iy er sil 
LOG (lattice-best-path[5.5.1126~1-8c451]:main():lattice-best-path.cc:99) For utterance m1_351, best cost 103.201 + 390.623 = 493.824 over 372 frames.
m1_351 sil w ih jh ch er jh d uw dh iy s m ih s w er sh ah p ah n sil 
LOG (lattice-best-path[5.5.1126~1-8c451]:main():lattice-best-path.cc:99) For utterance m1_356, best cost 87.8178 + 346.43 = 434.248 over 338 frames.
m1_356 sil ey ao l ay k ah l ao ng hh aa ch sh aw er z sil 
LOG (lattice-best-path[5.5.1126~1-8c451]:main():lattice-best-path.cc:99) For utterance m1_361, best cost 111.863 + 383.353 = 495.216 over 383 frames.
m1_361 sil t ih n t ey z sh iy l ih k ah s y uw v iy s w oy s ah b iy sil 
LOG (lattice-best-path[5.5.1126~1-8c451]:main():lattice-best-path.cc:99) For utterance m1_366, best cost 132.748 + 435.73 = 568.478 over 444 frames.
m1_366 sil hh er w ao r jh er ah n s ih s ah v ah l l iy s k er t ah m b aa t s ah z sil 
LOG (lattice-best-path[5.5.1126~1-8c451]:main():lattice-best-path.cc:99) For utterance m1_371, best cost 117.563 + 420.616 = 538.179 over 409 frames.
m1_371 sil r ay dh iy s ah g w ey b ae k ae f ah n t ah n ah v ch ey n sh 
LOG (lattice-best-path[5.5.1126~1-8c451]:main():lattice-best-path.cc:99) For utterance m1_376, best cost 96.5642 + 454.998 = 551.563 over 432 frames.
m1_376 sil uw dh iy g aa r b ih n er l aa r jh ah n d ow sil 
LOG (lattice-best-path[5.5.1126~1-8c451]:main():lattice-best-path.cc:99) For utterance m1_381, best cost 149.322 + 500.827 = 650.149 over 508 frames.
m1_381 sil n t uw f ah n ih sh k r iy s ih ng er ch ey n b iy sh er t uw w ao sh s er l iy sil 
LOG (lattice-best-path[5.5.1126~1-8c451]:main():lattice-best-path.cc:99) For utterance m1_386, best cost 128.762 + 496.597 = 625.359 over 461 frames.
m1_386 sil ah k r ae k aw n jh m iy b ah k w ih k s t ae ng k w ih sh ae m sil 
LOG (lattice-best-path[5.5.1126~1-8c451]:main():lattice-best-path.cc:99) For utterance m1_391, best cost 109.851 + 410.478 = 520.328 over 386 frames.
m1_391 sil iy ch t ae d sh er l iy f ay n z ah b ih g f aa n sil 
LOG (lattice-best-path[5.5.1126~1-8c451]:main():lattice-best-path.cc:99) For utterance m1_396, best cost 164.546 + 518.797 = 683.343 over 528 frames.
m1_396 sil dh iy ae v er t ay z ih ng f er s ah v ah m ih f er ay t iy s t ao r n ah v er ch ey n jh ah z sil 
LOG (lattice-best-path[5.5.1126~1-8c451]:main():lattice-best-path.cc:99) For utterance m1_401, best cost 130.373 + 448.171 = 578.544 over 462 frames.
m1_401 sil k aa m ah th ih ng s ah l aa r jh er k l ae m p s ao l t uw p r ao ng sil 
LOG (lattice-best-path[5.5.1126~1-8c451]:main():lattice-best-path.cc:99) For utterance m1_406, best cost 149.128 + 655.645 = 804.773 over 617 frames.
m1_406 sil ow n f ao r s t w ih n er l iy g ow v er w ao ng b ay b ae ch ow n z iy z sil 
LOG (lattice-best-path[5.5.1126~1-8c451]:main():lattice-best-path.cc:99) For utterance m1_411, best cost 121.701 + 388.112 = 509.813 over 395 frames.
m1_411 sil dh ow z m iy z ih sh ah n z hh aa r m ay z m aa r f l ah s l iy sil 
LOG (lattice-best-path[5.5.1126~1-8c451]:main():lattice-best-path.cc:99) For utterance m1_416, best cost 82.2485 + 459.27 = 541.519 over 408 frames.
m1_416 sil ae p aa p ih s k aa r ah hh ae n d ih 
LOG (lattice-best-path[5.5.1126~1-8c451]:main():lattice-best-path.cc:99) For utterance m1_421, best cost 100.366 + 371.939 = 472.305 over 363 frames.
m1_421 sil ih z b ae n ah k aa s t ih n t er k w eh k ow s ah l sil 
LOG (lattice-best-path[5.5.1126~1-8c451]:main():lattice-best-path.cc:99) For utterance m1_426, best cost 123.731 + 531.659 = 655.39 over 507 frames.
m1_426 sil dh iy z ih g ow ah n z w ao l ah jh ah s r l ae k s t er ah w ey jh sil 
LOG (lattice-best-path[5.5.1126~1-8c451]:main():lattice-best-path.cc:99) For utterance m1_431, best cost 134.961 + 484.817 = 619.778 over 467 frames.
m1_431 sil aa m p r ao f ah t ao r ih n ah z ey sh ah n z f r iy ah r ih z er z sil 
LOG (lattice-best-path[5.5.1126~1-8c451]:main():lattice-best-path.cc:99) For utterance m1_436, best cost 132.639 + 512.033 = 644.672 over 482 frames.
m1_436 sil b er er t ey t f r iy k ah n dh iy ah k er z aa n f ay s k ih v ih ng sil 
LOG (lattice-best-path[5.5.1126~1-8c451]:main():lattice-best-path.cc:99) For utterance m1_441, best cost 98.1348 + 372.43 = 470.565 over 358 frames.
m1_441 sil r aa r ah l m y uw z ih k ae z ih g r iy r dh iy m sil 
LOG (lattice-best-path[5.5.1126~1-8c451]:main():lattice-best-path.cc:99) For utterance m1_446, best cost 103.48 + 436.878 = 540.357 over 412 frames.
m1_446 sil dh iy s p iy ch ah m p ow z iy m ay t ih n ah m ah n d ey 
LOG (lattice-best-path[5.5.1126~1-8c451]:main():lattice-best-path.cc:99) For utterance m1_451, best cost 140.998 + 540.939 = 681.937 over 513 frames.
m1_451 sil er n k ae n k ah n s uw m ah n iy f r uw r ah l ah s ah m ow n s ah d ih ng sil 
LOG (lattice-best-path[5.5.1126~1-8c451]:main():lattice-best-path.cc:99) For utterance m1_456, best cost 131.018 + 575.834 = 706.851 over 518 frames.
m1_456 sil ah m ao th ih z ih g ae b ah l aa n ah p ae f r aa t ow z k aa r n sil 
LOG (lattice-best-path[5.5.1126~1-8c451]:main():lattice-best-path.cc:99) For utterance m3_001, best cost 65.5694 + 195.935 = 261.504 over 246 frames.
m3_001 sil ih s ah z iy z iy f ao r ah s sil 
LOG (lattice-best-path[5.5.1126~1-8c451]:main():lattice-best-path.cc:99) For utterance m3_006, best cost 96.9769 + 278.083 = 375.059 over 352 frames.
m3_006 sil w ay d ae l ah r iy ow v er s ah l iy ae t ah m z sil 
LOG (lattice-best-path[5.5.1126~1-8c451]:main():lattice-best-path.cc:99) For utterance m3_011, best cost 76.2887 + 248.858 = 325.147 over 299 frames.
m3_011 sil s ah n y aa r m ah t ay z iy k ae n sil 
LOG (lattice-best-path[5.5.1126~1-8c451]:main():lattice-best-path.cc:99) For utterance m3_016, best cost 98.2172 + 315.391 = 413.608 over 351 frames.
m3_016 sil ae l ah m ow n iy hh aw er m ao r t ae n t w ao l sil 
LOG (lattice-best-path[5.5.1126~1-8c451]:main():lattice-best-path.cc:99) For utterance m3_021, best cost 66.6661 + 265.673 = 332.339 over 291 frames.
m3_021 sil ah l iy l ay er z l ah n er z sil 
LOG (lattice-best-path[5.5.1126~1-8c451]:main():lattice-best-path.cc:99) For utterance m3_026, best cost 84.2113 + 235.241 = 319.452 over 293 frames.
m3_026 sil dh ow t uw t r l iy z t er iy d ih sh ah z sil 
LOG (lattice-best-path[5.5.1126~1-8c451]:main():lattice-best-path.cc:99) For utterance m3_031, best cost 86.8367 + 380.72 = 467.557 over 401 frames.
m3_031 sil aa r ah l b r iy s l w ao z g r eh t sil 
LOG (lattice-best-path[5.5.1126~1-8c451]:main():lattice-best-path.cc:99) For utterance m3_036, best cost 106.677 + 272.742 = 379.419 over 346 frames.
m3_036 sil ae s k ah b aa p ah n b iy n ah t ih n ih ng s t ao r t sil 
LOG (lattice-best-path[5.5.1126~1-8c451]:main():lattice-best-path.cc:99) For utterance m3_041, best cost 88.7904 + 319.214 = 408.004 over 348 frames.
m3_041 sil eh m ih k s t ah s t ih k t aa k aa m ao r sil 
LOG (lattice-best-path[5.5.1126~1-8c451]:main():lattice-best-path.cc:99) For utterance m3_046, best cost 94.1926 + 301.4 = 395.593 over 358 frames.
m3_046 sil dh iy p r ao l r ah s t iy m ae s k s k ay s sil 
LOG (lattice-best-path[5.5.1126~1-8c451]:main():lattice-best-path.cc:99) For utterance m3_051, best cost 117.725 + 325.155 = 442.881 over 388 frames.
m3_051 sil eh n iy k ah n t ah b ih sh ah n d ah b ih g r l iy p er s ey t ah d sil 
LOG (lattice-best-path[5.5.1126~1-8c451]:main():lattice-best-path.cc:99) For utterance m3_056, best cost 118.27 + 340.231 = 458.501 over 421 frames.
m3_056 sil l ae s t er z g ae sh er d s k ah s t iy p r ay s ih s ah z sil 
LOG (lattice-best-path[5.5.1126~1-8c451]:main():lattice-best-path.cc:99) For utterance m3_061, best cost 112.837 + 279.703 = 392.539 over 352 frames.
m3_061 sil k l ih s t ih s p l iy w ih z ah s p l ey s t ah s k r iy n sil 
LOG (lattice-best-path[5.5.1126~1-8c451]:main():lattice-best-path.cc:99) For utterance m3_066, best cost 87.0131 + 260.417 = 347.43 over 318 frames.
m3_066 sil dh ae k t ih s p er s k r ae t uw f r iy l iy sil 
LOG (lattice-best-path[5.5.1126~1-8c451]:main():lattice-best-path.cc:99) For utterance m3_071, best cost 130.461 + 377.631 = 508.092 over 439 frames.
m3_071 sil k w aa p r ey sh ah l ao ng z ah n er s t ae n ih ng ah l iy p y uw t sil 
LOG (lattice-best-path[5.5.1126~1-8c451]:main():lattice-best-path.cc:99) For utterance m3_076, best cost 54.8503 + 304.776 = 359.626 over 319 frames.
m3_076 sil er z ah f ey m er sil 
LOG (lattice-best-path[5.5.1126~1-8c451]:main():lattice-best-path.cc:99) For utterance m3_081, best cost 112.792 + 328.752 = 441.544 over 363 frames.
m3_081 sil m ae s t r ey p aa r iy z t ae k s aa m ay m ey sh ah sil 
LOG (lattice-best-path[5.5.1126~1-8c451]:main():lattice-best-path.cc:99) For utterance m3_086, best cost 128.495 + 461.112 = 589.607 over 522 frames.
m3_086 sil ih n er ah n t ow t ah n d eh k r ey t ih k aa sh ah n t r ao l d ey z sil 
LOG (lattice-best-path[5.5.1126~1-8c451]:main():lattice-best-path.cc:99) For utterance m3_091, best cost 90.6798 + 258.824 = 349.504 over 320 frames.
m3_091 sil y uw t ae p ah s t r iy hh aa n er ao l ay sil 
LOG (lattice-best-path[5.5.1126~1-8c451]:main():lattice-best-path.cc:99) For utterance m3_096, best cost 89.793 + 307.322 = 397.115 over 365 frames.
m3_096 sil ih s ah n d ah p aa r t er s aa k ah k ae s t sil 
LOG (lattice-best-path[5.5.1126~1-8c451]:main():lattice-best-path.cc:99) For utterance m3_101, best cost 70.626 + 285.742 = 356.368 over 307 frames.
m3_101 sil k l ae f r uw n ao f t ae n d sil 
LOG (lattice-best-path[5.5.1126~1-8c451]:main():lattice-best-path.cc:99) For utterance m3_106, best cost 88.2905 + 322.434 = 410.725 over 374 frames.
m3_106 sil ah s t ae s ih ng ih s er b ah n s ah b iy sil 
LOG (lattice-best-path[5.5.1126~1-8c451]:main():lattice-best-path.cc:99) For utterance m3_111, best cost 95.9695 + 254.106 = 350.076 over 322 frames.
m3_111 sil ah th ih sh ah l ah n t eh l ah jh ah n s ah s er iy l sil 
LOG (lattice-best-path[5.5.1126~1-8c451]:main():lattice-best-path.cc:99) For utterance m3_116, best cost 83.2788 + 336.028 = 419.307 over 363 frames.
m3_116 sil dh iy p ae n ah d ih l d ah n uw b eh v er sil 
LOG (lattice-best-path[5.5.1126~1-8c451]:main():lattice-best-path.cc:99) For utterance m3_121, best cost 106.004 + 463.736 = 569.739 over 502 frames.
m3_121 sil s ay n t uw dh iy p r aa r eh s k aa n t uw v ah l ah s sil 
LOG (lattice-best-path[5.5.1126~1-8c451]:main():lattice-best-path.cc:99) For utterance m3_126, best cost 120.868 + 365.211 = 486.079 over 422 frames.
m3_126 sil w ih t s ao t ih k ah l ah p ey k ah n ih g l er f ah k ey sh ah n sil 
LOG (lattice-best-path[5.5.1126~1-8c451]:main():lattice-best-path.cc:99) For utterance m3_131, best cost 114.879 + 336.553 = 451.432 over 412 frames.
m3_131 sil k r eh k y uw s n ah m ay n s t r eh sh ah n z t er z ah l sil 
LOG (lattice-best-path[5.5.1126~1-8c451]:main():lattice-best-path.cc:99) For utterance m3_136, best cost 84.7458 + 347.228 = 431.974 over 360 frames.
m3_136 sil dh iy s t iy d ih z ah s t uw w ao r aa n ah s sil 
LOG (lattice-best-path[5.5.1126~1-8c451]:main():lattice-best-path.cc:99) For utterance m3_141, best cost 68.4435 + 315.097 = 383.54 over 354 frames.
m3_141 sil uw d ih s p ah n er iy z er z sil 
LOG (lattice-best-path[5.5.1126~1-8c451]:main():lattice-best-path.cc:99) For utterance m3_146, best cost 72.151 + 472.042 = 544.193 over 495 frames.
m3_146 sil r aa r n er m ay ao l iy z 
LOG (lattice-best-path[5.5.1126~1-8c451]:main():lattice-best-path.cc:99) For utterance m3_151, best cost 51.5953 + 302.1 = 353.696 over 315 frames.
m3_151 sil dh iy k ae b ay t uw sil 
LOG (lattice-best-path[5.5.1126~1-8c451]:main():lattice-best-path.cc:99) For utterance m3_156, best cost 151.008 + 451.878 = 602.886 over 522 frames.
m3_156 sil w eh v er k w aa p r ey t s ah n p ay n iy n ae n s k ae m ow l b iy w ao r d sil 
LOG (lattice-best-path[5.5.1126~1-8c451]:main():lattice-best-path.cc:99) For utterance m3_161, best cost 106.968 + 383.549 = 490.517 over 430 frames.
m3_161 sil er l iy s iy f y uw ao r jh t uw dh iy s m ow th er z sil 
LOG (lattice-best-path[5.5.1126~1-8c451]:main():lattice-best-path.cc:99) For utterance m3_166, best cost 87.3458 + 312.745 = 400.091 over 359 frames.
m3_166 sil dh iy k ae n aw z hh er jh m ay iy er z sil 
LOG (lattice-best-path[5.5.1126~1-8c451]:main():lattice-best-path.cc:99) For utterance m3_171, best cost 106.369 + 310.791 = 417.16 over 354 frames.
m3_171 sil d ih s t r ay ah v er iy f ay l er d ih m ay ao t s sil 
LOG (lattice-best-path[5.5.1126~1-8c451]:main():lattice-best-path.cc:99) For utterance m3_176, best cost 65.3352 + 239.992 = 305.327 over 265 frames.
m3_176 sil ey n jh oy b ay ae b ih sh ah n sil 
LOG (lattice-best-path[5.5.1126~1-8c451]:main():lattice-best-path.cc:99) For utterance m3_181, best cost 116.636 + 420.453 = 537.089 over 455 frames.
m3_181 sil iy aa n t eh l d ah n t uw oy d ih k s p l ah s t iy z ah z sil 
LOG (lattice-best-path[5.5.1126~1-8c451]:main():lattice-best-path.cc:99) For utterance m3_186, best cost 96.0283 + 342.082 = 438.11 over 351 frames.
m3_186 sil iy n ay k ey t ah l iy p ah m ah n ih b l uw z sil 
LOG (lattice-best-path[5.5.1126~1-8c451]:main():lattice-best-path.cc:99) For utterance m3_191, best cost 82.6443 + 396.647 = 479.291 over 445 frames.
m3_191 sil m ay k ah k aa r ah m ao l s k r ah n z sil 
LOG (lattice-best-path[5.5.1126~1-8c451]:main():lattice-best-path.cc:99) For utterance m3_196, best cost 121.462 + 353.701 = 475.163 over 432 frames.
m3_196 sil dh iy s er m ah n t ah s ay s ih n iy d f er f er d ae k sh ah n sil 
LOG (lattice-best-path[5.5.1126~1-8c451]:main():lattice-best-path.cc:99) For utterance m3_201, best cost 125.527 + 339.132 = 464.659 over 404 frames.
m3_201 sil k ao r ey t ae k ah p r aa jh eh k ah z eh k s t uw t er m ey sh ah n sil 
LOG (lattice-best-path[5.5.1126~1-8c451]:main():lattice-best-path.cc:99) For utterance m3_206, best cost 81.2551 + 362.662 = 443.917 over 387 frames.
m3_206 sil s t ae f ae n ah dh iy s ay k ah l aa t sil 
LOG (lattice-best-path[5.5.1126~1-8c451]:main():lattice-best-path.cc:99) For utterance m3_211, best cost 87.0628 + 294.372 = 381.435 over 317 frames.
m3_211 sil ay l iy ah n f r iy w ey m ah n s ey n z ih ng sil 
LOG (lattice-best-path[5.5.1126~1-8c451]:main():lattice-best-path.cc:99) For utterance m3_216, best cost 73.5533 + 336.249 = 409.803 over 367 frames.
m3_216 sil ah t aa n dh ae n aa p ey sh ah n sil 
LOG (lattice-best-path[5.5.1126~1-8c451]:main():lattice-best-path.cc:99) For utterance m3_221, best cost 91.6458 + 318.375 = 410.02 over 334 frames.
m3_221 sil hh ow ey t ih n ih z ah s ah b ay s k ah l ey t er sil 
LOG (lattice-best-path[5.5.1126~1-8c451]:main():lattice-best-path.cc:99) For utterance m3_226, best cost 103.024 + 289.851 = 392.875 over 349 frames.
m3_226 sil dh iy b ao r ih z b aa r f l ay ey t ah l aa n ah t er sil 
LOG (lattice-best-path[5.5.1126~1-8c451]:main():lattice-best-path.cc:99) For utterance m3_231, best cost 89.25 + 242.086 = 331.336 over 286 frames.
m3_231 sil w ao r ow k ah n eh v er iy m ah n d ih m ao r ih ng sil 
LOG (lattice-best-path[5.5.1126~1-8c451]:main():lattice-best-path.cc:99) For utterance m3_236, best cost 88.7494 + 315.004 = 403.753 over 339 frames.
m3_236 sil hh aw w oy l iy b iy l ey t er s eh l ih ng sil 
LOG (lattice-best-path[5.5.1126~1-8c451]:main():lattice-best-path.cc:99) For utterance m3_241, best cost 106.409 + 328.097 = 434.505 over 386 frames.
m3_241 sil ao r iy p iy z ih ng ih n t ih k ah n ih s ih k aa s ah l z sil 
LOG (lattice-best-path[5.5.1126~1-8c451]:main():lattice-best-path.cc:99) For utterance m3_246, best cost 75.6203 + 352.845 = 428.466 over 382 frames.
m3_246 sil w ay ae n ch er d ih m ah k aw t sil 
LOG (lattice-best-path[5.5.1126~1-8c451]:main():lattice-best-path.cc:99) For utterance m3_251, best cost 133.151 + 440.524 = 573.674 over 519 frames.
m3_251 sil dh iy f er s p ah s t iy sh iy p ey z ah l iy r iy z w ao s t uw jh er ah l sil 
LOG (lattice-best-path[5.5.1126~1-8c451]:main():lattice-best-path.cc:99) For utterance m3_256, best cost 109.017 + 424.413 = 533.43 over 462 frames.
m3_256 sil n hh ae t er ih z ey sh ah n z p r ah b er th er l sil 
LOG (lattice-best-path[5.5.1126~1-8c451]:main():lattice-best-path.cc:99) For utterance m3_261, best cost 126.883 + 325.229 = 452.112 over 393 frames.
m3_261 sil w ah dh iy p er s p ah l aa s ih z er f er y uw s ow n s iy aa l sil 
LOG (lattice-best-path[5.5.1126~1-8c451]:main():lattice-best-path.cc:99) For utterance m3_266, best cost 75.0686 + 309.003 = 384.071 over 340 frames.
m3_266 sil sh ah jh er ae s t iy k ae z uw z sil 
LOG (lattice-best-path[5.5.1126~1-8c451]:main():lattice-best-path.cc:99) For utterance m3_271, best cost 86.2888 + 269.822 = 356.111 over 302 frames.
m3_271 sil ah m iy d ih s ch ey n sh ey k aa l iy sil 
LOG (lattice-best-path[5.5.1126~1-8c451]:main():lattice-best-path.cc:99) For utterance m3_276, best cost 105.49 + 283.305 = 388.795 over 319 frames.
m3_276 sil ah th y uw ch ow z ah n t iy ow l iy k aw n d aw er l z sil 
LOG (lattice-best-path[5.5.1126~1-8c451]:main():lattice-best-path.cc:99) For utterance m3_281, best cost 137 + 476.674 = 613.674 over 543 frames.
m3_281 sil m ay d ih z ae t ah s ah p ah l iy m iy w aa n f ao r m ah p eh r ae k sil 
LOG (lattice-best-path[5.5.1126~1-8c451]:main():lattice-best-path.cc:99) For utterance m3_286, best cost 86.3808 + 282.033 = 368.413 over 327 frames.
m3_286 sil eh jh aa ch ih s k ae m er s ah l s l iy sil 
LOG (lattice-best-path[5.5.1126~1-8c451]:main():lattice-best-path.cc:99) For utterance m3_291, best cost 48.9354 + 358.802 = 407.737 over 364 frames.
m3_291 sil ah dh ae n d ae t sil 
LOG (lattice-best-path[5.5.1126~1-8c451]:main():lattice-best-path.cc:99) For utterance m3_296, best cost 108.413 + 560.62 = 669.033 over 584 frames.
m3_296 sil hh aw er s iy d ah p oy m ah n aa l d iy ah n ah n z sil 
LOG (lattice-best-path[5.5.1126~1-8c451]:main():lattice-best-path.cc:99) For utterance m3_301, best cost 113.297 + 400.958 = 514.255 over 443 frames.
m3_301 sil p aa p oy z t aa p er t iy ae n d ah n ih z b ay t s t sil 
LOG (lattice-best-path[5.5.1126~1-8c451]:main():lattice-best-path.cc:99) For utterance m3_306, best cost 82.2752 + 412.679 = 494.954 over 414 frames.
m3_306 sil dh iy b aa r uw w ao r aw n er m ah l z sil 
LOG (lattice-best-path[5.5.1126~1-8c451]:main():lattice-best-path.cc:99) For utterance m3_311, best cost 115.817 + 405.055 = 520.872 over 473 frames.
m3_311 sil n ch ay l ah jh ah n ay s ah n jh uw b ay z b ih g r l er sil 
LOG (lattice-best-path[5.5.1126~1-8c451]:main():lattice-best-path.cc:99) For utterance m3_316, best cost 159.58 + 462.427 = 622.007 over 569 frames.
m3_316 sil dh iy p r iy s k ah l er k ah m p er w ay s er f iy l ih n z aa p iy m er n d ih sh ah n z sil 
LOG (lattice-best-path[5.5.1126~1-8c451]:main():lattice-best-path.cc:99) For utterance m3_321, best cost 102.402 + 289.189 = 391.591 over 357 frames.
m3_321 sil ah l er w ao z ah p ay n s eh k s ih k y uw t er w eh l sil 
LOG (lattice-best-path[5.5.1126~1-8c451]:main():lattice-best-path.cc:99) For utterance m3_326, best cost 124.188 + 400.064 = 524.252 over 464 frames.
m3_326 sil dh iy s ih s ah m ey b r ih g aa n s ah n s ah s ey t er f ay l th iy sil 
LOG (lattice-best-path[5.5.1126~1-8c451]:main():lattice-best-path.cc:99) For utterance m3_331, best cost 114.452 + 422.048 = 536.5 over 472 frames.
m3_331 sil dh iy g ah m ey k ah t ih z ih k ao r ih k ah m p aa r iy aw er z sil 
LOG (lattice-best-path[5.5.1126~1-8c451]:main():lattice-best-path.cc:99) For utterance m3_336, best cost 108.635 + 330.949 = 439.584 over 372 frames.
m3_336 sil ah n oy z p aa r ow z m ao r n oy n iy ch d ey sil 
LOG (lattice-best-path[5.5.1126~1-8c451]:main():lattice-best-path.cc:99) For utterance m3_341, best cost 115.562 + 336.812 = 452.374 over 384 frames.
m3_341 sil dh iy m ah n eh v er b iy k ah m k ah m p ey t iy k w ih m ah n sil 
LOG (lattice-best-path[5.5.1126~1-8c451]:main():lattice-best-path.cc:99) For utterance m3_346, best cost 81.7075 + 315.538 = 397.246 over 371 frames.
m3_346 sil w aa k ah m ah n ah s t ah n t iy ch iy er sil 
LOG (lattice-best-path[5.5.1126~1-8c451]:main():lattice-best-path.cc:99) For utterance m3_351, best cost 86.2599 + 336.48 = 422.74 over 412 frames.
m3_351 sil w ih ch ch er jh d ih s m ah s er ah n 
LOG (lattice-best-path[5.5.1126~1-8c451]:main():lattice-best-path.cc:99) For utterance m3_356, best cost 78.6739 + 253.865 = 332.539 over 307 frames.
m3_356 sil dh ae l ay k l ao ng hh aa ch aw er z sil 
LOG (lattice-best-path[5.5.1126~1-8c451]:main():lattice-best-path.cc:99) For utterance m3_361, best cost 112.536 + 308.302 = 420.838 over 368 frames.
m3_361 sil k ae n t ih k sh iy l ah d ih s iy m uw v iy s t ay s ah l iy sil 
LOG (lattice-best-path[5.5.1126~1-8c451]:main():lattice-best-path.cc:99) For utterance m3_366, best cost 111.457 + 312.626 = 424.083 over 393 frames.
m3_366 sil ao r d er k ah n s ih s t ah l ih s k er k s ah b aa s ah z 
LOG (lattice-best-path[5.5.1126~1-8c451]:main():lattice-best-path.cc:99) For utterance m3_371, best cost 110.838 + 330.203 = 441.041 over 389 frames.
m3_371 sil ay d r ay dh iy s ah v w ey b ah hh aw n ah n ah ch ey n jh sil 
LOG (lattice-best-path[5.5.1126~1-8c451]:main():lattice-best-path.cc:99) For utterance m3_376, best cost 57.4888 + 341.588 = 399.076 over 338 frames.
m3_376 sil aa r er z ah l aa r t sil 
LOG (lattice-best-path[5.5.1126~1-8c451]:main():lattice-best-path.cc:99) For utterance m3_381, best cost 110.928 + 372.495 = 483.423 over 453 frames.
m3_381 sil w ih z g r iy s ih ng er ch ey n ih sh er w aa s p er l iy sil 
LOG (lattice-best-path[5.5.1126~1-8c451]:main():lattice-best-path.cc:99) For utterance m3_386, best cost 92.8665 + 377.549 = 470.415 over 425 frames.
m3_386 sil ah k r ae b aa n z m ih ng ih k s t ae n 
LOG (lattice-best-path[5.5.1126~1-8c451]:main():lattice-best-path.cc:99) For utterance m3_391, best cost 93.1898 + 257.977 = 351.167 over 314 frames.
m3_391 sil iy t s t ae sh eh l iy f ay n t uw b ih ng f ao ng sil 
LOG (lattice-best-path[5.5.1126~1-8c451]:main():lattice-best-path.cc:99) For utterance m3_396, best cost 138.569 + 394.131 = 532.7 over 482 frames.
m3_396 sil dh iy ae ng p er s ah p l ah n dh iy f er ay t iy s ao r n eh v er ch ey n t ih z sil 
LOG (lattice-best-path[5.5.1126~1-8c451]:main():lattice-best-path.cc:99) For utterance m3_401, best cost 101.427 + 337.732 = 439.16 over 378 frames.
m3_401 sil t ah m ah s ih ng s ah l aa r jh ih k l ae sh ao r aa t sil 
LOG (lattice-best-path[5.5.1126~1-8c451]:main():lattice-best-path.cc:99) For utterance m3_406, best cost 144.995 + 425.435 = 570.43 over 493 frames.
m3_406 sil dh iy f ih k aw n f ao r ah s ih z eh r l iy ow v er w ao l ow ch aa n d ih z iy z sil 
LOG (lattice-best-path[5.5.1126~1-8c451]:main():lattice-best-path.cc:99) For utterance m3_411, best cost 91.7684 + 309.271 = 401.039 over 345 frames.
m3_411 sil ih z iy z ih sh ah n z hh aa m ay z m aa r sil 
LOG (lattice-best-path[5.5.1126~1-8c451]:main():lattice-best-path.cc:99) For utterance m3_416, best cost 78.0107 + 303.424 = 381.434 over 322 frames.
m3_416 sil p aa k er w ao z k aa r eh n ae n t sil 
LOG (lattice-best-path[5.5.1126~1-8c451]:main():lattice-best-path.cc:99) For utterance m3_421, best cost 95.1137 + 247.751 = 342.865 over 309 frames.
m3_421 sil ih s t ae k aa s t ah n z ah k w ay k ah l er f ao l sil 
LOG (lattice-best-path[5.5.1126~1-8c451]:main():lattice-best-path.cc:99) For utterance m3_426, best cost 122.373 + 382.74 = 505.114 over 420 frames.
m3_426 sil iy s ih g ow n s ao d ih s ih l ae k s t er ah b ah b oy ih jh sil 
LOG (lattice-best-path[5.5.1126~1-8c451]:main():lattice-best-path.cc:99) For utterance m3_431, best cost 124.795 + 344.472 = 469.267 over 422 frames.
m3_431 sil n ah m p r aa t er ih z ey sh ah n s ah f r iy k ah n f ah n er z er z sil 
LOG (lattice-best-path[5.5.1126~1-8c451]:main():lattice-best-path.cc:99) For utterance m3_436, best cost 122.031 + 316.999 = 439.03 over 390 frames.
m3_436 sil hh er z b er dh ey f r iy k ah m ey p er z ah m b ah n s k ah n ih ng sil 
LOG (lattice-best-path[5.5.1126~1-8c451]:main():lattice-best-path.cc:99) For utterance m3_441, best cost 100.767 + 324.792 = 425.559 over 381 frames.
m3_441 sil r aa k ah m ow n iy z ih k ae g r iy g r eh t ah m sil 
LOG (lattice-best-path[5.5.1126~1-8c451]:main():lattice-best-path.cc:99) For utterance m3_446, best cost 99.1066 + 327.387 = 426.494 over 355 frames.
m3_446 sil dh iy s t iy t s ah b ow z iy m ay d ih g ae n ah n t sil 
LOG (lattice-scale[5.5.1126~1-8c451]:main():lattice-scale.cc:107) Done 363 lattices.
LOG (lattice-add-penalty[5.5.1126~1-8c451]:main():lattice-add-penalty.cc:62) Done adding word insertion penalty to 363 lattices.
LOG (lattice-best-path[5.5.1126~1-8c451]:main():lattice-best-path.cc:99) For utterance m3_451, best cost 134.548 + 382.16 = 516.708 over 472 frames.
m3_451 sil ch er k ih ng ih n s uw m ah n iy f er g r ah l ah t s ah m ah n s ah d ih ng sil 
LOG (lattice-best-path[5.5.1126~1-8c451]:main():lattice-best-path.cc:99) For utterance m3_456, best cost 115.779 + 362.868 = 478.647 over 429 frames.
m3_456 sil ah m ao s ih g ae g ah l ao ng dh iy k ae f er aw s p aa r ah n sil 
LOG (lattice-best-path[5.5.1126~1-8c451]:main():lattice-best-path.cc:124) Overall cost per frame is 1.22767 = 0.236306 [graph] + 0.99136 [acoustic] over 144532 frames.
LOG (lattice-best-path[5.5.1126~1-8c451]:main():lattice-best-path.cc:128) Done 363 lattices, failed for 0
# Accounting: time=3 threads=1
# Ended (code 0) at Mon Apr 29 13:55:39 EEST 2024, elapsed time 3 seconds
