# lattice-scale --inv-acoustic-scale=2 "ark:gunzip -c ./exp/tri_bg/decode_dnn/lat.*.gz|" ark:- | lattice-add-penalty --word-ins-penalty=0.0 ark:- ark:- | lattice-best-path --word-symbol-table=./exp/tri_bg/graph/words.txt ark:- ark,t:- | utils/int2sym.pl -f 2- ./exp/tri_bg/graph/words.txt | cat > ./exp/tri_bg/decode_dnn/scoring_kaldi/penalty_0.0/2.txt 
# Started at Mon Apr 29 13:55:26 EEST 2024
#
lattice-scale --inv-acoustic-scale=2 'ark:gunzip -c ./exp/tri_bg/decode_dnn/lat.*.gz|' ark:- 
lattice-add-penalty --word-ins-penalty=0.0 ark:- ark:- 
lattice-best-path --word-symbol-table=./exp/tri_bg/graph/words.txt ark:- ark,t:- 
LOG (lattice-best-path[5.5.1126~1-8c451]:main():lattice-best-path.cc:99) For utterance f1_001, best cost 75.2636 + 1164.32 = 1239.58 over 237 frames.
f1_001 sil sil dh ih s w ih z iy s iy f er aw t s sil 
LOG (lattice-best-path[5.5.1126~1-8c451]:main():lattice-best-path.cc:99) For utterance f1_006, best cost 101.422 + 1474.7 = 1576.13 over 338 frames.
f1_006 sil w ay ey eh l aa r w ao r iy ow v er s ah l iy ay d ah m z sil 
LOG (lattice-best-path[5.5.1126~1-8c451]:main():lattice-best-path.cc:99) For utterance f1_011, best cost 81.8809 + 1537.13 = 1619.01 over 306 frames.
f1_011 sil s w iy aa r ah m ih z hh ay ey z iy k aw n sil 
LOG (lattice-best-path[5.5.1126~1-8c451]:main():lattice-best-path.cc:99) For utterance f1_016, best cost 128.691 + 1488.04 = 1616.73 over 336 frames.
f1_016 sil ae l ah m ao r n iy hh aa r ae m z ih n d ih f ao r s k n ae n s w eh l sil 
LOG (lattice-best-path[5.5.1126~1-8c451]:main():lattice-best-path.cc:99) For utterance f1_021, best cost 93.4729 + 1435.99 = 1529.46 over 290 frames.
f1_021 sil ao l iy l ay ey er z ah l th n ah n ih n er sil s sil 
LOG (lattice-best-path[5.5.1126~1-8c451]:main():lattice-best-path.cc:99) For utterance f1_026, best cost 90.7803 + 1408.34 = 1499.12 over 305 frames.
f1_026 sil d ow n jh uw ch er l iy z t er d iy d ih sh ah z sil 
LOG (lattice-best-path[5.5.1126~1-8c451]:main():lattice-best-path.cc:99) For utterance f1_031, best cost 144.904 + 1698.51 = 1843.42 over 395 frames.
f1_031 sil b aa r k s k ah l p er iy s l ah t w ao z ah g r eh jh uw ey sh ah n p er ah z ah n t sil 
LOG (lattice-best-path[5.5.1126~1-8c451]:main():lattice-best-path.cc:99) For utterance f1_036, best cost 125.1 + 1551.41 = 1676.5 over 353 frames.
f1_036 sil dh eh s k ah b ao l th ih n b iy ah n eh n t er t ey ng s p w ao r t sil 
LOG (lattice-best-path[5.5.1126~1-8c451]:main():lattice-best-path.cc:99) For utterance f1_041, best cost 133.299 + 1553.55 = 1686.84 over 363 frames.
f1_041 sil ae n d ah dh ae sh ih z p ih k p aa p ah t dh iy k aa m p l ih sh ah n ao aw er sil 
LOG (lattice-best-path[5.5.1126~1-8c451]:main():lattice-best-path.cc:99) For utterance f1_046, best cost 111.839 + 1662.5 = 1774.34 over 373 frames.
f1_046 sil dh iy p r aa l er ao r s t iy m ae s k p er d ih s k ae t ah z sil 
LOG (lattice-best-path[5.5.1126~1-8c451]:main():lattice-best-path.cc:99) For utterance f1_051, best cost 130.3 + 1845.56 = 1975.86 over 398 frames.
f1_051 sil ah n iy k aw n t uw b ey sh ah n z ah l iy g r iy l iy ah p r iy sh ey t ah d sil 
LOG (lattice-best-path[5.5.1126~1-8c451]:main():lattice-best-path.cc:99) For utterance f1_056, best cost 139.314 + 1823.94 = 1963.26 over 439 frames.
f1_056 sil w ey eh s t er z g ae sh er t ih ch k ow s t iy p r ey s ih ng k r iy s ah z sil 
LOG (lattice-best-path[5.5.1126~1-8c451]:main():lattice-best-path.cc:99) For utterance f1_061, best cost 124.161 + 1529.41 = 1653.57 over 359 frames.
f1_061 sil k l ah s t ih s p l ay l ih z m ih s t p l ey s aa n ah s k r ey n sil 
LOG (lattice-best-path[5.5.1126~1-8c451]:main():lattice-best-path.cc:99) For utterance f1_066, best cost 106.987 + 1228.09 = 1335.08 over 309 frames.
f1_066 sil dh ae k t er z p r ah z k r ay g r ah k s t uw f r iy l iy sil 
LOG (lattice-best-path[5.5.1126~1-8c451]:main():lattice-best-path.cc:99) For utterance f1_071, best cost 155.177 + 1881.09 = 2036.26 over 436 frames.
f1_071 sil k w aa p r ey sh n ah l ah n ah f eh n d er s t ae n d ih ng ah l iy v iy t uw s p iy t ah t sil 
LOG (lattice-best-path[5.5.1126~1-8c451]:main():lattice-best-path.cc:99) For utterance f1_076, best cost 88.1753 + 1397.68 = 1485.86 over 313 frames.
f1_076 sil dh ih th ih ng g er ih z ah v ey n ah s k aa ch er sil 
LOG (lattice-best-path[5.5.1126~1-8c451]:main():lattice-best-path.cc:99) For utterance f1_081, best cost 130.007 + 1539.68 = 1669.68 over 360 frames.
f1_081 sil m ae s k r ey p aa r d iy s hh aa k s k aa n t ih n ah ch ah n ey sh ah n sil 
LOG (lattice-best-path[5.5.1126~1-8c451]:main():lattice-best-path.cc:99) For utterance f1_086, best cost 190.05 + 2165.35 = 2355.4 over 522 frames.
f1_086 sil t uw dh iy g aa r d uw ch eh l d ah n t eh k r ey b eh r k l ae s t er m z f er hh aa k ao l aa l ah d ey z sil 
LOG (lattice-best-path[5.5.1126~1-8c451]:main():lattice-best-path.cc:99) For utterance f1_091, best cost 115.679 + 1447.2 = 1562.88 over 327 frames.
f1_091 sil sil ah hh iy ch t ae p ih s t r iy hh aa n ih ng r m ao l ay d sil 
LOG (lattice-best-path[5.5.1126~1-8c451]:main():lattice-best-path.cc:99) For utterance f1_096, best cost 115.718 + 1458.13 = 1573.85 over 339 frames.
f1_096 sil ih s ao t n b ah t p aa r ch er s sh aa k t dh iy k ae p s sil 
LOG (lattice-best-path[5.5.1126~1-8c451]:main():lattice-best-path.cc:99) For utterance f1_101, best cost 90.8794 + 1307.3 = 1398.18 over 300 frames.
f1_101 sil k l ae s t ih s k er ah n ih r l eh p t ae n sil 
LOG (lattice-best-path[5.5.1126~1-8c451]:main():lattice-best-path.cc:99) For utterance f1_106, best cost 153.439 + 1654.56 = 1807.99 over 388 frames.
f1_106 sil t r eh s f eh s ih n ih z f r er b ey d ah n ah n s ah b t eh k t ah p aa n ah l d s iy sil 
LOG (lattice-best-path[5.5.1126~1-8c451]:main():lattice-best-path.cc:99) For utterance f1_111, best cost 106.845 + 1391.95 = 1498.79 over 329 frames.
f1_111 sil aa r d ih f ih sh ow n t eh l ah jh ah n s ah z f r er iy ah l sil 
LOG (lattice-best-path[5.5.1126~1-8c451]:main():lattice-best-path.cc:99) For utterance f1_116, best cost 112.419 + 1481.45 = 1593.87 over 323 frames.
f1_116 sil w iy p l ah n t s ah b ae l d ih n y uw b eh v er jh p l ae n t sil 
LOG (lattice-best-path[5.5.1126~1-8c451]:main():lattice-best-path.cc:99) For utterance f1_121, best cost 185.088 + 2210.91 = 2396 over 494 frames.
f1_121 sil s ay n t ih th ih k p r ae g r ae s k ah n ch ah n ah d z ah b aa l ah m ah n ah v n iy t eh t m iy t s sil 
LOG (lattice-best-path[5.5.1126~1-8c451]:main():lattice-best-path.cc:99) For utterance f1_126, best cost 153.968 + 1874 = 2027.97 over 432 frames.
f1_126 sil w ih sh l ao n aa r d ih k ah l w ao z ah p ey p ih n ey t ah d k aa r f ih k ey sh ah n sil 
LOG (lattice-best-path[5.5.1126~1-8c451]:main():lattice-best-path.cc:99) For utterance f1_131, best cost 163.382 + 1688.94 = 1852.32 over 419 frames.
f1_131 sil p er eh k t ae t s ih k y ih sh ah n ae f m ay n sh t r ah sh ah n z ah z k r uw sh ah l sil 
LOG (lattice-best-path[5.5.1126~1-8c451]:main():lattice-best-path.cc:99) For utterance f1_136, best cost 134.781 + 1604.22 = 1739 over 352 frames.
f1_136 sil dh iy s t iy t ah z ih g z ih s s ih n w ao r g n iy m ah k k l ay m ah n s sil 
LOG (lattice-best-path[5.5.1126~1-8c451]:main():lattice-best-path.cc:99) For utterance f1_141, best cost 120.521 + 1682.83 = 1803.35 over 364 frames.
f1_141 sil er m ow s dh ih s p l ah n t er b ah v dh iy p eh r f s f ey t er z sil 
LOG (lattice-best-path[5.5.1126~1-8c451]:main():lattice-best-path.cc:99) For utterance f1_146, best cost 137.092 + 1803.01 = 1940.1 over 381 frames.
f1_146 sil p er ao v er ah n hh ae n er m ay n t uw hh ae n ah f l aa t ah m l iy iy d z sil 
LOG (lattice-best-path[5.5.1126~1-8c451]:main():lattice-best-path.cc:99) For utterance f1_151, best cost 94.327 + 1696.69 = 1791.02 over 325 frames.
f1_151 sil uw t eh d dh iy p ay ae k t aw n ah b ay y uw sil 
LOG (lattice-best-path[5.5.1126~1-8c451]:main():lattice-best-path.cc:99) For utterance f1_156, best cost 166.677 + 2236.34 = 2403.02 over 482 frames.
f1_156 sil ao r ah v er k w aa p r ey t s ih n f ay n iy n ae n z k aw n iy ao l b iy er w ao r d ah d sil 
LOG (lattice-best-path[5.5.1126~1-8c451]:main():lattice-best-path.cc:99) For utterance f1_161, best cost 148.285 + 2041.89 = 2190.18 over 455 frames.
f1_161 n sil dh iy k ah d b eh r l iy s iy t ih f y ao r s t uw dh iy s n eh l f l er iy z sil 
LOG (lattice-best-path[5.5.1126~1-8c451]:main():lattice-best-path.cc:99) For utterance f1_166, best cost 103.652 + 1499.53 = 1603.18 over 335 frames.
f1_166 sil dh iy k ae t s ah n iy aw t ao l oy z hh er s m ay iy er z sil 
LOG (lattice-best-path[5.5.1126~1-8c451]:main():lattice-best-path.cc:99) For utterance f1_171, best cost 139.523 + 1659.86 = 1799.38 over 379 frames.
f1_171 sil dh iy s t r ay ae v er iy f sil f ay ow v er l iy d ih t s m ay ao t ih t s sil 
LOG (lattice-best-path[5.5.1126~1-8c451]:main():lattice-best-path.cc:99) For utterance f1_176, best cost 80.5676 + 1317.24 = 1397.81 over 262 frames.
f1_176 sil dh ey n jh er ay ah w eh n ay ay d ih sh ah n sil 
LOG (lattice-best-path[5.5.1126~1-8c451]:main():lattice-best-path.cc:99) For utterance f1_181, best cost 167.371 + 2067.54 = 2234.91 over 466 frames.
f1_181 sil dh iy ah n jh eh l sh ah n sh ah d ah b oy d ih k s b ow zh er d ih k ah n z ey d ih z d ih z iy z ah z sil 
LOG (lattice-best-path[5.5.1126~1-8c451]:main():lattice-best-path.cc:99) For utterance f1_186, best cost 121.346 + 1673.23 = 1794.58 over 346 frames.
f1_186 sil iy v n aa ay t k ey sh ah l iy d ah t dh iy m ah n b ey b l uw z sil 
LOG (lattice-best-path[5.5.1126~1-8c451]:main():lattice-best-path.cc:99) For utterance f1_191, best cost 123.51 + 1762.49 = 1886 over 373 frames.
f1_191 sil m ay k ah l k aa t ah v dh iy b ae g r ow m ao l ih th k r ay aa n z sil 
LOG (lattice-best-path[5.5.1126~1-8c451]:main():lattice-best-path.cc:99) For utterance f1_196, best cost 142.843 + 1909.11 = 2051.95 over 428 frames.
f1_196 sil dh iy s er m ah n eh m f ah s ay z dh iy n iy t f er f er m d ah b aa k sh ah n sil 
LOG (lattice-best-path[5.5.1126~1-8c451]:main():lattice-best-path.cc:99) For utterance f1_201, best cost 159.222 + 1907.92 = 2067.14 over 424 frames.
f1_201 sil k ao r ey t ae k dh iy p r aa sh eh k sil dh iy d b ay sh uh d z ah t aa r m ah n ey n sh ah n sil 
LOG (lattice-best-path[5.5.1126~1-8c451]:main():lattice-best-path.cc:99) For utterance f1_206, best cost 160.2 + 2346.21 = 2506.41 over 476 frames.
f1_206 sil s t eh t k ah d b eh r l ay t ae n g ah l dh iy s ay k ah l aa t t ih k ah l d t r aa m ah sil 
LOG (lattice-best-path[5.5.1126~1-8c451]:main():lattice-best-path.cc:99) For utterance f1_211, best cost 113.832 + 1604.95 = 1718.78 over 338 frames.
f1_211 sil hh ay l w ey n t r iy m ey n t sil n iy n ih s ey n b eh ng sil 
LOG (lattice-best-path[5.5.1126~1-8c451]:main():lattice-best-path.cc:99) For utterance f1_216, best cost 119.262 + 1662.43 = 1781.69 over 365 frames.
f1_216 sil dh iy d ae k t er b ih z m iy ae m b y ah l ah n z ah dh iy p ey sh ah n t sil 
LOG (lattice-best-path[5.5.1126~1-8c451]:main():lattice-best-path.cc:99) For utterance f1_221, best cost 103.194 + 1409.04 = 1512.24 over 312 frames.
f1_221 sil hh ae l iy t uw k ah z ih s ah b oy ey ae s k ah l ey er sil 
LOG (lattice-best-path[5.5.1126~1-8c451]:main():lattice-best-path.cc:99) For utterance f1_226, best cost 122.207 + 1723.84 = 1846.05 over 376 frames.
f1_226 sil dh iy p ao r d ih z b aa t er f l ay t iy d ah l aa t ah n ae k sil er sil 
LOG (lattice-best-path[5.5.1126~1-8c451]:main():lattice-best-path.cc:99) For utterance f1_231, best cost 96.9608 + 1424.61 = 1521.57 over 300 frames.
f1_231 sil w eh r ow p ah n eh v er iy m aa n d ay iy t n ih ng sil 
LOG (lattice-best-path[5.5.1126~1-8c451]:main():lattice-best-path.cc:99) For utterance f1_236, best cost 104.405 + 1638.4 = 1742.81 over 358 frames.
f1_236 sil hh aw oy l iy d y ah l ay t ih s ae l ah jh er ah s ih ng sil 
LOG (lattice-best-path[5.5.1126~1-8c451]:main():lattice-best-path.cc:99) For utterance f1_241, best cost 151.725 + 1892.52 = 2044.25 over 433 frames.
f1_241 sil ih jh ao aw p g r iy t s b ay y uw z ae n t ae k ah n ah s t ih k m aa s ah l z sil 
LOG (lattice-best-path[5.5.1126~1-8c451]:main():lattice-best-path.cc:99) For utterance f1_246, best cost 118.18 + 1826.57 = 1944.75 over 347 frames.
f1_246 sil dh ey n d r iy b oy ey n s er t ah t d ih t ah n m ah t k aa p sil 
LOG (lattice-best-path[5.5.1126~1-8c451]:main():lattice-best-path.cc:99) For utterance f1_251, best cost 200.201 + 2249.83 = 2450.03 over 526 frames.
f1_251 sil t er f er eh t ah t ah z p r ih s t iy z iy er k r ay t ey sh ah n l iy w iy z dh iy b ao l s t r iy ch er ah n ah l sil 
LOG (lattice-best-path[5.5.1126~1-8c451]:main():lattice-best-path.cc:99) For utterance f1_256, best cost 145.187 + 2018.39 = 2163.58 over 447 frames.
f1_256 sil dh ae n g eh r ah n hh ay d ao r m ih z ey sh ah n z p er m ow b er f ah n t r ah l sil 
LOG (lattice-best-path[5.5.1126~1-8c451]:main():lattice-best-path.cc:99) For utterance f1_261, best cost 161.901 + 1778.24 = 1940.14 over 423 frames.
f1_261 sil sil w uh d ih p er f ah l aa sh uw s ah aa r b eh r y uw z f ow n s iy aa t ow l sil sil 
LOG (lattice-best-path[5.5.1126~1-8c451]:main():lattice-best-path.cc:99) For utterance f1_266, best cost 101.666 + 1514.5 = 1616.17 over 326 frames.
f1_266 sil ch ih jh er ae s t iy k ae k t ih n s m ao l z uw z sil 
LOG (lattice-best-path[5.5.1126~1-8c451]:main():lattice-best-path.cc:99) For utterance f1_271, best cost 90.3916 + 1283.03 = 1373.43 over 289 frames.
f1_271 sil ah n iy v ah jh ch ey n sh ey p aa s ah n t l iy sil 
LOG (lattice-best-path[5.5.1126~1-8c451]:main():lattice-best-path.cc:99) For utterance f1_276, best cost 102.251 + 1330.46 = 1432.71 over 298 frames.
f1_276 sil sil dh iy ch ow z ah n f y uw l b uh k ah n jh eh n ah l z sil 
LOG (lattice-best-path[5.5.1126~1-8c451]:main():lattice-best-path.cc:99) For utterance f1_281, best cost 219.839 + 2648 = 2867.84 over 558 frames.
f1_281 sil r ay d ih z ay er z ah s eh n b ah l z p iy v n iy w aa n f ao r m ah n ah v p aa r b r ae n hh aa n dh iy s aa d ch ae t s sil 
LOG (lattice-best-path[5.5.1126~1-8c451]:main():lattice-best-path.cc:99) For utterance f1_286, best cost 111.268 + 1385.9 = 1497.17 over 302 frames.
f1_286 sil dh ae t d ow ah ch iy s ah z k ae t s m er s ah l z s l iy sil 
LOG (lattice-best-path[5.5.1126~1-8c451]:main():lattice-best-path.cc:99) For utterance f1_291, best cost 129.116 + 1633.2 = 1762.31 over 343 frames.
f1_291 sil ah l ow dh er g ae m b ae g w ih b iy s t uw d ah b ah l ah g ae f z sil 
LOG (lattice-best-path[5.5.1126~1-8c451]:main():lattice-best-path.cc:99) For utterance f1_296, best cost 191.827 + 2713.27 = 2905.09 over 571 frames.
f1_296 sil ae l ah s iy t dh iy jh er ay n ih k l ay iy m ah n ah b ay l ah jh iy ah n iy ah n d ih n ih r ah n d ah p aa r m ah n z sil 
LOG (lattice-best-path[5.5.1126~1-8c451]:main():lattice-best-path.cc:99) For utterance f1_301, best cost 145.019 + 1956.09 = 2101.11 over 417 frames.
f1_301 sil t aa l th l iy s t aa p r ay aa r d iy ah n g eh d ih ng ih z b ay t f eh k s t sil 
LOG (lattice-best-path[5.5.1126~1-8c451]:main():lattice-best-path.cc:99) For utterance f1_306, best cost 144.298 + 1727.92 = 1872.22 over 386 frames.
f1_306 sil n z aa r k m er k y ah l ah g uw ow n r aa n z er aw n f er m ay n ah l z sil 
LOG (lattice-best-path[5.5.1126~1-8c451]:main():lattice-best-path.cc:99) For utterance f1_311, best cost 141.471 + 2429.4 = 2570.87 over 495 frames.
f1_311 sil dh iy f r ey t uw ch ae t m ih z jh ah m l iy s ah d t uw b ay z b ih g r ae t er sil 
LOG (lattice-best-path[5.5.1126~1-8c451]:main():lattice-best-path.cc:99) For utterance f1_316, best cost 190.507 + 2467.35 = 2657.85 over 563 frames.
f1_316 sil dh iy p r iy s k ow eh r k ah n b er b l ay s er f ey ow n z ah v ae p iy ah m er sh ah n s iy k ah n d ih sh ah n z sil 
LOG (lattice-best-path[5.5.1126~1-8c451]:main():lattice-best-path.cc:99) For utterance f1_321, best cost 117.751 + 1580.53 = 1698.28 over 353 frames.
f1_321 sil ah l oy ay er w ih z ah p oy n t iy t ae k s ih k y uw g er w eh l sil 
LOG (lattice-best-path[5.5.1126~1-8c451]:main():lattice-best-path.cc:99) For utterance f1_326, best cost 156.42 + 2291.13 = 2447.55 over 494 frames.
f1_326 sil dh iy s ih s t ah m ey b r ey t eh m s iy ah n z ih z ey p er f ay l z f r iy t ah m l iy sil 
LOG (lattice-best-path[5.5.1126~1-8c451]:main():lattice-best-path.cc:99) For utterance f1_331, best cost 168.001 + 2256.47 = 2424.48 over 492 frames.
f1_331 sil dh iy k ah n m ey n p eh k t ih z dh eh k t ah n k ao r d ih g ah m p oy t f r ih th r iy aw er z sil 
LOG (lattice-best-path[5.5.1126~1-8c451]:main():lattice-best-path.cc:99) For utterance f1_336, best cost 138.495 + 2042.3 = 2180.79 over 404 frames.
f1_336 sil dh eh t n ah l iy s p aa t n b r ow z m ao r n ah l ih ng iy sh t ae iy sil 
LOG (lattice-best-path[5.5.1126~1-8c451]:main():lattice-best-path.cc:99) For utterance f1_341, best cost 149.732 + 1904.54 = 2054.27 over 414 frames.
f1_341 sil r ih n ah n m ey n eh v er t sil dh iy k aa n k ah m p iy t l iy iy ah l p s ah n ae n sil 
LOG (lattice-best-path[5.5.1126~1-8c451]:main():lattice-best-path.cc:99) For utterance f1_346, best cost 107.366 + 1492.25 = 1599.62 over 328 frames.
f1_346 sil w iy l ao l k ow m ah n iy n iy s t uw d n z iy ch iy er sil 
LOG (lattice-best-path[5.5.1126~1-8c451]:main():lattice-best-path.cc:99) For utterance f1_351, best cost 106.473 + 1488.35 = 1594.82 over 336 frames.
f1_351 sil w ih k sh er jh t uw dh iy s m eh k s w er sh ah t b ah n sil 
LOG (lattice-best-path[5.5.1126~1-8c451]:main():lattice-best-path.cc:99) For utterance f1_356, best cost 92.3956 + 1439.21 = 1531.61 over 302 frames.
f1_356 sil dh ey ao l l ay t l aa hh ay ch aa aw er z sil 
LOG (lattice-best-path[5.5.1126~1-8c451]:main():lattice-best-path.cc:99) For utterance f1_361, best cost 123.078 + 1737.34 = 1860.42 over 381 frames.
f1_361 sil t ih n z iy sh iy l ah t ah s iy m uw v iy s f ay s ih l iy t sil sil 
LOG (lattice-best-path[5.5.1126~1-8c451]:main():lattice-best-path.cc:99) For utterance f1_366, best cost 138.051 + 1939.56 = 2077.61 over 419 frames.
f1_366 sil hh er w ao r jh er k ah n s ih s t ah v ah l l iy s k er k t ah m b l aw s ah z sil 
LOG (lattice-best-path[5.5.1126~1-8c451]:main():lattice-best-path.cc:99) For utterance f1_371, best cost 133.548 + 1935.82 = 2069.37 over 401 frames.
f1_371 sil ay d r ay d ih s ae g w ey b ay t ah n aa p ah n ah n ah f ch ey n z jh sil 
LOG (lattice-best-path[5.5.1126~1-8c451]:main():lattice-best-path.cc:99) For utterance f1_376, best cost 129.014 + 1685.63 = 1814.64 over 370 frames.
f1_376 sil m ow v ah g aa r b iy jh t n iy er s ah v ah l aa r jh b l ah n d ah sil 
LOG (lattice-best-path[5.5.1126~1-8c451]:main():lattice-best-path.cc:99) For utterance f1_381, best cost 167.156 + 2130.78 = 2297.93 over 474 frames.
f1_381 sil w ih n s ih f r ah n ah jh g r iy s iy er ch ey n b iy sh er d ah w aa sh s t aa r ah l iy sil sil 
LOG (lattice-best-path[5.5.1126~1-8c451]:main():lattice-best-path.cc:99) For utterance f1_386, best cost 153.977 + 2184.06 = 2338.04 over 474 frames.
f1_386 sil dh iy k r ae t ch aa n sh ah n ey n b ah dh iy k r ih k s t ae d v eh ng g w ih sh t ah n sil 
LOG (lattice-best-path[5.5.1126~1-8c451]:main():lattice-best-path.cc:99) For utterance f1_391, best cost 110.102 + 1398.32 = 1508.42 over 336 frames.
f1_391 sil iy ch f ey ay s sh er l iy f ay n z ah b ih g f aa n sil 
LOG (lattice-best-path[5.5.1126~1-8c451]:main():lattice-best-path.cc:99) For utterance f1_396, best cost 184.652 + 2204.33 = 2388.98 over 507 frames.
f1_396 sil dh iy ae b er t ay z ih ng b er s ah p l eh m ah v sil r er ay d iy z p er n eh v er ch ey n jh ah sil s sil 
LOG (lattice-best-path[5.5.1126~1-8c451]:main():lattice-best-path.cc:99) For utterance f1_401, best cost 119.509 + 1861.35 = 1980.86 over 395 frames.
f1_401 sil t aa n s t eh n s ah l aa r jh er k l ae n s ao s ah p r aa k ah l sil 
LOG (lattice-best-path[5.5.1126~1-8c451]:main():lattice-best-path.cc:99) For utterance f1_406, best cost 171.144 + 2368.83 = 2539.98 over 518 frames.
f1_406 sil dh iy th ih k ae l m f aa r s w ih z iy er l iy ow v er l ow n b ay g d ah ch ah m z ah z iy z sil 
LOG (lattice-best-path[5.5.1126~1-8c451]:main():lattice-best-path.cc:99) For utterance f1_411, best cost 112.987 + 1514.49 = 1627.47 over 343 frames.
f1_411 sil dh ih z w iy z ih sh ah n z hh aa r m ay z m aa r k ah l ah s l iy sil 
LOG (lattice-best-path[5.5.1126~1-8c451]:main():lattice-best-path.cc:99) For utterance f1_416, best cost 106.103 + 1626.72 = 1732.82 over 320 frames.
f1_416 sil b ae t k ae t p aa k ah w ao z k aa t r eh t ae n t ah d sil 
LOG (lattice-best-path[5.5.1126~1-8c451]:main():lattice-best-path.cc:99) For utterance f1_421, best cost 102.041 + 1494.27 = 1596.31 over 329 frames.
f1_421 sil ih s p ae t ih k aa s t ih n z ah k r ay k ah l ah f ah l sil 
LOG (lattice-best-path[5.5.1126~1-8c451]:main():lattice-best-path.cc:99) For utterance f1_426, best cost 135.377 + 1959.92 = 2095.29 over 437 frames.
f1_426 sil dh iy iy z iy g ow n z aa l ah jh ah s f r l ae s t er ah p w oy d ah jh sil 
LOG (lattice-best-path[5.5.1126~1-8c451]:main():lattice-best-path.cc:99) For utterance f1_431, best cost 167.735 + 1976.23 = 2143.96 over 432 frames.
f1_431 sil n aa m p r ae v er d er k n ih z ey sh ah n z hh eh v er iy g r uw sil aa n r iy g n b ih z sil 
LOG (lattice-best-path[5.5.1126~1-8c451]:main():lattice-best-path.cc:99) For utterance f1_436, best cost 146.418 + 1781.37 = 1927.78 over 405 frames.
f1_436 sil aa r k s p r iy g ey f r iy p r ah l iy ah k er z aa n th ih ng s k eh v ih ng sil sil 
LOG (lattice-best-path[5.5.1126~1-8c451]:main():lattice-best-path.cc:99) For utterance f1_441, best cost 104.454 + 1578.26 = 1682.72 over 335 frames.
f1_441 sil r aa k ah n ah l n iy z ah k ae z ah g r iy g r ih b ah m sil 
LOG (lattice-best-path[5.5.1126~1-8c451]:main():lattice-best-path.cc:99) For utterance f1_446, best cost 119.777 + 1795.54 = 1915.31 over 379 frames.
f1_446 sil dh iy s t iy ch s ah n p ow z iy m ay t b ih g ih n aa m ay n z er sil 
LOG (lattice-best-path[5.5.1126~1-8c451]:main():lattice-best-path.cc:99) For utterance f1_451, best cost 154.304 + 1947.18 = 2101.48 over 444 frames.
f1_451 sil ch ow jh ah n k ih ng p ah n s ih m ay n iy f er r ah l ah p s ih m aa n s ih d ih ng sil 
LOG (lattice-best-path[5.5.1126~1-8c451]:main():lattice-best-path.cc:99) For utterance f1_456, best cost 140.495 + 2054.75 = 2195.24 over 433 frames.
f1_456 sil ah m ao l s ih g z ae g t ih l ah n ih k ae k t uw r aw t ow z k aa r d ah n sil 
LOG (lattice-best-path[5.5.1126~1-8c451]:main():lattice-best-path.cc:99) For utterance f5_001, best cost 69.6204 + 1112.06 = 1181.68 over 249 frames.
f5_001 sil d ih s w ih z iy z iy p er ae f s sil 
LOG (lattice-best-path[5.5.1126~1-8c451]:main():lattice-best-path.cc:99) For utterance f5_006, best cost 113.012 + 1360.23 = 1473.24 over 325 frames.
f5_006 sil w ay y ah l er w er iy ow v f r ah s ih l iy ae t ah m z sil sil 
LOG (lattice-best-path[5.5.1126~1-8c451]:main():lattice-best-path.cc:99) For utterance f5_011, best cost 92.4405 + 1247.87 = 1340.31 over 301 frames.
f5_011 sil s w ih ng er aa r m ah s hh ay s uw z ae n sil sil 
LOG (lattice-best-path[5.5.1126~1-8c451]:main():lattice-best-path.cc:99) For utterance f5_021, best cost 86.8984 + 1227.11 = 1314.01 over 301 frames.
f5_021 sil ah n l iy l er z t l ah n l iy n ih n er z sil 
LOG (lattice-best-path[5.5.1126~1-8c451]:main():lattice-best-path.cc:99) For utterance f5_031, best cost 137.265 + 1444.04 = 1581.3 over 391 frames.
f5_031 sil aa r b s k ah l b r ay s l ih g r eh jh uw ey sh ah n p ae z ah n t sil sil 
LOG (lattice-best-path[5.5.1126~1-8c451]:main():lattice-best-path.cc:99) For utterance f5_036, best cost 71.8711 + 1473.18 = 1545.05 over 348 frames.
f5_036 sil b ae s k ah t b aa f ao r t sil sil 
LOG (lattice-best-path[5.5.1126~1-8c451]:main():lattice-best-path.cc:99) For utterance f5_041, best cost 143.39 + 1379.23 = 1522.62 over 364 frames.
f5_041 sil eh m iy d eh k s t r ih s t ih k p aa p ah t s ah k aa m p ih sh m ao r sil sil 
LOG (lattice-best-path[5.5.1126~1-8c451]:main():lattice-best-path.cc:99) For utterance f5_046, best cost 109.476 + 1334.35 = 1443.83 over 354 frames.
f5_046 sil dh iy p r aa l ao r eh s k iy m ae s k f er t ih s k ay z sil 
LOG (lattice-best-path[5.5.1126~1-8c451]:main():lattice-best-path.cc:99) For utterance f5_051, best cost 133.148 + 1570.28 = 1703.42 over 393 frames.
f5_051 sil eh n iy k aa b iy sh ah n z b ah l b iy k r ey l iy p r ih sh iy t ah d sil 
LOG (lattice-best-path[5.5.1126~1-8c451]:main():lattice-best-path.cc:99) For utterance f5_056, best cost 152.474 + 1620.44 = 1772.91 over 446 frames.
f5_056 sil r ae s t er z k ae s sh ao r d ih ch k aa s t iy p r ih s ih ng k r iy s ah z sil sil sil 
LOG (lattice-best-path[5.5.1126~1-8c451]:main():lattice-best-path.cc:99) For utterance f5_061, best cost 127.796 + 1294.49 = 1422.29 over 377 frames.
f5_061 sil k l ih s t s t ih s p l ey l ih z m ih s t p l iy s ah n dh iy s k r iy n sil 
LOG (lattice-best-path[5.5.1126~1-8c451]:main():lattice-best-path.cc:99) For utterance f5_066, best cost 64.4549 + 1408.57 = 1473.03 over 335 frames.
f5_066 sil ih s k r ae t uw f r iy l iy sil 
LOG (lattice-best-path[5.5.1126~1-8c451]:main():lattice-best-path.cc:99) For utterance f5_071, best cost 142.899 + 1706.45 = 1849.34 over 448 frames.
f5_071 sil k w aa p r ey sh ah n ah l aa n p ah n er s t ae n ih ng l iy v iy t ih s p iy n t sil 
LOG (lattice-best-path[5.5.1126~1-8c451]:main():lattice-best-path.cc:99) For utterance f5_076, best cost 103.375 + 1194.98 = 1298.35 over 309 frames.
f5_076 sil dh iy th ih ng k er ah z ih f ey m ah s k ah l p sh er sil 
LOG (lattice-best-path[5.5.1126~1-8c451]:main():lattice-best-path.cc:99) For utterance f5_081, best cost 128.356 + 1435.15 = 1563.5 over 373 frames.
f5_081 sil m ae s k r ey p aa r iy z t ae k s w ih n z ah n ae d iy n ey sh ah n sil 
LOG (lattice-best-path[5.5.1126~1-8c451]:main():lattice-best-path.cc:99) For utterance f5_086, best cost 161.412 + 2018.71 = 2180.12 over 495 frames.
f5_086 sil aa r d ah n ch ah l d ih n t eh k r ey t eh k l ae sh ih n sh f r ao l hh ao l ah d ih ng ih z sil 
LOG (lattice-best-path[5.5.1126~1-8c451]:main():lattice-best-path.cc:99) For utterance f5_091, best cost 116.574 + 1276.04 = 1392.62 over 318 frames.
f5_091 sil ih k iy jh t ae p s t r iy hh aw n ih n hh er hh ao l w iy sil sil 
LOG (lattice-best-path[5.5.1126~1-8c451]:main():lattice-best-path.cc:99) For utterance f5_096, best cost 100.504 + 1335.6 = 1436.11 over 334 frames.
f5_096 sil hh ih s eh n d ah p aa r sh er sh aa k dh iy k ae s t sil 
LOG (lattice-best-path[5.5.1126~1-8c451]:main():lattice-best-path.cc:99) For utterance f5_101, best cost 103.693 + 1275.79 = 1379.49 over 302 frames.
f5_101 sil f ae s t dh iy s k r uw ih n ih r l eh k t ae n d sil sil 
LOG (lattice-best-path[5.5.1126~1-8c451]:main():lattice-best-path.cc:99) For utterance f5_106, best cost 106.661 + 1598.69 = 1705.35 over 388 frames.
f5_106 sil t r eh s p eh s ih ng ih z f r er b ih n ah n s ah b iy sil sil 
LOG (lattice-best-path[5.5.1126~1-8c451]:main():lattice-best-path.cc:99) For utterance f5_111, best cost 105.628 + 1254.38 = 1360.01 over 318 frames.
f5_111 sil aa r d ih f ih sh l ah n t eh l ah jh ah n z ih z f er iy ah l sil 
LOG (lattice-best-path[5.5.1126~1-8c451]:main():lattice-best-path.cc:99) For utterance f5_116, best cost 110.795 + 1305.67 = 1416.46 over 326 frames.
f5_116 sil b iy p l ae n t uw b eh l d ih n uw b eh v f r ih ng t sil sil 
LOG (lattice-best-path[5.5.1126~1-8c451]:main():lattice-best-path.cc:99) For utterance f5_121, best cost 168.69 + 1976.37 = 2145.06 over 496 frames.
f5_121 sil s ay n t ih k ah t p r aa g r eh s k ah m s f ah n dh iy d ah d eh l m ah n ih n ih n t ih z sil sil 
LOG (lattice-best-path[5.5.1126~1-8c451]:main():lattice-best-path.cc:99) For utterance f5_126, best cost 161.569 + 1733.94 = 1895.51 over 451 frames.
f5_126 sil w ih ch l ah m aa r d ih k ah l w ao z ah p ey k ah n iy d uw d k l er f ih k ey sh ah n sil sil 
LOG (lattice-best-path[5.5.1126~1-8c451]:main():lattice-best-path.cc:99) For utterance f5_131, best cost 162.881 + 1464.65 = 1627.53 over 403 frames.
f5_131 sil sil k r eh k t ih k s iy k y uw sh ah n ah z m ay n s t r ah k sh ah n z ah s k r ah sh eh l sil 
LOG (lattice-best-path[5.5.1126~1-8c451]:main():lattice-best-path.cc:99) For utterance f5_136, best cost 128.899 + 1406.42 = 1535.32 over 370 frames.
f5_136 sil dh iy s k iy t ah z ih g z ih s t ih n b ao r m hh ih k l ay m ah t s sil 
LOG (lattice-best-path[5.5.1126~1-8c451]:main():lattice-best-path.cc:99) For utterance f5_141, best cost 85.0292 + 1508.69 = 1593.71 over 366 frames.
f5_141 sil ah n t er w ih th dh iy p eh r z t r iy s er z sil 
LOG (lattice-best-path[5.5.1126~1-8c451]:main():lattice-best-path.cc:99) For utterance f5_146, best cost 105.558 + 1721.61 = 1827.17 over 398 frames.
f5_146 sil sil hh er aa p er g hh eh r ah m ay n t ih m dh iy f ao z sil 
LOG (lattice-best-path[5.5.1126~1-8c451]:main():lattice-best-path.cc:99) For utterance f5_151, best cost 78.7443 + 1305.29 = 1384.03 over 304 frames.
f5_151 sil dh iy k hh ay ae g aw n dh iy b ay y uw sil 
LOG (lattice-best-path[5.5.1126~1-8c451]:main():lattice-best-path.cc:99) For utterance f5_156, best cost 176.423 + 2027.57 = 2203.99 over 500 frames.
f5_156 sil w eh v er k w aa p r iy k t s ah n f ay n ih ng n ah n ae n s k ae m iy ow l b iy er w ao r d ah d sil 
LOG (lattice-best-path[5.5.1126~1-8c451]:main():lattice-best-path.cc:99) For utterance f5_161, best cost 104.814 + 1739.78 = 1844.59 over 443 frames.
f5_161 sil dh iy f ah b eh r l iy s y uw p s n ow v f l er iy z sil 
LOG (lattice-best-path[5.5.1126~1-8c451]:main():lattice-best-path.cc:99) For utterance f5_166, best cost 107.453 + 1379.75 = 1487.2 over 336 frames.
f5_166 sil dh iy k ae t s m ae l ao l w ey z f er t s m ay iy er z sil 
LOG (lattice-best-path[5.5.1126~1-8c451]:main():lattice-best-path.cc:99) For utterance f5_171, best cost 131.123 + 1405.25 = 1536.37 over 374 frames.
f5_171 sil ih s t r oy iy eh v er iy f ay l b r l ey d ih t uw m ay ao t ih s sil 
LOG (lattice-best-path[5.5.1126~1-8c451]:main():lattice-best-path.cc:99) For utterance f5_176, best cost 91.1652 + 1136.42 = 1227.59 over 282 frames.
f5_176 sil sil dh iy ih n jh oy ey ow ah n ay ae d t ih sh ah n sil 
LOG (lattice-best-path[5.5.1126~1-8c451]:main():lattice-best-path.cc:99) For utterance f5_181, best cost 165.804 + 1876.69 = 2042.49 over 465 frames.
f5_181 sil dh eh l ah ch ow n ah n ch er f w uh d ih k s p ow zh er t uw k ah n t iy jh ih s t ih z iy z ah z sil 
LOG (lattice-best-path[5.5.1126~1-8c451]:main():lattice-best-path.cc:99) For utterance f5_186, best cost 95.1884 + 1511.21 = 1606.4 over 352 frames.
f5_186 sil sil iy f ih n ay ey k y ah m ah n ey b l iy n z sil 
LOG (lattice-best-path[5.5.1126~1-8c451]:main():lattice-best-path.cc:99) For utterance f5_191, best cost 123.587 + 1602.98 = 1726.57 over 383 frames.
f5_191 sil m ay k ah l k aa l ah d dh iy b eh d er m m ao l w ih k k r ah n z sil 
LOG (lattice-best-path[5.5.1126~1-8c451]:main():lattice-best-path.cc:99) For utterance f5_196, best cost 143.281 + 1651.84 = 1795.13 over 428 frames.
f5_196 sil dh iy s er m ah n eh m th dh iy s ay z th ih n iy f er f er m ah n ah v ae k sh ah n sil 
LOG (lattice-best-path[5.5.1126~1-8c451]:main():lattice-best-path.cc:99) For utterance f5_201, best cost 149.042 + 1596.91 = 1745.95 over 415 frames.
f5_201 sil sil k ao r ey t ae k dh iy p r aa jh ah t dh iy p ae k s t r ih jh ch er m ah n ey sh ah n sil 
LOG (lattice-best-path[5.5.1126~1-8c451]:main():lattice-best-path.cc:99) For utterance f5_206, best cost 127.697 + 1784.56 = 1912.25 over 417 frames.
f5_206 sil sil s t ae th ae n d ah l d ah s ay k ah l aa jh ah b ah l t r aa m ah sil 
LOG (lattice-best-path[5.5.1126~1-8c451]:main():lattice-best-path.cc:99) For utterance f5_211, best cost 96.6299 + 1381.82 = 1478.45 over 329 frames.
f5_211 sil hh ay ow ey er d f r iy l iy m iy n s ey n ih ng sil 
LOG (lattice-best-path[5.5.1126~1-8c451]:main():lattice-best-path.cc:99) For utterance f5_216, best cost 113.839 + 1593.88 = 1707.72 over 379 frames.
f5_216 sil ah d aa k t er w ao z ah n dh iy ae m b y ah l er dh iy p ey sh ah n sil 
LOG (lattice-best-path[5.5.1126~1-8c451]:main():lattice-best-path.cc:99) For utterance f5_221, best cost 111.866 + 1339.42 = 1451.29 over 339 frames.
f5_221 sil hh aw t iy n sh ah n z ih z ih s ah b w ey ae s k ah l iy d er sil 
LOG (lattice-best-path[5.5.1126~1-8c451]:main():lattice-best-path.cc:99) For utterance f5_226, best cost 113.57 + 1492.16 = 1605.73 over 364 frames.
f5_226 sil dh iy k ao r jh ah s p ah t ah p l ay t ey t ah l aa t ah p eh k t er sil 
LOG (lattice-best-path[5.5.1126~1-8c451]:main():lattice-best-path.cc:99) For utterance f5_231, best cost 99.2491 + 1184.12 = 1283.37 over 302 frames.
f5_231 sil dh iy ao r ow p ah n t eh v er iy m ah n ey iy v n ih ng sil 
LOG (lattice-best-path[5.5.1126~1-8c451]:main():lattice-best-path.cc:99) For utterance f5_236, best cost 113.781 + 1452.36 = 1566.14 over 356 frames.
f5_236 sil hh aa l oy l iy g y uw l ay k y ah s eh l ah jh eh s ih ng sil sil 
LOG (lattice-best-path[5.5.1126~1-8c451]:main():lattice-best-path.cc:99) For utterance f5_241, best cost 146.885 + 1555.56 = 1702.44 over 406 frames.
f5_241 sil dh iy jh ao p r ey t s p ay y uw z ih ng ae n t ay d ih n ih s t ih k m ao s ah l z sil 
LOG (lattice-best-path[5.5.1126~1-8c451]:main():lattice-best-path.cc:99) For utterance f5_246, best cost 87.7165 + 1459.11 = 1546.82 over 340 frames.
f5_246 sil dh ae ng g r iy b oy iy ae m ah p ae p sil sil 
LOG (lattice-best-path[5.5.1126~1-8c451]:main():lattice-best-path.cc:99) For utterance f5_251, best cost 181.958 + 1948.81 = 2130.77 over 520 frames.
f5_251 sil t er f er dh er iy s p er s t iy sh iy k ey jh ah n l iy r iy d f p ah w ao l z t r iy jh er n ah l sil 
LOG (lattice-best-path[5.5.1126~1-8c451]:main():lattice-best-path.cc:99) For utterance f5_256, best cost 159.259 + 1707.34 = 1866.6 over 433 frames.
f5_256 sil p l ae n k eh r hh er d w ao r d ah n ih z ey sh ah n z p r ah m ah l p er k k ah n t er ah l sil 
LOG (lattice-best-path[5.5.1126~1-8c451]:main():lattice-best-path.cc:99) For utterance f5_261, best cost 146.219 + 1554.2 = 1700.42 over 410 frames.
f5_261 sil w eh dh er p er v k l aa sh ah z er b eh r y iy s k ah l ah n s iy ae d ah l sil 
LOG (lattice-best-path[5.5.1126~1-8c451]:main():lattice-best-path.cc:99) For utterance f5_266, best cost 98.511 + 1272.18 = 1370.7 over 333 frames.
f5_266 sil sh ih jh er ae s p iy k ae ch ah n s w ao l z uw z sil 
LOG (lattice-best-path[5.5.1126~1-8c451]:main():lattice-best-path.cc:99) For utterance f5_271, best cost 112.242 + 1271 = 1383.25 over 314 frames.
f5_271 sil ah m iy b ih z ch ey n ch sh ey p k aa n s ah l iy sil sil 
LOG (lattice-best-path[5.5.1126~1-8c451]:main():lattice-best-path.cc:99) For utterance f5_276, best cost 116.062 + 1261.83 = 1377.89 over 321 frames.
f5_276 sil ih ch ow z w uw f y uw w ih l w uh k ah m n jh eh n er ah l z sil 
LOG (lattice-best-path[5.5.1126~1-8c451]:main():lattice-best-path.cc:99) For utterance f5_281, best cost 203.639 + 2345.82 = 2549.46 over 565 frames.
f5_281 sil m ay ay er z ah s ah b ah l k ih v ih ng w ah n n f ao r m ah v k eh r k r aa k aa n s ah b jh ih t sil sil sil 
LOG (lattice-best-path[5.5.1126~1-8c451]:main():lattice-best-path.cc:99) For utterance f5_286, best cost 108.332 + 1201.63 = 1309.97 over 319 frames.
f5_286 sil ae t d aa m ch iy s ih s k ae k s m er s ah l ah s l iy sil 
LOG (lattice-best-path[5.5.1126~1-8c451]:main():lattice-best-path.cc:99) For utterance f5_291, best cost 126.163 + 1435.53 = 1561.7 over 368 frames.
f5_291 sil ah l ah dh er hh ae m b ae g w ih b iy ah s uw d uw p ah l g ae f sil 
LOG (lattice-best-path[5.5.1126~1-8c451]:main():lattice-best-path.cc:99) For utterance f5_296, best cost 193.948 + 2354.77 = 2548.72 over 575 frames.
f5_296 sil sil ae l w ih th iy d ih jh oy n ah p oy m ah n ah n dh iy b ay l ah ch iy ah n ey n jh ah n ih r ah n d ah p er m ah n s sil 
LOG (lattice-best-path[5.5.1126~1-8c451]:main():lattice-best-path.cc:99) For utterance f5_301, best cost 141.091 + 1729.14 = 1870.23 over 425 frames.
f5_301 sil t aa t p l ey z t aa p r iy er d iy ah n t eh d ih ng ih z b ay k t eh k s t sil 
LOG (lattice-best-path[5.5.1126~1-8c451]:main():lattice-best-path.cc:99) For utterance f5_306, best cost 127.18 + 1810.97 = 1938.15 over 433 frames.
f5_306 sil dh iy d aa r k m er k y uw n m aa n d er r aa n f r ah m ay ah l z sil 
LOG (lattice-best-path[5.5.1126~1-8c451]:main():lattice-best-path.cc:99) For utterance f5_311, best cost 142.807 + 1910.92 = 2053.73 over 458 frames.
f5_311 sil dh iy f r ay t n ch ae l d w ih z t eh d uw p ay z b ih g b r ah p er sil sil 
LOG (lattice-best-path[5.5.1126~1-8c451]:main():lattice-best-path.cc:99) For utterance f5_316, best cost 196.372 + 1731.12 = 1927.49 over 457 frames.
f5_316 sil dh iy p r iy s k ah l eh k ah d ih ng dh iy f er b l ay s er f y ah l ih ng z b aa p iy m er z d k ae n d ih sh ah n z sil sil 
LOG (lattice-best-path[5.5.1126~1-8c451]:main():lattice-best-path.cc:99) For utterance f5_321, best cost 112.153 + 1533.78 = 1645.93 over 377 frames.
f5_321 sil ah l eh r w ao z ah p oy n t iy t ae k s k y uw hh er w ah l sil 
LOG (lattice-best-path[5.5.1126~1-8c451]:main():lattice-best-path.cc:99) For utterance f5_326, best cost 181.879 + 1667.1 = 1848.98 over 481 frames.
f5_326 sil dh iy s ih s t ah n m ey b r ey k k aw n s ih n s ih s ey g er f ay l z f r iy k w ih t l iy sil sil sil 
LOG (lattice-best-path[5.5.1126~1-8c451]:main():lattice-best-path.cc:99) For utterance f5_331, best cost 164.485 + 1949.21 = 2113.69 over 487 frames.
f5_331 sil dh iy k eh n m ah n k ae t t ih z b ih k w ao r n er d ih g eh m p oy n f r ih th r iy aw er z sil 
LOG (lattice-best-path[5.5.1126~1-8c451]:main():lattice-best-path.cc:99) For utterance f5_336, best cost 137.503 + 1633.01 = 1770.51 over 396 frames.
f5_336 sil dh ae t n ow oy s p r aa p ah n g r ih z n w ao r ah n oy ih ng iy ch t iy sil 
LOG (lattice-best-path[5.5.1126~1-8c451]:main():lattice-best-path.cc:99) For utterance f5_341, best cost 137.001 + 1689.63 = 1826.63 over 420 frames.
f5_341 sil w ih m ah n m ey n eh v er dh iy k ah m k ah m p l iy t l iy k ah l d s ah n ah n sil 
LOG (lattice-best-path[5.5.1126~1-8c451]:main():lattice-best-path.cc:99) For utterance f5_346, best cost 107.359 + 1422.02 = 1529.38 over 360 frames.
f5_346 sil w iy l ow k ah m eh n iy n y uw s t uw d n s iy ch iy er sil 
LOG (lattice-best-path[5.5.1126~1-8c451]:main():lattice-best-path.cc:99) For utterance f5_351, best cost 101.787 + 1331.79 = 1433.58 over 341 frames.
f5_351 sil w ih ch ch er sh t uw p s n ah s w er s ih p ae n sil 
LOG (lattice-best-path[5.5.1126~1-8c451]:main():lattice-best-path.cc:99) For utterance f5_361, best cost 127.615 + 1408.43 = 1536.05 over 372 frames.
f5_361 sil t ih n t iy k s sh iy l ih t s ih s iy m uw v iy z t ay s ah l iy k sil 
LOG (lattice-best-path[5.5.1126~1-8c451]:main():lattice-best-path.cc:99) For utterance f5_366, best cost 138.271 + 1589.05 = 1727.32 over 405 frames.
f5_366 sil hh er b ao r jh er p ah n s ih s ah b ow n l iy s k r iy t s ah m b ao s ah z sil 
LOG (lattice-best-path[5.5.1126~1-8c451]:main():lattice-best-path.cc:99) For utterance f5_371, best cost 125.849 + 1688.36 = 1814.21 over 396 frames.
f5_371 sil ay d r ay d dh iy s ah b oy b ah n ah hh ae b n z ah n ah ch ey n jh sil 
LOG (lattice-best-path[5.5.1126~1-8c451]:main():lattice-best-path.cc:99) For utterance f5_376, best cost 119.859 + 1471.95 = 1591.81 over 351 frames.
f5_376 sil uw dh iy k aa r b ih jh g eh er ch ah d l aa r jh m ah n d ih l sil 
LOG (lattice-best-path[5.5.1126~1-8c451]:main():lattice-best-path.cc:99) For utterance f5_381, best cost 165.007 + 1707.58 = 1872.58 over 463 frames.
f5_381 sil w eh n t uw f ih n ih jh k r iy s ih ng y uw ch ey n b iy sh er dh iy w aa sh s p eh r l iy sil 
LOG (lattice-best-path[5.5.1126~1-8c451]:main():lattice-best-path.cc:99) For utterance f5_386, best cost 126.971 + 1624.07 = 1751.05 over 421 frames.
f5_386 sil dh iy k r ae b sh ae l ah n jh d ih k s t ae th ih ng g w ih sh t ae m sil 
LOG (lattice-best-path[5.5.1126~1-8c451]:main():lattice-best-path.cc:99) For utterance f5_391, best cost 109.922 + 1246.49 = 1356.41 over 321 frames.
f5_391 sil iy t t s ae d sh er l iy p ay n z ah b ih g f aa n sil 
LOG (lattice-best-path[5.5.1126~1-8c451]:main():lattice-best-path.cc:99) For utterance f5_396, best cost 185.829 + 1920.42 = 2106.25 over 518 frames.
f5_396 sil dh iy ae t t er ch ay z ih ng m p er s b eh v k ah m ah th b er ay t iy s t ao r n eh v er ch ey n jh ah z sil 
LOG (lattice-best-path[5.5.1126~1-8c451]:main():lattice-best-path.cc:99) For utterance f5_401, best cost 170.365 + 1483.81 = 1654.18 over 394 frames.
f5_401 sil t aa m ah s t ih n s ah l aa r zh er k l ae m p s ao l z t dh iy p r aa b ah l m sil sil f sil 
LOG (lattice-best-path[5.5.1126~1-8c451]:main():lattice-best-path.cc:99) For utterance f5_406, best cost 171.448 + 2000.2 = 2171.65 over 512 frames.
f5_406 sil dh iy f ih k ae l m f ao r s ih z n ih r l iy ow v er w ao l m b ay t eh s ch aa m z ah z iy z sil 
LOG (lattice-best-path[5.5.1126~1-8c451]:main():lattice-best-path.cc:99) For utterance f5_411, best cost 167.32 + 1724.49 = 1891.8 over 433 frames.
f5_411 sil ih z m iy z ih sh ah n z k ah m ah l ah t sil ih z m y ah m ah n ay z m aa r m b ah l ah s l iy sil 
LOG (lattice-best-path[5.5.1126~1-8c451]:main():lattice-best-path.cc:99) For utterance f5_416, best cost 110.877 + 1474.45 = 1585.33 over 339 frames.
f5_416 sil eh p t ih p aa k iy w ao z k aa t er r eh d hh ae n d ah d sil 
LOG (lattice-best-path[5.5.1126~1-8c451]:main():lattice-best-path.cc:99) For utterance f5_421, best cost 109.913 + 1326.78 = 1436.7 over 332 frames.
f5_421 sil hh ih s p eh t ah k aa s t uw m z ah k w ay t k ah l ah f ah l sil 
LOG (lattice-best-path[5.5.1126~1-8c451]:main():lattice-best-path.cc:99) For utterance f5_431, best cost 168.31 + 1722.96 = 1891.27 over 427 frames.
f5_431 sil sil b aa n p aa f er ao r g m ah n z ey sh ah n z eh k p r iy k ah t p aa n r iy z er z sil sil 
LOG (lattice-best-path[5.5.1126~1-8c451]:main():lattice-best-path.cc:99) For utterance f5_436, best cost 146.386 + 1599.56 = 1745.95 over 405 frames.
f5_436 sil sil sil hh er p s p er s t ey f r iy k ah m ey k r ih z ah m b ae ng s k ih v ih ng sil 
LOG (lattice-best-path[5.5.1126~1-8c451]:main():lattice-best-path.cc:99) For utterance f5_441, best cost 106.877 + 1279.24 = 1386.12 over 325 frames.
f5_441 sil r aa k ah m ow m y uw z ih k ae z ah g r ey g r eh b ah m sil 
LOG (lattice-best-path[5.5.1126~1-8c451]:main():lattice-best-path.cc:99) For utterance f5_446, best cost 110.463 + 1604.59 = 1715.05 over 398 frames.
f5_446 sil dh iy s p iy t s ah m p ow z iy m ay b iy g ae n ah m ah n d iy sil 
LOG (lattice-best-path[5.5.1126~1-8c451]:main():lattice-best-path.cc:99) For utterance f5_451, best cost 186.935 + 2045.89 = 2232.82 over 533 frames.
f5_451 sil ch ah l d r iy v sil ch ah l d ih ng f ah n s iy m ah n iy f r uw r ah l ah p s n m ah n s ih d ih ng sil sil 
LOG (lattice-best-path[5.5.1126~1-8c451]:main():lattice-best-path.cc:99) For utterance f5_456, best cost 153.659 + 1669.42 = 1823.08 over 434 frames.
f5_456 sil ah m l ao s t ih g z ae b ah l aa n dh iy p aa k th r uw ao t ah z k aa r d ah n sil sil 
LOG (lattice-best-path[5.5.1126~1-8c451]:main():lattice-best-path.cc:99) For utterance m1_001, best cost 71.4795 + 927.548 = 999.028 over 200 frames.
m1_001 ih s w ao z iy z iy f er ae s 
LOG (lattice-best-path[5.5.1126~1-8c451]:main():lattice-best-path.cc:99) For utterance m1_006, best cost 113.044 + 1771.05 = 1884.09 over 381 frames.
m1_006 sil l ay y eh l aa r ao r y ao r f r ah s ah l iy ay d ah m z 
LOG (lattice-best-path[5.5.1126~1-8c451]:main():lattice-best-path.cc:99) For utterance m1_011, best cost 100.252 + 1563.03 = 1663.29 over 308 frames.
m1_011 sil s m ah n y uh r ao l ah m ah s hh ay eh zh ah t ae n sil 
LOG (lattice-best-path[5.5.1126~1-8c451]:main():lattice-best-path.cc:99) For utterance m1_016, best cost 136.406 + 1658.88 = 1795.28 over 374 frames.
m1_016 ae l ah m ow n iy hh ay m t ah jh ah v f ao r s d m ae n s w eh l f sil 
LOG (lattice-best-path[5.5.1126~1-8c451]:main():lattice-best-path.cc:99) For utterance m1_021, best cost 110.282 + 1584.87 = 1695.16 over 323 frames.
m1_021 sil ow n l iy l ow l eh r s l ah v m ih l iy ah m eh r z 
LOG (lattice-best-path[5.5.1126~1-8c451]:main():lattice-best-path.cc:99) For utterance m1_026, best cost 94.4276 + 1566.88 = 1661.3 over 326 frames.
m1_026 sil d ow ch uw ch aa r l iy z t er d iy d ih sh ah z 
LOG (lattice-best-path[5.5.1126~1-8c451]:main():lattice-best-path.cc:99) For utterance m1_031, best cost 153.326 + 1875.13 = 2028.46 over 415 frames.
m1_031 sil b aa r b z g ow l b r ih z l ih t w ao z ah g r eh jh oy ih sh ah p r eh z ah n 
LOG (lattice-best-path[5.5.1126~1-8c451]:main():lattice-best-path.cc:99) For utterance m1_036, best cost 125.605 + 1732.15 = 1857.76 over 379 frames.
m1_036 sil dh ae s k ah p ow l k ah n b iy ae n er t ae n ih ng k s p w ao r t 
LOG (lattice-best-path[5.5.1126~1-8c451]:main():lattice-best-path.cc:99) For utterance m1_041, best cost 137.825 + 1712.99 = 1850.82 over 398 frames.
m1_041 sil dh ae m ah d eh k s t r ah s t p ih k p aa p ah t s ah k aa p ih sh m ao r sil 
LOG (lattice-best-path[5.5.1126~1-8c451]:main():lattice-best-path.cc:99) For utterance m1_046, best cost 123.704 + 1944.62 = 2068.33 over 421 frames.
m1_046 sil dh iy p r ao l er w ao r s k iy m ae s k f ao r d s k ae ay z sil 
LOG (lattice-best-path[5.5.1126~1-8c451]:main():lattice-best-path.cc:99) For utterance m1_051, best cost 149.771 + 2006.08 = 2155.85 over 421 frames.
m1_051 sil eh n iy k ah k r iy b iy ih sh ah n ah b l ow b iy g r ey t l iy p r ih sh ey t ah d 
LOG (lattice-best-path[5.5.1126~1-8c451]:main():lattice-best-path.cc:99) For utterance m1_056, best cost 168.267 + 2183.48 = 2351.75 over 496 frames.
m1_056 sil l ae sh y er z g ae sh sh ao r uw jh k aa z s t iy t p r ay s ih k ih ng k r iy s ah z sil 
LOG (lattice-best-path[5.5.1126~1-8c451]:main():lattice-best-path.cc:99) For utterance m1_061, best cost 137.088 + 1779.96 = 1917.04 over 422 frames.
m1_061 k l ih s t ih s p l ay iy w ao z m ih z p l ey s t aa n dh iy s k r iy n sil 
LOG (lattice-best-path[5.5.1126~1-8c451]:main():lattice-best-path.cc:99) For utterance m1_066, best cost 124.813 + 1707.92 = 1832.73 over 365 frames.
m1_066 sil b aa p t er z p er s k r ay b d r ay d k s t uw f r iy l iy 
LOG (lattice-best-path[5.5.1126~1-8c451]:main():lattice-best-path.cc:99) For utterance m1_071, best cost 191.158 + 2487.24 = 2678.4 over 544 frames.
m1_071 k w aa p er ey sh ah n ah l l aa ng w ih f ow n d er s t ae n ih ng ih l iy v iy ey p d ih s p y uw d 
LOG (lattice-best-path[5.5.1126~1-8c451]:main():lattice-best-path.cc:99) For utterance m1_076, best cost 95.8453 + 1666.4 = 1762.25 over 355 frames.
m1_076 sil dh iy f ih ng k er ah z ah f ih ng m ah s k ah l ch er sil 
LOG (lattice-best-path[5.5.1126~1-8c451]:main():lattice-best-path.cc:99) For utterance m1_081, best cost 138.021 + 1817.77 = 1955.79 over 397 frames.
m1_081 m eh s k er r ey p aa r iy z t ae k s w aa n z ih m eh jh ah n ih sh ah n sil 
LOG (lattice-best-path[5.5.1126~1-8c451]:main():lattice-best-path.cc:99) For utterance m1_086, best cost 197.988 + 2530.39 = 2728.38 over 555 frames.
m1_086 sil k ih n er g r aa r d ah n ch ih l d ah n t eh k er ey p er k l ae sh f r ah m z f er ao l hh ao l ah d ey z sil 
LOG (lattice-best-path[5.5.1126~1-8c451]:main():lattice-best-path.cc:99) For utterance m1_091, best cost 124.816 + 1843.14 = 1967.95 over 365 frames.
m1_091 ah hh y uw jh t ae p ah s t r iy hh aa n ih n d hh er hh aa l w ey sil 
LOG (lattice-best-path[5.5.1126~1-8c451]:main():lattice-best-path.cc:99) For utterance m1_096, best cost 107.456 + 1767.96 = 1875.41 over 359 frames.
m1_096 sil hh ih s ah v ah n t ah p aa r ch er sh aa p dh iy k ae s t 
LOG (lattice-best-path[5.5.1126~1-8c451]:main():lattice-best-path.cc:99) For utterance m1_101, best cost 96.1827 + 1488.55 = 1584.73 over 310 frames.
m1_101 sil k l ae s t dh iy s k r uw ih n er l ae f t ae n sil 
LOG (lattice-best-path[5.5.1126~1-8c451]:main():lattice-best-path.cc:99) For utterance m1_106, best cost 158.093 + 2013.05 = 2171.14 over 432 frames.
m1_106 sil t r ah s t p ae s ih ng ih z f r er b ih d ah n ah n t s ah b jh eh k t uw p eh n ah l d iy sil 
LOG (lattice-best-path[5.5.1126~1-8c451]:main():lattice-best-path.cc:99) For utterance m1_111, best cost 113.468 + 1518.99 = 1632.45 over 358 frames.
m1_111 sil aa r d ah f ih sh ah l ah n t eh l ah jh ah n s ih z f er r iy l sil 
LOG (lattice-best-path[5.5.1126~1-8c451]:main():lattice-best-path.cc:99) For utterance m1_116, best cost 116.749 + 1632.87 = 1749.62 over 369 frames.
m1_116 sil w iy p l ae n t uw b ih l ih n uw b eh v er jh p ay ae d z 
LOG (lattice-best-path[5.5.1126~1-8c451]:main():lattice-best-path.cc:99) For utterance m1_121, best cost 193.128 + 2602.62 = 2795.75 over 552 frames.
m1_121 s ay n t ih f ih k p r aa r r ah s k ah m z f r ah m dh iy d ih v eh l m ah b ah v ih n d t eh k l iy k s 
LOG (lattice-best-path[5.5.1126~1-8c451]:main():lattice-best-path.cc:99) For utterance m1_126, best cost 161.821 + 1988.13 = 2149.95 over 458 frames.
m1_126 sil w ih ch l aa n ao r d ih k ah l w ao z ah p ey k ih n iy d uw g k l eh r f k ey sh ah n sil 
LOG (lattice-best-path[5.5.1126~1-8c451]:main():lattice-best-path.cc:99) For utterance m1_131, best cost 159.474 + 2084.76 = 2244.23 over 438 frames.
m1_131 sil k er ih k p r eh k s ih k y uw sh ah n ah m ay n jh p r ah sh ah n z ih s k r uw ch ah l sil 
LOG (lattice-best-path[5.5.1126~1-8c451]:main():lattice-best-path.cc:99) For utterance m1_136, best cost 144.516 + 1525.91 = 1670.43 over 373 frames.
m1_136 sil m s k y uw d ow z ih g z ih s t ih n w ao r m k ih m ah d k l ay m ah t s sil 
LOG (lattice-best-path[5.5.1126~1-8c451]:main():lattice-best-path.cc:99) For utterance m1_141, best cost 127.827 + 1872.02 = 1999.85 over 385 frames.
m1_141 sil r ih m uw v ih s p l ah n jh er w ih f ah p eh r ah k t w iy z er z sil 
LOG (lattice-best-path[5.5.1126~1-8c451]:main():lattice-best-path.cc:99) For utterance m1_146, best cost 161.917 + 2319.02 = 2480.93 over 474 frames.
m1_146 sil hh er w ao b er n ah hh eh er er m ay n d ah d hh ih m ah v ao t ah m l iy iy t s 
LOG (lattice-best-path[5.5.1126~1-8c451]:main():lattice-best-path.cc:99) For utterance m1_151, best cost 97.6887 + 1552.06 = 1649.75 over 332 frames.
m1_151 sil uw g uh k dh iy k ay ae k dh ow m ah b ay y uw sil 
LOG (lattice-best-path[5.5.1126~1-8c451]:main():lattice-best-path.cc:99) For utterance m1_156, best cost 166.081 + 2316.8 = 2482.88 over 528 frames.
m1_156 sil w eh v er k w aa p er iy t s ah n f ay n ih ng n ae n s k ae m iy ow b y uw w ao r d ah d 
LOG (lattice-best-path[5.5.1126~1-8c451]:main():lattice-best-path.cc:99) For utterance m1_161, best cost 148.315 + 2143.9 = 2292.22 over 477 frames.
m1_161 sil dh iy k ah d b eh r l iy s iy v ih f y uw ao r jh f r uw dh iy s ah n ah l f l er iy z sil 
LOG (lattice-best-path[5.5.1126~1-8c451]:main():lattice-best-path.cc:99) For utterance m1_166, best cost 118.216 + 1743.05 = 1861.26 over 380 frames.
m1_166 sil dh iy k ae t s m iy aw l w ey z f er t m ay iy iy r z 
LOG (lattice-best-path[5.5.1126~1-8c451]:main():lattice-best-path.cc:99) For utterance m1_171, best cost 135.849 + 1835.41 = 1971.26 over 411 frames.
m1_171 sil d ih s t r ao r ey eh v er iy f ay l r l iy d ih ch uw m ay ao t ah s sil 
LOG (lattice-best-path[5.5.1126~1-8c451]:main():lattice-best-path.cc:99) For utterance m1_176, best cost 92.7399 + 1691.08 = 1783.82 over 331 frames.
m1_176 sil dh ey jh oy iy ah t w eh n ay er aa r jh ih sh ah n sil 
LOG (lattice-best-path[5.5.1126~1-8c451]:main():lattice-best-path.cc:99) For utterance m1_181, best cost 191.302 + 2162.46 = 2353.76 over 502 frames.
m1_181 sil y ah ng ch ih l d er ah n ch uw d ah v f ao r d ih k s p ow sh er t uw k ah n t ey jh ih z d ih z iy z ah z 
LOG (lattice-best-path[5.5.1126~1-8c451]:main():lattice-best-path.cc:99) For utterance m1_186, best cost 122.246 + 1875.18 = 1997.43 over 402 frames.
m1_186 sil iy v ah n ay ah k ey sh ah n ah l iy g uw p ah m ah n d ey b l uw z 
LOG (lattice-best-path[5.5.1126~1-8c451]:main():lattice-best-path.cc:99) For utterance m1_191, best cost 133.266 + 1928.3 = 2061.57 over 418 frames.
m1_191 sil m ay k ah l k aa l er d dh iy b eh b er n w ao l k k r ay aa n z 
LOG (lattice-best-path[5.5.1126~1-8c451]:main():lattice-best-path.cc:99) For utterance m1_196, best cost 148.093 + 2210.43 = 2358.52 over 488 frames.
m1_196 sil dh iy s er m ah n eh m f ah s ay z th ih n iy d f er f er m ah d ih v ae k sh ah n sil 
LOG (lattice-best-path[5.5.1126~1-8c451]:main():lattice-best-path.cc:99) For utterance m1_201, best cost 157.404 + 2027.22 = 2184.63 over 453 frames.
m1_201 sil k ao r iy ah t ae t p ah p r aa jh eh k w ih th ae k s t r ih d ih z t er m ah n ey sh ah n sil 
LOG (lattice-best-path[5.5.1126~1-8c451]:main():lattice-best-path.cc:99) For utterance m1_206, best cost 154.427 + 1792.96 = 1947.39 over 414 frames.
m1_206 sil s t eh f k ah d b eh r l iy hh ae n d ah l dh iy s ay k ah l aa jh ih k ah l t r aa m ah 
LOG (lattice-best-path[5.5.1126~1-8c451]:main():lattice-best-path.cc:99) For utterance m1_211, best cost 112.515 + 1926.06 = 2038.58 over 398 frames.
m1_211 sil p ay r w ey ae n f r iy w ey ih n iy n dh iy s ih ng f ih ng sil 
LOG (lattice-best-path[5.5.1126~1-8c451]:main():lattice-best-path.cc:99) For utterance m1_216, best cost 127.687 + 1931.07 = 2058.76 over 430 frames.
m1_216 sil ih z aa ch er w ao z ih n dh iy ae m y ah l ah n s w ih th dh iy p ey sh ah n z 
LOG (lattice-best-path[5.5.1126~1-8c451]:main():lattice-best-path.cc:99) For utterance m1_221, best cost 118.192 + 1685.03 = 1803.22 over 367 frames.
m1_221 sil hh aw w iy n sh ah n s ah z d ih z s ah b oy ah s k ah l ey t er sil 
LOG (lattice-best-path[5.5.1126~1-8c451]:main():lattice-best-path.cc:99) For utterance m1_226, best cost 126.169 + 1772.18 = 1898.35 over 388 frames.
m1_226 sil dh iy g ao r jh ih z b ow v er f w oy ey t ah l aa t ah v n ah ch er sil 
LOG (lattice-best-path[5.5.1126~1-8c451]:main():lattice-best-path.cc:99) For utterance m1_236, best cost 107.913 + 1602.89 = 1710.8 over 355 frames.
m1_236 hh aw w oy l iy d iy l ay k ih s eh l ah jh er s ih ng 
LOG (lattice-best-path[5.5.1126~1-8c451]:main():lattice-best-path.cc:99) For utterance m1_241, best cost 166.496 + 1829.1 = 1995.59 over 452 frames.
m1_241 sil dh iy jh aa l p er ey t s p ay y uw z ih ng iy ae n t ay k ah n ih s t ih k m ae s ah l z 
LOG (lattice-best-path[5.5.1126~1-8c451]:main():lattice-best-path.cc:99) For utterance m1_246, best cost 132.55 + 1974.07 = 2106.62 over 395 frames.
m1_246 dh iy ae ng r iy b oy iy ae n ch er d ah t d ih v ah n w uh k g ow p 
LOG (lattice-best-path[5.5.1126~1-8c451]:main():lattice-best-path.cc:99) For utterance m1_251, best cost 188.201 + 2466.25 = 2654.45 over 561 frames.
m1_251 sil jh ih f er th er d ih z p er s t iy sh y ih k ey sh ah n l iy r iy t s t ah b ao l s t r iy jh er n ah l sil 
LOG (lattice-best-path[5.5.1126~1-8c451]:main():lattice-best-path.cc:99) For utterance m1_256, best cost 162.442 + 2080.19 = 2242.63 over 461 frames.
m1_256 sil p ay m z p eh er hh er d ao r ih n ah z ey sh ah n z p er m ow p b er f ih n t r ow l sil 
LOG (lattice-best-path[5.5.1126~1-8c451]:main():lattice-best-path.cc:99) For utterance m1_261, best cost 146.864 + 2037.63 = 2184.49 over 450 frames.
m1_261 sil w ih th ah p r uw v k ah l aa sh ah z aa r f er y uw s f ah l ah n s iy aw t ah l sil 
LOG (lattice-best-path[5.5.1126~1-8c451]:main():lattice-best-path.cc:99) For utterance m1_266, best cost 112.48 + 1865.18 = 1977.66 over 395 frames.
m1_266 sil sh uh d jh er ae s p iy k ae t t ah n s m ao l s uw z 
LOG (lattice-best-path[5.5.1126~1-8c451]:main():lattice-best-path.cc:99) For utterance m1_271, best cost 103.263 + 1431.41 = 1534.67 over 320 frames.
m1_271 sil ah m iy g ih s ch ey n sh sh ey k k aa t s ah l iy sil 
LOG (lattice-best-path[5.5.1126~1-8c451]:main():lattice-best-path.cc:99) For utterance m1_276, best cost 112.209 + 1422.26 = 1534.47 over 322 frames.
m1_276 sil ah ch ow z ah n f y uw w ih l dh iy k ah m n jh ah n er ah l z 
LOG (lattice-best-path[5.5.1126~1-8c451]:main():lattice-best-path.cc:99) For utterance m1_281, best cost 213.052 + 2517.51 = 2730.56 over 591 frames.
m1_281 sil m ay d ih s ay er z aa r s ah m p ah l g ih v m iy w aa n ah n f ao r m ah t ah v p er r ae f aa n dh iy s ah b jh eh k sil 
LOG (lattice-best-path[5.5.1126~1-8c451]:main():lattice-best-path.cc:99) For utterance m1_286, best cost 115.985 + 1568.24 = 1684.23 over 359 frames.
m1_286 sil b ae t d aa t ch ey s ih s k ae t s m er s ah l ah s l iy 
LOG (lattice-best-path[5.5.1126~1-8c451]:main():lattice-best-path.cc:99) For utterance m1_291, best cost 133.91 + 1873.63 = 2007.54 over 403 frames.
m1_291 sil dh iy l eh dh er hh ae n v ey d w ih b iy ah s s uw b ah l p iy ah f sil 
LOG (lattice-best-path[5.5.1126~1-8c451]:main():lattice-best-path.cc:99) For utterance m1_296, best cost 218.035 + 2486.61 = 2704.64 over 592 frames.
m1_296 ae l d w er s iy v z ih jh oy d ah p oy n d ih n ah n dh iy b ay aa l ah jh iy ah n ah n jh ah n ih r iy n d ah p aa r t m ah n s sil 
LOG (lattice-best-path[5.5.1126~1-8c451]:main():lattice-best-path.cc:99) For utterance m1_301, best cost 162.272 + 2111.81 = 2274.08 over 494 frames.
m1_301 sil t aa b p l ey z t aa p r ay er ao r d iy ah n g ih t ih ng ih z b ay k f ey k s s 
LOG (lattice-best-path[5.5.1126~1-8c451]:main():lattice-best-path.cc:99) For utterance m1_306, best cost 148.532 + 1808.43 = 1956.96 over 416 frames.
m1_306 dh iy b jh aa r m er k y uw l ih g uw n b aa n d er r aw n f r ah m ay l z 
LOG (lattice-best-path[5.5.1126~1-8c451]:main():lattice-best-path.cc:99) For utterance m1_311, best cost 179.065 + 2552.58 = 2731.64 over 539 frames.
m1_311 sil dh iy f r ay v n t r aw ow p w ao z jh ah n t l iy s ah b jh uw b ay hh ih z b ih d b r ah dh er sil 
LOG (lattice-best-path[5.5.1126~1-8c451]:main():lattice-best-path.cc:99) For utterance m1_316, best cost 213.103 + 2713.27 = 2926.38 over 631 frames.
m1_316 sil dh iy p r iy s k ah l uh k r ih d ah n p er b ah l ay s er f y ah l ih ng d ah b aa th iy ah m er jh ah n s iy k ah n d ih sh ah n z 
LOG (lattice-best-path[5.5.1126~1-8c451]:main():lattice-best-path.cc:99) For utterance m1_321, best cost 130.715 + 1804.13 = 1934.85 over 412 frames.
m1_321 sil ah l er iy er w ao z ah p oy n t ah d t ae k s ih k y uw d hh er w ih l 
LOG (lattice-best-path[5.5.1126~1-8c451]:main():lattice-best-path.cc:99) For utterance m1_326, best cost 170.209 + 2240.91 = 2411.12 over 542 frames.
m1_326 sil dh iy s ih s t ah m m ey b r ey k d aw n s uw n s ah s ey g er f ay l z f r iy k ah b l iy sil 
LOG (lattice-best-path[5.5.1126~1-8c451]:main():lattice-best-path.cc:99) For utterance m1_331, best cost 173.668 + 2483.35 = 2657.02 over 556 frames.
m1_331 sil dh iy g ah m ah n k ae t p ih z f ih k t m k ao r m er d ah k ah m p ao r f er f r iy aw er z 
LOG (lattice-best-path[5.5.1126~1-8c451]:main():lattice-best-path.cc:99) For utterance m1_336, best cost 170.568 + 2077.33 = 2247.89 over 475 frames.
m1_336 sil dh ae t n oy z p r aa b l ah m n g ow z d g r ow z m ao r n oy ih ng iy ch t d ey 
LOG (lattice-best-path[5.5.1126~1-8c451]:main():lattice-best-path.cc:99) For utterance m1_341, best cost 162.554 + 2055.11 = 2217.66 over 455 frames.
m1_341 sil w ih m ah n m ey n eh v er d b iy k aw m m k ah m p l iy dh iy iy k ah l t uw m ae n sil sil 
LOG (lattice-best-path[5.5.1126~1-8c451]:main():lattice-best-path.cc:99) For utterance m1_346, best cost 120.773 + 1504.42 = 1625.19 over 346 frames.
m1_346 w iy b l ow k ah m m ah n iy n ih n z d ah d ah n s iy ch iy er sil 
LOG (lattice-best-path[5.5.1126~1-8c451]:main():lattice-best-path.cc:99) For utterance m1_351, best cost 105.531 + 1753.08 = 1858.61 over 372 frames.
m1_351 sil w ih jh ch er jh d uw dh iy s m ih s w er sh ih p ah n sil 
LOG (lattice-best-path[5.5.1126~1-8c451]:main():lattice-best-path.cc:99) For utterance m1_356, best cost 103.723 + 1524.7 = 1628.42 over 338 frames.
m1_356 dh ey ao l l ay k ah l aa ng hh aa ch sh aw er z 
LOG (lattice-best-path[5.5.1126~1-8c451]:main():lattice-best-path.cc:99) For utterance m1_361, best cost 134.997 + 1661.14 = 1796.14 over 383 frames.
m1_361 sil t ih n t ey z sh iy l ih th t ah s iy m uw v iy s ch w oy s uw w iy sil 
LOG (lattice-best-path[5.5.1126~1-8c451]:main():lattice-best-path.cc:99) For utterance m1_366, best cost 156.233 + 1888.32 = 2044.55 over 444 frames.
m1_366 sil hh er w ao r jh er ah b k ae n s ih s ah v ah b ah l l iy s k er t s ah m b l ao s ah z sil 
LOG (lattice-best-path[5.5.1126~1-8c451]:main():lattice-best-path.cc:99) For utterance m1_371, best cost 140.864 + 1848.64 = 1989.5 over 409 frames.
m1_371 sil t ay d r ay d dh iy s ah b w ey b ae k ae f ah n t ah n ah f ch ey n sh 
LOG (lattice-best-path[5.5.1126~1-8c451]:main():lattice-best-path.cc:99) For utterance m1_376, best cost 135.989 + 1935.4 = 2071.39 over 432 frames.
m1_376 sil m uw v dh iy g aa r b ah jh s n ih r uw dh iy l aa r ch w ih n d ow sil 
LOG (lattice-best-path[5.5.1126~1-8c451]:main():lattice-best-path.cc:99) For utterance m1_381, best cost 159.074 + 2223.45 = 2382.52 over 508 frames.
m1_381 sil w ah n ch uw f ah n ih sh k r iy s ih ng er ch ey n b iy sh er t uw w ao sh s er l iy sil 
LOG (lattice-best-path[5.5.1126~1-8c451]:main():lattice-best-path.cc:99) For utterance m1_386, best cost 171.997 + 2101.63 = 2273.63 over 461 frames.
m1_386 ah k r ae b ch aw n jh s m iy b uh d ih k w ih k s t ae b f ae ng k w ih sh ch ae m sil 
LOG (lattice-best-path[5.5.1126~1-8c451]:main():lattice-best-path.cc:99) For utterance m1_391, best cost 114.799 + 1836.09 = 1950.89 over 386 frames.
m1_391 sil iy ch s t ae g sh er l iy f ay n z ah b ih g f aa n sil 
LOG (lattice-best-path[5.5.1126~1-8c451]:main():lattice-best-path.cc:99) For utterance m1_396, best cost 182.19 + 2299.37 = 2481.56 over 528 frames.
m1_396 dh iy ae v er t ay z ih ng f er s ah v p l ih m ih f er ay ah t iy s t ao r n eh v er ch ey n jh ah z sil 
LOG (lattice-best-path[5.5.1126~1-8c451]:main():lattice-best-path.cc:99) For utterance m1_401, best cost 146.908 + 1960.42 = 2107.33 over 462 frames.
m1_401 sil t aa m ah s f ih ng s ah l aa r jh er k l ae m p s ao l t s ah p r aa b l ah m sil 
LOG (lattice-best-path[5.5.1126~1-8c451]:main():lattice-best-path.cc:99) For utterance m1_406, best cost 197.148 + 2804.71 = 3001.86 over 617 frames.
m1_406 sil dh iy th ih k ey t ow m f ao r z p w ao z ah n ih r l iy g ow v er w eh l m b ay b ae ch uw ow n d z iy z sil 
LOG (lattice-best-path[5.5.1126~1-8c451]:main():lattice-best-path.cc:99) For utterance m1_411, best cost 134.414 + 1710.18 = 1844.6 over 395 frames.
m1_411 sil v ow z m y uw z ih sh ah n z hh aa r m ah l ay z m aa r f ah l ah s l iy 
LOG (lattice-best-path[5.5.1126~1-8c451]:main():lattice-best-path.cc:99) For utterance m1_416, best cost 118.045 + 1969.82 = 2087.87 over 408 frames.
m1_416 sil dh ae t p ih k p aa k ih t ah s k aa t r eh d hh ae n d ih d sil 
LOG (lattice-best-path[5.5.1126~1-8c451]:main():lattice-best-path.cc:99) For utterance m1_421, best cost 118.86 + 1615.08 = 1733.94 over 363 frames.
m1_421 sil ih z b ae n ih k k aa s t uw m t er k w eh k k ah l ah f ah l sil 
LOG (lattice-best-path[5.5.1126~1-8c451]:main():lattice-best-path.cc:99) For utterance m1_426, best cost 165.49 + 2301.85 = 2467.34 over 507 frames.
m1_426 dh iy iy z iy g ow ih ng z w ao l ah jh ih z k w er l ae k s t er ah p dh iy v w oy ey jh sil 
LOG (lattice-best-path[5.5.1126~1-8c451]:main():lattice-best-path.cc:99) For utterance m1_431, best cost 173.521 + 2059.67 = 2233.19 over 467 frames.
m1_431 sil b aa m p r aa f ih p ao r ih n ah z ey sh ah n z hh ah v f r iy p ah n th p aa n b r ih z er z sil 
LOG (lattice-best-path[5.5.1126~1-8c451]:main():lattice-best-path.cc:99) For utterance m1_436, best cost 157.341 + 2219.66 = 2377 over 482 frames.
m1_436 sil b er jh b er k dh ey t f r iy p ah m dh iy ah k er ah z aa n f ay n s k y ah v ih ng 
LOG (lattice-best-path[5.5.1126~1-8c451]:main():lattice-best-path.cc:99) For utterance m1_441, best cost 110.742 + 1630.99 = 1741.74 over 358 frames.
m1_441 sil r aa k ah n r ah l m y uw z ih k ae z ih g r ey t r dh iy m sil 
LOG (lattice-best-path[5.5.1126~1-8c451]:main():lattice-best-path.cc:99) For utterance m1_446, best cost 136.05 + 1884.84 = 2020.89 over 412 frames.
m1_446 dh iy s p iy ch s ah m p ow z iy ah m ay k b iy g ih n aa n m ah n d ey sil 
LOG (lattice-best-path[5.5.1126~1-8c451]:main():lattice-best-path.cc:99) For utterance m1_451, best cost 165.235 + 2374.07 = 2539.3 over 513 frames.
m1_451 sil sh er d er ah n k ae n k ah n s uw m m ah n iy f r uw t r ah l ah p s ah m ow n s ih t ih ng 
LOG (lattice-best-path[5.5.1126~1-8c451]:main():lattice-best-path.cc:99) For utterance m1_456, best cost 153.037 + 2535.1 = 2688.14 over 518 frames.
m1_456 sil ah m ao l th ih z ih g jh ae b ah l ao ng dh iy p ae f t er aa t ow z g aa r d n sil 
LOG (lattice-best-path[5.5.1126~1-8c451]:main():lattice-best-path.cc:99) For utterance m3_001, best cost 70.9287 + 869.313 = 940.241 over 246 frames.
m3_001 sil dh ih s ah z iy z y uw f ao r ah s sil 
LOG (lattice-best-path[5.5.1126~1-8c451]:main():lattice-best-path.cc:99) For utterance m3_006, best cost 103.612 + 1231.15 = 1334.77 over 352 frames.
m3_006 sil w ay g ae l er w ao r iy ow v er s ah l iy ae d ah m z sil 
LOG (lattice-best-path[5.5.1126~1-8c451]:main():lattice-best-path.cc:99) For utterance m3_011, best cost 88.7849 + 1081.47 = 1170.25 over 299 frames.
m3_011 sil s w ih n y uh r aa r m ih z hh ay z iy k ae n sil 
LOG (lattice-best-path[5.5.1126~1-8c451]:main():lattice-best-path.cc:99) For utterance m3_016, best cost 131.247 + 1337.01 = 1468.26 over 351 frames.
m3_016 sil ae l ah m ow n iy hh aw er ah n d ah d ah v w ao r ch m ae n t w ao l p sil 
LOG (lattice-best-path[5.5.1126~1-8c451]:main():lattice-best-path.cc:99) For utterance m3_021, best cost 99.6107 + 1102.99 = 1202.6 over 291 frames.
m3_021 sil sil ah n l iy l ey er z l ah b n ay ey n er z sil 
LOG (lattice-best-path[5.5.1126~1-8c451]:main():lattice-best-path.cc:99) For utterance m3_026, best cost 91.0041 + 1046.4 = 1137.41 over 293 frames.
m3_026 sil d ow t uw ch r l iy z t er iy g ih sh ah z sil 
LOG (lattice-best-path[5.5.1126~1-8c451]:main():lattice-best-path.cc:99) For utterance m3_031, best cost 138.697 + 1568.98 = 1707.68 over 401 frames.
m3_031 sil sil aa r b ah l b r iy s l iy w ao z g r ay t uw ey sh ah b r ah z ah m sil 
LOG (lattice-best-path[5.5.1126~1-8c451]:main():lattice-best-path.cc:99) For utterance m3_036, best cost 115.805 + 1210.09 = 1325.9 over 346 frames.
m3_036 sil b ae s k ah b aa p ah n b iy n er t ih n ih ng s p w ao r t sil 
LOG (lattice-best-path[5.5.1126~1-8c451]:main():lattice-best-path.cc:99) For utterance m3_041, best cost 130.608 + 1314.87 = 1445.48 over 348 frames.
m3_041 sil eh m ah d eh k s t er z p ih k p aa k ah t s ah k aa p ah s m ao r k sil 
LOG (lattice-best-path[5.5.1126~1-8c451]:main():lattice-best-path.cc:99) For utterance m3_046, best cost 114.177 + 1292.71 = 1406.89 over 358 frames.
m3_046 sil dh iy p r aa l ah w ao r ah s k iy m ae s f r er d s k ay s sil 
LOG (lattice-best-path[5.5.1126~1-8c451]:main():lattice-best-path.cc:99) For utterance m3_051, best cost 138.332 + 1406.4 = 1544.73 over 388 frames.
m3_051 sil eh n iy k ah n t ah b y uw sh ah n d ah b ih g r ey t l iy ah p r ih sh ey t ah d sil 
LOG (lattice-best-path[5.5.1126~1-8c451]:main():lattice-best-path.cc:99) For utterance m3_056, best cost 142.006 + 1463.17 = 1605.17 over 421 frames.
m3_056 sil l ae s t uw z g ae sh ao r ih jh k aa ah s t iy p r ay s ih ng k r iy s ah z sil 
LOG (lattice-best-path[5.5.1126~1-8c451]:main():lattice-best-path.cc:99) For utterance m3_061, best cost 127.308 + 1213.72 = 1341.03 over 352 frames.
m3_061 sil k l ih s t ih s p l oy iy w ao z ah s p l ey s t ah n dh iy s k r iy n sil 
LOG (lattice-best-path[5.5.1126~1-8c451]:main():lattice-best-path.cc:99) For utterance m3_066, best cost 116.043 + 1083.79 = 1199.83 over 318 frames.
m3_066 sil d ae k t ih s p er s k r ae d d er ah d s t uw f r iy g l iy sil 
LOG (lattice-best-path[5.5.1126~1-8c451]:main():lattice-best-path.cc:99) For utterance m3_071, best cost 159.425 + 1609.85 = 1769.27 over 439 frames.
m3_071 sil k w aa p r ey sh ow l ao ng z ah n er s t ae n d ih ng ah l iy g y uw g d ih s p y uw t sil 
LOG (lattice-best-path[5.5.1126~1-8c451]:main():lattice-best-path.cc:99) For utterance m3_076, best cost 95.0441 + 1248.81 = 1343.85 over 319 frames.
m3_076 sil dh iy th ih ng t er z ah f ey m ah s k ah l t ch er sil 
LOG (lattice-best-path[5.5.1126~1-8c451]:main():lattice-best-path.cc:99) For utterance m3_081, best cost 134.79 + 1403.79 = 1538.58 over 363 frames.
m3_081 sil m ae s k r ey p aa r t iy z t ae k s aa n z ah m ae d n ey sh ah sil 
LOG (lattice-best-path[5.5.1126~1-8c451]:main():lattice-best-path.cc:99) For utterance m3_086, best cost 162.511 + 1970.79 = 2133.3 over 522 frames.
m3_086 sil k ih n d er ah n ch ow t er n d eh k r ey d ih k l ae sh er m sh r ao hh ao l d ey z sil 
LOG (lattice-best-path[5.5.1126~1-8c451]:main():lattice-best-path.cc:99) For utterance m3_091, best cost 103.045 + 1130.81 = 1233.85 over 320 frames.
m3_091 sil ah hh y uw jh t ae p ah s t r iy hh aa n er ao l ay t sil 
LOG (lattice-best-path[5.5.1126~1-8c451]:main():lattice-best-path.cc:99) For utterance m3_096, best cost 105.64 + 1357.11 = 1462.75 over 365 frames.
m3_096 sil hh er s eh t ah n d ah p aa r t er z sh aa k ah k ae s t sil 
LOG (lattice-best-path[5.5.1126~1-8c451]:main():lattice-best-path.cc:99) For utterance m3_101, best cost 96.9197 + 1218.9 = 1315.82 over 307 frames.
m3_101 sil k l ae f dh iy s t r uw ih n y ah l ao f t ae n d sil 
LOG (lattice-best-path[5.5.1126~1-8c451]:main():lattice-best-path.cc:99) For utterance m3_106, best cost 147.708 + 1301.25 = 1448.96 over 374 frames.
m3_106 sil t r eh s t ae s ih ng ih z f r er b ih t ah n ah n s ah b ih k t uw p aw l k l iy sil 
LOG (lattice-best-path[5.5.1126~1-8c451]:main():lattice-best-path.cc:99) For utterance m3_111, best cost 114.685 + 1092.19 = 1206.87 over 322 frames.
m3_111 sil ae d ah f ih sh ah l ah n t eh l ah jh ah n s ah z f er r iy ah l sil 
LOG (lattice-best-path[5.5.1126~1-8c451]:main():lattice-best-path.cc:99) For utterance m3_116, best cost 110.562 + 1442.85 = 1553.42 over 363 frames.
m3_116 sil w iy p l ae n d ah b ih l d ah n uw b eh v er jh p l ah n t sil 
LOG (lattice-best-path[5.5.1126~1-8c451]:main():lattice-best-path.cc:99) For utterance m3_121, best cost 194.494 + 1871.54 = 2066.03 over 502 frames.
m3_121 sil s ay n t ih v ih k p r ay g r eh s k aa n f r ah m dh ih b ah l ah m ah n t ah v n ey t eh k m ey t k s sil 
LOG (lattice-best-path[5.5.1126~1-8c451]:main():lattice-best-path.cc:99) For utterance m3_126, best cost 144.016 + 1577.2 = 1721.21 over 422 frames.
m3_126 sil w ih t s l aa n aa r d ih k ah l w ao z ah p ey k ah n ih g l er f ah k ey sh ah n sil 
LOG (lattice-best-path[5.5.1126~1-8c451]:main():lattice-best-path.cc:99) For utterance m3_131, best cost 152.618 + 1393.14 = 1545.76 over 412 frames.
m3_131 sil k r eh k t ih k s ih k y ih sh ah n ah m ay n jh t r ah sh ah n z ah z k r ih sh ow l sil 
LOG (lattice-best-path[5.5.1126~1-8c451]:main():lattice-best-path.cc:99) For utterance m3_136, best cost 145.053 + 1413.83 = 1558.89 over 360 frames.
m3_136 sil m ih s t iy g ow z ah g z ah s t ih n w ao r m y uw m ah k l aa n ah t sil s sil sil 
LOG (lattice-best-path[5.5.1126~1-8c451]:main():lattice-best-path.cc:99) For utterance m3_141, best cost 117.13 + 1268.43 = 1385.56 over 354 frames.
m3_141 sil r ih m uw v ih s p ah n jh er w ao z ah p eh r k t w iy z er z sil 
LOG (lattice-best-path[5.5.1126~1-8c451]:main():lattice-best-path.cc:99) For utterance m3_146, best cost 132.608 + 1951.39 = 2083.99 over 495 frames.
m3_146 sil hh er ao ao r n hh ae t er r iy m ay n hh ih m ah v w aa r m l iy z 
LOG (lattice-best-path[5.5.1126~1-8c451]:main():lattice-best-path.cc:99) For utterance m3_151, best cost 108.449 + 1218.27 = 1326.71 over 315 frames.
m3_151 sil w uw ch ah v dh iy k ay ae t b aa n dh iy b ay y uw sil sil 
LOG (lattice-best-path[5.5.1126~1-8c451]:main():lattice-best-path.cc:99) For utterance m3_156, best cost 183.738 + 1956.07 = 2139.81 over 522 frames.
m3_156 sil w eh v er k w aa p r ey t s ah n th p ay n iy n ae n s k ae m ow l b iy ow b g uw w ao r d ah n d 
LOG (lattice-best-path[5.5.1126~1-8c451]:main():lattice-best-path.cc:99) For utterance m3_161, best cost 143.696 + 1595.8 = 1739.5 over 430 frames.
m3_161 sil dh iy k ah n b eh r l iy s iy t ih f y uw ao r jh t uw dh iy s ah n ow th l er iy z sil 
LOG (lattice-best-path[5.5.1126~1-8c451]:main():lattice-best-path.cc:99) For utterance m3_166, best cost 104.484 + 1361.97 = 1466.46 over 359 frames.
m3_166 sil dh iy k ae n iy aw w iy z hh aa r jh m ay y er z sil 
LOG (lattice-best-path[5.5.1126~1-8c451]:main():lattice-best-path.cc:99) For utterance m3_171, best cost 129.453 + 1319.37 = 1448.83 over 354 frames.
m3_171 sil d ih s t r ay ah v er iy f ay aw er dh iy d ah d z m ay ao t ah t s sil 
LOG (lattice-best-path[5.5.1126~1-8c451]:main():lattice-best-path.cc:99) For utterance m3_176, best cost 84.5678 + 1021 = 1105.57 over 265 frames.
m3_176 sil dh ey n jh oy ey t w aa n ay ae b ih sh ah n sil 
LOG (lattice-best-path[5.5.1126~1-8c451]:main():lattice-best-path.cc:99) For utterance m3_181, best cost 168.175 + 1751.32 = 1919.5 over 455 frames.
m3_181 sil iy aa n ch eh l d er n ch uw oy d ih k s p ow zh er t ih k ah n t ey d ih s t ih z iy z ah z sil 
LOG (lattice-best-path[5.5.1126~1-8c451]:main():lattice-best-path.cc:99) For utterance m3_186, best cost 109.117 + 1494.71 = 1603.83 over 351 frames.
m3_186 sil iy n ay ah k ey t ah l iy t ih p ah m ah n d ih b l uw z sil 
LOG (lattice-best-path[5.5.1126~1-8c451]:main():lattice-best-path.cc:99) For utterance m3_191, best cost 109.488 + 1709.55 = 1819.04 over 445 frames.
m3_191 sil m ay k ah k aa d dh iy b eh d er m ao l s k r ay ae n z sil 
LOG (lattice-best-path[5.5.1126~1-8c451]:main():lattice-best-path.cc:99) For utterance m3_196, best cost 148.208 + 1506.14 = 1654.35 over 432 frames.
m3_196 sil dh iy s er m ah n ah m z ah s ay z dh iy n iy d f er f er m er d ah b ae k sh ah n sil 
LOG (lattice-best-path[5.5.1126~1-8c451]:main():lattice-best-path.cc:99) For utterance m3_201, best cost 147.355 + 1482.99 = 1630.35 over 404 frames.
m3_201 sil k ao r iy ah t ae k dh iy p r aa jh eh k ah z eh k s sh ih z t er m ah n ey sh ah n sil 
LOG (lattice-best-path[5.5.1126~1-8c451]:main():lattice-best-path.cc:99) For utterance m3_206, best cost 150.079 + 1461.21 = 1611.29 over 387 frames.
m3_206 sil s t ae f k ah d b eh r ah t iy hh ae n d ah l dh iy s ay k ah l aa ch ah b ah l t r aa t sil 
LOG (lattice-best-path[5.5.1126~1-8c451]:main():lattice-best-path.cc:99) For utterance m3_211, best cost 113.089 + 1271.71 = 1384.8 over 317 frames.
m3_211 sil hh ay ow ey ae n f r iy w ey m iy n s ey n f ae ng sil sil 
LOG (lattice-best-path[5.5.1126~1-8c451]:main():lattice-best-path.cc:99) For utterance m3_216, best cost 117.785 + 1393.37 = 1511.15 over 367 frames.
m3_216 sil ay t aa p t uw w ao z ah n dh ae m dh iy ow n s ah v dh iy p ey sh ah n sil 
LOG (lattice-best-path[5.5.1126~1-8c451]:main():lattice-best-path.cc:99) For utterance m3_221, best cost 111.478 + 1384.51 = 1495.99 over 334 frames.
m3_221 sil hh aw w ey n t ih n ih z ah s ah b oy eh s k ah l ey t er sil sil 
LOG (lattice-best-path[5.5.1126~1-8c451]:main():lattice-best-path.cc:99) For utterance m3_226, best cost 122.14 + 1249.79 = 1371.93 over 349 frames.
m3_226 sil dh iy g w ao r d ih z b aa t er f l ay ey d ah l aa t n ae k t er sil 
LOG (lattice-best-path[5.5.1126~1-8c451]:main():lattice-best-path.cc:99) For utterance m3_231, best cost 106.054 + 1056.27 = 1162.32 over 286 frames.
m3_231 sil w eh r ah k ow p ah d eh v er iy m ah n d ih m ao r n ih ng sil 
LOG (lattice-best-path[5.5.1126~1-8c451]:main():lattice-best-path.cc:99) For utterance m3_236, best cost 108.339 + 1359.13 = 1467.47 over 339 frames.
m3_236 sil hh aw w oy l iy b iy ah l ey t er s ae l ah d er ah s ih ng sil 
LOG (lattice-best-path[5.5.1126~1-8c451]:main():lattice-best-path.cc:99) For utterance m3_241, best cost 145.959 + 1366.06 = 1512.01 over 386 frames.
m3_241 sil dh iy d r ao aa b r iy p s p l iy z ih ng ih n t ay k ah n ih s t ah k m ah s ah l z sil 
LOG (lattice-best-path[5.5.1126~1-8c451]:main():lattice-best-path.cc:99) For utterance m3_246, best cost 119.392 + 1468.43 = 1587.82 over 382 frames.
m3_246 sil dh iy ae n r uw b oy ay ae n ch er d b ah t d ih m ah p r aw t sil 
LOG (lattice-best-path[5.5.1126~1-8c451]:main():lattice-best-path.cc:99) For utterance m3_251, best cost 185.913 + 1855.01 = 2040.92 over 519 frames.
m3_251 sil d ih f er dh er ih s p ah s t iy iy z sh iy k ey z ah n l iy r iy jh ah dh iy w ao l s t r iy jh er n ah l 
LOG (lattice-best-path[5.5.1126~1-8c451]:main():lattice-best-path.cc:99) For utterance m3_256, best cost 167.472 + 1766.16 = 1933.64 over 462 frames.
m3_256 sil p l ae n p ey er n hh ae d er iy n d ih z ey sh ah n z p r r ah b er th k ah n t r ao l sil 
LOG (lattice-best-path[5.5.1126~1-8c451]:main():lattice-best-path.cc:99) For utterance m3_261, best cost 133.692 + 1441.62 = 1575.31 over 393 frames.
m3_261 sil w ah dh iy p er s p ah l aa s ih z er f er y uw z f ah l ah n s iy aa l sil 
LOG (lattice-best-path[5.5.1126~1-8c451]:main():lattice-best-path.cc:99) For utterance m3_266, best cost 104.755 + 1305.69 = 1410.44 over 340 frames.
m3_266 sil sh ih jh er ae s b iy k ae k t ah n s t ow l z uw z sil 
LOG (lattice-best-path[5.5.1126~1-8c451]:main():lattice-best-path.cc:99) For utterance m3_271, best cost 110.053 + 1147.5 = 1257.55 over 302 frames.
m3_271 sil ah m iy d ih s ch ey n sh ey t k aa n ch s ah l iy sil sil 
LOG (lattice-best-path[5.5.1126~1-8c451]:main():lattice-best-path.cc:99) For utterance m3_276, best cost 124.181 + 1234.63 = 1358.81 over 319 frames.
m3_276 sil ah th y uw t ch ow z ah n th iy ow w iy k aw n jh aa n er ah l z sil 
LOG (lattice-best-path[5.5.1126~1-8c451]:main():lattice-best-path.cc:99) For utterance m3_281, best cost 204.965 + 1972.31 = 2177.27 over 543 frames.
m3_281 sil m ay n d ih z ay er n ah s ah p ah l sil g ih m iy w aa n ah n f ao r m ah t uw p eh r ae k ah m dh iy s ah b jh ah t sil 
LOG (lattice-best-path[5.5.1126~1-8c451]:main():lattice-best-path.cc:99) For utterance m3_286, best cost 111.264 + 1198.8 = 1310.06 over 327 frames.
m3_286 sil dh ae d d aa ch ih z ih z k ae t s m er s ao l z s l iy sil 
LOG (lattice-best-path[5.5.1126~1-8c451]:main():lattice-best-path.cc:99) For utterance m3_291, best cost 131.027 + 1400.73 = 1531.76 over 364 frames.
m3_291 sil ah l ah dh er hh ae n b ae g w ih b iy ah s ah d ah b ah l g eh v f sil sil 
LOG (lattice-best-path[5.5.1126~1-8c451]:main():lattice-best-path.cc:99) For utterance m3_296, best cost 195.61 + 2285.03 = 2480.64 over 584 frames.
m3_296 sil hh aw er s iy d ih d er t ah p oy m ah n t ah n dh iy b y ao aw l ah jh iy ae n ah n jh n ih r iy g p aa r z sil 
LOG (lattice-best-path[5.5.1126~1-8c451]:main():lattice-best-path.cc:99) For utterance m3_301, best cost 158.503 + 1694.49 = 1853 over 443 frames.
m3_301 sil t aa b p l ay z t aa p r ay er d iy ae ng g ah d ih ng ih z b ay k f r ih k k s t sil 
LOG (lattice-best-path[5.5.1126~1-8c451]:main():lattice-best-path.cc:99) For utterance m3_306, best cost 155.602 + 1651.36 = 1806.96 over 414 frames.
m3_306 sil dh iy d aa r k m er f y uw dh iy g uw n w aa p t er aw m sil f er m aa n ah l z sil 
LOG (lattice-best-path[5.5.1126~1-8c451]:main():lattice-best-path.cc:99) For utterance m3_311, best cost 153.587 + 1718.1 = 1871.69 over 473 frames.
m3_311 sil dh iy f r ay t n s ae t ah l ah jh ah n ay s ah n jh uw b ay z b ih g b r ah dh iy er sil sil 
LOG (lattice-best-path[5.5.1126~1-8c451]:main():lattice-best-path.cc:99) For utterance m3_316, best cost 197.593 + 1959.37 = 2156.97 over 569 frames.
m3_316 sil dh iy p r iy s k ah l er k ah n g er b l ay s er f y ah l ih ng z ah b aw p iy m ao r jh ah n s iy k ah n d ih sh ah n z sil 
LOG (lattice-best-path[5.5.1126~1-8c451]:main():lattice-best-path.cc:99) For utterance m3_321, best cost 107.952 + 1289.27 = 1397.22 over 357 frames.
m3_321 sil ah l er w ao z ah p ay n s uw eh k s ih k y uw t er w eh l sil 
LOG (lattice-best-path[5.5.1126~1-8c451]:main():lattice-best-path.cc:99) For utterance m3_326, best cost 159.897 + 1705.16 = 1865.05 over 464 frames.
m3_326 sil dh iy s ih s t uw m ey b r ey g aa n s sh ah n s ah s ey t er f ay l s f r iy k w ah b l iy sil 
LOG (lattice-best-path[5.5.1126~1-8c451]:main():lattice-best-path.cc:99) For utterance m3_331, best cost 165.385 + 1744.17 = 1909.55 over 472 frames.
m3_331 sil dh iy g aa n m ey k ah p ih z v ih k t ah n k ao er d ih k ah m p oy d f r ih th r iy aw er z sil 
LOG (lattice-best-path[5.5.1126~1-8c451]:main():lattice-best-path.cc:99) For utterance m3_336, best cost 141.025 + 1386.1 = 1527.12 over 372 frames.
m3_336 sil dh ae t n oy z p r aa b ah ng g r ow z m ao r n ow ay n iy ch d ey sil 
LOG (lattice-best-path[5.5.1126~1-8c451]:main():lattice-best-path.cc:99) For utterance m3_341, best cost 135.648 + 1456.26 = 1591.9 over 384 frames.
m3_341 sil dh iy m ah n m ah n eh v er b iy k ah ng k ah m p l ey t iy k w uh k t ah m ah n sil 
LOG (lattice-best-path[5.5.1126~1-8c451]:main():lattice-best-path.cc:99) For utterance m3_346, best cost 107.678 + 1362.18 = 1469.85 over 371 frames.
m3_346 sil w iy w aa p ah m eh n iy n ih s t uw d ih n s iy ch iy er sil 
LOG (lattice-best-path[5.5.1126~1-8c451]:main():lattice-best-path.cc:99) For utterance m3_351, best cost 102.191 + 1465.46 = 1567.65 over 412 frames.
m3_351 sil w ih ch ch er jh dh ih s m ih s er sh er b ah n 
LOG (lattice-best-path[5.5.1126~1-8c451]:main():lattice-best-path.cc:99) For utterance m3_356, best cost 79.9356 + 1140.61 = 1220.54 over 307 frames.
m3_356 sil dh ae l ay k l ao ng hh ay ch aw er z sil 
LOG (lattice-best-path[5.5.1126~1-8c451]:main():lattice-best-path.cc:99) For utterance m3_361, best cost 133.566 + 1344.33 = 1477.9 over 368 frames.
m3_361 sil k ae n t ey k s sh iy ah l uh d ih s iy m uw v iy z t ay s uw iy sil sil 
LOG (lattice-best-path[5.5.1126~1-8c451]:main():lattice-best-path.cc:99) For utterance m3_366, best cost 123.66 + 1382.74 = 1506.4 over 393 frames.
m3_366 sil hh er w ao r d er k ah n s ih s t ah l ih s k er k s ah n b aa s ah z 
LOG (lattice-best-path[5.5.1126~1-8c451]:main():lattice-best-path.cc:99) For utterance m3_371, best cost 129.863 + 1461.64 = 1591.5 over 389 frames.
m3_371 sil ay d r ay d dh iy s ao b oy ey b ah t ah hh aw m ah n ah ch ey n jh sil 
LOG (lattice-best-path[5.5.1126~1-8c451]:main():lattice-best-path.cc:99) For utterance m3_376, best cost 126.909 + 1331.23 = 1458.14 over 338 frames.
m3_376 sil m uw v dh iy g aa r v er jh n ih r z ow l aa r d w ah n d ah sil 
LOG (lattice-best-path[5.5.1126~1-8c451]:main():lattice-best-path.cc:99) For utterance m3_381, best cost 145.618 + 1580.19 = 1725.81 over 453 frames.
m3_381 sil w aa n t uw f eh n ah s k r iy s ih ng er ch ey n d ih sh er t er w aa s p er ah l iy sil 
LOG (lattice-best-path[5.5.1126~1-8c451]:main():lattice-best-path.cc:99) For utterance m3_386, best cost 148.038 + 1517.4 = 1665.44 over 425 frames.
m3_386 sil ah k r ae b k ae l ah n z m iy n b ah k w ih k s t ae v eh n g w ih sh t ah n 
LOG (lattice-best-path[5.5.1126~1-8c451]:main():lattice-best-path.cc:99) For utterance m3_391, best cost 117.263 + 1091 = 1208.26 over 314 frames.
m3_391 sil iy t s t ae d sh er l iy f ay n t uw b ih g f l ao m 
LOG (lattice-best-path[5.5.1126~1-8c451]:main():lattice-best-path.cc:99) For utterance m3_396, best cost 158.357 + 1696.94 = 1855.3 over 482 frames.
m3_396 sil dh iy ae t ay z ih ng p er s ah p l ah n dh iy f er ay d iy s t ao r n eh v er ch ey n jh ah z sil 
LOG (lattice-best-path[5.5.1126~1-8c451]:main():lattice-best-path.cc:99) For utterance m3_401, best cost 138.625 + 1406.73 = 1545.35 over 378 frames.
m3_401 sil t aa m ah s ih ng s ah l aa r jh er k l ay ah ch sh ao l s ah p r aa b l ah m sil 
LOG (lattice-best-path[5.5.1126~1-8c451]:main():lattice-best-path.cc:99) For utterance m3_406, best cost 170.143 + 1833.22 = 2003.37 over 493 frames.
m3_406 sil dh iy f ih k aw n f ao r ah s f ah z eh r l iy ow v er w eh l m b ah d eh ch aa m z ih z iy z sil 
LOG (lattice-best-path[5.5.1126~1-8c451]:main():lattice-best-path.cc:99) For utterance m3_411, best cost 120.749 + 1305.58 = 1426.33 over 345 frames.
m3_411 sil sil dh ow z n iy z ih sh ah n z hh aa m ay z m aa r b ah l z sil 
LOG (lattice-best-path[5.5.1126~1-8c451]:main():lattice-best-path.cc:99) For utterance m3_416, best cost 111.88 + 1252.86 = 1364.74 over 322 frames.
m3_416 sil b ae t p ih p aa k uw w ao z k aa g r eh d hh ae n d ah d sil 
LOG (lattice-best-path[5.5.1126~1-8c451]:main():lattice-best-path.cc:99) For utterance m3_421, best cost 103.969 + 1090.62 = 1194.58 over 309 frames.
m3_421 sil ih s p eh n ih k aa s t ah n z er k w ay k ah l er f ao l sil 
LOG (lattice-best-path[5.5.1126~1-8c451]:main():lattice-best-path.cc:99) For utterance m3_426, best cost 145.471 + 1660.81 = 1806.28 over 420 frames.
m3_426 sil dh iy iy z iy g ow ah n z aa l ah jh ih s t r ih l ae k s t er ah b ah b oy ih jh sil 
LOG (lattice-best-path[5.5.1126~1-8c451]:main():lattice-best-path.cc:99) For utterance m3_431, best cost 154.927 + 1478.75 = 1633.68 over 422 frames.
m3_431 sil n aa n p r aa v r ao r ih n ih z ey sh ah n s eh v f r iy g ah n f ah n r ih z er z sil 
LOG (lattice-best-path[5.5.1126~1-8c451]:main():lattice-best-path.cc:99) For utterance m3_436, best cost 138.668 + 1398.71 = 1537.38 over 390 frames.
m3_436 sil hh er z b er th ey f r iy k ah m ey k er ih z ah m b ih g z k ih v ih ng sil 
LOG (lattice-best-path[5.5.1126~1-8c451]:main():lattice-best-path.cc:99) For utterance m3_441, best cost 113.017 + 1421.94 = 1534.96 over 381 frames.
m3_441 sil r aa k ah n m ow n iy z ih k ae z ih g r ey g r eh t ah m sil 
LOG (lattice-best-path[5.5.1126~1-8c451]:main():lattice-best-path.cc:99) For utterance m3_446, best cost 123.382 + 1398.17 = 1521.55 over 355 frames.
m3_446 sil dh iy s p iy t s ah m b ow z iy ah m ay t b iy g ae n ah m ah n d ey sil 
LOG (lattice-scale[5.5.1126~1-8c451]:main():lattice-scale.cc:107) Done 363 lattices.
LOG (lattice-best-path[5.5.1126~1-8c451]:main():lattice-best-path.cc:99) For utterance m3_451, best cost 149.779 + 1695.37 = 1845.15 over 472 frames.
m3_451 sil t uw ow v er k ih ng d ih n s uw m ah n iy f er g r ah l ow t s ah m ah n s ih d ih ng sil 
LOG (lattice-best-path[5.5.1126~1-8c451]:main():lattice-best-path.cc:99) For utterance m3_456, best cost 135.567 + 1578.82 = 1714.39 over 429 frames.
m3_456 sil ah m ao s ih g z ae g ah l ao ng dh iy p ae s er aa t ow z g aa r d ah n sil 
LOG (lattice-add-penalty[5.5.1126~1-8c451]:main():lattice-add-penalty.cc:62) Done adding word insertion penalty to 363 lattices.
LOG (lattice-best-path[5.5.1126~1-8c451]:main():lattice-best-path.cc:124) Overall cost per frame is 4.53531 = 0.33536 [graph] + 4.19994 [acoustic] over 144532 frames.
LOG (lattice-best-path[5.5.1126~1-8c451]:main():lattice-best-path.cc:128) Done 363 lattices, failed for 0
# Accounting: time=5 threads=1
# Ended (code 0) at Mon Apr 29 13:55:31 EEST 2024, elapsed time 5 seconds
