# lattice-scale --inv-acoustic-scale=10 "ark:gunzip -c ./exp/tri_bg/decode_dnn/lat.*.gz|" ark:- | lattice-add-penalty --word-ins-penalty=0.0 ark:- ark:- | lattice-best-path --word-symbol-table=./exp/tri_bg/graph/words.txt ark:- ark,t:- | utils/int2sym.pl -f 2- ./exp/tri_bg/graph/words.txt | cat > ./exp/tri_bg/decode_dnn/scoring_kaldi/penalty_0.0/10.txt 
# Started at Mon Apr 29 13:55:35 EEST 2024
#
lattice-scale --inv-acoustic-scale=10 'ark:gunzip -c ./exp/tri_bg/decode_dnn/lat.*.gz|' ark:- 
lattice-best-path --word-symbol-table=./exp/tri_bg/graph/words.txt ark:- ark,t:- 
lattice-add-penalty --word-ins-penalty=0.0 ark:- ark:- 
LOG (lattice-best-path[5.5.1126~1-8c451]:main():lattice-best-path.cc:99) For utterance f1_001, best cost 63.9378 + 238.134 = 302.072 over 237 frames.
f1_001 sil ih s w ih z iy s iy f er aw s sil 
LOG (lattice-best-path[5.5.1126~1-8c451]:main():lattice-best-path.cc:99) For utterance f1_006, best cost 86.4558 + 303.151 = 389.607 over 338 frames.
f1_006 sil w ay ey l ao r iy ow v er s ah l iy ay d ah n z sil 
LOG (lattice-best-path[5.5.1126~1-8c451]:main():lattice-best-path.cc:99) For utterance f1_011, best cost 71.1195 + 311.338 = 382.457 over 306 frames.
f1_011 sil s w iy aa r ah z hh ay z iy k aw n sil 
LOG (lattice-best-path[5.5.1126~1-8c451]:main():lattice-best-path.cc:99) For utterance f1_016, best cost 93.5574 + 316.796 = 410.353 over 336 frames.
f1_016 sil ae l ah n iy hh ay z ah d ih f ao r s k ae n d ah l sil 
LOG (lattice-best-path[5.5.1126~1-8c451]:main():lattice-best-path.cc:99) For utterance f1_021, best cost 63.6704 + 302.587 = 366.258 over 290 frames.
f1_021 sil ah l iy l ay er z ah l er sil s sil 
LOG (lattice-best-path[5.5.1126~1-8c451]:main():lattice-best-path.cc:99) For utterance f1_026, best cost 85.6069 + 284.322 = 369.929 over 305 frames.
f1_026 sil d ow n t uw ch er l iy s t er d iy d ih sh ah z sil 
LOG (lattice-best-path[5.5.1126~1-8c451]:main():lattice-best-path.cc:99) For utterance f1_031, best cost 116.797 + 355.401 = 472.198 over 395 frames.
f1_031 sil aa r s k ah l p er iy s l w ao z ah p er t uw ey sh ah n er z ah n sil 
LOG (lattice-best-path[5.5.1126~1-8c451]:main():lattice-best-path.cc:99) For utterance f1_036, best cost 89.9069 + 329.549 = 419.456 over 353 frames.
f1_036 sil eh s ah b aa n dh iy ae n t er t ih ng s w ao r t sil 
LOG (lattice-best-path[5.5.1126~1-8c451]:main():lattice-best-path.cc:99) For utterance f1_041, best cost 93.0796 + 339.903 = 432.982 over 363 frames.
f1_041 sil dh ae sh ih z dh iy p aa k aa m p l ih sh ah n aa r sil 
LOG (lattice-best-path[5.5.1126~1-8c451]:main():lattice-best-path.cc:99) For utterance f1_046, best cost 84.7264 + 350.8 = 435.526 over 373 frames.
f1_046 sil dh iy p r l ao r s t iy ae s k ah s k ae z sil 
LOG (lattice-best-path[5.5.1126~1-8c451]:main():lattice-best-path.cc:99) For utterance f1_051, best cost 119.809 + 373.83 = 493.639 over 398 frames.
f1_051 sil ah n iy k ah n t uw dh ey sh ah n z ah l iy g r iy l iy p r iy ch ey t ah d sil 
LOG (lattice-best-path[5.5.1126~1-8c451]:main():lattice-best-path.cc:99) For utterance f1_056, best cost 113.365 + 380.932 = 494.297 over 439 frames.
f1_056 sil w eh s er z k ae sh er ch k ow s t iy p r iy s ih ng s ah z sil 
LOG (lattice-best-path[5.5.1126~1-8c451]:main():lattice-best-path.cc:99) For utterance f1_061, best cost 105.49 + 313.181 = 418.671 over 359 frames.
f1_061 sil k ow s t ih s p oy l ih z ih z p l ey s ah n s k r ey n sil 
LOG (lattice-best-path[5.5.1126~1-8c451]:main():lattice-best-path.cc:99) For utterance f1_066, best cost 89.6978 + 258.621 = 348.319 over 309 frames.
f1_066 sil er z k ah s k aa r g r ah k s t uw f r iy l iy sil 
LOG (lattice-best-path[5.5.1126~1-8c451]:main():lattice-best-path.cc:99) For utterance f1_071, best cost 123.831 + 394.997 = 518.828 over 436 frames.
f1_071 sil w aa p r ey sh ah n ah l ah f ah n er s t ae n d ih ng l iy v iy s t iy t sil 
LOG (lattice-best-path[5.5.1126~1-8c451]:main():lattice-best-path.cc:99) For utterance f1_076, best cost 72.0761 + 292.64 = 364.716 over 313 frames.
f1_076 sil ih ng g er z ah v ae n s k aa ch er sil 
LOG (lattice-best-path[5.5.1126~1-8c451]:main():lattice-best-path.cc:99) For utterance f1_081, best cost 117.335 + 316.815 = 434.15 over 360 frames.
f1_081 sil ae s k r ey p aa r d iy s hh ae k s ah n t ah n ah jh ah n ey sh ah n sil 
LOG (lattice-best-path[5.5.1126~1-8c451]:main():lattice-best-path.cc:99) For utterance f1_086, best cost 157.039 + 452.82 = 609.859 over 522 frames.
f1_086 sil uw ch ah l d ah n t eh k r iy b eh k l ae s er m z f er hh aa k ao l aa l ah d ey z sil 
LOG (lattice-best-path[5.5.1126~1-8c451]:main():lattice-best-path.cc:99) For utterance f1_091, best cost 96.6526 + 299.4 = 396.053 over 327 frames.
f1_091 sil iy ch t aa p ih s t r iy aa n ih ng r m ao l ay d sil 
LOG (lattice-best-path[5.5.1126~1-8c451]:main():lattice-best-path.cc:99) For utterance f1_096, best cost 78.5933 + 313.577 = 392.17 over 339 frames.
f1_096 sil ih s ao ao r jh er s sh aa k ae s sil 
LOG (lattice-best-path[5.5.1126~1-8c451]:main():lattice-best-path.cc:99) For utterance f1_101, best cost 74.1116 + 272.72 = 346.832 over 300 frames.
f1_101 sil ae s ah s k er n ih r l ah t ae n sil 
LOG (lattice-best-path[5.5.1126~1-8c451]:main():lattice-best-path.cc:99) For utterance f1_106, best cost 100.581 + 362.394 = 462.975 over 388 frames.
f1_106 sil t ah s t eh s ih z f er b ah n s ah b ah p aa n t iy sil 
LOG (lattice-best-path[5.5.1126~1-8c451]:main():lattice-best-path.cc:99) For utterance f1_111, best cost 94.0442 + 286.736 = 380.78 over 329 frames.
f1_111 sil aa r d ih sh ow n t eh l ah jh ah n s ih z f er iy l sil 
LOG (lattice-best-path[5.5.1126~1-8c451]:main():lattice-best-path.cc:99) For utterance f1_116, best cost 103.891 + 301.149 = 405.04 over 323 frames.
f1_116 sil w iy p l iy s ah b ae l d ih n uw b eh v er ch p l ae n sil 
LOG (lattice-best-path[5.5.1126~1-8c451]:main():lattice-best-path.cc:99) For utterance f1_121, best cost 121.139 + 473.324 = 594.464 over 494 frames.
f1_121 sil s ay n t uw dh iy p r ae g r eh s k ah n ch ah n ah z aa l ah n ah s sil 
LOG (lattice-best-path[5.5.1126~1-8c451]:main():lattice-best-path.cc:99) For utterance f1_126, best cost 117.57 + 392.546 = 510.116 over 432 frames.
f1_126 sil w ih sh aa t ih k ah l ih z ah p ey t ih n iy p aa r f ih k ey sh ah n sil 
LOG (lattice-best-path[5.5.1126~1-8c451]:main():lattice-best-path.cc:99) For utterance f1_131, best cost 126.046 + 359.888 = 485.935 over 419 frames.
f1_131 sil r eh k ae t s ih k y ih sh ah m ay n s t r ah sh ah n z k r ih sh ah l sil 
LOG (lattice-best-path[5.5.1126~1-8c451]:main():lattice-best-path.cc:99) For utterance f1_136, best cost 90.5804 + 343.584 = 434.165 over 352 frames.
f1_136 sil dh iy s t iy ah z ih z ih s ah n ao r d ay m ah n s sil 
LOG (lattice-best-path[5.5.1126~1-8c451]:main():lattice-best-path.cc:99) For utterance f1_141, best cost 69.251 + 363.103 = 432.354 over 364 frames.
f1_141 sil uw s p l ah n t er dh iy p eh r er z sil 
LOG (lattice-best-path[5.5.1126~1-8c451]:main():lattice-best-path.cc:99) For utterance f1_146, best cost 97.1261 + 380.36 = 477.487 over 381 frames.
f1_146 sil er ao r ah n hh aw er m ay n t ah f ao t ah m l iy z sil 
LOG (lattice-best-path[5.5.1126~1-8c451]:main():lattice-best-path.cc:99) For utterance f1_151, best cost 62.8199 + 355.367 = 418.187 over 325 frames.
f1_151 sil hh ay ae k aw n ah b ay y uw sil 
LOG (lattice-best-path[5.5.1126~1-8c451]:main():lattice-best-path.cc:99) For utterance f1_156, best cost 150.858 + 456.973 = 607.831 over 482 frames.
f1_156 sil w eh v er k aa p r ey t s ih n b ay n ih n ae n s k aw n iy ow b iy er w ao r d ah d sil 
LOG (lattice-best-path[5.5.1126~1-8c451]:main():lattice-best-path.cc:99) For utterance f1_161, best cost 105.798 + 439.448 = 545.246 over 455 frames.
f1_161 sil dh er l iy s ih f y ao r s t uw dh iy s m ah l f ao r iy z sil 
LOG (lattice-best-path[5.5.1126~1-8c451]:main():lattice-best-path.cc:99) For utterance f1_166, best cost 86.9999 + 312.557 = 399.557 over 335 frames.
f1_166 sil dh iy k ae n aw t ao l ih z hh er s m ay t er z sil 
LOG (lattice-best-path[5.5.1126~1-8c451]:main():lattice-best-path.cc:99) For utterance f1_171, best cost 98.8792 + 359.247 = 458.126 over 379 frames.
f1_171 sil dh iy s t r ay ae f ay l eh v ey t s m ay ao t ih z sil 
LOG (lattice-best-path[5.5.1126~1-8c451]:main():lattice-best-path.cc:99) For utterance f1_176, best cost 54.6672 + 272.105 = 326.772 over 262 frames.
f1_176 sil ey jh oy l ae b ih sh ah n sil 
LOG (lattice-best-path[5.5.1126~1-8c451]:main():lattice-best-path.cc:99) For utterance f1_181, best cost 141.39 + 429.804 = 571.194 over 466 frames.
f1_181 sil d ah n t ow sh ah n sh ah t ah b oy s p ow dh iy k ah n t ey t uw s t ih z iy z ah z sil 
LOG (lattice-best-path[5.5.1126~1-8c451]:main():lattice-best-path.cc:99) For utterance f1_186, best cost 67.5869 + 364.877 = 432.464 over 346 frames.
f1_186 sil iy v n ay ah m ah n d iy d uw z sil 
LOG (lattice-best-path[5.5.1126~1-8c451]:main():lattice-best-path.cc:99) For utterance f1_191, best cost 83.1696 + 376.012 = 459.181 over 373 frames.
f1_191 sil m ay k ah k aa t ah v er m ao r ay ah n z sil 
LOG (lattice-best-path[5.5.1126~1-8c451]:main():lattice-best-path.cc:99) For utterance f1_196, best cost 117.065 + 398.194 = 515.259 over 428 frames.
f1_196 sil dh iy s er m ah n ae s ay s ih n iy f er f er m ah b aa sh ah n sil 
LOG (lattice-best-path[5.5.1126~1-8c451]:main():lattice-best-path.cc:99) For utterance f1_201, best cost 113.974 + 405.312 = 519.286 over 424 frames.
f1_201 sil k ao r ey t ae k ah p r ae sh eh k ae sh uh d t er m ey sh ah n sil 
LOG (lattice-best-path[5.5.1126~1-8c451]:main():lattice-best-path.cc:99) For utterance f1_206, best cost 105.052 + 497.128 = 602.179 over 476 frames.
f1_206 sil s eh v er l iy ah n t ah v ah s ay k ah l aa ch aa m ah sil 
LOG (lattice-best-path[5.5.1126~1-8c451]:main():lattice-best-path.cc:99) For utterance f1_211, best cost 75.0405 + 345.423 = 420.464 over 338 frames.
f1_211 sil ay oy n t r iy m ey t s ey n ih ng sil 
LOG (lattice-best-path[5.5.1126~1-8c451]:main():lattice-best-path.cc:99) For utterance f1_216, best cost 98.3343 + 349.335 = 447.669 over 365 frames.
f1_216 sil d ae t er b ih z m iy ah n d ah n z ah dh iy p ey sh ah n sil 
LOG (lattice-best-path[5.5.1126~1-8c451]:main():lattice-best-path.cc:99) For utterance f1_221, best cost 87.5218 + 291.275 = 378.797 over 312 frames.
f1_221 sil hh ae l iy t ih z ah s ah b l ae s k ah l ey er sil 
LOG (lattice-best-path[5.5.1126~1-8c451]:main():lattice-best-path.cc:99) For utterance f1_226, best cost 99.8403 + 358.324 = 458.164 over 376 frames.
f1_226 sil dh iy p ao r d ih z b aa t er f l ay t ah l aa n ay er sil 
LOG (lattice-best-path[5.5.1126~1-8c451]:main():lattice-best-path.cc:99) For utterance f1_231, best cost 83.7085 + 292.657 = 376.365 over 300 frames.
f1_231 sil w eh r k ah n eh v er iy m ah n d ay iy ih ng sil 
LOG (lattice-best-path[5.5.1126~1-8c451]:main():lattice-best-path.cc:99) For utterance f1_236, best cost 92.6353 + 336.719 = 429.355 over 358 frames.
f1_236 sil hh aw oy l iy t uw ey t ih s ae l ah jh ah s ih ng sil 
LOG (lattice-best-path[5.5.1126~1-8c451]:main():lattice-best-path.cc:99) For utterance f1_241, best cost 103.154 + 402.875 = 506.029 over 433 frames.
f1_241 sil ih jh aa t iy z ae n t ae k ah n ah s t ih m ah s ah l z sil 
LOG (lattice-best-path[5.5.1126~1-8c451]:main():lattice-best-path.cc:99) For utterance f1_246, best cost 68.9386 + 388.982 = 457.921 over 347 frames.
f1_246 sil ey m ey b oy ey n s ih k aa t sil 
LOG (lattice-best-path[5.5.1126~1-8c451]:main():lattice-best-path.cc:99) For utterance f1_251, best cost 165.802 + 469.336 = 635.138 over 526 frames.
f1_251 sil dh iy f r ih z p er s t iy z iy er k r ay t ey sh ah n l iy w iy z ah l ao s t r iy ch ah n ah l sil 
LOG (lattice-best-path[5.5.1126~1-8c451]:main():lattice-best-path.cc:99) For utterance f1_256, best cost 129.521 + 415.381 = 544.902 over 447 frames.
f1_256 sil ae n t eh r ah n hh ay d ao r m ih z ey sh ah n s p er m ow ah n t r ah l sil 
LOG (lattice-best-path[5.5.1126~1-8c451]:main():lattice-best-path.cc:99) For utterance f1_261, best cost 105.092 + 392.225 = 497.317 over 423 frames.
f1_261 sil w ey p er f ao sh uw s t eh r iy f ah n s iy aa t ah l sil 
LOG (lattice-best-path[5.5.1126~1-8c451]:main():lattice-best-path.cc:99) For utterance f1_266, best cost 89.2057 + 312.714 = 401.92 over 326 frames.
f1_266 sil t uw jh er ae s t iy k ae n s m ao l z uw z sil 
LOG (lattice-best-path[5.5.1126~1-8c451]:main():lattice-best-path.cc:99) For utterance f1_271, best cost 80.0552 + 261.476 = 341.531 over 289 frames.
f1_271 sil ah n iy d ih sh ey n sh ey p aa s ah l iy sil 
LOG (lattice-best-path[5.5.1126~1-8c451]:main():lattice-best-path.cc:99) For utterance f1_276, best cost 85.8248 + 274.912 = 360.736 over 298 frames.
f1_276 sil ch ow z ah n f iy l dh iy k ah n jh ah n ah l z sil 
LOG (lattice-best-path[5.5.1126~1-8c451]:main():lattice-best-path.cc:99) For utterance f1_281, best cost 117.97 + 584.176 = 702.145 over 558 frames.
f1_281 sil ay d ih z ae n b ah l iy w aa n f ao r d ah p aa r b r ae z sil 
LOG (lattice-best-path[5.5.1126~1-8c451]:main():lattice-best-path.cc:99) For utterance f1_286, best cost 87.6813 + 290.935 = 378.617 over 302 frames.
f1_286 sil dh ae t ow ch iy s ah s k ae s m er s ah l z sil 
LOG (lattice-best-path[5.5.1126~1-8c451]:main():lattice-best-path.cc:99) For utterance f1_291, best cost 78.3529 + 356.829 = 435.182 over 343 frames.
f1_291 sil g ae n t ae b iy s t uw d ah l d ih z sil 
LOG (lattice-best-path[5.5.1126~1-8c451]:main():lattice-best-path.cc:99) For utterance f1_296, best cost 129.367 + 578.869 = 708.236 over 571 frames.
f1_296 sil ae l ah s iy p oy n ah n ah b ay l ah jh iy ah n iy n ih r ah n d ih n z sil 
LOG (lattice-best-path[5.5.1126~1-8c451]:main():lattice-best-path.cc:99) For utterance f1_301, best cost 78.5402 + 431.779 = 510.32 over 417 frames.
f1_301 sil l iy s t aa p er ih ng ih z b ay k s sil 
LOG (lattice-best-path[5.5.1126~1-8c451]:main():lattice-best-path.cc:99) For utterance f1_306, best cost 100.459 + 367.862 = 468.321 over 386 frames.
f1_306 sil d aa r er k y uw n aa n t er aw n f er m ay l z sil 
LOG (lattice-best-path[5.5.1126~1-8c451]:main():lattice-best-path.cc:99) For utterance f1_311, best cost 125.857 + 492.907 = 618.764 over 495 frames.
f1_311 sil dh iy f r ey t uw ch ae d ih z jh ah m ah s ah t uw b ay z b ih g r ae t er sil 
LOG (lattice-best-path[5.5.1126~1-8c451]:main():lattice-best-path.cc:99) For utterance f1_316, best cost 158.062 + 513.073 = 671.135 over 563 frames.
f1_316 sil dh iy p r iy s k ae n b er b ay s er f iy ah n z aa p iy m er z ah n s iy k ah n d ih sh ah n z sil 
LOG (lattice-best-path[5.5.1126~1-8c451]:main():lattice-best-path.cc:99) For utterance f1_321, best cost 98.9741 + 329.316 = 428.29 over 353 frames.
f1_321 sil ah l oy ow z ah p oy s ae k s ih k y uw p er w eh l sil 
LOG (lattice-best-path[5.5.1126~1-8c451]:main():lattice-best-path.cc:99) For utterance f1_326, best cost 139.907 + 465.339 = 605.247 over 494 frames.
f1_326 sil dh iy s ih s t ah m ey b r ey t ae n s iy n z ih z ey t er b ay l z f r iy l iy sil 
LOG (lattice-best-path[5.5.1126~1-8c451]:main():lattice-best-path.cc:99) For utterance f1_331, best cost 118.565 + 475.003 = 593.568 over 492 frames.
f1_331 sil dh iy k ah n ah n t eh k t ih z eh k ao r d ih g ah m p r iy aw er z sil 
LOG (lattice-best-path[5.5.1126~1-8c451]:main():lattice-best-path.cc:99) For utterance f1_336, best cost 83.6456 + 435.608 = 519.254 over 404 frames.
f1_336 sil eh r ow z m ao r n ah l ih ng ih sh t ae d sil 
LOG (lattice-best-path[5.5.1126~1-8c451]:main():lattice-best-path.cc:99) For utterance f1_341, best cost 89.4054 + 414.437 = 503.843 over 414 frames.
f1_341 sil w ih n ah n eh v er sil dh iy k ah l iy iy m ah n sil 
LOG (lattice-best-path[5.5.1126~1-8c451]:main():lattice-best-path.cc:99) For utterance f1_346, best cost 80.9163 + 315.013 = 395.93 over 328 frames.
f1_346 sil w ao l k ah m ah n iy s t ah n z iy ch iy er sil 
LOG (lattice-best-path[5.5.1126~1-8c451]:main():lattice-best-path.cc:99) For utterance f1_351, best cost 80.8526 + 314.377 = 395.23 over 336 frames.
f1_351 sil w ih ch er jh d ih s m er sh ah p ah n sil 
LOG (lattice-best-path[5.5.1126~1-8c451]:main():lattice-best-path.cc:99) For utterance f1_356, best cost 66.6116 + 300.621 = 367.232 over 302 frames.
f1_356 sil ey ao l ay k w aa ch er aw er z sil 
LOG (lattice-best-path[5.5.1126~1-8c451]:main():lattice-best-path.cc:99) For utterance f1_361, best cost 98.2766 + 359.363 = 457.639 over 381 frames.
f1_361 sil t ih n z ih sh iy l ah s iy m l iy s f ay s ah l iy sil 
LOG (lattice-best-path[5.5.1126~1-8c451]:main():lattice-best-path.cc:99) For utterance f1_366, best cost 100.986 + 409.04 = 510.026 over 419 frames.
f1_366 sil ao r jh ah k ah n s ah s ah v ah l iy s k t ah m ah s ah z sil 
LOG (lattice-best-path[5.5.1126~1-8c451]:main():lattice-best-path.cc:99) For utterance f1_371, best cost 90.3693 + 410.11 = 500.479 over 401 frames.
f1_371 sil ah b ay dh iy s ah b oy b ae p ah n ah ch ey n z sil 
LOG (lattice-best-path[5.5.1126~1-8c451]:main():lattice-best-path.cc:99) For utterance f1_376, best cost 60.7174 + 376.713 = 437.431 over 370 frames.
f1_376 sil iy er z ah l aa r ah n d ah sil 
LOG (lattice-best-path[5.5.1126~1-8c451]:main():lattice-best-path.cc:99) For utterance f1_381, best cost 122.001 + 454.741 = 576.743 over 474 frames.
f1_381 sil f ah n jh g r iy s iy er ch ey n b iy ch er d w aa sh er l iy sil 
LOG (lattice-best-path[5.5.1126~1-8c451]:main():lattice-best-path.cc:99) For utterance f1_386, best cost 84.0821 + 474.165 = 558.247 over 474 frames.
f1_386 sil dh iy k r ae ch aa n sh ah n iy s t ae t ah n sil 
LOG (lattice-best-path[5.5.1126~1-8c451]:main():lattice-best-path.cc:99) For utterance f1_391, best cost 74.5334 + 297.026 = 371.559 over 336 frames.
f1_391 sil iy ch t ih sh er l iy f ay n z ah n sil 
LOG (lattice-best-path[5.5.1126~1-8c451]:main():lattice-best-path.cc:99) For utterance f1_396, best cost 130.164 + 469.208 = 599.372 over 507 frames.
f1_396 sil dh ae t ay z ih ng b er s ah v er ay t iy s p er n ah v er ch ey n t s sil 
LOG (lattice-best-path[5.5.1126~1-8c451]:main():lattice-best-path.cc:99) For utterance f1_401, best cost 102.108 + 383.336 = 485.444 over 395 frames.
f1_401 sil t aa n s ah s ah l aa r jh ah k l ae n s aa r aa k ah l sil 
LOG (lattice-best-path[5.5.1126~1-8c451]:main():lattice-best-path.cc:99) For utterance f1_406, best cost 120.138 + 506.259 = 626.397 over 518 frames.
f1_406 sil ih th ih k ae l f aa r iy er l iy ow v er w ao ng t ah m z iy z sil 
LOG (lattice-best-path[5.5.1126~1-8c451]:main():lattice-best-path.cc:99) For utterance f1_411, best cost 92.2428 + 320.12 = 412.363 over 343 frames.
f1_411 sil iy z ih sh ah n t aa m ay z m aa r ah l ah s l iy sil 
LOG (lattice-best-path[5.5.1126~1-8c451]:main():lattice-best-path.cc:99) For utterance f1_416, best cost 51.0038 + 361.28 = 412.284 over 320 frames.
f1_416 sil ae k aa k ao t iy sil 
LOG (lattice-best-path[5.5.1126~1-8c451]:main():lattice-best-path.cc:99) For utterance f1_421, best cost 93.9019 + 304.475 = 398.377 over 329 frames.
f1_421 sil ih z b ae k aa s t ah n z ah p ay k ah l ah f ah l sil 
LOG (lattice-best-path[5.5.1126~1-8c451]:main():lattice-best-path.cc:99) For utterance f1_426, best cost 122.199 + 397.072 = 519.271 over 437 frames.
f1_426 sil dh iy z ih g ow n z aa l ah jh ah s f r l ae s t er ah p oy d ah jh sil 
LOG (lattice-best-path[5.5.1126~1-8c451]:main():lattice-best-path.cc:99) For utterance f1_431, best cost 89.0094 + 430.118 = 519.127 over 432 frames.
f1_431 sil n ah m p r ah v er z ey sh ah n t eh v er iy z sil 
LOG (lattice-best-path[5.5.1126~1-8c451]:main():lattice-best-path.cc:99) For utterance f1_436, best cost 93.4589 + 386.353 = 479.812 over 405 frames.
f1_436 sil ey f r iy k ae l iy p er z ah n t ih ng s k ah n ih ng sil 
LOG (lattice-best-path[5.5.1126~1-8c451]:main():lattice-best-path.cc:99) For utterance f1_441, best cost 78.5068 + 332.76 = 411.267 over 335 frames.
f1_441 sil r ae k ah n iy z ih k ae z ah g r iy ah m sil 
LOG (lattice-best-path[5.5.1126~1-8c451]:main():lattice-best-path.cc:99) For utterance f1_446, best cost 94.704 + 367.945 = 462.649 over 379 frames.
f1_446 sil dh iy s t iy ch ah p ow z iy m ay ih g ae m ah n t er sil 
LOG (lattice-best-path[5.5.1126~1-8c451]:main():lattice-best-path.cc:99) For utterance f1_451, best cost 113.91 + 411.563 = 525.473 over 444 frames.
f1_451 sil ch eh jh ah n t ah n s ih m ah n iy f er r ah l ah m ah n s ih ng sil 
LOG (lattice-best-path[5.5.1126~1-8c451]:main():lattice-best-path.cc:99) For utterance f1_456, best cost 98.207 + 436.446 = 534.653 over 433 frames.
f1_456 sil ah m ah s ih z ae k ae t uw aa t ah z k aa r d ah n sil 
LOG (lattice-best-path[5.5.1126~1-8c451]:main():lattice-best-path.cc:99) For utterance f5_001, best cost 49.5059 + 233.783 = 283.289 over 249 frames.
f5_001 sil ih z ih z iy p er ah s sil 
LOG (lattice-best-path[5.5.1126~1-8c451]:main():lattice-best-path.cc:99) For utterance f5_006, best cost 60.3626 + 302.856 = 363.218 over 325 frames.
f5_006 sil w ay iy l w er iy ow v z sil 
LOG (lattice-best-path[5.5.1126~1-8c451]:main():lattice-best-path.cc:99) For utterance f5_011, best cost 23.4275 + 284.987 = 308.414 over 301 frames.
f5_011 sil n sil 
LOG (lattice-best-path[5.5.1126~1-8c451]:main():lattice-best-path.cc:99) For utterance f5_021, best cost 50.3116 + 267.158 = 317.47 over 301 frames.
f5_021 sil ah l iy l er z d er z sil 
LOG (lattice-best-path[5.5.1126~1-8c451]:main():lattice-best-path.cc:99) For utterance f5_031, best cost 39.7162 + 340.656 = 380.372 over 391 frames.
f5_031 sil uw ey sh ah n sil 
LOG (lattice-best-path[5.5.1126~1-8c451]:main():lattice-best-path.cc:99) For utterance f5_036, best cost 31.0782 + 312.46 = 343.538 over 348 frames.
f5_036 sil ao r t sil 
LOG (lattice-best-path[5.5.1126~1-8c451]:main():lattice-best-path.cc:99) For utterance f5_041, best cost 31.4741 + 334.035 = 365.509 over 364 frames.
f5_041 sil ih sh sil 
LOG (lattice-best-path[5.5.1126~1-8c451]:main():lattice-best-path.cc:99) For utterance f5_046, best cost 76.437 + 285.534 = 361.971 over 354 frames.
f5_046 sil dh iy p r aa l ao r s k y ah s k ay z sil 
LOG (lattice-best-path[5.5.1126~1-8c451]:main():lattice-best-path.cc:99) For utterance f5_051, best cost 65.0523 + 345.315 = 410.367 over 393 frames.
f5_051 sil g r iy l iy p ey sh iy t ah d sil 
LOG (lattice-best-path[5.5.1126~1-8c451]:main():lattice-best-path.cc:99) For utterance f5_056, best cost 102.43 + 353.816 = 456.245 over 446 frames.
f5_056 sil k ae sh ao r d ih ch k aa s t iy p r ih k r iy s ih z sil 
LOG (lattice-best-path[5.5.1126~1-8c451]:main():lattice-best-path.cc:99) For utterance f5_061, best cost 108.564 + 268.982 = 377.546 over 377 frames.
f5_061 sil k l ih s t ih s p l ey l ih z ah s p l iy s ah n s k r iy n sil 
LOG (lattice-best-path[5.5.1126~1-8c451]:main():lattice-best-path.cc:99) For utterance f5_066, best cost 31.7108 + 295.845 = 327.556 over 335 frames.
f5_066 sil r iy l iy sil 
LOG (lattice-best-path[5.5.1126~1-8c451]:main():lattice-best-path.cc:99) For utterance f5_071, best cost 100.804 + 368.849 = 469.653 over 448 frames.
f5_071 sil k w aa p er sh ah l aa ng l iy v iy t ih s p iy t sil 
LOG (lattice-best-path[5.5.1126~1-8c451]:main():lattice-best-path.cc:99) For utterance f5_076, best cost 22.5748 + 278.325 = 300.9 over 309 frames.
f5_076 sil er sil 
LOG (lattice-best-path[5.5.1126~1-8c451]:main():lattice-best-path.cc:99) For utterance f5_081, best cost 78.5716 + 318.062 = 396.634 over 373 frames.
f5_081 sil r ey p r iy z t ae k s w ey sh ah n sil 
LOG (lattice-best-path[5.5.1126~1-8c451]:main():lattice-best-path.cc:99) For utterance f5_086, best cost 59.0138 + 450.318 = 509.332 over 495 frames.
f5_086 sil r ao l hh ao l ah d ey z sil 
LOG (lattice-best-path[5.5.1126~1-8c451]:main():lattice-best-path.cc:99) For utterance f5_091, best cost 55.9936 + 287.13 = 343.124 over 318 frames.
f5_091 sil t ae n hh er hh ao l iy sil 
LOG (lattice-best-path[5.5.1126~1-8c451]:main():lattice-best-path.cc:99) For utterance f5_096, best cost 34.4459 + 305.947 = 340.393 over 334 frames.
f5_096 sil ih sh uh k sil 
LOG (lattice-best-path[5.5.1126~1-8c451]:main():lattice-best-path.cc:99) For utterance f5_101, best cost 31.0066 + 287.19 = 318.197 over 302 frames.
f5_101 sil t ae n d sil 
LOG (lattice-best-path[5.5.1126~1-8c451]:main():lattice-best-path.cc:99) For utterance f5_106, best cost 20.2998 + 363.354 = 383.654 over 388 frames.
f5_106 sil iy sil 
LOG (lattice-best-path[5.5.1126~1-8c451]:main():lattice-best-path.cc:99) For utterance f5_111, best cost 87.4422 + 261.968 = 349.41 over 318 frames.
f5_111 sil ih sh l ah n t eh l ah jh ah n z ih z f er iy l sil 
LOG (lattice-best-path[5.5.1126~1-8c451]:main():lattice-best-path.cc:99) For utterance f5_116, best cost 16.5611 + 307.19 = 323.751 over 326 frames.
f5_116 sil sil 
LOG (lattice-best-path[5.5.1126~1-8c451]:main():lattice-best-path.cc:99) For utterance f5_121, best cost 28.1007 + 463.324 = 491.425 over 496 frames.
f5_121 sil z sil sil 
LOG (lattice-best-path[5.5.1126~1-8c451]:main():lattice-best-path.cc:99) For utterance f5_126, best cost 75.0509 + 393.969 = 469.02 over 451 frames.
f5_126 sil dh iy ch aa m aa r er f ih k ey sh ah n sil 
LOG (lattice-best-path[5.5.1126~1-8c451]:main():lattice-best-path.cc:99) For utterance f5_131, best cost 77.7409 + 338.49 = 416.231 over 403 frames.
f5_131 sil m ay n s t r ah n z ah s k ah sh ah l sil 
LOG (lattice-best-path[5.5.1126~1-8c451]:main():lattice-best-path.cc:99) For utterance f5_136, best cost 20.4298 + 332.372 = 352.802 over 370 frames.
f5_136 sil s sil 
LOG (lattice-best-path[5.5.1126~1-8c451]:main():lattice-best-path.cc:99) For utterance f5_141, best cost 23.9021 + 333.181 = 357.084 over 366 frames.
f5_141 sil er z sil 
LOG (lattice-best-path[5.5.1126~1-8c451]:main():lattice-best-path.cc:99) For utterance f5_146, best cost 32.8541 + 379.853 = 412.707 over 398 frames.
f5_146 sil hh er ao z sil 
LOG (lattice-best-path[5.5.1126~1-8c451]:main():lattice-best-path.cc:99) For utterance f5_151, best cost 43.6368 + 280.468 = 324.104 over 304 frames.
f5_151 sil aw n dh iy b ay iy sil 
LOG (lattice-best-path[5.5.1126~1-8c451]:main():lattice-best-path.cc:99) For utterance f5_156, best cost 111.077 + 438.509 = 549.586 over 500 frames.
f5_156 sil w eh v er k w aa n ae n s k ae m iy l w iy w ao r d ah d sil 
LOG (lattice-best-path[5.5.1126~1-8c451]:main():lattice-best-path.cc:99) For utterance f5_161, best cost 33.4263 + 376.845 = 410.272 over 443 frames.
f5_161 sil l er iy z sil 
LOG (lattice-best-path[5.5.1126~1-8c451]:main():lattice-best-path.cc:99) For utterance f5_166, best cost 52.166 + 307.043 = 359.209 over 336 frames.
f5_166 sil k ae n ao l w er z sil 
LOG (lattice-best-path[5.5.1126~1-8c451]:main():lattice-best-path.cc:99) For utterance f5_171, best cost 105.975 + 295.024 = 400.999 over 374 frames.
f5_171 sil ih s t r ay ah v er iy f ay l r l iy d ah t uw m ay s sil 
LOG (lattice-best-path[5.5.1126~1-8c451]:main():lattice-best-path.cc:99) For utterance f5_176, best cost 61.3958 + 246.278 = 307.673 over 282 frames.
f5_176 sil n jh oy l ah n ay d ih sh ah n sil 
LOG (lattice-best-path[5.5.1126~1-8c451]:main():lattice-best-path.cc:99) For utterance f5_181, best cost 49.9096 + 434.321 = 484.231 over 465 frames.
f5_181 sil iy s t ih z iy z ah z sil 
LOG (lattice-best-path[5.5.1126~1-8c451]:main():lattice-best-path.cc:99) For utterance f5_186, best cost 23.637 + 338.209 = 361.846 over 352 frames.
f5_186 sil n z sil 
LOG (lattice-best-path[5.5.1126~1-8c451]:main():lattice-best-path.cc:99) For utterance f5_191, best cost 68.1773 + 353.279 = 421.456 over 383 frames.
f5_191 sil ah l k aa m ao l ah k r ah n z sil 
LOG (lattice-best-path[5.5.1126~1-8c451]:main():lattice-best-path.cc:99) For utterance f5_196, best cost 81.7284 + 364.464 = 446.192 over 428 frames.
f5_196 sil dh iy s er er f er m ah n ah v ae k sh ah n sil 
LOG (lattice-best-path[5.5.1126~1-8c451]:main():lattice-best-path.cc:99) For utterance f5_201, best cost 78.2514 + 361.182 = 439.434 over 415 frames.
f5_201 sil ao r uw dh iy p r aa jh ih n ey sh ah n sil 
LOG (lattice-best-path[5.5.1126~1-8c451]:main():lattice-best-path.cc:99) For utterance f5_206, best cost 36.9237 + 399.496 = 436.42 over 417 frames.
f5_206 sil sil aa n ah sil 
LOG (lattice-best-path[5.5.1126~1-8c451]:main():lattice-best-path.cc:99) For utterance f5_211, best cost 82.7744 + 282.172 = 364.946 over 329 frames.
f5_211 sil hh ay oy n f r iy l iy m iy n s ih ng ih ng sil 
LOG (lattice-best-path[5.5.1126~1-8c451]:main():lattice-best-path.cc:99) For utterance f5_216, best cost 37.8218 + 355.492 = 393.314 over 379 frames.
f5_216 sil dh iy p ey sh ah n sil 
LOG (lattice-best-path[5.5.1126~1-8c451]:main():lattice-best-path.cc:99) For utterance f5_221, best cost 89.8779 + 282.67 = 372.548 over 339 frames.
f5_221 sil hh aw n sh ah n z ih s ah b ay ah s k ah l iy d er sil 
LOG (lattice-best-path[5.5.1126~1-8c451]:main():lattice-best-path.cc:99) For utterance f5_226, best cost 48.6696 + 330.206 = 378.876 over 364 frames.
f5_226 sil dh iy k ao r jh ah s t er sil 
LOG (lattice-best-path[5.5.1126~1-8c451]:main():lattice-best-path.cc:99) For utterance f5_231, best cost 74.7764 + 250.582 = 325.358 over 302 frames.
f5_231 sil dh iy r ow p ah n eh v er iy m ah n ih ng sil 
LOG (lattice-best-path[5.5.1126~1-8c451]:main():lattice-best-path.cc:99) For utterance f5_236, best cost 62.2415 + 317.82 = 380.062 over 356 frames.
f5_236 sil hh ow l iy eh l ah jh ah s ih ng sil 
LOG (lattice-best-path[5.5.1126~1-8c451]:main():lattice-best-path.cc:99) For utterance f5_241, best cost 45.8463 + 363.54 = 409.386 over 406 frames.
f5_241 sil dh iy jh ao ah l z sil 
LOG (lattice-best-path[5.5.1126~1-8c451]:main():lattice-best-path.cc:99) For utterance f5_246, best cost 39.1369 + 313.508 = 352.645 over 340 frames.
f5_246 sil r iy b oy sil 
LOG (lattice-best-path[5.5.1126~1-8c451]:main():lattice-best-path.cc:99) For utterance f5_251, best cost 87.9732 + 444.134 = 532.107 over 520 frames.
f5_251 sil t ih f r ah s iy ch iy p ow l er n ah l sil 
LOG (lattice-best-path[5.5.1126~1-8c451]:main():lattice-best-path.cc:99) For utterance f5_256, best cost 42.5116 + 398.386 = 440.897 over 433 frames.
f5_256 sil ih z ey sh ah l sil 
LOG (lattice-best-path[5.5.1126~1-8c451]:main():lattice-best-path.cc:99) For utterance f5_261, best cost 62.1923 + 354.66 = 416.852 over 410 frames.
f5_261 sil l sh ah z ah b er y ah l sil 
LOG (lattice-best-path[5.5.1126~1-8c451]:main():lattice-best-path.cc:99) For utterance f5_266, best cost 60.6929 + 276.836 = 337.528 over 333 frames.
f5_266 sil sh ah d r ae m ah l z uw z sil 
LOG (lattice-best-path[5.5.1126~1-8c451]:main():lattice-best-path.cc:99) For utterance f5_271, best cost 45.3628 + 284.317 = 329.68 over 314 frames.
f5_271 sil n sh iy p l iy sil 
LOG (lattice-best-path[5.5.1126~1-8c451]:main():lattice-best-path.cc:99) For utterance f5_276, best cost 49.8266 + 287.047 = 336.874 over 321 frames.
f5_276 sil iy w eh n er ah l z sil 
LOG (lattice-best-path[5.5.1126~1-8c451]:main():lattice-best-path.cc:99) For utterance f5_281, best cost 37.1069 + 555.431 = 592.538 over 565 frames.
f5_281 sil n f ao r sil 
LOG (lattice-best-path[5.5.1126~1-8c451]:main():lattice-best-path.cc:99) For utterance f5_286, best cost 54.4978 + 267.034 = 321.532 over 319 frames.
f5_286 sil ch iy s ah s k ae l iy sil 
LOG (lattice-best-path[5.5.1126~1-8c451]:main():lattice-best-path.cc:99) For utterance f5_291, best cost 16.7736 + 341.453 = 358.227 over 368 frames.
f5_291 sil sil 
LOG (lattice-best-path[5.5.1126~1-8c451]:main():lattice-best-path.cc:99) For utterance f5_296, best cost 48.6207 + 548.255 = 596.875 over 575 frames.
f5_296 sil n dh iy b ay l ah s sil 
LOG (lattice-best-path[5.5.1126~1-8c451]:main():lattice-best-path.cc:99) For utterance f5_301, best cost 53.2075 + 395.07 = 448.278 over 425 frames.
f5_301 sil t aa t aa p r eh r sil 
LOG (lattice-best-path[5.5.1126~1-8c451]:main():lattice-best-path.cc:99) For utterance f5_306, best cost 53.7515 + 401.148 = 454.9 over 433 frames.
f5_306 sil r aa n f r ah m ay l z sil 
LOG (lattice-best-path[5.5.1126~1-8c451]:main():lattice-best-path.cc:99) For utterance f5_311, best cost 56.8536 + 421.386 = 478.24 over 458 frames.
f5_311 sil dh iy f r ah n ch ae l d er sil 
LOG (lattice-best-path[5.5.1126~1-8c451]:main():lattice-best-path.cc:99) For utterance f5_316, best cost 105.574 + 390.704 = 496.278 over 457 frames.
f5_316 sil dh iy p r iy s k ah l ih l ay s er f y ah l ih ng ih sh ah n z sil 
LOG (lattice-best-path[5.5.1126~1-8c451]:main():lattice-best-path.cc:99) For utterance f5_321, best cost 108.065 + 308.032 = 416.097 over 377 frames.
f5_321 sil ah l er w ao z ah p oy n t uw t ae k s k y uw hh er w eh l sil 
LOG (lattice-best-path[5.5.1126~1-8c451]:main():lattice-best-path.cc:99) For utterance f5_326, best cost 146.396 + 346.758 = 493.154 over 481 frames.
f5_326 sil dh iy s ih s t ah m ey b r iy k aw n s ih n s ih s ey t er f ay l z f r iy k ah l iy sil 
LOG (lattice-best-path[5.5.1126~1-8c451]:main():lattice-best-path.cc:99) For utterance f5_331, best cost 36.2017 + 448.351 = 484.553 over 487 frames.
f5_331 sil r iy aw er z sil 
LOG (lattice-best-path[5.5.1126~1-8c451]:main():lattice-best-path.cc:99) For utterance f5_336, best cost 102.1 + 345.724 = 447.824 over 396 frames.
f5_336 sil eh n oy s p aa r ih z m w ao r n oy n iy ch t iy sil 
LOG (lattice-best-path[5.5.1126~1-8c451]:main():lattice-best-path.cc:99) For utterance f5_341, best cost 57.5188 + 382.565 = 440.084 over 420 frames.
f5_341 sil m ah n eh v er dh iy k ah n sil 
LOG (lattice-best-path[5.5.1126~1-8c451]:main():lattice-best-path.cc:99) For utterance f5_346, best cost 61.8828 + 312.998 = 374.881 over 360 frames.
f5_346 sil m ah n iy n s iy ch iy er sil 
LOG (lattice-best-path[5.5.1126~1-8c451]:main():lattice-best-path.cc:99) For utterance f5_351, best cost 26.1085 + 306.332 = 332.44 over 341 frames.
f5_351 sil dh ae n sil 
LOG (lattice-best-path[5.5.1126~1-8c451]:main():lattice-best-path.cc:99) For utterance f5_361, best cost 92.8017 + 302.526 = 395.328 over 372 frames.
f5_361 sil sh iy l ah t uw s iy n l iy z t ay s ah l iy sil 
LOG (lattice-best-path[5.5.1126~1-8c451]:main():lattice-best-path.cc:99) For utterance f5_366, best cost 51.6565 + 363.39 = 415.047 over 405 frames.
f5_366 sil iy s k r ao s ah z sil 
LOG (lattice-best-path[5.5.1126~1-8c451]:main():lattice-best-path.cc:99) For utterance f5_371, best cost 35.488 + 381.252 = 416.74 over 396 frames.
f5_371 sil ch ey n jh sil 
LOG (lattice-best-path[5.5.1126~1-8c451]:main():lattice-best-path.cc:99) For utterance f5_376, best cost 30.9991 + 337.697 = 368.696 over 351 frames.
f5_376 sil n d ih l sil 
LOG (lattice-best-path[5.5.1126~1-8c451]:main():lattice-best-path.cc:99) For utterance f5_381, best cost 95.3772 + 381.144 = 476.521 over 463 frames.
f5_381 sil ng y uw ch ey n b iy ch er dh iy w aa s t er l iy sil 
LOG (lattice-best-path[5.5.1126~1-8c451]:main():lattice-best-path.cc:99) For utterance f5_386, best cost 56.0764 + 362.693 = 418.769 over 421 frames.
f5_386 sil k r ae k w ih sh t ah m sil 
LOG (lattice-best-path[5.5.1126~1-8c451]:main():lattice-best-path.cc:99) For utterance f5_391, best cost 41.0003 + 287.03 = 328.031 over 321 frames.
f5_391 sil sh er l iy n sil 
LOG (lattice-best-path[5.5.1126~1-8c451]:main():lattice-best-path.cc:99) For utterance f5_396, best cost 80.5126 + 433.921 = 514.433 over 518 frames.
f5_396 sil r ay t iy s er n eh v er ch ey n d ih z sil 
LOG (lattice-best-path[5.5.1126~1-8c451]:main():lattice-best-path.cc:99) For utterance f5_401, best cost 86.8964 + 341.895 = 428.791 over 394 frames.
f5_401 sil t aa zh er k l ae m p ah p r aa b ah m sil 
LOG (lattice-best-path[5.5.1126~1-8c451]:main():lattice-best-path.cc:99) For utterance f5_406, best cost 124.549 + 427.349 = 551.898 over 512 frames.
f5_406 sil eh l m f ao r s ih z n l iy ow v er w aa t ah ch ah m z iy z sil 
LOG (lattice-best-path[5.5.1126~1-8c451]:main():lattice-best-path.cc:99) For utterance f5_411, best cost 35.3028 + 406.48 = 441.783 over 433 frames.
f5_411 sil sil l iy sil 
LOG (lattice-best-path[5.5.1126~1-8c451]:main():lattice-best-path.cc:99) For utterance f5_416, best cost 19.9933 + 339.452 = 359.445 over 339 frames.
f5_416 sil d sil 
LOG (lattice-best-path[5.5.1126~1-8c451]:main():lattice-best-path.cc:99) For utterance f5_421, best cost 40.6651 + 300.679 = 341.344 over 332 frames.
f5_421 sil k ah l ah f ah l sil 
LOG (lattice-best-path[5.5.1126~1-8c451]:main():lattice-best-path.cc:99) For utterance f5_431, best cost 25.37 + 412.407 = 437.777 over 427 frames.
f5_431 sil er z sil 
LOG (lattice-best-path[5.5.1126~1-8c451]:main():lattice-best-path.cc:99) For utterance f5_436, best cost 54.8979 + 368.23 = 423.128 over 405 frames.
f5_436 sil sil ey f r iy k ah ng sil 
LOG (lattice-best-path[5.5.1126~1-8c451]:main():lattice-best-path.cc:99) For utterance f5_441, best cost 81.1753 + 270.595 = 351.771 over 325 frames.
f5_441 sil r aa k ah n iy z ih k ae z ah g r iy ah m sil 
LOG (lattice-best-path[5.5.1126~1-8c451]:main():lattice-best-path.cc:99) For utterance f5_446, best cost 87.4029 + 338.377 = 425.78 over 398 frames.
f5_446 sil iy s ah m p ow z iy m ay ae n ah m ah n d iy sil 
LOG (lattice-best-path[5.5.1126~1-8c451]:main():lattice-best-path.cc:99) For utterance f5_451, best cost 75.7504 + 461.792 = 537.543 over 533 frames.
f5_451 sil sil ah m ah n iy f r uw r ah l ih ng sil 
LOG (lattice-best-path[5.5.1126~1-8c451]:main():lattice-best-path.cc:99) For utterance f5_456, best cost 77.729 + 374.943 = 452.672 over 434 frames.
f5_456 sil ah l aa n d uw aa t ah s k aa r d ah n sil 
LOG (lattice-best-path[5.5.1126~1-8c451]:main():lattice-best-path.cc:99) For utterance m1_001, best cost 57.6586 + 195.464 = 253.122 over 200 frames.
m1_001 sil ih s w ao z iy f er ao s sil 
LOG (lattice-best-path[5.5.1126~1-8c451]:main():lattice-best-path.cc:99) For utterance m1_006, best cost 91.3178 + 363.92 = 455.237 over 381 frames.
m1_006 sil l ah jh eh l ao r iy ow v er s ah l iy ae t ah m z sil 
LOG (lattice-best-path[5.5.1126~1-8c451]:main():lattice-best-path.cc:99) For utterance m1_011, best cost 77.5633 + 325.293 = 402.856 over 308 frames.
m1_011 sil s ah n ao r ah m ah s hh ay jh ah t ae n sil 
LOG (lattice-best-path[5.5.1126~1-8c451]:main():lattice-best-path.cc:99) For utterance m1_016, best cost 98.1849 + 349.542 = 447.727 over 374 frames.
m1_016 sil ae l ah m ow n iy hh ay m z ah n ae n s w eh l f sil 
LOG (lattice-best-path[5.5.1126~1-8c451]:main():lattice-best-path.cc:99) For utterance m1_021, best cost 71.2724 + 338.782 = 410.055 over 323 frames.
m1_021 sil ah l er z l ah m ih l iy ah n er z sil 
LOG (lattice-best-path[5.5.1126~1-8c451]:main():lattice-best-path.cc:99) For utterance m1_026, best cost 84.9512 + 319.182 = 404.133 over 326 frames.
m1_026 sil d ow ch uw ch aa r l iy ch er iy d ih sh ah s sil 
LOG (lattice-best-path[5.5.1126~1-8c451]:main():lattice-best-path.cc:99) For utterance m1_031, best cost 112.61 + 396.519 = 509.129 over 415 frames.
m1_031 sil aa r ah l b r ih z w ih z r eh jh oy ih sh ah p r ih z ah n sil 
LOG (lattice-best-path[5.5.1126~1-8c451]:main():lattice-best-path.cc:99) For utterance m1_036, best cost 103.032 + 362.199 = 465.231 over 379 frames.
m1_036 sil ae s k ah p ow l k ah n d iy ah n er t ih ng k s ao r sil 
LOG (lattice-best-path[5.5.1126~1-8c451]:main():lattice-best-path.cc:99) For utterance m1_041, best cost 104.371 + 365.836 = 470.207 over 398 frames.
m1_041 sil ah d eh k s t r ah s p aa p ah t uw k aa p ih sh ao r sil 
LOG (lattice-best-path[5.5.1126~1-8c451]:main():lattice-best-path.cc:99) For utterance m1_046, best cost 102.61 + 400.915 = 503.525 over 421 frames.
m1_046 sil dh iy p r ao l ao r s k y uw m ae s k f er d ay z sil 
LOG (lattice-best-path[5.5.1126~1-8c451]:main():lattice-best-path.cc:99) For utterance m1_051, best cost 126.021 + 413.873 = 539.894 over 421 frames.
m1_051 sil ah n iy k ah k r iy sh ah n ah b ah b iy g r ey t l iy p r ih sh ey d sil 
LOG (lattice-best-path[5.5.1126~1-8c451]:main():lattice-best-path.cc:99) For utterance m1_056, best cost 137.585 + 451.699 = 589.284 over 496 frames.
m1_056 sil l ae sh er z k ae sh er jh k aa z s t iy p r ay s ih ng k r iy s ah z sil 
LOG (lattice-best-path[5.5.1126~1-8c451]:main():lattice-best-path.cc:99) For utterance m1_061, best cost 124.384 + 363.314 = 487.698 over 422 frames.
m1_061 sil k l ih s t ih s p l iy w ao z m ih z p l ey s t ah m ah s k r iy n sil 
LOG (lattice-best-path[5.5.1126~1-8c451]:main():lattice-best-path.cc:99) For utterance m1_066, best cost 106.975 + 351.832 = 458.807 over 365 frames.
m1_066 sil ao t er z p er s k r ay d f er k s t uw f r iy l iy sil 
LOG (lattice-best-path[5.5.1126~1-8c451]:main():lattice-best-path.cc:99) For utterance m1_071, best cost 157.149 + 515.651 = 672.799 over 544 frames.
m1_071 sil k w aa p er ih sh ah n ah l aa ng w er s t ae n ih ng ih l iy v iy ey p ih s p y uw d sil 
LOG (lattice-best-path[5.5.1126~1-8c451]:main():lattice-best-path.cc:99) For utterance m1_076, best cost 88.4669 + 336.038 = 424.505 over 355 frames.
m1_076 sil dh iy f ih ng t er z ah f ey m ah s k ah l ch er sil 
LOG (lattice-best-path[5.5.1126~1-8c451]:main():lattice-best-path.cc:99) For utterance m1_081, best cost 123.823 + 373.447 = 497.27 over 397 frames.
m1_081 sil m eh s r ey p aa r iy z t ae k s w aa n z ah m ah jh ah n ih sh ah n sil 
LOG (lattice-best-path[5.5.1126~1-8c451]:main():lattice-best-path.cc:99) For utterance m1_086, best cost 150.823 + 534.516 = 685.339 over 555 frames.
m1_086 sil er n t ow t eh k er ey p er k l ae f r ah m z f r ow l hh ao l ah d ey z sil 
LOG (lattice-best-path[5.5.1126~1-8c451]:main():lattice-best-path.cc:99) For utterance m1_091, best cost 98.208 + 385.057 = 483.265 over 365 frames.
m1_091 sil y uw jh t ae t s t r iy hh aw n ah p er hh ao l ay 
LOG (lattice-best-path[5.5.1126~1-8c451]:main():lattice-best-path.cc:99) For utterance m1_096, best cost 94.0442 + 362.664 = 456.708 over 359 frames.
m1_096 sil ih s ah n d ah p aa r ch er sh aa k ih k ae s t sil 
LOG (lattice-best-path[5.5.1126~1-8c451]:main():lattice-best-path.cc:99) For utterance m1_101, best cost 86.9108 + 304.266 = 391.177 over 310 frames.
m1_101 sil k aa s p ah s k r uw n er l ae f t ae n sil 
LOG (lattice-best-path[5.5.1126~1-8c451]:main():lattice-best-path.cc:99) For utterance m1_106, best cost 122.095 + 423.196 = 545.291 over 432 frames.
m1_106 sil t r ah s k ae s ih ng ih z f r b ah n s ah jh ah t uw p eh n ah l iy sil 
LOG (lattice-best-path[5.5.1126~1-8c451]:main():lattice-best-path.cc:99) For utterance m1_111, best cost 100.369 + 313.25 = 413.62 over 358 frames.
m1_111 sil aa r f ih sh ow n t ah l ah jh ah n s ih f er r iy l sil 
LOG (lattice-best-path[5.5.1126~1-8c451]:main():lattice-best-path.cc:99) For utterance m1_116, best cost 88.0241 + 342.229 = 430.253 over 369 frames.
m1_116 sil w iy p l ae n t uw b ih l ah n uw b eh v er sil 
LOG (lattice-best-path[5.5.1126~1-8c451]:main():lattice-best-path.cc:99) For utterance m1_121, best cost 134.391 + 548.882 = 683.273 over 552 frames.
m1_121 sil s ay n t ih f r iy p er r ah s k ah m f r uw d ih v eh l m ah n iy k s sil 
LOG (lattice-best-path[5.5.1126~1-8c451]:main():lattice-best-path.cc:99) For utterance m1_126, best cost 144.792 + 404.781 = 549.572 over 458 frames.
m1_126 sil w ih ch l aa n ao r d ih k ah l w ao z ah p ey k ah n iy v k l er v k ey sh ah n sil 
LOG (lattice-best-path[5.5.1126~1-8c451]:main():lattice-best-path.cc:99) For utterance m1_131, best cost 118.009 + 437.905 = 555.914 over 438 frames.
m1_131 sil k er k ah k s k ih sh ah n ah m ay n jh d n z k r jh ah l sil 
LOG (lattice-best-path[5.5.1126~1-8c451]:main():lattice-best-path.cc:99) For utterance m1_136, best cost 103.698 + 327.952 = 431.65 over 373 frames.
m1_136 sil iy g ow z ih g z ih s t ih n w er k l ay m ah s sil 
LOG (lattice-best-path[5.5.1126~1-8c451]:main():lattice-best-path.cc:99) For utterance m1_141, best cost 103.492 + 386.154 = 489.646 over 385 frames.
m1_141 sil r uw v ih s p l ah n t er ah p eh r ah p r iy z er z sil 
LOG (lattice-best-path[5.5.1126~1-8c451]:main():lattice-best-path.cc:99) For utterance m1_146, best cost 98.8621 + 493.709 = 592.571 over 474 frames.
m1_146 sil hh er w aa b er hh er er m ay ao t ah m l iy s sil 
LOG (lattice-best-path[5.5.1126~1-8c451]:main():lattice-best-path.cc:99) For utterance m1_151, best cost 69.3689 + 322.582 = 391.951 over 332 frames.
m1_151 sil dh iy k ay ae k ah m b ay y uw 
LOG (lattice-best-path[5.5.1126~1-8c451]:main():lattice-best-path.cc:99) For utterance m1_156, best cost 138.625 + 480.551 = 619.176 over 528 frames.
m1_156 sil w eh v er k w aa p er ih f ay n ih ng ae n s k ae m iy ow b iy w ao r d sil 
LOG (lattice-best-path[5.5.1126~1-8c451]:main():lattice-best-path.cc:99) For utterance m1_161, best cost 120.037 + 447.359 = 567.397 over 477 frames.
m1_161 sil eh r l iy s iy v ih f y ao r jh f r dh iy s aa f l er iy z sil 
LOG (lattice-best-path[5.5.1126~1-8c451]:main():lattice-best-path.cc:99) For utterance m1_166, best cost 82.922 + 364.546 = 447.468 over 380 frames.
m1_166 sil dh iy k ae n iy ae l w er m ay iy er z sil 
LOG (lattice-best-path[5.5.1126~1-8c451]:main():lattice-best-path.cc:99) For utterance m1_171, best cost 112.048 + 382.713 = 494.761 over 411 frames.
m1_171 sil ih sh ao r iy eh v er f ay l r l iy t uw m ay ao t ah s sil 
LOG (lattice-best-path[5.5.1126~1-8c451]:main():lattice-best-path.cc:99) For utterance m1_176, best cost 59.3183 + 357.217 = 416.535 over 331 frames.
m1_176 sil ey jh oy l er d ih sh ah n sil 
LOG (lattice-best-path[5.5.1126~1-8c451]:main():lattice-best-path.cc:99) For utterance m1_181, best cost 151.998 + 451.594 = 603.591 over 502 frames.
m1_181 sil ch ih l d ah n t uw f ao r d ih k s p ow zh er t uw k ah n t ey t ih z d ih z iy z ah z sil 
LOG (lattice-best-path[5.5.1126~1-8c451]:main():lattice-best-path.cc:99) For utterance m1_186, best cost 101.941 + 389.609 = 491.55 over 402 frames.
m1_186 sil iy v ih l ey k ey sh ah n ah l iy ah m ah n d ey t uw z sil 
LOG (lattice-best-path[5.5.1126~1-8c451]:main():lattice-best-path.cc:99) For utterance m1_191, best cost 98.6407 + 407.944 = 506.584 over 418 frames.
m1_191 sil m ay k ow k ah l er dh eh r w ao l p er ah n z sil 
LOG (lattice-best-path[5.5.1126~1-8c451]:main():lattice-best-path.cc:99) For utterance m1_196, best cost 122.693 + 458.838 = 581.531 over 488 frames.
m1_196 sil dh iy s er m ah n ah f ah s ay z ih n iy f er f er m ah n ae ch ah n sil 
LOG (lattice-best-path[5.5.1126~1-8c451]:main():lattice-best-path.cc:99) For utterance m1_201, best cost 109.476 + 432.976 = 542.452 over 453 frames.
m1_201 sil k ao r iy ah t ae k ah p r aa jh eh k w ih th er m ey sh ah n sil 
LOG (lattice-best-path[5.5.1126~1-8c451]:main():lattice-best-path.cc:99) For utterance m1_206, best cost 130.466 + 373.502 = 503.968 over 414 frames.
m1_206 sil s t ae v er l iy hh ae n d ah l ah s ay k ah l aa jh ih k ah l t r aa m ah 
LOG (lattice-best-path[5.5.1126~1-8c451]:main():lattice-best-path.cc:99) For utterance m1_211, best cost 93.6188 + 395.914 = 489.533 over 398 frames.
m1_211 sil ay er w ey ae n f r iy w ey n ah s ih ng f ih ng sil 
LOG (lattice-best-path[5.5.1126~1-8c451]:main():lattice-best-path.cc:99) For utterance m1_216, best cost 112.11 + 397.535 = 509.645 over 430 frames.
m1_216 sil z aa ch er w ao z ih n dh iy ae m y ah l ah n s w ey sh ah n z 
LOG (lattice-best-path[5.5.1126~1-8c451]:main():lattice-best-path.cc:99) For utterance m1_221, best cost 89.4858 + 354.912 = 444.398 over 367 frames.
m1_221 sil hh aw n z dh iy s ah b oy ah s k ah l ey t er sil 
LOG (lattice-best-path[5.5.1126~1-8c451]:main():lattice-best-path.cc:99) For utterance m1_226, best cost 92.1968 + 373.501 = 465.698 over 388 frames.
m1_226 sil ao r jh ah v er f ah l ey t ah l ow v n ah ch er sil 
LOG (lattice-best-path[5.5.1126~1-8c451]:main():lattice-best-path.cc:99) For utterance m1_236, best cost 101.288 + 322.518 = 423.806 over 355 frames.
m1_236 sil hh aw w oy l iy d iy l ih k ih s eh l ah jh er s ih ng sil 
LOG (lattice-best-path[5.5.1126~1-8c451]:main():lattice-best-path.cc:99) For utterance m1_241, best cost 131.492 + 385.623 = 517.115 over 452 frames.
m1_241 sil jh aa b r ey t s p ay iy z ih ng ih n t eh k ah n ah s t ih k aa s ah l z 
LOG (lattice-best-path[5.5.1126~1-8c451]:main():lattice-best-path.cc:99) For utterance m1_246, best cost 68.0542 + 426.962 = 495.017 over 395 frames.
m1_246 sil dh iy ih ng r iy b oy n t er aw 
LOG (lattice-best-path[5.5.1126~1-8c451]:main():lattice-best-path.cc:99) For utterance m1_251, best cost 161.766 + 510.553 = 672.319 over 561 frames.
m1_251 sil jh ih f er v er d ih z p er s t iy sh iy k ey sh ah n l iy r iy z ah l s t r iy ch er ah l sil 
LOG (lattice-best-path[5.5.1126~1-8c451]:main():lattice-best-path.cc:99) For utterance m1_256, best cost 129.441 + 438.13 = 567.571 over 461 frames.
m1_256 sil p ay n p eh r ao r ih z ey sh ah n z p er m ah b er f ih n t r l sil 
LOG (lattice-best-path[5.5.1126~1-8c451]:main():lattice-best-path.cc:99) For utterance m1_261, best cost 132.956 + 413.396 = 546.352 over 450 frames.
m1_261 sil w ih k ah p er v k ah l aa sh ah z er b er y uw s ah l ah n s iy aw t ah l sil 
LOG (lattice-best-path[5.5.1126~1-8c451]:main():lattice-best-path.cc:99) For utterance m1_266, best cost 98.0422 + 381.873 = 479.915 over 395 frames.
m1_266 sil sh uw jh er ae s p iy k ae n s m l z uw z 
LOG (lattice-best-path[5.5.1126~1-8c451]:main():lattice-best-path.cc:99) For utterance m1_271, best cost 82.7973 + 301.696 = 384.494 over 320 frames.
m1_271 sil ah m iy d ih s ch ey n sh ey k aa l iy sil 
LOG (lattice-best-path[5.5.1126~1-8c451]:main():lattice-best-path.cc:99) For utterance m1_276, best cost 91.8462 + 294.725 = 386.571 over 322 frames.
m1_276 sil ch ow z ah n f y uw w uh k ah n t ah n er l z 
LOG (lattice-best-path[5.5.1126~1-8c451]:main():lattice-best-path.cc:99) For utterance m1_281, best cost 159.398 + 538.93 = 698.328 over 591 frames.
m1_281 sil m ay d ih s ay er z ah s ah m p ah l iy w aa n f ao r d ah p er r ae f aa n dh iy s ah sil 
LOG (lattice-best-path[5.5.1126~1-8c451]:main():lattice-best-path.cc:99) For utterance m1_286, best cost 104.404 + 320.974 = 425.378 over 359 frames.
m1_286 sil dh ae t aa ch ey s ih s k ae t s m er s ah l ah s l iy sil 
LOG (lattice-best-path[5.5.1126~1-8c451]:main():lattice-best-path.cc:99) For utterance m1_291, best cost 101.256 + 390.299 = 491.556 over 403 frames.
m1_291 sil l eh v er hh ae n d ey t iy ah s uw b ah l p ih f sil 
LOG (lattice-best-path[5.5.1126~1-8c451]:main():lattice-best-path.cc:99) For utterance m1_296, best cost 152.374 + 536.23 = 688.604 over 592 frames.
m1_296 sil ae l r s iy t uw jh oy dh iy p oy n d ah n dh iy b ay l ah jh iy ah n jh ah n ih r iy s sil 
LOG (lattice-best-path[5.5.1126~1-8c451]:main():lattice-best-path.cc:99) For utterance m1_301, best cost 142.733 + 431.932 = 574.665 over 494 frames.
m1_301 sil t aa b p l ey z t aa p er ao r d iy ah n d ih t ih ng ih z b ay k f ih k s sil 
LOG (lattice-best-path[5.5.1126~1-8c451]:main():lattice-best-path.cc:99) For utterance m1_306, best cost 124.766 + 372.081 = 496.846 over 416 frames.
m1_306 sil jh aa r m er k iy l ih g uw n b aa n r aa n f r ah m ay l z sil 
LOG (lattice-best-path[5.5.1126~1-8c451]:main():lattice-best-path.cc:99) For utterance m1_311, best cost 96.2767 + 552.674 = 648.951 over 539 frames.
m1_311 sil dh iy f r ah n t r ow z jh ah n s ih jh uw b ay er sil 
LOG (lattice-best-path[5.5.1126~1-8c451]:main():lattice-best-path.cc:99) For utterance m1_316, best cost 187.694 + 557.162 = 744.857 over 631 frames.
m1_316 sil dh iy p r iy s k ah l ah k ah n p er b l ay s er f ih l ah n d ah b aa th iy m er jh ah n t iy k ah n d ih sh ah n z sil 
LOG (lattice-best-path[5.5.1126~1-8c451]:main():lattice-best-path.cc:99) For utterance m1_321, best cost 112.337 + 368.658 = 480.994 over 412 frames.
m1_321 sil ah l er w ao z ah p oy n t ah t ae k s ih k y uw hh er w ih l sil 
LOG (lattice-best-path[5.5.1126~1-8c451]:main():lattice-best-path.cc:99) For utterance m1_326, best cost 139.43 + 466.804 = 606.234 over 542 frames.
m1_326 sil dh iy s ih s ah m ey b r iy p aw n s uw n s ah s ey t er f ay l z f r iy sil 
LOG (lattice-best-path[5.5.1126~1-8c451]:main():lattice-best-path.cc:99) For utterance m1_331, best cost 127.405 + 525.254 = 652.659 over 556 frames.
m1_331 sil dh iy g ah m ah n k ae k ao r d ah k ah m p ao r f er f r iy aw er z sil 
LOG (lattice-best-path[5.5.1126~1-8c451]:main():lattice-best-path.cc:99) For utterance m1_336, best cost 127.573 + 439.307 = 566.88 over 475 frames.
m1_336 sil oy z p r aa g ow z r ow z m ao r n oy ih ng iy jh d ey 
LOG (lattice-best-path[5.5.1126~1-8c451]:main():lattice-best-path.cc:99) For utterance m1_341, best cost 117.982 + 434.189 = 552.171 over 455 frames.
m1_341 sil w ih n ah m ey n eh v er k ah m k ah m p l iy t iy t ah m ah n sil 
LOG (lattice-best-path[5.5.1126~1-8c451]:main():lattice-best-path.cc:99) For utterance m1_346, best cost 88.2133 + 316.928 = 405.142 over 346 frames.
m1_346 sil w uh k ah m ah n iy n z d ah n s iy ch iy er sil 
LOG (lattice-best-path[5.5.1126~1-8c451]:main():lattice-best-path.cc:99) For utterance m1_351, best cost 96.4014 + 358.14 = 454.541 over 372 frames.
m1_351 sil w ih jh ch er jh d ah s m ih s w er sh ah p ah n sil 
LOG (lattice-best-path[5.5.1126~1-8c451]:main():lattice-best-path.cc:99) For utterance m1_356, best cost 82.293 + 317.05 = 399.343 over 338 frames.
m1_356 sil ey ao l ay k ah l ao ng hh aa ch aw er z sil 
LOG (lattice-best-path[5.5.1126~1-8c451]:main():lattice-best-path.cc:99) For utterance m1_361, best cost 111.863 + 345.018 = 456.88 over 383 frames.
m1_361 sil t ih n t ey z sh iy l ih k ah s y uw v iy s w oy s ah b iy sil 
LOG (lattice-best-path[5.5.1126~1-8c451]:main():lattice-best-path.cc:99) For utterance m1_366, best cost 127.417 + 397.145 = 524.562 over 444 frames.
m1_366 sil hh er w ao r jh er ah n s ih s ah v ah l l iy s k er t uw b aa s ah z sil 
LOG (lattice-best-path[5.5.1126~1-8c451]:main():lattice-best-path.cc:99) For utterance m1_371, best cost 117.563 + 378.555 = 496.117 over 409 frames.
m1_371 sil r ay dh iy s ah g w ey b ae k ae f ah n t ah n ah v ch ey n sh 
LOG (lattice-best-path[5.5.1126~1-8c451]:main():lattice-best-path.cc:99) For utterance m1_376, best cost 96.5642 + 409.499 = 506.063 over 432 frames.
m1_376 sil uw dh iy g aa r b ih n er l aa r jh ah n d ow sil 
LOG (lattice-best-path[5.5.1126~1-8c451]:main():lattice-best-path.cc:99) For utterance m1_381, best cost 149.322 + 450.744 = 600.066 over 508 frames.
m1_381 sil n t uw f ah n ih sh k r iy s ih ng er ch ey n b iy sh er t uw w ao sh s er l iy sil 
LOG (lattice-best-path[5.5.1126~1-8c451]:main():lattice-best-path.cc:99) For utterance m1_386, best cost 128.762 + 446.937 = 575.699 over 461 frames.
m1_386 sil ah k r ae k aw n jh m iy b ah k w ih k s t ae ng k w ih sh ae m sil 
LOG (lattice-best-path[5.5.1126~1-8c451]:main():lattice-best-path.cc:99) For utterance m1_391, best cost 106.27 + 372.781 = 479.051 over 386 frames.
m1_391 sil iy ch t ae sh er l iy f ay n z ah b ih g f aa n sil 
LOG (lattice-best-path[5.5.1126~1-8c451]:main():lattice-best-path.cc:99) For utterance m1_396, best cost 164.546 + 466.917 = 631.463 over 528 frames.
m1_396 sil dh iy ae v er t ay z ih ng f er s ah v ah m ih f er ay t iy s t ao r n ah v er ch ey n jh ah z sil 
LOG (lattice-best-path[5.5.1126~1-8c451]:main():lattice-best-path.cc:99) For utterance m1_401, best cost 130.373 + 403.354 = 533.727 over 462 frames.
m1_401 sil k aa m ah th ih ng s ah l aa r jh er k l ae m p s ao l t uw p r ao ng sil 
LOG (lattice-best-path[5.5.1126~1-8c451]:main():lattice-best-path.cc:99) For utterance m1_406, best cost 149.128 + 590.08 = 739.208 over 617 frames.
m1_406 sil ow n f ao r s t w ih n er l iy g ow v er w ao ng b ay b ae ch ow n z iy z sil 
LOG (lattice-best-path[5.5.1126~1-8c451]:main():lattice-best-path.cc:99) For utterance m1_411, best cost 121.701 + 349.301 = 471.002 over 395 frames.
m1_411 sil dh ow z m iy z ih sh ah n z hh aa r m ay z m aa r f l ah s l iy sil 
LOG (lattice-best-path[5.5.1126~1-8c451]:main():lattice-best-path.cc:99) For utterance m1_416, best cost 79.2884 + 416.029 = 495.317 over 408 frames.
m1_416 sil ae p aa p ih s k aa r d ae n d ih 
LOG (lattice-best-path[5.5.1126~1-8c451]:main():lattice-best-path.cc:99) For utterance m1_421, best cost 92.2609 + 342.297 = 434.558 over 363 frames.
m1_421 sil dh ae n ah k aa s t ih n t er k w eh k ow s ah l sil 
LOG (lattice-best-path[5.5.1126~1-8c451]:main():lattice-best-path.cc:99) For utterance m1_426, best cost 122.432 + 479.694 = 602.126 over 507 frames.
m1_426 sil dh iy z ih g ow ah n z w ao l ah jh ah s er l ae k s t er ah w ey jh sil 
LOG (lattice-best-path[5.5.1126~1-8c451]:main():lattice-best-path.cc:99) For utterance m1_431, best cost 134.961 + 436.335 = 571.297 over 467 frames.
m1_431 sil aa m p r ao f ah t ao r ih n ah z ey sh ah n z f r iy ah r ih z er z sil 
LOG (lattice-best-path[5.5.1126~1-8c451]:main():lattice-best-path.cc:99) For utterance m1_436, best cost 132.639 + 460.83 = 593.469 over 482 frames.
m1_436 sil b er er t ey t f r iy k ah n dh iy ah k er z aa n f ay s k ih v ih ng sil 
LOG (lattice-best-path[5.5.1126~1-8c451]:main():lattice-best-path.cc:99) For utterance m1_441, best cost 95.9251 + 337.274 = 433.199 over 358 frames.
m1_441 sil r aa r ah l m y uw z ih k ae z g r iy r dh iy m sil 
LOG (lattice-best-path[5.5.1126~1-8c451]:main():lattice-best-path.cc:99) For utterance m1_446, best cost 100.894 + 395.717 = 496.611 over 412 frames.
m1_446 sil dh iy s p iy ch ah m p ow z ah m ay t ih n ah m ah n d ey 
LOG (lattice-best-path[5.5.1126~1-8c451]:main():lattice-best-path.cc:99) For utterance m1_451, best cost 135.05 + 492.25 = 627.3 over 513 frames.
m1_451 sil n k ae n k ah n s uw m ah n iy f r uw r ah l ah s ah m ow n s ah d ih ng sil 
LOG (lattice-best-path[5.5.1126~1-8c451]:main():lattice-best-path.cc:99) For utterance m1_456, best cost 125.928 + 522.841 = 648.769 over 518 frames.
m1_456 sil ah m ao z ih g ae b ah l aa n ah p ae f r aa t ow z k aa r n sil 
LOG (lattice-best-path[5.5.1126~1-8c451]:main():lattice-best-path.cc:99) For utterance m3_001, best cost 64.7701 + 177.108 = 241.878 over 246 frames.
m3_001 sil ih s ih z iy z iy f ao r ah s sil 
LOG (lattice-best-path[5.5.1126~1-8c451]:main():lattice-best-path.cc:99) For utterance m3_006, best cost 96.9769 + 250.274 = 347.251 over 352 frames.
m3_006 sil w ay d ae l ah r iy ow v er s ah l iy ae t ah m z sil 
LOG (lattice-best-path[5.5.1126~1-8c451]:main():lattice-best-path.cc:99) For utterance m3_011, best cost 76.2887 + 223.973 = 300.261 over 299 frames.
m3_011 sil s ah n y aa r m ah t ay z iy k ae n sil 
LOG (lattice-best-path[5.5.1126~1-8c451]:main():lattice-best-path.cc:99) For utterance m3_016, best cost 95.77 + 286.168 = 381.938 over 351 frames.
m3_016 sil ae l ah m ah n iy hh aw er m ao r t ae n t w ao l sil 
LOG (lattice-best-path[5.5.1126~1-8c451]:main():lattice-best-path.cc:99) For utterance m3_021, best cost 63.116 + 242.434 = 305.55 over 291 frames.
m3_021 sil ah l iy l er z l ah n er z sil 
LOG (lattice-best-path[5.5.1126~1-8c451]:main():lattice-best-path.cc:99) For utterance m3_026, best cost 79.0968 + 216.632 = 295.729 over 293 frames.
m3_026 sil ow t uw t r l iy z er iy d ih sh ah z sil 
LOG (lattice-best-path[5.5.1126~1-8c451]:main():lattice-best-path.cc:99) For utterance m3_031, best cost 86.8367 + 342.648 = 429.485 over 401 frames.
m3_031 sil aa r ah l b r iy s l w ao z g r eh t sil 
LOG (lattice-best-path[5.5.1126~1-8c451]:main():lattice-best-path.cc:99) For utterance m3_036, best cost 105.27 + 246.772 = 352.041 over 346 frames.
m3_036 sil ae s k ah b aa p ah n d iy n ah t ih n ih ng s t ao r t sil 
LOG (lattice-best-path[5.5.1126~1-8c451]:main():lattice-best-path.cc:99) For utterance m3_041, best cost 88.7904 + 287.292 = 376.083 over 348 frames.
m3_041 sil eh m ih k s t ah s t ih k t aa k aa m ao r sil 
LOG (lattice-best-path[5.5.1126~1-8c451]:main():lattice-best-path.cc:99) For utterance m3_046, best cost 93.3781 + 272.015 = 365.393 over 358 frames.
m3_046 sil dh iy p r ao l r ah s t iy m ae s t s k ay s sil 
LOG (lattice-best-path[5.5.1126~1-8c451]:main():lattice-best-path.cc:99) For utterance m3_051, best cost 107.535 + 302.04 = 409.575 over 388 frames.
m3_051 sil eh n iy k ah n t ah b ih sh ah d ih g r iy p er s ey t ah d sil 
LOG (lattice-best-path[5.5.1126~1-8c451]:main():lattice-best-path.cc:99) For utterance m3_056, best cost 109.558 + 314.251 = 423.809 over 421 frames.
m3_056 sil ae s t uw k ae sh er d s k ah s t iy p r ay s ih s ah z sil 
LOG (lattice-best-path[5.5.1126~1-8c451]:main():lattice-best-path.cc:99) For utterance m3_061, best cost 112.837 + 251.732 = 364.569 over 352 frames.
m3_061 sil k l ih s t ih s p l iy w ih z ah s p l ey s t ah s k r iy n sil 
LOG (lattice-best-path[5.5.1126~1-8c451]:main():lattice-best-path.cc:99) For utterance m3_066, best cost 85.2289 + 236.143 = 321.372 over 318 frames.
m3_066 sil ae k t ih s p er s k r ae t uw f r iy l iy sil 
LOG (lattice-best-path[5.5.1126~1-8c451]:main():lattice-best-path.cc:99) For utterance m3_071, best cost 124.165 + 345.919 = 470.084 over 439 frames.
m3_071 sil k w aa p r ey sh ah l ao ng z ah n er s t ae n ih l iy p y uw t sil 
LOG (lattice-best-path[5.5.1126~1-8c451]:main():lattice-best-path.cc:99) For utterance m3_076, best cost 54.8503 + 274.299 = 329.149 over 319 frames.
m3_076 sil er z ah f ey m er sil 
LOG (lattice-best-path[5.5.1126~1-8c451]:main():lattice-best-path.cc:99) For utterance m3_081, best cost 112.792 + 295.877 = 408.669 over 363 frames.
m3_081 sil m ae s t r ey p aa r iy z t ae k s aa m ay m ey sh ah sil 
LOG (lattice-best-path[5.5.1126~1-8c451]:main():lattice-best-path.cc:99) For utterance m3_086, best cost 124.716 + 418.419 = 543.135 over 522 frames.
m3_086 sil er ah n t ow t ah n d eh k r ey t ih k aa sh ah n t r ao l d ey z sil 
LOG (lattice-best-path[5.5.1126~1-8c451]:main():lattice-best-path.cc:99) For utterance m3_091, best cost 90.6798 + 232.942 = 323.621 over 320 frames.
m3_091 sil y uw t ae p ah s t r iy hh aa n er ao l ay sil 
LOG (lattice-best-path[5.5.1126~1-8c451]:main():lattice-best-path.cc:99) For utterance m3_096, best cost 89.793 + 276.589 = 366.382 over 365 frames.
m3_096 sil ih s ah n d ah p aa r t er s aa k ah k ae s t sil 
LOG (lattice-best-path[5.5.1126~1-8c451]:main():lattice-best-path.cc:99) For utterance m3_101, best cost 70.626 + 257.168 = 327.794 over 307 frames.
m3_101 sil k l ae f r uw n ao f t ae n d sil 
LOG (lattice-best-path[5.5.1126~1-8c451]:main():lattice-best-path.cc:99) For utterance m3_106, best cost 88.2905 + 290.191 = 378.481 over 374 frames.
m3_106 sil ah s t ae s ih ng ih s er b ah n s ah b iy sil 
LOG (lattice-best-path[5.5.1126~1-8c451]:main():lattice-best-path.cc:99) For utterance m3_111, best cost 95.9695 + 228.696 = 324.665 over 322 frames.
m3_111 sil ah th ih sh ah l ah n t eh l ah jh ah n s ah s er iy l sil 
LOG (lattice-best-path[5.5.1126~1-8c451]:main():lattice-best-path.cc:99) For utterance m3_116, best cost 83.2788 + 302.425 = 385.704 over 363 frames.
m3_116 sil dh iy p ae n ah d ih l d ah n uw b eh v er sil 
LOG (lattice-best-path[5.5.1126~1-8c451]:main():lattice-best-path.cc:99) For utterance m3_121, best cost 106.004 + 417.362 = 523.366 over 502 frames.
m3_121 sil s ay n t uw dh iy p r aa r eh s k aa n t uw v ah l ah s sil 
LOG (lattice-best-path[5.5.1126~1-8c451]:main():lattice-best-path.cc:99) For utterance m3_126, best cost 120.868 + 328.69 = 449.558 over 422 frames.
m3_126 sil w ih t s ao t ih k ah l ah p ey k ah n ih g l er f ah k ey sh ah n sil 
LOG (lattice-best-path[5.5.1126~1-8c451]:main():lattice-best-path.cc:99) For utterance m3_131, best cost 114.879 + 302.898 = 417.777 over 412 frames.
m3_131 sil k r eh k y uw s n ah m ay n s t r eh sh ah n z t er z ah l sil 
LOG (lattice-best-path[5.5.1126~1-8c451]:main():lattice-best-path.cc:99) For utterance m3_136, best cost 78.0829 + 318.879 = 396.962 over 360 frames.
m3_136 sil dh iy s t uw z ah s t uw w ao r aa n ah s sil 
LOG (lattice-best-path[5.5.1126~1-8c451]:main():lattice-best-path.cc:99) For utterance m3_141, best cost 68.4435 + 283.587 = 352.031 over 354 frames.
m3_141 sil uw d ih s p ah n er iy z er z sil 
LOG (lattice-best-path[5.5.1126~1-8c451]:main():lattice-best-path.cc:99) For utterance m3_146, best cost 72.151 + 424.838 = 496.989 over 495 frames.
m3_146 sil r aa r n er m ay ao l iy z 
LOG (lattice-best-path[5.5.1126~1-8c451]:main():lattice-best-path.cc:99) For utterance m3_151, best cost 47.8539 + 275.269 = 323.123 over 315 frames.
m3_151 sil k ae b ay t uw sil 
LOG (lattice-best-path[5.5.1126~1-8c451]:main():lattice-best-path.cc:99) For utterance m3_156, best cost 149.562 + 408.107 = 557.669 over 522 frames.
m3_156 sil w eh v er k w aa p r ey t s ah n p ay n iy n ae n s k ae m ow l d iy w ao r d sil 
LOG (lattice-best-path[5.5.1126~1-8c451]:main():lattice-best-path.cc:99) For utterance m3_161, best cost 100.831 + 350.883 = 451.714 over 430 frames.
m3_161 sil er l iy s iy f y uw ao r d s ah s m ow th er z sil 
LOG (lattice-best-path[5.5.1126~1-8c451]:main():lattice-best-path.cc:99) For utterance m3_166, best cost 82.7768 + 285.664 = 368.441 over 359 frames.
m3_166 sil dh iy k ae n aw s er jh m ay iy er z sil 
LOG (lattice-best-path[5.5.1126~1-8c451]:main():lattice-best-path.cc:99) For utterance m3_171, best cost 102.724 + 283.068 = 385.792 over 354 frames.
m3_171 sil d ih s t r ay v er iy f ay l er d ih m ay ao t s sil 
LOG (lattice-best-path[5.5.1126~1-8c451]:main():lattice-best-path.cc:99) For utterance m3_176, best cost 65.3352 + 215.992 = 281.328 over 265 frames.
m3_176 sil ey n jh oy b ay ae b ih sh ah n sil 
LOG (lattice-best-path[5.5.1126~1-8c451]:main():lattice-best-path.cc:99) For utterance m3_181, best cost 116.636 + 378.407 = 495.043 over 455 frames.
m3_181 sil iy aa n t eh l d ah n t uw oy d ih k s p l ah s t iy z ah z sil 
LOG (lattice-best-path[5.5.1126~1-8c451]:main():lattice-best-path.cc:99) For utterance m3_186, best cost 96.0283 + 307.873 = 403.902 over 351 frames.
m3_186 sil iy n ay k ey t ah l iy p ah m ah n ih b l uw z sil 
LOG (lattice-best-path[5.5.1126~1-8c451]:main():lattice-best-path.cc:99) For utterance m3_191, best cost 82.6443 + 356.982 = 439.627 over 445 frames.
m3_191 sil m ay k ah k aa r ah m ao l s k r ah n z sil 
LOG (lattice-best-path[5.5.1126~1-8c451]:main():lattice-best-path.cc:99) For utterance m3_196, best cost 117.531 + 322.186 = 439.717 over 432 frames.
m3_196 sil dh iy s er m ah n t ah s ay s ih n iy f er f er d ae k sh ah n sil 
LOG (lattice-best-path[5.5.1126~1-8c451]:main():lattice-best-path.cc:99) For utterance m3_201, best cost 124.156 + 306.48 = 430.636 over 404 frames.
m3_201 sil k ao r ey t ae k ah p r aa jh eh k ah v eh k s t uw t er m ey sh ah n sil 
LOG (lattice-best-path[5.5.1126~1-8c451]:main():lattice-best-path.cc:99) For utterance m3_206, best cost 81.2551 + 326.396 = 407.651 over 387 frames.
m3_206 sil s t ae f ae n ah dh iy s ay k ah l aa t sil 
LOG (lattice-best-path[5.5.1126~1-8c451]:main():lattice-best-path.cc:99) For utterance m3_211, best cost 84.5042 + 267.439 = 351.943 over 317 frames.
m3_211 sil ay l iy ah n f r iy w ey m ah n s ih n z ih ng sil 
LOG (lattice-best-path[5.5.1126~1-8c451]:main():lattice-best-path.cc:99) For utterance m3_216, best cost 73.5533 + 302.625 = 376.178 over 367 frames.
m3_216 sil ah t aa n dh ae n aa p ey sh ah n sil 
LOG (lattice-best-path[5.5.1126~1-8c451]:main():lattice-best-path.cc:99) For utterance m3_221, best cost 88.8217 + 289.198 = 378.02 over 334 frames.
m3_221 sil hh ow ey t ih n ih z ah s ah b ay s ah l ey t er sil 
LOG (lattice-best-path[5.5.1126~1-8c451]:main():lattice-best-path.cc:99) For utterance m3_226, best cost 99.6256 + 264.11 = 363.735 over 349 frames.
m3_226 sil dh iy b ao r ih z b aa r f ay ey t ah l aa n ah t er sil 
LOG (lattice-best-path[5.5.1126~1-8c451]:main():lattice-best-path.cc:99) For utterance m3_231, best cost 82.7698 + 223.864 = 306.633 over 286 frames.
m3_231 sil w ao r ow k ah n eh v er m ah n d ih m ao r iy sil 
LOG (lattice-best-path[5.5.1126~1-8c451]:main():lattice-best-path.cc:99) For utterance m3_236, best cost 88.7494 + 283.503 = 372.253 over 339 frames.
m3_236 sil hh aw w oy l iy b iy l ey t er s eh l ih ng sil 
LOG (lattice-best-path[5.5.1126~1-8c451]:main():lattice-best-path.cc:99) For utterance m3_241, best cost 106.409 + 295.287 = 401.696 over 386 frames.
m3_241 sil ao r iy p iy z ih ng ih n t ih k ah n ih s ih k aa s ah l z sil 
LOG (lattice-best-path[5.5.1126~1-8c451]:main():lattice-best-path.cc:99) For utterance m3_246, best cost 75.6203 + 317.561 = 393.181 over 382 frames.
m3_246 sil w ay ae n ch er d ih m ah k aw t sil 
LOG (lattice-best-path[5.5.1126~1-8c451]:main():lattice-best-path.cc:99) For utterance m3_251, best cost 133.151 + 396.471 = 529.622 over 519 frames.
m3_251 sil dh iy f er s p ah s t iy sh iy p ey z ah l iy r iy z w ao s t uw jh er ah l sil 
LOG (lattice-best-path[5.5.1126~1-8c451]:main():lattice-best-path.cc:99) For utterance m3_256, best cost 109.017 + 381.972 = 490.988 over 462 frames.
m3_256 sil n hh ae t er ih z ey sh ah n z p r ah b er th er l sil 
LOG (lattice-best-path[5.5.1126~1-8c451]:main():lattice-best-path.cc:99) For utterance m3_261, best cost 115.153 + 304.144 = 419.297 over 393 frames.
m3_261 sil w ih dh iy p er z b aa s ih z er f er y uw s ow n s aa l sil 
LOG (lattice-best-path[5.5.1126~1-8c451]:main():lattice-best-path.cc:99) For utterance m3_266, best cost 75.0686 + 278.102 = 353.171 over 340 frames.
m3_266 sil sh ah jh er ae s t iy k ae z uw z sil 
LOG (lattice-best-path[5.5.1126~1-8c451]:main():lattice-best-path.cc:99) For utterance m3_271, best cost 86.2888 + 242.84 = 329.129 over 302 frames.
m3_271 sil ah m iy d ih s ch ey n sh ey k aa l iy sil 
LOG (lattice-best-path[5.5.1126~1-8c451]:main():lattice-best-path.cc:99) For utterance m3_276, best cost 101.105 + 259.357 = 360.462 over 319 frames.
m3_276 sil ah th y uw ch ow z ah n t iy ow l iy k aw n t er l z sil 
LOG (lattice-best-path[5.5.1126~1-8c451]:main():lattice-best-path.cc:99) For utterance m3_281, best cost 134.135 + 431.682 = 565.817 over 543 frames.
m3_281 sil m ay d ih z ae t ah s ah p ah l iy m iy w aa n f r m ah p eh r ae k sil 
LOG (lattice-best-path[5.5.1126~1-8c451]:main():lattice-best-path.cc:99) For utterance m3_286, best cost 86.3808 + 253.829 = 340.21 over 327 frames.
m3_286 sil eh jh aa ch ih s k ae m er s ah l s l iy sil 
LOG (lattice-best-path[5.5.1126~1-8c451]:main():lattice-best-path.cc:99) For utterance m3_291, best cost 48.9354 + 322.922 = 371.857 over 364 frames.
m3_291 sil ah dh ae n d ae t sil 
LOG (lattice-best-path[5.5.1126~1-8c451]:main():lattice-best-path.cc:99) For utterance m3_296, best cost 108.413 + 504.558 = 612.971 over 584 frames.
m3_296 sil hh aw er s iy d ah p oy m ah n aa l d iy ah n ah n z sil 
LOG (lattice-best-path[5.5.1126~1-8c451]:main():lattice-best-path.cc:99) For utterance m3_301, best cost 110.902 + 363.141 = 474.043 over 443 frames.
m3_301 sil p aa p oy s t aa p er t iy ae n d ah n ih z b ay t s t sil 
LOG (lattice-best-path[5.5.1126~1-8c451]:main():lattice-best-path.cc:99) For utterance m3_306, best cost 82.2752 + 371.411 = 453.686 over 414 frames.
m3_306 sil dh iy b aa r uw w ao r aw n er m ah l z sil 
LOG (lattice-best-path[5.5.1126~1-8c451]:main():lattice-best-path.cc:99) For utterance m3_311, best cost 115.817 + 364.55 = 480.366 over 473 frames.
m3_311 sil n ch ay l ah jh ah n ay s ah n jh uw b ay z b ih g r l er sil 
LOG (lattice-best-path[5.5.1126~1-8c451]:main():lattice-best-path.cc:99) For utterance m3_316, best cost 159.58 + 416.185 = 575.765 over 569 frames.
m3_316 sil dh iy p r iy s k ah l er k ah m p er w ay s er f iy l ih n z aa p iy m er n d ih sh ah n z sil 
LOG (lattice-best-path[5.5.1126~1-8c451]:main():lattice-best-path.cc:99) For utterance m3_321, best cost 102.402 + 260.27 = 362.672 over 357 frames.
m3_321 sil ah l er w ao z ah p ay n s eh k s ih k y uw t er w eh l sil 
LOG (lattice-best-path[5.5.1126~1-8c451]:main():lattice-best-path.cc:99) For utterance m3_326, best cost 124.188 + 360.058 = 484.246 over 464 frames.
m3_326 sil dh iy s ih s ah m ey b r ih g aa n s ah n s ah s ey t er f ay l th iy sil 
LOG (lattice-best-path[5.5.1126~1-8c451]:main():lattice-best-path.cc:99) For utterance m3_331, best cost 114.452 + 379.843 = 494.295 over 472 frames.
m3_331 sil dh iy g ah m ey k ah t ih z ih k ao r ih k ah m p aa r iy aw er z sil 
LOG (lattice-best-path[5.5.1126~1-8c451]:main():lattice-best-path.cc:99) For utterance m3_336, best cost 108.635 + 297.854 = 406.489 over 372 frames.
m3_336 sil ah n oy z p aa r ow z m ao r n oy n iy ch d ey sil 
LOG (lattice-best-path[5.5.1126~1-8c451]:main():lattice-best-path.cc:99) For utterance m3_341, best cost 111.293 + 307.113 = 418.406 over 384 frames.
m3_341 sil dh iy m ah n eh v er b iy k ah m k ah m p ey t iy k ah m ah n sil 
LOG (lattice-best-path[5.5.1126~1-8c451]:main():lattice-best-path.cc:99) For utterance m3_346, best cost 81.7075 + 283.985 = 365.692 over 371 frames.
m3_346 sil w aa k ah m ah n ah s t ah n t iy ch iy er sil 
LOG (lattice-best-path[5.5.1126~1-8c451]:main():lattice-best-path.cc:99) For utterance m3_351, best cost 86.2599 + 302.832 = 389.092 over 412 frames.
m3_351 sil w ih ch ch er jh d ih s m ah s er ah n 
LOG (lattice-best-path[5.5.1126~1-8c451]:main():lattice-best-path.cc:99) For utterance m3_356, best cost 75.3921 + 231.559 = 306.951 over 307 frames.
m3_356 sil dh ae l ay k l ao hh aa ch aw er z sil 
LOG (lattice-best-path[5.5.1126~1-8c451]:main():lattice-best-path.cc:99) For utterance m3_361, best cost 112.536 + 277.472 = 390.008 over 368 frames.
m3_361 sil k ae n t ih k sh iy l ah d ih s iy m uw v iy s t ay s ah l iy sil 
LOG (lattice-best-path[5.5.1126~1-8c451]:main():lattice-best-path.cc:99) For utterance m3_366, best cost 103.834 + 288.826 = 392.66 over 393 frames.
m3_366 sil ao r ah k ah n s ih s ah l ih s k er k s ah b aa s ah z 
LOG (lattice-best-path[5.5.1126~1-8c451]:main():lattice-best-path.cc:99) For utterance m3_371, best cost 105.774 + 301.942 = 407.716 over 389 frames.
m3_371 sil ay d r ay dh iy s ah v w ey b ah hh aw n ah ch ey n jh sil 
LOG (lattice-best-path[5.5.1126~1-8c451]:main():lattice-best-path.cc:99) For utterance m3_376, best cost 57.4888 + 307.429 = 364.918 over 338 frames.
m3_376 sil aa r er z ah l aa r t sil 
LOG (lattice-best-path[5.5.1126~1-8c451]:main():lattice-best-path.cc:99) For utterance m3_381, best cost 110.928 + 335.246 = 446.173 over 453 frames.
m3_381 sil w ih z g r iy s ih ng er ch ey n ih sh er w aa s p er l iy sil 
LOG (lattice-best-path[5.5.1126~1-8c451]:main():lattice-best-path.cc:99) For utterance m3_386, best cost 90.2795 + 342.291 = 432.571 over 425 frames.
m3_386 sil dh iy k r ae ch aa n z m ih ng ih k s t ae n 
LOG (lattice-best-path[5.5.1126~1-8c451]:main():lattice-best-path.cc:99) For utterance m3_391, best cost 87.9207 + 237.097 = 325.017 over 314 frames.
m3_391 sil iy t s t ae sh ih f ay n t uw b ih ng f ao ng sil 
LOG (lattice-best-path[5.5.1126~1-8c451]:main():lattice-best-path.cc:99) For utterance m3_396, best cost 131.134 + 361.722 = 492.856 over 482 frames.
m3_396 sil dh iy ae ng p er s ah n dh iy f er ay t iy s ao r n eh v er ch ey n t ih z sil 
LOG (lattice-best-path[5.5.1126~1-8c451]:main():lattice-best-path.cc:99) For utterance m3_401, best cost 101.427 + 303.959 = 405.387 over 378 frames.
m3_401 sil t ah m ah s ih ng s ah l aa r jh ih k l ae sh ao r aa t sil 
LOG (lattice-best-path[5.5.1126~1-8c451]:main():lattice-best-path.cc:99) For utterance m3_406, best cost 140.388 + 387.069 = 527.456 over 493 frames.
m3_406 sil dh iy f ih k aw n f ao r ah s ih z eh r l iy ow v er w ao l ow ch ah m z iy z sil 
LOG (lattice-best-path[5.5.1126~1-8c451]:main():lattice-best-path.cc:99) For utterance m3_411, best cost 91.7684 + 278.344 = 370.112 over 345 frames.
m3_411 sil ih z iy z ih sh ah n z hh aa m ay z m aa r sil 
LOG (lattice-best-path[5.5.1126~1-8c451]:main():lattice-best-path.cc:99) For utterance m3_416, best cost 75.9048 + 275.078 = 350.983 over 322 frames.
m3_416 sil p aa k ah w ao z k aa r ah n ae n t sil 
LOG (lattice-best-path[5.5.1126~1-8c451]:main():lattice-best-path.cc:99) For utterance m3_421, best cost 95.1137 + 222.976 = 318.089 over 309 frames.
m3_421 sil ih s t ae k aa s t ah n z ah k w ay k ah l er f ao l sil 
LOG (lattice-best-path[5.5.1126~1-8c451]:main():lattice-best-path.cc:99) For utterance m3_426, best cost 120.964 + 345.862 = 466.826 over 420 frames.
m3_426 sil iy s ih g ow n s ao d ih s ih l ae k s er ah b ah b oy ih jh sil 
LOG (lattice-best-path[5.5.1126~1-8c451]:main():lattice-best-path.cc:99) For utterance m3_431, best cost 124.795 + 310.025 = 434.82 over 422 frames.
m3_431 sil n ah m p r aa t er ih z ey sh ah n s ah f r iy k ah n f ah n er z er z sil 
LOG (lattice-best-path[5.5.1126~1-8c451]:main():lattice-best-path.cc:99) For utterance m3_436, best cost 119.905 + 287.352 = 407.256 over 390 frames.
m3_436 sil hh er z b er dh ey f r iy k ah m ey p er z ah n t ah n s k ah n ih ng sil 
LOG (lattice-best-path[5.5.1126~1-8c451]:main():lattice-best-path.cc:99) For utterance m3_441, best cost 100.767 + 292.313 = 393.08 over 381 frames.
m3_441 sil r aa k ah m ow n iy z ih k ae g r iy g r eh t ah m sil 
LOG (lattice-best-path[5.5.1126~1-8c451]:main():lattice-best-path.cc:99) For utterance m3_446, best cost 99.1066 + 294.648 = 393.755 over 355 frames.
m3_446 sil dh iy s t iy t s ah b ow z iy m ay d ih g ae n ah n t sil 
LOG (lattice-scale[5.5.1126~1-8c451]:main():lattice-scale.cc:107) Done 363 lattices.
LOG (lattice-add-penalty[5.5.1126~1-8c451]:main():lattice-add-penalty.cc:62) Done adding word insertion penalty to 363 lattices.
LOG (lattice-best-path[5.5.1126~1-8c451]:main():lattice-best-path.cc:99) For utterance m3_451, best cost 134.548 + 343.944 = 478.492 over 472 frames.
m3_451 sil ch er k ih ng ih n s uw m ah n iy f er g r ah l ah t s ah m ah n s ah d ih ng sil 
LOG (lattice-best-path[5.5.1126~1-8c451]:main():lattice-best-path.cc:99) For utterance m3_456, best cost 115.779 + 326.582 = 442.361 over 429 frames.
m3_456 sil ah m ao s ih g ae g ah l ao ng dh iy k ae f er aw s p aa r ah n sil 
LOG (lattice-best-path[5.5.1126~1-8c451]:main():lattice-best-path.cc:124) Overall cost per frame is 1.12828 = 0.231658 [graph] + 0.896625 [acoustic] over 144532 frames.
LOG (lattice-best-path[5.5.1126~1-8c451]:main():lattice-best-path.cc:128) Done 363 lattices, failed for 0
# Accounting: time=4 threads=1
# Ended (code 0) at Mon Apr 29 13:55:39 EEST 2024, elapsed time 4 seconds
