# gmm-acc-stats-ali exp/mono/25.mdl "ark,s,cs:apply-cmvn  --utt2spk=ark:data/train/split4/2/utt2spk scp:data/train/split4/2/cmvn.scp scp:data/train/split4/2/feats.scp ark:- | add-deltas  ark:- ark:- |" "ark:gunzip -c exp/mono/ali.2.gz|" exp/mono/25.2.acc 
# Started at Sat Apr 27 18:56:54 EEST 2024
#
gmm-acc-stats-ali exp/mono/25.mdl 'ark,s,cs:apply-cmvn  --utt2spk=ark:data/train/split4/2/utt2spk scp:data/train/split4/2/cmvn.scp scp:data/train/split4/2/feats.scp ark:- | add-deltas  ark:- ark:- |' 'ark:gunzip -c exp/mono/ali.2.gz|' exp/mono/25.2.acc 
apply-cmvn --utt2spk=ark:data/train/split4/2/utt2spk scp:data/train/split4/2/cmvn.scp scp:data/train/split4/2/feats.scp ark:- 
add-deltas ark:- ark:- 
LOG (gmm-acc-stats-ali[5.5.1126~1-8c451]:main():gmm-acc-stats-ali.cc:105) Processed 50 utterances; for utterance f5_070 avg. like is -93.9662 over 606 frames.
WARNING (gmm-acc-stats-ali[5.5.1126~1-8c451]:main():gmm-acc-stats-ali.cc:79) No alignment for utterance f5_083
LOG (gmm-acc-stats-ali[5.5.1126~1-8c451]:main():gmm-acc-stats-ali.cc:105) Processed 100 utterances; for utterance f5_142 avg. like is -80.9481 over 386 frames.
WARNING (gmm-acc-stats-ali[5.5.1126~1-8c451]:main():gmm-acc-stats-ali.cc:79) No alignment for utterance f5_167
LOG (gmm-acc-stats-ali[5.5.1126~1-8c451]:main():gmm-acc-stats-ali.cc:105) Processed 150 utterances; for utterance f5_212 avg. like is -83.4007 over 459 frames.
WARNING (gmm-acc-stats-ali[5.5.1126~1-8c451]:main():gmm-acc-stats-ali.cc:79) No alignment for utterance f5_263
LOG (gmm-acc-stats-ali[5.5.1126~1-8c451]:main():gmm-acc-stats-ali.cc:105) Processed 200 utterances; for utterance f5_283 avg. like is -80.7231 over 517 frames.
LOG (gmm-acc-stats-ali[5.5.1126~1-8c451]:main():gmm-acc-stats-ali.cc:105) Processed 250 utterances; for utterance f5_353 avg. like is -91.2456 over 492 frames.
LOG (gmm-acc-stats-ali[5.5.1126~1-8c451]:main():gmm-acc-stats-ali.cc:105) Processed 300 utterances; for utterance f5_422 avg. like is -86.919 over 392 frames.
LOG (apply-cmvn[5.5.1126~1-8c451]:main():apply-cmvn.cc:162) Applied cepstral mean normalization to 331 utterances, errors on 0
LOG (gmm-acc-stats-ali[5.5.1126~1-8c451]:main():gmm-acc-stats-ali.cc:112) Done 328 files, 3 with errors.
LOG (gmm-acc-stats-ali[5.5.1126~1-8c451]:main():gmm-acc-stats-ali.cc:115) Overall avg like per frame (Gaussian only) = -85.7309 over 150811 frames.
LOG (gmm-acc-stats-ali[5.5.1126~1-8c451]:main():gmm-acc-stats-ali.cc:123) Written accs.
# Accounting: time=1 threads=1
# Ended (code 0) at Sat Apr 27 18:56:55 EEST 2024, elapsed time 1 seconds
